[2024-11-25T08:41:24.371+0000] {processor.py:186} INFO - Started process (PID=212) to work on /opt/airflow/dags/api_to_pgdatabase.py
[2024-11-25T08:41:24.373+0000] {processor.py:914} INFO - Processing file /opt/airflow/dags/api_to_pgdatabase.py for tasks to queue
[2024-11-25T08:41:24.377+0000] {logging_mixin.py:190} INFO - [2024-11-25T08:41:24.376+0000] {dagbag.py:588} INFO - Filling up the DagBag from /opt/airflow/dags/api_to_pgdatabase.py
[2024-11-25T08:41:24.428+0000] {processor.py:925} INFO - DAG(s) 'api_to_postgresql_2' retrieved from /opt/airflow/dags/api_to_pgdatabase.py
[2024-11-25T08:41:24.635+0000] {logging_mixin.py:190} INFO - [2024-11-25T08:41:24.634+0000] {override.py:1911} INFO - Created Permission View: can edit on DAG:api_to_postgresql_2
[2024-11-25T08:41:24.653+0000] {logging_mixin.py:190} INFO - [2024-11-25T08:41:24.653+0000] {override.py:1911} INFO - Created Permission View: can delete on DAG:api_to_postgresql_2
[2024-11-25T08:41:24.667+0000] {logging_mixin.py:190} INFO - [2024-11-25T08:41:24.666+0000] {override.py:1911} INFO - Created Permission View: can read on DAG:api_to_postgresql_2
[2024-11-25T08:41:24.700+0000] {logging_mixin.py:190} INFO - [2024-11-25T08:41:24.699+0000] {override.py:1911} INFO - Created Permission View: can create on DAG Run:api_to_postgresql_2
[2024-11-25T08:41:24.719+0000] {logging_mixin.py:190} INFO - [2024-11-25T08:41:24.719+0000] {override.py:1911} INFO - Created Permission View: can delete on DAG Run:api_to_postgresql_2
[2024-11-25T08:41:24.736+0000] {logging_mixin.py:190} INFO - [2024-11-25T08:41:24.736+0000] {override.py:1911} INFO - Created Permission View: menu access on DAG Run:api_to_postgresql_2
[2024-11-25T08:41:24.755+0000] {logging_mixin.py:190} INFO - [2024-11-25T08:41:24.754+0000] {override.py:1911} INFO - Created Permission View: can read on DAG Run:api_to_postgresql_2
[2024-11-25T08:41:24.756+0000] {logging_mixin.py:190} INFO - [2024-11-25T08:41:24.756+0000] {dag.py:3239} INFO - Sync 1 DAGs
[2024-11-25T08:41:24.797+0000] {logging_mixin.py:190} INFO - [2024-11-25T08:41:24.797+0000] {dag.py:3262} INFO - Creating ORM DAG for api_to_postgresql_2
[2024-11-25T08:41:24.827+0000] {logging_mixin.py:190} INFO - [2024-11-25T08:41:24.827+0000] {dag.py:4180} INFO - Setting next_dagrun for api_to_postgresql_2 to 2024-11-24 00:00:00+00:00, run_after=2024-11-25 00:00:00+00:00
[2024-11-25T08:41:24.878+0000] {processor.py:208} INFO - Processing /opt/airflow/dags/api_to_pgdatabase.py took 0.514 seconds
[2024-11-25T08:41:55.260+0000] {processor.py:186} INFO - Started process (PID=514) to work on /opt/airflow/dags/api_to_pgdatabase.py
[2024-11-25T08:41:55.271+0000] {processor.py:914} INFO - Processing file /opt/airflow/dags/api_to_pgdatabase.py for tasks to queue
[2024-11-25T08:41:55.276+0000] {logging_mixin.py:190} INFO - [2024-11-25T08:41:55.275+0000] {dagbag.py:588} INFO - Filling up the DagBag from /opt/airflow/dags/api_to_pgdatabase.py
[2024-11-25T08:41:55.334+0000] {processor.py:925} INFO - DAG(s) 'api_to_postgresql_2' retrieved from /opt/airflow/dags/api_to_pgdatabase.py
[2024-11-25T08:41:55.397+0000] {logging_mixin.py:190} INFO - [2024-11-25T08:41:55.396+0000] {dag.py:3239} INFO - Sync 1 DAGs
[2024-11-25T08:41:55.493+0000] {logging_mixin.py:190} INFO - [2024-11-25T08:41:55.493+0000] {dag.py:4180} INFO - Setting next_dagrun for api_to_postgresql_2 to 2024-11-24 00:00:00+00:00, run_after=2024-11-25 00:00:00+00:00
[2024-11-25T08:41:55.570+0000] {processor.py:208} INFO - Processing /opt/airflow/dags/api_to_pgdatabase.py took 0.327 seconds
[2024-11-25T08:42:25.687+0000] {processor.py:186} INFO - Started process (PID=816) to work on /opt/airflow/dags/api_to_pgdatabase.py
[2024-11-25T08:42:25.689+0000] {processor.py:914} INFO - Processing file /opt/airflow/dags/api_to_pgdatabase.py for tasks to queue
[2024-11-25T08:42:25.693+0000] {logging_mixin.py:190} INFO - [2024-11-25T08:42:25.692+0000] {dagbag.py:588} INFO - Filling up the DagBag from /opt/airflow/dags/api_to_pgdatabase.py
[2024-11-25T08:42:25.726+0000] {processor.py:925} INFO - DAG(s) 'api_to_postgresql_2' retrieved from /opt/airflow/dags/api_to_pgdatabase.py
[2024-11-25T08:42:25.762+0000] {logging_mixin.py:190} INFO - [2024-11-25T08:42:25.760+0000] {dag.py:3239} INFO - Sync 1 DAGs
[2024-11-25T08:42:25.800+0000] {logging_mixin.py:190} INFO - [2024-11-25T08:42:25.800+0000] {dag.py:4180} INFO - Setting next_dagrun for api_to_postgresql_2 to 2024-11-24 00:00:00+00:00, run_after=2024-11-25 00:00:00+00:00
[2024-11-25T08:42:25.832+0000] {processor.py:208} INFO - Processing /opt/airflow/dags/api_to_pgdatabase.py took 0.155 seconds
[2024-11-25T08:42:56.401+0000] {processor.py:186} INFO - Started process (PID=1123) to work on /opt/airflow/dags/api_to_pgdatabase.py
[2024-11-25T08:42:56.403+0000] {processor.py:914} INFO - Processing file /opt/airflow/dags/api_to_pgdatabase.py for tasks to queue
[2024-11-25T08:42:56.408+0000] {logging_mixin.py:190} INFO - [2024-11-25T08:42:56.407+0000] {dagbag.py:588} INFO - Filling up the DagBag from /opt/airflow/dags/api_to_pgdatabase.py
[2024-11-25T08:42:56.440+0000] {processor.py:925} INFO - DAG(s) 'api_to_postgresql_2' retrieved from /opt/airflow/dags/api_to_pgdatabase.py
[2024-11-25T08:42:56.475+0000] {logging_mixin.py:190} INFO - [2024-11-25T08:42:56.475+0000] {dag.py:3239} INFO - Sync 1 DAGs
[2024-11-25T08:42:56.514+0000] {logging_mixin.py:190} INFO - [2024-11-25T08:42:56.514+0000] {dag.py:4180} INFO - Setting next_dagrun for api_to_postgresql_2 to 2024-11-25 00:00:00+00:00, run_after=2024-11-26 00:00:00+00:00
[2024-11-25T08:42:56.536+0000] {processor.py:208} INFO - Processing /opt/airflow/dags/api_to_pgdatabase.py took 0.145 seconds
[2024-11-25T08:43:26.723+0000] {processor.py:186} INFO - Started process (PID=1424) to work on /opt/airflow/dags/api_to_pgdatabase.py
[2024-11-25T08:43:26.724+0000] {processor.py:914} INFO - Processing file /opt/airflow/dags/api_to_pgdatabase.py for tasks to queue
[2024-11-25T08:43:26.729+0000] {logging_mixin.py:190} INFO - [2024-11-25T08:43:26.728+0000] {dagbag.py:588} INFO - Filling up the DagBag from /opt/airflow/dags/api_to_pgdatabase.py
[2024-11-25T08:43:26.750+0000] {processor.py:925} INFO - DAG(s) 'api_to_postgresql_2' retrieved from /opt/airflow/dags/api_to_pgdatabase.py
[2024-11-25T08:43:26.782+0000] {logging_mixin.py:190} INFO - [2024-11-25T08:43:26.782+0000] {dag.py:3239} INFO - Sync 1 DAGs
[2024-11-25T08:43:26.814+0000] {logging_mixin.py:190} INFO - [2024-11-25T08:43:26.813+0000] {dag.py:4180} INFO - Setting next_dagrun for api_to_postgresql_2 to 2024-11-25 00:00:00+00:00, run_after=2024-11-26 00:00:00+00:00
[2024-11-25T08:43:26.837+0000] {processor.py:208} INFO - Processing /opt/airflow/dags/api_to_pgdatabase.py took 0.121 seconds
[2024-11-25T08:43:57.426+0000] {processor.py:186} INFO - Started process (PID=1726) to work on /opt/airflow/dags/api_to_pgdatabase.py
[2024-11-25T08:43:57.427+0000] {processor.py:914} INFO - Processing file /opt/airflow/dags/api_to_pgdatabase.py for tasks to queue
[2024-11-25T08:43:57.430+0000] {logging_mixin.py:190} INFO - [2024-11-25T08:43:57.430+0000] {dagbag.py:588} INFO - Filling up the DagBag from /opt/airflow/dags/api_to_pgdatabase.py
[2024-11-25T08:43:57.451+0000] {processor.py:925} INFO - DAG(s) 'api_to_postgresql_2' retrieved from /opt/airflow/dags/api_to_pgdatabase.py
[2024-11-25T08:43:57.480+0000] {logging_mixin.py:190} INFO - [2024-11-25T08:43:57.479+0000] {dag.py:3239} INFO - Sync 1 DAGs
[2024-11-25T08:43:57.528+0000] {logging_mixin.py:190} INFO - [2024-11-25T08:43:57.528+0000] {dag.py:4180} INFO - Setting next_dagrun for api_to_postgresql_2 to 2024-11-25 00:00:00+00:00, run_after=2024-11-26 00:00:00+00:00
[2024-11-25T08:43:57.561+0000] {processor.py:208} INFO - Processing /opt/airflow/dags/api_to_pgdatabase.py took 0.140 seconds
[2024-11-25T08:44:28.279+0000] {processor.py:186} INFO - Started process (PID=2027) to work on /opt/airflow/dags/api_to_pgdatabase.py
[2024-11-25T08:44:28.280+0000] {processor.py:914} INFO - Processing file /opt/airflow/dags/api_to_pgdatabase.py for tasks to queue
[2024-11-25T08:44:28.282+0000] {logging_mixin.py:190} INFO - [2024-11-25T08:44:28.282+0000] {dagbag.py:588} INFO - Filling up the DagBag from /opt/airflow/dags/api_to_pgdatabase.py
[2024-11-25T08:44:28.301+0000] {processor.py:925} INFO - DAG(s) 'api_to_postgresql_2' retrieved from /opt/airflow/dags/api_to_pgdatabase.py
[2024-11-25T08:44:28.334+0000] {logging_mixin.py:190} INFO - [2024-11-25T08:44:28.334+0000] {dag.py:3239} INFO - Sync 1 DAGs
[2024-11-25T08:44:28.390+0000] {logging_mixin.py:190} INFO - [2024-11-25T08:44:28.389+0000] {dag.py:4180} INFO - Setting next_dagrun for api_to_postgresql_2 to 2024-11-25 00:00:00+00:00, run_after=2024-11-26 00:00:00+00:00
[2024-11-25T08:44:28.448+0000] {processor.py:208} INFO - Processing /opt/airflow/dags/api_to_pgdatabase.py took 0.175 seconds
[2024-11-25T08:44:59.096+0000] {processor.py:186} INFO - Started process (PID=2328) to work on /opt/airflow/dags/api_to_pgdatabase.py
[2024-11-25T08:44:59.098+0000] {processor.py:914} INFO - Processing file /opt/airflow/dags/api_to_pgdatabase.py for tasks to queue
[2024-11-25T08:44:59.105+0000] {logging_mixin.py:190} INFO - [2024-11-25T08:44:59.104+0000] {dagbag.py:588} INFO - Filling up the DagBag from /opt/airflow/dags/api_to_pgdatabase.py
[2024-11-25T08:44:59.161+0000] {processor.py:925} INFO - DAG(s) 'api_to_postgresql_2' retrieved from /opt/airflow/dags/api_to_pgdatabase.py
[2024-11-25T08:44:59.285+0000] {logging_mixin.py:190} INFO - [2024-11-25T08:44:59.284+0000] {dag.py:3239} INFO - Sync 1 DAGs
[2024-11-25T08:44:59.411+0000] {logging_mixin.py:190} INFO - [2024-11-25T08:44:59.410+0000] {dag.py:4180} INFO - Setting next_dagrun for api_to_postgresql_2 to 2024-11-25 00:00:00+00:00, run_after=2024-11-26 00:00:00+00:00
[2024-11-25T08:44:59.516+0000] {processor.py:208} INFO - Processing /opt/airflow/dags/api_to_pgdatabase.py took 0.430 seconds
[2024-11-25T08:45:29.678+0000] {processor.py:186} INFO - Started process (PID=2631) to work on /opt/airflow/dags/api_to_pgdatabase.py
[2024-11-25T08:45:29.679+0000] {processor.py:914} INFO - Processing file /opt/airflow/dags/api_to_pgdatabase.py for tasks to queue
[2024-11-25T08:45:29.681+0000] {logging_mixin.py:190} INFO - [2024-11-25T08:45:29.681+0000] {dagbag.py:588} INFO - Filling up the DagBag from /opt/airflow/dags/api_to_pgdatabase.py
[2024-11-25T08:45:29.701+0000] {processor.py:925} INFO - DAG(s) 'api_to_postgresql_2' retrieved from /opt/airflow/dags/api_to_pgdatabase.py
[2024-11-25T08:45:29.723+0000] {logging_mixin.py:190} INFO - [2024-11-25T08:45:29.722+0000] {dag.py:3239} INFO - Sync 1 DAGs
[2024-11-25T08:45:29.765+0000] {logging_mixin.py:190} INFO - [2024-11-25T08:45:29.765+0000] {dag.py:4180} INFO - Setting next_dagrun for api_to_postgresql_2 to 2024-11-25 00:00:00+00:00, run_after=2024-11-26 00:00:00+00:00
[2024-11-25T08:45:29.790+0000] {processor.py:208} INFO - Processing /opt/airflow/dags/api_to_pgdatabase.py took 0.118 seconds
[2024-11-25T08:45:59.885+0000] {processor.py:186} INFO - Started process (PID=2930) to work on /opt/airflow/dags/api_to_pgdatabase.py
[2024-11-25T08:45:59.886+0000] {processor.py:914} INFO - Processing file /opt/airflow/dags/api_to_pgdatabase.py for tasks to queue
[2024-11-25T08:45:59.890+0000] {logging_mixin.py:190} INFO - [2024-11-25T08:45:59.889+0000] {dagbag.py:588} INFO - Filling up the DagBag from /opt/airflow/dags/api_to_pgdatabase.py
[2024-11-25T08:45:59.914+0000] {processor.py:925} INFO - DAG(s) 'api_to_postgresql_2' retrieved from /opt/airflow/dags/api_to_pgdatabase.py
[2024-11-25T08:45:59.969+0000] {logging_mixin.py:190} INFO - [2024-11-25T08:45:59.969+0000] {dag.py:3239} INFO - Sync 1 DAGs
[2024-11-25T08:46:00.025+0000] {logging_mixin.py:190} INFO - [2024-11-25T08:46:00.024+0000] {dag.py:4180} INFO - Setting next_dagrun for api_to_postgresql_2 to 2024-11-25 00:00:00+00:00, run_after=2024-11-26 00:00:00+00:00
[2024-11-25T08:46:00.057+0000] {processor.py:208} INFO - Processing /opt/airflow/dags/api_to_pgdatabase.py took 0.179 seconds
[2024-11-25T08:46:30.335+0000] {processor.py:186} INFO - Started process (PID=3231) to work on /opt/airflow/dags/api_to_pgdatabase.py
[2024-11-25T08:46:30.339+0000] {processor.py:914} INFO - Processing file /opt/airflow/dags/api_to_pgdatabase.py for tasks to queue
[2024-11-25T08:46:30.345+0000] {logging_mixin.py:190} INFO - [2024-11-25T08:46:30.344+0000] {dagbag.py:588} INFO - Filling up the DagBag from /opt/airflow/dags/api_to_pgdatabase.py
[2024-11-25T08:46:30.466+0000] {processor.py:925} INFO - DAG(s) 'api_to_postgresql_2' retrieved from /opt/airflow/dags/api_to_pgdatabase.py
[2024-11-25T08:46:30.534+0000] {logging_mixin.py:190} INFO - [2024-11-25T08:46:30.533+0000] {dag.py:3239} INFO - Sync 1 DAGs
[2024-11-25T08:46:30.638+0000] {logging_mixin.py:190} INFO - [2024-11-25T08:46:30.637+0000] {dag.py:4180} INFO - Setting next_dagrun for api_to_postgresql_2 to 2024-11-25 00:00:00+00:00, run_after=2024-11-26 00:00:00+00:00
[2024-11-25T08:46:30.712+0000] {processor.py:208} INFO - Processing /opt/airflow/dags/api_to_pgdatabase.py took 0.397 seconds
[2024-11-25T08:47:01.059+0000] {processor.py:186} INFO - Started process (PID=3533) to work on /opt/airflow/dags/api_to_pgdatabase.py
[2024-11-25T08:47:01.061+0000] {processor.py:914} INFO - Processing file /opt/airflow/dags/api_to_pgdatabase.py for tasks to queue
[2024-11-25T08:47:01.064+0000] {logging_mixin.py:190} INFO - [2024-11-25T08:47:01.063+0000] {dagbag.py:588} INFO - Filling up the DagBag from /opt/airflow/dags/api_to_pgdatabase.py
[2024-11-25T08:47:01.086+0000] {processor.py:925} INFO - DAG(s) 'api_to_postgresql_2' retrieved from /opt/airflow/dags/api_to_pgdatabase.py
[2024-11-25T08:47:01.113+0000] {logging_mixin.py:190} INFO - [2024-11-25T08:47:01.113+0000] {dag.py:3239} INFO - Sync 1 DAGs
[2024-11-25T08:47:01.153+0000] {logging_mixin.py:190} INFO - [2024-11-25T08:47:01.152+0000] {dag.py:4180} INFO - Setting next_dagrun for api_to_postgresql_2 to 2024-11-25 00:00:00+00:00, run_after=2024-11-26 00:00:00+00:00
[2024-11-25T08:47:01.182+0000] {processor.py:208} INFO - Processing /opt/airflow/dags/api_to_pgdatabase.py took 0.130 seconds
[2024-11-25T08:47:31.695+0000] {processor.py:186} INFO - Started process (PID=3834) to work on /opt/airflow/dags/api_to_pgdatabase.py
[2024-11-25T08:47:31.696+0000] {processor.py:914} INFO - Processing file /opt/airflow/dags/api_to_pgdatabase.py for tasks to queue
[2024-11-25T08:47:31.699+0000] {logging_mixin.py:190} INFO - [2024-11-25T08:47:31.698+0000] {dagbag.py:588} INFO - Filling up the DagBag from /opt/airflow/dags/api_to_pgdatabase.py
[2024-11-25T08:47:31.721+0000] {processor.py:925} INFO - DAG(s) 'api_to_postgresql_2' retrieved from /opt/airflow/dags/api_to_pgdatabase.py
[2024-11-25T08:47:31.750+0000] {logging_mixin.py:190} INFO - [2024-11-25T08:47:31.749+0000] {dag.py:3239} INFO - Sync 1 DAGs
[2024-11-25T08:47:31.784+0000] {logging_mixin.py:190} INFO - [2024-11-25T08:47:31.783+0000] {dag.py:4180} INFO - Setting next_dagrun for api_to_postgresql_2 to 2024-11-25 00:00:00+00:00, run_after=2024-11-26 00:00:00+00:00
[2024-11-25T08:47:31.812+0000] {processor.py:208} INFO - Processing /opt/airflow/dags/api_to_pgdatabase.py took 0.126 seconds
[2024-11-25T08:48:02.378+0000] {processor.py:186} INFO - Started process (PID=4135) to work on /opt/airflow/dags/api_to_pgdatabase.py
[2024-11-25T08:48:02.379+0000] {processor.py:914} INFO - Processing file /opt/airflow/dags/api_to_pgdatabase.py for tasks to queue
[2024-11-25T08:48:02.382+0000] {logging_mixin.py:190} INFO - [2024-11-25T08:48:02.381+0000] {dagbag.py:588} INFO - Filling up the DagBag from /opt/airflow/dags/api_to_pgdatabase.py
[2024-11-25T08:48:02.402+0000] {processor.py:925} INFO - DAG(s) 'api_to_postgresql_2' retrieved from /opt/airflow/dags/api_to_pgdatabase.py
[2024-11-25T08:48:02.433+0000] {logging_mixin.py:190} INFO - [2024-11-25T08:48:02.433+0000] {dag.py:3239} INFO - Sync 1 DAGs
[2024-11-25T08:48:02.459+0000] {logging_mixin.py:190} INFO - [2024-11-25T08:48:02.458+0000] {dag.py:4180} INFO - Setting next_dagrun for api_to_postgresql_2 to 2024-11-25 00:00:00+00:00, run_after=2024-11-26 00:00:00+00:00
[2024-11-25T08:48:02.481+0000] {processor.py:208} INFO - Processing /opt/airflow/dags/api_to_pgdatabase.py took 0.109 seconds
[2024-11-25T08:48:32.747+0000] {processor.py:186} INFO - Started process (PID=4436) to work on /opt/airflow/dags/api_to_pgdatabase.py
[2024-11-25T08:48:32.749+0000] {processor.py:914} INFO - Processing file /opt/airflow/dags/api_to_pgdatabase.py for tasks to queue
[2024-11-25T08:48:32.754+0000] {logging_mixin.py:190} INFO - [2024-11-25T08:48:32.753+0000] {dagbag.py:588} INFO - Filling up the DagBag from /opt/airflow/dags/api_to_pgdatabase.py
[2024-11-25T08:48:32.786+0000] {processor.py:925} INFO - DAG(s) 'api_to_postgresql_2' retrieved from /opt/airflow/dags/api_to_pgdatabase.py
[2024-11-25T08:48:32.820+0000] {logging_mixin.py:190} INFO - [2024-11-25T08:48:32.820+0000] {dag.py:3239} INFO - Sync 1 DAGs
[2024-11-25T08:48:32.861+0000] {logging_mixin.py:190} INFO - [2024-11-25T08:48:32.860+0000] {dag.py:4180} INFO - Setting next_dagrun for api_to_postgresql_2 to 2024-11-25 00:00:00+00:00, run_after=2024-11-26 00:00:00+00:00
[2024-11-25T08:48:32.893+0000] {processor.py:208} INFO - Processing /opt/airflow/dags/api_to_pgdatabase.py took 0.155 seconds
[2024-11-25T08:49:03.619+0000] {processor.py:186} INFO - Started process (PID=4732) to work on /opt/airflow/dags/api_to_pgdatabase.py
[2024-11-25T08:49:03.621+0000] {processor.py:914} INFO - Processing file /opt/airflow/dags/api_to_pgdatabase.py for tasks to queue
[2024-11-25T08:49:03.624+0000] {logging_mixin.py:190} INFO - [2024-11-25T08:49:03.624+0000] {dagbag.py:588} INFO - Filling up the DagBag from /opt/airflow/dags/api_to_pgdatabase.py
[2024-11-25T08:49:03.648+0000] {processor.py:925} INFO - DAG(s) 'api_to_postgresql_2' retrieved from /opt/airflow/dags/api_to_pgdatabase.py
[2024-11-25T08:49:03.693+0000] {logging_mixin.py:190} INFO - [2024-11-25T08:49:03.692+0000] {dag.py:3239} INFO - Sync 1 DAGs
[2024-11-25T08:49:03.740+0000] {logging_mixin.py:190} INFO - [2024-11-25T08:49:03.739+0000] {dag.py:4180} INFO - Setting next_dagrun for api_to_postgresql_2 to 2024-11-25 00:00:00+00:00, run_after=2024-11-26 00:00:00+00:00
[2024-11-25T08:49:03.801+0000] {processor.py:208} INFO - Processing /opt/airflow/dags/api_to_pgdatabase.py took 0.192 seconds
[2024-11-25T08:49:34.280+0000] {processor.py:186} INFO - Started process (PID=5033) to work on /opt/airflow/dags/api_to_pgdatabase.py
[2024-11-25T08:49:34.281+0000] {processor.py:914} INFO - Processing file /opt/airflow/dags/api_to_pgdatabase.py for tasks to queue
[2024-11-25T08:49:34.284+0000] {logging_mixin.py:190} INFO - [2024-11-25T08:49:34.283+0000] {dagbag.py:588} INFO - Filling up the DagBag from /opt/airflow/dags/api_to_pgdatabase.py
[2024-11-25T08:49:34.313+0000] {processor.py:925} INFO - DAG(s) 'api_to_postgresql_2' retrieved from /opt/airflow/dags/api_to_pgdatabase.py
[2024-11-25T08:49:34.341+0000] {logging_mixin.py:190} INFO - [2024-11-25T08:49:34.341+0000] {dag.py:3239} INFO - Sync 1 DAGs
[2024-11-25T08:49:34.374+0000] {logging_mixin.py:190} INFO - [2024-11-25T08:49:34.374+0000] {dag.py:4180} INFO - Setting next_dagrun for api_to_postgresql_2 to 2024-11-25 00:00:00+00:00, run_after=2024-11-26 00:00:00+00:00
[2024-11-25T08:49:34.399+0000] {processor.py:208} INFO - Processing /opt/airflow/dags/api_to_pgdatabase.py took 0.127 seconds
[2024-11-25T08:50:04.920+0000] {processor.py:186} INFO - Started process (PID=5334) to work on /opt/airflow/dags/api_to_pgdatabase.py
[2024-11-25T08:50:04.922+0000] {processor.py:914} INFO - Processing file /opt/airflow/dags/api_to_pgdatabase.py for tasks to queue
[2024-11-25T08:50:04.928+0000] {logging_mixin.py:190} INFO - [2024-11-25T08:50:04.928+0000] {dagbag.py:588} INFO - Filling up the DagBag from /opt/airflow/dags/api_to_pgdatabase.py
[2024-11-25T08:50:04.998+0000] {processor.py:925} INFO - DAG(s) 'api_to_postgresql_2' retrieved from /opt/airflow/dags/api_to_pgdatabase.py
[2024-11-25T08:50:05.095+0000] {logging_mixin.py:190} INFO - [2024-11-25T08:50:05.094+0000] {dag.py:3239} INFO - Sync 1 DAGs
[2024-11-25T08:50:05.126+0000] {logging_mixin.py:190} INFO - [2024-11-25T08:50:05.126+0000] {dag.py:4180} INFO - Setting next_dagrun for api_to_postgresql_2 to 2024-11-25 00:00:00+00:00, run_after=2024-11-26 00:00:00+00:00
[2024-11-25T08:50:05.149+0000] {processor.py:208} INFO - Processing /opt/airflow/dags/api_to_pgdatabase.py took 0.243 seconds
[2024-11-25T08:50:37.053+0000] {processor.py:186} INFO - Started process (PID=5637) to work on /opt/airflow/dags/api_to_pgdatabase.py
[2024-11-25T08:50:37.056+0000] {processor.py:914} INFO - Processing file /opt/airflow/dags/api_to_pgdatabase.py for tasks to queue
[2024-11-25T08:50:37.063+0000] {logging_mixin.py:190} INFO - [2024-11-25T08:50:37.062+0000] {dagbag.py:588} INFO - Filling up the DagBag from /opt/airflow/dags/api_to_pgdatabase.py
[2024-11-25T08:50:37.128+0000] {processor.py:925} INFO - DAG(s) 'api_to_postgresql_2' retrieved from /opt/airflow/dags/api_to_pgdatabase.py
[2024-11-25T08:50:37.229+0000] {logging_mixin.py:190} INFO - [2024-11-25T08:50:37.226+0000] {dag.py:3239} INFO - Sync 1 DAGs
[2024-11-25T08:50:37.319+0000] {logging_mixin.py:190} INFO - [2024-11-25T08:50:37.319+0000] {dag.py:4180} INFO - Setting next_dagrun for api_to_postgresql_2 to 2024-11-25 00:00:00+00:00, run_after=2024-11-26 00:00:00+00:00
[2024-11-25T08:50:37.357+0000] {processor.py:208} INFO - Processing /opt/airflow/dags/api_to_pgdatabase.py took 0.315 seconds
[2024-11-25T08:51:07.816+0000] {processor.py:186} INFO - Started process (PID=5894) to work on /opt/airflow/dags/api_to_pgdatabase.py
[2024-11-25T08:51:07.818+0000] {processor.py:914} INFO - Processing file /opt/airflow/dags/api_to_pgdatabase.py for tasks to queue
[2024-11-25T08:51:07.822+0000] {logging_mixin.py:190} INFO - [2024-11-25T08:51:07.821+0000] {dagbag.py:588} INFO - Filling up the DagBag from /opt/airflow/dags/api_to_pgdatabase.py
[2024-11-25T08:51:07.845+0000] {processor.py:925} INFO - DAG(s) 'api_to_postgresql_2' retrieved from /opt/airflow/dags/api_to_pgdatabase.py
[2024-11-25T08:51:07.870+0000] {logging_mixin.py:190} INFO - [2024-11-25T08:51:07.870+0000] {dag.py:3239} INFO - Sync 1 DAGs
[2024-11-25T08:51:07.895+0000] {logging_mixin.py:190} INFO - [2024-11-25T08:51:07.895+0000] {dag.py:4180} INFO - Setting next_dagrun for api_to_postgresql_2 to 2024-11-25 00:00:00+00:00, run_after=2024-11-26 00:00:00+00:00
[2024-11-25T08:51:07.915+0000] {processor.py:208} INFO - Processing /opt/airflow/dags/api_to_pgdatabase.py took 0.105 seconds
[2024-11-25T08:51:38.843+0000] {processor.py:186} INFO - Started process (PID=6191) to work on /opt/airflow/dags/api_to_pgdatabase.py
[2024-11-25T08:51:38.845+0000] {processor.py:914} INFO - Processing file /opt/airflow/dags/api_to_pgdatabase.py for tasks to queue
[2024-11-25T08:51:38.848+0000] {logging_mixin.py:190} INFO - [2024-11-25T08:51:38.848+0000] {dagbag.py:588} INFO - Filling up the DagBag from /opt/airflow/dags/api_to_pgdatabase.py
[2024-11-25T08:51:38.877+0000] {processor.py:925} INFO - DAG(s) 'api_to_postgresql_2' retrieved from /opt/airflow/dags/api_to_pgdatabase.py
[2024-11-25T08:51:38.909+0000] {logging_mixin.py:190} INFO - [2024-11-25T08:51:38.909+0000] {dag.py:3239} INFO - Sync 1 DAGs
[2024-11-25T08:51:38.948+0000] {logging_mixin.py:190} INFO - [2024-11-25T08:51:38.948+0000] {dag.py:4180} INFO - Setting next_dagrun for api_to_postgresql_2 to 2024-11-25 00:00:00+00:00, run_after=2024-11-26 00:00:00+00:00
[2024-11-25T08:51:38.972+0000] {processor.py:208} INFO - Processing /opt/airflow/dags/api_to_pgdatabase.py took 0.139 seconds
[2024-11-25T08:52:09.163+0000] {processor.py:186} INFO - Started process (PID=6482) to work on /opt/airflow/dags/api_to_pgdatabase.py
[2024-11-25T08:52:09.164+0000] {processor.py:914} INFO - Processing file /opt/airflow/dags/api_to_pgdatabase.py for tasks to queue
[2024-11-25T08:52:09.168+0000] {logging_mixin.py:190} INFO - [2024-11-25T08:52:09.167+0000] {dagbag.py:588} INFO - Filling up the DagBag from /opt/airflow/dags/api_to_pgdatabase.py
[2024-11-25T08:52:09.200+0000] {processor.py:925} INFO - DAG(s) 'api_to_postgresql_2' retrieved from /opt/airflow/dags/api_to_pgdatabase.py
[2024-11-25T08:52:09.232+0000] {logging_mixin.py:190} INFO - [2024-11-25T08:52:09.232+0000] {dag.py:3239} INFO - Sync 1 DAGs
[2024-11-25T08:52:09.268+0000] {logging_mixin.py:190} INFO - [2024-11-25T08:52:09.267+0000] {dag.py:4180} INFO - Setting next_dagrun for api_to_postgresql_2 to 2024-11-25 00:00:00+00:00, run_after=2024-11-26 00:00:00+00:00
[2024-11-25T08:52:09.294+0000] {processor.py:208} INFO - Processing /opt/airflow/dags/api_to_pgdatabase.py took 0.139 seconds
[2024-11-25T08:52:39.497+0000] {processor.py:186} INFO - Started process (PID=6783) to work on /opt/airflow/dags/api_to_pgdatabase.py
[2024-11-25T08:52:39.498+0000] {processor.py:914} INFO - Processing file /opt/airflow/dags/api_to_pgdatabase.py for tasks to queue
[2024-11-25T08:52:39.500+0000] {logging_mixin.py:190} INFO - [2024-11-25T08:52:39.500+0000] {dagbag.py:588} INFO - Filling up the DagBag from /opt/airflow/dags/api_to_pgdatabase.py
[2024-11-25T08:52:39.518+0000] {processor.py:925} INFO - DAG(s) 'api_to_postgresql_2' retrieved from /opt/airflow/dags/api_to_pgdatabase.py
[2024-11-25T08:52:39.541+0000] {logging_mixin.py:190} INFO - [2024-11-25T08:52:39.541+0000] {dag.py:3239} INFO - Sync 1 DAGs
[2024-11-25T08:52:39.566+0000] {logging_mixin.py:190} INFO - [2024-11-25T08:52:39.566+0000] {dag.py:4180} INFO - Setting next_dagrun for api_to_postgresql_2 to 2024-11-25 00:00:00+00:00, run_after=2024-11-26 00:00:00+00:00
[2024-11-25T08:52:39.592+0000] {processor.py:208} INFO - Processing /opt/airflow/dags/api_to_pgdatabase.py took 0.103 seconds
[2024-11-25T08:53:10.208+0000] {processor.py:186} INFO - Started process (PID=7079) to work on /opt/airflow/dags/api_to_pgdatabase.py
[2024-11-25T08:53:10.209+0000] {processor.py:914} INFO - Processing file /opt/airflow/dags/api_to_pgdatabase.py for tasks to queue
[2024-11-25T08:53:10.211+0000] {logging_mixin.py:190} INFO - [2024-11-25T08:53:10.211+0000] {dagbag.py:588} INFO - Filling up the DagBag from /opt/airflow/dags/api_to_pgdatabase.py
[2024-11-25T08:53:10.228+0000] {processor.py:925} INFO - DAG(s) 'api_to_postgresql_2' retrieved from /opt/airflow/dags/api_to_pgdatabase.py
[2024-11-25T08:53:10.252+0000] {logging_mixin.py:190} INFO - [2024-11-25T08:53:10.252+0000] {dag.py:3239} INFO - Sync 1 DAGs
[2024-11-25T08:53:10.279+0000] {logging_mixin.py:190} INFO - [2024-11-25T08:53:10.279+0000] {dag.py:4180} INFO - Setting next_dagrun for api_to_postgresql_2 to 2024-11-25 00:00:00+00:00, run_after=2024-11-26 00:00:00+00:00
[2024-11-25T08:53:10.302+0000] {processor.py:208} INFO - Processing /opt/airflow/dags/api_to_pgdatabase.py took 0.099 seconds
[2024-11-25T08:53:40.383+0000] {processor.py:186} INFO - Started process (PID=7380) to work on /opt/airflow/dags/api_to_pgdatabase.py
[2024-11-25T08:53:40.384+0000] {processor.py:914} INFO - Processing file /opt/airflow/dags/api_to_pgdatabase.py for tasks to queue
[2024-11-25T08:53:40.387+0000] {logging_mixin.py:190} INFO - [2024-11-25T08:53:40.387+0000] {dagbag.py:588} INFO - Filling up the DagBag from /opt/airflow/dags/api_to_pgdatabase.py
[2024-11-25T08:53:40.408+0000] {processor.py:925} INFO - DAG(s) 'api_to_postgresql_2' retrieved from /opt/airflow/dags/api_to_pgdatabase.py
[2024-11-25T08:53:40.436+0000] {logging_mixin.py:190} INFO - [2024-11-25T08:53:40.436+0000] {dag.py:3239} INFO - Sync 1 DAGs
[2024-11-25T08:53:40.466+0000] {logging_mixin.py:190} INFO - [2024-11-25T08:53:40.466+0000] {dag.py:4180} INFO - Setting next_dagrun for api_to_postgresql_2 to 2024-11-25 00:00:00+00:00, run_after=2024-11-26 00:00:00+00:00
[2024-11-25T08:53:40.488+0000] {processor.py:208} INFO - Processing /opt/airflow/dags/api_to_pgdatabase.py took 0.112 seconds
[2024-11-25T08:54:10.554+0000] {processor.py:186} INFO - Started process (PID=7681) to work on /opt/airflow/dags/api_to_pgdatabase.py
[2024-11-25T08:54:10.555+0000] {processor.py:914} INFO - Processing file /opt/airflow/dags/api_to_pgdatabase.py for tasks to queue
[2024-11-25T08:54:10.559+0000] {logging_mixin.py:190} INFO - [2024-11-25T08:54:10.559+0000] {dagbag.py:588} INFO - Filling up the DagBag from /opt/airflow/dags/api_to_pgdatabase.py
[2024-11-25T08:54:10.584+0000] {processor.py:925} INFO - DAG(s) 'api_to_postgresql_2' retrieved from /opt/airflow/dags/api_to_pgdatabase.py
[2024-11-25T08:54:10.615+0000] {logging_mixin.py:190} INFO - [2024-11-25T08:54:10.614+0000] {dag.py:3239} INFO - Sync 1 DAGs
[2024-11-25T08:54:10.642+0000] {logging_mixin.py:190} INFO - [2024-11-25T08:54:10.642+0000] {dag.py:4180} INFO - Setting next_dagrun for api_to_postgresql_2 to 2024-11-25 00:00:00+00:00, run_after=2024-11-26 00:00:00+00:00
[2024-11-25T08:54:10.661+0000] {processor.py:208} INFO - Processing /opt/airflow/dags/api_to_pgdatabase.py took 0.118 seconds
[2024-11-25T08:54:40.802+0000] {processor.py:186} INFO - Started process (PID=7982) to work on /opt/airflow/dags/api_to_pgdatabase.py
[2024-11-25T08:54:40.803+0000] {processor.py:914} INFO - Processing file /opt/airflow/dags/api_to_pgdatabase.py for tasks to queue
[2024-11-25T08:54:40.807+0000] {logging_mixin.py:190} INFO - [2024-11-25T08:54:40.806+0000] {dagbag.py:588} INFO - Filling up the DagBag from /opt/airflow/dags/api_to_pgdatabase.py
[2024-11-25T08:54:40.826+0000] {processor.py:925} INFO - DAG(s) 'api_to_postgresql_2' retrieved from /opt/airflow/dags/api_to_pgdatabase.py
[2024-11-25T08:54:40.854+0000] {logging_mixin.py:190} INFO - [2024-11-25T08:54:40.854+0000] {dag.py:3239} INFO - Sync 1 DAGs
[2024-11-25T08:54:40.885+0000] {logging_mixin.py:190} INFO - [2024-11-25T08:54:40.885+0000] {dag.py:4180} INFO - Setting next_dagrun for api_to_postgresql_2 to 2024-11-25 00:00:00+00:00, run_after=2024-11-26 00:00:00+00:00
[2024-11-25T08:54:40.911+0000] {processor.py:208} INFO - Processing /opt/airflow/dags/api_to_pgdatabase.py took 0.119 seconds
[2024-11-25T08:55:11.956+0000] {processor.py:186} INFO - Started process (PID=8283) to work on /opt/airflow/dags/api_to_pgdatabase.py
[2024-11-25T08:55:11.960+0000] {processor.py:914} INFO - Processing file /opt/airflow/dags/api_to_pgdatabase.py for tasks to queue
[2024-11-25T08:55:11.985+0000] {logging_mixin.py:190} INFO - [2024-11-25T08:55:11.979+0000] {dagbag.py:588} INFO - Filling up the DagBag from /opt/airflow/dags/api_to_pgdatabase.py
[2024-11-25T08:55:12.074+0000] {processor.py:925} INFO - DAG(s) 'api_to_postgresql_2' retrieved from /opt/airflow/dags/api_to_pgdatabase.py
[2024-11-25T08:55:12.279+0000] {logging_mixin.py:190} INFO - [2024-11-25T08:55:12.278+0000] {dag.py:3239} INFO - Sync 1 DAGs
[2024-11-25T08:55:12.469+0000] {logging_mixin.py:190} INFO - [2024-11-25T08:55:12.468+0000] {dag.py:4180} INFO - Setting next_dagrun for api_to_postgresql_2 to 2024-11-25 00:00:00+00:00, run_after=2024-11-26 00:00:00+00:00
[2024-11-25T08:55:12.586+0000] {processor.py:208} INFO - Processing /opt/airflow/dags/api_to_pgdatabase.py took 0.679 seconds
[2024-11-25T08:55:42.681+0000] {processor.py:186} INFO - Started process (PID=8587) to work on /opt/airflow/dags/api_to_pgdatabase.py
[2024-11-25T08:55:42.682+0000] {processor.py:914} INFO - Processing file /opt/airflow/dags/api_to_pgdatabase.py for tasks to queue
[2024-11-25T08:55:42.685+0000] {logging_mixin.py:190} INFO - [2024-11-25T08:55:42.684+0000] {dagbag.py:588} INFO - Filling up the DagBag from /opt/airflow/dags/api_to_pgdatabase.py
[2024-11-25T08:55:42.704+0000] {processor.py:925} INFO - DAG(s) 'api_to_postgresql_2' retrieved from /opt/airflow/dags/api_to_pgdatabase.py
[2024-11-25T08:55:42.725+0000] {logging_mixin.py:190} INFO - [2024-11-25T08:55:42.725+0000] {dag.py:3239} INFO - Sync 1 DAGs
[2024-11-25T08:55:42.748+0000] {logging_mixin.py:190} INFO - [2024-11-25T08:55:42.748+0000] {dag.py:4180} INFO - Setting next_dagrun for api_to_postgresql_2 to 2024-11-25 00:00:00+00:00, run_after=2024-11-26 00:00:00+00:00
[2024-11-25T08:55:42.772+0000] {processor.py:208} INFO - Processing /opt/airflow/dags/api_to_pgdatabase.py took 0.096 seconds
[2024-11-25T08:56:13.412+0000] {processor.py:186} INFO - Started process (PID=8882) to work on /opt/airflow/dags/api_to_pgdatabase.py
[2024-11-25T08:56:13.413+0000] {processor.py:914} INFO - Processing file /opt/airflow/dags/api_to_pgdatabase.py for tasks to queue
[2024-11-25T08:56:13.416+0000] {logging_mixin.py:190} INFO - [2024-11-25T08:56:13.415+0000] {dagbag.py:588} INFO - Filling up the DagBag from /opt/airflow/dags/api_to_pgdatabase.py
[2024-11-25T08:56:13.442+0000] {processor.py:925} INFO - DAG(s) 'api_to_postgresql_2' retrieved from /opt/airflow/dags/api_to_pgdatabase.py
[2024-11-25T08:56:13.473+0000] {logging_mixin.py:190} INFO - [2024-11-25T08:56:13.473+0000] {dag.py:3239} INFO - Sync 1 DAGs
[2024-11-25T08:56:13.505+0000] {logging_mixin.py:190} INFO - [2024-11-25T08:56:13.504+0000] {dag.py:4180} INFO - Setting next_dagrun for api_to_postgresql_2 to 2024-11-25 00:00:00+00:00, run_after=2024-11-26 00:00:00+00:00
[2024-11-25T08:56:13.537+0000] {processor.py:208} INFO - Processing /opt/airflow/dags/api_to_pgdatabase.py took 0.131 seconds
[2024-11-25T08:56:43.825+0000] {processor.py:186} INFO - Started process (PID=9183) to work on /opt/airflow/dags/api_to_pgdatabase.py
[2024-11-25T08:56:43.826+0000] {processor.py:914} INFO - Processing file /opt/airflow/dags/api_to_pgdatabase.py for tasks to queue
[2024-11-25T08:56:43.828+0000] {logging_mixin.py:190} INFO - [2024-11-25T08:56:43.828+0000] {dagbag.py:588} INFO - Filling up the DagBag from /opt/airflow/dags/api_to_pgdatabase.py
[2024-11-25T08:56:43.848+0000] {processor.py:925} INFO - DAG(s) 'api_to_postgresql_2' retrieved from /opt/airflow/dags/api_to_pgdatabase.py
[2024-11-25T08:56:43.871+0000] {logging_mixin.py:190} INFO - [2024-11-25T08:56:43.871+0000] {dag.py:3239} INFO - Sync 1 DAGs
[2024-11-25T08:56:43.900+0000] {logging_mixin.py:190} INFO - [2024-11-25T08:56:43.900+0000] {dag.py:4180} INFO - Setting next_dagrun for api_to_postgresql_2 to 2024-11-25 00:00:00+00:00, run_after=2024-11-26 00:00:00+00:00
[2024-11-25T08:56:43.923+0000] {processor.py:208} INFO - Processing /opt/airflow/dags/api_to_pgdatabase.py took 0.103 seconds
[2024-11-25T08:57:14.058+0000] {processor.py:186} INFO - Started process (PID=9484) to work on /opt/airflow/dags/api_to_pgdatabase.py
[2024-11-25T08:57:14.060+0000] {processor.py:914} INFO - Processing file /opt/airflow/dags/api_to_pgdatabase.py for tasks to queue
[2024-11-25T08:57:14.062+0000] {logging_mixin.py:190} INFO - [2024-11-25T08:57:14.062+0000] {dagbag.py:588} INFO - Filling up the DagBag from /opt/airflow/dags/api_to_pgdatabase.py
[2024-11-25T08:57:14.083+0000] {processor.py:925} INFO - DAG(s) 'api_to_postgresql_2' retrieved from /opt/airflow/dags/api_to_pgdatabase.py
[2024-11-25T08:57:14.105+0000] {logging_mixin.py:190} INFO - [2024-11-25T08:57:14.105+0000] {dag.py:3239} INFO - Sync 1 DAGs
[2024-11-25T08:57:14.131+0000] {logging_mixin.py:190} INFO - [2024-11-25T08:57:14.130+0000] {dag.py:4180} INFO - Setting next_dagrun for api_to_postgresql_2 to 2024-11-25 00:00:00+00:00, run_after=2024-11-26 00:00:00+00:00
[2024-11-25T08:57:14.153+0000] {processor.py:208} INFO - Processing /opt/airflow/dags/api_to_pgdatabase.py took 0.104 seconds
[2024-11-25T08:57:44.351+0000] {processor.py:186} INFO - Started process (PID=9785) to work on /opt/airflow/dags/api_to_pgdatabase.py
[2024-11-25T08:57:44.352+0000] {processor.py:914} INFO - Processing file /opt/airflow/dags/api_to_pgdatabase.py for tasks to queue
[2024-11-25T08:57:44.354+0000] {logging_mixin.py:190} INFO - [2024-11-25T08:57:44.354+0000] {dagbag.py:588} INFO - Filling up the DagBag from /opt/airflow/dags/api_to_pgdatabase.py
[2024-11-25T08:57:44.373+0000] {processor.py:925} INFO - DAG(s) 'api_to_postgresql_2' retrieved from /opt/airflow/dags/api_to_pgdatabase.py
[2024-11-25T08:57:44.398+0000] {logging_mixin.py:190} INFO - [2024-11-25T08:57:44.398+0000] {dag.py:3239} INFO - Sync 1 DAGs
[2024-11-25T08:57:44.436+0000] {logging_mixin.py:190} INFO - [2024-11-25T08:57:44.436+0000] {dag.py:4180} INFO - Setting next_dagrun for api_to_postgresql_2 to 2024-11-25 00:00:00+00:00, run_after=2024-11-26 00:00:00+00:00
[2024-11-25T08:57:44.466+0000] {processor.py:208} INFO - Processing /opt/airflow/dags/api_to_pgdatabase.py took 0.120 seconds
[2024-11-25T08:58:14.622+0000] {processor.py:186} INFO - Started process (PID=10086) to work on /opt/airflow/dags/api_to_pgdatabase.py
[2024-11-25T08:58:14.623+0000] {processor.py:914} INFO - Processing file /opt/airflow/dags/api_to_pgdatabase.py for tasks to queue
[2024-11-25T08:58:14.625+0000] {logging_mixin.py:190} INFO - [2024-11-25T08:58:14.624+0000] {dagbag.py:588} INFO - Filling up the DagBag from /opt/airflow/dags/api_to_pgdatabase.py
[2024-11-25T08:58:14.643+0000] {processor.py:925} INFO - DAG(s) 'api_to_postgresql_2' retrieved from /opt/airflow/dags/api_to_pgdatabase.py
[2024-11-25T08:58:14.668+0000] {logging_mixin.py:190} INFO - [2024-11-25T08:58:14.668+0000] {dag.py:3239} INFO - Sync 1 DAGs
[2024-11-25T08:58:14.697+0000] {logging_mixin.py:190} INFO - [2024-11-25T08:58:14.697+0000] {dag.py:4180} INFO - Setting next_dagrun for api_to_postgresql_2 to 2024-11-25 00:00:00+00:00, run_after=2024-11-26 00:00:00+00:00
[2024-11-25T08:58:14.722+0000] {processor.py:208} INFO - Processing /opt/airflow/dags/api_to_pgdatabase.py took 0.106 seconds
[2024-11-25T08:58:45.095+0000] {processor.py:186} INFO - Started process (PID=10387) to work on /opt/airflow/dags/api_to_pgdatabase.py
[2024-11-25T08:58:45.097+0000] {processor.py:914} INFO - Processing file /opt/airflow/dags/api_to_pgdatabase.py for tasks to queue
[2024-11-25T08:58:45.100+0000] {logging_mixin.py:190} INFO - [2024-11-25T08:58:45.100+0000] {dagbag.py:588} INFO - Filling up the DagBag from /opt/airflow/dags/api_to_pgdatabase.py
[2024-11-25T08:58:45.120+0000] {processor.py:925} INFO - DAG(s) 'api_to_postgresql_2' retrieved from /opt/airflow/dags/api_to_pgdatabase.py
[2024-11-25T08:58:45.144+0000] {logging_mixin.py:190} INFO - [2024-11-25T08:58:45.144+0000] {dag.py:3239} INFO - Sync 1 DAGs
[2024-11-25T08:58:45.182+0000] {logging_mixin.py:190} INFO - [2024-11-25T08:58:45.182+0000] {dag.py:4180} INFO - Setting next_dagrun for api_to_postgresql_2 to 2024-11-25 00:00:00+00:00, run_after=2024-11-26 00:00:00+00:00
[2024-11-25T08:58:45.214+0000] {processor.py:208} INFO - Processing /opt/airflow/dags/api_to_pgdatabase.py took 0.126 seconds
[2024-11-25T08:59:15.443+0000] {processor.py:186} INFO - Started process (PID=10688) to work on /opt/airflow/dags/api_to_pgdatabase.py
[2024-11-25T08:59:15.444+0000] {processor.py:914} INFO - Processing file /opt/airflow/dags/api_to_pgdatabase.py for tasks to queue
[2024-11-25T08:59:15.448+0000] {logging_mixin.py:190} INFO - [2024-11-25T08:59:15.447+0000] {dagbag.py:588} INFO - Filling up the DagBag from /opt/airflow/dags/api_to_pgdatabase.py
[2024-11-25T08:59:15.472+0000] {processor.py:925} INFO - DAG(s) 'api_to_postgresql_2' retrieved from /opt/airflow/dags/api_to_pgdatabase.py
[2024-11-25T08:59:15.499+0000] {logging_mixin.py:190} INFO - [2024-11-25T08:59:15.499+0000] {dag.py:3239} INFO - Sync 1 DAGs
[2024-11-25T08:59:15.526+0000] {logging_mixin.py:190} INFO - [2024-11-25T08:59:15.526+0000] {dag.py:4180} INFO - Setting next_dagrun for api_to_postgresql_2 to 2024-11-25 00:00:00+00:00, run_after=2024-11-26 00:00:00+00:00
[2024-11-25T08:59:15.548+0000] {processor.py:208} INFO - Processing /opt/airflow/dags/api_to_pgdatabase.py took 0.111 seconds
[2024-11-25T08:59:46.217+0000] {processor.py:186} INFO - Started process (PID=10989) to work on /opt/airflow/dags/api_to_pgdatabase.py
[2024-11-25T08:59:46.220+0000] {processor.py:914} INFO - Processing file /opt/airflow/dags/api_to_pgdatabase.py for tasks to queue
[2024-11-25T08:59:46.226+0000] {logging_mixin.py:190} INFO - [2024-11-25T08:59:46.225+0000] {dagbag.py:588} INFO - Filling up the DagBag from /opt/airflow/dags/api_to_pgdatabase.py
[2024-11-25T08:59:46.255+0000] {processor.py:925} INFO - DAG(s) 'api_to_postgresql_2' retrieved from /opt/airflow/dags/api_to_pgdatabase.py
[2024-11-25T08:59:46.282+0000] {logging_mixin.py:190} INFO - [2024-11-25T08:59:46.281+0000] {dag.py:3239} INFO - Sync 1 DAGs
[2024-11-25T08:59:46.314+0000] {logging_mixin.py:190} INFO - [2024-11-25T08:59:46.313+0000] {dag.py:4180} INFO - Setting next_dagrun for api_to_postgresql_2 to 2024-11-25 00:00:00+00:00, run_after=2024-11-26 00:00:00+00:00
[2024-11-25T08:59:46.351+0000] {processor.py:208} INFO - Processing /opt/airflow/dags/api_to_pgdatabase.py took 0.143 seconds
[2024-11-25T09:00:16.423+0000] {processor.py:186} INFO - Started process (PID=11290) to work on /opt/airflow/dags/api_to_pgdatabase.py
[2024-11-25T09:00:16.424+0000] {processor.py:914} INFO - Processing file /opt/airflow/dags/api_to_pgdatabase.py for tasks to queue
[2024-11-25T09:00:16.427+0000] {logging_mixin.py:190} INFO - [2024-11-25T09:00:16.427+0000] {dagbag.py:588} INFO - Filling up the DagBag from /opt/airflow/dags/api_to_pgdatabase.py
[2024-11-25T09:00:16.446+0000] {processor.py:925} INFO - DAG(s) 'api_to_postgresql_2' retrieved from /opt/airflow/dags/api_to_pgdatabase.py
[2024-11-25T09:00:16.476+0000] {logging_mixin.py:190} INFO - [2024-11-25T09:00:16.476+0000] {dag.py:3239} INFO - Sync 1 DAGs
[2024-11-25T09:00:16.503+0000] {logging_mixin.py:190} INFO - [2024-11-25T09:00:16.503+0000] {dag.py:4180} INFO - Setting next_dagrun for api_to_postgresql_2 to 2024-11-25 00:00:00+00:00, run_after=2024-11-26 00:00:00+00:00
[2024-11-25T09:00:16.532+0000] {processor.py:208} INFO - Processing /opt/airflow/dags/api_to_pgdatabase.py took 0.114 seconds
[2024-11-25T09:00:47.073+0000] {processor.py:186} INFO - Started process (PID=11597) to work on /opt/airflow/dags/api_to_pgdatabase.py
[2024-11-25T09:00:47.077+0000] {processor.py:914} INFO - Processing file /opt/airflow/dags/api_to_pgdatabase.py for tasks to queue
[2024-11-25T09:00:47.086+0000] {logging_mixin.py:190} INFO - [2024-11-25T09:00:47.085+0000] {dagbag.py:588} INFO - Filling up the DagBag from /opt/airflow/dags/api_to_pgdatabase.py
[2024-11-25T09:00:47.112+0000] {processor.py:925} INFO - DAG(s) 'api_to_postgresql_2' retrieved from /opt/airflow/dags/api_to_pgdatabase.py
[2024-11-25T09:00:47.158+0000] {logging_mixin.py:190} INFO - [2024-11-25T09:00:47.157+0000] {dag.py:3239} INFO - Sync 1 DAGs
[2024-11-25T09:00:47.230+0000] {logging_mixin.py:190} INFO - [2024-11-25T09:00:47.229+0000] {dag.py:4180} INFO - Setting next_dagrun for api_to_postgresql_2 to 2024-11-25 00:00:00+00:00, run_after=2024-11-26 00:00:00+00:00
[2024-11-25T09:00:47.348+0000] {processor.py:208} INFO - Processing /opt/airflow/dags/api_to_pgdatabase.py took 0.290 seconds
[2024-11-25T09:01:17.508+0000] {processor.py:186} INFO - Started process (PID=11898) to work on /opt/airflow/dags/api_to_pgdatabase.py
[2024-11-25T09:01:17.509+0000] {processor.py:914} INFO - Processing file /opt/airflow/dags/api_to_pgdatabase.py for tasks to queue
[2024-11-25T09:01:17.512+0000] {logging_mixin.py:190} INFO - [2024-11-25T09:01:17.512+0000] {dagbag.py:588} INFO - Filling up the DagBag from /opt/airflow/dags/api_to_pgdatabase.py
[2024-11-25T09:01:17.535+0000] {processor.py:925} INFO - DAG(s) 'api_to_postgresql_2' retrieved from /opt/airflow/dags/api_to_pgdatabase.py
[2024-11-25T09:01:17.567+0000] {logging_mixin.py:190} INFO - [2024-11-25T09:01:17.566+0000] {dag.py:3239} INFO - Sync 1 DAGs
[2024-11-25T09:01:17.602+0000] {logging_mixin.py:190} INFO - [2024-11-25T09:01:17.602+0000] {dag.py:4180} INFO - Setting next_dagrun for api_to_postgresql_2 to 2024-11-25 00:00:00+00:00, run_after=2024-11-26 00:00:00+00:00
[2024-11-25T09:01:17.628+0000] {processor.py:208} INFO - Processing /opt/airflow/dags/api_to_pgdatabase.py took 0.128 seconds
[2024-11-25T09:01:47.766+0000] {processor.py:186} INFO - Started process (PID=12200) to work on /opt/airflow/dags/api_to_pgdatabase.py
[2024-11-25T09:01:47.767+0000] {processor.py:914} INFO - Processing file /opt/airflow/dags/api_to_pgdatabase.py for tasks to queue
[2024-11-25T09:01:47.769+0000] {logging_mixin.py:190} INFO - [2024-11-25T09:01:47.769+0000] {dagbag.py:588} INFO - Filling up the DagBag from /opt/airflow/dags/api_to_pgdatabase.py
[2024-11-25T09:01:47.787+0000] {processor.py:925} INFO - DAG(s) 'api_to_postgresql_2' retrieved from /opt/airflow/dags/api_to_pgdatabase.py
[2024-11-25T09:01:47.818+0000] {logging_mixin.py:190} INFO - [2024-11-25T09:01:47.817+0000] {dag.py:3239} INFO - Sync 1 DAGs
[2024-11-25T09:01:47.864+0000] {logging_mixin.py:190} INFO - [2024-11-25T09:01:47.864+0000] {dag.py:4180} INFO - Setting next_dagrun for api_to_postgresql_2 to 2024-11-25 00:00:00+00:00, run_after=2024-11-26 00:00:00+00:00
[2024-11-25T09:01:47.908+0000] {processor.py:208} INFO - Processing /opt/airflow/dags/api_to_pgdatabase.py took 0.148 seconds
[2024-11-25T09:02:18.146+0000] {processor.py:186} INFO - Started process (PID=12501) to work on /opt/airflow/dags/api_to_pgdatabase.py
[2024-11-25T09:02:18.148+0000] {processor.py:914} INFO - Processing file /opt/airflow/dags/api_to_pgdatabase.py for tasks to queue
[2024-11-25T09:02:18.151+0000] {logging_mixin.py:190} INFO - [2024-11-25T09:02:18.151+0000] {dagbag.py:588} INFO - Filling up the DagBag from /opt/airflow/dags/api_to_pgdatabase.py
[2024-11-25T09:02:18.181+0000] {processor.py:925} INFO - DAG(s) 'api_to_postgresql_2' retrieved from /opt/airflow/dags/api_to_pgdatabase.py
[2024-11-25T09:02:18.217+0000] {logging_mixin.py:190} INFO - [2024-11-25T09:02:18.214+0000] {dag.py:3239} INFO - Sync 1 DAGs
[2024-11-25T09:02:18.253+0000] {logging_mixin.py:190} INFO - [2024-11-25T09:02:18.253+0000] {dag.py:4180} INFO - Setting next_dagrun for api_to_postgresql_2 to 2024-11-25 00:00:00+00:00, run_after=2024-11-26 00:00:00+00:00
[2024-11-25T09:02:18.284+0000] {processor.py:208} INFO - Processing /opt/airflow/dags/api_to_pgdatabase.py took 0.145 seconds
[2024-11-25T09:02:48.769+0000] {processor.py:186} INFO - Started process (PID=12803) to work on /opt/airflow/dags/api_to_pgdatabase.py
[2024-11-25T09:02:48.770+0000] {processor.py:914} INFO - Processing file /opt/airflow/dags/api_to_pgdatabase.py for tasks to queue
[2024-11-25T09:02:48.773+0000] {logging_mixin.py:190} INFO - [2024-11-25T09:02:48.772+0000] {dagbag.py:588} INFO - Filling up the DagBag from /opt/airflow/dags/api_to_pgdatabase.py
[2024-11-25T09:02:48.795+0000] {processor.py:925} INFO - DAG(s) 'api_to_postgresql_2' retrieved from /opt/airflow/dags/api_to_pgdatabase.py
[2024-11-25T09:02:48.817+0000] {logging_mixin.py:190} INFO - [2024-11-25T09:02:48.817+0000] {dag.py:3239} INFO - Sync 1 DAGs
[2024-11-25T09:02:48.844+0000] {logging_mixin.py:190} INFO - [2024-11-25T09:02:48.844+0000] {dag.py:4180} INFO - Setting next_dagrun for api_to_postgresql_2 to 2024-11-25 00:00:00+00:00, run_after=2024-11-26 00:00:00+00:00
[2024-11-25T09:02:48.866+0000] {processor.py:208} INFO - Processing /opt/airflow/dags/api_to_pgdatabase.py took 0.105 seconds
[2024-11-25T09:03:18.992+0000] {processor.py:186} INFO - Started process (PID=13104) to work on /opt/airflow/dags/api_to_pgdatabase.py
[2024-11-25T09:03:18.993+0000] {processor.py:914} INFO - Processing file /opt/airflow/dags/api_to_pgdatabase.py for tasks to queue
[2024-11-25T09:03:18.996+0000] {logging_mixin.py:190} INFO - [2024-11-25T09:03:18.996+0000] {dagbag.py:588} INFO - Filling up the DagBag from /opt/airflow/dags/api_to_pgdatabase.py
[2024-11-25T09:03:19.022+0000] {processor.py:925} INFO - DAG(s) 'api_to_postgresql_2' retrieved from /opt/airflow/dags/api_to_pgdatabase.py
[2024-11-25T09:03:19.047+0000] {logging_mixin.py:190} INFO - [2024-11-25T09:03:19.047+0000] {dag.py:3239} INFO - Sync 1 DAGs
[2024-11-25T09:03:19.081+0000] {logging_mixin.py:190} INFO - [2024-11-25T09:03:19.081+0000] {dag.py:4180} INFO - Setting next_dagrun for api_to_postgresql_2 to 2024-11-25 00:00:00+00:00, run_after=2024-11-26 00:00:00+00:00
[2024-11-25T09:03:19.104+0000] {processor.py:208} INFO - Processing /opt/airflow/dags/api_to_pgdatabase.py took 0.118 seconds
[2024-11-25T09:03:49.472+0000] {processor.py:186} INFO - Started process (PID=13405) to work on /opt/airflow/dags/api_to_pgdatabase.py
[2024-11-25T09:03:49.473+0000] {processor.py:914} INFO - Processing file /opt/airflow/dags/api_to_pgdatabase.py for tasks to queue
[2024-11-25T09:03:49.475+0000] {logging_mixin.py:190} INFO - [2024-11-25T09:03:49.475+0000] {dagbag.py:588} INFO - Filling up the DagBag from /opt/airflow/dags/api_to_pgdatabase.py
[2024-11-25T09:03:49.494+0000] {processor.py:925} INFO - DAG(s) 'api_to_postgresql_2' retrieved from /opt/airflow/dags/api_to_pgdatabase.py
[2024-11-25T09:03:49.517+0000] {logging_mixin.py:190} INFO - [2024-11-25T09:03:49.517+0000] {dag.py:3239} INFO - Sync 1 DAGs
[2024-11-25T09:03:49.545+0000] {logging_mixin.py:190} INFO - [2024-11-25T09:03:49.545+0000] {dag.py:4180} INFO - Setting next_dagrun for api_to_postgresql_2 to 2024-11-25 00:00:00+00:00, run_after=2024-11-26 00:00:00+00:00
[2024-11-25T09:03:49.571+0000] {processor.py:208} INFO - Processing /opt/airflow/dags/api_to_pgdatabase.py took 0.105 seconds
[2024-11-25T09:04:19.655+0000] {processor.py:186} INFO - Started process (PID=13706) to work on /opt/airflow/dags/api_to_pgdatabase.py
[2024-11-25T09:04:19.656+0000] {processor.py:914} INFO - Processing file /opt/airflow/dags/api_to_pgdatabase.py for tasks to queue
[2024-11-25T09:04:19.659+0000] {logging_mixin.py:190} INFO - [2024-11-25T09:04:19.659+0000] {dagbag.py:588} INFO - Filling up the DagBag from /opt/airflow/dags/api_to_pgdatabase.py
[2024-11-25T09:04:19.681+0000] {processor.py:925} INFO - DAG(s) 'api_to_postgresql_2' retrieved from /opt/airflow/dags/api_to_pgdatabase.py
[2024-11-25T09:04:19.709+0000] {logging_mixin.py:190} INFO - [2024-11-25T09:04:19.709+0000] {dag.py:3239} INFO - Sync 1 DAGs
[2024-11-25T09:04:19.739+0000] {logging_mixin.py:190} INFO - [2024-11-25T09:04:19.739+0000] {dag.py:4180} INFO - Setting next_dagrun for api_to_postgresql_2 to 2024-11-25 00:00:00+00:00, run_after=2024-11-26 00:00:00+00:00
[2024-11-25T09:04:19.762+0000] {processor.py:208} INFO - Processing /opt/airflow/dags/api_to_pgdatabase.py took 0.114 seconds
[2024-11-25T09:04:50.029+0000] {processor.py:186} INFO - Started process (PID=14007) to work on /opt/airflow/dags/api_to_pgdatabase.py
[2024-11-25T09:04:50.031+0000] {processor.py:914} INFO - Processing file /opt/airflow/dags/api_to_pgdatabase.py for tasks to queue
[2024-11-25T09:04:50.035+0000] {logging_mixin.py:190} INFO - [2024-11-25T09:04:50.034+0000] {dagbag.py:588} INFO - Filling up the DagBag from /opt/airflow/dags/api_to_pgdatabase.py
[2024-11-25T09:04:50.061+0000] {processor.py:925} INFO - DAG(s) 'api_to_postgresql_2' retrieved from /opt/airflow/dags/api_to_pgdatabase.py
[2024-11-25T09:04:50.093+0000] {logging_mixin.py:190} INFO - [2024-11-25T09:04:50.092+0000] {dag.py:3239} INFO - Sync 1 DAGs
[2024-11-25T09:04:50.123+0000] {logging_mixin.py:190} INFO - [2024-11-25T09:04:50.122+0000] {dag.py:4180} INFO - Setting next_dagrun for api_to_postgresql_2 to 2024-11-25 00:00:00+00:00, run_after=2024-11-26 00:00:00+00:00
[2024-11-25T09:04:50.364+0000] {processor.py:208} INFO - Processing /opt/airflow/dags/api_to_pgdatabase.py took 0.341 seconds
[2024-11-25T09:05:20.740+0000] {processor.py:186} INFO - Started process (PID=14303) to work on /opt/airflow/dags/api_to_pgdatabase.py
[2024-11-25T09:05:20.743+0000] {processor.py:914} INFO - Processing file /opt/airflow/dags/api_to_pgdatabase.py for tasks to queue
[2024-11-25T09:05:20.747+0000] {logging_mixin.py:190} INFO - [2024-11-25T09:05:20.746+0000] {dagbag.py:588} INFO - Filling up the DagBag from /opt/airflow/dags/api_to_pgdatabase.py
[2024-11-25T09:05:20.791+0000] {processor.py:925} INFO - DAG(s) 'api_to_postgresql_2' retrieved from /opt/airflow/dags/api_to_pgdatabase.py
[2024-11-25T09:05:20.839+0000] {logging_mixin.py:190} INFO - [2024-11-25T09:05:20.839+0000] {dag.py:3239} INFO - Sync 1 DAGs
[2024-11-25T09:05:20.874+0000] {logging_mixin.py:190} INFO - [2024-11-25T09:05:20.873+0000] {dag.py:4180} INFO - Setting next_dagrun for api_to_postgresql_2 to 2024-11-25 00:00:00+00:00, run_after=2024-11-26 00:00:00+00:00
[2024-11-25T09:05:20.910+0000] {processor.py:208} INFO - Processing /opt/airflow/dags/api_to_pgdatabase.py took 0.181 seconds
[2024-11-25T09:05:50.973+0000] {processor.py:186} INFO - Started process (PID=14605) to work on /opt/airflow/dags/api_to_pgdatabase.py
[2024-11-25T09:05:50.974+0000] {processor.py:914} INFO - Processing file /opt/airflow/dags/api_to_pgdatabase.py for tasks to queue
[2024-11-25T09:05:50.977+0000] {logging_mixin.py:190} INFO - [2024-11-25T09:05:50.977+0000] {dagbag.py:588} INFO - Filling up the DagBag from /opt/airflow/dags/api_to_pgdatabase.py
[2024-11-25T09:05:50.998+0000] {processor.py:925} INFO - DAG(s) 'api_to_postgresql_2' retrieved from /opt/airflow/dags/api_to_pgdatabase.py
[2024-11-25T09:05:51.023+0000] {logging_mixin.py:190} INFO - [2024-11-25T09:05:51.022+0000] {dag.py:3239} INFO - Sync 1 DAGs
[2024-11-25T09:05:51.051+0000] {logging_mixin.py:190} INFO - [2024-11-25T09:05:51.050+0000] {dag.py:4180} INFO - Setting next_dagrun for api_to_postgresql_2 to 2024-11-25 00:00:00+00:00, run_after=2024-11-26 00:00:00+00:00
[2024-11-25T09:05:51.074+0000] {processor.py:208} INFO - Processing /opt/airflow/dags/api_to_pgdatabase.py took 0.108 seconds
[2024-11-25T09:06:21.596+0000] {processor.py:186} INFO - Started process (PID=14906) to work on /opt/airflow/dags/api_to_pgdatabase.py
[2024-11-25T09:06:21.598+0000] {processor.py:914} INFO - Processing file /opt/airflow/dags/api_to_pgdatabase.py for tasks to queue
[2024-11-25T09:06:21.602+0000] {logging_mixin.py:190} INFO - [2024-11-25T09:06:21.601+0000] {dagbag.py:588} INFO - Filling up the DagBag from /opt/airflow/dags/api_to_pgdatabase.py
[2024-11-25T09:06:21.623+0000] {processor.py:925} INFO - DAG(s) 'api_to_postgresql_2' retrieved from /opt/airflow/dags/api_to_pgdatabase.py
[2024-11-25T09:06:21.650+0000] {logging_mixin.py:190} INFO - [2024-11-25T09:06:21.649+0000] {dag.py:3239} INFO - Sync 1 DAGs
[2024-11-25T09:06:21.678+0000] {logging_mixin.py:190} INFO - [2024-11-25T09:06:21.678+0000] {dag.py:4180} INFO - Setting next_dagrun for api_to_postgresql_2 to 2024-11-25 00:00:00+00:00, run_after=2024-11-26 00:00:00+00:00
[2024-11-25T09:06:21.706+0000] {processor.py:208} INFO - Processing /opt/airflow/dags/api_to_pgdatabase.py took 0.122 seconds
[2024-11-25T09:06:52.261+0000] {processor.py:186} INFO - Started process (PID=15207) to work on /opt/airflow/dags/api_to_pgdatabase.py
[2024-11-25T09:06:52.262+0000] {processor.py:914} INFO - Processing file /opt/airflow/dags/api_to_pgdatabase.py for tasks to queue
[2024-11-25T09:06:52.265+0000] {logging_mixin.py:190} INFO - [2024-11-25T09:06:52.264+0000] {dagbag.py:588} INFO - Filling up the DagBag from /opt/airflow/dags/api_to_pgdatabase.py
[2024-11-25T09:06:52.288+0000] {processor.py:925} INFO - DAG(s) 'api_to_postgresql_2' retrieved from /opt/airflow/dags/api_to_pgdatabase.py
[2024-11-25T09:06:52.314+0000] {logging_mixin.py:190} INFO - [2024-11-25T09:06:52.314+0000] {dag.py:3239} INFO - Sync 1 DAGs
[2024-11-25T09:06:52.347+0000] {logging_mixin.py:190} INFO - [2024-11-25T09:06:52.347+0000] {dag.py:4180} INFO - Setting next_dagrun for api_to_postgresql_2 to 2024-11-25 00:00:00+00:00, run_after=2024-11-26 00:00:00+00:00
[2024-11-25T09:06:52.371+0000] {processor.py:208} INFO - Processing /opt/airflow/dags/api_to_pgdatabase.py took 0.117 seconds
[2024-11-25T09:07:22.935+0000] {processor.py:186} INFO - Started process (PID=15508) to work on /opt/airflow/dags/api_to_pgdatabase.py
[2024-11-25T09:07:22.937+0000] {processor.py:914} INFO - Processing file /opt/airflow/dags/api_to_pgdatabase.py for tasks to queue
[2024-11-25T09:07:22.939+0000] {logging_mixin.py:190} INFO - [2024-11-25T09:07:22.939+0000] {dagbag.py:588} INFO - Filling up the DagBag from /opt/airflow/dags/api_to_pgdatabase.py
[2024-11-25T09:07:22.959+0000] {processor.py:925} INFO - DAG(s) 'api_to_postgresql_2' retrieved from /opt/airflow/dags/api_to_pgdatabase.py
[2024-11-25T09:07:22.982+0000] {logging_mixin.py:190} INFO - [2024-11-25T09:07:22.982+0000] {dag.py:3239} INFO - Sync 1 DAGs
[2024-11-25T09:07:23.007+0000] {logging_mixin.py:190} INFO - [2024-11-25T09:07:23.006+0000] {dag.py:4180} INFO - Setting next_dagrun for api_to_postgresql_2 to 2024-11-25 00:00:00+00:00, run_after=2024-11-26 00:00:00+00:00
[2024-11-25T09:07:23.029+0000] {processor.py:208} INFO - Processing /opt/airflow/dags/api_to_pgdatabase.py took 0.099 seconds
[2024-11-25T09:07:53.496+0000] {processor.py:186} INFO - Started process (PID=15809) to work on /opt/airflow/dags/api_to_pgdatabase.py
[2024-11-25T09:07:53.497+0000] {processor.py:914} INFO - Processing file /opt/airflow/dags/api_to_pgdatabase.py for tasks to queue
[2024-11-25T09:07:53.499+0000] {logging_mixin.py:190} INFO - [2024-11-25T09:07:53.499+0000] {dagbag.py:588} INFO - Filling up the DagBag from /opt/airflow/dags/api_to_pgdatabase.py
[2024-11-25T09:07:53.522+0000] {processor.py:925} INFO - DAG(s) 'api_to_postgresql_2' retrieved from /opt/airflow/dags/api_to_pgdatabase.py
[2024-11-25T09:07:53.546+0000] {logging_mixin.py:190} INFO - [2024-11-25T09:07:53.546+0000] {dag.py:3239} INFO - Sync 1 DAGs
[2024-11-25T09:07:53.573+0000] {logging_mixin.py:190} INFO - [2024-11-25T09:07:53.573+0000] {dag.py:4180} INFO - Setting next_dagrun for api_to_postgresql_2 to 2024-11-25 00:00:00+00:00, run_after=2024-11-26 00:00:00+00:00
[2024-11-25T09:07:53.597+0000] {processor.py:208} INFO - Processing /opt/airflow/dags/api_to_pgdatabase.py took 0.108 seconds
[2024-11-25T09:08:23.803+0000] {processor.py:186} INFO - Started process (PID=16105) to work on /opt/airflow/dags/api_to_pgdatabase.py
[2024-11-25T09:08:23.804+0000] {processor.py:914} INFO - Processing file /opt/airflow/dags/api_to_pgdatabase.py for tasks to queue
[2024-11-25T09:08:23.806+0000] {logging_mixin.py:190} INFO - [2024-11-25T09:08:23.806+0000] {dagbag.py:588} INFO - Filling up the DagBag from /opt/airflow/dags/api_to_pgdatabase.py
[2024-11-25T09:08:23.824+0000] {processor.py:925} INFO - DAG(s) 'api_to_postgresql_2' retrieved from /opt/airflow/dags/api_to_pgdatabase.py
[2024-11-25T09:08:23.859+0000] {logging_mixin.py:190} INFO - [2024-11-25T09:08:23.859+0000] {dag.py:3239} INFO - Sync 1 DAGs
[2024-11-25T09:08:23.895+0000] {logging_mixin.py:190} INFO - [2024-11-25T09:08:23.895+0000] {dag.py:4180} INFO - Setting next_dagrun for api_to_postgresql_2 to 2024-11-25 00:00:00+00:00, run_after=2024-11-26 00:00:00+00:00
[2024-11-25T09:08:23.920+0000] {processor.py:208} INFO - Processing /opt/airflow/dags/api_to_pgdatabase.py took 0.124 seconds
[2024-11-25T09:08:54.542+0000] {processor.py:186} INFO - Started process (PID=16406) to work on /opt/airflow/dags/api_to_pgdatabase.py
[2024-11-25T09:08:54.544+0000] {processor.py:914} INFO - Processing file /opt/airflow/dags/api_to_pgdatabase.py for tasks to queue
[2024-11-25T09:08:54.552+0000] {logging_mixin.py:190} INFO - [2024-11-25T09:08:54.551+0000] {dagbag.py:588} INFO - Filling up the DagBag from /opt/airflow/dags/api_to_pgdatabase.py
[2024-11-25T09:08:54.586+0000] {processor.py:925} INFO - DAG(s) 'api_to_postgresql_2' retrieved from /opt/airflow/dags/api_to_pgdatabase.py
[2024-11-25T09:08:54.624+0000] {logging_mixin.py:190} INFO - [2024-11-25T09:08:54.624+0000] {dag.py:3239} INFO - Sync 1 DAGs
[2024-11-25T09:08:54.664+0000] {logging_mixin.py:190} INFO - [2024-11-25T09:08:54.663+0000] {dag.py:4180} INFO - Setting next_dagrun for api_to_postgresql_2 to 2024-11-25 00:00:00+00:00, run_after=2024-11-26 00:00:00+00:00
[2024-11-25T09:08:54.705+0000] {processor.py:208} INFO - Processing /opt/airflow/dags/api_to_pgdatabase.py took 0.169 seconds
[2024-11-25T09:09:25.173+0000] {processor.py:186} INFO - Started process (PID=16707) to work on /opt/airflow/dags/api_to_pgdatabase.py
[2024-11-25T09:09:25.174+0000] {processor.py:914} INFO - Processing file /opt/airflow/dags/api_to_pgdatabase.py for tasks to queue
[2024-11-25T09:09:25.176+0000] {logging_mixin.py:190} INFO - [2024-11-25T09:09:25.176+0000] {dagbag.py:588} INFO - Filling up the DagBag from /opt/airflow/dags/api_to_pgdatabase.py
[2024-11-25T09:09:25.201+0000] {processor.py:925} INFO - DAG(s) 'api_to_postgresql_2' retrieved from /opt/airflow/dags/api_to_pgdatabase.py
[2024-11-25T09:09:25.230+0000] {logging_mixin.py:190} INFO - [2024-11-25T09:09:25.230+0000] {dag.py:3239} INFO - Sync 1 DAGs
[2024-11-25T09:09:25.262+0000] {logging_mixin.py:190} INFO - [2024-11-25T09:09:25.262+0000] {dag.py:4180} INFO - Setting next_dagrun for api_to_postgresql_2 to 2024-11-25 00:00:00+00:00, run_after=2024-11-26 00:00:00+00:00
[2024-11-25T09:09:25.292+0000] {processor.py:208} INFO - Processing /opt/airflow/dags/api_to_pgdatabase.py took 0.125 seconds
[2024-11-25T09:09:56.061+0000] {processor.py:186} INFO - Started process (PID=17008) to work on /opt/airflow/dags/api_to_pgdatabase.py
[2024-11-25T09:09:56.063+0000] {processor.py:914} INFO - Processing file /opt/airflow/dags/api_to_pgdatabase.py for tasks to queue
[2024-11-25T09:09:56.066+0000] {logging_mixin.py:190} INFO - [2024-11-25T09:09:56.066+0000] {dagbag.py:588} INFO - Filling up the DagBag from /opt/airflow/dags/api_to_pgdatabase.py
[2024-11-25T09:09:56.100+0000] {processor.py:925} INFO - DAG(s) 'api_to_postgresql_2' retrieved from /opt/airflow/dags/api_to_pgdatabase.py
[2024-11-25T09:09:56.142+0000] {logging_mixin.py:190} INFO - [2024-11-25T09:09:56.141+0000] {dag.py:3239} INFO - Sync 1 DAGs
[2024-11-25T09:09:56.188+0000] {logging_mixin.py:190} INFO - [2024-11-25T09:09:56.187+0000] {dag.py:4180} INFO - Setting next_dagrun for api_to_postgresql_2 to 2024-11-25 00:00:00+00:00, run_after=2024-11-26 00:00:00+00:00
[2024-11-25T09:09:56.229+0000] {processor.py:208} INFO - Processing /opt/airflow/dags/api_to_pgdatabase.py took 0.177 seconds
[2024-11-25T09:10:26.645+0000] {processor.py:186} INFO - Started process (PID=17309) to work on /opt/airflow/dags/api_to_pgdatabase.py
[2024-11-25T09:10:26.646+0000] {processor.py:914} INFO - Processing file /opt/airflow/dags/api_to_pgdatabase.py for tasks to queue
[2024-11-25T09:10:26.650+0000] {logging_mixin.py:190} INFO - [2024-11-25T09:10:26.650+0000] {dagbag.py:588} INFO - Filling up the DagBag from /opt/airflow/dags/api_to_pgdatabase.py
[2024-11-25T09:10:26.669+0000] {processor.py:925} INFO - DAG(s) 'api_to_postgresql_2' retrieved from /opt/airflow/dags/api_to_pgdatabase.py
[2024-11-25T09:10:26.697+0000] {logging_mixin.py:190} INFO - [2024-11-25T09:10:26.696+0000] {dag.py:3239} INFO - Sync 1 DAGs
[2024-11-25T09:10:26.724+0000] {logging_mixin.py:190} INFO - [2024-11-25T09:10:26.724+0000] {dag.py:4180} INFO - Setting next_dagrun for api_to_postgresql_2 to 2024-11-25 00:00:00+00:00, run_after=2024-11-26 00:00:00+00:00
[2024-11-25T09:10:26.749+0000] {processor.py:208} INFO - Processing /opt/airflow/dags/api_to_pgdatabase.py took 0.112 seconds
[2024-11-25T09:10:57.535+0000] {processor.py:186} INFO - Started process (PID=17610) to work on /opt/airflow/dags/api_to_pgdatabase.py
[2024-11-25T09:10:57.538+0000] {processor.py:914} INFO - Processing file /opt/airflow/dags/api_to_pgdatabase.py for tasks to queue
[2024-11-25T09:10:57.541+0000] {logging_mixin.py:190} INFO - [2024-11-25T09:10:57.540+0000] {dagbag.py:588} INFO - Filling up the DagBag from /opt/airflow/dags/api_to_pgdatabase.py
[2024-11-25T09:10:57.572+0000] {processor.py:925} INFO - DAG(s) 'api_to_postgresql_2' retrieved from /opt/airflow/dags/api_to_pgdatabase.py
[2024-11-25T09:10:57.603+0000] {logging_mixin.py:190} INFO - [2024-11-25T09:10:57.603+0000] {dag.py:3239} INFO - Sync 1 DAGs
[2024-11-25T09:10:57.630+0000] {logging_mixin.py:190} INFO - [2024-11-25T09:10:57.630+0000] {dag.py:4180} INFO - Setting next_dagrun for api_to_postgresql_2 to 2024-11-25 00:00:00+00:00, run_after=2024-11-26 00:00:00+00:00
[2024-11-25T09:10:57.656+0000] {processor.py:208} INFO - Processing /opt/airflow/dags/api_to_pgdatabase.py took 0.131 seconds
[2024-11-25T09:11:27.985+0000] {processor.py:186} INFO - Started process (PID=17912) to work on /opt/airflow/dags/api_to_pgdatabase.py
[2024-11-25T09:11:27.986+0000] {processor.py:914} INFO - Processing file /opt/airflow/dags/api_to_pgdatabase.py for tasks to queue
[2024-11-25T09:11:27.989+0000] {logging_mixin.py:190} INFO - [2024-11-25T09:11:27.988+0000] {dagbag.py:588} INFO - Filling up the DagBag from /opt/airflow/dags/api_to_pgdatabase.py
[2024-11-25T09:11:28.012+0000] {processor.py:925} INFO - DAG(s) 'api_to_postgresql_2' retrieved from /opt/airflow/dags/api_to_pgdatabase.py
[2024-11-25T09:11:28.039+0000] {logging_mixin.py:190} INFO - [2024-11-25T09:11:28.039+0000] {dag.py:3239} INFO - Sync 1 DAGs
[2024-11-25T09:11:28.070+0000] {logging_mixin.py:190} INFO - [2024-11-25T09:11:28.069+0000] {dag.py:4180} INFO - Setting next_dagrun for api_to_postgresql_2 to 2024-11-25 00:00:00+00:00, run_after=2024-11-26 00:00:00+00:00
[2024-11-25T09:11:28.106+0000] {processor.py:208} INFO - Processing /opt/airflow/dags/api_to_pgdatabase.py took 0.132 seconds
[2024-11-25T09:11:58.448+0000] {processor.py:186} INFO - Started process (PID=18213) to work on /opt/airflow/dags/api_to_pgdatabase.py
[2024-11-25T09:11:58.451+0000] {processor.py:914} INFO - Processing file /opt/airflow/dags/api_to_pgdatabase.py for tasks to queue
[2024-11-25T09:11:58.454+0000] {logging_mixin.py:190} INFO - [2024-11-25T09:11:58.454+0000] {dagbag.py:588} INFO - Filling up the DagBag from /opt/airflow/dags/api_to_pgdatabase.py
[2024-11-25T09:11:58.478+0000] {processor.py:925} INFO - DAG(s) 'api_to_postgresql_2' retrieved from /opt/airflow/dags/api_to_pgdatabase.py
[2024-11-25T09:11:58.510+0000] {logging_mixin.py:190} INFO - [2024-11-25T09:11:58.509+0000] {dag.py:3239} INFO - Sync 1 DAGs
[2024-11-25T09:11:58.539+0000] {logging_mixin.py:190} INFO - [2024-11-25T09:11:58.539+0000] {dag.py:4180} INFO - Setting next_dagrun for api_to_postgresql_2 to 2024-11-25 00:00:00+00:00, run_after=2024-11-26 00:00:00+00:00
[2024-11-25T09:11:58.567+0000] {processor.py:208} INFO - Processing /opt/airflow/dags/api_to_pgdatabase.py took 0.129 seconds
[2024-11-25T09:12:29.103+0000] {processor.py:186} INFO - Started process (PID=18515) to work on /opt/airflow/dags/api_to_pgdatabase.py
[2024-11-25T09:12:29.104+0000] {processor.py:914} INFO - Processing file /opt/airflow/dags/api_to_pgdatabase.py for tasks to queue
[2024-11-25T09:12:29.107+0000] {logging_mixin.py:190} INFO - [2024-11-25T09:12:29.106+0000] {dagbag.py:588} INFO - Filling up the DagBag from /opt/airflow/dags/api_to_pgdatabase.py
[2024-11-25T09:12:29.127+0000] {processor.py:925} INFO - DAG(s) 'api_to_postgresql_2' retrieved from /opt/airflow/dags/api_to_pgdatabase.py
[2024-11-25T09:12:29.151+0000] {logging_mixin.py:190} INFO - [2024-11-25T09:12:29.150+0000] {dag.py:3239} INFO - Sync 1 DAGs
[2024-11-25T09:12:29.176+0000] {logging_mixin.py:190} INFO - [2024-11-25T09:12:29.176+0000] {dag.py:4180} INFO - Setting next_dagrun for api_to_postgresql_2 to 2024-11-25 00:00:00+00:00, run_after=2024-11-26 00:00:00+00:00
[2024-11-25T09:12:29.206+0000] {processor.py:208} INFO - Processing /opt/airflow/dags/api_to_pgdatabase.py took 0.109 seconds
[2024-11-25T09:12:59.339+0000] {processor.py:186} INFO - Started process (PID=18816) to work on /opt/airflow/dags/api_to_pgdatabase.py
[2024-11-25T09:12:59.340+0000] {processor.py:914} INFO - Processing file /opt/airflow/dags/api_to_pgdatabase.py for tasks to queue
[2024-11-25T09:12:59.344+0000] {logging_mixin.py:190} INFO - [2024-11-25T09:12:59.344+0000] {dagbag.py:588} INFO - Filling up the DagBag from /opt/airflow/dags/api_to_pgdatabase.py
[2024-11-25T09:12:59.377+0000] {processor.py:925} INFO - DAG(s) 'api_to_postgresql_2' retrieved from /opt/airflow/dags/api_to_pgdatabase.py
[2024-11-25T09:12:59.412+0000] {logging_mixin.py:190} INFO - [2024-11-25T09:12:59.411+0000] {dag.py:3239} INFO - Sync 1 DAGs
[2024-11-25T09:12:59.469+0000] {logging_mixin.py:190} INFO - [2024-11-25T09:12:59.468+0000] {dag.py:4180} INFO - Setting next_dagrun for api_to_postgresql_2 to 2024-11-25 00:00:00+00:00, run_after=2024-11-26 00:00:00+00:00
[2024-11-25T09:12:59.518+0000] {processor.py:208} INFO - Processing /opt/airflow/dags/api_to_pgdatabase.py took 0.188 seconds
[2024-11-25T09:13:29.802+0000] {processor.py:186} INFO - Started process (PID=19117) to work on /opt/airflow/dags/api_to_pgdatabase.py
[2024-11-25T09:13:29.803+0000] {processor.py:914} INFO - Processing file /opt/airflow/dags/api_to_pgdatabase.py for tasks to queue
[2024-11-25T09:13:29.806+0000] {logging_mixin.py:190} INFO - [2024-11-25T09:13:29.806+0000] {dagbag.py:588} INFO - Filling up the DagBag from /opt/airflow/dags/api_to_pgdatabase.py
[2024-11-25T09:13:29.827+0000] {processor.py:925} INFO - DAG(s) 'api_to_postgresql_2' retrieved from /opt/airflow/dags/api_to_pgdatabase.py
[2024-11-25T09:13:29.854+0000] {logging_mixin.py:190} INFO - [2024-11-25T09:13:29.853+0000] {dag.py:3239} INFO - Sync 1 DAGs
[2024-11-25T09:13:29.887+0000] {logging_mixin.py:190} INFO - [2024-11-25T09:13:29.887+0000] {dag.py:4180} INFO - Setting next_dagrun for api_to_postgresql_2 to 2024-11-25 00:00:00+00:00, run_after=2024-11-26 00:00:00+00:00
[2024-11-25T09:13:29.918+0000] {processor.py:208} INFO - Processing /opt/airflow/dags/api_to_pgdatabase.py took 0.125 seconds
[2024-11-25T09:14:00.749+0000] {processor.py:186} INFO - Started process (PID=19418) to work on /opt/airflow/dags/api_to_pgdatabase.py
[2024-11-25T09:14:00.756+0000] {processor.py:914} INFO - Processing file /opt/airflow/dags/api_to_pgdatabase.py for tasks to queue
[2024-11-25T09:14:00.762+0000] {logging_mixin.py:190} INFO - [2024-11-25T09:14:00.761+0000] {dagbag.py:588} INFO - Filling up the DagBag from /opt/airflow/dags/api_to_pgdatabase.py
[2024-11-25T09:14:00.792+0000] {processor.py:925} INFO - DAG(s) 'api_to_postgresql_2' retrieved from /opt/airflow/dags/api_to_pgdatabase.py
[2024-11-25T09:14:00.823+0000] {logging_mixin.py:190} INFO - [2024-11-25T09:14:00.823+0000] {dag.py:3239} INFO - Sync 1 DAGs
[2024-11-25T09:14:00.850+0000] {logging_mixin.py:190} INFO - [2024-11-25T09:14:00.850+0000] {dag.py:4180} INFO - Setting next_dagrun for api_to_postgresql_2 to 2024-11-25 00:00:00+00:00, run_after=2024-11-26 00:00:00+00:00
[2024-11-25T09:14:00.871+0000] {processor.py:208} INFO - Processing /opt/airflow/dags/api_to_pgdatabase.py took 0.134 seconds
[2024-11-25T09:14:31.621+0000] {processor.py:186} INFO - Started process (PID=19719) to work on /opt/airflow/dags/api_to_pgdatabase.py
[2024-11-25T09:14:31.622+0000] {processor.py:914} INFO - Processing file /opt/airflow/dags/api_to_pgdatabase.py for tasks to queue
[2024-11-25T09:14:31.624+0000] {logging_mixin.py:190} INFO - [2024-11-25T09:14:31.624+0000] {dagbag.py:588} INFO - Filling up the DagBag from /opt/airflow/dags/api_to_pgdatabase.py
[2024-11-25T09:14:31.642+0000] {processor.py:925} INFO - DAG(s) 'api_to_postgresql_2' retrieved from /opt/airflow/dags/api_to_pgdatabase.py
[2024-11-25T09:14:31.664+0000] {logging_mixin.py:190} INFO - [2024-11-25T09:14:31.664+0000] {dag.py:3239} INFO - Sync 1 DAGs
[2024-11-25T09:14:31.691+0000] {logging_mixin.py:190} INFO - [2024-11-25T09:14:31.690+0000] {dag.py:4180} INFO - Setting next_dagrun for api_to_postgresql_2 to 2024-11-25 00:00:00+00:00, run_after=2024-11-26 00:00:00+00:00
[2024-11-25T09:14:31.714+0000] {processor.py:208} INFO - Processing /opt/airflow/dags/api_to_pgdatabase.py took 0.101 seconds
[2024-11-25T09:15:02.156+0000] {processor.py:186} INFO - Started process (PID=20020) to work on /opt/airflow/dags/api_to_pgdatabase.py
[2024-11-25T09:15:02.158+0000] {processor.py:914} INFO - Processing file /opt/airflow/dags/api_to_pgdatabase.py for tasks to queue
[2024-11-25T09:15:02.163+0000] {logging_mixin.py:190} INFO - [2024-11-25T09:15:02.163+0000] {dagbag.py:588} INFO - Filling up the DagBag from /opt/airflow/dags/api_to_pgdatabase.py
[2024-11-25T09:15:02.185+0000] {processor.py:925} INFO - DAG(s) 'api_to_postgresql_2' retrieved from /opt/airflow/dags/api_to_pgdatabase.py
[2024-11-25T09:15:02.226+0000] {logging_mixin.py:190} INFO - [2024-11-25T09:15:02.224+0000] {dag.py:3239} INFO - Sync 1 DAGs
[2024-11-25T09:15:02.286+0000] {logging_mixin.py:190} INFO - [2024-11-25T09:15:02.285+0000] {dag.py:4180} INFO - Setting next_dagrun for api_to_postgresql_2 to 2024-11-25 00:00:00+00:00, run_after=2024-11-26 00:00:00+00:00
[2024-11-25T09:15:02.314+0000] {processor.py:208} INFO - Processing /opt/airflow/dags/api_to_pgdatabase.py took 0.165 seconds
[2024-11-25T09:15:32.688+0000] {processor.py:186} INFO - Started process (PID=20321) to work on /opt/airflow/dags/api_to_pgdatabase.py
[2024-11-25T09:15:32.690+0000] {processor.py:914} INFO - Processing file /opt/airflow/dags/api_to_pgdatabase.py for tasks to queue
[2024-11-25T09:15:32.694+0000] {logging_mixin.py:190} INFO - [2024-11-25T09:15:32.693+0000] {dagbag.py:588} INFO - Filling up the DagBag from /opt/airflow/dags/api_to_pgdatabase.py
[2024-11-25T09:15:32.723+0000] {processor.py:925} INFO - DAG(s) 'api_to_postgresql_2' retrieved from /opt/airflow/dags/api_to_pgdatabase.py
[2024-11-25T09:15:32.752+0000] {logging_mixin.py:190} INFO - [2024-11-25T09:15:32.752+0000] {dag.py:3239} INFO - Sync 1 DAGs
[2024-11-25T09:15:32.779+0000] {logging_mixin.py:190} INFO - [2024-11-25T09:15:32.779+0000] {dag.py:4180} INFO - Setting next_dagrun for api_to_postgresql_2 to 2024-11-25 00:00:00+00:00, run_after=2024-11-26 00:00:00+00:00
[2024-11-25T09:15:32.808+0000] {processor.py:208} INFO - Processing /opt/airflow/dags/api_to_pgdatabase.py took 0.131 seconds
[2024-11-25T09:16:03.123+0000] {processor.py:186} INFO - Started process (PID=20579) to work on /opt/airflow/dags/api_to_pgdatabase.py
[2024-11-25T09:16:03.124+0000] {processor.py:914} INFO - Processing file /opt/airflow/dags/api_to_pgdatabase.py for tasks to queue
[2024-11-25T09:16:03.127+0000] {logging_mixin.py:190} INFO - [2024-11-25T09:16:03.127+0000] {dagbag.py:588} INFO - Filling up the DagBag from /opt/airflow/dags/api_to_pgdatabase.py
[2024-11-25T09:16:03.160+0000] {processor.py:925} INFO - DAG(s) 'api_to_postgresql_2' retrieved from /opt/airflow/dags/api_to_pgdatabase.py
[2024-11-25T09:16:03.199+0000] {logging_mixin.py:190} INFO - [2024-11-25T09:16:03.199+0000] {dag.py:3239} INFO - Sync 1 DAGs
[2024-11-25T09:16:03.268+0000] {logging_mixin.py:190} INFO - [2024-11-25T09:16:03.265+0000] {dag.py:4180} INFO - Setting next_dagrun for api_to_postgresql_2 to 2024-11-25 00:00:00+00:00, run_after=2024-11-26 00:00:00+00:00
[2024-11-25T09:16:03.337+0000] {processor.py:208} INFO - Processing /opt/airflow/dags/api_to_pgdatabase.py took 0.222 seconds
[2024-11-25T09:16:35.582+0000] {processor.py:186} INFO - Started process (PID=20858) to work on /opt/airflow/dags/api_to_pgdatabase.py
[2024-11-25T09:16:35.584+0000] {processor.py:914} INFO - Processing file /opt/airflow/dags/api_to_pgdatabase.py for tasks to queue
[2024-11-25T09:16:35.589+0000] {logging_mixin.py:190} INFO - [2024-11-25T09:16:35.588+0000] {dagbag.py:588} INFO - Filling up the DagBag from /opt/airflow/dags/api_to_pgdatabase.py
[2024-11-25T09:16:35.625+0000] {processor.py:925} INFO - DAG(s) 'api_to_postgresql_2' retrieved from /opt/airflow/dags/api_to_pgdatabase.py
[2024-11-25T09:16:35.673+0000] {logging_mixin.py:190} INFO - [2024-11-25T09:16:35.673+0000] {dag.py:3239} INFO - Sync 1 DAGs
[2024-11-25T09:16:35.728+0000] {logging_mixin.py:190} INFO - [2024-11-25T09:16:35.727+0000] {dag.py:4180} INFO - Setting next_dagrun for api_to_postgresql_2 to 2024-11-25 00:00:00+00:00, run_after=2024-11-26 00:00:00+00:00
[2024-11-25T09:16:35.769+0000] {processor.py:208} INFO - Processing /opt/airflow/dags/api_to_pgdatabase.py took 0.203 seconds
[2024-11-25T09:17:06.590+0000] {processor.py:186} INFO - Started process (PID=21159) to work on /opt/airflow/dags/api_to_pgdatabase.py
[2024-11-25T09:17:06.591+0000] {processor.py:914} INFO - Processing file /opt/airflow/dags/api_to_pgdatabase.py for tasks to queue
[2024-11-25T09:17:06.593+0000] {logging_mixin.py:190} INFO - [2024-11-25T09:17:06.593+0000] {dagbag.py:588} INFO - Filling up the DagBag from /opt/airflow/dags/api_to_pgdatabase.py
[2024-11-25T09:17:06.615+0000] {processor.py:925} INFO - DAG(s) 'api_to_postgresql_2' retrieved from /opt/airflow/dags/api_to_pgdatabase.py
[2024-11-25T09:17:06.638+0000] {logging_mixin.py:190} INFO - [2024-11-25T09:17:06.638+0000] {dag.py:3239} INFO - Sync 1 DAGs
[2024-11-25T09:17:06.668+0000] {logging_mixin.py:190} INFO - [2024-11-25T09:17:06.668+0000] {dag.py:4180} INFO - Setting next_dagrun for api_to_postgresql_2 to 2024-11-25 00:00:00+00:00, run_after=2024-11-26 00:00:00+00:00
[2024-11-25T09:17:06.697+0000] {processor.py:208} INFO - Processing /opt/airflow/dags/api_to_pgdatabase.py took 0.113 seconds
[2024-11-25T09:17:37.143+0000] {processor.py:186} INFO - Started process (PID=21460) to work on /opt/airflow/dags/api_to_pgdatabase.py
[2024-11-25T09:17:37.144+0000] {processor.py:914} INFO - Processing file /opt/airflow/dags/api_to_pgdatabase.py for tasks to queue
[2024-11-25T09:17:37.147+0000] {logging_mixin.py:190} INFO - [2024-11-25T09:17:37.146+0000] {dagbag.py:588} INFO - Filling up the DagBag from /opt/airflow/dags/api_to_pgdatabase.py
[2024-11-25T09:17:37.166+0000] {processor.py:925} INFO - DAG(s) 'api_to_postgresql_2' retrieved from /opt/airflow/dags/api_to_pgdatabase.py
[2024-11-25T09:17:37.191+0000] {logging_mixin.py:190} INFO - [2024-11-25T09:17:37.191+0000] {dag.py:3239} INFO - Sync 1 DAGs
[2024-11-25T09:17:37.226+0000] {logging_mixin.py:190} INFO - [2024-11-25T09:17:37.226+0000] {dag.py:4180} INFO - Setting next_dagrun for api_to_postgresql_2 to 2024-11-25 00:00:00+00:00, run_after=2024-11-26 00:00:00+00:00
[2024-11-25T09:17:37.254+0000] {processor.py:208} INFO - Processing /opt/airflow/dags/api_to_pgdatabase.py took 0.116 seconds
[2024-11-25T09:18:07.968+0000] {processor.py:186} INFO - Started process (PID=21761) to work on /opt/airflow/dags/api_to_pgdatabase.py
[2024-11-25T09:18:07.969+0000] {processor.py:914} INFO - Processing file /opt/airflow/dags/api_to_pgdatabase.py for tasks to queue
[2024-11-25T09:18:07.975+0000] {logging_mixin.py:190} INFO - [2024-11-25T09:18:07.974+0000] {dagbag.py:588} INFO - Filling up the DagBag from /opt/airflow/dags/api_to_pgdatabase.py
[2024-11-25T09:18:07.994+0000] {processor.py:925} INFO - DAG(s) 'api_to_postgresql_2' retrieved from /opt/airflow/dags/api_to_pgdatabase.py
[2024-11-25T09:18:08.017+0000] {logging_mixin.py:190} INFO - [2024-11-25T09:18:08.017+0000] {dag.py:3239} INFO - Sync 1 DAGs
[2024-11-25T09:18:08.046+0000] {logging_mixin.py:190} INFO - [2024-11-25T09:18:08.046+0000] {dag.py:4180} INFO - Setting next_dagrun for api_to_postgresql_2 to 2024-11-25 00:00:00+00:00, run_after=2024-11-26 00:00:00+00:00
[2024-11-25T09:18:08.071+0000] {processor.py:208} INFO - Processing /opt/airflow/dags/api_to_pgdatabase.py took 0.109 seconds
[2024-11-25T09:18:38.579+0000] {processor.py:186} INFO - Started process (PID=22062) to work on /opt/airflow/dags/api_to_pgdatabase.py
[2024-11-25T09:18:38.580+0000] {processor.py:914} INFO - Processing file /opt/airflow/dags/api_to_pgdatabase.py for tasks to queue
[2024-11-25T09:18:38.582+0000] {logging_mixin.py:190} INFO - [2024-11-25T09:18:38.582+0000] {dagbag.py:588} INFO - Filling up the DagBag from /opt/airflow/dags/api_to_pgdatabase.py
[2024-11-25T09:18:38.601+0000] {processor.py:925} INFO - DAG(s) 'api_to_postgresql_2' retrieved from /opt/airflow/dags/api_to_pgdatabase.py
[2024-11-25T09:18:38.624+0000] {logging_mixin.py:190} INFO - [2024-11-25T09:18:38.624+0000] {dag.py:3239} INFO - Sync 1 DAGs
[2024-11-25T09:18:38.648+0000] {logging_mixin.py:190} INFO - [2024-11-25T09:18:38.648+0000] {dag.py:4180} INFO - Setting next_dagrun for api_to_postgresql_2 to 2024-11-25 00:00:00+00:00, run_after=2024-11-26 00:00:00+00:00
[2024-11-25T09:18:38.672+0000] {processor.py:208} INFO - Processing /opt/airflow/dags/api_to_pgdatabase.py took 0.098 seconds
