[2024-11-25T06:15:29.226+0000] {processor.py:186} INFO - Started process (PID=390) to work on /home/airflow/.local/lib/python3.12/site-packages/airflow/example_dags/example_branch_labels.py
[2024-11-25T06:15:29.228+0000] {processor.py:914} INFO - Processing file /home/airflow/.local/lib/python3.12/site-packages/airflow/example_dags/example_branch_labels.py for tasks to queue
[2024-11-25T06:15:29.232+0000] {logging_mixin.py:190} INFO - [2024-11-25T06:15:29.232+0000] {dagbag.py:588} INFO - Filling up the DagBag from /home/airflow/.local/lib/python3.12/site-packages/airflow/example_dags/example_branch_labels.py
[2024-11-25T06:15:29.261+0000] {processor.py:925} INFO - DAG(s) 'example_branch_labels' retrieved from /home/airflow/.local/lib/python3.12/site-packages/airflow/example_dags/example_branch_labels.py
[2024-11-25T06:15:29.325+0000] {logging_mixin.py:190} INFO - [2024-11-25T06:15:29.324+0000] {dag.py:3239} INFO - Sync 1 DAGs
[2024-11-25T06:15:29.373+0000] {logging_mixin.py:190} INFO - [2024-11-25T06:15:29.372+0000] {dag.py:4180} INFO - Setting next_dagrun for example_branch_labels to 2024-11-24 00:00:00+00:00, run_after=2024-11-25 00:00:00+00:00
[2024-11-25T06:15:29.407+0000] {processor.py:208} INFO - Processing /home/airflow/.local/lib/python3.12/site-packages/airflow/example_dags/example_branch_labels.py took 0.191 seconds
[2024-11-25T06:16:00.034+0000] {processor.py:186} INFO - Started process (PID=691) to work on /home/airflow/.local/lib/python3.12/site-packages/airflow/example_dags/example_branch_labels.py
[2024-11-25T06:16:00.036+0000] {processor.py:914} INFO - Processing file /home/airflow/.local/lib/python3.12/site-packages/airflow/example_dags/example_branch_labels.py for tasks to queue
[2024-11-25T06:16:00.040+0000] {logging_mixin.py:190} INFO - [2024-11-25T06:16:00.040+0000] {dagbag.py:588} INFO - Filling up the DagBag from /home/airflow/.local/lib/python3.12/site-packages/airflow/example_dags/example_branch_labels.py
[2024-11-25T06:16:00.065+0000] {processor.py:925} INFO - DAG(s) 'example_branch_labels' retrieved from /home/airflow/.local/lib/python3.12/site-packages/airflow/example_dags/example_branch_labels.py
[2024-11-25T06:16:00.107+0000] {logging_mixin.py:190} INFO - [2024-11-25T06:16:00.107+0000] {dag.py:3239} INFO - Sync 1 DAGs
[2024-11-25T06:16:00.160+0000] {logging_mixin.py:190} INFO - [2024-11-25T06:16:00.159+0000] {dag.py:4180} INFO - Setting next_dagrun for example_branch_labels to 2024-11-24 00:00:00+00:00, run_after=2024-11-25 00:00:00+00:00
[2024-11-25T06:16:00.189+0000] {processor.py:208} INFO - Processing /home/airflow/.local/lib/python3.12/site-packages/airflow/example_dags/example_branch_labels.py took 0.170 seconds
[2024-11-25T06:16:31.748+0000] {processor.py:186} INFO - Started process (PID=993) to work on /home/airflow/.local/lib/python3.12/site-packages/airflow/example_dags/example_branch_labels.py
[2024-11-25T06:16:31.750+0000] {processor.py:914} INFO - Processing file /home/airflow/.local/lib/python3.12/site-packages/airflow/example_dags/example_branch_labels.py for tasks to queue
[2024-11-25T06:16:31.753+0000] {logging_mixin.py:190} INFO - [2024-11-25T06:16:31.753+0000] {dagbag.py:588} INFO - Filling up the DagBag from /home/airflow/.local/lib/python3.12/site-packages/airflow/example_dags/example_branch_labels.py
[2024-11-25T06:16:31.765+0000] {processor.py:925} INFO - DAG(s) 'example_branch_labels' retrieved from /home/airflow/.local/lib/python3.12/site-packages/airflow/example_dags/example_branch_labels.py
[2024-11-25T06:16:31.794+0000] {logging_mixin.py:190} INFO - [2024-11-25T06:16:31.794+0000] {dag.py:3239} INFO - Sync 1 DAGs
[2024-11-25T06:16:31.824+0000] {logging_mixin.py:190} INFO - [2024-11-25T06:16:31.824+0000] {dag.py:4180} INFO - Setting next_dagrun for example_branch_labels to 2024-11-24 00:00:00+00:00, run_after=2024-11-25 00:00:00+00:00
[2024-11-25T06:16:31.852+0000] {processor.py:208} INFO - Processing /home/airflow/.local/lib/python3.12/site-packages/airflow/example_dags/example_branch_labels.py took 0.111 seconds
[2024-11-25T06:17:02.625+0000] {processor.py:186} INFO - Started process (PID=1294) to work on /home/airflow/.local/lib/python3.12/site-packages/airflow/example_dags/example_branch_labels.py
[2024-11-25T06:17:02.627+0000] {processor.py:914} INFO - Processing file /home/airflow/.local/lib/python3.12/site-packages/airflow/example_dags/example_branch_labels.py for tasks to queue
[2024-11-25T06:17:02.629+0000] {logging_mixin.py:190} INFO - [2024-11-25T06:17:02.629+0000] {dagbag.py:588} INFO - Filling up the DagBag from /home/airflow/.local/lib/python3.12/site-packages/airflow/example_dags/example_branch_labels.py
[2024-11-25T06:17:02.640+0000] {processor.py:925} INFO - DAG(s) 'example_branch_labels' retrieved from /home/airflow/.local/lib/python3.12/site-packages/airflow/example_dags/example_branch_labels.py
[2024-11-25T06:17:02.667+0000] {logging_mixin.py:190} INFO - [2024-11-25T06:17:02.666+0000] {dag.py:3239} INFO - Sync 1 DAGs
[2024-11-25T06:17:02.694+0000] {logging_mixin.py:190} INFO - [2024-11-25T06:17:02.694+0000] {dag.py:4180} INFO - Setting next_dagrun for example_branch_labels to 2024-11-24 00:00:00+00:00, run_after=2024-11-25 00:00:00+00:00
[2024-11-25T06:17:02.727+0000] {processor.py:208} INFO - Processing /home/airflow/.local/lib/python3.12/site-packages/airflow/example_dags/example_branch_labels.py took 0.107 seconds
[2024-11-25T06:17:35.238+0000] {processor.py:186} INFO - Started process (PID=1602) to work on /home/airflow/.local/lib/python3.12/site-packages/airflow/example_dags/example_branch_labels.py
[2024-11-25T06:17:35.239+0000] {processor.py:914} INFO - Processing file /home/airflow/.local/lib/python3.12/site-packages/airflow/example_dags/example_branch_labels.py for tasks to queue
[2024-11-25T06:17:35.242+0000] {logging_mixin.py:190} INFO - [2024-11-25T06:17:35.242+0000] {dagbag.py:588} INFO - Filling up the DagBag from /home/airflow/.local/lib/python3.12/site-packages/airflow/example_dags/example_branch_labels.py
[2024-11-25T06:17:35.251+0000] {processor.py:925} INFO - DAG(s) 'example_branch_labels' retrieved from /home/airflow/.local/lib/python3.12/site-packages/airflow/example_dags/example_branch_labels.py
[2024-11-25T06:17:35.279+0000] {logging_mixin.py:190} INFO - [2024-11-25T06:17:35.278+0000] {dag.py:3239} INFO - Sync 1 DAGs
[2024-11-25T06:17:35.318+0000] {logging_mixin.py:190} INFO - [2024-11-25T06:17:35.318+0000] {dag.py:4180} INFO - Setting next_dagrun for example_branch_labels to 2024-11-24 00:00:00+00:00, run_after=2024-11-25 00:00:00+00:00
[2024-11-25T06:17:35.340+0000] {processor.py:208} INFO - Processing /home/airflow/.local/lib/python3.12/site-packages/airflow/example_dags/example_branch_labels.py took 0.109 seconds
[2024-11-25T06:18:06.232+0000] {processor.py:186} INFO - Started process (PID=1908) to work on /home/airflow/.local/lib/python3.12/site-packages/airflow/example_dags/example_branch_labels.py
[2024-11-25T06:18:06.234+0000] {processor.py:914} INFO - Processing file /home/airflow/.local/lib/python3.12/site-packages/airflow/example_dags/example_branch_labels.py for tasks to queue
[2024-11-25T06:18:06.236+0000] {logging_mixin.py:190} INFO - [2024-11-25T06:18:06.236+0000] {dagbag.py:588} INFO - Filling up the DagBag from /home/airflow/.local/lib/python3.12/site-packages/airflow/example_dags/example_branch_labels.py
[2024-11-25T06:18:06.246+0000] {processor.py:925} INFO - DAG(s) 'example_branch_labels' retrieved from /home/airflow/.local/lib/python3.12/site-packages/airflow/example_dags/example_branch_labels.py
[2024-11-25T06:18:06.270+0000] {logging_mixin.py:190} INFO - [2024-11-25T06:18:06.270+0000] {dag.py:3239} INFO - Sync 1 DAGs
[2024-11-25T06:18:06.302+0000] {logging_mixin.py:190} INFO - [2024-11-25T06:18:06.301+0000] {dag.py:4180} INFO - Setting next_dagrun for example_branch_labels to 2024-11-24 00:00:00+00:00, run_after=2024-11-25 00:00:00+00:00
[2024-11-25T06:18:06.334+0000] {processor.py:208} INFO - Processing /home/airflow/.local/lib/python3.12/site-packages/airflow/example_dags/example_branch_labels.py took 0.108 seconds
[2024-11-25T06:18:40.219+0000] {processor.py:186} INFO - Started process (PID=2209) to work on /home/airflow/.local/lib/python3.12/site-packages/airflow/example_dags/example_branch_labels.py
[2024-11-25T06:18:40.221+0000] {processor.py:914} INFO - Processing file /home/airflow/.local/lib/python3.12/site-packages/airflow/example_dags/example_branch_labels.py for tasks to queue
[2024-11-25T06:18:40.224+0000] {logging_mixin.py:190} INFO - [2024-11-25T06:18:40.223+0000] {dagbag.py:588} INFO - Filling up the DagBag from /home/airflow/.local/lib/python3.12/site-packages/airflow/example_dags/example_branch_labels.py
[2024-11-25T06:18:40.238+0000] {processor.py:925} INFO - DAG(s) 'example_branch_labels' retrieved from /home/airflow/.local/lib/python3.12/site-packages/airflow/example_dags/example_branch_labels.py
[2024-11-25T06:18:40.283+0000] {logging_mixin.py:190} INFO - [2024-11-25T06:18:40.283+0000] {dag.py:3239} INFO - Sync 1 DAGs
[2024-11-25T06:18:40.337+0000] {logging_mixin.py:190} INFO - [2024-11-25T06:18:40.336+0000] {dag.py:4180} INFO - Setting next_dagrun for example_branch_labels to 2024-11-24 00:00:00+00:00, run_after=2024-11-25 00:00:00+00:00
[2024-11-25T06:18:40.430+0000] {processor.py:208} INFO - Processing /home/airflow/.local/lib/python3.12/site-packages/airflow/example_dags/example_branch_labels.py took 0.222 seconds
[2024-11-25T06:19:10.994+0000] {processor.py:186} INFO - Started process (PID=2510) to work on /home/airflow/.local/lib/python3.12/site-packages/airflow/example_dags/example_branch_labels.py
[2024-11-25T06:19:10.996+0000] {processor.py:914} INFO - Processing file /home/airflow/.local/lib/python3.12/site-packages/airflow/example_dags/example_branch_labels.py for tasks to queue
[2024-11-25T06:19:10.999+0000] {logging_mixin.py:190} INFO - [2024-11-25T06:19:10.998+0000] {dagbag.py:588} INFO - Filling up the DagBag from /home/airflow/.local/lib/python3.12/site-packages/airflow/example_dags/example_branch_labels.py
[2024-11-25T06:19:11.012+0000] {processor.py:925} INFO - DAG(s) 'example_branch_labels' retrieved from /home/airflow/.local/lib/python3.12/site-packages/airflow/example_dags/example_branch_labels.py
[2024-11-25T06:19:11.038+0000] {logging_mixin.py:190} INFO - [2024-11-25T06:19:11.037+0000] {dag.py:3239} INFO - Sync 1 DAGs
[2024-11-25T06:19:11.069+0000] {logging_mixin.py:190} INFO - [2024-11-25T06:19:11.069+0000] {dag.py:4180} INFO - Setting next_dagrun for example_branch_labels to 2024-11-24 00:00:00+00:00, run_after=2024-11-25 00:00:00+00:00
[2024-11-25T06:19:11.100+0000] {processor.py:208} INFO - Processing /home/airflow/.local/lib/python3.12/site-packages/airflow/example_dags/example_branch_labels.py took 0.115 seconds
[2024-11-25T06:19:41.983+0000] {processor.py:186} INFO - Started process (PID=2811) to work on /home/airflow/.local/lib/python3.12/site-packages/airflow/example_dags/example_branch_labels.py
[2024-11-25T06:19:41.984+0000] {processor.py:914} INFO - Processing file /home/airflow/.local/lib/python3.12/site-packages/airflow/example_dags/example_branch_labels.py for tasks to queue
[2024-11-25T06:19:41.987+0000] {logging_mixin.py:190} INFO - [2024-11-25T06:19:41.986+0000] {dagbag.py:588} INFO - Filling up the DagBag from /home/airflow/.local/lib/python3.12/site-packages/airflow/example_dags/example_branch_labels.py
[2024-11-25T06:19:42.001+0000] {processor.py:925} INFO - DAG(s) 'example_branch_labels' retrieved from /home/airflow/.local/lib/python3.12/site-packages/airflow/example_dags/example_branch_labels.py
[2024-11-25T06:19:42.029+0000] {logging_mixin.py:190} INFO - [2024-11-25T06:19:42.029+0000] {dag.py:3239} INFO - Sync 1 DAGs
[2024-11-25T06:19:42.056+0000] {logging_mixin.py:190} INFO - [2024-11-25T06:19:42.056+0000] {dag.py:4180} INFO - Setting next_dagrun for example_branch_labels to 2024-11-24 00:00:00+00:00, run_after=2024-11-25 00:00:00+00:00
[2024-11-25T06:19:42.078+0000] {processor.py:208} INFO - Processing /home/airflow/.local/lib/python3.12/site-packages/airflow/example_dags/example_branch_labels.py took 0.101 seconds
[2024-11-25T06:20:13.711+0000] {processor.py:186} INFO - Started process (PID=3112) to work on /home/airflow/.local/lib/python3.12/site-packages/airflow/example_dags/example_branch_labels.py
[2024-11-25T06:20:13.714+0000] {processor.py:914} INFO - Processing file /home/airflow/.local/lib/python3.12/site-packages/airflow/example_dags/example_branch_labels.py for tasks to queue
[2024-11-25T06:20:13.720+0000] {logging_mixin.py:190} INFO - [2024-11-25T06:20:13.719+0000] {dagbag.py:588} INFO - Filling up the DagBag from /home/airflow/.local/lib/python3.12/site-packages/airflow/example_dags/example_branch_labels.py
[2024-11-25T06:20:13.736+0000] {processor.py:925} INFO - DAG(s) 'example_branch_labels' retrieved from /home/airflow/.local/lib/python3.12/site-packages/airflow/example_dags/example_branch_labels.py
[2024-11-25T06:20:13.766+0000] {logging_mixin.py:190} INFO - [2024-11-25T06:20:13.766+0000] {dag.py:3239} INFO - Sync 1 DAGs
[2024-11-25T06:20:13.798+0000] {logging_mixin.py:190} INFO - [2024-11-25T06:20:13.797+0000] {dag.py:4180} INFO - Setting next_dagrun for example_branch_labels to 2024-11-24 00:00:00+00:00, run_after=2024-11-25 00:00:00+00:00
[2024-11-25T06:20:13.827+0000] {processor.py:208} INFO - Processing /home/airflow/.local/lib/python3.12/site-packages/airflow/example_dags/example_branch_labels.py took 0.127 seconds
[2024-11-25T06:20:45.277+0000] {processor.py:186} INFO - Started process (PID=3413) to work on /home/airflow/.local/lib/python3.12/site-packages/airflow/example_dags/example_branch_labels.py
[2024-11-25T06:20:45.278+0000] {processor.py:914} INFO - Processing file /home/airflow/.local/lib/python3.12/site-packages/airflow/example_dags/example_branch_labels.py for tasks to queue
[2024-11-25T06:20:45.281+0000] {logging_mixin.py:190} INFO - [2024-11-25T06:20:45.280+0000] {dagbag.py:588} INFO - Filling up the DagBag from /home/airflow/.local/lib/python3.12/site-packages/airflow/example_dags/example_branch_labels.py
[2024-11-25T06:20:45.291+0000] {processor.py:925} INFO - DAG(s) 'example_branch_labels' retrieved from /home/airflow/.local/lib/python3.12/site-packages/airflow/example_dags/example_branch_labels.py
[2024-11-25T06:20:45.319+0000] {logging_mixin.py:190} INFO - [2024-11-25T06:20:45.319+0000] {dag.py:3239} INFO - Sync 1 DAGs
[2024-11-25T06:20:45.344+0000] {logging_mixin.py:190} INFO - [2024-11-25T06:20:45.344+0000] {dag.py:4180} INFO - Setting next_dagrun for example_branch_labels to 2024-11-24 00:00:00+00:00, run_after=2024-11-25 00:00:00+00:00
[2024-11-25T06:20:45.362+0000] {processor.py:208} INFO - Processing /home/airflow/.local/lib/python3.12/site-packages/airflow/example_dags/example_branch_labels.py took 0.092 seconds
[2024-11-25T06:21:16.869+0000] {processor.py:186} INFO - Started process (PID=3714) to work on /home/airflow/.local/lib/python3.12/site-packages/airflow/example_dags/example_branch_labels.py
[2024-11-25T06:21:16.871+0000] {processor.py:914} INFO - Processing file /home/airflow/.local/lib/python3.12/site-packages/airflow/example_dags/example_branch_labels.py for tasks to queue
[2024-11-25T06:21:16.873+0000] {logging_mixin.py:190} INFO - [2024-11-25T06:21:16.873+0000] {dagbag.py:588} INFO - Filling up the DagBag from /home/airflow/.local/lib/python3.12/site-packages/airflow/example_dags/example_branch_labels.py
[2024-11-25T06:21:16.885+0000] {processor.py:925} INFO - DAG(s) 'example_branch_labels' retrieved from /home/airflow/.local/lib/python3.12/site-packages/airflow/example_dags/example_branch_labels.py
[2024-11-25T06:21:16.914+0000] {logging_mixin.py:190} INFO - [2024-11-25T06:21:16.913+0000] {dag.py:3239} INFO - Sync 1 DAGs
[2024-11-25T06:21:16.942+0000] {logging_mixin.py:190} INFO - [2024-11-25T06:21:16.942+0000] {dag.py:4180} INFO - Setting next_dagrun for example_branch_labels to 2024-11-24 00:00:00+00:00, run_after=2024-11-25 00:00:00+00:00
[2024-11-25T06:21:16.963+0000] {processor.py:208} INFO - Processing /home/airflow/.local/lib/python3.12/site-packages/airflow/example_dags/example_branch_labels.py took 0.101 seconds
[2024-11-25T06:21:47.915+0000] {processor.py:186} INFO - Started process (PID=4015) to work on /home/airflow/.local/lib/python3.12/site-packages/airflow/example_dags/example_branch_labels.py
[2024-11-25T06:21:47.916+0000] {processor.py:914} INFO - Processing file /home/airflow/.local/lib/python3.12/site-packages/airflow/example_dags/example_branch_labels.py for tasks to queue
[2024-11-25T06:21:47.919+0000] {logging_mixin.py:190} INFO - [2024-11-25T06:21:47.918+0000] {dagbag.py:588} INFO - Filling up the DagBag from /home/airflow/.local/lib/python3.12/site-packages/airflow/example_dags/example_branch_labels.py
[2024-11-25T06:21:47.930+0000] {processor.py:925} INFO - DAG(s) 'example_branch_labels' retrieved from /home/airflow/.local/lib/python3.12/site-packages/airflow/example_dags/example_branch_labels.py
[2024-11-25T06:21:47.956+0000] {logging_mixin.py:190} INFO - [2024-11-25T06:21:47.956+0000] {dag.py:3239} INFO - Sync 1 DAGs
[2024-11-25T06:21:47.992+0000] {logging_mixin.py:190} INFO - [2024-11-25T06:21:47.992+0000] {dag.py:4180} INFO - Setting next_dagrun for example_branch_labels to 2024-11-24 00:00:00+00:00, run_after=2024-11-25 00:00:00+00:00
[2024-11-25T06:21:48.020+0000] {processor.py:208} INFO - Processing /home/airflow/.local/lib/python3.12/site-packages/airflow/example_dags/example_branch_labels.py took 0.112 seconds
[2024-11-25T06:22:25.634+0000] {processor.py:186} INFO - Started process (PID=4316) to work on /home/airflow/.local/lib/python3.12/site-packages/airflow/example_dags/example_branch_labels.py
[2024-11-25T06:22:25.636+0000] {processor.py:914} INFO - Processing file /home/airflow/.local/lib/python3.12/site-packages/airflow/example_dags/example_branch_labels.py for tasks to queue
[2024-11-25T06:22:25.640+0000] {logging_mixin.py:190} INFO - [2024-11-25T06:22:25.639+0000] {dagbag.py:588} INFO - Filling up the DagBag from /home/airflow/.local/lib/python3.12/site-packages/airflow/example_dags/example_branch_labels.py
[2024-11-25T06:22:25.675+0000] {processor.py:925} INFO - DAG(s) 'example_branch_labels' retrieved from /home/airflow/.local/lib/python3.12/site-packages/airflow/example_dags/example_branch_labels.py
[2024-11-25T06:22:25.774+0000] {logging_mixin.py:190} INFO - [2024-11-25T06:22:25.773+0000] {dag.py:3239} INFO - Sync 1 DAGs
[2024-11-25T06:22:25.877+0000] {logging_mixin.py:190} INFO - [2024-11-25T06:22:25.876+0000] {dag.py:4180} INFO - Setting next_dagrun for example_branch_labels to 2024-11-24 00:00:00+00:00, run_after=2024-11-25 00:00:00+00:00
[2024-11-25T06:22:25.925+0000] {processor.py:208} INFO - Processing /home/airflow/.local/lib/python3.12/site-packages/airflow/example_dags/example_branch_labels.py took 0.304 seconds
[2024-11-25T06:22:57.641+0000] {processor.py:186} INFO - Started process (PID=4619) to work on /home/airflow/.local/lib/python3.12/site-packages/airflow/example_dags/example_branch_labels.py
[2024-11-25T06:22:57.643+0000] {processor.py:914} INFO - Processing file /home/airflow/.local/lib/python3.12/site-packages/airflow/example_dags/example_branch_labels.py for tasks to queue
[2024-11-25T06:22:57.646+0000] {logging_mixin.py:190} INFO - [2024-11-25T06:22:57.646+0000] {dagbag.py:588} INFO - Filling up the DagBag from /home/airflow/.local/lib/python3.12/site-packages/airflow/example_dags/example_branch_labels.py
[2024-11-25T06:22:57.660+0000] {processor.py:925} INFO - DAG(s) 'example_branch_labels' retrieved from /home/airflow/.local/lib/python3.12/site-packages/airflow/example_dags/example_branch_labels.py
[2024-11-25T06:22:57.696+0000] {logging_mixin.py:190} INFO - [2024-11-25T06:22:57.695+0000] {dag.py:3239} INFO - Sync 1 DAGs
[2024-11-25T06:22:57.736+0000] {logging_mixin.py:190} INFO - [2024-11-25T06:22:57.735+0000] {dag.py:4180} INFO - Setting next_dagrun for example_branch_labels to 2024-11-24 00:00:00+00:00, run_after=2024-11-25 00:00:00+00:00
[2024-11-25T06:22:57.760+0000] {processor.py:208} INFO - Processing /home/airflow/.local/lib/python3.12/site-packages/airflow/example_dags/example_branch_labels.py took 0.128 seconds
[2024-11-25T06:23:27.958+0000] {processor.py:186} INFO - Started process (PID=4920) to work on /home/airflow/.local/lib/python3.12/site-packages/airflow/example_dags/example_branch_labels.py
[2024-11-25T06:23:27.960+0000] {processor.py:914} INFO - Processing file /home/airflow/.local/lib/python3.12/site-packages/airflow/example_dags/example_branch_labels.py for tasks to queue
[2024-11-25T06:23:27.962+0000] {logging_mixin.py:190} INFO - [2024-11-25T06:23:27.962+0000] {dagbag.py:588} INFO - Filling up the DagBag from /home/airflow/.local/lib/python3.12/site-packages/airflow/example_dags/example_branch_labels.py
[2024-11-25T06:23:27.973+0000] {processor.py:925} INFO - DAG(s) 'example_branch_labels' retrieved from /home/airflow/.local/lib/python3.12/site-packages/airflow/example_dags/example_branch_labels.py
[2024-11-25T06:23:27.996+0000] {logging_mixin.py:190} INFO - [2024-11-25T06:23:27.995+0000] {dag.py:3239} INFO - Sync 1 DAGs
[2024-11-25T06:23:28.018+0000] {logging_mixin.py:190} INFO - [2024-11-25T06:23:28.018+0000] {dag.py:4180} INFO - Setting next_dagrun for example_branch_labels to 2024-11-24 00:00:00+00:00, run_after=2024-11-25 00:00:00+00:00
[2024-11-25T06:23:28.040+0000] {processor.py:208} INFO - Processing /home/airflow/.local/lib/python3.12/site-packages/airflow/example_dags/example_branch_labels.py took 0.087 seconds
[2024-11-25T06:23:59.091+0000] {processor.py:186} INFO - Started process (PID=5219) to work on /home/airflow/.local/lib/python3.12/site-packages/airflow/example_dags/example_branch_labels.py
[2024-11-25T06:23:59.093+0000] {processor.py:914} INFO - Processing file /home/airflow/.local/lib/python3.12/site-packages/airflow/example_dags/example_branch_labels.py for tasks to queue
[2024-11-25T06:23:59.096+0000] {logging_mixin.py:190} INFO - [2024-11-25T06:23:59.096+0000] {dagbag.py:588} INFO - Filling up the DagBag from /home/airflow/.local/lib/python3.12/site-packages/airflow/example_dags/example_branch_labels.py
[2024-11-25T06:23:59.113+0000] {processor.py:925} INFO - DAG(s) 'example_branch_labels' retrieved from /home/airflow/.local/lib/python3.12/site-packages/airflow/example_dags/example_branch_labels.py
[2024-11-25T06:23:59.147+0000] {logging_mixin.py:190} INFO - [2024-11-25T06:23:59.147+0000] {dag.py:3239} INFO - Sync 1 DAGs
[2024-11-25T06:23:59.194+0000] {logging_mixin.py:190} INFO - [2024-11-25T06:23:59.193+0000] {dag.py:4180} INFO - Setting next_dagrun for example_branch_labels to 2024-11-24 00:00:00+00:00, run_after=2024-11-25 00:00:00+00:00
[2024-11-25T06:23:59.223+0000] {processor.py:208} INFO - Processing /home/airflow/.local/lib/python3.12/site-packages/airflow/example_dags/example_branch_labels.py took 0.140 seconds
[2024-11-25T06:24:31.006+0000] {processor.py:186} INFO - Started process (PID=5520) to work on /home/airflow/.local/lib/python3.12/site-packages/airflow/example_dags/example_branch_labels.py
[2024-11-25T06:24:31.007+0000] {processor.py:914} INFO - Processing file /home/airflow/.local/lib/python3.12/site-packages/airflow/example_dags/example_branch_labels.py for tasks to queue
[2024-11-25T06:24:31.011+0000] {logging_mixin.py:190} INFO - [2024-11-25T06:24:31.010+0000] {dagbag.py:588} INFO - Filling up the DagBag from /home/airflow/.local/lib/python3.12/site-packages/airflow/example_dags/example_branch_labels.py
[2024-11-25T06:24:31.021+0000] {processor.py:925} INFO - DAG(s) 'example_branch_labels' retrieved from /home/airflow/.local/lib/python3.12/site-packages/airflow/example_dags/example_branch_labels.py
[2024-11-25T06:24:31.046+0000] {logging_mixin.py:190} INFO - [2024-11-25T06:24:31.045+0000] {dag.py:3239} INFO - Sync 1 DAGs
[2024-11-25T06:24:31.075+0000] {logging_mixin.py:190} INFO - [2024-11-25T06:24:31.075+0000] {dag.py:4180} INFO - Setting next_dagrun for example_branch_labels to 2024-11-24 00:00:00+00:00, run_after=2024-11-25 00:00:00+00:00
[2024-11-25T06:24:31.095+0000] {processor.py:208} INFO - Processing /home/airflow/.local/lib/python3.12/site-packages/airflow/example_dags/example_branch_labels.py took 0.097 seconds
[2024-11-25T06:25:04.103+0000] {processor.py:186} INFO - Started process (PID=5836) to work on /home/airflow/.local/lib/python3.12/site-packages/airflow/example_dags/example_branch_labels.py
[2024-11-25T06:25:04.105+0000] {processor.py:914} INFO - Processing file /home/airflow/.local/lib/python3.12/site-packages/airflow/example_dags/example_branch_labels.py for tasks to queue
[2024-11-25T06:25:04.109+0000] {logging_mixin.py:190} INFO - [2024-11-25T06:25:04.109+0000] {dagbag.py:588} INFO - Filling up the DagBag from /home/airflow/.local/lib/python3.12/site-packages/airflow/example_dags/example_branch_labels.py
[2024-11-25T06:25:04.127+0000] {processor.py:925} INFO - DAG(s) 'example_branch_labels' retrieved from /home/airflow/.local/lib/python3.12/site-packages/airflow/example_dags/example_branch_labels.py
[2024-11-25T06:25:04.169+0000] {logging_mixin.py:190} INFO - [2024-11-25T06:25:04.166+0000] {dag.py:3239} INFO - Sync 1 DAGs
[2024-11-25T06:25:04.231+0000] {logging_mixin.py:190} INFO - [2024-11-25T06:25:04.230+0000] {dag.py:4180} INFO - Setting next_dagrun for example_branch_labels to 2024-11-24 00:00:00+00:00, run_after=2024-11-25 00:00:00+00:00
[2024-11-25T06:25:04.279+0000] {processor.py:208} INFO - Processing /home/airflow/.local/lib/python3.12/site-packages/airflow/example_dags/example_branch_labels.py took 0.184 seconds
[2024-11-25T06:25:35.423+0000] {processor.py:186} INFO - Started process (PID=6137) to work on /home/airflow/.local/lib/python3.12/site-packages/airflow/example_dags/example_branch_labels.py
[2024-11-25T06:25:35.425+0000] {processor.py:914} INFO - Processing file /home/airflow/.local/lib/python3.12/site-packages/airflow/example_dags/example_branch_labels.py for tasks to queue
[2024-11-25T06:25:35.429+0000] {logging_mixin.py:190} INFO - [2024-11-25T06:25:35.428+0000] {dagbag.py:588} INFO - Filling up the DagBag from /home/airflow/.local/lib/python3.12/site-packages/airflow/example_dags/example_branch_labels.py
[2024-11-25T06:25:35.440+0000] {processor.py:925} INFO - DAG(s) 'example_branch_labels' retrieved from /home/airflow/.local/lib/python3.12/site-packages/airflow/example_dags/example_branch_labels.py
[2024-11-25T06:25:35.470+0000] {logging_mixin.py:190} INFO - [2024-11-25T06:25:35.470+0000] {dag.py:3239} INFO - Sync 1 DAGs
[2024-11-25T06:25:35.504+0000] {logging_mixin.py:190} INFO - [2024-11-25T06:25:35.503+0000] {dag.py:4180} INFO - Setting next_dagrun for example_branch_labels to 2024-11-24 00:00:00+00:00, run_after=2024-11-25 00:00:00+00:00
[2024-11-25T06:25:35.531+0000] {processor.py:208} INFO - Processing /home/airflow/.local/lib/python3.12/site-packages/airflow/example_dags/example_branch_labels.py took 0.115 seconds
[2024-11-25T06:26:07.407+0000] {processor.py:186} INFO - Started process (PID=6462) to work on /home/airflow/.local/lib/python3.12/site-packages/airflow/example_dags/example_branch_labels.py
[2024-11-25T06:26:07.409+0000] {processor.py:914} INFO - Processing file /home/airflow/.local/lib/python3.12/site-packages/airflow/example_dags/example_branch_labels.py for tasks to queue
[2024-11-25T06:26:07.413+0000] {logging_mixin.py:190} INFO - [2024-11-25T06:26:07.413+0000] {dagbag.py:588} INFO - Filling up the DagBag from /home/airflow/.local/lib/python3.12/site-packages/airflow/example_dags/example_branch_labels.py
[2024-11-25T06:26:07.428+0000] {processor.py:925} INFO - DAG(s) 'example_branch_labels' retrieved from /home/airflow/.local/lib/python3.12/site-packages/airflow/example_dags/example_branch_labels.py
[2024-11-25T06:26:07.459+0000] {logging_mixin.py:190} INFO - [2024-11-25T06:26:07.459+0000] {dag.py:3239} INFO - Sync 1 DAGs
[2024-11-25T06:26:07.491+0000] {logging_mixin.py:190} INFO - [2024-11-25T06:26:07.490+0000] {dag.py:4180} INFO - Setting next_dagrun for example_branch_labels to 2024-11-24 00:00:00+00:00, run_after=2024-11-25 00:00:00+00:00
[2024-11-25T06:26:07.519+0000] {processor.py:208} INFO - Processing /home/airflow/.local/lib/python3.12/site-packages/airflow/example_dags/example_branch_labels.py took 0.124 seconds
[2024-11-25T06:26:41.537+0000] {processor.py:186} INFO - Started process (PID=6793) to work on /home/airflow/.local/lib/python3.12/site-packages/airflow/example_dags/example_branch_labels.py
[2024-11-25T06:26:41.541+0000] {processor.py:914} INFO - Processing file /home/airflow/.local/lib/python3.12/site-packages/airflow/example_dags/example_branch_labels.py for tasks to queue
[2024-11-25T06:26:41.553+0000] {logging_mixin.py:190} INFO - [2024-11-25T06:26:41.552+0000] {dagbag.py:588} INFO - Filling up the DagBag from /home/airflow/.local/lib/python3.12/site-packages/airflow/example_dags/example_branch_labels.py
[2024-11-25T06:26:41.584+0000] {processor.py:925} INFO - DAG(s) 'example_branch_labels' retrieved from /home/airflow/.local/lib/python3.12/site-packages/airflow/example_dags/example_branch_labels.py
[2024-11-25T06:26:41.664+0000] {logging_mixin.py:190} INFO - [2024-11-25T06:26:41.663+0000] {dag.py:3239} INFO - Sync 1 DAGs
[2024-11-25T06:26:41.761+0000] {logging_mixin.py:190} INFO - [2024-11-25T06:26:41.760+0000] {dag.py:4180} INFO - Setting next_dagrun for example_branch_labels to 2024-11-24 00:00:00+00:00, run_after=2024-11-25 00:00:00+00:00
[2024-11-25T06:26:41.837+0000] {processor.py:208} INFO - Processing /home/airflow/.local/lib/python3.12/site-packages/airflow/example_dags/example_branch_labels.py took 0.317 seconds
[2024-11-25T06:27:12.436+0000] {processor.py:186} INFO - Started process (PID=7094) to work on /home/airflow/.local/lib/python3.12/site-packages/airflow/example_dags/example_branch_labels.py
[2024-11-25T06:27:12.443+0000] {processor.py:914} INFO - Processing file /home/airflow/.local/lib/python3.12/site-packages/airflow/example_dags/example_branch_labels.py for tasks to queue
[2024-11-25T06:27:12.448+0000] {logging_mixin.py:190} INFO - [2024-11-25T06:27:12.447+0000] {dagbag.py:588} INFO - Filling up the DagBag from /home/airflow/.local/lib/python3.12/site-packages/airflow/example_dags/example_branch_labels.py
[2024-11-25T06:27:12.462+0000] {processor.py:925} INFO - DAG(s) 'example_branch_labels' retrieved from /home/airflow/.local/lib/python3.12/site-packages/airflow/example_dags/example_branch_labels.py
[2024-11-25T06:27:12.505+0000] {logging_mixin.py:190} INFO - [2024-11-25T06:27:12.505+0000] {dag.py:3239} INFO - Sync 1 DAGs
[2024-11-25T06:27:12.586+0000] {logging_mixin.py:190} INFO - [2024-11-25T06:27:12.585+0000] {dag.py:4180} INFO - Setting next_dagrun for example_branch_labels to 2024-11-24 00:00:00+00:00, run_after=2024-11-25 00:00:00+00:00
[2024-11-25T06:27:12.626+0000] {processor.py:208} INFO - Processing /home/airflow/.local/lib/python3.12/site-packages/airflow/example_dags/example_branch_labels.py took 0.199 seconds
[2024-11-25T06:27:43.660+0000] {processor.py:186} INFO - Started process (PID=7395) to work on /home/airflow/.local/lib/python3.12/site-packages/airflow/example_dags/example_branch_labels.py
[2024-11-25T06:27:43.661+0000] {processor.py:914} INFO - Processing file /home/airflow/.local/lib/python3.12/site-packages/airflow/example_dags/example_branch_labels.py for tasks to queue
[2024-11-25T06:27:43.663+0000] {logging_mixin.py:190} INFO - [2024-11-25T06:27:43.663+0000] {dagbag.py:588} INFO - Filling up the DagBag from /home/airflow/.local/lib/python3.12/site-packages/airflow/example_dags/example_branch_labels.py
[2024-11-25T06:27:43.674+0000] {processor.py:925} INFO - DAG(s) 'example_branch_labels' retrieved from /home/airflow/.local/lib/python3.12/site-packages/airflow/example_dags/example_branch_labels.py
[2024-11-25T06:27:43.698+0000] {logging_mixin.py:190} INFO - [2024-11-25T06:27:43.698+0000] {dag.py:3239} INFO - Sync 1 DAGs
[2024-11-25T06:27:43.724+0000] {logging_mixin.py:190} INFO - [2024-11-25T06:27:43.723+0000] {dag.py:4180} INFO - Setting next_dagrun for example_branch_labels to 2024-11-24 00:00:00+00:00, run_after=2024-11-25 00:00:00+00:00
[2024-11-25T06:27:43.751+0000] {processor.py:208} INFO - Processing /home/airflow/.local/lib/python3.12/site-packages/airflow/example_dags/example_branch_labels.py took 0.098 seconds
[2024-11-25T06:28:14.593+0000] {processor.py:186} INFO - Started process (PID=7696) to work on /home/airflow/.local/lib/python3.12/site-packages/airflow/example_dags/example_branch_labels.py
[2024-11-25T06:28:14.594+0000] {processor.py:914} INFO - Processing file /home/airflow/.local/lib/python3.12/site-packages/airflow/example_dags/example_branch_labels.py for tasks to queue
[2024-11-25T06:28:14.597+0000] {logging_mixin.py:190} INFO - [2024-11-25T06:28:14.596+0000] {dagbag.py:588} INFO - Filling up the DagBag from /home/airflow/.local/lib/python3.12/site-packages/airflow/example_dags/example_branch_labels.py
[2024-11-25T06:28:14.611+0000] {processor.py:925} INFO - DAG(s) 'example_branch_labels' retrieved from /home/airflow/.local/lib/python3.12/site-packages/airflow/example_dags/example_branch_labels.py
[2024-11-25T06:28:14.644+0000] {logging_mixin.py:190} INFO - [2024-11-25T06:28:14.643+0000] {dag.py:3239} INFO - Sync 1 DAGs
[2024-11-25T06:28:14.684+0000] {logging_mixin.py:190} INFO - [2024-11-25T06:28:14.683+0000] {dag.py:4180} INFO - Setting next_dagrun for example_branch_labels to 2024-11-24 00:00:00+00:00, run_after=2024-11-25 00:00:00+00:00
[2024-11-25T06:28:14.710+0000] {processor.py:208} INFO - Processing /home/airflow/.local/lib/python3.12/site-packages/airflow/example_dags/example_branch_labels.py took 0.124 seconds
[2024-11-25T06:28:45.422+0000] {processor.py:186} INFO - Started process (PID=7997) to work on /home/airflow/.local/lib/python3.12/site-packages/airflow/example_dags/example_branch_labels.py
[2024-11-25T06:28:45.423+0000] {processor.py:914} INFO - Processing file /home/airflow/.local/lib/python3.12/site-packages/airflow/example_dags/example_branch_labels.py for tasks to queue
[2024-11-25T06:28:45.426+0000] {logging_mixin.py:190} INFO - [2024-11-25T06:28:45.426+0000] {dagbag.py:588} INFO - Filling up the DagBag from /home/airflow/.local/lib/python3.12/site-packages/airflow/example_dags/example_branch_labels.py
[2024-11-25T06:28:45.437+0000] {processor.py:925} INFO - DAG(s) 'example_branch_labels' retrieved from /home/airflow/.local/lib/python3.12/site-packages/airflow/example_dags/example_branch_labels.py
[2024-11-25T06:28:45.466+0000] {logging_mixin.py:190} INFO - [2024-11-25T06:28:45.465+0000] {dag.py:3239} INFO - Sync 1 DAGs
[2024-11-25T06:28:45.494+0000] {logging_mixin.py:190} INFO - [2024-11-25T06:28:45.494+0000] {dag.py:4180} INFO - Setting next_dagrun for example_branch_labels to 2024-11-24 00:00:00+00:00, run_after=2024-11-25 00:00:00+00:00
[2024-11-25T06:28:45.517+0000] {processor.py:208} INFO - Processing /home/airflow/.local/lib/python3.12/site-packages/airflow/example_dags/example_branch_labels.py took 0.101 seconds
[2024-11-25T06:29:15.823+0000] {processor.py:186} INFO - Started process (PID=8293) to work on /home/airflow/.local/lib/python3.12/site-packages/airflow/example_dags/example_branch_labels.py
[2024-11-25T06:29:15.826+0000] {processor.py:914} INFO - Processing file /home/airflow/.local/lib/python3.12/site-packages/airflow/example_dags/example_branch_labels.py for tasks to queue
[2024-11-25T06:29:15.829+0000] {logging_mixin.py:190} INFO - [2024-11-25T06:29:15.829+0000] {dagbag.py:588} INFO - Filling up the DagBag from /home/airflow/.local/lib/python3.12/site-packages/airflow/example_dags/example_branch_labels.py
[2024-11-25T06:29:15.845+0000] {processor.py:925} INFO - DAG(s) 'example_branch_labels' retrieved from /home/airflow/.local/lib/python3.12/site-packages/airflow/example_dags/example_branch_labels.py
[2024-11-25T06:29:15.879+0000] {logging_mixin.py:190} INFO - [2024-11-25T06:29:15.878+0000] {dag.py:3239} INFO - Sync 1 DAGs
[2024-11-25T06:29:15.910+0000] {logging_mixin.py:190} INFO - [2024-11-25T06:29:15.909+0000] {dag.py:4180} INFO - Setting next_dagrun for example_branch_labels to 2024-11-24 00:00:00+00:00, run_after=2024-11-25 00:00:00+00:00
[2024-11-25T06:29:15.936+0000] {processor.py:208} INFO - Processing /home/airflow/.local/lib/python3.12/site-packages/airflow/example_dags/example_branch_labels.py took 0.123 seconds
[2024-11-25T06:29:46.203+0000] {processor.py:186} INFO - Started process (PID=8594) to work on /home/airflow/.local/lib/python3.12/site-packages/airflow/example_dags/example_branch_labels.py
[2024-11-25T06:29:46.206+0000] {processor.py:914} INFO - Processing file /home/airflow/.local/lib/python3.12/site-packages/airflow/example_dags/example_branch_labels.py for tasks to queue
[2024-11-25T06:29:46.214+0000] {logging_mixin.py:190} INFO - [2024-11-25T06:29:46.213+0000] {dagbag.py:588} INFO - Filling up the DagBag from /home/airflow/.local/lib/python3.12/site-packages/airflow/example_dags/example_branch_labels.py
[2024-11-25T06:29:46.226+0000] {processor.py:925} INFO - DAG(s) 'example_branch_labels' retrieved from /home/airflow/.local/lib/python3.12/site-packages/airflow/example_dags/example_branch_labels.py
[2024-11-25T06:29:46.251+0000] {logging_mixin.py:190} INFO - [2024-11-25T06:29:46.251+0000] {dag.py:3239} INFO - Sync 1 DAGs
[2024-11-25T06:29:46.279+0000] {logging_mixin.py:190} INFO - [2024-11-25T06:29:46.279+0000] {dag.py:4180} INFO - Setting next_dagrun for example_branch_labels to 2024-11-24 00:00:00+00:00, run_after=2024-11-25 00:00:00+00:00
[2024-11-25T06:29:46.299+0000] {processor.py:208} INFO - Processing /home/airflow/.local/lib/python3.12/site-packages/airflow/example_dags/example_branch_labels.py took 0.108 seconds
[2024-11-25T06:30:18.076+0000] {processor.py:186} INFO - Started process (PID=8895) to work on /home/airflow/.local/lib/python3.12/site-packages/airflow/example_dags/example_branch_labels.py
[2024-11-25T06:30:18.078+0000] {processor.py:914} INFO - Processing file /home/airflow/.local/lib/python3.12/site-packages/airflow/example_dags/example_branch_labels.py for tasks to queue
[2024-11-25T06:30:18.083+0000] {logging_mixin.py:190} INFO - [2024-11-25T06:30:18.082+0000] {dagbag.py:588} INFO - Filling up the DagBag from /home/airflow/.local/lib/python3.12/site-packages/airflow/example_dags/example_branch_labels.py
[2024-11-25T06:30:18.100+0000] {processor.py:925} INFO - DAG(s) 'example_branch_labels' retrieved from /home/airflow/.local/lib/python3.12/site-packages/airflow/example_dags/example_branch_labels.py
[2024-11-25T06:30:18.146+0000] {logging_mixin.py:190} INFO - [2024-11-25T06:30:18.145+0000] {dag.py:3239} INFO - Sync 1 DAGs
[2024-11-25T06:30:18.206+0000] {logging_mixin.py:190} INFO - [2024-11-25T06:30:18.206+0000] {dag.py:4180} INFO - Setting next_dagrun for example_branch_labels to 2024-11-24 00:00:00+00:00, run_after=2024-11-25 00:00:00+00:00
[2024-11-25T06:30:18.262+0000] {processor.py:208} INFO - Processing /home/airflow/.local/lib/python3.12/site-packages/airflow/example_dags/example_branch_labels.py took 0.205 seconds
[2024-11-25T06:30:49.116+0000] {processor.py:186} INFO - Started process (PID=9196) to work on /home/airflow/.local/lib/python3.12/site-packages/airflow/example_dags/example_branch_labels.py
[2024-11-25T06:30:49.118+0000] {processor.py:914} INFO - Processing file /home/airflow/.local/lib/python3.12/site-packages/airflow/example_dags/example_branch_labels.py for tasks to queue
[2024-11-25T06:30:49.124+0000] {logging_mixin.py:190} INFO - [2024-11-25T06:30:49.122+0000] {dagbag.py:588} INFO - Filling up the DagBag from /home/airflow/.local/lib/python3.12/site-packages/airflow/example_dags/example_branch_labels.py
[2024-11-25T06:30:49.145+0000] {processor.py:925} INFO - DAG(s) 'example_branch_labels' retrieved from /home/airflow/.local/lib/python3.12/site-packages/airflow/example_dags/example_branch_labels.py
[2024-11-25T06:30:49.186+0000] {logging_mixin.py:190} INFO - [2024-11-25T06:30:49.186+0000] {dag.py:3239} INFO - Sync 1 DAGs
[2024-11-25T06:30:49.245+0000] {logging_mixin.py:190} INFO - [2024-11-25T06:30:49.245+0000] {dag.py:4180} INFO - Setting next_dagrun for example_branch_labels to 2024-11-24 00:00:00+00:00, run_after=2024-11-25 00:00:00+00:00
[2024-11-25T06:30:49.287+0000] {processor.py:208} INFO - Processing /home/airflow/.local/lib/python3.12/site-packages/airflow/example_dags/example_branch_labels.py took 0.181 seconds
[2024-11-25T06:31:19.459+0000] {processor.py:186} INFO - Started process (PID=9497) to work on /home/airflow/.local/lib/python3.12/site-packages/airflow/example_dags/example_branch_labels.py
[2024-11-25T06:31:19.460+0000] {processor.py:914} INFO - Processing file /home/airflow/.local/lib/python3.12/site-packages/airflow/example_dags/example_branch_labels.py for tasks to queue
[2024-11-25T06:31:19.464+0000] {logging_mixin.py:190} INFO - [2024-11-25T06:31:19.463+0000] {dagbag.py:588} INFO - Filling up the DagBag from /home/airflow/.local/lib/python3.12/site-packages/airflow/example_dags/example_branch_labels.py
[2024-11-25T06:31:19.476+0000] {processor.py:925} INFO - DAG(s) 'example_branch_labels' retrieved from /home/airflow/.local/lib/python3.12/site-packages/airflow/example_dags/example_branch_labels.py
[2024-11-25T06:31:19.504+0000] {logging_mixin.py:190} INFO - [2024-11-25T06:31:19.503+0000] {dag.py:3239} INFO - Sync 1 DAGs
[2024-11-25T06:31:19.531+0000] {logging_mixin.py:190} INFO - [2024-11-25T06:31:19.531+0000] {dag.py:4180} INFO - Setting next_dagrun for example_branch_labels to 2024-11-24 00:00:00+00:00, run_after=2024-11-25 00:00:00+00:00
[2024-11-25T06:31:19.556+0000] {processor.py:208} INFO - Processing /home/airflow/.local/lib/python3.12/site-packages/airflow/example_dags/example_branch_labels.py took 0.108 seconds
[2024-11-25T06:31:50.125+0000] {processor.py:186} INFO - Started process (PID=9795) to work on /home/airflow/.local/lib/python3.12/site-packages/airflow/example_dags/example_branch_labels.py
[2024-11-25T06:31:50.126+0000] {processor.py:914} INFO - Processing file /home/airflow/.local/lib/python3.12/site-packages/airflow/example_dags/example_branch_labels.py for tasks to queue
[2024-11-25T06:31:50.128+0000] {logging_mixin.py:190} INFO - [2024-11-25T06:31:50.128+0000] {dagbag.py:588} INFO - Filling up the DagBag from /home/airflow/.local/lib/python3.12/site-packages/airflow/example_dags/example_branch_labels.py
[2024-11-25T06:31:50.138+0000] {processor.py:925} INFO - DAG(s) 'example_branch_labels' retrieved from /home/airflow/.local/lib/python3.12/site-packages/airflow/example_dags/example_branch_labels.py
[2024-11-25T06:31:50.166+0000] {logging_mixin.py:190} INFO - [2024-11-25T06:31:50.165+0000] {dag.py:3239} INFO - Sync 1 DAGs
[2024-11-25T06:31:50.199+0000] {logging_mixin.py:190} INFO - [2024-11-25T06:31:50.199+0000] {dag.py:4180} INFO - Setting next_dagrun for example_branch_labels to 2024-11-24 00:00:00+00:00, run_after=2024-11-25 00:00:00+00:00
[2024-11-25T06:31:50.229+0000] {processor.py:208} INFO - Processing /home/airflow/.local/lib/python3.12/site-packages/airflow/example_dags/example_branch_labels.py took 0.110 seconds
[2024-11-25T06:32:21.107+0000] {processor.py:186} INFO - Started process (PID=10096) to work on /home/airflow/.local/lib/python3.12/site-packages/airflow/example_dags/example_branch_labels.py
[2024-11-25T06:32:21.109+0000] {processor.py:914} INFO - Processing file /home/airflow/.local/lib/python3.12/site-packages/airflow/example_dags/example_branch_labels.py for tasks to queue
[2024-11-25T06:32:21.111+0000] {logging_mixin.py:190} INFO - [2024-11-25T06:32:21.111+0000] {dagbag.py:588} INFO - Filling up the DagBag from /home/airflow/.local/lib/python3.12/site-packages/airflow/example_dags/example_branch_labels.py
[2024-11-25T06:32:21.121+0000] {processor.py:925} INFO - DAG(s) 'example_branch_labels' retrieved from /home/airflow/.local/lib/python3.12/site-packages/airflow/example_dags/example_branch_labels.py
[2024-11-25T06:32:21.144+0000] {logging_mixin.py:190} INFO - [2024-11-25T06:32:21.144+0000] {dag.py:3239} INFO - Sync 1 DAGs
[2024-11-25T06:32:21.169+0000] {logging_mixin.py:190} INFO - [2024-11-25T06:32:21.168+0000] {dag.py:4180} INFO - Setting next_dagrun for example_branch_labels to 2024-11-24 00:00:00+00:00, run_after=2024-11-25 00:00:00+00:00
[2024-11-25T06:32:21.188+0000] {processor.py:208} INFO - Processing /home/airflow/.local/lib/python3.12/site-packages/airflow/example_dags/example_branch_labels.py took 0.086 seconds
[2024-11-25T06:32:51.366+0000] {processor.py:186} INFO - Started process (PID=10398) to work on /home/airflow/.local/lib/python3.12/site-packages/airflow/example_dags/example_branch_labels.py
[2024-11-25T06:32:51.367+0000] {processor.py:914} INFO - Processing file /home/airflow/.local/lib/python3.12/site-packages/airflow/example_dags/example_branch_labels.py for tasks to queue
[2024-11-25T06:32:51.370+0000] {logging_mixin.py:190} INFO - [2024-11-25T06:32:51.369+0000] {dagbag.py:588} INFO - Filling up the DagBag from /home/airflow/.local/lib/python3.12/site-packages/airflow/example_dags/example_branch_labels.py
[2024-11-25T06:32:51.380+0000] {processor.py:925} INFO - DAG(s) 'example_branch_labels' retrieved from /home/airflow/.local/lib/python3.12/site-packages/airflow/example_dags/example_branch_labels.py
[2024-11-25T06:32:51.419+0000] {logging_mixin.py:190} INFO - [2024-11-25T06:32:51.419+0000] {dag.py:3239} INFO - Sync 1 DAGs
[2024-11-25T06:32:51.462+0000] {logging_mixin.py:190} INFO - [2024-11-25T06:32:51.462+0000] {dag.py:4180} INFO - Setting next_dagrun for example_branch_labels to 2024-11-24 00:00:00+00:00, run_after=2024-11-25 00:00:00+00:00
[2024-11-25T06:32:51.494+0000] {processor.py:208} INFO - Processing /home/airflow/.local/lib/python3.12/site-packages/airflow/example_dags/example_branch_labels.py took 0.134 seconds
[2024-11-25T06:33:21.938+0000] {processor.py:186} INFO - Started process (PID=10699) to work on /home/airflow/.local/lib/python3.12/site-packages/airflow/example_dags/example_branch_labels.py
[2024-11-25T06:33:21.940+0000] {processor.py:914} INFO - Processing file /home/airflow/.local/lib/python3.12/site-packages/airflow/example_dags/example_branch_labels.py for tasks to queue
[2024-11-25T06:33:21.942+0000] {logging_mixin.py:190} INFO - [2024-11-25T06:33:21.942+0000] {dagbag.py:588} INFO - Filling up the DagBag from /home/airflow/.local/lib/python3.12/site-packages/airflow/example_dags/example_branch_labels.py
[2024-11-25T06:33:21.953+0000] {processor.py:925} INFO - DAG(s) 'example_branch_labels' retrieved from /home/airflow/.local/lib/python3.12/site-packages/airflow/example_dags/example_branch_labels.py
[2024-11-25T06:33:21.979+0000] {logging_mixin.py:190} INFO - [2024-11-25T06:33:21.979+0000] {dag.py:3239} INFO - Sync 1 DAGs
[2024-11-25T06:33:22.008+0000] {logging_mixin.py:190} INFO - [2024-11-25T06:33:22.008+0000] {dag.py:4180} INFO - Setting next_dagrun for example_branch_labels to 2024-11-24 00:00:00+00:00, run_after=2024-11-25 00:00:00+00:00
[2024-11-25T06:33:22.031+0000] {processor.py:208} INFO - Processing /home/airflow/.local/lib/python3.12/site-packages/airflow/example_dags/example_branch_labels.py took 0.099 seconds
[2024-11-25T06:33:52.217+0000] {processor.py:186} INFO - Started process (PID=10998) to work on /home/airflow/.local/lib/python3.12/site-packages/airflow/example_dags/example_branch_labels.py
[2024-11-25T06:33:52.218+0000] {processor.py:914} INFO - Processing file /home/airflow/.local/lib/python3.12/site-packages/airflow/example_dags/example_branch_labels.py for tasks to queue
[2024-11-25T06:33:52.221+0000] {logging_mixin.py:190} INFO - [2024-11-25T06:33:52.221+0000] {dagbag.py:588} INFO - Filling up the DagBag from /home/airflow/.local/lib/python3.12/site-packages/airflow/example_dags/example_branch_labels.py
[2024-11-25T06:33:52.232+0000] {processor.py:925} INFO - DAG(s) 'example_branch_labels' retrieved from /home/airflow/.local/lib/python3.12/site-packages/airflow/example_dags/example_branch_labels.py
[2024-11-25T06:33:52.258+0000] {logging_mixin.py:190} INFO - [2024-11-25T06:33:52.257+0000] {dag.py:3239} INFO - Sync 1 DAGs
[2024-11-25T06:33:52.293+0000] {logging_mixin.py:190} INFO - [2024-11-25T06:33:52.293+0000] {dag.py:4180} INFO - Setting next_dagrun for example_branch_labels to 2024-11-24 00:00:00+00:00, run_after=2024-11-25 00:00:00+00:00
[2024-11-25T06:33:52.327+0000] {processor.py:208} INFO - Processing /home/airflow/.local/lib/python3.12/site-packages/airflow/example_dags/example_branch_labels.py took 0.123 seconds
[2024-11-25T06:34:23.680+0000] {processor.py:186} INFO - Started process (PID=11311) to work on /home/airflow/.local/lib/python3.12/site-packages/airflow/example_dags/example_branch_labels.py
[2024-11-25T06:34:23.682+0000] {processor.py:914} INFO - Processing file /home/airflow/.local/lib/python3.12/site-packages/airflow/example_dags/example_branch_labels.py for tasks to queue
[2024-11-25T06:34:23.688+0000] {logging_mixin.py:190} INFO - [2024-11-25T06:34:23.687+0000] {dagbag.py:588} INFO - Filling up the DagBag from /home/airflow/.local/lib/python3.12/site-packages/airflow/example_dags/example_branch_labels.py
[2024-11-25T06:34:23.712+0000] {processor.py:925} INFO - DAG(s) 'example_branch_labels' retrieved from /home/airflow/.local/lib/python3.12/site-packages/airflow/example_dags/example_branch_labels.py
[2024-11-25T06:34:23.759+0000] {logging_mixin.py:190} INFO - [2024-11-25T06:34:23.759+0000] {dag.py:3239} INFO - Sync 1 DAGs
[2024-11-25T06:34:23.789+0000] {logging_mixin.py:190} INFO - [2024-11-25T06:34:23.788+0000] {dag.py:4180} INFO - Setting next_dagrun for example_branch_labels to 2024-11-24 00:00:00+00:00, run_after=2024-11-25 00:00:00+00:00
[2024-11-25T06:34:23.810+0000] {processor.py:208} INFO - Processing /home/airflow/.local/lib/python3.12/site-packages/airflow/example_dags/example_branch_labels.py took 0.143 seconds
[2024-11-25T06:34:55.398+0000] {processor.py:186} INFO - Started process (PID=11610) to work on /home/airflow/.local/lib/python3.12/site-packages/airflow/example_dags/example_branch_labels.py
[2024-11-25T06:34:55.400+0000] {processor.py:914} INFO - Processing file /home/airflow/.local/lib/python3.12/site-packages/airflow/example_dags/example_branch_labels.py for tasks to queue
[2024-11-25T06:34:55.403+0000] {logging_mixin.py:190} INFO - [2024-11-25T06:34:55.402+0000] {dagbag.py:588} INFO - Filling up the DagBag from /home/airflow/.local/lib/python3.12/site-packages/airflow/example_dags/example_branch_labels.py
[2024-11-25T06:34:55.419+0000] {processor.py:925} INFO - DAG(s) 'example_branch_labels' retrieved from /home/airflow/.local/lib/python3.12/site-packages/airflow/example_dags/example_branch_labels.py
[2024-11-25T06:34:55.451+0000] {logging_mixin.py:190} INFO - [2024-11-25T06:34:55.451+0000] {dag.py:3239} INFO - Sync 1 DAGs
[2024-11-25T06:34:55.492+0000] {logging_mixin.py:190} INFO - [2024-11-25T06:34:55.491+0000] {dag.py:4180} INFO - Setting next_dagrun for example_branch_labels to 2024-11-24 00:00:00+00:00, run_after=2024-11-25 00:00:00+00:00
[2024-11-25T06:34:55.522+0000] {processor.py:208} INFO - Processing /home/airflow/.local/lib/python3.12/site-packages/airflow/example_dags/example_branch_labels.py took 0.132 seconds
[2024-11-25T06:41:07.048+0000] {processor.py:186} INFO - Started process (PID=15228) to work on /home/airflow/.local/lib/python3.12/site-packages/airflow/example_dags/example_branch_labels.py
[2024-11-25T06:41:07.049+0000] {processor.py:914} INFO - Processing file /home/airflow/.local/lib/python3.12/site-packages/airflow/example_dags/example_branch_labels.py for tasks to queue
[2024-11-25T06:41:07.053+0000] {logging_mixin.py:190} INFO - [2024-11-25T06:41:07.052+0000] {dagbag.py:588} INFO - Filling up the DagBag from /home/airflow/.local/lib/python3.12/site-packages/airflow/example_dags/example_branch_labels.py
[2024-11-25T06:41:07.068+0000] {processor.py:925} INFO - DAG(s) 'example_branch_labels' retrieved from /home/airflow/.local/lib/python3.12/site-packages/airflow/example_dags/example_branch_labels.py
[2024-11-25T06:41:07.098+0000] {logging_mixin.py:190} INFO - [2024-11-25T06:41:07.097+0000] {dag.py:3239} INFO - Sync 1 DAGs
[2024-11-25T06:41:07.129+0000] {logging_mixin.py:190} INFO - [2024-11-25T06:41:07.129+0000] {dag.py:4180} INFO - Setting next_dagrun for example_branch_labels to 2024-11-24 00:00:00+00:00, run_after=2024-11-25 00:00:00+00:00
[2024-11-25T06:41:07.460+0000] {processor.py:208} INFO - Processing /home/airflow/.local/lib/python3.12/site-packages/airflow/example_dags/example_branch_labels.py took 0.420 seconds
[2024-11-25T06:41:38.062+0000] {processor.py:186} INFO - Started process (PID=15530) to work on /home/airflow/.local/lib/python3.12/site-packages/airflow/example_dags/example_branch_labels.py
[2024-11-25T06:41:38.070+0000] {processor.py:914} INFO - Processing file /home/airflow/.local/lib/python3.12/site-packages/airflow/example_dags/example_branch_labels.py for tasks to queue
[2024-11-25T06:41:38.080+0000] {logging_mixin.py:190} INFO - [2024-11-25T06:41:38.079+0000] {dagbag.py:588} INFO - Filling up the DagBag from /home/airflow/.local/lib/python3.12/site-packages/airflow/example_dags/example_branch_labels.py
[2024-11-25T06:41:38.102+0000] {processor.py:925} INFO - DAG(s) 'example_branch_labels' retrieved from /home/airflow/.local/lib/python3.12/site-packages/airflow/example_dags/example_branch_labels.py
[2024-11-25T06:41:38.135+0000] {logging_mixin.py:190} INFO - [2024-11-25T06:41:38.135+0000] {dag.py:3239} INFO - Sync 1 DAGs
[2024-11-25T06:41:38.175+0000] {logging_mixin.py:190} INFO - [2024-11-25T06:41:38.175+0000] {dag.py:4180} INFO - Setting next_dagrun for example_branch_labels to 2024-11-24 00:00:00+00:00, run_after=2024-11-25 00:00:00+00:00
[2024-11-25T06:41:38.199+0000] {processor.py:208} INFO - Processing /home/airflow/.local/lib/python3.12/site-packages/airflow/example_dags/example_branch_labels.py took 0.166 seconds
[2024-11-25T06:42:08.818+0000] {processor.py:186} INFO - Started process (PID=15826) to work on /home/airflow/.local/lib/python3.12/site-packages/airflow/example_dags/example_branch_labels.py
[2024-11-25T06:42:08.819+0000] {processor.py:914} INFO - Processing file /home/airflow/.local/lib/python3.12/site-packages/airflow/example_dags/example_branch_labels.py for tasks to queue
[2024-11-25T06:42:08.822+0000] {logging_mixin.py:190} INFO - [2024-11-25T06:42:08.822+0000] {dagbag.py:588} INFO - Filling up the DagBag from /home/airflow/.local/lib/python3.12/site-packages/airflow/example_dags/example_branch_labels.py
[2024-11-25T06:42:08.836+0000] {processor.py:925} INFO - DAG(s) 'example_branch_labels' retrieved from /home/airflow/.local/lib/python3.12/site-packages/airflow/example_dags/example_branch_labels.py
[2024-11-25T06:42:08.874+0000] {logging_mixin.py:190} INFO - [2024-11-25T06:42:08.874+0000] {dag.py:3239} INFO - Sync 1 DAGs
[2024-11-25T06:42:08.902+0000] {logging_mixin.py:190} INFO - [2024-11-25T06:42:08.902+0000] {dag.py:4180} INFO - Setting next_dagrun for example_branch_labels to 2024-11-24 00:00:00+00:00, run_after=2024-11-25 00:00:00+00:00
[2024-11-25T06:42:08.926+0000] {processor.py:208} INFO - Processing /home/airflow/.local/lib/python3.12/site-packages/airflow/example_dags/example_branch_labels.py took 0.116 seconds
[2024-11-25T06:42:39.356+0000] {processor.py:186} INFO - Started process (PID=16127) to work on /home/airflow/.local/lib/python3.12/site-packages/airflow/example_dags/example_branch_labels.py
[2024-11-25T06:42:39.357+0000] {processor.py:914} INFO - Processing file /home/airflow/.local/lib/python3.12/site-packages/airflow/example_dags/example_branch_labels.py for tasks to queue
[2024-11-25T06:42:39.360+0000] {logging_mixin.py:190} INFO - [2024-11-25T06:42:39.360+0000] {dagbag.py:588} INFO - Filling up the DagBag from /home/airflow/.local/lib/python3.12/site-packages/airflow/example_dags/example_branch_labels.py
[2024-11-25T06:42:39.371+0000] {processor.py:925} INFO - DAG(s) 'example_branch_labels' retrieved from /home/airflow/.local/lib/python3.12/site-packages/airflow/example_dags/example_branch_labels.py
[2024-11-25T06:42:39.407+0000] {logging_mixin.py:190} INFO - [2024-11-25T06:42:39.407+0000] {dag.py:3239} INFO - Sync 1 DAGs
[2024-11-25T06:42:39.438+0000] {logging_mixin.py:190} INFO - [2024-11-25T06:42:39.437+0000] {dag.py:4180} INFO - Setting next_dagrun for example_branch_labels to 2024-11-24 00:00:00+00:00, run_after=2024-11-25 00:00:00+00:00
[2024-11-25T06:42:39.458+0000] {processor.py:208} INFO - Processing /home/airflow/.local/lib/python3.12/site-packages/airflow/example_dags/example_branch_labels.py took 0.110 seconds
[2024-11-25T06:43:10.363+0000] {processor.py:186} INFO - Started process (PID=16428) to work on /home/airflow/.local/lib/python3.12/site-packages/airflow/example_dags/example_branch_labels.py
[2024-11-25T06:43:10.364+0000] {processor.py:914} INFO - Processing file /home/airflow/.local/lib/python3.12/site-packages/airflow/example_dags/example_branch_labels.py for tasks to queue
[2024-11-25T06:43:10.367+0000] {logging_mixin.py:190} INFO - [2024-11-25T06:43:10.367+0000] {dagbag.py:588} INFO - Filling up the DagBag from /home/airflow/.local/lib/python3.12/site-packages/airflow/example_dags/example_branch_labels.py
[2024-11-25T06:43:10.381+0000] {processor.py:925} INFO - DAG(s) 'example_branch_labels' retrieved from /home/airflow/.local/lib/python3.12/site-packages/airflow/example_dags/example_branch_labels.py
[2024-11-25T06:43:10.416+0000] {logging_mixin.py:190} INFO - [2024-11-25T06:43:10.415+0000] {dag.py:3239} INFO - Sync 1 DAGs
[2024-11-25T06:43:10.446+0000] {logging_mixin.py:190} INFO - [2024-11-25T06:43:10.446+0000] {dag.py:4180} INFO - Setting next_dagrun for example_branch_labels to 2024-11-24 00:00:00+00:00, run_after=2024-11-25 00:00:00+00:00
[2024-11-25T06:43:10.466+0000] {processor.py:208} INFO - Processing /home/airflow/.local/lib/python3.12/site-packages/airflow/example_dags/example_branch_labels.py took 0.112 seconds
[2024-11-25T06:43:41.168+0000] {processor.py:186} INFO - Started process (PID=16729) to work on /home/airflow/.local/lib/python3.12/site-packages/airflow/example_dags/example_branch_labels.py
[2024-11-25T06:43:41.171+0000] {processor.py:914} INFO - Processing file /home/airflow/.local/lib/python3.12/site-packages/airflow/example_dags/example_branch_labels.py for tasks to queue
[2024-11-25T06:43:41.175+0000] {logging_mixin.py:190} INFO - [2024-11-25T06:43:41.175+0000] {dagbag.py:588} INFO - Filling up the DagBag from /home/airflow/.local/lib/python3.12/site-packages/airflow/example_dags/example_branch_labels.py
[2024-11-25T06:43:41.194+0000] {processor.py:925} INFO - DAG(s) 'example_branch_labels' retrieved from /home/airflow/.local/lib/python3.12/site-packages/airflow/example_dags/example_branch_labels.py
[2024-11-25T06:43:41.248+0000] {logging_mixin.py:190} INFO - [2024-11-25T06:43:41.247+0000] {dag.py:3239} INFO - Sync 1 DAGs
[2024-11-25T06:43:41.302+0000] {logging_mixin.py:190} INFO - [2024-11-25T06:43:41.301+0000] {dag.py:4180} INFO - Setting next_dagrun for example_branch_labels to 2024-11-24 00:00:00+00:00, run_after=2024-11-25 00:00:00+00:00
[2024-11-25T06:43:41.351+0000] {processor.py:208} INFO - Processing /home/airflow/.local/lib/python3.12/site-packages/airflow/example_dags/example_branch_labels.py took 0.196 seconds
