[2024-11-25T06:15:24.038+0000] {processor.py:186} INFO - Started process (PID=278) to work on /home/airflow/.local/lib/python3.12/site-packages/airflow/example_dags/example_python_operator.py
[2024-11-25T06:15:24.041+0000] {processor.py:914} INFO - Processing file /home/airflow/.local/lib/python3.12/site-packages/airflow/example_dags/example_python_operator.py for tasks to queue
[2024-11-25T06:15:24.053+0000] {logging_mixin.py:190} INFO - [2024-11-25T06:15:24.052+0000] {dagbag.py:588} INFO - Filling up the DagBag from /home/airflow/.local/lib/python3.12/site-packages/airflow/example_dags/example_python_operator.py
[2024-11-25T06:15:24.091+0000] {processor.py:925} INFO - DAG(s) 'example_python_operator' retrieved from /home/airflow/.local/lib/python3.12/site-packages/airflow/example_dags/example_python_operator.py
[2024-11-25T06:15:24.329+0000] {logging_mixin.py:190} INFO - [2024-11-25T06:15:24.328+0000] {dag.py:3239} INFO - Sync 1 DAGs
[2024-11-25T06:15:24.357+0000] {logging_mixin.py:190} INFO - [2024-11-25T06:15:24.357+0000] {dag.py:4180} INFO - Setting next_dagrun for example_python_operator to None, run_after=None
[2024-11-25T06:15:24.413+0000] {processor.py:208} INFO - Processing /home/airflow/.local/lib/python3.12/site-packages/airflow/example_dags/example_python_operator.py took 0.390 seconds
[2024-11-25T06:15:55.339+0000] {processor.py:186} INFO - Started process (PID=581) to work on /home/airflow/.local/lib/python3.12/site-packages/airflow/example_dags/example_python_operator.py
[2024-11-25T06:15:55.341+0000] {processor.py:914} INFO - Processing file /home/airflow/.local/lib/python3.12/site-packages/airflow/example_dags/example_python_operator.py for tasks to queue
[2024-11-25T06:15:55.346+0000] {logging_mixin.py:190} INFO - [2024-11-25T06:15:55.345+0000] {dagbag.py:588} INFO - Filling up the DagBag from /home/airflow/.local/lib/python3.12/site-packages/airflow/example_dags/example_python_operator.py
[2024-11-25T06:15:55.376+0000] {processor.py:925} INFO - DAG(s) 'example_python_operator' retrieved from /home/airflow/.local/lib/python3.12/site-packages/airflow/example_dags/example_python_operator.py
[2024-11-25T06:15:55.435+0000] {logging_mixin.py:190} INFO - [2024-11-25T06:15:55.435+0000] {dag.py:3239} INFO - Sync 1 DAGs
[2024-11-25T06:15:55.464+0000] {logging_mixin.py:190} INFO - [2024-11-25T06:15:55.463+0000] {dag.py:4180} INFO - Setting next_dagrun for example_python_operator to None, run_after=None
[2024-11-25T06:15:55.500+0000] {processor.py:208} INFO - Processing /home/airflow/.local/lib/python3.12/site-packages/airflow/example_dags/example_python_operator.py took 0.175 seconds
[2024-11-25T06:16:25.844+0000] {processor.py:186} INFO - Started process (PID=880) to work on /home/airflow/.local/lib/python3.12/site-packages/airflow/example_dags/example_python_operator.py
[2024-11-25T06:16:25.846+0000] {processor.py:914} INFO - Processing file /home/airflow/.local/lib/python3.12/site-packages/airflow/example_dags/example_python_operator.py for tasks to queue
[2024-11-25T06:16:25.848+0000] {logging_mixin.py:190} INFO - [2024-11-25T06:16:25.848+0000] {dagbag.py:588} INFO - Filling up the DagBag from /home/airflow/.local/lib/python3.12/site-packages/airflow/example_dags/example_python_operator.py
[2024-11-25T06:16:25.860+0000] {processor.py:925} INFO - DAG(s) 'example_python_operator' retrieved from /home/airflow/.local/lib/python3.12/site-packages/airflow/example_dags/example_python_operator.py
[2024-11-25T06:16:25.883+0000] {logging_mixin.py:190} INFO - [2024-11-25T06:16:25.883+0000] {dag.py:3239} INFO - Sync 1 DAGs
[2024-11-25T06:16:25.897+0000] {logging_mixin.py:190} INFO - [2024-11-25T06:16:25.897+0000] {dag.py:4180} INFO - Setting next_dagrun for example_python_operator to None, run_after=None
[2024-11-25T06:16:25.918+0000] {processor.py:208} INFO - Processing /home/airflow/.local/lib/python3.12/site-packages/airflow/example_dags/example_python_operator.py took 0.080 seconds
[2024-11-25T06:16:56.209+0000] {processor.py:186} INFO - Started process (PID=1181) to work on /home/airflow/.local/lib/python3.12/site-packages/airflow/example_dags/example_python_operator.py
[2024-11-25T06:16:56.214+0000] {processor.py:914} INFO - Processing file /home/airflow/.local/lib/python3.12/site-packages/airflow/example_dags/example_python_operator.py for tasks to queue
[2024-11-25T06:16:56.218+0000] {logging_mixin.py:190} INFO - [2024-11-25T06:16:56.218+0000] {dagbag.py:588} INFO - Filling up the DagBag from /home/airflow/.local/lib/python3.12/site-packages/airflow/example_dags/example_python_operator.py
[2024-11-25T06:16:56.243+0000] {processor.py:925} INFO - DAG(s) 'example_python_operator' retrieved from /home/airflow/.local/lib/python3.12/site-packages/airflow/example_dags/example_python_operator.py
[2024-11-25T06:16:56.286+0000] {logging_mixin.py:190} INFO - [2024-11-25T06:16:56.285+0000] {dag.py:3239} INFO - Sync 1 DAGs
[2024-11-25T06:16:56.313+0000] {logging_mixin.py:190} INFO - [2024-11-25T06:16:56.313+0000] {dag.py:4180} INFO - Setting next_dagrun for example_python_operator to None, run_after=None
[2024-11-25T06:16:56.357+0000] {processor.py:208} INFO - Processing /home/airflow/.local/lib/python3.12/site-packages/airflow/example_dags/example_python_operator.py took 0.156 seconds
[2024-11-25T06:17:26.556+0000] {processor.py:186} INFO - Started process (PID=1482) to work on /home/airflow/.local/lib/python3.12/site-packages/airflow/example_dags/example_python_operator.py
[2024-11-25T06:17:26.557+0000] {processor.py:914} INFO - Processing file /home/airflow/.local/lib/python3.12/site-packages/airflow/example_dags/example_python_operator.py for tasks to queue
[2024-11-25T06:17:26.560+0000] {logging_mixin.py:190} INFO - [2024-11-25T06:17:26.560+0000] {dagbag.py:588} INFO - Filling up the DagBag from /home/airflow/.local/lib/python3.12/site-packages/airflow/example_dags/example_python_operator.py
[2024-11-25T06:17:26.577+0000] {processor.py:925} INFO - DAG(s) 'example_python_operator' retrieved from /home/airflow/.local/lib/python3.12/site-packages/airflow/example_dags/example_python_operator.py
[2024-11-25T06:17:26.609+0000] {logging_mixin.py:190} INFO - [2024-11-25T06:17:26.609+0000] {dag.py:3239} INFO - Sync 1 DAGs
[2024-11-25T06:17:26.627+0000] {logging_mixin.py:190} INFO - [2024-11-25T06:17:26.626+0000] {dag.py:4180} INFO - Setting next_dagrun for example_python_operator to None, run_after=None
[2024-11-25T06:17:26.687+0000] {processor.py:208} INFO - Processing /home/airflow/.local/lib/python3.12/site-packages/airflow/example_dags/example_python_operator.py took 0.141 seconds
[2024-11-25T06:17:56.961+0000] {processor.py:186} INFO - Started process (PID=1789) to work on /home/airflow/.local/lib/python3.12/site-packages/airflow/example_dags/example_python_operator.py
[2024-11-25T06:17:56.962+0000] {processor.py:914} INFO - Processing file /home/airflow/.local/lib/python3.12/site-packages/airflow/example_dags/example_python_operator.py for tasks to queue
[2024-11-25T06:17:56.965+0000] {logging_mixin.py:190} INFO - [2024-11-25T06:17:56.964+0000] {dagbag.py:588} INFO - Filling up the DagBag from /home/airflow/.local/lib/python3.12/site-packages/airflow/example_dags/example_python_operator.py
[2024-11-25T06:17:56.977+0000] {processor.py:925} INFO - DAG(s) 'example_python_operator' retrieved from /home/airflow/.local/lib/python3.12/site-packages/airflow/example_dags/example_python_operator.py
[2024-11-25T06:17:57.005+0000] {logging_mixin.py:190} INFO - [2024-11-25T06:17:57.005+0000] {dag.py:3239} INFO - Sync 1 DAGs
[2024-11-25T06:17:57.021+0000] {logging_mixin.py:190} INFO - [2024-11-25T06:17:57.021+0000] {dag.py:4180} INFO - Setting next_dagrun for example_python_operator to None, run_after=None
[2024-11-25T06:17:57.054+0000] {processor.py:208} INFO - Processing /home/airflow/.local/lib/python3.12/site-packages/airflow/example_dags/example_python_operator.py took 0.099 seconds
[2024-11-25T06:18:27.292+0000] {processor.py:186} INFO - Started process (PID=2090) to work on /home/airflow/.local/lib/python3.12/site-packages/airflow/example_dags/example_python_operator.py
[2024-11-25T06:18:27.294+0000] {processor.py:914} INFO - Processing file /home/airflow/.local/lib/python3.12/site-packages/airflow/example_dags/example_python_operator.py for tasks to queue
[2024-11-25T06:18:27.298+0000] {logging_mixin.py:190} INFO - [2024-11-25T06:18:27.297+0000] {dagbag.py:588} INFO - Filling up the DagBag from /home/airflow/.local/lib/python3.12/site-packages/airflow/example_dags/example_python_operator.py
[2024-11-25T06:18:27.328+0000] {processor.py:925} INFO - DAG(s) 'example_python_operator' retrieved from /home/airflow/.local/lib/python3.12/site-packages/airflow/example_dags/example_python_operator.py
[2024-11-25T06:18:27.376+0000] {logging_mixin.py:190} INFO - [2024-11-25T06:18:27.375+0000] {dag.py:3239} INFO - Sync 1 DAGs
[2024-11-25T06:18:27.411+0000] {logging_mixin.py:190} INFO - [2024-11-25T06:18:27.410+0000] {dag.py:4180} INFO - Setting next_dagrun for example_python_operator to None, run_after=None
[2024-11-25T06:18:27.445+0000] {processor.py:208} INFO - Processing /home/airflow/.local/lib/python3.12/site-packages/airflow/example_dags/example_python_operator.py took 0.167 seconds
[2024-11-25T06:18:58.128+0000] {processor.py:186} INFO - Started process (PID=2391) to work on /home/airflow/.local/lib/python3.12/site-packages/airflow/example_dags/example_python_operator.py
[2024-11-25T06:18:58.130+0000] {processor.py:914} INFO - Processing file /home/airflow/.local/lib/python3.12/site-packages/airflow/example_dags/example_python_operator.py for tasks to queue
[2024-11-25T06:18:58.134+0000] {logging_mixin.py:190} INFO - [2024-11-25T06:18:58.133+0000] {dagbag.py:588} INFO - Filling up the DagBag from /home/airflow/.local/lib/python3.12/site-packages/airflow/example_dags/example_python_operator.py
[2024-11-25T06:18:58.150+0000] {processor.py:925} INFO - DAG(s) 'example_python_operator' retrieved from /home/airflow/.local/lib/python3.12/site-packages/airflow/example_dags/example_python_operator.py
[2024-11-25T06:18:58.176+0000] {logging_mixin.py:190} INFO - [2024-11-25T06:18:58.176+0000] {dag.py:3239} INFO - Sync 1 DAGs
[2024-11-25T06:18:58.190+0000] {logging_mixin.py:190} INFO - [2024-11-25T06:18:58.189+0000] {dag.py:4180} INFO - Setting next_dagrun for example_python_operator to None, run_after=None
[2024-11-25T06:18:58.210+0000] {processor.py:208} INFO - Processing /home/airflow/.local/lib/python3.12/site-packages/airflow/example_dags/example_python_operator.py took 0.091 seconds
[2024-11-25T06:19:28.936+0000] {processor.py:186} INFO - Started process (PID=2692) to work on /home/airflow/.local/lib/python3.12/site-packages/airflow/example_dags/example_python_operator.py
[2024-11-25T06:19:28.938+0000] {processor.py:914} INFO - Processing file /home/airflow/.local/lib/python3.12/site-packages/airflow/example_dags/example_python_operator.py for tasks to queue
[2024-11-25T06:19:28.941+0000] {logging_mixin.py:190} INFO - [2024-11-25T06:19:28.941+0000] {dagbag.py:588} INFO - Filling up the DagBag from /home/airflow/.local/lib/python3.12/site-packages/airflow/example_dags/example_python_operator.py
[2024-11-25T06:19:28.954+0000] {processor.py:925} INFO - DAG(s) 'example_python_operator' retrieved from /home/airflow/.local/lib/python3.12/site-packages/airflow/example_dags/example_python_operator.py
[2024-11-25T06:19:28.980+0000] {logging_mixin.py:190} INFO - [2024-11-25T06:19:28.979+0000] {dag.py:3239} INFO - Sync 1 DAGs
[2024-11-25T06:19:28.995+0000] {logging_mixin.py:190} INFO - [2024-11-25T06:19:28.995+0000] {dag.py:4180} INFO - Setting next_dagrun for example_python_operator to None, run_after=None
[2024-11-25T06:19:29.018+0000] {processor.py:208} INFO - Processing /home/airflow/.local/lib/python3.12/site-packages/airflow/example_dags/example_python_operator.py took 0.088 seconds
[2024-11-25T06:19:59.496+0000] {processor.py:186} INFO - Started process (PID=2993) to work on /home/airflow/.local/lib/python3.12/site-packages/airflow/example_dags/example_python_operator.py
[2024-11-25T06:19:59.498+0000] {processor.py:914} INFO - Processing file /home/airflow/.local/lib/python3.12/site-packages/airflow/example_dags/example_python_operator.py for tasks to queue
[2024-11-25T06:19:59.500+0000] {logging_mixin.py:190} INFO - [2024-11-25T06:19:59.500+0000] {dagbag.py:588} INFO - Filling up the DagBag from /home/airflow/.local/lib/python3.12/site-packages/airflow/example_dags/example_python_operator.py
[2024-11-25T06:19:59.516+0000] {processor.py:925} INFO - DAG(s) 'example_python_operator' retrieved from /home/airflow/.local/lib/python3.12/site-packages/airflow/example_dags/example_python_operator.py
[2024-11-25T06:19:59.553+0000] {logging_mixin.py:190} INFO - [2024-11-25T06:19:59.552+0000] {dag.py:3239} INFO - Sync 1 DAGs
[2024-11-25T06:19:59.577+0000] {logging_mixin.py:190} INFO - [2024-11-25T06:19:59.576+0000] {dag.py:4180} INFO - Setting next_dagrun for example_python_operator to None, run_after=None
[2024-11-25T06:19:59.606+0000] {processor.py:208} INFO - Processing /home/airflow/.local/lib/python3.12/site-packages/airflow/example_dags/example_python_operator.py took 0.119 seconds
[2024-11-25T06:20:29.874+0000] {processor.py:186} INFO - Started process (PID=3294) to work on /home/airflow/.local/lib/python3.12/site-packages/airflow/example_dags/example_python_operator.py
[2024-11-25T06:20:29.875+0000] {processor.py:914} INFO - Processing file /home/airflow/.local/lib/python3.12/site-packages/airflow/example_dags/example_python_operator.py for tasks to queue
[2024-11-25T06:20:29.878+0000] {logging_mixin.py:190} INFO - [2024-11-25T06:20:29.878+0000] {dagbag.py:588} INFO - Filling up the DagBag from /home/airflow/.local/lib/python3.12/site-packages/airflow/example_dags/example_python_operator.py
[2024-11-25T06:20:29.889+0000] {processor.py:925} INFO - DAG(s) 'example_python_operator' retrieved from /home/airflow/.local/lib/python3.12/site-packages/airflow/example_dags/example_python_operator.py
[2024-11-25T06:20:29.918+0000] {logging_mixin.py:190} INFO - [2024-11-25T06:20:29.918+0000] {dag.py:3239} INFO - Sync 1 DAGs
[2024-11-25T06:20:29.934+0000] {logging_mixin.py:190} INFO - [2024-11-25T06:20:29.934+0000] {dag.py:4180} INFO - Setting next_dagrun for example_python_operator to None, run_after=None
[2024-11-25T06:20:29.957+0000] {processor.py:208} INFO - Processing /home/airflow/.local/lib/python3.12/site-packages/airflow/example_dags/example_python_operator.py took 0.088 seconds
[2024-11-25T06:21:00.483+0000] {processor.py:186} INFO - Started process (PID=3595) to work on /home/airflow/.local/lib/python3.12/site-packages/airflow/example_dags/example_python_operator.py
[2024-11-25T06:21:00.485+0000] {processor.py:914} INFO - Processing file /home/airflow/.local/lib/python3.12/site-packages/airflow/example_dags/example_python_operator.py for tasks to queue
[2024-11-25T06:21:00.488+0000] {logging_mixin.py:190} INFO - [2024-11-25T06:21:00.487+0000] {dagbag.py:588} INFO - Filling up the DagBag from /home/airflow/.local/lib/python3.12/site-packages/airflow/example_dags/example_python_operator.py
[2024-11-25T06:21:00.501+0000] {processor.py:925} INFO - DAG(s) 'example_python_operator' retrieved from /home/airflow/.local/lib/python3.12/site-packages/airflow/example_dags/example_python_operator.py
[2024-11-25T06:21:00.532+0000] {logging_mixin.py:190} INFO - [2024-11-25T06:21:00.531+0000] {dag.py:3239} INFO - Sync 1 DAGs
[2024-11-25T06:21:00.547+0000] {logging_mixin.py:190} INFO - [2024-11-25T06:21:00.547+0000] {dag.py:4180} INFO - Setting next_dagrun for example_python_operator to None, run_after=None
[2024-11-25T06:21:00.495+0000] {processor.py:208} INFO - Processing /home/airflow/.local/lib/python3.12/site-packages/airflow/example_dags/example_python_operator.py took 0.096 seconds
[2024-11-25T06:21:30.813+0000] {processor.py:186} INFO - Started process (PID=3896) to work on /home/airflow/.local/lib/python3.12/site-packages/airflow/example_dags/example_python_operator.py
[2024-11-25T06:21:30.815+0000] {processor.py:914} INFO - Processing file /home/airflow/.local/lib/python3.12/site-packages/airflow/example_dags/example_python_operator.py for tasks to queue
[2024-11-25T06:21:30.819+0000] {logging_mixin.py:190} INFO - [2024-11-25T06:21:30.818+0000] {dagbag.py:588} INFO - Filling up the DagBag from /home/airflow/.local/lib/python3.12/site-packages/airflow/example_dags/example_python_operator.py
[2024-11-25T06:21:30.832+0000] {processor.py:925} INFO - DAG(s) 'example_python_operator' retrieved from /home/airflow/.local/lib/python3.12/site-packages/airflow/example_dags/example_python_operator.py
[2024-11-25T06:21:30.860+0000] {logging_mixin.py:190} INFO - [2024-11-25T06:21:30.860+0000] {dag.py:3239} INFO - Sync 1 DAGs
[2024-11-25T06:21:30.875+0000] {logging_mixin.py:190} INFO - [2024-11-25T06:21:30.875+0000] {dag.py:4180} INFO - Setting next_dagrun for example_python_operator to None, run_after=None
[2024-11-25T06:21:30.895+0000] {processor.py:208} INFO - Processing /home/airflow/.local/lib/python3.12/site-packages/airflow/example_dags/example_python_operator.py took 0.088 seconds
[2024-11-25T06:22:01.315+0000] {processor.py:186} INFO - Started process (PID=4197) to work on /home/airflow/.local/lib/python3.12/site-packages/airflow/example_dags/example_python_operator.py
[2024-11-25T06:22:01.317+0000] {processor.py:914} INFO - Processing file /home/airflow/.local/lib/python3.12/site-packages/airflow/example_dags/example_python_operator.py for tasks to queue
[2024-11-25T06:22:01.323+0000] {logging_mixin.py:190} INFO - [2024-11-25T06:22:01.322+0000] {dagbag.py:588} INFO - Filling up the DagBag from /home/airflow/.local/lib/python3.12/site-packages/airflow/example_dags/example_python_operator.py
[2024-11-25T06:22:01.356+0000] {processor.py:925} INFO - DAG(s) 'example_python_operator' retrieved from /home/airflow/.local/lib/python3.12/site-packages/airflow/example_dags/example_python_operator.py
[2024-11-25T06:22:01.424+0000] {logging_mixin.py:190} INFO - [2024-11-25T06:22:01.424+0000] {dag.py:3239} INFO - Sync 1 DAGs
[2024-11-25T06:22:01.446+0000] {logging_mixin.py:190} INFO - [2024-11-25T06:22:01.446+0000] {dag.py:4180} INFO - Setting next_dagrun for example_python_operator to None, run_after=None
[2024-11-25T06:22:01.525+0000] {processor.py:208} INFO - Processing /home/airflow/.local/lib/python3.12/site-packages/airflow/example_dags/example_python_operator.py took 0.219 seconds
[2024-11-25T06:22:33.905+0000] {processor.py:186} INFO - Started process (PID=4498) to work on /home/airflow/.local/lib/python3.12/site-packages/airflow/example_dags/example_python_operator.py
[2024-11-25T06:22:33.913+0000] {processor.py:914} INFO - Processing file /home/airflow/.local/lib/python3.12/site-packages/airflow/example_dags/example_python_operator.py for tasks to queue
[2024-11-25T06:22:33.942+0000] {logging_mixin.py:190} INFO - [2024-11-25T06:22:33.941+0000] {dagbag.py:588} INFO - Filling up the DagBag from /home/airflow/.local/lib/python3.12/site-packages/airflow/example_dags/example_python_operator.py
[2024-11-25T06:22:34.053+0000] {processor.py:925} INFO - DAG(s) 'example_python_operator' retrieved from /home/airflow/.local/lib/python3.12/site-packages/airflow/example_dags/example_python_operator.py
[2024-11-25T06:22:34.194+0000] {logging_mixin.py:190} INFO - [2024-11-25T06:22:34.194+0000] {dag.py:3239} INFO - Sync 1 DAGs
[2024-11-25T06:22:34.309+0000] {logging_mixin.py:190} INFO - [2024-11-25T06:22:34.308+0000] {dag.py:4180} INFO - Setting next_dagrun for example_python_operator to None, run_after=None
[2024-11-25T06:22:34.425+0000] {processor.py:208} INFO - Processing /home/airflow/.local/lib/python3.12/site-packages/airflow/example_dags/example_python_operator.py took 0.545 seconds
[2024-11-25T06:23:05.123+0000] {processor.py:186} INFO - Started process (PID=4805) to work on /home/airflow/.local/lib/python3.12/site-packages/airflow/example_dags/example_python_operator.py
[2024-11-25T06:23:05.133+0000] {processor.py:914} INFO - Processing file /home/airflow/.local/lib/python3.12/site-packages/airflow/example_dags/example_python_operator.py for tasks to queue
[2024-11-25T06:23:05.138+0000] {logging_mixin.py:190} INFO - [2024-11-25T06:23:05.137+0000] {dagbag.py:588} INFO - Filling up the DagBag from /home/airflow/.local/lib/python3.12/site-packages/airflow/example_dags/example_python_operator.py
[2024-11-25T06:23:05.215+0000] {processor.py:925} INFO - DAG(s) 'example_python_operator' retrieved from /home/airflow/.local/lib/python3.12/site-packages/airflow/example_dags/example_python_operator.py
[2024-11-25T06:23:05.314+0000] {logging_mixin.py:190} INFO - [2024-11-25T06:23:05.312+0000] {dag.py:3239} INFO - Sync 1 DAGs
[2024-11-25T06:23:05.345+0000] {logging_mixin.py:190} INFO - [2024-11-25T06:23:05.344+0000] {dag.py:4180} INFO - Setting next_dagrun for example_python_operator to None, run_after=None
[2024-11-25T06:23:05.387+0000] {processor.py:208} INFO - Processing /home/airflow/.local/lib/python3.12/site-packages/airflow/example_dags/example_python_operator.py took 0.283 seconds
[2024-11-25T06:23:38.703+0000] {processor.py:186} INFO - Started process (PID=5106) to work on /home/airflow/.local/lib/python3.12/site-packages/airflow/example_dags/example_python_operator.py
[2024-11-25T06:23:38.710+0000] {processor.py:914} INFO - Processing file /home/airflow/.local/lib/python3.12/site-packages/airflow/example_dags/example_python_operator.py for tasks to queue
[2024-11-25T06:23:38.723+0000] {logging_mixin.py:190} INFO - [2024-11-25T06:23:38.721+0000] {dagbag.py:588} INFO - Filling up the DagBag from /home/airflow/.local/lib/python3.12/site-packages/airflow/example_dags/example_python_operator.py
[2024-11-25T06:23:38.821+0000] {processor.py:925} INFO - DAG(s) 'example_python_operator' retrieved from /home/airflow/.local/lib/python3.12/site-packages/airflow/example_dags/example_python_operator.py
[2024-11-25T06:23:38.951+0000] {logging_mixin.py:190} INFO - [2024-11-25T06:23:38.950+0000] {dag.py:3239} INFO - Sync 1 DAGs
[2024-11-25T06:23:39.024+0000] {logging_mixin.py:190} INFO - [2024-11-25T06:23:39.023+0000] {dag.py:4180} INFO - Setting next_dagrun for example_python_operator to None, run_after=None
[2024-11-25T06:23:39.123+0000] {processor.py:208} INFO - Processing /home/airflow/.local/lib/python3.12/site-packages/airflow/example_dags/example_python_operator.py took 0.456 seconds
[2024-11-25T06:24:09.422+0000] {processor.py:186} INFO - Started process (PID=5407) to work on /home/airflow/.local/lib/python3.12/site-packages/airflow/example_dags/example_python_operator.py
[2024-11-25T06:24:09.424+0000] {processor.py:914} INFO - Processing file /home/airflow/.local/lib/python3.12/site-packages/airflow/example_dags/example_python_operator.py for tasks to queue
[2024-11-25T06:24:09.427+0000] {logging_mixin.py:190} INFO - [2024-11-25T06:24:09.427+0000] {dagbag.py:588} INFO - Filling up the DagBag from /home/airflow/.local/lib/python3.12/site-packages/airflow/example_dags/example_python_operator.py
[2024-11-25T06:24:09.450+0000] {processor.py:925} INFO - DAG(s) 'example_python_operator' retrieved from /home/airflow/.local/lib/python3.12/site-packages/airflow/example_dags/example_python_operator.py
[2024-11-25T06:24:09.481+0000] {logging_mixin.py:190} INFO - [2024-11-25T06:24:09.481+0000] {dag.py:3239} INFO - Sync 1 DAGs
[2024-11-25T06:24:09.497+0000] {logging_mixin.py:190} INFO - [2024-11-25T06:24:09.497+0000] {dag.py:4180} INFO - Setting next_dagrun for example_python_operator to None, run_after=None
[2024-11-25T06:24:09.519+0000] {processor.py:208} INFO - Processing /home/airflow/.local/lib/python3.12/site-packages/airflow/example_dags/example_python_operator.py took 0.104 seconds
[2024-11-25T06:24:40.248+0000] {processor.py:186} INFO - Started process (PID=5708) to work on /home/airflow/.local/lib/python3.12/site-packages/airflow/example_dags/example_python_operator.py
[2024-11-25T06:24:40.250+0000] {processor.py:914} INFO - Processing file /home/airflow/.local/lib/python3.12/site-packages/airflow/example_dags/example_python_operator.py for tasks to queue
[2024-11-25T06:24:40.254+0000] {logging_mixin.py:190} INFO - [2024-11-25T06:24:40.254+0000] {dagbag.py:588} INFO - Filling up the DagBag from /home/airflow/.local/lib/python3.12/site-packages/airflow/example_dags/example_python_operator.py
[2024-11-25T06:24:40.297+0000] {processor.py:925} INFO - DAG(s) 'example_python_operator' retrieved from /home/airflow/.local/lib/python3.12/site-packages/airflow/example_dags/example_python_operator.py
[2024-11-25T06:24:40.365+0000] {logging_mixin.py:190} INFO - [2024-11-25T06:24:40.365+0000] {dag.py:3239} INFO - Sync 1 DAGs
[2024-11-25T06:24:40.390+0000] {logging_mixin.py:190} INFO - [2024-11-25T06:24:40.390+0000] {dag.py:4180} INFO - Setting next_dagrun for example_python_operator to None, run_after=None
[2024-11-25T06:24:40.416+0000] {processor.py:208} INFO - Processing /home/airflow/.local/lib/python3.12/site-packages/airflow/example_dags/example_python_operator.py took 0.179 seconds
[2024-11-25T06:25:11.201+0000] {processor.py:186} INFO - Started process (PID=6009) to work on /home/airflow/.local/lib/python3.12/site-packages/airflow/example_dags/example_python_operator.py
[2024-11-25T06:25:11.202+0000] {processor.py:914} INFO - Processing file /home/airflow/.local/lib/python3.12/site-packages/airflow/example_dags/example_python_operator.py for tasks to queue
[2024-11-25T06:25:11.204+0000] {logging_mixin.py:190} INFO - [2024-11-25T06:25:11.204+0000] {dagbag.py:588} INFO - Filling up the DagBag from /home/airflow/.local/lib/python3.12/site-packages/airflow/example_dags/example_python_operator.py
[2024-11-25T06:25:11.216+0000] {processor.py:925} INFO - DAG(s) 'example_python_operator' retrieved from /home/airflow/.local/lib/python3.12/site-packages/airflow/example_dags/example_python_operator.py
[2024-11-25T06:25:11.244+0000] {logging_mixin.py:190} INFO - [2024-11-25T06:25:11.244+0000] {dag.py:3239} INFO - Sync 1 DAGs
[2024-11-25T06:25:11.259+0000] {logging_mixin.py:190} INFO - [2024-11-25T06:25:11.258+0000] {dag.py:4180} INFO - Setting next_dagrun for example_python_operator to None, run_after=None
[2024-11-25T06:25:11.283+0000] {processor.py:208} INFO - Processing /home/airflow/.local/lib/python3.12/site-packages/airflow/example_dags/example_python_operator.py took 0.087 seconds
[2024-11-25T06:25:41.808+0000] {processor.py:186} INFO - Started process (PID=6312) to work on /home/airflow/.local/lib/python3.12/site-packages/airflow/example_dags/example_python_operator.py
[2024-11-25T06:25:41.810+0000] {processor.py:914} INFO - Processing file /home/airflow/.local/lib/python3.12/site-packages/airflow/example_dags/example_python_operator.py for tasks to queue
[2024-11-25T06:25:41.814+0000] {logging_mixin.py:190} INFO - [2024-11-25T06:25:41.813+0000] {dagbag.py:588} INFO - Filling up the DagBag from /home/airflow/.local/lib/python3.12/site-packages/airflow/example_dags/example_python_operator.py
[2024-11-25T06:25:41.832+0000] {processor.py:925} INFO - DAG(s) 'example_python_operator' retrieved from /home/airflow/.local/lib/python3.12/site-packages/airflow/example_dags/example_python_operator.py
[2024-11-25T06:25:41.861+0000] {logging_mixin.py:190} INFO - [2024-11-25T06:25:41.861+0000] {dag.py:3239} INFO - Sync 1 DAGs
[2024-11-25T06:25:41.878+0000] {logging_mixin.py:190} INFO - [2024-11-25T06:25:41.877+0000] {dag.py:4180} INFO - Setting next_dagrun for example_python_operator to None, run_after=None
[2024-11-25T06:25:41.897+0000] {processor.py:208} INFO - Processing /home/airflow/.local/lib/python3.12/site-packages/airflow/example_dags/example_python_operator.py took 0.097 seconds
[2024-11-25T06:26:12.341+0000] {processor.py:186} INFO - Started process (PID=6614) to work on /home/airflow/.local/lib/python3.12/site-packages/airflow/example_dags/example_python_operator.py
[2024-11-25T06:26:12.342+0000] {processor.py:914} INFO - Processing file /home/airflow/.local/lib/python3.12/site-packages/airflow/example_dags/example_python_operator.py for tasks to queue
[2024-11-25T06:26:12.344+0000] {logging_mixin.py:190} INFO - [2024-11-25T06:26:12.344+0000] {dagbag.py:588} INFO - Filling up the DagBag from /home/airflow/.local/lib/python3.12/site-packages/airflow/example_dags/example_python_operator.py
[2024-11-25T06:26:12.355+0000] {processor.py:925} INFO - DAG(s) 'example_python_operator' retrieved from /home/airflow/.local/lib/python3.12/site-packages/airflow/example_dags/example_python_operator.py
[2024-11-25T06:26:12.385+0000] {logging_mixin.py:190} INFO - [2024-11-25T06:26:12.385+0000] {dag.py:3239} INFO - Sync 1 DAGs
[2024-11-25T06:26:12.406+0000] {logging_mixin.py:190} INFO - [2024-11-25T06:26:12.406+0000] {dag.py:4180} INFO - Setting next_dagrun for example_python_operator to None, run_after=None
[2024-11-25T06:26:12.436+0000] {processor.py:208} INFO - Processing /home/airflow/.local/lib/python3.12/site-packages/airflow/example_dags/example_python_operator.py took 0.100 seconds
[2024-11-25T06:26:46.103+0000] {processor.py:186} INFO - Started process (PID=6860) to work on /home/airflow/.local/lib/python3.12/site-packages/airflow/example_dags/example_python_operator.py
[2024-11-25T06:26:46.106+0000] {processor.py:914} INFO - Processing file /home/airflow/.local/lib/python3.12/site-packages/airflow/example_dags/example_python_operator.py for tasks to queue
[2024-11-25T06:26:46.124+0000] {logging_mixin.py:190} INFO - [2024-11-25T06:26:46.123+0000] {dagbag.py:588} INFO - Filling up the DagBag from /home/airflow/.local/lib/python3.12/site-packages/airflow/example_dags/example_python_operator.py
[2024-11-25T06:26:46.188+0000] {processor.py:925} INFO - DAG(s) 'example_python_operator' retrieved from /home/airflow/.local/lib/python3.12/site-packages/airflow/example_dags/example_python_operator.py
[2024-11-25T06:26:46.327+0000] {logging_mixin.py:190} INFO - [2024-11-25T06:26:46.326+0000] {dag.py:3239} INFO - Sync 1 DAGs
[2024-11-25T06:26:46.463+0000] {logging_mixin.py:190} INFO - [2024-11-25T06:26:46.462+0000] {dag.py:4180} INFO - Setting next_dagrun for example_python_operator to None, run_after=None
[2024-11-25T06:26:46.656+0000] {processor.py:208} INFO - Processing /home/airflow/.local/lib/python3.12/site-packages/airflow/example_dags/example_python_operator.py took 0.590 seconds
[2024-11-25T06:27:16.778+0000] {processor.py:186} INFO - Started process (PID=7161) to work on /home/airflow/.local/lib/python3.12/site-packages/airflow/example_dags/example_python_operator.py
[2024-11-25T06:27:16.779+0000] {processor.py:914} INFO - Processing file /home/airflow/.local/lib/python3.12/site-packages/airflow/example_dags/example_python_operator.py for tasks to queue
[2024-11-25T06:27:16.782+0000] {logging_mixin.py:190} INFO - [2024-11-25T06:27:16.781+0000] {dagbag.py:588} INFO - Filling up the DagBag from /home/airflow/.local/lib/python3.12/site-packages/airflow/example_dags/example_python_operator.py
[2024-11-25T06:27:16.795+0000] {processor.py:925} INFO - DAG(s) 'example_python_operator' retrieved from /home/airflow/.local/lib/python3.12/site-packages/airflow/example_dags/example_python_operator.py
[2024-11-25T06:27:16.821+0000] {logging_mixin.py:190} INFO - [2024-11-25T06:27:16.821+0000] {dag.py:3239} INFO - Sync 1 DAGs
[2024-11-25T06:27:16.845+0000] {logging_mixin.py:190} INFO - [2024-11-25T06:27:16.844+0000] {dag.py:4180} INFO - Setting next_dagrun for example_python_operator to None, run_after=None
[2024-11-25T06:27:16.901+0000] {processor.py:208} INFO - Processing /home/airflow/.local/lib/python3.12/site-packages/airflow/example_dags/example_python_operator.py took 0.129 seconds
[2024-11-25T06:27:47.507+0000] {processor.py:186} INFO - Started process (PID=7462) to work on /home/airflow/.local/lib/python3.12/site-packages/airflow/example_dags/example_python_operator.py
[2024-11-25T06:27:47.508+0000] {processor.py:914} INFO - Processing file /home/airflow/.local/lib/python3.12/site-packages/airflow/example_dags/example_python_operator.py for tasks to queue
[2024-11-25T06:27:47.510+0000] {logging_mixin.py:190} INFO - [2024-11-25T06:27:47.510+0000] {dagbag.py:588} INFO - Filling up the DagBag from /home/airflow/.local/lib/python3.12/site-packages/airflow/example_dags/example_python_operator.py
[2024-11-25T06:27:47.522+0000] {processor.py:925} INFO - DAG(s) 'example_python_operator' retrieved from /home/airflow/.local/lib/python3.12/site-packages/airflow/example_dags/example_python_operator.py
[2024-11-25T06:27:47.547+0000] {logging_mixin.py:190} INFO - [2024-11-25T06:27:47.547+0000] {dag.py:3239} INFO - Sync 1 DAGs
[2024-11-25T06:27:47.565+0000] {logging_mixin.py:190} INFO - [2024-11-25T06:27:47.564+0000] {dag.py:4180} INFO - Setting next_dagrun for example_python_operator to None, run_after=None
[2024-11-25T06:27:47.583+0000] {processor.py:208} INFO - Processing /home/airflow/.local/lib/python3.12/site-packages/airflow/example_dags/example_python_operator.py took 0.082 seconds
[2024-11-25T06:28:18.356+0000] {processor.py:186} INFO - Started process (PID=7763) to work on /home/airflow/.local/lib/python3.12/site-packages/airflow/example_dags/example_python_operator.py
[2024-11-25T06:28:18.357+0000] {processor.py:914} INFO - Processing file /home/airflow/.local/lib/python3.12/site-packages/airflow/example_dags/example_python_operator.py for tasks to queue
[2024-11-25T06:28:18.360+0000] {logging_mixin.py:190} INFO - [2024-11-25T06:28:18.359+0000] {dagbag.py:588} INFO - Filling up the DagBag from /home/airflow/.local/lib/python3.12/site-packages/airflow/example_dags/example_python_operator.py
[2024-11-25T06:28:18.372+0000] {processor.py:925} INFO - DAG(s) 'example_python_operator' retrieved from /home/airflow/.local/lib/python3.12/site-packages/airflow/example_dags/example_python_operator.py
[2024-11-25T06:28:18.401+0000] {logging_mixin.py:190} INFO - [2024-11-25T06:28:18.400+0000] {dag.py:3239} INFO - Sync 1 DAGs
[2024-11-25T06:28:18.416+0000] {logging_mixin.py:190} INFO - [2024-11-25T06:28:18.416+0000] {dag.py:4180} INFO - Setting next_dagrun for example_python_operator to None, run_after=None
[2024-11-25T06:28:18.437+0000] {processor.py:208} INFO - Processing /home/airflow/.local/lib/python3.12/site-packages/airflow/example_dags/example_python_operator.py took 0.088 seconds
[2024-11-25T06:28:48.878+0000] {processor.py:186} INFO - Started process (PID=8064) to work on /home/airflow/.local/lib/python3.12/site-packages/airflow/example_dags/example_python_operator.py
[2024-11-25T06:28:48.879+0000] {processor.py:914} INFO - Processing file /home/airflow/.local/lib/python3.12/site-packages/airflow/example_dags/example_python_operator.py for tasks to queue
[2024-11-25T06:28:48.881+0000] {logging_mixin.py:190} INFO - [2024-11-25T06:28:48.881+0000] {dagbag.py:588} INFO - Filling up the DagBag from /home/airflow/.local/lib/python3.12/site-packages/airflow/example_dags/example_python_operator.py
[2024-11-25T06:28:48.896+0000] {processor.py:925} INFO - DAG(s) 'example_python_operator' retrieved from /home/airflow/.local/lib/python3.12/site-packages/airflow/example_dags/example_python_operator.py
[2024-11-25T06:28:48.921+0000] {logging_mixin.py:190} INFO - [2024-11-25T06:28:48.920+0000] {dag.py:3239} INFO - Sync 1 DAGs
[2024-11-25T06:28:48.936+0000] {logging_mixin.py:190} INFO - [2024-11-25T06:28:48.936+0000] {dag.py:4180} INFO - Setting next_dagrun for example_python_operator to None, run_after=None
[2024-11-25T06:28:48.956+0000] {processor.py:208} INFO - Processing /home/airflow/.local/lib/python3.12/site-packages/airflow/example_dags/example_python_operator.py took 0.085 seconds
[2024-11-25T06:29:19.454+0000] {processor.py:186} INFO - Started process (PID=8365) to work on /home/airflow/.local/lib/python3.12/site-packages/airflow/example_dags/example_python_operator.py
[2024-11-25T06:29:19.456+0000] {processor.py:914} INFO - Processing file /home/airflow/.local/lib/python3.12/site-packages/airflow/example_dags/example_python_operator.py for tasks to queue
[2024-11-25T06:29:19.461+0000] {logging_mixin.py:190} INFO - [2024-11-25T06:29:19.460+0000] {dagbag.py:588} INFO - Filling up the DagBag from /home/airflow/.local/lib/python3.12/site-packages/airflow/example_dags/example_python_operator.py
[2024-11-25T06:29:19.476+0000] {processor.py:925} INFO - DAG(s) 'example_python_operator' retrieved from /home/airflow/.local/lib/python3.12/site-packages/airflow/example_dags/example_python_operator.py
[2024-11-25T06:29:19.510+0000] {logging_mixin.py:190} INFO - [2024-11-25T06:29:19.509+0000] {dag.py:3239} INFO - Sync 1 DAGs
[2024-11-25T06:29:19.529+0000] {logging_mixin.py:190} INFO - [2024-11-25T06:29:19.529+0000] {dag.py:4180} INFO - Setting next_dagrun for example_python_operator to None, run_after=None
[2024-11-25T06:29:19.550+0000] {processor.py:208} INFO - Processing /home/airflow/.local/lib/python3.12/site-packages/airflow/example_dags/example_python_operator.py took 0.103 seconds
[2024-11-25T06:29:49.902+0000] {processor.py:186} INFO - Started process (PID=8666) to work on /home/airflow/.local/lib/python3.12/site-packages/airflow/example_dags/example_python_operator.py
[2024-11-25T06:29:49.903+0000] {processor.py:914} INFO - Processing file /home/airflow/.local/lib/python3.12/site-packages/airflow/example_dags/example_python_operator.py for tasks to queue
[2024-11-25T06:29:49.906+0000] {logging_mixin.py:190} INFO - [2024-11-25T06:29:49.906+0000] {dagbag.py:588} INFO - Filling up the DagBag from /home/airflow/.local/lib/python3.12/site-packages/airflow/example_dags/example_python_operator.py
[2024-11-25T06:29:49.919+0000] {processor.py:925} INFO - DAG(s) 'example_python_operator' retrieved from /home/airflow/.local/lib/python3.12/site-packages/airflow/example_dags/example_python_operator.py
[2024-11-25T06:29:49.945+0000] {logging_mixin.py:190} INFO - [2024-11-25T06:29:49.945+0000] {dag.py:3239} INFO - Sync 1 DAGs
[2024-11-25T06:29:49.965+0000] {logging_mixin.py:190} INFO - [2024-11-25T06:29:49.965+0000] {dag.py:4180} INFO - Setting next_dagrun for example_python_operator to None, run_after=None
[2024-11-25T06:29:49.992+0000] {processor.py:208} INFO - Processing /home/airflow/.local/lib/python3.12/site-packages/airflow/example_dags/example_python_operator.py took 0.096 seconds
[2024-11-25T06:30:20.626+0000] {processor.py:186} INFO - Started process (PID=8962) to work on /home/airflow/.local/lib/python3.12/site-packages/airflow/example_dags/example_python_operator.py
[2024-11-25T06:30:20.631+0000] {processor.py:914} INFO - Processing file /home/airflow/.local/lib/python3.12/site-packages/airflow/example_dags/example_python_operator.py for tasks to queue
[2024-11-25T06:30:20.644+0000] {logging_mixin.py:190} INFO - [2024-11-25T06:30:20.643+0000] {dagbag.py:588} INFO - Filling up the DagBag from /home/airflow/.local/lib/python3.12/site-packages/airflow/example_dags/example_python_operator.py
[2024-11-25T06:30:20.701+0000] {processor.py:925} INFO - DAG(s) 'example_python_operator' retrieved from /home/airflow/.local/lib/python3.12/site-packages/airflow/example_dags/example_python_operator.py
[2024-11-25T06:30:20.772+0000] {logging_mixin.py:190} INFO - [2024-11-25T06:30:20.771+0000] {dag.py:3239} INFO - Sync 1 DAGs
[2024-11-25T06:30:20.792+0000] {logging_mixin.py:190} INFO - [2024-11-25T06:30:20.792+0000] {dag.py:4180} INFO - Setting next_dagrun for example_python_operator to None, run_after=None
[2024-11-25T06:30:20.812+0000] {processor.py:208} INFO - Processing /home/airflow/.local/lib/python3.12/site-packages/airflow/example_dags/example_python_operator.py took 0.201 seconds
[2024-11-25T06:30:50.961+0000] {processor.py:186} INFO - Started process (PID=9263) to work on /home/airflow/.local/lib/python3.12/site-packages/airflow/example_dags/example_python_operator.py
[2024-11-25T06:30:50.968+0000] {processor.py:914} INFO - Processing file /home/airflow/.local/lib/python3.12/site-packages/airflow/example_dags/example_python_operator.py for tasks to queue
[2024-11-25T06:30:50.977+0000] {logging_mixin.py:190} INFO - [2024-11-25T06:30:50.972+0000] {dagbag.py:588} INFO - Filling up the DagBag from /home/airflow/.local/lib/python3.12/site-packages/airflow/example_dags/example_python_operator.py
[2024-11-25T06:30:51.027+0000] {processor.py:925} INFO - DAG(s) 'example_python_operator' retrieved from /home/airflow/.local/lib/python3.12/site-packages/airflow/example_dags/example_python_operator.py
[2024-11-25T06:30:51.098+0000] {logging_mixin.py:190} INFO - [2024-11-25T06:30:51.097+0000] {dag.py:3239} INFO - Sync 1 DAGs
[2024-11-25T06:30:51.138+0000] {logging_mixin.py:190} INFO - [2024-11-25T06:30:51.137+0000] {dag.py:4180} INFO - Setting next_dagrun for example_python_operator to None, run_after=None
[2024-11-25T06:30:51.209+0000] {processor.py:208} INFO - Processing /home/airflow/.local/lib/python3.12/site-packages/airflow/example_dags/example_python_operator.py took 0.259 seconds
[2024-11-25T06:31:21.280+0000] {processor.py:186} INFO - Started process (PID=9564) to work on /home/airflow/.local/lib/python3.12/site-packages/airflow/example_dags/example_python_operator.py
[2024-11-25T06:31:21.281+0000] {processor.py:914} INFO - Processing file /home/airflow/.local/lib/python3.12/site-packages/airflow/example_dags/example_python_operator.py for tasks to queue
[2024-11-25T06:31:21.284+0000] {logging_mixin.py:190} INFO - [2024-11-25T06:31:21.283+0000] {dagbag.py:588} INFO - Filling up the DagBag from /home/airflow/.local/lib/python3.12/site-packages/airflow/example_dags/example_python_operator.py
[2024-11-25T06:31:21.296+0000] {processor.py:925} INFO - DAG(s) 'example_python_operator' retrieved from /home/airflow/.local/lib/python3.12/site-packages/airflow/example_dags/example_python_operator.py
[2024-11-25T06:31:21.321+0000] {logging_mixin.py:190} INFO - [2024-11-25T06:31:21.321+0000] {dag.py:3239} INFO - Sync 1 DAGs
[2024-11-25T06:31:21.337+0000] {logging_mixin.py:190} INFO - [2024-11-25T06:31:21.337+0000] {dag.py:4180} INFO - Setting next_dagrun for example_python_operator to None, run_after=None
[2024-11-25T06:31:21.358+0000] {processor.py:208} INFO - Processing /home/airflow/.local/lib/python3.12/site-packages/airflow/example_dags/example_python_operator.py took 0.084 seconds
[2024-11-25T06:31:51.550+0000] {processor.py:186} INFO - Started process (PID=9863) to work on /home/airflow/.local/lib/python3.12/site-packages/airflow/example_dags/example_python_operator.py
[2024-11-25T06:31:51.551+0000] {processor.py:914} INFO - Processing file /home/airflow/.local/lib/python3.12/site-packages/airflow/example_dags/example_python_operator.py for tasks to queue
[2024-11-25T06:31:51.553+0000] {logging_mixin.py:190} INFO - [2024-11-25T06:31:51.553+0000] {dagbag.py:588} INFO - Filling up the DagBag from /home/airflow/.local/lib/python3.12/site-packages/airflow/example_dags/example_python_operator.py
[2024-11-25T06:31:51.568+0000] {processor.py:925} INFO - DAG(s) 'example_python_operator' retrieved from /home/airflow/.local/lib/python3.12/site-packages/airflow/example_dags/example_python_operator.py
[2024-11-25T06:31:51.599+0000] {logging_mixin.py:190} INFO - [2024-11-25T06:31:51.598+0000] {dag.py:3239} INFO - Sync 1 DAGs
[2024-11-25T06:31:51.623+0000] {logging_mixin.py:190} INFO - [2024-11-25T06:31:51.623+0000] {dag.py:4180} INFO - Setting next_dagrun for example_python_operator to None, run_after=None
[2024-11-25T06:31:51.643+0000] {processor.py:208} INFO - Processing /home/airflow/.local/lib/python3.12/site-packages/airflow/example_dags/example_python_operator.py took 0.100 seconds
[2024-11-25T06:32:21.925+0000] {processor.py:186} INFO - Started process (PID=10141) to work on /home/airflow/.local/lib/python3.12/site-packages/airflow/example_dags/example_python_operator.py
[2024-11-25T06:32:21.926+0000] {processor.py:914} INFO - Processing file /home/airflow/.local/lib/python3.12/site-packages/airflow/example_dags/example_python_operator.py for tasks to queue
[2024-11-25T06:32:21.928+0000] {logging_mixin.py:190} INFO - [2024-11-25T06:32:21.928+0000] {dagbag.py:588} INFO - Filling up the DagBag from /home/airflow/.local/lib/python3.12/site-packages/airflow/example_dags/example_python_operator.py
[2024-11-25T06:32:21.940+0000] {processor.py:925} INFO - DAG(s) 'example_python_operator' retrieved from /home/airflow/.local/lib/python3.12/site-packages/airflow/example_dags/example_python_operator.py
[2024-11-25T06:32:21.966+0000] {logging_mixin.py:190} INFO - [2024-11-25T06:32:21.965+0000] {dag.py:3239} INFO - Sync 1 DAGs
[2024-11-25T06:32:21.980+0000] {logging_mixin.py:190} INFO - [2024-11-25T06:32:21.980+0000] {dag.py:4180} INFO - Setting next_dagrun for example_python_operator to None, run_after=None
[2024-11-25T06:32:22.001+0000] {processor.py:208} INFO - Processing /home/airflow/.local/lib/python3.12/site-packages/airflow/example_dags/example_python_operator.py took 0.081 seconds
[2024-11-25T06:32:52.095+0000] {processor.py:186} INFO - Started process (PID=10443) to work on /home/airflow/.local/lib/python3.12/site-packages/airflow/example_dags/example_python_operator.py
[2024-11-25T06:32:52.096+0000] {processor.py:914} INFO - Processing file /home/airflow/.local/lib/python3.12/site-packages/airflow/example_dags/example_python_operator.py for tasks to queue
[2024-11-25T06:32:52.099+0000] {logging_mixin.py:190} INFO - [2024-11-25T06:32:52.099+0000] {dagbag.py:588} INFO - Filling up the DagBag from /home/airflow/.local/lib/python3.12/site-packages/airflow/example_dags/example_python_operator.py
[2024-11-25T06:32:52.111+0000] {processor.py:925} INFO - DAG(s) 'example_python_operator' retrieved from /home/airflow/.local/lib/python3.12/site-packages/airflow/example_dags/example_python_operator.py
[2024-11-25T06:32:52.141+0000] {logging_mixin.py:190} INFO - [2024-11-25T06:32:52.140+0000] {dag.py:3239} INFO - Sync 1 DAGs
[2024-11-25T06:32:52.161+0000] {logging_mixin.py:190} INFO - [2024-11-25T06:32:52.160+0000] {dag.py:4180} INFO - Setting next_dagrun for example_python_operator to None, run_after=None
[2024-11-25T06:32:52.184+0000] {processor.py:208} INFO - Processing /home/airflow/.local/lib/python3.12/site-packages/airflow/example_dags/example_python_operator.py took 0.094 seconds
[2024-11-25T06:33:22.591+0000] {processor.py:186} INFO - Started process (PID=10739) to work on /home/airflow/.local/lib/python3.12/site-packages/airflow/example_dags/example_python_operator.py
[2024-11-25T06:33:22.592+0000] {processor.py:914} INFO - Processing file /home/airflow/.local/lib/python3.12/site-packages/airflow/example_dags/example_python_operator.py for tasks to queue
[2024-11-25T06:33:22.594+0000] {logging_mixin.py:190} INFO - [2024-11-25T06:33:22.594+0000] {dagbag.py:588} INFO - Filling up the DagBag from /home/airflow/.local/lib/python3.12/site-packages/airflow/example_dags/example_python_operator.py
[2024-11-25T06:33:22.606+0000] {processor.py:925} INFO - DAG(s) 'example_python_operator' retrieved from /home/airflow/.local/lib/python3.12/site-packages/airflow/example_dags/example_python_operator.py
[2024-11-25T06:33:22.642+0000] {logging_mixin.py:190} INFO - [2024-11-25T06:33:22.642+0000] {dag.py:3239} INFO - Sync 1 DAGs
[2024-11-25T06:33:22.665+0000] {logging_mixin.py:190} INFO - [2024-11-25T06:33:22.665+0000] {dag.py:4180} INFO - Setting next_dagrun for example_python_operator to None, run_after=None
[2024-11-25T06:33:22.700+0000] {processor.py:208} INFO - Processing /home/airflow/.local/lib/python3.12/site-packages/airflow/example_dags/example_python_operator.py took 0.114 seconds
[2024-11-25T06:33:52.810+0000] {processor.py:186} INFO - Started process (PID=11038) to work on /home/airflow/.local/lib/python3.12/site-packages/airflow/example_dags/example_python_operator.py
[2024-11-25T06:33:52.812+0000] {processor.py:914} INFO - Processing file /home/airflow/.local/lib/python3.12/site-packages/airflow/example_dags/example_python_operator.py for tasks to queue
[2024-11-25T06:33:52.816+0000] {logging_mixin.py:190} INFO - [2024-11-25T06:33:52.815+0000] {dagbag.py:588} INFO - Filling up the DagBag from /home/airflow/.local/lib/python3.12/site-packages/airflow/example_dags/example_python_operator.py
[2024-11-25T06:33:52.837+0000] {processor.py:925} INFO - DAG(s) 'example_python_operator' retrieved from /home/airflow/.local/lib/python3.12/site-packages/airflow/example_dags/example_python_operator.py
[2024-11-25T06:33:52.880+0000] {logging_mixin.py:190} INFO - [2024-11-25T06:33:52.880+0000] {dag.py:3239} INFO - Sync 1 DAGs
[2024-11-25T06:33:52.907+0000] {logging_mixin.py:190} INFO - [2024-11-25T06:33:52.906+0000] {dag.py:4180} INFO - Setting next_dagrun for example_python_operator to None, run_after=None
[2024-11-25T06:33:52.945+0000] {processor.py:208} INFO - Processing /home/airflow/.local/lib/python3.12/site-packages/airflow/example_dags/example_python_operator.py took 0.141 seconds
[2024-11-25T06:34:24.290+0000] {processor.py:186} INFO - Started process (PID=11341) to work on /home/airflow/.local/lib/python3.12/site-packages/airflow/example_dags/example_python_operator.py
[2024-11-25T06:34:24.291+0000] {processor.py:914} INFO - Processing file /home/airflow/.local/lib/python3.12/site-packages/airflow/example_dags/example_python_operator.py for tasks to queue
[2024-11-25T06:34:24.296+0000] {logging_mixin.py:190} INFO - [2024-11-25T06:34:24.295+0000] {dagbag.py:588} INFO - Filling up the DagBag from /home/airflow/.local/lib/python3.12/site-packages/airflow/example_dags/example_python_operator.py
[2024-11-25T06:34:24.313+0000] {processor.py:925} INFO - DAG(s) 'example_python_operator' retrieved from /home/airflow/.local/lib/python3.12/site-packages/airflow/example_dags/example_python_operator.py
[2024-11-25T06:34:24.358+0000] {logging_mixin.py:190} INFO - [2024-11-25T06:34:24.357+0000] {dag.py:3239} INFO - Sync 1 DAGs
[2024-11-25T06:34:24.399+0000] {logging_mixin.py:190} INFO - [2024-11-25T06:34:24.398+0000] {dag.py:4180} INFO - Setting next_dagrun for example_python_operator to None, run_after=None
[2024-11-25T06:34:24.434+0000] {processor.py:208} INFO - Processing /home/airflow/.local/lib/python3.12/site-packages/airflow/example_dags/example_python_operator.py took 0.156 seconds
[2024-11-25T06:34:55.847+0000] {processor.py:186} INFO - Started process (PID=11627) to work on /home/airflow/.local/lib/python3.12/site-packages/airflow/example_dags/example_python_operator.py
[2024-11-25T06:34:55.849+0000] {processor.py:914} INFO - Processing file /home/airflow/.local/lib/python3.12/site-packages/airflow/example_dags/example_python_operator.py for tasks to queue
[2024-11-25T06:34:55.854+0000] {logging_mixin.py:190} INFO - [2024-11-25T06:34:55.854+0000] {dagbag.py:588} INFO - Filling up the DagBag from /home/airflow/.local/lib/python3.12/site-packages/airflow/example_dags/example_python_operator.py
[2024-11-25T06:34:55.880+0000] {processor.py:925} INFO - DAG(s) 'example_python_operator' retrieved from /home/airflow/.local/lib/python3.12/site-packages/airflow/example_dags/example_python_operator.py
[2024-11-25T06:34:55.934+0000] {logging_mixin.py:190} INFO - [2024-11-25T06:34:55.934+0000] {dag.py:3239} INFO - Sync 1 DAGs
[2024-11-25T06:34:55.976+0000] {logging_mixin.py:190} INFO - [2024-11-25T06:34:55.975+0000] {dag.py:4180} INFO - Setting next_dagrun for example_python_operator to None, run_after=None
[2024-11-25T06:34:56.026+0000] {processor.py:208} INFO - Processing /home/airflow/.local/lib/python3.12/site-packages/airflow/example_dags/example_python_operator.py took 0.190 seconds
[2024-11-25T06:41:02.520+0000] {processor.py:186} INFO - Started process (PID=15129) to work on /home/airflow/.local/lib/python3.12/site-packages/airflow/example_dags/example_python_operator.py
[2024-11-25T06:41:02.521+0000] {processor.py:914} INFO - Processing file /home/airflow/.local/lib/python3.12/site-packages/airflow/example_dags/example_python_operator.py for tasks to queue
[2024-11-25T06:41:02.525+0000] {logging_mixin.py:190} INFO - [2024-11-25T06:41:02.524+0000] {dagbag.py:588} INFO - Filling up the DagBag from /home/airflow/.local/lib/python3.12/site-packages/airflow/example_dags/example_python_operator.py
[2024-11-25T06:41:02.537+0000] {processor.py:925} INFO - DAG(s) 'example_python_operator' retrieved from /home/airflow/.local/lib/python3.12/site-packages/airflow/example_dags/example_python_operator.py
[2024-11-25T06:41:02.590+0000] {logging_mixin.py:190} INFO - [2024-11-25T06:41:02.590+0000] {dag.py:3239} INFO - Sync 1 DAGs
[2024-11-25T06:41:02.616+0000] {logging_mixin.py:190} INFO - [2024-11-25T06:41:02.616+0000] {dag.py:4180} INFO - Setting next_dagrun for example_python_operator to None, run_after=None
[2024-11-25T06:41:02.730+0000] {processor.py:208} INFO - Processing /home/airflow/.local/lib/python3.12/site-packages/airflow/example_dags/example_python_operator.py took 0.222 seconds
[2024-11-25T06:41:33.198+0000] {processor.py:186} INFO - Started process (PID=15430) to work on /home/airflow/.local/lib/python3.12/site-packages/airflow/example_dags/example_python_operator.py
[2024-11-25T06:41:33.200+0000] {processor.py:914} INFO - Processing file /home/airflow/.local/lib/python3.12/site-packages/airflow/example_dags/example_python_operator.py for tasks to queue
[2024-11-25T06:41:33.206+0000] {logging_mixin.py:190} INFO - [2024-11-25T06:41:33.205+0000] {dagbag.py:588} INFO - Filling up the DagBag from /home/airflow/.local/lib/python3.12/site-packages/airflow/example_dags/example_python_operator.py
[2024-11-25T06:41:33.224+0000] {processor.py:925} INFO - DAG(s) 'example_python_operator' retrieved from /home/airflow/.local/lib/python3.12/site-packages/airflow/example_dags/example_python_operator.py
[2024-11-25T06:41:33.262+0000] {logging_mixin.py:190} INFO - [2024-11-25T06:41:33.261+0000] {dag.py:3239} INFO - Sync 1 DAGs
[2024-11-25T06:41:33.286+0000] {logging_mixin.py:190} INFO - [2024-11-25T06:41:33.285+0000] {dag.py:4180} INFO - Setting next_dagrun for example_python_operator to None, run_after=None
[2024-11-25T06:41:33.326+0000] {processor.py:208} INFO - Processing /home/airflow/.local/lib/python3.12/site-packages/airflow/example_dags/example_python_operator.py took 0.143 seconds
[2024-11-25T06:42:03.591+0000] {processor.py:186} INFO - Started process (PID=15732) to work on /home/airflow/.local/lib/python3.12/site-packages/airflow/example_dags/example_python_operator.py
[2024-11-25T06:42:03.593+0000] {processor.py:914} INFO - Processing file /home/airflow/.local/lib/python3.12/site-packages/airflow/example_dags/example_python_operator.py for tasks to queue
[2024-11-25T06:42:03.595+0000] {logging_mixin.py:190} INFO - [2024-11-25T06:42:03.595+0000] {dagbag.py:588} INFO - Filling up the DagBag from /home/airflow/.local/lib/python3.12/site-packages/airflow/example_dags/example_python_operator.py
[2024-11-25T06:42:03.606+0000] {processor.py:925} INFO - DAG(s) 'example_python_operator' retrieved from /home/airflow/.local/lib/python3.12/site-packages/airflow/example_dags/example_python_operator.py
[2024-11-25T06:42:03.856+0000] {logging_mixin.py:190} INFO - [2024-11-25T06:42:03.855+0000] {dag.py:3239} INFO - Sync 1 DAGs
[2024-11-25T06:42:03.873+0000] {logging_mixin.py:190} INFO - [2024-11-25T06:42:03.872+0000] {dag.py:4180} INFO - Setting next_dagrun for example_python_operator to None, run_after=None
[2024-11-25T06:42:03.894+0000] {processor.py:208} INFO - Processing /home/airflow/.local/lib/python3.12/site-packages/airflow/example_dags/example_python_operator.py took 0.309 seconds
[2024-11-25T06:42:34.382+0000] {processor.py:186} INFO - Started process (PID=16033) to work on /home/airflow/.local/lib/python3.12/site-packages/airflow/example_dags/example_python_operator.py
[2024-11-25T06:42:34.384+0000] {processor.py:914} INFO - Processing file /home/airflow/.local/lib/python3.12/site-packages/airflow/example_dags/example_python_operator.py for tasks to queue
[2024-11-25T06:42:34.388+0000] {logging_mixin.py:190} INFO - [2024-11-25T06:42:34.388+0000] {dagbag.py:588} INFO - Filling up the DagBag from /home/airflow/.local/lib/python3.12/site-packages/airflow/example_dags/example_python_operator.py
[2024-11-25T06:42:34.410+0000] {processor.py:925} INFO - DAG(s) 'example_python_operator' retrieved from /home/airflow/.local/lib/python3.12/site-packages/airflow/example_dags/example_python_operator.py
[2024-11-25T06:42:34.450+0000] {logging_mixin.py:190} INFO - [2024-11-25T06:42:34.449+0000] {dag.py:3239} INFO - Sync 1 DAGs
[2024-11-25T06:42:34.476+0000] {logging_mixin.py:190} INFO - [2024-11-25T06:42:34.475+0000] {dag.py:4180} INFO - Setting next_dagrun for example_python_operator to None, run_after=None
[2024-11-25T06:42:34.504+0000] {processor.py:208} INFO - Processing /home/airflow/.local/lib/python3.12/site-packages/airflow/example_dags/example_python_operator.py took 0.131 seconds
[2024-11-25T06:43:04.962+0000] {processor.py:186} INFO - Started process (PID=16340) to work on /home/airflow/.local/lib/python3.12/site-packages/airflow/example_dags/example_python_operator.py
[2024-11-25T06:43:04.965+0000] {processor.py:914} INFO - Processing file /home/airflow/.local/lib/python3.12/site-packages/airflow/example_dags/example_python_operator.py for tasks to queue
[2024-11-25T06:43:04.969+0000] {logging_mixin.py:190} INFO - [2024-11-25T06:43:04.969+0000] {dagbag.py:588} INFO - Filling up the DagBag from /home/airflow/.local/lib/python3.12/site-packages/airflow/example_dags/example_python_operator.py
[2024-11-25T06:43:04.987+0000] {processor.py:925} INFO - DAG(s) 'example_python_operator' retrieved from /home/airflow/.local/lib/python3.12/site-packages/airflow/example_dags/example_python_operator.py
[2024-11-25T06:43:05.023+0000] {logging_mixin.py:190} INFO - [2024-11-25T06:43:05.023+0000] {dag.py:3239} INFO - Sync 1 DAGs
[2024-11-25T06:43:05.039+0000] {logging_mixin.py:190} INFO - [2024-11-25T06:43:05.039+0000] {dag.py:4180} INFO - Setting next_dagrun for example_python_operator to None, run_after=None
[2024-11-25T06:43:05.063+0000] {processor.py:208} INFO - Processing /home/airflow/.local/lib/python3.12/site-packages/airflow/example_dags/example_python_operator.py took 0.108 seconds
[2024-11-25T06:43:35.409+0000] {processor.py:186} INFO - Started process (PID=16641) to work on /home/airflow/.local/lib/python3.12/site-packages/airflow/example_dags/example_python_operator.py
[2024-11-25T06:43:35.410+0000] {processor.py:914} INFO - Processing file /home/airflow/.local/lib/python3.12/site-packages/airflow/example_dags/example_python_operator.py for tasks to queue
[2024-11-25T06:43:35.413+0000] {logging_mixin.py:190} INFO - [2024-11-25T06:43:35.413+0000] {dagbag.py:588} INFO - Filling up the DagBag from /home/airflow/.local/lib/python3.12/site-packages/airflow/example_dags/example_python_operator.py
[2024-11-25T06:43:35.426+0000] {processor.py:925} INFO - DAG(s) 'example_python_operator' retrieved from /home/airflow/.local/lib/python3.12/site-packages/airflow/example_dags/example_python_operator.py
[2024-11-25T06:43:35.451+0000] {logging_mixin.py:190} INFO - [2024-11-25T06:43:35.451+0000] {dag.py:3239} INFO - Sync 1 DAGs
[2024-11-25T06:43:35.466+0000] {logging_mixin.py:190} INFO - [2024-11-25T06:43:35.466+0000] {dag.py:4180} INFO - Setting next_dagrun for example_python_operator to None, run_after=None
[2024-11-25T06:43:35.489+0000] {processor.py:208} INFO - Processing /home/airflow/.local/lib/python3.12/site-packages/airflow/example_dags/example_python_operator.py took 0.087 seconds
