[2024-11-25T06:15:31.045+0000] {processor.py:186} INFO - Started process (PID=450) to work on /home/airflow/.local/lib/python3.12/site-packages/airflow/example_dags/example_complex.py
[2024-11-25T06:15:31.047+0000] {processor.py:914} INFO - Processing file /home/airflow/.local/lib/python3.12/site-packages/airflow/example_dags/example_complex.py for tasks to queue
[2024-11-25T06:15:31.050+0000] {logging_mixin.py:190} INFO - [2024-11-25T06:15:31.050+0000] {dagbag.py:588} INFO - Filling up the DagBag from /home/airflow/.local/lib/python3.12/site-packages/airflow/example_dags/example_complex.py
[2024-11-25T06:15:31.065+0000] {processor.py:925} INFO - DAG(s) 'example_complex' retrieved from /home/airflow/.local/lib/python3.12/site-packages/airflow/example_dags/example_complex.py
[2024-11-25T06:15:31.125+0000] {logging_mixin.py:190} INFO - [2024-11-25T06:15:31.125+0000] {dag.py:3239} INFO - Sync 1 DAGs
[2024-11-25T06:15:31.157+0000] {logging_mixin.py:190} INFO - [2024-11-25T06:15:31.156+0000] {dag.py:4180} INFO - Setting next_dagrun for example_complex to None, run_after=None
[2024-11-25T06:15:31.182+0000] {processor.py:208} INFO - Processing /home/airflow/.local/lib/python3.12/site-packages/airflow/example_dags/example_complex.py took 0.143 seconds
[2024-11-25T06:16:01.229+0000] {processor.py:186} INFO - Started process (PID=751) to work on /home/airflow/.local/lib/python3.12/site-packages/airflow/example_dags/example_complex.py
[2024-11-25T06:16:01.231+0000] {processor.py:914} INFO - Processing file /home/airflow/.local/lib/python3.12/site-packages/airflow/example_dags/example_complex.py for tasks to queue
[2024-11-25T06:16:01.235+0000] {logging_mixin.py:190} INFO - [2024-11-25T06:16:01.234+0000] {dagbag.py:588} INFO - Filling up the DagBag from /home/airflow/.local/lib/python3.12/site-packages/airflow/example_dags/example_complex.py
[2024-11-25T06:16:01.258+0000] {processor.py:925} INFO - DAG(s) 'example_complex' retrieved from /home/airflow/.local/lib/python3.12/site-packages/airflow/example_dags/example_complex.py
[2024-11-25T06:16:01.328+0000] {logging_mixin.py:190} INFO - [2024-11-25T06:16:01.328+0000] {dag.py:3239} INFO - Sync 1 DAGs
[2024-11-25T06:16:01.354+0000] {logging_mixin.py:190} INFO - [2024-11-25T06:16:01.353+0000] {dag.py:4180} INFO - Setting next_dagrun for example_complex to None, run_after=None
[2024-11-25T06:16:01.382+0000] {processor.py:208} INFO - Processing /home/airflow/.local/lib/python3.12/site-packages/airflow/example_dags/example_complex.py took 0.165 seconds
[2024-11-25T06:16:32.867+0000] {processor.py:186} INFO - Started process (PID=1053) to work on /home/airflow/.local/lib/python3.12/site-packages/airflow/example_dags/example_complex.py
[2024-11-25T06:16:32.869+0000] {processor.py:914} INFO - Processing file /home/airflow/.local/lib/python3.12/site-packages/airflow/example_dags/example_complex.py for tasks to queue
[2024-11-25T06:16:32.873+0000] {logging_mixin.py:190} INFO - [2024-11-25T06:16:32.873+0000] {dagbag.py:588} INFO - Filling up the DagBag from /home/airflow/.local/lib/python3.12/site-packages/airflow/example_dags/example_complex.py
[2024-11-25T06:16:32.895+0000] {processor.py:925} INFO - DAG(s) 'example_complex' retrieved from /home/airflow/.local/lib/python3.12/site-packages/airflow/example_dags/example_complex.py
[2024-11-25T06:16:32.955+0000] {logging_mixin.py:190} INFO - [2024-11-25T06:16:32.955+0000] {dag.py:3239} INFO - Sync 1 DAGs
[2024-11-25T06:16:32.975+0000] {logging_mixin.py:190} INFO - [2024-11-25T06:16:32.975+0000] {dag.py:4180} INFO - Setting next_dagrun for example_complex to None, run_after=None
[2024-11-25T06:16:33.005+0000] {processor.py:208} INFO - Processing /home/airflow/.local/lib/python3.12/site-packages/airflow/example_dags/example_complex.py took 0.147 seconds
[2024-11-25T06:17:03.348+0000] {processor.py:186} INFO - Started process (PID=1349) to work on /home/airflow/.local/lib/python3.12/site-packages/airflow/example_dags/example_complex.py
[2024-11-25T06:17:03.352+0000] {processor.py:914} INFO - Processing file /home/airflow/.local/lib/python3.12/site-packages/airflow/example_dags/example_complex.py for tasks to queue
[2024-11-25T06:17:03.354+0000] {logging_mixin.py:190} INFO - [2024-11-25T06:17:03.354+0000] {dagbag.py:588} INFO - Filling up the DagBag from /home/airflow/.local/lib/python3.12/site-packages/airflow/example_dags/example_complex.py
[2024-11-25T06:17:03.366+0000] {processor.py:925} INFO - DAG(s) 'example_complex' retrieved from /home/airflow/.local/lib/python3.12/site-packages/airflow/example_dags/example_complex.py
[2024-11-25T06:17:03.402+0000] {logging_mixin.py:190} INFO - [2024-11-25T06:17:03.402+0000] {dag.py:3239} INFO - Sync 1 DAGs
[2024-11-25T06:17:03.419+0000] {logging_mixin.py:190} INFO - [2024-11-25T06:17:03.419+0000] {dag.py:4180} INFO - Setting next_dagrun for example_complex to None, run_after=None
[2024-11-25T06:17:03.441+0000] {processor.py:208} INFO - Processing /home/airflow/.local/lib/python3.12/site-packages/airflow/example_dags/example_complex.py took 0.100 seconds
[2024-11-25T06:17:36.036+0000] {processor.py:186} INFO - Started process (PID=1659) to work on /home/airflow/.local/lib/python3.12/site-packages/airflow/example_dags/example_complex.py
[2024-11-25T06:17:36.037+0000] {processor.py:914} INFO - Processing file /home/airflow/.local/lib/python3.12/site-packages/airflow/example_dags/example_complex.py for tasks to queue
[2024-11-25T06:17:36.039+0000] {logging_mixin.py:190} INFO - [2024-11-25T06:17:36.039+0000] {dagbag.py:588} INFO - Filling up the DagBag from /home/airflow/.local/lib/python3.12/site-packages/airflow/example_dags/example_complex.py
[2024-11-25T06:17:36.055+0000] {processor.py:925} INFO - DAG(s) 'example_complex' retrieved from /home/airflow/.local/lib/python3.12/site-packages/airflow/example_dags/example_complex.py
[2024-11-25T06:17:36.096+0000] {logging_mixin.py:190} INFO - [2024-11-25T06:17:36.096+0000] {dag.py:3239} INFO - Sync 1 DAGs
[2024-11-25T06:17:36.114+0000] {logging_mixin.py:190} INFO - [2024-11-25T06:17:36.114+0000] {dag.py:4180} INFO - Setting next_dagrun for example_complex to None, run_after=None
[2024-11-25T06:17:36.139+0000] {processor.py:208} INFO - Processing /home/airflow/.local/lib/python3.12/site-packages/airflow/example_dags/example_complex.py took 0.110 seconds
[2024-11-25T06:18:07.101+0000] {processor.py:186} INFO - Started process (PID=1963) to work on /home/airflow/.local/lib/python3.12/site-packages/airflow/example_dags/example_complex.py
[2024-11-25T06:18:07.103+0000] {processor.py:914} INFO - Processing file /home/airflow/.local/lib/python3.12/site-packages/airflow/example_dags/example_complex.py for tasks to queue
[2024-11-25T06:18:07.107+0000] {logging_mixin.py:190} INFO - [2024-11-25T06:18:07.106+0000] {dagbag.py:588} INFO - Filling up the DagBag from /home/airflow/.local/lib/python3.12/site-packages/airflow/example_dags/example_complex.py
[2024-11-25T06:18:07.130+0000] {processor.py:925} INFO - DAG(s) 'example_complex' retrieved from /home/airflow/.local/lib/python3.12/site-packages/airflow/example_dags/example_complex.py
[2024-11-25T06:18:07.195+0000] {logging_mixin.py:190} INFO - [2024-11-25T06:18:07.194+0000] {dag.py:3239} INFO - Sync 1 DAGs
[2024-11-25T06:18:07.212+0000] {logging_mixin.py:190} INFO - [2024-11-25T06:18:07.211+0000] {dag.py:4180} INFO - Setting next_dagrun for example_complex to None, run_after=None
[2024-11-25T06:18:07.236+0000] {processor.py:208} INFO - Processing /home/airflow/.local/lib/python3.12/site-packages/airflow/example_dags/example_complex.py took 0.144 seconds
[2024-11-25T06:18:42.607+0000] {processor.py:186} INFO - Started process (PID=2269) to work on /home/airflow/.local/lib/python3.12/site-packages/airflow/example_dags/example_complex.py
[2024-11-25T06:18:42.609+0000] {processor.py:914} INFO - Processing file /home/airflow/.local/lib/python3.12/site-packages/airflow/example_dags/example_complex.py for tasks to queue
[2024-11-25T06:18:42.614+0000] {logging_mixin.py:190} INFO - [2024-11-25T06:18:42.614+0000] {dagbag.py:588} INFO - Filling up the DagBag from /home/airflow/.local/lib/python3.12/site-packages/airflow/example_dags/example_complex.py
[2024-11-25T06:18:42.642+0000] {processor.py:925} INFO - DAG(s) 'example_complex' retrieved from /home/airflow/.local/lib/python3.12/site-packages/airflow/example_dags/example_complex.py
[2024-11-25T06:18:42.739+0000] {logging_mixin.py:190} INFO - [2024-11-25T06:18:42.738+0000] {dag.py:3239} INFO - Sync 1 DAGs
[2024-11-25T06:18:42.870+0000] {logging_mixin.py:190} INFO - [2024-11-25T06:18:42.869+0000] {dag.py:4180} INFO - Setting next_dagrun for example_complex to None, run_after=None
[2024-11-25T06:18:42.945+0000] {processor.py:208} INFO - Processing /home/airflow/.local/lib/python3.12/site-packages/airflow/example_dags/example_complex.py took 0.356 seconds
[2024-11-25T06:19:13.814+0000] {processor.py:186} INFO - Started process (PID=2570) to work on /home/airflow/.local/lib/python3.12/site-packages/airflow/example_dags/example_complex.py
[2024-11-25T06:19:13.816+0000] {processor.py:914} INFO - Processing file /home/airflow/.local/lib/python3.12/site-packages/airflow/example_dags/example_complex.py for tasks to queue
[2024-11-25T06:19:13.820+0000] {logging_mixin.py:190} INFO - [2024-11-25T06:19:13.820+0000] {dagbag.py:588} INFO - Filling up the DagBag from /home/airflow/.local/lib/python3.12/site-packages/airflow/example_dags/example_complex.py
[2024-11-25T06:19:13.841+0000] {processor.py:925} INFO - DAG(s) 'example_complex' retrieved from /home/airflow/.local/lib/python3.12/site-packages/airflow/example_dags/example_complex.py
[2024-11-25T06:19:13.888+0000] {logging_mixin.py:190} INFO - [2024-11-25T06:19:13.888+0000] {dag.py:3239} INFO - Sync 1 DAGs
[2024-11-25T06:19:13.907+0000] {logging_mixin.py:190} INFO - [2024-11-25T06:19:13.907+0000] {dag.py:4180} INFO - Setting next_dagrun for example_complex to None, run_after=None
[2024-11-25T06:19:13.942+0000] {processor.py:208} INFO - Processing /home/airflow/.local/lib/python3.12/site-packages/airflow/example_dags/example_complex.py took 0.142 seconds
[2024-11-25T06:19:44.712+0000] {processor.py:186} INFO - Started process (PID=2868) to work on /home/airflow/.local/lib/python3.12/site-packages/airflow/example_dags/example_complex.py
[2024-11-25T06:19:44.716+0000] {processor.py:914} INFO - Processing file /home/airflow/.local/lib/python3.12/site-packages/airflow/example_dags/example_complex.py for tasks to queue
[2024-11-25T06:19:44.721+0000] {logging_mixin.py:190} INFO - [2024-11-25T06:19:44.720+0000] {dagbag.py:588} INFO - Filling up the DagBag from /home/airflow/.local/lib/python3.12/site-packages/airflow/example_dags/example_complex.py
[2024-11-25T06:19:44.735+0000] {processor.py:925} INFO - DAG(s) 'example_complex' retrieved from /home/airflow/.local/lib/python3.12/site-packages/airflow/example_dags/example_complex.py
[2024-11-25T06:19:44.774+0000] {logging_mixin.py:190} INFO - [2024-11-25T06:19:44.774+0000] {dag.py:3239} INFO - Sync 1 DAGs
[2024-11-25T06:19:44.791+0000] {logging_mixin.py:190} INFO - [2024-11-25T06:19:44.790+0000] {dag.py:4180} INFO - Setting next_dagrun for example_complex to None, run_after=None
[2024-11-25T06:19:44.813+0000] {processor.py:208} INFO - Processing /home/airflow/.local/lib/python3.12/site-packages/airflow/example_dags/example_complex.py took 0.107 seconds
[2024-11-25T06:20:15.556+0000] {processor.py:186} INFO - Started process (PID=3169) to work on /home/airflow/.local/lib/python3.12/site-packages/airflow/example_dags/example_complex.py
[2024-11-25T06:20:15.558+0000] {processor.py:914} INFO - Processing file /home/airflow/.local/lib/python3.12/site-packages/airflow/example_dags/example_complex.py for tasks to queue
[2024-11-25T06:20:15.562+0000] {logging_mixin.py:190} INFO - [2024-11-25T06:20:15.561+0000] {dagbag.py:588} INFO - Filling up the DagBag from /home/airflow/.local/lib/python3.12/site-packages/airflow/example_dags/example_complex.py
[2024-11-25T06:20:15.580+0000] {processor.py:925} INFO - DAG(s) 'example_complex' retrieved from /home/airflow/.local/lib/python3.12/site-packages/airflow/example_dags/example_complex.py
[2024-11-25T06:20:15.629+0000] {logging_mixin.py:190} INFO - [2024-11-25T06:20:15.628+0000] {dag.py:3239} INFO - Sync 1 DAGs
[2024-11-25T06:20:15.647+0000] {logging_mixin.py:190} INFO - [2024-11-25T06:20:15.647+0000] {dag.py:4180} INFO - Setting next_dagrun for example_complex to None, run_after=None
[2024-11-25T06:20:15.669+0000] {processor.py:208} INFO - Processing /home/airflow/.local/lib/python3.12/site-packages/airflow/example_dags/example_complex.py took 0.122 seconds
[2024-11-25T06:20:46.042+0000] {processor.py:186} INFO - Started process (PID=3468) to work on /home/airflow/.local/lib/python3.12/site-packages/airflow/example_dags/example_complex.py
[2024-11-25T06:20:46.043+0000] {processor.py:914} INFO - Processing file /home/airflow/.local/lib/python3.12/site-packages/airflow/example_dags/example_complex.py for tasks to queue
[2024-11-25T06:20:46.045+0000] {logging_mixin.py:190} INFO - [2024-11-25T06:20:46.045+0000] {dagbag.py:588} INFO - Filling up the DagBag from /home/airflow/.local/lib/python3.12/site-packages/airflow/example_dags/example_complex.py
[2024-11-25T06:20:46.057+0000] {processor.py:925} INFO - DAG(s) 'example_complex' retrieved from /home/airflow/.local/lib/python3.12/site-packages/airflow/example_dags/example_complex.py
[2024-11-25T06:20:46.092+0000] {logging_mixin.py:190} INFO - [2024-11-25T06:20:46.091+0000] {dag.py:3239} INFO - Sync 1 DAGs
[2024-11-25T06:20:46.115+0000] {logging_mixin.py:190} INFO - [2024-11-25T06:20:46.114+0000] {dag.py:4180} INFO - Setting next_dagrun for example_complex to None, run_after=None
[2024-11-25T06:20:46.153+0000] {processor.py:208} INFO - Processing /home/airflow/.local/lib/python3.12/site-packages/airflow/example_dags/example_complex.py took 0.116 seconds
[2024-11-25T06:21:17.585+0000] {processor.py:186} INFO - Started process (PID=3769) to work on /home/airflow/.local/lib/python3.12/site-packages/airflow/example_dags/example_complex.py
[2024-11-25T06:21:17.586+0000] {processor.py:914} INFO - Processing file /home/airflow/.local/lib/python3.12/site-packages/airflow/example_dags/example_complex.py for tasks to queue
[2024-11-25T06:21:17.589+0000] {logging_mixin.py:190} INFO - [2024-11-25T06:21:17.589+0000] {dagbag.py:588} INFO - Filling up the DagBag from /home/airflow/.local/lib/python3.12/site-packages/airflow/example_dags/example_complex.py
[2024-11-25T06:21:17.601+0000] {processor.py:925} INFO - DAG(s) 'example_complex' retrieved from /home/airflow/.local/lib/python3.12/site-packages/airflow/example_dags/example_complex.py
[2024-11-25T06:21:17.638+0000] {logging_mixin.py:190} INFO - [2024-11-25T06:21:17.637+0000] {dag.py:3239} INFO - Sync 1 DAGs
[2024-11-25T06:21:17.654+0000] {logging_mixin.py:190} INFO - [2024-11-25T06:21:17.654+0000] {dag.py:4180} INFO - Setting next_dagrun for example_complex to None, run_after=None
[2024-11-25T06:21:17.674+0000] {processor.py:208} INFO - Processing /home/airflow/.local/lib/python3.12/site-packages/airflow/example_dags/example_complex.py took 0.095 seconds
[2024-11-25T06:21:48.701+0000] {processor.py:186} INFO - Started process (PID=4070) to work on /home/airflow/.local/lib/python3.12/site-packages/airflow/example_dags/example_complex.py
[2024-11-25T06:21:48.703+0000] {processor.py:914} INFO - Processing file /home/airflow/.local/lib/python3.12/site-packages/airflow/example_dags/example_complex.py for tasks to queue
[2024-11-25T06:21:48.705+0000] {logging_mixin.py:190} INFO - [2024-11-25T06:21:48.705+0000] {dagbag.py:588} INFO - Filling up the DagBag from /home/airflow/.local/lib/python3.12/site-packages/airflow/example_dags/example_complex.py
[2024-11-25T06:21:48.729+0000] {processor.py:925} INFO - DAG(s) 'example_complex' retrieved from /home/airflow/.local/lib/python3.12/site-packages/airflow/example_dags/example_complex.py
[2024-11-25T06:21:48.790+0000] {logging_mixin.py:190} INFO - [2024-11-25T06:21:48.789+0000] {dag.py:3239} INFO - Sync 1 DAGs
[2024-11-25T06:21:48.824+0000] {logging_mixin.py:190} INFO - [2024-11-25T06:21:48.823+0000] {dag.py:4180} INFO - Setting next_dagrun for example_complex to None, run_after=None
[2024-11-25T06:21:48.853+0000] {processor.py:208} INFO - Processing /home/airflow/.local/lib/python3.12/site-packages/airflow/example_dags/example_complex.py took 0.158 seconds
[2024-11-25T06:22:27.546+0000] {processor.py:186} INFO - Started process (PID=4376) to work on /home/airflow/.local/lib/python3.12/site-packages/airflow/example_dags/example_complex.py
[2024-11-25T06:22:27.548+0000] {processor.py:914} INFO - Processing file /home/airflow/.local/lib/python3.12/site-packages/airflow/example_dags/example_complex.py for tasks to queue
[2024-11-25T06:22:27.550+0000] {logging_mixin.py:190} INFO - [2024-11-25T06:22:27.550+0000] {dagbag.py:588} INFO - Filling up the DagBag from /home/airflow/.local/lib/python3.12/site-packages/airflow/example_dags/example_complex.py
[2024-11-25T06:22:27.563+0000] {processor.py:925} INFO - DAG(s) 'example_complex' retrieved from /home/airflow/.local/lib/python3.12/site-packages/airflow/example_dags/example_complex.py
[2024-11-25T06:22:27.603+0000] {logging_mixin.py:190} INFO - [2024-11-25T06:22:27.602+0000] {dag.py:3239} INFO - Sync 1 DAGs
[2024-11-25T06:22:27.622+0000] {logging_mixin.py:190} INFO - [2024-11-25T06:22:27.621+0000] {dag.py:4180} INFO - Setting next_dagrun for example_complex to None, run_after=None
[2024-11-25T06:22:27.646+0000] {processor.py:208} INFO - Processing /home/airflow/.local/lib/python3.12/site-packages/airflow/example_dags/example_complex.py took 0.106 seconds
[2024-11-25T06:22:59.710+0000] {processor.py:186} INFO - Started process (PID=4677) to work on /home/airflow/.local/lib/python3.12/site-packages/airflow/example_dags/example_complex.py
[2024-11-25T06:22:59.712+0000] {processor.py:914} INFO - Processing file /home/airflow/.local/lib/python3.12/site-packages/airflow/example_dags/example_complex.py for tasks to queue
[2024-11-25T06:22:59.716+0000] {logging_mixin.py:190} INFO - [2024-11-25T06:22:59.715+0000] {dagbag.py:588} INFO - Filling up the DagBag from /home/airflow/.local/lib/python3.12/site-packages/airflow/example_dags/example_complex.py
[2024-11-25T06:22:59.739+0000] {processor.py:925} INFO - DAG(s) 'example_complex' retrieved from /home/airflow/.local/lib/python3.12/site-packages/airflow/example_dags/example_complex.py
[2024-11-25T06:22:59.797+0000] {logging_mixin.py:190} INFO - [2024-11-25T06:22:59.796+0000] {dag.py:3239} INFO - Sync 1 DAGs
[2024-11-25T06:22:59.824+0000] {logging_mixin.py:190} INFO - [2024-11-25T06:22:59.823+0000] {dag.py:4180} INFO - Setting next_dagrun for example_complex to None, run_after=None
[2024-11-25T06:22:59.854+0000] {processor.py:208} INFO - Processing /home/airflow/.local/lib/python3.12/site-packages/airflow/example_dags/example_complex.py took 0.154 seconds
[2024-11-25T06:23:30.632+0000] {processor.py:186} INFO - Started process (PID=4978) to work on /home/airflow/.local/lib/python3.12/site-packages/airflow/example_dags/example_complex.py
[2024-11-25T06:23:30.633+0000] {processor.py:914} INFO - Processing file /home/airflow/.local/lib/python3.12/site-packages/airflow/example_dags/example_complex.py for tasks to queue
[2024-11-25T06:23:30.636+0000] {logging_mixin.py:190} INFO - [2024-11-25T06:23:30.635+0000] {dagbag.py:588} INFO - Filling up the DagBag from /home/airflow/.local/lib/python3.12/site-packages/airflow/example_dags/example_complex.py
[2024-11-25T06:23:30.647+0000] {processor.py:925} INFO - DAG(s) 'example_complex' retrieved from /home/airflow/.local/lib/python3.12/site-packages/airflow/example_dags/example_complex.py
[2024-11-25T06:23:30.680+0000] {logging_mixin.py:190} INFO - [2024-11-25T06:23:30.680+0000] {dag.py:3239} INFO - Sync 1 DAGs
[2024-11-25T06:23:30.698+0000] {logging_mixin.py:190} INFO - [2024-11-25T06:23:30.698+0000] {dag.py:4180} INFO - Setting next_dagrun for example_complex to None, run_after=None
[2024-11-25T06:23:30.721+0000] {processor.py:208} INFO - Processing /home/airflow/.local/lib/python3.12/site-packages/airflow/example_dags/example_complex.py took 0.095 seconds
[2024-11-25T06:24:00.812+0000] {processor.py:186} INFO - Started process (PID=5274) to work on /home/airflow/.local/lib/python3.12/site-packages/airflow/example_dags/example_complex.py
[2024-11-25T06:24:00.814+0000] {processor.py:914} INFO - Processing file /home/airflow/.local/lib/python3.12/site-packages/airflow/example_dags/example_complex.py for tasks to queue
[2024-11-25T06:24:00.817+0000] {logging_mixin.py:190} INFO - [2024-11-25T06:24:00.817+0000] {dagbag.py:588} INFO - Filling up the DagBag from /home/airflow/.local/lib/python3.12/site-packages/airflow/example_dags/example_complex.py
[2024-11-25T06:24:00.833+0000] {processor.py:925} INFO - DAG(s) 'example_complex' retrieved from /home/airflow/.local/lib/python3.12/site-packages/airflow/example_dags/example_complex.py
[2024-11-25T06:24:00.865+0000] {logging_mixin.py:190} INFO - [2024-11-25T06:24:00.865+0000] {dag.py:3239} INFO - Sync 1 DAGs
[2024-11-25T06:24:00.879+0000] {logging_mixin.py:190} INFO - [2024-11-25T06:24:00.879+0000] {dag.py:4180} INFO - Setting next_dagrun for example_complex to None, run_after=None
[2024-11-25T06:24:00.898+0000] {processor.py:208} INFO - Processing /home/airflow/.local/lib/python3.12/site-packages/airflow/example_dags/example_complex.py took 0.093 seconds
[2024-11-25T06:24:31.831+0000] {processor.py:186} INFO - Started process (PID=5575) to work on /home/airflow/.local/lib/python3.12/site-packages/airflow/example_dags/example_complex.py
[2024-11-25T06:24:31.833+0000] {processor.py:914} INFO - Processing file /home/airflow/.local/lib/python3.12/site-packages/airflow/example_dags/example_complex.py for tasks to queue
[2024-11-25T06:24:31.836+0000] {logging_mixin.py:190} INFO - [2024-11-25T06:24:31.835+0000] {dagbag.py:588} INFO - Filling up the DagBag from /home/airflow/.local/lib/python3.12/site-packages/airflow/example_dags/example_complex.py
[2024-11-25T06:24:31.848+0000] {processor.py:925} INFO - DAG(s) 'example_complex' retrieved from /home/airflow/.local/lib/python3.12/site-packages/airflow/example_dags/example_complex.py
[2024-11-25T06:24:31.889+0000] {logging_mixin.py:190} INFO - [2024-11-25T06:24:31.889+0000] {dag.py:3239} INFO - Sync 1 DAGs
[2024-11-25T06:24:31.906+0000] {logging_mixin.py:190} INFO - [2024-11-25T06:24:31.906+0000] {dag.py:4180} INFO - Setting next_dagrun for example_complex to None, run_after=None
[2024-11-25T06:24:31.931+0000] {processor.py:208} INFO - Processing /home/airflow/.local/lib/python3.12/site-packages/airflow/example_dags/example_complex.py took 0.105 seconds
[2024-11-25T06:25:05.112+0000] {processor.py:186} INFO - Started process (PID=5891) to work on /home/airflow/.local/lib/python3.12/site-packages/airflow/example_dags/example_complex.py
[2024-11-25T06:25:05.115+0000] {processor.py:914} INFO - Processing file /home/airflow/.local/lib/python3.12/site-packages/airflow/example_dags/example_complex.py for tasks to queue
[2024-11-25T06:25:05.118+0000] {logging_mixin.py:190} INFO - [2024-11-25T06:25:05.118+0000] {dagbag.py:588} INFO - Filling up the DagBag from /home/airflow/.local/lib/python3.12/site-packages/airflow/example_dags/example_complex.py
[2024-11-25T06:25:05.131+0000] {processor.py:925} INFO - DAG(s) 'example_complex' retrieved from /home/airflow/.local/lib/python3.12/site-packages/airflow/example_dags/example_complex.py
[2024-11-25T06:25:05.180+0000] {logging_mixin.py:190} INFO - [2024-11-25T06:25:05.180+0000] {dag.py:3239} INFO - Sync 1 DAGs
[2024-11-25T06:25:05.198+0000] {logging_mixin.py:190} INFO - [2024-11-25T06:25:05.197+0000] {dag.py:4180} INFO - Setting next_dagrun for example_complex to None, run_after=None
[2024-11-25T06:25:05.220+0000] {processor.py:208} INFO - Processing /home/airflow/.local/lib/python3.12/site-packages/airflow/example_dags/example_complex.py took 0.114 seconds
[2024-11-25T06:25:36.921+0000] {processor.py:186} INFO - Started process (PID=6215) to work on /home/airflow/.local/lib/python3.12/site-packages/airflow/example_dags/example_complex.py
[2024-11-25T06:25:36.922+0000] {processor.py:914} INFO - Processing file /home/airflow/.local/lib/python3.12/site-packages/airflow/example_dags/example_complex.py for tasks to queue
[2024-11-25T06:25:36.924+0000] {logging_mixin.py:190} INFO - [2024-11-25T06:25:36.924+0000] {dagbag.py:588} INFO - Filling up the DagBag from /home/airflow/.local/lib/python3.12/site-packages/airflow/example_dags/example_complex.py
[2024-11-25T06:25:36.936+0000] {processor.py:925} INFO - DAG(s) 'example_complex' retrieved from /home/airflow/.local/lib/python3.12/site-packages/airflow/example_dags/example_complex.py
[2024-11-25T06:25:36.980+0000] {logging_mixin.py:190} INFO - [2024-11-25T06:25:36.980+0000] {dag.py:3239} INFO - Sync 1 DAGs
[2024-11-25T06:25:37.004+0000] {logging_mixin.py:190} INFO - [2024-11-25T06:25:37.004+0000] {dag.py:4180} INFO - Setting next_dagrun for example_complex to None, run_after=None
[2024-11-25T06:25:37.038+0000] {processor.py:208} INFO - Processing /home/airflow/.local/lib/python3.12/site-packages/airflow/example_dags/example_complex.py took 0.124 seconds
[2024-11-25T06:26:09.604+0000] {processor.py:186} INFO - Started process (PID=6549) to work on /home/airflow/.local/lib/python3.12/site-packages/airflow/example_dags/example_complex.py
[2024-11-25T06:26:09.606+0000] {processor.py:914} INFO - Processing file /home/airflow/.local/lib/python3.12/site-packages/airflow/example_dags/example_complex.py for tasks to queue
[2024-11-25T06:26:09.611+0000] {logging_mixin.py:190} INFO - [2024-11-25T06:26:09.611+0000] {dagbag.py:588} INFO - Filling up the DagBag from /home/airflow/.local/lib/python3.12/site-packages/airflow/example_dags/example_complex.py
[2024-11-25T06:26:09.633+0000] {processor.py:925} INFO - DAG(s) 'example_complex' retrieved from /home/airflow/.local/lib/python3.12/site-packages/airflow/example_dags/example_complex.py
[2024-11-25T06:26:09.697+0000] {logging_mixin.py:190} INFO - [2024-11-25T06:26:09.696+0000] {dag.py:3239} INFO - Sync 1 DAGs
[2024-11-25T06:26:09.721+0000] {logging_mixin.py:190} INFO - [2024-11-25T06:26:09.720+0000] {dag.py:4180} INFO - Setting next_dagrun for example_complex to None, run_after=None
[2024-11-25T06:26:09.741+0000] {processor.py:208} INFO - Processing /home/airflow/.local/lib/python3.12/site-packages/airflow/example_dags/example_complex.py took 0.147 seconds
[2024-11-25T06:26:50.409+0000] {processor.py:186} INFO - Started process (PID=6878) to work on /home/airflow/.local/lib/python3.12/site-packages/airflow/example_dags/example_complex.py
[2024-11-25T06:26:50.427+0000] {processor.py:914} INFO - Processing file /home/airflow/.local/lib/python3.12/site-packages/airflow/example_dags/example_complex.py for tasks to queue
[2024-11-25T06:26:50.457+0000] {logging_mixin.py:190} INFO - [2024-11-25T06:26:50.452+0000] {dagbag.py:588} INFO - Filling up the DagBag from /home/airflow/.local/lib/python3.12/site-packages/airflow/example_dags/example_complex.py
[2024-11-25T06:26:50.709+0000] {processor.py:925} INFO - DAG(s) 'example_complex' retrieved from /home/airflow/.local/lib/python3.12/site-packages/airflow/example_dags/example_complex.py
[2024-11-25T06:26:51.035+0000] {logging_mixin.py:190} INFO - [2024-11-25T06:26:51.034+0000] {dag.py:3239} INFO - Sync 1 DAGs
[2024-11-25T06:26:51.246+0000] {logging_mixin.py:190} INFO - [2024-11-25T06:26:51.246+0000] {dag.py:4180} INFO - Setting next_dagrun for example_complex to None, run_after=None
[2024-11-25T06:26:51.442+0000] {processor.py:208} INFO - Processing /home/airflow/.local/lib/python3.12/site-packages/airflow/example_dags/example_complex.py took 1.088 seconds
[2024-11-25T06:27:22.223+0000] {processor.py:186} INFO - Started process (PID=7176) to work on /home/airflow/.local/lib/python3.12/site-packages/airflow/example_dags/example_complex.py
[2024-11-25T06:27:22.224+0000] {processor.py:914} INFO - Processing file /home/airflow/.local/lib/python3.12/site-packages/airflow/example_dags/example_complex.py for tasks to queue
[2024-11-25T06:27:22.228+0000] {logging_mixin.py:190} INFO - [2024-11-25T06:27:22.227+0000] {dagbag.py:588} INFO - Filling up the DagBag from /home/airflow/.local/lib/python3.12/site-packages/airflow/example_dags/example_complex.py
[2024-11-25T06:27:22.240+0000] {processor.py:925} INFO - DAG(s) 'example_complex' retrieved from /home/airflow/.local/lib/python3.12/site-packages/airflow/example_dags/example_complex.py
[2024-11-25T06:27:22.281+0000] {logging_mixin.py:190} INFO - [2024-11-25T06:27:22.281+0000] {dag.py:3239} INFO - Sync 1 DAGs
[2024-11-25T06:27:22.299+0000] {logging_mixin.py:190} INFO - [2024-11-25T06:27:22.299+0000] {dag.py:4180} INFO - Setting next_dagrun for example_complex to None, run_after=None
[2024-11-25T06:27:22.322+0000] {processor.py:208} INFO - Processing /home/airflow/.local/lib/python3.12/site-packages/airflow/example_dags/example_complex.py took 0.105 seconds
[2024-11-25T06:27:52.721+0000] {processor.py:186} INFO - Started process (PID=7477) to work on /home/airflow/.local/lib/python3.12/site-packages/airflow/example_dags/example_complex.py
[2024-11-25T06:27:52.722+0000] {processor.py:914} INFO - Processing file /home/airflow/.local/lib/python3.12/site-packages/airflow/example_dags/example_complex.py for tasks to queue
[2024-11-25T06:27:52.724+0000] {logging_mixin.py:190} INFO - [2024-11-25T06:27:52.723+0000] {dagbag.py:588} INFO - Filling up the DagBag from /home/airflow/.local/lib/python3.12/site-packages/airflow/example_dags/example_complex.py
[2024-11-25T06:27:52.735+0000] {processor.py:925} INFO - DAG(s) 'example_complex' retrieved from /home/airflow/.local/lib/python3.12/site-packages/airflow/example_dags/example_complex.py
[2024-11-25T06:27:52.769+0000] {logging_mixin.py:190} INFO - [2024-11-25T06:27:52.768+0000] {dag.py:3239} INFO - Sync 1 DAGs
[2024-11-25T06:27:52.783+0000] {logging_mixin.py:190} INFO - [2024-11-25T06:27:52.783+0000] {dag.py:4180} INFO - Setting next_dagrun for example_complex to None, run_after=None
[2024-11-25T06:27:52.801+0000] {processor.py:208} INFO - Processing /home/airflow/.local/lib/python3.12/site-packages/airflow/example_dags/example_complex.py took 0.086 seconds
[2024-11-25T06:28:23.555+0000] {processor.py:186} INFO - Started process (PID=7778) to work on /home/airflow/.local/lib/python3.12/site-packages/airflow/example_dags/example_complex.py
[2024-11-25T06:28:23.557+0000] {processor.py:914} INFO - Processing file /home/airflow/.local/lib/python3.12/site-packages/airflow/example_dags/example_complex.py for tasks to queue
[2024-11-25T06:28:23.559+0000] {logging_mixin.py:190} INFO - [2024-11-25T06:28:23.559+0000] {dagbag.py:588} INFO - Filling up the DagBag from /home/airflow/.local/lib/python3.12/site-packages/airflow/example_dags/example_complex.py
[2024-11-25T06:28:23.574+0000] {processor.py:925} INFO - DAG(s) 'example_complex' retrieved from /home/airflow/.local/lib/python3.12/site-packages/airflow/example_dags/example_complex.py
[2024-11-25T06:28:23.618+0000] {logging_mixin.py:190} INFO - [2024-11-25T06:28:23.618+0000] {dag.py:3239} INFO - Sync 1 DAGs
[2024-11-25T06:28:23.636+0000] {logging_mixin.py:190} INFO - [2024-11-25T06:28:23.636+0000] {dag.py:4180} INFO - Setting next_dagrun for example_complex to None, run_after=None
[2024-11-25T06:28:23.660+0000] {processor.py:208} INFO - Processing /home/airflow/.local/lib/python3.12/site-packages/airflow/example_dags/example_complex.py took 0.112 seconds
[2024-11-25T06:28:54.052+0000] {processor.py:186} INFO - Started process (PID=8079) to work on /home/airflow/.local/lib/python3.12/site-packages/airflow/example_dags/example_complex.py
[2024-11-25T06:28:54.054+0000] {processor.py:914} INFO - Processing file /home/airflow/.local/lib/python3.12/site-packages/airflow/example_dags/example_complex.py for tasks to queue
[2024-11-25T06:28:54.056+0000] {logging_mixin.py:190} INFO - [2024-11-25T06:28:54.056+0000] {dagbag.py:588} INFO - Filling up the DagBag from /home/airflow/.local/lib/python3.12/site-packages/airflow/example_dags/example_complex.py
[2024-11-25T06:28:54.067+0000] {processor.py:925} INFO - DAG(s) 'example_complex' retrieved from /home/airflow/.local/lib/python3.12/site-packages/airflow/example_dags/example_complex.py
[2024-11-25T06:28:54.101+0000] {logging_mixin.py:190} INFO - [2024-11-25T06:28:54.101+0000] {dag.py:3239} INFO - Sync 1 DAGs
[2024-11-25T06:28:54.123+0000] {logging_mixin.py:190} INFO - [2024-11-25T06:28:54.123+0000] {dag.py:4180} INFO - Setting next_dagrun for example_complex to None, run_after=None
[2024-11-25T06:28:54.142+0000] {processor.py:208} INFO - Processing /home/airflow/.local/lib/python3.12/site-packages/airflow/example_dags/example_complex.py took 0.096 seconds
[2024-11-25T06:29:24.678+0000] {processor.py:186} INFO - Started process (PID=8380) to work on /home/airflow/.local/lib/python3.12/site-packages/airflow/example_dags/example_complex.py
[2024-11-25T06:29:24.679+0000] {processor.py:914} INFO - Processing file /home/airflow/.local/lib/python3.12/site-packages/airflow/example_dags/example_complex.py for tasks to queue
[2024-11-25T06:29:24.681+0000] {logging_mixin.py:190} INFO - [2024-11-25T06:29:24.681+0000] {dagbag.py:588} INFO - Filling up the DagBag from /home/airflow/.local/lib/python3.12/site-packages/airflow/example_dags/example_complex.py
[2024-11-25T06:29:24.697+0000] {processor.py:925} INFO - DAG(s) 'example_complex' retrieved from /home/airflow/.local/lib/python3.12/site-packages/airflow/example_dags/example_complex.py
[2024-11-25T06:29:24.734+0000] {logging_mixin.py:190} INFO - [2024-11-25T06:29:24.734+0000] {dag.py:3239} INFO - Sync 1 DAGs
[2024-11-25T06:29:24.749+0000] {logging_mixin.py:190} INFO - [2024-11-25T06:29:24.749+0000] {dag.py:4180} INFO - Setting next_dagrun for example_complex to None, run_after=None
[2024-11-25T06:29:24.772+0000] {processor.py:208} INFO - Processing /home/airflow/.local/lib/python3.12/site-packages/airflow/example_dags/example_complex.py took 0.101 seconds
[2024-11-25T06:29:55.093+0000] {processor.py:186} INFO - Started process (PID=8681) to work on /home/airflow/.local/lib/python3.12/site-packages/airflow/example_dags/example_complex.py
[2024-11-25T06:29:55.095+0000] {processor.py:914} INFO - Processing file /home/airflow/.local/lib/python3.12/site-packages/airflow/example_dags/example_complex.py for tasks to queue
[2024-11-25T06:29:55.097+0000] {logging_mixin.py:190} INFO - [2024-11-25T06:29:55.097+0000] {dagbag.py:588} INFO - Filling up the DagBag from /home/airflow/.local/lib/python3.12/site-packages/airflow/example_dags/example_complex.py
[2024-11-25T06:29:55.113+0000] {processor.py:925} INFO - DAG(s) 'example_complex' retrieved from /home/airflow/.local/lib/python3.12/site-packages/airflow/example_dags/example_complex.py
[2024-11-25T06:29:55.151+0000] {logging_mixin.py:190} INFO - [2024-11-25T06:29:55.151+0000] {dag.py:3239} INFO - Sync 1 DAGs
[2024-11-25T06:29:55.168+0000] {logging_mixin.py:190} INFO - [2024-11-25T06:29:55.168+0000] {dag.py:4180} INFO - Setting next_dagrun for example_complex to None, run_after=None
[2024-11-25T06:29:55.196+0000] {processor.py:208} INFO - Processing /home/airflow/.local/lib/python3.12/site-packages/airflow/example_dags/example_complex.py took 0.111 seconds
[2024-11-25T06:30:26.020+0000] {processor.py:186} INFO - Started process (PID=8982) to work on /home/airflow/.local/lib/python3.12/site-packages/airflow/example_dags/example_complex.py
[2024-11-25T06:30:26.022+0000] {processor.py:914} INFO - Processing file /home/airflow/.local/lib/python3.12/site-packages/airflow/example_dags/example_complex.py for tasks to queue
[2024-11-25T06:30:26.027+0000] {logging_mixin.py:190} INFO - [2024-11-25T06:30:26.027+0000] {dagbag.py:588} INFO - Filling up the DagBag from /home/airflow/.local/lib/python3.12/site-packages/airflow/example_dags/example_complex.py
[2024-11-25T06:30:26.047+0000] {processor.py:925} INFO - DAG(s) 'example_complex' retrieved from /home/airflow/.local/lib/python3.12/site-packages/airflow/example_dags/example_complex.py
[2024-11-25T06:30:26.083+0000] {logging_mixin.py:190} INFO - [2024-11-25T06:30:26.083+0000] {dag.py:3239} INFO - Sync 1 DAGs
[2024-11-25T06:30:26.099+0000] {logging_mixin.py:190} INFO - [2024-11-25T06:30:26.099+0000] {dag.py:4180} INFO - Setting next_dagrun for example_complex to None, run_after=None
[2024-11-25T06:30:26.133+0000] {processor.py:208} INFO - Processing /home/airflow/.local/lib/python3.12/site-packages/airflow/example_dags/example_complex.py took 0.122 seconds
[2024-11-25T06:30:57.133+0000] {processor.py:186} INFO - Started process (PID=9283) to work on /home/airflow/.local/lib/python3.12/site-packages/airflow/example_dags/example_complex.py
[2024-11-25T06:30:57.133+0000] {processor.py:914} INFO - Processing file /home/airflow/.local/lib/python3.12/site-packages/airflow/example_dags/example_complex.py for tasks to queue
[2024-11-25T06:30:57.136+0000] {logging_mixin.py:190} INFO - [2024-11-25T06:30:57.135+0000] {dagbag.py:588} INFO - Filling up the DagBag from /home/airflow/.local/lib/python3.12/site-packages/airflow/example_dags/example_complex.py
[2024-11-25T06:30:57.147+0000] {processor.py:925} INFO - DAG(s) 'example_complex' retrieved from /home/airflow/.local/lib/python3.12/site-packages/airflow/example_dags/example_complex.py
[2024-11-25T06:30:57.184+0000] {logging_mixin.py:190} INFO - [2024-11-25T06:30:57.184+0000] {dag.py:3239} INFO - Sync 1 DAGs
[2024-11-25T06:30:57.199+0000] {logging_mixin.py:190} INFO - [2024-11-25T06:30:57.199+0000] {dag.py:4180} INFO - Setting next_dagrun for example_complex to None, run_after=None
[2024-11-25T06:30:57.223+0000] {processor.py:208} INFO - Processing /home/airflow/.local/lib/python3.12/site-packages/airflow/example_dags/example_complex.py took 0.096 seconds
[2024-11-25T06:31:27.279+0000] {processor.py:186} INFO - Started process (PID=9584) to work on /home/airflow/.local/lib/python3.12/site-packages/airflow/example_dags/example_complex.py
[2024-11-25T06:31:27.281+0000] {processor.py:914} INFO - Processing file /home/airflow/.local/lib/python3.12/site-packages/airflow/example_dags/example_complex.py for tasks to queue
[2024-11-25T06:31:27.284+0000] {logging_mixin.py:190} INFO - [2024-11-25T06:31:27.283+0000] {dagbag.py:588} INFO - Filling up the DagBag from /home/airflow/.local/lib/python3.12/site-packages/airflow/example_dags/example_complex.py
[2024-11-25T06:31:27.296+0000] {processor.py:925} INFO - DAG(s) 'example_complex' retrieved from /home/airflow/.local/lib/python3.12/site-packages/airflow/example_dags/example_complex.py
[2024-11-25T06:31:27.332+0000] {logging_mixin.py:190} INFO - [2024-11-25T06:31:27.331+0000] {dag.py:3239} INFO - Sync 1 DAGs
[2024-11-25T06:31:27.353+0000] {logging_mixin.py:190} INFO - [2024-11-25T06:31:27.352+0000] {dag.py:4180} INFO - Setting next_dagrun for example_complex to None, run_after=None
[2024-11-25T06:31:27.377+0000] {processor.py:208} INFO - Processing /home/airflow/.local/lib/python3.12/site-packages/airflow/example_dags/example_complex.py took 0.103 seconds
[2024-11-25T06:31:57.866+0000] {processor.py:186} INFO - Started process (PID=9885) to work on /home/airflow/.local/lib/python3.12/site-packages/airflow/example_dags/example_complex.py
[2024-11-25T06:31:57.867+0000] {processor.py:914} INFO - Processing file /home/airflow/.local/lib/python3.12/site-packages/airflow/example_dags/example_complex.py for tasks to queue
[2024-11-25T06:31:57.870+0000] {logging_mixin.py:190} INFO - [2024-11-25T06:31:57.870+0000] {dagbag.py:588} INFO - Filling up the DagBag from /home/airflow/.local/lib/python3.12/site-packages/airflow/example_dags/example_complex.py
[2024-11-25T06:31:57.882+0000] {processor.py:925} INFO - DAG(s) 'example_complex' retrieved from /home/airflow/.local/lib/python3.12/site-packages/airflow/example_dags/example_complex.py
[2024-11-25T06:31:57.920+0000] {logging_mixin.py:190} INFO - [2024-11-25T06:31:57.920+0000] {dag.py:3239} INFO - Sync 1 DAGs
[2024-11-25T06:31:57.936+0000] {logging_mixin.py:190} INFO - [2024-11-25T06:31:57.936+0000] {dag.py:4180} INFO - Setting next_dagrun for example_complex to None, run_after=None
[2024-11-25T06:31:57.962+0000] {processor.py:208} INFO - Processing /home/airflow/.local/lib/python3.12/site-packages/airflow/example_dags/example_complex.py took 0.102 seconds
[2024-11-25T06:32:28.107+0000] {processor.py:186} INFO - Started process (PID=10186) to work on /home/airflow/.local/lib/python3.12/site-packages/airflow/example_dags/example_complex.py
[2024-11-25T06:32:28.109+0000] {processor.py:914} INFO - Processing file /home/airflow/.local/lib/python3.12/site-packages/airflow/example_dags/example_complex.py for tasks to queue
[2024-11-25T06:32:28.112+0000] {logging_mixin.py:190} INFO - [2024-11-25T06:32:28.111+0000] {dagbag.py:588} INFO - Filling up the DagBag from /home/airflow/.local/lib/python3.12/site-packages/airflow/example_dags/example_complex.py
[2024-11-25T06:32:28.129+0000] {processor.py:925} INFO - DAG(s) 'example_complex' retrieved from /home/airflow/.local/lib/python3.12/site-packages/airflow/example_dags/example_complex.py
[2024-11-25T06:32:28.175+0000] {logging_mixin.py:190} INFO - [2024-11-25T06:32:28.175+0000] {dag.py:3239} INFO - Sync 1 DAGs
[2024-11-25T06:32:28.195+0000] {logging_mixin.py:190} INFO - [2024-11-25T06:32:28.195+0000] {dag.py:4180} INFO - Setting next_dagrun for example_complex to None, run_after=None
[2024-11-25T06:32:28.219+0000] {processor.py:208} INFO - Processing /home/airflow/.local/lib/python3.12/site-packages/airflow/example_dags/example_complex.py took 0.121 seconds
[2024-11-25T06:32:58.545+0000] {processor.py:186} INFO - Started process (PID=10488) to work on /home/airflow/.local/lib/python3.12/site-packages/airflow/example_dags/example_complex.py
[2024-11-25T06:32:58.547+0000] {processor.py:914} INFO - Processing file /home/airflow/.local/lib/python3.12/site-packages/airflow/example_dags/example_complex.py for tasks to queue
[2024-11-25T06:32:58.550+0000] {logging_mixin.py:190} INFO - [2024-11-25T06:32:58.549+0000] {dagbag.py:588} INFO - Filling up the DagBag from /home/airflow/.local/lib/python3.12/site-packages/airflow/example_dags/example_complex.py
[2024-11-25T06:32:58.563+0000] {processor.py:925} INFO - DAG(s) 'example_complex' retrieved from /home/airflow/.local/lib/python3.12/site-packages/airflow/example_dags/example_complex.py
[2024-11-25T06:32:58.605+0000] {logging_mixin.py:190} INFO - [2024-11-25T06:32:58.605+0000] {dag.py:3239} INFO - Sync 1 DAGs
[2024-11-25T06:32:58.624+0000] {logging_mixin.py:190} INFO - [2024-11-25T06:32:58.623+0000] {dag.py:4180} INFO - Setting next_dagrun for example_complex to None, run_after=None
[2024-11-25T06:32:58.645+0000] {processor.py:208} INFO - Processing /home/airflow/.local/lib/python3.12/site-packages/airflow/example_dags/example_complex.py took 0.106 seconds
[2024-11-25T06:33:28.830+0000] {processor.py:186} INFO - Started process (PID=10787) to work on /home/airflow/.local/lib/python3.12/site-packages/airflow/example_dags/example_complex.py
[2024-11-25T06:33:28.831+0000] {processor.py:914} INFO - Processing file /home/airflow/.local/lib/python3.12/site-packages/airflow/example_dags/example_complex.py for tasks to queue
[2024-11-25T06:33:28.834+0000] {logging_mixin.py:190} INFO - [2024-11-25T06:33:28.834+0000] {dagbag.py:588} INFO - Filling up the DagBag from /home/airflow/.local/lib/python3.12/site-packages/airflow/example_dags/example_complex.py
[2024-11-25T06:33:28.849+0000] {processor.py:925} INFO - DAG(s) 'example_complex' retrieved from /home/airflow/.local/lib/python3.12/site-packages/airflow/example_dags/example_complex.py
[2024-11-25T06:33:28.888+0000] {logging_mixin.py:190} INFO - [2024-11-25T06:33:28.888+0000] {dag.py:3239} INFO - Sync 1 DAGs
[2024-11-25T06:33:28.903+0000] {logging_mixin.py:190} INFO - [2024-11-25T06:33:28.903+0000] {dag.py:4180} INFO - Setting next_dagrun for example_complex to None, run_after=None
[2024-11-25T06:33:28.924+0000] {processor.py:208} INFO - Processing /home/airflow/.local/lib/python3.12/site-packages/airflow/example_dags/example_complex.py took 0.101 seconds
[2024-11-25T06:33:59.400+0000] {processor.py:186} INFO - Started process (PID=11085) to work on /home/airflow/.local/lib/python3.12/site-packages/airflow/example_dags/example_complex.py
[2024-11-25T06:33:59.401+0000] {processor.py:914} INFO - Processing file /home/airflow/.local/lib/python3.12/site-packages/airflow/example_dags/example_complex.py for tasks to queue
[2024-11-25T06:33:59.404+0000] {logging_mixin.py:190} INFO - [2024-11-25T06:33:59.404+0000] {dagbag.py:588} INFO - Filling up the DagBag from /home/airflow/.local/lib/python3.12/site-packages/airflow/example_dags/example_complex.py
[2024-11-25T06:33:59.416+0000] {processor.py:925} INFO - DAG(s) 'example_complex' retrieved from /home/airflow/.local/lib/python3.12/site-packages/airflow/example_dags/example_complex.py
[2024-11-25T06:33:59.464+0000] {logging_mixin.py:190} INFO - [2024-11-25T06:33:59.464+0000] {dag.py:3239} INFO - Sync 1 DAGs
[2024-11-25T06:33:59.488+0000] {logging_mixin.py:190} INFO - [2024-11-25T06:33:59.487+0000] {dag.py:4180} INFO - Setting next_dagrun for example_complex to None, run_after=None
[2024-11-25T06:33:59.520+0000] {processor.py:208} INFO - Processing /home/airflow/.local/lib/python3.12/site-packages/airflow/example_dags/example_complex.py took 0.125 seconds
[2024-11-25T06:34:30.030+0000] {processor.py:186} INFO - Started process (PID=11386) to work on /home/airflow/.local/lib/python3.12/site-packages/airflow/example_dags/example_complex.py
[2024-11-25T06:34:30.031+0000] {processor.py:914} INFO - Processing file /home/airflow/.local/lib/python3.12/site-packages/airflow/example_dags/example_complex.py for tasks to queue
[2024-11-25T06:34:30.033+0000] {logging_mixin.py:190} INFO - [2024-11-25T06:34:30.033+0000] {dagbag.py:588} INFO - Filling up the DagBag from /home/airflow/.local/lib/python3.12/site-packages/airflow/example_dags/example_complex.py
[2024-11-25T06:34:30.045+0000] {processor.py:925} INFO - DAG(s) 'example_complex' retrieved from /home/airflow/.local/lib/python3.12/site-packages/airflow/example_dags/example_complex.py
[2024-11-25T06:34:30.082+0000] {logging_mixin.py:190} INFO - [2024-11-25T06:34:30.082+0000] {dag.py:3239} INFO - Sync 1 DAGs
[2024-11-25T06:34:30.100+0000] {logging_mixin.py:190} INFO - [2024-11-25T06:34:30.100+0000] {dag.py:4180} INFO - Setting next_dagrun for example_complex to None, run_after=None
[2024-11-25T06:34:30.125+0000] {processor.py:208} INFO - Processing /home/airflow/.local/lib/python3.12/site-packages/airflow/example_dags/example_complex.py took 0.101 seconds
[2024-11-25T06:35:00.229+0000] {processor.py:186} INFO - Started process (PID=11687) to work on /home/airflow/.local/lib/python3.12/site-packages/airflow/example_dags/example_complex.py
[2024-11-25T06:35:00.230+0000] {processor.py:914} INFO - Processing file /home/airflow/.local/lib/python3.12/site-packages/airflow/example_dags/example_complex.py for tasks to queue
[2024-11-25T06:35:00.234+0000] {logging_mixin.py:190} INFO - [2024-11-25T06:35:00.233+0000] {dagbag.py:588} INFO - Filling up the DagBag from /home/airflow/.local/lib/python3.12/site-packages/airflow/example_dags/example_complex.py
[2024-11-25T06:35:00.249+0000] {processor.py:925} INFO - DAG(s) 'example_complex' retrieved from /home/airflow/.local/lib/python3.12/site-packages/airflow/example_dags/example_complex.py
[2024-11-25T06:35:00.314+0000] {logging_mixin.py:190} INFO - [2024-11-25T06:35:00.313+0000] {dag.py:3239} INFO - Sync 1 DAGs
[2024-11-25T06:35:00.338+0000] {logging_mixin.py:190} INFO - [2024-11-25T06:35:00.338+0000] {dag.py:4180} INFO - Setting next_dagrun for example_complex to None, run_after=None
[2024-11-25T06:35:00.374+0000] {processor.py:208} INFO - Processing /home/airflow/.local/lib/python3.12/site-packages/airflow/example_dags/example_complex.py took 0.151 seconds
