[2024-11-25T06:15:28.429+0000] {processor.py:186} INFO - Started process (PID=360) to work on /home/airflow/.local/lib/python3.12/site-packages/airflow/example_dags/example_latest_only.py
[2024-11-25T06:15:28.431+0000] {processor.py:914} INFO - Processing file /home/airflow/.local/lib/python3.12/site-packages/airflow/example_dags/example_latest_only.py for tasks to queue
[2024-11-25T06:15:28.436+0000] {logging_mixin.py:190} INFO - [2024-11-25T06:15:28.435+0000] {dagbag.py:588} INFO - Filling up the DagBag from /home/airflow/.local/lib/python3.12/site-packages/airflow/example_dags/example_latest_only.py
[2024-11-25T06:15:28.449+0000] {processor.py:925} INFO - DAG(s) 'latest_only' retrieved from /home/airflow/.local/lib/python3.12/site-packages/airflow/example_dags/example_latest_only.py
[2024-11-25T06:15:28.509+0000] {logging_mixin.py:190} INFO - [2024-11-25T06:15:28.508+0000] {dag.py:3239} INFO - Sync 1 DAGs
[2024-11-25T06:15:28.582+0000] {logging_mixin.py:190} INFO - [2024-11-25T06:15:28.581+0000] {dag.py:4180} INFO - Setting next_dagrun for latest_only to 2024-11-25 00:00:00+00:00, run_after=2024-11-25 04:00:00+00:00
[2024-11-25T06:15:28.646+0000] {processor.py:208} INFO - Processing /home/airflow/.local/lib/python3.12/site-packages/airflow/example_dags/example_latest_only.py took 0.228 seconds
[2024-11-25T06:15:59.505+0000] {processor.py:186} INFO - Started process (PID=663) to work on /home/airflow/.local/lib/python3.12/site-packages/airflow/example_dags/example_latest_only.py
[2024-11-25T06:15:59.508+0000] {processor.py:914} INFO - Processing file /home/airflow/.local/lib/python3.12/site-packages/airflow/example_dags/example_latest_only.py for tasks to queue
[2024-11-25T06:15:59.515+0000] {logging_mixin.py:190} INFO - [2024-11-25T06:15:59.514+0000] {dagbag.py:588} INFO - Filling up the DagBag from /home/airflow/.local/lib/python3.12/site-packages/airflow/example_dags/example_latest_only.py
[2024-11-25T06:15:59.526+0000] {processor.py:925} INFO - DAG(s) 'latest_only' retrieved from /home/airflow/.local/lib/python3.12/site-packages/airflow/example_dags/example_latest_only.py
[2024-11-25T06:15:59.580+0000] {logging_mixin.py:190} INFO - [2024-11-25T06:15:59.579+0000] {dag.py:3239} INFO - Sync 1 DAGs
[2024-11-25T06:15:59.639+0000] {logging_mixin.py:190} INFO - [2024-11-25T06:15:59.638+0000] {dag.py:4180} INFO - Setting next_dagrun for latest_only to 2024-11-25 00:00:00+00:00, run_after=2024-11-25 04:00:00+00:00
[2024-11-25T06:15:59.664+0000] {processor.py:208} INFO - Processing /home/airflow/.local/lib/python3.12/site-packages/airflow/example_dags/example_latest_only.py took 0.167 seconds
[2024-11-25T06:16:31.306+0000] {processor.py:186} INFO - Started process (PID=963) to work on /home/airflow/.local/lib/python3.12/site-packages/airflow/example_dags/example_latest_only.py
[2024-11-25T06:16:31.307+0000] {processor.py:914} INFO - Processing file /home/airflow/.local/lib/python3.12/site-packages/airflow/example_dags/example_latest_only.py for tasks to queue
[2024-11-25T06:16:31.310+0000] {logging_mixin.py:190} INFO - [2024-11-25T06:16:31.309+0000] {dagbag.py:588} INFO - Filling up the DagBag from /home/airflow/.local/lib/python3.12/site-packages/airflow/example_dags/example_latest_only.py
[2024-11-25T06:16:31.316+0000] {processor.py:925} INFO - DAG(s) 'latest_only' retrieved from /home/airflow/.local/lib/python3.12/site-packages/airflow/example_dags/example_latest_only.py
[2024-11-25T06:16:31.344+0000] {logging_mixin.py:190} INFO - [2024-11-25T06:16:31.344+0000] {dag.py:3239} INFO - Sync 1 DAGs
[2024-11-25T06:16:31.367+0000] {logging_mixin.py:190} INFO - [2024-11-25T06:16:31.367+0000] {dag.py:4180} INFO - Setting next_dagrun for latest_only to 2024-11-25 00:00:00+00:00, run_after=2024-11-25 04:00:00+00:00
[2024-11-25T06:16:31.386+0000] {processor.py:208} INFO - Processing /home/airflow/.local/lib/python3.12/site-packages/airflow/example_dags/example_latest_only.py took 0.088 seconds
[2024-11-25T06:17:02.119+0000] {processor.py:186} INFO - Started process (PID=1264) to work on /home/airflow/.local/lib/python3.12/site-packages/airflow/example_dags/example_latest_only.py
[2024-11-25T06:17:02.121+0000] {processor.py:914} INFO - Processing file /home/airflow/.local/lib/python3.12/site-packages/airflow/example_dags/example_latest_only.py for tasks to queue
[2024-11-25T06:17:02.124+0000] {logging_mixin.py:190} INFO - [2024-11-25T06:17:02.124+0000] {dagbag.py:588} INFO - Filling up the DagBag from /home/airflow/.local/lib/python3.12/site-packages/airflow/example_dags/example_latest_only.py
[2024-11-25T06:17:02.132+0000] {processor.py:925} INFO - DAG(s) 'latest_only' retrieved from /home/airflow/.local/lib/python3.12/site-packages/airflow/example_dags/example_latest_only.py
[2024-11-25T06:17:02.157+0000] {logging_mixin.py:190} INFO - [2024-11-25T06:17:02.157+0000] {dag.py:3239} INFO - Sync 1 DAGs
[2024-11-25T06:17:02.182+0000] {logging_mixin.py:190} INFO - [2024-11-25T06:17:02.182+0000] {dag.py:4180} INFO - Setting next_dagrun for latest_only to 2024-11-25 00:00:00+00:00, run_after=2024-11-25 04:00:00+00:00
[2024-11-25T06:17:02.205+0000] {processor.py:208} INFO - Processing /home/airflow/.local/lib/python3.12/site-packages/airflow/example_dags/example_latest_only.py took 0.092 seconds
[2024-11-25T06:17:34.794+0000] {processor.py:186} INFO - Started process (PID=1572) to work on /home/airflow/.local/lib/python3.12/site-packages/airflow/example_dags/example_latest_only.py
[2024-11-25T06:17:34.795+0000] {processor.py:914} INFO - Processing file /home/airflow/.local/lib/python3.12/site-packages/airflow/example_dags/example_latest_only.py for tasks to queue
[2024-11-25T06:17:34.798+0000] {logging_mixin.py:190} INFO - [2024-11-25T06:17:34.798+0000] {dagbag.py:588} INFO - Filling up the DagBag from /home/airflow/.local/lib/python3.12/site-packages/airflow/example_dags/example_latest_only.py
[2024-11-25T06:17:34.809+0000] {processor.py:925} INFO - DAG(s) 'latest_only' retrieved from /home/airflow/.local/lib/python3.12/site-packages/airflow/example_dags/example_latest_only.py
[2024-11-25T06:17:34.832+0000] {logging_mixin.py:190} INFO - [2024-11-25T06:17:34.832+0000] {dag.py:3239} INFO - Sync 1 DAGs
[2024-11-25T06:17:34.858+0000] {logging_mixin.py:190} INFO - [2024-11-25T06:17:34.858+0000] {dag.py:4180} INFO - Setting next_dagrun for latest_only to 2024-11-25 00:00:00+00:00, run_after=2024-11-25 04:00:00+00:00
[2024-11-25T06:17:34.882+0000] {processor.py:208} INFO - Processing /home/airflow/.local/lib/python3.12/site-packages/airflow/example_dags/example_latest_only.py took 0.093 seconds
[2024-11-25T06:18:05.803+0000] {processor.py:186} INFO - Started process (PID=1878) to work on /home/airflow/.local/lib/python3.12/site-packages/airflow/example_dags/example_latest_only.py
[2024-11-25T06:18:05.805+0000] {processor.py:914} INFO - Processing file /home/airflow/.local/lib/python3.12/site-packages/airflow/example_dags/example_latest_only.py for tasks to queue
[2024-11-25T06:18:05.807+0000] {logging_mixin.py:190} INFO - [2024-11-25T06:18:05.807+0000] {dagbag.py:588} INFO - Filling up the DagBag from /home/airflow/.local/lib/python3.12/site-packages/airflow/example_dags/example_latest_only.py
[2024-11-25T06:18:05.815+0000] {processor.py:925} INFO - DAG(s) 'latest_only' retrieved from /home/airflow/.local/lib/python3.12/site-packages/airflow/example_dags/example_latest_only.py
[2024-11-25T06:18:05.845+0000] {logging_mixin.py:190} INFO - [2024-11-25T06:18:05.845+0000] {dag.py:3239} INFO - Sync 1 DAGs
[2024-11-25T06:18:05.874+0000] {logging_mixin.py:190} INFO - [2024-11-25T06:18:05.873+0000] {dag.py:4180} INFO - Setting next_dagrun for latest_only to 2024-11-25 00:00:00+00:00, run_after=2024-11-25 04:00:00+00:00
[2024-11-25T06:18:05.899+0000] {processor.py:208} INFO - Processing /home/airflow/.local/lib/python3.12/site-packages/airflow/example_dags/example_latest_only.py took 0.103 seconds
[2024-11-25T06:18:39.456+0000] {processor.py:186} INFO - Started process (PID=2179) to work on /home/airflow/.local/lib/python3.12/site-packages/airflow/example_dags/example_latest_only.py
[2024-11-25T06:18:39.457+0000] {processor.py:914} INFO - Processing file /home/airflow/.local/lib/python3.12/site-packages/airflow/example_dags/example_latest_only.py for tasks to queue
[2024-11-25T06:18:39.460+0000] {logging_mixin.py:190} INFO - [2024-11-25T06:18:39.460+0000] {dagbag.py:588} INFO - Filling up the DagBag from /home/airflow/.local/lib/python3.12/site-packages/airflow/example_dags/example_latest_only.py
[2024-11-25T06:18:39.468+0000] {processor.py:925} INFO - DAG(s) 'latest_only' retrieved from /home/airflow/.local/lib/python3.12/site-packages/airflow/example_dags/example_latest_only.py
[2024-11-25T06:18:39.493+0000] {logging_mixin.py:190} INFO - [2024-11-25T06:18:39.493+0000] {dag.py:3239} INFO - Sync 1 DAGs
[2024-11-25T06:18:39.522+0000] {logging_mixin.py:190} INFO - [2024-11-25T06:18:39.522+0000] {dag.py:4180} INFO - Setting next_dagrun for latest_only to 2024-11-25 00:00:00+00:00, run_after=2024-11-25 04:00:00+00:00
[2024-11-25T06:18:39.553+0000] {processor.py:208} INFO - Processing /home/airflow/.local/lib/python3.12/site-packages/airflow/example_dags/example_latest_only.py took 0.104 seconds
[2024-11-25T06:19:10.463+0000] {processor.py:186} INFO - Started process (PID=2480) to work on /home/airflow/.local/lib/python3.12/site-packages/airflow/example_dags/example_latest_only.py
[2024-11-25T06:19:10.465+0000] {processor.py:914} INFO - Processing file /home/airflow/.local/lib/python3.12/site-packages/airflow/example_dags/example_latest_only.py for tasks to queue
[2024-11-25T06:19:10.469+0000] {logging_mixin.py:190} INFO - [2024-11-25T06:19:10.469+0000] {dagbag.py:588} INFO - Filling up the DagBag from /home/airflow/.local/lib/python3.12/site-packages/airflow/example_dags/example_latest_only.py
[2024-11-25T06:19:10.482+0000] {processor.py:925} INFO - DAG(s) 'latest_only' retrieved from /home/airflow/.local/lib/python3.12/site-packages/airflow/example_dags/example_latest_only.py
[2024-11-25T06:19:10.519+0000] {logging_mixin.py:190} INFO - [2024-11-25T06:19:10.518+0000] {dag.py:3239} INFO - Sync 1 DAGs
[2024-11-25T06:19:10.567+0000] {logging_mixin.py:190} INFO - [2024-11-25T06:19:10.565+0000] {dag.py:4180} INFO - Setting next_dagrun for latest_only to 2024-11-25 00:00:00+00:00, run_after=2024-11-25 04:00:00+00:00
[2024-11-25T06:19:10.598+0000] {processor.py:208} INFO - Processing /home/airflow/.local/lib/python3.12/site-packages/airflow/example_dags/example_latest_only.py took 0.145 seconds
[2024-11-25T06:19:41.395+0000] {processor.py:186} INFO - Started process (PID=2781) to work on /home/airflow/.local/lib/python3.12/site-packages/airflow/example_dags/example_latest_only.py
[2024-11-25T06:19:41.396+0000] {processor.py:914} INFO - Processing file /home/airflow/.local/lib/python3.12/site-packages/airflow/example_dags/example_latest_only.py for tasks to queue
[2024-11-25T06:19:41.399+0000] {logging_mixin.py:190} INFO - [2024-11-25T06:19:41.398+0000] {dagbag.py:588} INFO - Filling up the DagBag from /home/airflow/.local/lib/python3.12/site-packages/airflow/example_dags/example_latest_only.py
[2024-11-25T06:19:41.410+0000] {processor.py:925} INFO - DAG(s) 'latest_only' retrieved from /home/airflow/.local/lib/python3.12/site-packages/airflow/example_dags/example_latest_only.py
[2024-11-25T06:19:41.436+0000] {logging_mixin.py:190} INFO - [2024-11-25T06:19:41.435+0000] {dag.py:3239} INFO - Sync 1 DAGs
[2024-11-25T06:19:41.460+0000] {logging_mixin.py:190} INFO - [2024-11-25T06:19:41.460+0000] {dag.py:4180} INFO - Setting next_dagrun for latest_only to 2024-11-25 00:00:00+00:00, run_after=2024-11-25 04:00:00+00:00
[2024-11-25T06:19:41.484+0000] {processor.py:208} INFO - Processing /home/airflow/.local/lib/python3.12/site-packages/airflow/example_dags/example_latest_only.py took 0.096 seconds
[2024-11-25T06:20:13.135+0000] {processor.py:186} INFO - Started process (PID=3082) to work on /home/airflow/.local/lib/python3.12/site-packages/airflow/example_dags/example_latest_only.py
[2024-11-25T06:20:13.136+0000] {processor.py:914} INFO - Processing file /home/airflow/.local/lib/python3.12/site-packages/airflow/example_dags/example_latest_only.py for tasks to queue
[2024-11-25T06:20:13.139+0000] {logging_mixin.py:190} INFO - [2024-11-25T06:20:13.139+0000] {dagbag.py:588} INFO - Filling up the DagBag from /home/airflow/.local/lib/python3.12/site-packages/airflow/example_dags/example_latest_only.py
[2024-11-25T06:20:13.148+0000] {processor.py:925} INFO - DAG(s) 'latest_only' retrieved from /home/airflow/.local/lib/python3.12/site-packages/airflow/example_dags/example_latest_only.py
[2024-11-25T06:20:13.183+0000] {logging_mixin.py:190} INFO - [2024-11-25T06:20:13.182+0000] {dag.py:3239} INFO - Sync 1 DAGs
[2024-11-25T06:20:13.217+0000] {logging_mixin.py:190} INFO - [2024-11-25T06:20:13.217+0000] {dag.py:4180} INFO - Setting next_dagrun for latest_only to 2024-11-25 00:00:00+00:00, run_after=2024-11-25 04:00:00+00:00
[2024-11-25T06:20:13.248+0000] {processor.py:208} INFO - Processing /home/airflow/.local/lib/python3.12/site-packages/airflow/example_dags/example_latest_only.py took 0.119 seconds
[2024-11-25T06:20:44.865+0000] {processor.py:186} INFO - Started process (PID=3385) to work on /home/airflow/.local/lib/python3.12/site-packages/airflow/example_dags/example_latest_only.py
[2024-11-25T06:20:44.866+0000] {processor.py:914} INFO - Processing file /home/airflow/.local/lib/python3.12/site-packages/airflow/example_dags/example_latest_only.py for tasks to queue
[2024-11-25T06:20:44.868+0000] {logging_mixin.py:190} INFO - [2024-11-25T06:20:44.868+0000] {dagbag.py:588} INFO - Filling up the DagBag from /home/airflow/.local/lib/python3.12/site-packages/airflow/example_dags/example_latest_only.py
[2024-11-25T06:20:44.882+0000] {processor.py:925} INFO - DAG(s) 'latest_only' retrieved from /home/airflow/.local/lib/python3.12/site-packages/airflow/example_dags/example_latest_only.py
[2024-11-25T06:20:44.915+0000] {logging_mixin.py:190} INFO - [2024-11-25T06:20:44.914+0000] {dag.py:3239} INFO - Sync 1 DAGs
[2024-11-25T06:20:44.944+0000] {logging_mixin.py:190} INFO - [2024-11-25T06:20:44.944+0000] {dag.py:4180} INFO - Setting next_dagrun for latest_only to 2024-11-25 00:00:00+00:00, run_after=2024-11-25 04:00:00+00:00
[2024-11-25T06:20:44.968+0000] {processor.py:208} INFO - Processing /home/airflow/.local/lib/python3.12/site-packages/airflow/example_dags/example_latest_only.py took 0.109 seconds
[2024-11-25T06:21:16.248+0000] {processor.py:186} INFO - Started process (PID=3684) to work on /home/airflow/.local/lib/python3.12/site-packages/airflow/example_dags/example_latest_only.py
[2024-11-25T06:21:16.250+0000] {processor.py:914} INFO - Processing file /home/airflow/.local/lib/python3.12/site-packages/airflow/example_dags/example_latest_only.py for tasks to queue
[2024-11-25T06:21:16.254+0000] {logging_mixin.py:190} INFO - [2024-11-25T06:21:16.253+0000] {dagbag.py:588} INFO - Filling up the DagBag from /home/airflow/.local/lib/python3.12/site-packages/airflow/example_dags/example_latest_only.py
[2024-11-25T06:21:16.263+0000] {processor.py:925} INFO - DAG(s) 'latest_only' retrieved from /home/airflow/.local/lib/python3.12/site-packages/airflow/example_dags/example_latest_only.py
[2024-11-25T06:21:16.289+0000] {logging_mixin.py:190} INFO - [2024-11-25T06:21:16.289+0000] {dag.py:3239} INFO - Sync 1 DAGs
[2024-11-25T06:21:16.319+0000] {logging_mixin.py:190} INFO - [2024-11-25T06:21:16.319+0000] {dag.py:4180} INFO - Setting next_dagrun for latest_only to 2024-11-25 00:00:00+00:00, run_after=2024-11-25 04:00:00+00:00
[2024-11-25T06:21:16.351+0000] {processor.py:208} INFO - Processing /home/airflow/.local/lib/python3.12/site-packages/airflow/example_dags/example_latest_only.py took 0.118 seconds
[2024-11-25T06:21:47.518+0000] {processor.py:186} INFO - Started process (PID=3985) to work on /home/airflow/.local/lib/python3.12/site-packages/airflow/example_dags/example_latest_only.py
[2024-11-25T06:21:47.519+0000] {processor.py:914} INFO - Processing file /home/airflow/.local/lib/python3.12/site-packages/airflow/example_dags/example_latest_only.py for tasks to queue
[2024-11-25T06:21:47.522+0000] {logging_mixin.py:190} INFO - [2024-11-25T06:21:47.522+0000] {dagbag.py:588} INFO - Filling up the DagBag from /home/airflow/.local/lib/python3.12/site-packages/airflow/example_dags/example_latest_only.py
[2024-11-25T06:21:47.535+0000] {processor.py:925} INFO - DAG(s) 'latest_only' retrieved from /home/airflow/.local/lib/python3.12/site-packages/airflow/example_dags/example_latest_only.py
[2024-11-25T06:21:47.560+0000] {logging_mixin.py:190} INFO - [2024-11-25T06:21:47.560+0000] {dag.py:3239} INFO - Sync 1 DAGs
[2024-11-25T06:21:47.584+0000] {logging_mixin.py:190} INFO - [2024-11-25T06:21:47.584+0000] {dag.py:4180} INFO - Setting next_dagrun for latest_only to 2024-11-25 00:00:00+00:00, run_after=2024-11-25 04:00:00+00:00
[2024-11-25T06:21:47.603+0000] {processor.py:208} INFO - Processing /home/airflow/.local/lib/python3.12/site-packages/airflow/example_dags/example_latest_only.py took 0.095 seconds
[2024-11-25T06:22:25.011+0000] {processor.py:186} INFO - Started process (PID=4288) to work on /home/airflow/.local/lib/python3.12/site-packages/airflow/example_dags/example_latest_only.py
[2024-11-25T06:22:25.013+0000] {processor.py:914} INFO - Processing file /home/airflow/.local/lib/python3.12/site-packages/airflow/example_dags/example_latest_only.py for tasks to queue
[2024-11-25T06:22:25.019+0000] {logging_mixin.py:190} INFO - [2024-11-25T06:22:25.018+0000] {dagbag.py:588} INFO - Filling up the DagBag from /home/airflow/.local/lib/python3.12/site-packages/airflow/example_dags/example_latest_only.py
[2024-11-25T06:22:25.036+0000] {processor.py:925} INFO - DAG(s) 'latest_only' retrieved from /home/airflow/.local/lib/python3.12/site-packages/airflow/example_dags/example_latest_only.py
[2024-11-25T06:22:25.083+0000] {logging_mixin.py:190} INFO - [2024-11-25T06:22:25.082+0000] {dag.py:3239} INFO - Sync 1 DAGs
[2024-11-25T06:22:25.133+0000] {logging_mixin.py:190} INFO - [2024-11-25T06:22:25.132+0000] {dag.py:4180} INFO - Setting next_dagrun for latest_only to 2024-11-25 00:00:00+00:00, run_after=2024-11-25 04:00:00+00:00
[2024-11-25T06:22:25.166+0000] {processor.py:208} INFO - Processing /home/airflow/.local/lib/python3.12/site-packages/airflow/example_dags/example_latest_only.py took 0.172 seconds
[2024-11-25T06:22:56.582+0000] {processor.py:186} INFO - Started process (PID=4587) to work on /home/airflow/.local/lib/python3.12/site-packages/airflow/example_dags/example_latest_only.py
[2024-11-25T06:22:56.588+0000] {processor.py:914} INFO - Processing file /home/airflow/.local/lib/python3.12/site-packages/airflow/example_dags/example_latest_only.py for tasks to queue
[2024-11-25T06:22:56.602+0000] {logging_mixin.py:190} INFO - [2024-11-25T06:22:56.595+0000] {dagbag.py:588} INFO - Filling up the DagBag from /home/airflow/.local/lib/python3.12/site-packages/airflow/example_dags/example_latest_only.py
[2024-11-25T06:22:56.629+0000] {processor.py:925} INFO - DAG(s) 'latest_only' retrieved from /home/airflow/.local/lib/python3.12/site-packages/airflow/example_dags/example_latest_only.py
[2024-11-25T06:22:56.700+0000] {logging_mixin.py:190} INFO - [2024-11-25T06:22:56.699+0000] {dag.py:3239} INFO - Sync 1 DAGs
[2024-11-25T06:22:56.760+0000] {logging_mixin.py:190} INFO - [2024-11-25T06:22:56.758+0000] {dag.py:4180} INFO - Setting next_dagrun for latest_only to 2024-11-25 00:00:00+00:00, run_after=2024-11-25 04:00:00+00:00
[2024-11-25T06:22:56.805+0000] {processor.py:208} INFO - Processing /home/airflow/.local/lib/python3.12/site-packages/airflow/example_dags/example_latest_only.py took 0.250 seconds
[2024-11-25T06:23:27.326+0000] {processor.py:186} INFO - Started process (PID=4888) to work on /home/airflow/.local/lib/python3.12/site-packages/airflow/example_dags/example_latest_only.py
[2024-11-25T06:23:27.327+0000] {processor.py:914} INFO - Processing file /home/airflow/.local/lib/python3.12/site-packages/airflow/example_dags/example_latest_only.py for tasks to queue
[2024-11-25T06:23:27.331+0000] {logging_mixin.py:190} INFO - [2024-11-25T06:23:27.330+0000] {dagbag.py:588} INFO - Filling up the DagBag from /home/airflow/.local/lib/python3.12/site-packages/airflow/example_dags/example_latest_only.py
[2024-11-25T06:23:27.339+0000] {processor.py:925} INFO - DAG(s) 'latest_only' retrieved from /home/airflow/.local/lib/python3.12/site-packages/airflow/example_dags/example_latest_only.py
[2024-11-25T06:23:27.365+0000] {logging_mixin.py:190} INFO - [2024-11-25T06:23:27.365+0000] {dag.py:3239} INFO - Sync 1 DAGs
[2024-11-25T06:23:27.390+0000] {logging_mixin.py:190} INFO - [2024-11-25T06:23:27.390+0000] {dag.py:4180} INFO - Setting next_dagrun for latest_only to 2024-11-25 00:00:00+00:00, run_after=2024-11-25 04:00:00+00:00
[2024-11-25T06:23:27.412+0000] {processor.py:208} INFO - Processing /home/airflow/.local/lib/python3.12/site-packages/airflow/example_dags/example_latest_only.py took 0.094 seconds
[2024-11-25T06:23:58.716+0000] {processor.py:186} INFO - Started process (PID=5191) to work on /home/airflow/.local/lib/python3.12/site-packages/airflow/example_dags/example_latest_only.py
[2024-11-25T06:23:58.717+0000] {processor.py:914} INFO - Processing file /home/airflow/.local/lib/python3.12/site-packages/airflow/example_dags/example_latest_only.py for tasks to queue
[2024-11-25T06:23:58.720+0000] {logging_mixin.py:190} INFO - [2024-11-25T06:23:58.720+0000] {dagbag.py:588} INFO - Filling up the DagBag from /home/airflow/.local/lib/python3.12/site-packages/airflow/example_dags/example_latest_only.py
[2024-11-25T06:23:58.728+0000] {processor.py:925} INFO - DAG(s) 'latest_only' retrieved from /home/airflow/.local/lib/python3.12/site-packages/airflow/example_dags/example_latest_only.py
[2024-11-25T06:23:58.758+0000] {logging_mixin.py:190} INFO - [2024-11-25T06:23:58.757+0000] {dag.py:3239} INFO - Sync 1 DAGs
[2024-11-25T06:23:58.785+0000] {logging_mixin.py:190} INFO - [2024-11-25T06:23:58.785+0000] {dag.py:4180} INFO - Setting next_dagrun for latest_only to 2024-11-25 00:00:00+00:00, run_after=2024-11-25 04:00:00+00:00
[2024-11-25T06:23:58.805+0000] {processor.py:208} INFO - Processing /home/airflow/.local/lib/python3.12/site-packages/airflow/example_dags/example_latest_only.py took 0.098 seconds
[2024-11-25T06:24:30.611+0000] {processor.py:186} INFO - Started process (PID=5492) to work on /home/airflow/.local/lib/python3.12/site-packages/airflow/example_dags/example_latest_only.py
[2024-11-25T06:24:30.612+0000] {processor.py:914} INFO - Processing file /home/airflow/.local/lib/python3.12/site-packages/airflow/example_dags/example_latest_only.py for tasks to queue
[2024-11-25T06:24:30.617+0000] {logging_mixin.py:190} INFO - [2024-11-25T06:24:30.616+0000] {dagbag.py:588} INFO - Filling up the DagBag from /home/airflow/.local/lib/python3.12/site-packages/airflow/example_dags/example_latest_only.py
[2024-11-25T06:24:30.627+0000] {processor.py:925} INFO - DAG(s) 'latest_only' retrieved from /home/airflow/.local/lib/python3.12/site-packages/airflow/example_dags/example_latest_only.py
[2024-11-25T06:24:30.653+0000] {logging_mixin.py:190} INFO - [2024-11-25T06:24:30.653+0000] {dag.py:3239} INFO - Sync 1 DAGs
[2024-11-25T06:24:30.688+0000] {logging_mixin.py:190} INFO - [2024-11-25T06:24:30.688+0000] {dag.py:4180} INFO - Setting next_dagrun for latest_only to 2024-11-25 00:00:00+00:00, run_after=2024-11-25 04:00:00+00:00
[2024-11-25T06:24:30.718+0000] {processor.py:208} INFO - Processing /home/airflow/.local/lib/python3.12/site-packages/airflow/example_dags/example_latest_only.py took 0.119 seconds
[2024-11-25T06:25:02.905+0000] {processor.py:186} INFO - Started process (PID=5793) to work on /home/airflow/.local/lib/python3.12/site-packages/airflow/example_dags/example_latest_only.py
[2024-11-25T06:25:02.906+0000] {processor.py:914} INFO - Processing file /home/airflow/.local/lib/python3.12/site-packages/airflow/example_dags/example_latest_only.py for tasks to queue
[2024-11-25T06:25:02.908+0000] {logging_mixin.py:190} INFO - [2024-11-25T06:25:02.908+0000] {dagbag.py:588} INFO - Filling up the DagBag from /home/airflow/.local/lib/python3.12/site-packages/airflow/example_dags/example_latest_only.py
[2024-11-25T06:25:02.915+0000] {processor.py:925} INFO - DAG(s) 'latest_only' retrieved from /home/airflow/.local/lib/python3.12/site-packages/airflow/example_dags/example_latest_only.py
[2024-11-25T06:25:02.940+0000] {logging_mixin.py:190} INFO - [2024-11-25T06:25:02.940+0000] {dag.py:3239} INFO - Sync 1 DAGs
[2024-11-25T06:25:02.970+0000] {logging_mixin.py:190} INFO - [2024-11-25T06:25:02.970+0000] {dag.py:4180} INFO - Setting next_dagrun for latest_only to 2024-11-25 00:00:00+00:00, run_after=2024-11-25 04:00:00+00:00
[2024-11-25T06:25:02.998+0000] {processor.py:208} INFO - Processing /home/airflow/.local/lib/python3.12/site-packages/airflow/example_dags/example_latest_only.py took 0.098 seconds
[2024-11-25T06:25:34.588+0000] {processor.py:186} INFO - Started process (PID=6092) to work on /home/airflow/.local/lib/python3.12/site-packages/airflow/example_dags/example_latest_only.py
[2024-11-25T06:25:34.591+0000] {processor.py:914} INFO - Processing file /home/airflow/.local/lib/python3.12/site-packages/airflow/example_dags/example_latest_only.py for tasks to queue
[2024-11-25T06:25:34.596+0000] {logging_mixin.py:190} INFO - [2024-11-25T06:25:34.595+0000] {dagbag.py:588} INFO - Filling up the DagBag from /home/airflow/.local/lib/python3.12/site-packages/airflow/example_dags/example_latest_only.py
[2024-11-25T06:25:34.620+0000] {processor.py:925} INFO - DAG(s) 'latest_only' retrieved from /home/airflow/.local/lib/python3.12/site-packages/airflow/example_dags/example_latest_only.py
[2024-11-25T06:25:34.681+0000] {logging_mixin.py:190} INFO - [2024-11-25T06:25:34.681+0000] {dag.py:3239} INFO - Sync 1 DAGs
[2024-11-25T06:25:34.737+0000] {logging_mixin.py:190} INFO - [2024-11-25T06:25:34.737+0000] {dag.py:4180} INFO - Setting next_dagrun for latest_only to 2024-11-25 00:00:00+00:00, run_after=2024-11-25 04:00:00+00:00
[2024-11-25T06:25:34.774+0000] {processor.py:208} INFO - Processing /home/airflow/.local/lib/python3.12/site-packages/airflow/example_dags/example_latest_only.py took 0.193 seconds
[2024-11-25T06:26:06.388+0000] {processor.py:186} INFO - Started process (PID=6407) to work on /home/airflow/.local/lib/python3.12/site-packages/airflow/example_dags/example_latest_only.py
[2024-11-25T06:26:06.390+0000] {processor.py:914} INFO - Processing file /home/airflow/.local/lib/python3.12/site-packages/airflow/example_dags/example_latest_only.py for tasks to queue
[2024-11-25T06:26:06.392+0000] {logging_mixin.py:190} INFO - [2024-11-25T06:26:06.392+0000] {dagbag.py:588} INFO - Filling up the DagBag from /home/airflow/.local/lib/python3.12/site-packages/airflow/example_dags/example_latest_only.py
[2024-11-25T06:26:06.400+0000] {processor.py:925} INFO - DAG(s) 'latest_only' retrieved from /home/airflow/.local/lib/python3.12/site-packages/airflow/example_dags/example_latest_only.py
[2024-11-25T06:26:06.427+0000] {logging_mixin.py:190} INFO - [2024-11-25T06:26:06.427+0000] {dag.py:3239} INFO - Sync 1 DAGs
[2024-11-25T06:26:06.465+0000] {logging_mixin.py:190} INFO - [2024-11-25T06:26:06.465+0000] {dag.py:4180} INFO - Setting next_dagrun for latest_only to 2024-11-25 00:00:00+00:00, run_after=2024-11-25 04:00:00+00:00
[2024-11-25T06:26:06.490+0000] {processor.py:208} INFO - Processing /home/airflow/.local/lib/python3.12/site-packages/airflow/example_dags/example_latest_only.py took 0.111 seconds
[2024-11-25T06:26:38.190+0000] {processor.py:186} INFO - Started process (PID=6733) to work on /home/airflow/.local/lib/python3.12/site-packages/airflow/example_dags/example_latest_only.py
[2024-11-25T06:26:38.191+0000] {processor.py:914} INFO - Processing file /home/airflow/.local/lib/python3.12/site-packages/airflow/example_dags/example_latest_only.py for tasks to queue
[2024-11-25T06:26:38.194+0000] {logging_mixin.py:190} INFO - [2024-11-25T06:26:38.194+0000] {dagbag.py:588} INFO - Filling up the DagBag from /home/airflow/.local/lib/python3.12/site-packages/airflow/example_dags/example_latest_only.py
[2024-11-25T06:26:38.205+0000] {processor.py:925} INFO - DAG(s) 'latest_only' retrieved from /home/airflow/.local/lib/python3.12/site-packages/airflow/example_dags/example_latest_only.py
[2024-11-25T06:26:38.237+0000] {logging_mixin.py:190} INFO - [2024-11-25T06:26:38.236+0000] {dag.py:3239} INFO - Sync 1 DAGs
[2024-11-25T06:26:38.281+0000] {logging_mixin.py:190} INFO - [2024-11-25T06:26:38.280+0000] {dag.py:4180} INFO - Setting next_dagrun for latest_only to 2024-11-25 00:00:00+00:00, run_after=2024-11-25 04:00:00+00:00
[2024-11-25T06:26:38.333+0000] {processor.py:208} INFO - Processing /home/airflow/.local/lib/python3.12/site-packages/airflow/example_dags/example_latest_only.py took 0.152 seconds
[2024-11-25T06:27:10.474+0000] {processor.py:186} INFO - Started process (PID=7034) to work on /home/airflow/.local/lib/python3.12/site-packages/airflow/example_dags/example_latest_only.py
[2024-11-25T06:27:10.476+0000] {processor.py:914} INFO - Processing file /home/airflow/.local/lib/python3.12/site-packages/airflow/example_dags/example_latest_only.py for tasks to queue
[2024-11-25T06:27:10.478+0000] {logging_mixin.py:190} INFO - [2024-11-25T06:27:10.478+0000] {dagbag.py:588} INFO - Filling up the DagBag from /home/airflow/.local/lib/python3.12/site-packages/airflow/example_dags/example_latest_only.py
[2024-11-25T06:27:10.488+0000] {processor.py:925} INFO - DAG(s) 'latest_only' retrieved from /home/airflow/.local/lib/python3.12/site-packages/airflow/example_dags/example_latest_only.py
[2024-11-25T06:27:10.537+0000] {logging_mixin.py:190} INFO - [2024-11-25T06:27:10.536+0000] {dag.py:3239} INFO - Sync 1 DAGs
[2024-11-25T06:27:10.574+0000] {logging_mixin.py:190} INFO - [2024-11-25T06:27:10.574+0000] {dag.py:4180} INFO - Setting next_dagrun for latest_only to 2024-11-25 00:00:00+00:00, run_after=2024-11-25 04:00:00+00:00
[2024-11-25T06:27:10.643+0000] {processor.py:208} INFO - Processing /home/airflow/.local/lib/python3.12/site-packages/airflow/example_dags/example_latest_only.py took 0.180 seconds
[2024-11-25T06:27:41.008+0000] {processor.py:186} INFO - Started process (PID=7332) to work on /home/airflow/.local/lib/python3.12/site-packages/airflow/example_dags/example_latest_only.py
[2024-11-25T06:27:41.010+0000] {processor.py:914} INFO - Processing file /home/airflow/.local/lib/python3.12/site-packages/airflow/example_dags/example_latest_only.py for tasks to queue
[2024-11-25T06:27:41.012+0000] {logging_mixin.py:190} INFO - [2024-11-25T06:27:41.012+0000] {dagbag.py:588} INFO - Filling up the DagBag from /home/airflow/.local/lib/python3.12/site-packages/airflow/example_dags/example_latest_only.py
[2024-11-25T06:27:41.020+0000] {processor.py:925} INFO - DAG(s) 'latest_only' retrieved from /home/airflow/.local/lib/python3.12/site-packages/airflow/example_dags/example_latest_only.py
[2024-11-25T06:27:41.043+0000] {logging_mixin.py:190} INFO - [2024-11-25T06:27:41.043+0000] {dag.py:3239} INFO - Sync 1 DAGs
[2024-11-25T06:27:41.067+0000] {logging_mixin.py:190} INFO - [2024-11-25T06:27:41.067+0000] {dag.py:4180} INFO - Setting next_dagrun for latest_only to 2024-11-25 00:00:00+00:00, run_after=2024-11-25 04:00:00+00:00
[2024-11-25T06:27:41.118+0000] {processor.py:208} INFO - Processing /home/airflow/.local/lib/python3.12/site-packages/airflow/example_dags/example_latest_only.py took 0.115 seconds
[2024-11-25T06:28:12.037+0000] {processor.py:186} INFO - Started process (PID=7641) to work on /home/airflow/.local/lib/python3.12/site-packages/airflow/example_dags/example_latest_only.py
[2024-11-25T06:28:12.039+0000] {processor.py:914} INFO - Processing file /home/airflow/.local/lib/python3.12/site-packages/airflow/example_dags/example_latest_only.py for tasks to queue
[2024-11-25T06:28:12.042+0000] {logging_mixin.py:190} INFO - [2024-11-25T06:28:12.042+0000] {dagbag.py:588} INFO - Filling up the DagBag from /home/airflow/.local/lib/python3.12/site-packages/airflow/example_dags/example_latest_only.py
[2024-11-25T06:28:12.049+0000] {processor.py:925} INFO - DAG(s) 'latest_only' retrieved from /home/airflow/.local/lib/python3.12/site-packages/airflow/example_dags/example_latest_only.py
[2024-11-25T06:28:12.076+0000] {logging_mixin.py:190} INFO - [2024-11-25T06:28:12.075+0000] {dag.py:3239} INFO - Sync 1 DAGs
[2024-11-25T06:28:12.102+0000] {logging_mixin.py:190} INFO - [2024-11-25T06:28:12.102+0000] {dag.py:4180} INFO - Setting next_dagrun for latest_only to 2024-11-25 00:00:00+00:00, run_after=2024-11-25 04:00:00+00:00
[2024-11-25T06:28:12.127+0000] {processor.py:208} INFO - Processing /home/airflow/.local/lib/python3.12/site-packages/airflow/example_dags/example_latest_only.py took 0.096 seconds
[2024-11-25T06:28:43.474+0000] {processor.py:186} INFO - Started process (PID=7942) to work on /home/airflow/.local/lib/python3.12/site-packages/airflow/example_dags/example_latest_only.py
[2024-11-25T06:28:43.475+0000] {processor.py:914} INFO - Processing file /home/airflow/.local/lib/python3.12/site-packages/airflow/example_dags/example_latest_only.py for tasks to queue
[2024-11-25T06:28:43.479+0000] {logging_mixin.py:190} INFO - [2024-11-25T06:28:43.479+0000] {dagbag.py:588} INFO - Filling up the DagBag from /home/airflow/.local/lib/python3.12/site-packages/airflow/example_dags/example_latest_only.py
[2024-11-25T06:28:43.486+0000] {processor.py:925} INFO - DAG(s) 'latest_only' retrieved from /home/airflow/.local/lib/python3.12/site-packages/airflow/example_dags/example_latest_only.py
[2024-11-25T06:28:43.510+0000] {logging_mixin.py:190} INFO - [2024-11-25T06:28:43.510+0000] {dag.py:3239} INFO - Sync 1 DAGs
[2024-11-25T06:28:43.540+0000] {logging_mixin.py:190} INFO - [2024-11-25T06:28:43.539+0000] {dag.py:4180} INFO - Setting next_dagrun for latest_only to 2024-11-25 00:00:00+00:00, run_after=2024-11-25 04:00:00+00:00
[2024-11-25T06:28:43.578+0000] {processor.py:208} INFO - Processing /home/airflow/.local/lib/python3.12/site-packages/airflow/example_dags/example_latest_only.py took 0.110 seconds
[2024-11-25T06:29:13.698+0000] {processor.py:186} INFO - Started process (PID=8243) to work on /home/airflow/.local/lib/python3.12/site-packages/airflow/example_dags/example_latest_only.py
[2024-11-25T06:29:13.699+0000] {processor.py:914} INFO - Processing file /home/airflow/.local/lib/python3.12/site-packages/airflow/example_dags/example_latest_only.py for tasks to queue
[2024-11-25T06:29:13.703+0000] {logging_mixin.py:190} INFO - [2024-11-25T06:29:13.702+0000] {dagbag.py:588} INFO - Filling up the DagBag from /home/airflow/.local/lib/python3.12/site-packages/airflow/example_dags/example_latest_only.py
[2024-11-25T06:29:13.710+0000] {processor.py:925} INFO - DAG(s) 'latest_only' retrieved from /home/airflow/.local/lib/python3.12/site-packages/airflow/example_dags/example_latest_only.py
[2024-11-25T06:29:13.739+0000] {logging_mixin.py:190} INFO - [2024-11-25T06:29:13.739+0000] {dag.py:3239} INFO - Sync 1 DAGs
[2024-11-25T06:29:13.778+0000] {logging_mixin.py:190} INFO - [2024-11-25T06:29:13.778+0000] {dag.py:4180} INFO - Setting next_dagrun for latest_only to 2024-11-25 00:00:00+00:00, run_after=2024-11-25 04:00:00+00:00
[2024-11-25T06:29:13.802+0000] {processor.py:208} INFO - Processing /home/airflow/.local/lib/python3.12/site-packages/airflow/example_dags/example_latest_only.py took 0.111 seconds
[2024-11-25T06:29:44.074+0000] {processor.py:186} INFO - Started process (PID=8544) to work on /home/airflow/.local/lib/python3.12/site-packages/airflow/example_dags/example_latest_only.py
[2024-11-25T06:29:44.076+0000] {processor.py:914} INFO - Processing file /home/airflow/.local/lib/python3.12/site-packages/airflow/example_dags/example_latest_only.py for tasks to queue
[2024-11-25T06:29:44.080+0000] {logging_mixin.py:190} INFO - [2024-11-25T06:29:44.079+0000] {dagbag.py:588} INFO - Filling up the DagBag from /home/airflow/.local/lib/python3.12/site-packages/airflow/example_dags/example_latest_only.py
[2024-11-25T06:29:44.088+0000] {processor.py:925} INFO - DAG(s) 'latest_only' retrieved from /home/airflow/.local/lib/python3.12/site-packages/airflow/example_dags/example_latest_only.py
[2024-11-25T06:29:44.127+0000] {logging_mixin.py:190} INFO - [2024-11-25T06:29:44.127+0000] {dag.py:3239} INFO - Sync 1 DAGs
[2024-11-25T06:29:44.162+0000] {logging_mixin.py:190} INFO - [2024-11-25T06:29:44.162+0000] {dag.py:4180} INFO - Setting next_dagrun for latest_only to 2024-11-25 00:00:00+00:00, run_after=2024-11-25 04:00:00+00:00
[2024-11-25T06:29:44.203+0000] {processor.py:208} INFO - Processing /home/airflow/.local/lib/python3.12/site-packages/airflow/example_dags/example_latest_only.py took 0.136 seconds
[2024-11-25T06:30:14.520+0000] {processor.py:186} INFO - Started process (PID=8847) to work on /home/airflow/.local/lib/python3.12/site-packages/airflow/example_dags/example_latest_only.py
[2024-11-25T06:30:14.523+0000] {processor.py:914} INFO - Processing file /home/airflow/.local/lib/python3.12/site-packages/airflow/example_dags/example_latest_only.py for tasks to queue
[2024-11-25T06:30:14.530+0000] {logging_mixin.py:190} INFO - [2024-11-25T06:30:14.529+0000] {dagbag.py:588} INFO - Filling up the DagBag from /home/airflow/.local/lib/python3.12/site-packages/airflow/example_dags/example_latest_only.py
[2024-11-25T06:30:14.548+0000] {processor.py:925} INFO - DAG(s) 'latest_only' retrieved from /home/airflow/.local/lib/python3.12/site-packages/airflow/example_dags/example_latest_only.py
[2024-11-25T06:30:14.594+0000] {logging_mixin.py:190} INFO - [2024-11-25T06:30:14.593+0000] {dag.py:3239} INFO - Sync 1 DAGs
[2024-11-25T06:30:14.620+0000] {logging_mixin.py:190} INFO - [2024-11-25T06:30:14.619+0000] {dag.py:4180} INFO - Setting next_dagrun for latest_only to 2024-11-25 00:00:00+00:00, run_after=2024-11-25 04:00:00+00:00
[2024-11-25T06:30:14.643+0000] {processor.py:208} INFO - Processing /home/airflow/.local/lib/python3.12/site-packages/airflow/example_dags/example_latest_only.py took 0.140 seconds
[2024-11-25T06:30:45.340+0000] {processor.py:186} INFO - Started process (PID=9148) to work on /home/airflow/.local/lib/python3.12/site-packages/airflow/example_dags/example_latest_only.py
[2024-11-25T06:30:45.341+0000] {processor.py:914} INFO - Processing file /home/airflow/.local/lib/python3.12/site-packages/airflow/example_dags/example_latest_only.py for tasks to queue
[2024-11-25T06:30:45.344+0000] {logging_mixin.py:190} INFO - [2024-11-25T06:30:45.344+0000] {dagbag.py:588} INFO - Filling up the DagBag from /home/airflow/.local/lib/python3.12/site-packages/airflow/example_dags/example_latest_only.py
[2024-11-25T06:30:45.352+0000] {processor.py:925} INFO - DAG(s) 'latest_only' retrieved from /home/airflow/.local/lib/python3.12/site-packages/airflow/example_dags/example_latest_only.py
[2024-11-25T06:30:45.376+0000] {logging_mixin.py:190} INFO - [2024-11-25T06:30:45.376+0000] {dag.py:3239} INFO - Sync 1 DAGs
[2024-11-25T06:30:45.411+0000] {logging_mixin.py:190} INFO - [2024-11-25T06:30:45.411+0000] {dag.py:4180} INFO - Setting next_dagrun for latest_only to 2024-11-25 00:00:00+00:00, run_after=2024-11-25 04:00:00+00:00
[2024-11-25T06:30:45.432+0000] {processor.py:208} INFO - Processing /home/airflow/.local/lib/python3.12/site-packages/airflow/example_dags/example_latest_only.py took 0.098 seconds
[2024-11-25T06:31:15.865+0000] {processor.py:186} INFO - Started process (PID=9452) to work on /home/airflow/.local/lib/python3.12/site-packages/airflow/example_dags/example_latest_only.py
[2024-11-25T06:31:15.866+0000] {processor.py:914} INFO - Processing file /home/airflow/.local/lib/python3.12/site-packages/airflow/example_dags/example_latest_only.py for tasks to queue
[2024-11-25T06:31:15.869+0000] {logging_mixin.py:190} INFO - [2024-11-25T06:31:15.869+0000] {dagbag.py:588} INFO - Filling up the DagBag from /home/airflow/.local/lib/python3.12/site-packages/airflow/example_dags/example_latest_only.py
[2024-11-25T06:31:15.876+0000] {processor.py:925} INFO - DAG(s) 'latest_only' retrieved from /home/airflow/.local/lib/python3.12/site-packages/airflow/example_dags/example_latest_only.py
[2024-11-25T06:31:15.898+0000] {logging_mixin.py:190} INFO - [2024-11-25T06:31:15.898+0000] {dag.py:3239} INFO - Sync 1 DAGs
[2024-11-25T06:31:15.924+0000] {logging_mixin.py:190} INFO - [2024-11-25T06:31:15.924+0000] {dag.py:4180} INFO - Setting next_dagrun for latest_only to 2024-11-25 00:00:00+00:00, run_after=2024-11-25 04:00:00+00:00
[2024-11-25T06:31:15.946+0000] {processor.py:208} INFO - Processing /home/airflow/.local/lib/python3.12/site-packages/airflow/example_dags/example_latest_only.py took 0.086 seconds
[2024-11-25T06:31:46.609+0000] {processor.py:186} INFO - Started process (PID=9755) to work on /home/airflow/.local/lib/python3.12/site-packages/airflow/example_dags/example_latest_only.py
[2024-11-25T06:31:46.610+0000] {processor.py:914} INFO - Processing file /home/airflow/.local/lib/python3.12/site-packages/airflow/example_dags/example_latest_only.py for tasks to queue
[2024-11-25T06:31:46.612+0000] {logging_mixin.py:190} INFO - [2024-11-25T06:31:46.612+0000] {dagbag.py:588} INFO - Filling up the DagBag from /home/airflow/.local/lib/python3.12/site-packages/airflow/example_dags/example_latest_only.py
[2024-11-25T06:31:46.620+0000] {processor.py:925} INFO - DAG(s) 'latest_only' retrieved from /home/airflow/.local/lib/python3.12/site-packages/airflow/example_dags/example_latest_only.py
[2024-11-25T06:31:46.649+0000] {logging_mixin.py:190} INFO - [2024-11-25T06:31:46.649+0000] {dag.py:3239} INFO - Sync 1 DAGs
[2024-11-25T06:31:46.679+0000] {logging_mixin.py:190} INFO - [2024-11-25T06:31:46.679+0000] {dag.py:4180} INFO - Setting next_dagrun for latest_only to 2024-11-25 00:00:00+00:00, run_after=2024-11-25 04:00:00+00:00
[2024-11-25T06:31:46.701+0000] {processor.py:208} INFO - Processing /home/airflow/.local/lib/python3.12/site-packages/airflow/example_dags/example_latest_only.py took 0.099 seconds
[2024-11-25T06:32:17.560+0000] {processor.py:186} INFO - Started process (PID=10054) to work on /home/airflow/.local/lib/python3.12/site-packages/airflow/example_dags/example_latest_only.py
[2024-11-25T06:32:17.562+0000] {processor.py:914} INFO - Processing file /home/airflow/.local/lib/python3.12/site-packages/airflow/example_dags/example_latest_only.py for tasks to queue
[2024-11-25T06:32:17.564+0000] {logging_mixin.py:190} INFO - [2024-11-25T06:32:17.564+0000] {dagbag.py:588} INFO - Filling up the DagBag from /home/airflow/.local/lib/python3.12/site-packages/airflow/example_dags/example_latest_only.py
[2024-11-25T06:32:17.571+0000] {processor.py:925} INFO - DAG(s) 'latest_only' retrieved from /home/airflow/.local/lib/python3.12/site-packages/airflow/example_dags/example_latest_only.py
[2024-11-25T06:32:17.596+0000] {logging_mixin.py:190} INFO - [2024-11-25T06:32:17.596+0000] {dag.py:3239} INFO - Sync 1 DAGs
[2024-11-25T06:32:17.621+0000] {logging_mixin.py:190} INFO - [2024-11-25T06:32:17.620+0000] {dag.py:4180} INFO - Setting next_dagrun for latest_only to 2024-11-25 00:00:00+00:00, run_after=2024-11-25 04:00:00+00:00
[2024-11-25T06:32:17.641+0000] {processor.py:208} INFO - Processing /home/airflow/.local/lib/python3.12/site-packages/airflow/example_dags/example_latest_only.py took 0.087 seconds
[2024-11-25T06:32:48.776+0000] {processor.py:186} INFO - Started process (PID=10357) to work on /home/airflow/.local/lib/python3.12/site-packages/airflow/example_dags/example_latest_only.py
[2024-11-25T06:32:48.777+0000] {processor.py:914} INFO - Processing file /home/airflow/.local/lib/python3.12/site-packages/airflow/example_dags/example_latest_only.py for tasks to queue
[2024-11-25T06:32:48.780+0000] {logging_mixin.py:190} INFO - [2024-11-25T06:32:48.780+0000] {dagbag.py:588} INFO - Filling up the DagBag from /home/airflow/.local/lib/python3.12/site-packages/airflow/example_dags/example_latest_only.py
[2024-11-25T06:32:48.789+0000] {processor.py:925} INFO - DAG(s) 'latest_only' retrieved from /home/airflow/.local/lib/python3.12/site-packages/airflow/example_dags/example_latest_only.py
[2024-11-25T06:32:48.823+0000] {logging_mixin.py:190} INFO - [2024-11-25T06:32:48.822+0000] {dag.py:3239} INFO - Sync 1 DAGs
[2024-11-25T06:32:48.856+0000] {logging_mixin.py:190} INFO - [2024-11-25T06:32:48.856+0000] {dag.py:4180} INFO - Setting next_dagrun for latest_only to 2024-11-25 00:00:00+00:00, run_after=2024-11-25 04:00:00+00:00
[2024-11-25T06:32:48.883+0000] {processor.py:208} INFO - Processing /home/airflow/.local/lib/python3.12/site-packages/airflow/example_dags/example_latest_only.py took 0.112 seconds
[2024-11-25T06:33:20.476+0000] {processor.py:186} INFO - Started process (PID=10667) to work on /home/airflow/.local/lib/python3.12/site-packages/airflow/example_dags/example_latest_only.py
[2024-11-25T06:33:20.478+0000] {processor.py:914} INFO - Processing file /home/airflow/.local/lib/python3.12/site-packages/airflow/example_dags/example_latest_only.py for tasks to queue
[2024-11-25T06:33:20.482+0000] {logging_mixin.py:190} INFO - [2024-11-25T06:33:20.481+0000] {dagbag.py:588} INFO - Filling up the DagBag from /home/airflow/.local/lib/python3.12/site-packages/airflow/example_dags/example_latest_only.py
[2024-11-25T06:33:20.494+0000] {processor.py:925} INFO - DAG(s) 'latest_only' retrieved from /home/airflow/.local/lib/python3.12/site-packages/airflow/example_dags/example_latest_only.py
[2024-11-25T06:33:20.528+0000] {logging_mixin.py:190} INFO - [2024-11-25T06:33:20.527+0000] {dag.py:3239} INFO - Sync 1 DAGs
[2024-11-25T06:33:20.566+0000] {logging_mixin.py:190} INFO - [2024-11-25T06:33:20.565+0000] {dag.py:4180} INFO - Setting next_dagrun for latest_only to 2024-11-25 00:00:00+00:00, run_after=2024-11-25 04:00:00+00:00
[2024-11-25T06:33:20.605+0000] {processor.py:208} INFO - Processing /home/airflow/.local/lib/python3.12/site-packages/airflow/example_dags/example_latest_only.py took 0.138 seconds
[2024-11-25T06:33:51.791+0000] {processor.py:186} INFO - Started process (PID=10968) to work on /home/airflow/.local/lib/python3.12/site-packages/airflow/example_dags/example_latest_only.py
[2024-11-25T06:33:51.793+0000] {processor.py:914} INFO - Processing file /home/airflow/.local/lib/python3.12/site-packages/airflow/example_dags/example_latest_only.py for tasks to queue
[2024-11-25T06:33:51.796+0000] {logging_mixin.py:190} INFO - [2024-11-25T06:33:51.795+0000] {dagbag.py:588} INFO - Filling up the DagBag from /home/airflow/.local/lib/python3.12/site-packages/airflow/example_dags/example_latest_only.py
[2024-11-25T06:33:51.808+0000] {processor.py:925} INFO - DAG(s) 'latest_only' retrieved from /home/airflow/.local/lib/python3.12/site-packages/airflow/example_dags/example_latest_only.py
[2024-11-25T06:33:51.843+0000] {logging_mixin.py:190} INFO - [2024-11-25T06:33:51.843+0000] {dag.py:3239} INFO - Sync 1 DAGs
[2024-11-25T06:33:51.873+0000] {logging_mixin.py:190} INFO - [2024-11-25T06:33:51.873+0000] {dag.py:4180} INFO - Setting next_dagrun for latest_only to 2024-11-25 00:00:00+00:00, run_after=2024-11-25 04:00:00+00:00
[2024-11-25T06:33:51.899+0000] {processor.py:208} INFO - Processing /home/airflow/.local/lib/python3.12/site-packages/airflow/example_dags/example_latest_only.py took 0.114 seconds
[2024-11-25T06:34:23.115+0000] {processor.py:186} INFO - Started process (PID=11279) to work on /home/airflow/.local/lib/python3.12/site-packages/airflow/example_dags/example_latest_only.py
[2024-11-25T06:34:23.116+0000] {processor.py:914} INFO - Processing file /home/airflow/.local/lib/python3.12/site-packages/airflow/example_dags/example_latest_only.py for tasks to queue
[2024-11-25T06:34:23.119+0000] {logging_mixin.py:190} INFO - [2024-11-25T06:34:23.119+0000] {dagbag.py:588} INFO - Filling up the DagBag from /home/airflow/.local/lib/python3.12/site-packages/airflow/example_dags/example_latest_only.py
[2024-11-25T06:34:23.127+0000] {processor.py:925} INFO - DAG(s) 'latest_only' retrieved from /home/airflow/.local/lib/python3.12/site-packages/airflow/example_dags/example_latest_only.py
[2024-11-25T06:34:23.151+0000] {logging_mixin.py:190} INFO - [2024-11-25T06:34:23.151+0000] {dag.py:3239} INFO - Sync 1 DAGs
[2024-11-25T06:34:23.179+0000] {logging_mixin.py:190} INFO - [2024-11-25T06:34:23.179+0000] {dag.py:4180} INFO - Setting next_dagrun for latest_only to 2024-11-25 00:00:00+00:00, run_after=2024-11-25 04:00:00+00:00
[2024-11-25T06:34:23.202+0000] {processor.py:208} INFO - Processing /home/airflow/.local/lib/python3.12/site-packages/airflow/example_dags/example_latest_only.py took 0.092 seconds
[2024-11-25T06:34:54.824+0000] {processor.py:186} INFO - Started process (PID=11580) to work on /home/airflow/.local/lib/python3.12/site-packages/airflow/example_dags/example_latest_only.py
[2024-11-25T06:34:54.825+0000] {processor.py:914} INFO - Processing file /home/airflow/.local/lib/python3.12/site-packages/airflow/example_dags/example_latest_only.py for tasks to queue
[2024-11-25T06:34:54.828+0000] {logging_mixin.py:190} INFO - [2024-11-25T06:34:54.827+0000] {dagbag.py:588} INFO - Filling up the DagBag from /home/airflow/.local/lib/python3.12/site-packages/airflow/example_dags/example_latest_only.py
[2024-11-25T06:34:54.836+0000] {processor.py:925} INFO - DAG(s) 'latest_only' retrieved from /home/airflow/.local/lib/python3.12/site-packages/airflow/example_dags/example_latest_only.py
[2024-11-25T06:34:54.861+0000] {logging_mixin.py:190} INFO - [2024-11-25T06:34:54.860+0000] {dag.py:3239} INFO - Sync 1 DAGs
[2024-11-25T06:34:54.888+0000] {logging_mixin.py:190} INFO - [2024-11-25T06:34:54.888+0000] {dag.py:4180} INFO - Setting next_dagrun for latest_only to 2024-11-25 00:00:00+00:00, run_after=2024-11-25 04:00:00+00:00
[2024-11-25T06:34:54.912+0000] {processor.py:208} INFO - Processing /home/airflow/.local/lib/python3.12/site-packages/airflow/example_dags/example_latest_only.py took 0.095 seconds
[2024-11-25T06:41:05.454+0000] {processor.py:186} INFO - Started process (PID=15198) to work on /home/airflow/.local/lib/python3.12/site-packages/airflow/example_dags/example_latest_only.py
[2024-11-25T06:41:05.456+0000] {processor.py:914} INFO - Processing file /home/airflow/.local/lib/python3.12/site-packages/airflow/example_dags/example_latest_only.py for tasks to queue
[2024-11-25T06:41:05.465+0000] {logging_mixin.py:190} INFO - [2024-11-25T06:41:05.464+0000] {dagbag.py:588} INFO - Filling up the DagBag from /home/airflow/.local/lib/python3.12/site-packages/airflow/example_dags/example_latest_only.py
[2024-11-25T06:41:05.479+0000] {processor.py:925} INFO - DAG(s) 'latest_only' retrieved from /home/airflow/.local/lib/python3.12/site-packages/airflow/example_dags/example_latest_only.py
[2024-11-25T06:41:05.510+0000] {logging_mixin.py:190} INFO - [2024-11-25T06:41:05.509+0000] {dag.py:3239} INFO - Sync 1 DAGs
[2024-11-25T06:41:05.566+0000] {logging_mixin.py:190} INFO - [2024-11-25T06:41:05.565+0000] {dag.py:4180} INFO - Setting next_dagrun for latest_only to 2024-11-25 00:00:00+00:00, run_after=2024-11-25 04:00:00+00:00
[2024-11-25T06:41:05.656+0000] {processor.py:208} INFO - Processing /home/airflow/.local/lib/python3.12/site-packages/airflow/example_dags/example_latest_only.py took 0.211 seconds
[2024-11-25T06:41:36.466+0000] {processor.py:186} INFO - Started process (PID=15495) to work on /home/airflow/.local/lib/python3.12/site-packages/airflow/example_dags/example_latest_only.py
[2024-11-25T06:41:36.467+0000] {processor.py:914} INFO - Processing file /home/airflow/.local/lib/python3.12/site-packages/airflow/example_dags/example_latest_only.py for tasks to queue
[2024-11-25T06:41:36.473+0000] {logging_mixin.py:190} INFO - [2024-11-25T06:41:36.472+0000] {dagbag.py:588} INFO - Filling up the DagBag from /home/airflow/.local/lib/python3.12/site-packages/airflow/example_dags/example_latest_only.py
[2024-11-25T06:41:36.486+0000] {processor.py:925} INFO - DAG(s) 'latest_only' retrieved from /home/airflow/.local/lib/python3.12/site-packages/airflow/example_dags/example_latest_only.py
[2024-11-25T06:41:36.529+0000] {logging_mixin.py:190} INFO - [2024-11-25T06:41:36.528+0000] {dag.py:3239} INFO - Sync 1 DAGs
[2024-11-25T06:41:36.580+0000] {logging_mixin.py:190} INFO - [2024-11-25T06:41:36.579+0000] {dag.py:4180} INFO - Setting next_dagrun for latest_only to 2024-11-25 00:00:00+00:00, run_after=2024-11-25 04:00:00+00:00
[2024-11-25T06:41:36.631+0000] {processor.py:208} INFO - Processing /home/airflow/.local/lib/python3.12/site-packages/airflow/example_dags/example_latest_only.py took 0.178 seconds
[2024-11-25T06:42:07.747+0000] {processor.py:186} INFO - Started process (PID=15796) to work on /home/airflow/.local/lib/python3.12/site-packages/airflow/example_dags/example_latest_only.py
[2024-11-25T06:42:07.749+0000] {processor.py:914} INFO - Processing file /home/airflow/.local/lib/python3.12/site-packages/airflow/example_dags/example_latest_only.py for tasks to queue
[2024-11-25T06:42:07.753+0000] {logging_mixin.py:190} INFO - [2024-11-25T06:42:07.752+0000] {dagbag.py:588} INFO - Filling up the DagBag from /home/airflow/.local/lib/python3.12/site-packages/airflow/example_dags/example_latest_only.py
[2024-11-25T06:42:07.974+0000] {processor.py:925} INFO - DAG(s) 'latest_only' retrieved from /home/airflow/.local/lib/python3.12/site-packages/airflow/example_dags/example_latest_only.py
[2024-11-25T06:42:08.004+0000] {logging_mixin.py:190} INFO - [2024-11-25T06:42:08.004+0000] {dag.py:3239} INFO - Sync 1 DAGs
[2024-11-25T06:42:08.036+0000] {logging_mixin.py:190} INFO - [2024-11-25T06:42:08.036+0000] {dag.py:4180} INFO - Setting next_dagrun for latest_only to 2024-11-25 00:00:00+00:00, run_after=2024-11-25 04:00:00+00:00
[2024-11-25T06:42:08.056+0000] {processor.py:208} INFO - Processing /home/airflow/.local/lib/python3.12/site-packages/airflow/example_dags/example_latest_only.py took 0.319 seconds
[2024-11-25T06:42:38.692+0000] {processor.py:186} INFO - Started process (PID=16097) to work on /home/airflow/.local/lib/python3.12/site-packages/airflow/example_dags/example_latest_only.py
[2024-11-25T06:42:38.693+0000] {processor.py:914} INFO - Processing file /home/airflow/.local/lib/python3.12/site-packages/airflow/example_dags/example_latest_only.py for tasks to queue
[2024-11-25T06:42:38.696+0000] {logging_mixin.py:190} INFO - [2024-11-25T06:42:38.696+0000] {dagbag.py:588} INFO - Filling up the DagBag from /home/airflow/.local/lib/python3.12/site-packages/airflow/example_dags/example_latest_only.py
[2024-11-25T06:42:38.702+0000] {processor.py:925} INFO - DAG(s) 'latest_only' retrieved from /home/airflow/.local/lib/python3.12/site-packages/airflow/example_dags/example_latest_only.py
[2024-11-25T06:42:38.725+0000] {logging_mixin.py:190} INFO - [2024-11-25T06:42:38.725+0000] {dag.py:3239} INFO - Sync 1 DAGs
[2024-11-25T06:42:38.749+0000] {logging_mixin.py:190} INFO - [2024-11-25T06:42:38.749+0000] {dag.py:4180} INFO - Setting next_dagrun for latest_only to 2024-11-25 00:00:00+00:00, run_after=2024-11-25 04:00:00+00:00
[2024-11-25T06:42:38.774+0000] {processor.py:208} INFO - Processing /home/airflow/.local/lib/python3.12/site-packages/airflow/example_dags/example_latest_only.py took 0.087 seconds
[2024-11-25T06:43:08.904+0000] {processor.py:186} INFO - Started process (PID=16398) to work on /home/airflow/.local/lib/python3.12/site-packages/airflow/example_dags/example_latest_only.py
[2024-11-25T06:43:08.906+0000] {processor.py:914} INFO - Processing file /home/airflow/.local/lib/python3.12/site-packages/airflow/example_dags/example_latest_only.py for tasks to queue
[2024-11-25T06:43:08.910+0000] {logging_mixin.py:190} INFO - [2024-11-25T06:43:08.909+0000] {dagbag.py:588} INFO - Filling up the DagBag from /home/airflow/.local/lib/python3.12/site-packages/airflow/example_dags/example_latest_only.py
[2024-11-25T06:43:08.919+0000] {processor.py:925} INFO - DAG(s) 'latest_only' retrieved from /home/airflow/.local/lib/python3.12/site-packages/airflow/example_dags/example_latest_only.py
[2024-11-25T06:43:08.949+0000] {logging_mixin.py:190} INFO - [2024-11-25T06:43:08.948+0000] {dag.py:3239} INFO - Sync 1 DAGs
[2024-11-25T06:43:08.990+0000] {logging_mixin.py:190} INFO - [2024-11-25T06:43:08.990+0000] {dag.py:4180} INFO - Setting next_dagrun for latest_only to 2024-11-25 00:00:00+00:00, run_after=2024-11-25 04:00:00+00:00
[2024-11-25T06:43:09.025+0000] {processor.py:208} INFO - Processing /home/airflow/.local/lib/python3.12/site-packages/airflow/example_dags/example_latest_only.py took 0.130 seconds
[2024-11-25T06:43:39.560+0000] {processor.py:186} INFO - Started process (PID=16701) to work on /home/airflow/.local/lib/python3.12/site-packages/airflow/example_dags/example_latest_only.py
[2024-11-25T06:43:39.562+0000] {processor.py:914} INFO - Processing file /home/airflow/.local/lib/python3.12/site-packages/airflow/example_dags/example_latest_only.py for tasks to queue
[2024-11-25T06:43:39.567+0000] {logging_mixin.py:190} INFO - [2024-11-25T06:43:39.566+0000] {dagbag.py:588} INFO - Filling up the DagBag from /home/airflow/.local/lib/python3.12/site-packages/airflow/example_dags/example_latest_only.py
[2024-11-25T06:43:39.576+0000] {processor.py:925} INFO - DAG(s) 'latest_only' retrieved from /home/airflow/.local/lib/python3.12/site-packages/airflow/example_dags/example_latest_only.py
[2024-11-25T06:43:39.619+0000] {logging_mixin.py:190} INFO - [2024-11-25T06:43:39.619+0000] {dag.py:3239} INFO - Sync 1 DAGs
[2024-11-25T06:43:39.664+0000] {logging_mixin.py:190} INFO - [2024-11-25T06:43:39.663+0000] {dag.py:4180} INFO - Setting next_dagrun for latest_only to 2024-11-25 00:00:00+00:00, run_after=2024-11-25 04:00:00+00:00
[2024-11-25T06:43:39.697+0000] {processor.py:208} INFO - Processing /home/airflow/.local/lib/python3.12/site-packages/airflow/example_dags/example_latest_only.py took 0.144 seconds
