[2024-11-25T06:15:29.979+0000] {processor.py:186} INFO - Started process (PID=420) to work on /home/airflow/.local/lib/python3.12/site-packages/airflow/example_dags/example_dataset_alias.py
[2024-11-25T06:15:29.980+0000] {processor.py:914} INFO - Processing file /home/airflow/.local/lib/python3.12/site-packages/airflow/example_dags/example_dataset_alias.py for tasks to queue
[2024-11-25T06:15:29.985+0000] {logging_mixin.py:190} INFO - [2024-11-25T06:15:29.984+0000] {dagbag.py:588} INFO - Filling up the DagBag from /home/airflow/.local/lib/python3.12/site-packages/airflow/example_dags/example_dataset_alias.py
[2024-11-25T06:15:30.943+0000] {processor.py:925} INFO - DAG(s) 'dataset_alias_example_alias_consumer', 'dataset_alias_example_alias_producer', 'dataset_s3_bucket_producer', 'dataset_s3_bucket_consumer' retrieved from /home/airflow/.local/lib/python3.12/site-packages/airflow/example_dags/example_dataset_alias.py
[2024-11-25T06:15:30.965+0000] {logging_mixin.py:190} INFO - [2024-11-25T06:15:30.964+0000] {dag.py:3239} INFO - Sync 4 DAGs
[2024-11-25T06:15:30.993+0000] {logging_mixin.py:190} INFO - [2024-11-25T06:15:30.993+0000] {dag.py:4180} INFO - Setting next_dagrun for dataset_alias_example_alias_consumer to None, run_after=None
[2024-11-25T06:15:30.996+0000] {logging_mixin.py:190} INFO - [2024-11-25T06:15:30.996+0000] {dag.py:4180} INFO - Setting next_dagrun for dataset_alias_example_alias_producer to None, run_after=None
[2024-11-25T06:15:31.000+0000] {logging_mixin.py:190} INFO - [2024-11-25T06:15:31.000+0000] {dag.py:4180} INFO - Setting next_dagrun for dataset_s3_bucket_consumer to None, run_after=None
[2024-11-25T06:15:31.003+0000] {logging_mixin.py:190} INFO - [2024-11-25T06:15:31.003+0000] {dag.py:4180} INFO - Setting next_dagrun for dataset_s3_bucket_producer to None, run_after=None
[2024-11-25T06:15:31.037+0000] {processor.py:208} INFO - Processing /home/airflow/.local/lib/python3.12/site-packages/airflow/example_dags/example_dataset_alias.py took 1.066 seconds
[2024-11-25T06:16:01.094+0000] {processor.py:186} INFO - Started process (PID=743) to work on /home/airflow/.local/lib/python3.12/site-packages/airflow/example_dags/example_dataset_alias.py
[2024-11-25T06:16:01.096+0000] {processor.py:914} INFO - Processing file /home/airflow/.local/lib/python3.12/site-packages/airflow/example_dags/example_dataset_alias.py for tasks to queue
[2024-11-25T06:16:01.099+0000] {logging_mixin.py:190} INFO - [2024-11-25T06:16:01.098+0000] {dagbag.py:588} INFO - Filling up the DagBag from /home/airflow/.local/lib/python3.12/site-packages/airflow/example_dags/example_dataset_alias.py
[2024-11-25T06:16:01.845+0000] {processor.py:925} INFO - DAG(s) 'dataset_alias_example_alias_consumer', 'dataset_s3_bucket_producer', 'dataset_alias_example_alias_producer', 'dataset_s3_bucket_consumer' retrieved from /home/airflow/.local/lib/python3.12/site-packages/airflow/example_dags/example_dataset_alias.py
[2024-11-25T06:16:01.896+0000] {logging_mixin.py:190} INFO - [2024-11-25T06:16:01.894+0000] {dag.py:3239} INFO - Sync 4 DAGs
[2024-11-25T06:16:01.987+0000] {logging_mixin.py:190} INFO - [2024-11-25T06:16:01.986+0000] {dag.py:4180} INFO - Setting next_dagrun for dataset_alias_example_alias_consumer to None, run_after=None
[2024-11-25T06:16:01.996+0000] {logging_mixin.py:190} INFO - [2024-11-25T06:16:01.995+0000] {dag.py:4180} INFO - Setting next_dagrun for dataset_alias_example_alias_producer to None, run_after=None
[2024-11-25T06:16:02.012+0000] {logging_mixin.py:190} INFO - [2024-11-25T06:16:02.012+0000] {dag.py:4180} INFO - Setting next_dagrun for dataset_s3_bucket_consumer to None, run_after=None
[2024-11-25T06:16:02.016+0000] {logging_mixin.py:190} INFO - [2024-11-25T06:16:02.016+0000] {dag.py:4180} INFO - Setting next_dagrun for dataset_s3_bucket_producer to None, run_after=None
[2024-11-25T06:16:02.064+0000] {processor.py:208} INFO - Processing /home/airflow/.local/lib/python3.12/site-packages/airflow/example_dags/example_dataset_alias.py took 1.049 seconds
[2024-11-25T06:16:32.860+0000] {processor.py:186} INFO - Started process (PID=1050) to work on /home/airflow/.local/lib/python3.12/site-packages/airflow/example_dags/example_dataset_alias.py
[2024-11-25T06:16:32.863+0000] {processor.py:914} INFO - Processing file /home/airflow/.local/lib/python3.12/site-packages/airflow/example_dags/example_dataset_alias.py for tasks to queue
[2024-11-25T06:16:32.867+0000] {logging_mixin.py:190} INFO - [2024-11-25T06:16:32.867+0000] {dagbag.py:588} INFO - Filling up the DagBag from /home/airflow/.local/lib/python3.12/site-packages/airflow/example_dags/example_dataset_alias.py
[2024-11-25T06:16:33.615+0000] {processor.py:925} INFO - DAG(s) 'dataset_s3_bucket_producer', 'dataset_alias_example_alias_consumer', 'dataset_s3_bucket_consumer', 'dataset_alias_example_alias_producer' retrieved from /home/airflow/.local/lib/python3.12/site-packages/airflow/example_dags/example_dataset_alias.py
[2024-11-25T06:16:33.651+0000] {logging_mixin.py:190} INFO - [2024-11-25T06:16:33.650+0000] {dag.py:3239} INFO - Sync 4 DAGs
[2024-11-25T06:16:33.692+0000] {logging_mixin.py:190} INFO - [2024-11-25T06:16:33.691+0000] {dag.py:4180} INFO - Setting next_dagrun for dataset_alias_example_alias_consumer to None, run_after=None
[2024-11-25T06:16:33.696+0000] {logging_mixin.py:190} INFO - [2024-11-25T06:16:33.696+0000] {dag.py:4180} INFO - Setting next_dagrun for dataset_alias_example_alias_producer to None, run_after=None
[2024-11-25T06:16:33.701+0000] {logging_mixin.py:190} INFO - [2024-11-25T06:16:33.700+0000] {dag.py:4180} INFO - Setting next_dagrun for dataset_s3_bucket_consumer to None, run_after=None
[2024-11-25T06:16:33.704+0000] {logging_mixin.py:190} INFO - [2024-11-25T06:16:33.703+0000] {dag.py:4180} INFO - Setting next_dagrun for dataset_s3_bucket_producer to None, run_after=None
[2024-11-25T06:16:33.743+0000] {processor.py:208} INFO - Processing /home/airflow/.local/lib/python3.12/site-packages/airflow/example_dags/example_dataset_alias.py took 0.892 seconds
[2024-11-25T06:17:03.798+0000] {processor.py:186} INFO - Started process (PID=1376) to work on /home/airflow/.local/lib/python3.12/site-packages/airflow/example_dags/example_dataset_alias.py
[2024-11-25T06:17:03.799+0000] {processor.py:914} INFO - Processing file /home/airflow/.local/lib/python3.12/site-packages/airflow/example_dags/example_dataset_alias.py for tasks to queue
[2024-11-25T06:17:03.802+0000] {logging_mixin.py:190} INFO - [2024-11-25T06:17:03.801+0000] {dagbag.py:588} INFO - Filling up the DagBag from /home/airflow/.local/lib/python3.12/site-packages/airflow/example_dags/example_dataset_alias.py
[2024-11-25T06:17:04.338+0000] {processor.py:925} INFO - DAG(s) 'dataset_alias_example_alias_producer', 'dataset_alias_example_alias_consumer', 'dataset_s3_bucket_producer', 'dataset_s3_bucket_consumer' retrieved from /home/airflow/.local/lib/python3.12/site-packages/airflow/example_dags/example_dataset_alias.py
[2024-11-25T06:17:04.361+0000] {logging_mixin.py:190} INFO - [2024-11-25T06:17:04.360+0000] {dag.py:3239} INFO - Sync 4 DAGs
[2024-11-25T06:17:04.381+0000] {logging_mixin.py:190} INFO - [2024-11-25T06:17:04.381+0000] {dag.py:4180} INFO - Setting next_dagrun for dataset_alias_example_alias_consumer to None, run_after=None
[2024-11-25T06:17:04.385+0000] {logging_mixin.py:190} INFO - [2024-11-25T06:17:04.385+0000] {dag.py:4180} INFO - Setting next_dagrun for dataset_alias_example_alias_producer to None, run_after=None
[2024-11-25T06:17:04.387+0000] {logging_mixin.py:190} INFO - [2024-11-25T06:17:04.386+0000] {dag.py:4180} INFO - Setting next_dagrun for dataset_s3_bucket_consumer to None, run_after=None
[2024-11-25T06:17:04.388+0000] {logging_mixin.py:190} INFO - [2024-11-25T06:17:04.388+0000] {dag.py:4180} INFO - Setting next_dagrun for dataset_s3_bucket_producer to None, run_after=None
[2024-11-25T06:17:04.413+0000] {processor.py:208} INFO - Processing /home/airflow/.local/lib/python3.12/site-packages/airflow/example_dags/example_dataset_alias.py took 0.620 seconds
[2024-11-25T06:17:36.196+0000] {processor.py:186} INFO - Started process (PID=1669) to work on /home/airflow/.local/lib/python3.12/site-packages/airflow/example_dags/example_dataset_alias.py
[2024-11-25T06:17:36.198+0000] {processor.py:914} INFO - Processing file /home/airflow/.local/lib/python3.12/site-packages/airflow/example_dags/example_dataset_alias.py for tasks to queue
[2024-11-25T06:17:36.202+0000] {logging_mixin.py:190} INFO - [2024-11-25T06:17:36.202+0000] {dagbag.py:588} INFO - Filling up the DagBag from /home/airflow/.local/lib/python3.12/site-packages/airflow/example_dags/example_dataset_alias.py
[2024-11-25T06:17:36.854+0000] {processor.py:925} INFO - DAG(s) 'dataset_s3_bucket_consumer', 'dataset_s3_bucket_producer', 'dataset_alias_example_alias_producer', 'dataset_alias_example_alias_consumer' retrieved from /home/airflow/.local/lib/python3.12/site-packages/airflow/example_dags/example_dataset_alias.py
[2024-11-25T06:17:36.878+0000] {logging_mixin.py:190} INFO - [2024-11-25T06:17:36.877+0000] {dag.py:3239} INFO - Sync 4 DAGs
[2024-11-25T06:17:36.903+0000] {logging_mixin.py:190} INFO - [2024-11-25T06:17:36.903+0000] {dag.py:4180} INFO - Setting next_dagrun for dataset_alias_example_alias_consumer to None, run_after=None
[2024-11-25T06:17:36.906+0000] {logging_mixin.py:190} INFO - [2024-11-25T06:17:36.906+0000] {dag.py:4180} INFO - Setting next_dagrun for dataset_alias_example_alias_producer to None, run_after=None
[2024-11-25T06:17:36.909+0000] {logging_mixin.py:190} INFO - [2024-11-25T06:17:36.908+0000] {dag.py:4180} INFO - Setting next_dagrun for dataset_s3_bucket_consumer to None, run_after=None
[2024-11-25T06:17:36.910+0000] {logging_mixin.py:190} INFO - [2024-11-25T06:17:36.910+0000] {dag.py:4180} INFO - Setting next_dagrun for dataset_s3_bucket_producer to None, run_after=None
[2024-11-25T06:17:36.942+0000] {processor.py:208} INFO - Processing /home/airflow/.local/lib/python3.12/site-packages/airflow/example_dags/example_dataset_alias.py took 0.752 seconds
[2024-11-25T06:18:07.394+0000] {processor.py:186} INFO - Started process (PID=1978) to work on /home/airflow/.local/lib/python3.12/site-packages/airflow/example_dags/example_dataset_alias.py
[2024-11-25T06:18:07.395+0000] {processor.py:914} INFO - Processing file /home/airflow/.local/lib/python3.12/site-packages/airflow/example_dags/example_dataset_alias.py for tasks to queue
[2024-11-25T06:18:07.400+0000] {logging_mixin.py:190} INFO - [2024-11-25T06:18:07.399+0000] {dagbag.py:588} INFO - Filling up the DagBag from /home/airflow/.local/lib/python3.12/site-packages/airflow/example_dags/example_dataset_alias.py
[2024-11-25T06:18:08.191+0000] {processor.py:925} INFO - DAG(s) 'dataset_s3_bucket_producer', 'dataset_s3_bucket_consumer', 'dataset_alias_example_alias_producer', 'dataset_alias_example_alias_consumer' retrieved from /home/airflow/.local/lib/python3.12/site-packages/airflow/example_dags/example_dataset_alias.py
[2024-11-25T06:18:08.229+0000] {logging_mixin.py:190} INFO - [2024-11-25T06:18:08.228+0000] {dag.py:3239} INFO - Sync 4 DAGs
[2024-11-25T06:18:08.259+0000] {logging_mixin.py:190} INFO - [2024-11-25T06:18:08.258+0000] {dag.py:4180} INFO - Setting next_dagrun for dataset_alias_example_alias_consumer to None, run_after=None
[2024-11-25T06:18:08.262+0000] {logging_mixin.py:190} INFO - [2024-11-25T06:18:08.262+0000] {dag.py:4180} INFO - Setting next_dagrun for dataset_alias_example_alias_producer to None, run_after=None
[2024-11-25T06:18:08.264+0000] {logging_mixin.py:190} INFO - [2024-11-25T06:18:08.263+0000] {dag.py:4180} INFO - Setting next_dagrun for dataset_s3_bucket_consumer to None, run_after=None
[2024-11-25T06:18:08.265+0000] {logging_mixin.py:190} INFO - [2024-11-25T06:18:08.265+0000] {dag.py:4180} INFO - Setting next_dagrun for dataset_s3_bucket_producer to None, run_after=None
[2024-11-25T06:18:08.291+0000] {processor.py:208} INFO - Processing /home/airflow/.local/lib/python3.12/site-packages/airflow/example_dags/example_dataset_alias.py took 0.903 seconds
[2024-11-25T06:18:40.961+0000] {processor.py:186} INFO - Started process (PID=2239) to work on /home/airflow/.local/lib/python3.12/site-packages/airflow/example_dags/example_dataset_alias.py
[2024-11-25T06:18:40.965+0000] {processor.py:914} INFO - Processing file /home/airflow/.local/lib/python3.12/site-packages/airflow/example_dags/example_dataset_alias.py for tasks to queue
[2024-11-25T06:18:40.970+0000] {logging_mixin.py:190} INFO - [2024-11-25T06:18:40.970+0000] {dagbag.py:588} INFO - Filling up the DagBag from /home/airflow/.local/lib/python3.12/site-packages/airflow/example_dags/example_dataset_alias.py
[2024-11-25T06:18:42.595+0000] {processor.py:925} INFO - DAG(s) 'dataset_s3_bucket_consumer', 'dataset_s3_bucket_producer', 'dataset_alias_example_alias_consumer', 'dataset_alias_example_alias_producer' retrieved from /home/airflow/.local/lib/python3.12/site-packages/airflow/example_dags/example_dataset_alias.py
[2024-11-25T06:18:42.644+0000] {logging_mixin.py:190} INFO - [2024-11-25T06:18:42.642+0000] {dag.py:3239} INFO - Sync 4 DAGs
[2024-11-25T06:18:42.712+0000] {logging_mixin.py:190} INFO - [2024-11-25T06:18:42.709+0000] {dag.py:4180} INFO - Setting next_dagrun for dataset_alias_example_alias_consumer to None, run_after=None
[2024-11-25T06:18:42.726+0000] {logging_mixin.py:190} INFO - [2024-11-25T06:18:42.725+0000] {dag.py:4180} INFO - Setting next_dagrun for dataset_alias_example_alias_producer to None, run_after=None
[2024-11-25T06:18:42.731+0000] {logging_mixin.py:190} INFO - [2024-11-25T06:18:42.730+0000] {dag.py:4180} INFO - Setting next_dagrun for dataset_s3_bucket_consumer to None, run_after=None
[2024-11-25T06:18:42.736+0000] {logging_mixin.py:190} INFO - [2024-11-25T06:18:42.735+0000] {dag.py:4180} INFO - Setting next_dagrun for dataset_s3_bucket_producer to None, run_after=None
[2024-11-25T06:18:42.871+0000] {processor.py:208} INFO - Processing /home/airflow/.local/lib/python3.12/site-packages/airflow/example_dags/example_dataset_alias.py took 1.932 seconds
[2024-11-25T06:19:13.804+0000] {processor.py:186} INFO - Started process (PID=2567) to work on /home/airflow/.local/lib/python3.12/site-packages/airflow/example_dags/example_dataset_alias.py
[2024-11-25T06:19:13.810+0000] {processor.py:914} INFO - Processing file /home/airflow/.local/lib/python3.12/site-packages/airflow/example_dags/example_dataset_alias.py for tasks to queue
[2024-11-25T06:19:13.816+0000] {logging_mixin.py:190} INFO - [2024-11-25T06:19:13.815+0000] {dagbag.py:588} INFO - Filling up the DagBag from /home/airflow/.local/lib/python3.12/site-packages/airflow/example_dags/example_dataset_alias.py
[2024-11-25T06:19:14.686+0000] {processor.py:925} INFO - DAG(s) 'dataset_alias_example_alias_producer', 'dataset_s3_bucket_producer', 'dataset_alias_example_alias_consumer', 'dataset_s3_bucket_consumer' retrieved from /home/airflow/.local/lib/python3.12/site-packages/airflow/example_dags/example_dataset_alias.py
[2024-11-25T06:19:14.732+0000] {logging_mixin.py:190} INFO - [2024-11-25T06:19:14.731+0000] {dag.py:3239} INFO - Sync 4 DAGs
[2024-11-25T06:19:14.777+0000] {logging_mixin.py:190} INFO - [2024-11-25T06:19:14.777+0000] {dag.py:4180} INFO - Setting next_dagrun for dataset_alias_example_alias_consumer to None, run_after=None
[2024-11-25T06:19:14.781+0000] {logging_mixin.py:190} INFO - [2024-11-25T06:19:14.780+0000] {dag.py:4180} INFO - Setting next_dagrun for dataset_alias_example_alias_producer to None, run_after=None
[2024-11-25T06:19:14.784+0000] {logging_mixin.py:190} INFO - [2024-11-25T06:19:14.783+0000] {dag.py:4180} INFO - Setting next_dagrun for dataset_s3_bucket_consumer to None, run_after=None
[2024-11-25T06:19:14.786+0000] {logging_mixin.py:190} INFO - [2024-11-25T06:19:14.785+0000] {dag.py:4180} INFO - Setting next_dagrun for dataset_s3_bucket_producer to None, run_after=None
[2024-11-25T06:19:14.824+0000] {processor.py:208} INFO - Processing /home/airflow/.local/lib/python3.12/site-packages/airflow/example_dags/example_dataset_alias.py took 1.028 seconds
[2024-11-25T06:19:45.137+0000] {processor.py:186} INFO - Started process (PID=2891) to work on /home/airflow/.local/lib/python3.12/site-packages/airflow/example_dags/example_dataset_alias.py
[2024-11-25T06:19:45.138+0000] {processor.py:914} INFO - Processing file /home/airflow/.local/lib/python3.12/site-packages/airflow/example_dags/example_dataset_alias.py for tasks to queue
[2024-11-25T06:19:45.142+0000] {logging_mixin.py:190} INFO - [2024-11-25T06:19:45.142+0000] {dagbag.py:588} INFO - Filling up the DagBag from /home/airflow/.local/lib/python3.12/site-packages/airflow/example_dags/example_dataset_alias.py
[2024-11-25T06:19:45.854+0000] {processor.py:925} INFO - DAG(s) 'dataset_s3_bucket_consumer', 'dataset_s3_bucket_producer', 'dataset_alias_example_alias_producer', 'dataset_alias_example_alias_consumer' retrieved from /home/airflow/.local/lib/python3.12/site-packages/airflow/example_dags/example_dataset_alias.py
[2024-11-25T06:19:45.876+0000] {logging_mixin.py:190} INFO - [2024-11-25T06:19:45.876+0000] {dag.py:3239} INFO - Sync 4 DAGs
[2024-11-25T06:19:45.898+0000] {logging_mixin.py:190} INFO - [2024-11-25T06:19:45.898+0000] {dag.py:4180} INFO - Setting next_dagrun for dataset_alias_example_alias_consumer to None, run_after=None
[2024-11-25T06:19:45.901+0000] {logging_mixin.py:190} INFO - [2024-11-25T06:19:45.901+0000] {dag.py:4180} INFO - Setting next_dagrun for dataset_alias_example_alias_producer to None, run_after=None
[2024-11-25T06:19:45.902+0000] {logging_mixin.py:190} INFO - [2024-11-25T06:19:45.902+0000] {dag.py:4180} INFO - Setting next_dagrun for dataset_s3_bucket_consumer to None, run_after=None
[2024-11-25T06:19:45.904+0000] {logging_mixin.py:190} INFO - [2024-11-25T06:19:45.903+0000] {dag.py:4180} INFO - Setting next_dagrun for dataset_s3_bucket_producer to None, run_after=None
[2024-11-25T06:19:45.948+0000] {processor.py:208} INFO - Processing /home/airflow/.local/lib/python3.12/site-packages/airflow/example_dags/example_dataset_alias.py took 0.817 seconds
[2024-11-25T06:20:16.093+0000] {processor.py:186} INFO - Started process (PID=3217) to work on /home/airflow/.local/lib/python3.12/site-packages/airflow/example_dags/example_dataset_alias.py
[2024-11-25T06:20:16.094+0000] {processor.py:914} INFO - Processing file /home/airflow/.local/lib/python3.12/site-packages/airflow/example_dags/example_dataset_alias.py for tasks to queue
[2024-11-25T06:20:16.097+0000] {logging_mixin.py:190} INFO - [2024-11-25T06:20:16.097+0000] {dagbag.py:588} INFO - Filling up the DagBag from /home/airflow/.local/lib/python3.12/site-packages/airflow/example_dags/example_dataset_alias.py
[2024-11-25T06:20:16.670+0000] {processor.py:925} INFO - DAG(s) 'dataset_s3_bucket_consumer', 'dataset_alias_example_alias_consumer', 'dataset_alias_example_alias_producer', 'dataset_s3_bucket_producer' retrieved from /home/airflow/.local/lib/python3.12/site-packages/airflow/example_dags/example_dataset_alias.py
[2024-11-25T06:20:16.689+0000] {logging_mixin.py:190} INFO - [2024-11-25T06:20:16.689+0000] {dag.py:3239} INFO - Sync 4 DAGs
[2024-11-25T06:20:16.713+0000] {logging_mixin.py:190} INFO - [2024-11-25T06:20:16.712+0000] {dag.py:4180} INFO - Setting next_dagrun for dataset_alias_example_alias_consumer to None, run_after=None
[2024-11-25T06:20:16.717+0000] {logging_mixin.py:190} INFO - [2024-11-25T06:20:16.717+0000] {dag.py:4180} INFO - Setting next_dagrun for dataset_alias_example_alias_producer to None, run_after=None
[2024-11-25T06:20:16.719+0000] {logging_mixin.py:190} INFO - [2024-11-25T06:20:16.719+0000] {dag.py:4180} INFO - Setting next_dagrun for dataset_s3_bucket_consumer to None, run_after=None
[2024-11-25T06:20:16.720+0000] {logging_mixin.py:190} INFO - [2024-11-25T06:20:16.720+0000] {dag.py:4180} INFO - Setting next_dagrun for dataset_s3_bucket_producer to None, run_after=None
[2024-11-25T06:20:16.749+0000] {processor.py:208} INFO - Processing /home/airflow/.local/lib/python3.12/site-packages/airflow/example_dags/example_dataset_alias.py took 0.664 seconds
[2024-11-25T06:20:47.643+0000] {processor.py:186} INFO - Started process (PID=3520) to work on /home/airflow/.local/lib/python3.12/site-packages/airflow/example_dags/example_dataset_alias.py
[2024-11-25T06:20:47.644+0000] {processor.py:914} INFO - Processing file /home/airflow/.local/lib/python3.12/site-packages/airflow/example_dags/example_dataset_alias.py for tasks to queue
[2024-11-25T06:20:47.648+0000] {logging_mixin.py:190} INFO - [2024-11-25T06:20:47.647+0000] {dagbag.py:588} INFO - Filling up the DagBag from /home/airflow/.local/lib/python3.12/site-packages/airflow/example_dags/example_dataset_alias.py
[2024-11-25T06:20:48.254+0000] {processor.py:925} INFO - DAG(s) 'dataset_alias_example_alias_consumer', 'dataset_alias_example_alias_producer', 'dataset_s3_bucket_producer', 'dataset_s3_bucket_consumer' retrieved from /home/airflow/.local/lib/python3.12/site-packages/airflow/example_dags/example_dataset_alias.py
[2024-11-25T06:20:48.283+0000] {logging_mixin.py:190} INFO - [2024-11-25T06:20:48.281+0000] {dag.py:3239} INFO - Sync 4 DAGs
[2024-11-25T06:20:48.322+0000] {logging_mixin.py:190} INFO - [2024-11-25T06:20:48.321+0000] {dag.py:4180} INFO - Setting next_dagrun for dataset_alias_example_alias_consumer to None, run_after=None
[2024-11-25T06:20:48.326+0000] {logging_mixin.py:190} INFO - [2024-11-25T06:20:48.326+0000] {dag.py:4180} INFO - Setting next_dagrun for dataset_alias_example_alias_producer to None, run_after=None
[2024-11-25T06:20:48.329+0000] {logging_mixin.py:190} INFO - [2024-11-25T06:20:48.328+0000] {dag.py:4180} INFO - Setting next_dagrun for dataset_s3_bucket_consumer to None, run_after=None
[2024-11-25T06:20:48.331+0000] {logging_mixin.py:190} INFO - [2024-11-25T06:20:48.331+0000] {dag.py:4180} INFO - Setting next_dagrun for dataset_s3_bucket_producer to None, run_after=None
[2024-11-25T06:20:48.361+0000] {processor.py:208} INFO - Processing /home/airflow/.local/lib/python3.12/site-packages/airflow/example_dags/example_dataset_alias.py took 0.722 seconds
[2024-11-25T06:21:19.216+0000] {processor.py:186} INFO - Started process (PID=3821) to work on /home/airflow/.local/lib/python3.12/site-packages/airflow/example_dags/example_dataset_alias.py
[2024-11-25T06:21:19.217+0000] {processor.py:914} INFO - Processing file /home/airflow/.local/lib/python3.12/site-packages/airflow/example_dags/example_dataset_alias.py for tasks to queue
[2024-11-25T06:21:19.219+0000] {logging_mixin.py:190} INFO - [2024-11-25T06:21:19.218+0000] {dagbag.py:588} INFO - Filling up the DagBag from /home/airflow/.local/lib/python3.12/site-packages/airflow/example_dags/example_dataset_alias.py
[2024-11-25T06:21:19.823+0000] {processor.py:925} INFO - DAG(s) 'dataset_s3_bucket_consumer', 'dataset_alias_example_alias_producer', 'dataset_s3_bucket_producer', 'dataset_alias_example_alias_consumer' retrieved from /home/airflow/.local/lib/python3.12/site-packages/airflow/example_dags/example_dataset_alias.py
[2024-11-25T06:21:19.845+0000] {logging_mixin.py:190} INFO - [2024-11-25T06:21:19.845+0000] {dag.py:3239} INFO - Sync 4 DAGs
[2024-11-25T06:21:19.866+0000] {logging_mixin.py:190} INFO - [2024-11-25T06:21:19.866+0000] {dag.py:4180} INFO - Setting next_dagrun for dataset_alias_example_alias_consumer to None, run_after=None
[2024-11-25T06:21:19.869+0000] {logging_mixin.py:190} INFO - [2024-11-25T06:21:19.869+0000] {dag.py:4180} INFO - Setting next_dagrun for dataset_alias_example_alias_producer to None, run_after=None
[2024-11-25T06:21:19.871+0000] {logging_mixin.py:190} INFO - [2024-11-25T06:21:19.870+0000] {dag.py:4180} INFO - Setting next_dagrun for dataset_s3_bucket_consumer to None, run_after=None
[2024-11-25T06:21:19.872+0000] {logging_mixin.py:190} INFO - [2024-11-25T06:21:19.872+0000] {dag.py:4180} INFO - Setting next_dagrun for dataset_s3_bucket_producer to None, run_after=None
[2024-11-25T06:21:19.893+0000] {processor.py:208} INFO - Processing /home/airflow/.local/lib/python3.12/site-packages/airflow/example_dags/example_dataset_alias.py took 0.683 seconds
[2024-11-25T06:21:50.387+0000] {processor.py:186} INFO - Started process (PID=4122) to work on /home/airflow/.local/lib/python3.12/site-packages/airflow/example_dags/example_dataset_alias.py
[2024-11-25T06:21:50.388+0000] {processor.py:914} INFO - Processing file /home/airflow/.local/lib/python3.12/site-packages/airflow/example_dags/example_dataset_alias.py for tasks to queue
[2024-11-25T06:21:50.391+0000] {logging_mixin.py:190} INFO - [2024-11-25T06:21:50.390+0000] {dagbag.py:588} INFO - Filling up the DagBag from /home/airflow/.local/lib/python3.12/site-packages/airflow/example_dags/example_dataset_alias.py
[2024-11-25T06:21:51.315+0000] {processor.py:925} INFO - DAG(s) 'dataset_s3_bucket_producer', 'dataset_alias_example_alias_producer', 'dataset_s3_bucket_consumer', 'dataset_alias_example_alias_consumer' retrieved from /home/airflow/.local/lib/python3.12/site-packages/airflow/example_dags/example_dataset_alias.py
[2024-11-25T06:21:51.380+0000] {logging_mixin.py:190} INFO - [2024-11-25T06:21:51.374+0000] {dag.py:3239} INFO - Sync 4 DAGs
[2024-11-25T06:21:51.442+0000] {logging_mixin.py:190} INFO - [2024-11-25T06:21:51.441+0000] {dag.py:4180} INFO - Setting next_dagrun for dataset_alias_example_alias_consumer to None, run_after=None
[2024-11-25T06:21:51.447+0000] {logging_mixin.py:190} INFO - [2024-11-25T06:21:51.447+0000] {dag.py:4180} INFO - Setting next_dagrun for dataset_alias_example_alias_producer to None, run_after=None
[2024-11-25T06:21:51.449+0000] {logging_mixin.py:190} INFO - [2024-11-25T06:21:51.449+0000] {dag.py:4180} INFO - Setting next_dagrun for dataset_s3_bucket_consumer to None, run_after=None
[2024-11-25T06:21:51.451+0000] {logging_mixin.py:190} INFO - [2024-11-25T06:21:51.450+0000] {dag.py:4180} INFO - Setting next_dagrun for dataset_s3_bucket_producer to None, run_after=None
[2024-11-25T06:21:51.479+0000] {processor.py:208} INFO - Processing /home/airflow/.local/lib/python3.12/site-packages/airflow/example_dags/example_dataset_alias.py took 1.100 seconds
[2024-11-25T06:22:26.525+0000] {processor.py:186} INFO - Started process (PID=4346) to work on /home/airflow/.local/lib/python3.12/site-packages/airflow/example_dags/example_dataset_alias.py
[2024-11-25T06:22:26.535+0000] {processor.py:914} INFO - Processing file /home/airflow/.local/lib/python3.12/site-packages/airflow/example_dags/example_dataset_alias.py for tasks to queue
[2024-11-25T06:22:26.540+0000] {logging_mixin.py:190} INFO - [2024-11-25T06:22:26.539+0000] {dagbag.py:588} INFO - Filling up the DagBag from /home/airflow/.local/lib/python3.12/site-packages/airflow/example_dags/example_dataset_alias.py
[2024-11-25T06:22:27.501+0000] {processor.py:925} INFO - DAG(s) 'dataset_s3_bucket_consumer', 'dataset_s3_bucket_producer', 'dataset_alias_example_alias_producer', 'dataset_alias_example_alias_consumer' retrieved from /home/airflow/.local/lib/python3.12/site-packages/airflow/example_dags/example_dataset_alias.py
[2024-11-25T06:22:27.531+0000] {logging_mixin.py:190} INFO - [2024-11-25T06:22:27.531+0000] {dag.py:3239} INFO - Sync 4 DAGs
[2024-11-25T06:22:27.555+0000] {logging_mixin.py:190} INFO - [2024-11-25T06:22:27.555+0000] {dag.py:4180} INFO - Setting next_dagrun for dataset_alias_example_alias_consumer to None, run_after=None
[2024-11-25T06:22:27.558+0000] {logging_mixin.py:190} INFO - [2024-11-25T06:22:27.558+0000] {dag.py:4180} INFO - Setting next_dagrun for dataset_alias_example_alias_producer to None, run_after=None
[2024-11-25T06:22:27.560+0000] {logging_mixin.py:190} INFO - [2024-11-25T06:22:27.560+0000] {dag.py:4180} INFO - Setting next_dagrun for dataset_s3_bucket_consumer to None, run_after=None
[2024-11-25T06:22:27.562+0000] {logging_mixin.py:190} INFO - [2024-11-25T06:22:27.561+0000] {dag.py:4180} INFO - Setting next_dagrun for dataset_s3_bucket_producer to None, run_after=None
[2024-11-25T06:22:27.589+0000] {processor.py:208} INFO - Processing /home/airflow/.local/lib/python3.12/site-packages/airflow/example_dags/example_dataset_alias.py took 1.075 seconds
[2024-11-25T06:22:58.390+0000] {processor.py:186} INFO - Started process (PID=4649) to work on /home/airflow/.local/lib/python3.12/site-packages/airflow/example_dags/example_dataset_alias.py
[2024-11-25T06:22:58.395+0000] {processor.py:914} INFO - Processing file /home/airflow/.local/lib/python3.12/site-packages/airflow/example_dags/example_dataset_alias.py for tasks to queue
[2024-11-25T06:22:58.402+0000] {logging_mixin.py:190} INFO - [2024-11-25T06:22:58.401+0000] {dagbag.py:588} INFO - Filling up the DagBag from /home/airflow/.local/lib/python3.12/site-packages/airflow/example_dags/example_dataset_alias.py
[2024-11-25T06:22:59.779+0000] {processor.py:925} INFO - DAG(s) 'dataset_alias_example_alias_producer', 'dataset_alias_example_alias_consumer', 'dataset_s3_bucket_producer', 'dataset_s3_bucket_consumer' retrieved from /home/airflow/.local/lib/python3.12/site-packages/airflow/example_dags/example_dataset_alias.py
[2024-11-25T06:22:59.821+0000] {logging_mixin.py:190} INFO - [2024-11-25T06:22:59.821+0000] {dag.py:3239} INFO - Sync 4 DAGs
[2024-11-25T06:22:59.863+0000] {logging_mixin.py:190} INFO - [2024-11-25T06:22:59.863+0000] {dag.py:4180} INFO - Setting next_dagrun for dataset_alias_example_alias_consumer to None, run_after=None
[2024-11-25T06:22:59.867+0000] {logging_mixin.py:190} INFO - [2024-11-25T06:22:59.866+0000] {dag.py:4180} INFO - Setting next_dagrun for dataset_alias_example_alias_producer to None, run_after=None
[2024-11-25T06:22:59.870+0000] {logging_mixin.py:190} INFO - [2024-11-25T06:22:59.870+0000] {dag.py:4180} INFO - Setting next_dagrun for dataset_s3_bucket_consumer to None, run_after=None
[2024-11-25T06:22:59.872+0000] {logging_mixin.py:190} INFO - [2024-11-25T06:22:59.872+0000] {dag.py:4180} INFO - Setting next_dagrun for dataset_s3_bucket_producer to None, run_after=None
[2024-11-25T06:22:59.904+0000] {processor.py:208} INFO - Processing /home/airflow/.local/lib/python3.12/site-packages/airflow/example_dags/example_dataset_alias.py took 1.528 seconds
[2024-11-25T06:23:30.497+0000] {processor.py:186} INFO - Started process (PID=4970) to work on /home/airflow/.local/lib/python3.12/site-packages/airflow/example_dags/example_dataset_alias.py
[2024-11-25T06:23:30.498+0000] {processor.py:914} INFO - Processing file /home/airflow/.local/lib/python3.12/site-packages/airflow/example_dags/example_dataset_alias.py for tasks to queue
[2024-11-25T06:23:30.502+0000] {logging_mixin.py:190} INFO - [2024-11-25T06:23:30.501+0000] {dagbag.py:588} INFO - Filling up the DagBag from /home/airflow/.local/lib/python3.12/site-packages/airflow/example_dags/example_dataset_alias.py
[2024-11-25T06:23:31.107+0000] {processor.py:925} INFO - DAG(s) 'dataset_alias_example_alias_consumer', 'dataset_s3_bucket_consumer', 'dataset_alias_example_alias_producer', 'dataset_s3_bucket_producer' retrieved from /home/airflow/.local/lib/python3.12/site-packages/airflow/example_dags/example_dataset_alias.py
[2024-11-25T06:23:31.148+0000] {logging_mixin.py:190} INFO - [2024-11-25T06:23:31.148+0000] {dag.py:3239} INFO - Sync 4 DAGs
[2024-11-25T06:23:31.181+0000] {logging_mixin.py:190} INFO - [2024-11-25T06:23:31.181+0000] {dag.py:4180} INFO - Setting next_dagrun for dataset_alias_example_alias_consumer to None, run_after=None
[2024-11-25T06:23:31.185+0000] {logging_mixin.py:190} INFO - [2024-11-25T06:23:31.184+0000] {dag.py:4180} INFO - Setting next_dagrun for dataset_alias_example_alias_producer to None, run_after=None
[2024-11-25T06:23:31.187+0000] {logging_mixin.py:190} INFO - [2024-11-25T06:23:31.186+0000] {dag.py:4180} INFO - Setting next_dagrun for dataset_s3_bucket_consumer to None, run_after=None
[2024-11-25T06:23:31.189+0000] {logging_mixin.py:190} INFO - [2024-11-25T06:23:31.188+0000] {dag.py:4180} INFO - Setting next_dagrun for dataset_s3_bucket_producer to None, run_after=None
[2024-11-25T06:23:31.221+0000] {processor.py:208} INFO - Processing /home/airflow/.local/lib/python3.12/site-packages/airflow/example_dags/example_dataset_alias.py took 0.735 seconds
[2024-11-25T06:24:01.310+0000] {processor.py:186} INFO - Started process (PID=5296) to work on /home/airflow/.local/lib/python3.12/site-packages/airflow/example_dags/example_dataset_alias.py
[2024-11-25T06:24:01.311+0000] {processor.py:914} INFO - Processing file /home/airflow/.local/lib/python3.12/site-packages/airflow/example_dags/example_dataset_alias.py for tasks to queue
[2024-11-25T06:24:01.314+0000] {logging_mixin.py:190} INFO - [2024-11-25T06:24:01.313+0000] {dagbag.py:588} INFO - Filling up the DagBag from /home/airflow/.local/lib/python3.12/site-packages/airflow/example_dags/example_dataset_alias.py
[2024-11-25T06:24:02.058+0000] {processor.py:925} INFO - DAG(s) 'dataset_alias_example_alias_consumer', 'dataset_alias_example_alias_producer', 'dataset_s3_bucket_consumer', 'dataset_s3_bucket_producer' retrieved from /home/airflow/.local/lib/python3.12/site-packages/airflow/example_dags/example_dataset_alias.py
[2024-11-25T06:24:02.104+0000] {logging_mixin.py:190} INFO - [2024-11-25T06:24:02.103+0000] {dag.py:3239} INFO - Sync 4 DAGs
[2024-11-25T06:24:02.133+0000] {logging_mixin.py:190} INFO - [2024-11-25T06:24:02.133+0000] {dag.py:4180} INFO - Setting next_dagrun for dataset_alias_example_alias_consumer to None, run_after=None
[2024-11-25T06:24:02.136+0000] {logging_mixin.py:190} INFO - [2024-11-25T06:24:02.136+0000] {dag.py:4180} INFO - Setting next_dagrun for dataset_alias_example_alias_producer to None, run_after=None
[2024-11-25T06:24:02.138+0000] {logging_mixin.py:190} INFO - [2024-11-25T06:24:02.138+0000] {dag.py:4180} INFO - Setting next_dagrun for dataset_s3_bucket_consumer to None, run_after=None
[2024-11-25T06:24:02.140+0000] {logging_mixin.py:190} INFO - [2024-11-25T06:24:02.139+0000] {dag.py:4180} INFO - Setting next_dagrun for dataset_s3_bucket_producer to None, run_after=None
[2024-11-25T06:24:02.177+0000] {processor.py:208} INFO - Processing /home/airflow/.local/lib/python3.12/site-packages/airflow/example_dags/example_dataset_alias.py took 0.873 seconds
[2024-11-25T06:24:33.818+0000] {processor.py:186} INFO - Started process (PID=5625) to work on /home/airflow/.local/lib/python3.12/site-packages/airflow/example_dags/example_dataset_alias.py
[2024-11-25T06:24:33.820+0000] {processor.py:914} INFO - Processing file /home/airflow/.local/lib/python3.12/site-packages/airflow/example_dags/example_dataset_alias.py for tasks to queue
[2024-11-25T06:24:33.824+0000] {logging_mixin.py:190} INFO - [2024-11-25T06:24:33.824+0000] {dagbag.py:588} INFO - Filling up the DagBag from /home/airflow/.local/lib/python3.12/site-packages/airflow/example_dags/example_dataset_alias.py
[2024-11-25T06:24:34.616+0000] {processor.py:925} INFO - DAG(s) 'dataset_alias_example_alias_producer', 'dataset_s3_bucket_consumer', 'dataset_alias_example_alias_consumer', 'dataset_s3_bucket_producer' retrieved from /home/airflow/.local/lib/python3.12/site-packages/airflow/example_dags/example_dataset_alias.py
[2024-11-25T06:24:34.644+0000] {logging_mixin.py:190} INFO - [2024-11-25T06:24:34.644+0000] {dag.py:3239} INFO - Sync 4 DAGs
[2024-11-25T06:24:34.675+0000] {logging_mixin.py:190} INFO - [2024-11-25T06:24:34.675+0000] {dag.py:4180} INFO - Setting next_dagrun for dataset_alias_example_alias_consumer to None, run_after=None
[2024-11-25T06:24:34.679+0000] {logging_mixin.py:190} INFO - [2024-11-25T06:24:34.678+0000] {dag.py:4180} INFO - Setting next_dagrun for dataset_alias_example_alias_producer to None, run_after=None
[2024-11-25T06:24:34.680+0000] {logging_mixin.py:190} INFO - [2024-11-25T06:24:34.680+0000] {dag.py:4180} INFO - Setting next_dagrun for dataset_s3_bucket_consumer to None, run_after=None
[2024-11-25T06:24:34.682+0000] {logging_mixin.py:190} INFO - [2024-11-25T06:24:34.682+0000] {dag.py:4180} INFO - Setting next_dagrun for dataset_s3_bucket_producer to None, run_after=None
[2024-11-25T06:24:34.707+0000] {processor.py:208} INFO - Processing /home/airflow/.local/lib/python3.12/site-packages/airflow/example_dags/example_dataset_alias.py took 0.903 seconds
[2024-11-25T06:25:06.216+0000] {processor.py:186} INFO - Started process (PID=5957) to work on /home/airflow/.local/lib/python3.12/site-packages/airflow/example_dags/example_dataset_alias.py
[2024-11-25T06:25:06.217+0000] {processor.py:914} INFO - Processing file /home/airflow/.local/lib/python3.12/site-packages/airflow/example_dags/example_dataset_alias.py for tasks to queue
[2024-11-25T06:25:06.220+0000] {logging_mixin.py:190} INFO - [2024-11-25T06:25:06.219+0000] {dagbag.py:588} INFO - Filling up the DagBag from /home/airflow/.local/lib/python3.12/site-packages/airflow/example_dags/example_dataset_alias.py
[2024-11-25T06:25:07.016+0000] {processor.py:925} INFO - DAG(s) 'dataset_alias_example_alias_producer', 'dataset_alias_example_alias_consumer', 'dataset_s3_bucket_producer', 'dataset_s3_bucket_consumer' retrieved from /home/airflow/.local/lib/python3.12/site-packages/airflow/example_dags/example_dataset_alias.py
[2024-11-25T06:25:07.035+0000] {logging_mixin.py:190} INFO - [2024-11-25T06:25:07.035+0000] {dag.py:3239} INFO - Sync 4 DAGs
[2024-11-25T06:25:07.057+0000] {logging_mixin.py:190} INFO - [2024-11-25T06:25:07.056+0000] {dag.py:4180} INFO - Setting next_dagrun for dataset_alias_example_alias_consumer to None, run_after=None
[2024-11-25T06:25:07.059+0000] {logging_mixin.py:190} INFO - [2024-11-25T06:25:07.059+0000] {dag.py:4180} INFO - Setting next_dagrun for dataset_alias_example_alias_producer to None, run_after=None
[2024-11-25T06:25:07.061+0000] {logging_mixin.py:190} INFO - [2024-11-25T06:25:07.061+0000] {dag.py:4180} INFO - Setting next_dagrun for dataset_s3_bucket_consumer to None, run_after=None
[2024-11-25T06:25:07.063+0000] {logging_mixin.py:190} INFO - [2024-11-25T06:25:07.063+0000] {dag.py:4180} INFO - Setting next_dagrun for dataset_s3_bucket_producer to None, run_after=None
[2024-11-25T06:25:07.082+0000] {processor.py:208} INFO - Processing /home/airflow/.local/lib/python3.12/site-packages/airflow/example_dags/example_dataset_alias.py took 0.873 seconds
[2024-11-25T06:25:37.841+0000] {processor.py:186} INFO - Started process (PID=6260) to work on /home/airflow/.local/lib/python3.12/site-packages/airflow/example_dags/example_dataset_alias.py
[2024-11-25T06:25:37.842+0000] {processor.py:914} INFO - Processing file /home/airflow/.local/lib/python3.12/site-packages/airflow/example_dags/example_dataset_alias.py for tasks to queue
[2024-11-25T06:25:37.845+0000] {logging_mixin.py:190} INFO - [2024-11-25T06:25:37.844+0000] {dagbag.py:588} INFO - Filling up the DagBag from /home/airflow/.local/lib/python3.12/site-packages/airflow/example_dags/example_dataset_alias.py
[2024-11-25T06:25:38.533+0000] {processor.py:925} INFO - DAG(s) 'dataset_alias_example_alias_consumer', 'dataset_alias_example_alias_producer', 'dataset_s3_bucket_producer', 'dataset_s3_bucket_consumer' retrieved from /home/airflow/.local/lib/python3.12/site-packages/airflow/example_dags/example_dataset_alias.py
[2024-11-25T06:25:38.564+0000] {logging_mixin.py:190} INFO - [2024-11-25T06:25:38.563+0000] {dag.py:3239} INFO - Sync 4 DAGs
[2024-11-25T06:25:38.601+0000] {logging_mixin.py:190} INFO - [2024-11-25T06:25:38.601+0000] {dag.py:4180} INFO - Setting next_dagrun for dataset_alias_example_alias_consumer to None, run_after=None
[2024-11-25T06:25:38.605+0000] {logging_mixin.py:190} INFO - [2024-11-25T06:25:38.605+0000] {dag.py:4180} INFO - Setting next_dagrun for dataset_alias_example_alias_producer to None, run_after=None
[2024-11-25T06:25:38.607+0000] {logging_mixin.py:190} INFO - [2024-11-25T06:25:38.607+0000] {dag.py:4180} INFO - Setting next_dagrun for dataset_s3_bucket_consumer to None, run_after=None
[2024-11-25T06:25:38.609+0000] {logging_mixin.py:190} INFO - [2024-11-25T06:25:38.609+0000] {dag.py:4180} INFO - Setting next_dagrun for dataset_s3_bucket_producer to None, run_after=None
[2024-11-25T06:25:38.630+0000] {processor.py:208} INFO - Processing /home/airflow/.local/lib/python3.12/site-packages/airflow/example_dags/example_dataset_alias.py took 0.795 seconds
[2024-11-25T06:26:09.969+0000] {processor.py:186} INFO - Started process (PID=6564) to work on /home/airflow/.local/lib/python3.12/site-packages/airflow/example_dags/example_dataset_alias.py
[2024-11-25T06:26:09.970+0000] {processor.py:914} INFO - Processing file /home/airflow/.local/lib/python3.12/site-packages/airflow/example_dags/example_dataset_alias.py for tasks to queue
[2024-11-25T06:26:09.973+0000] {logging_mixin.py:190} INFO - [2024-11-25T06:26:09.972+0000] {dagbag.py:588} INFO - Filling up the DagBag from /home/airflow/.local/lib/python3.12/site-packages/airflow/example_dags/example_dataset_alias.py
[2024-11-25T06:26:10.712+0000] {processor.py:925} INFO - DAG(s) 'dataset_alias_example_alias_producer', 'dataset_alias_example_alias_consumer', 'dataset_s3_bucket_producer', 'dataset_s3_bucket_consumer' retrieved from /home/airflow/.local/lib/python3.12/site-packages/airflow/example_dags/example_dataset_alias.py
[2024-11-25T06:26:10.744+0000] {logging_mixin.py:190} INFO - [2024-11-25T06:26:10.743+0000] {dag.py:3239} INFO - Sync 4 DAGs
[2024-11-25T06:26:10.776+0000] {logging_mixin.py:190} INFO - [2024-11-25T06:26:10.775+0000] {dag.py:4180} INFO - Setting next_dagrun for dataset_alias_example_alias_consumer to None, run_after=None
[2024-11-25T06:26:10.782+0000] {logging_mixin.py:190} INFO - [2024-11-25T06:26:10.781+0000] {dag.py:4180} INFO - Setting next_dagrun for dataset_alias_example_alias_producer to None, run_after=None
[2024-11-25T06:26:10.785+0000] {logging_mixin.py:190} INFO - [2024-11-25T06:26:10.784+0000] {dag.py:4180} INFO - Setting next_dagrun for dataset_s3_bucket_consumer to None, run_after=None
[2024-11-25T06:26:10.788+0000] {logging_mixin.py:190} INFO - [2024-11-25T06:26:10.787+0000] {dag.py:4180} INFO - Setting next_dagrun for dataset_s3_bucket_producer to None, run_after=None
[2024-11-25T06:26:10.823+0000] {processor.py:208} INFO - Processing /home/airflow/.local/lib/python3.12/site-packages/airflow/example_dags/example_dataset_alias.py took 0.860 seconds
[2024-11-25T06:26:48.290+0000] {processor.py:186} INFO - Started process (PID=6873) to work on /home/airflow/.local/lib/python3.12/site-packages/airflow/example_dags/example_dataset_alias.py
[2024-11-25T06:26:48.306+0000] {processor.py:914} INFO - Processing file /home/airflow/.local/lib/python3.12/site-packages/airflow/example_dags/example_dataset_alias.py for tasks to queue
[2024-11-25T06:26:48.375+0000] {logging_mixin.py:190} INFO - [2024-11-25T06:26:48.374+0000] {dagbag.py:588} INFO - Filling up the DagBag from /home/airflow/.local/lib/python3.12/site-packages/airflow/example_dags/example_dataset_alias.py
[2024-11-25T06:26:55.231+0000] {processor.py:925} INFO - DAG(s) 'dataset_s3_bucket_producer', 'dataset_s3_bucket_consumer', 'dataset_alias_example_alias_consumer', 'dataset_alias_example_alias_producer' retrieved from /home/airflow/.local/lib/python3.12/site-packages/airflow/example_dags/example_dataset_alias.py
[2024-11-25T06:26:55.439+0000] {logging_mixin.py:190} INFO - [2024-11-25T06:26:55.436+0000] {dag.py:3239} INFO - Sync 4 DAGs
[2024-11-25T06:26:55.632+0000] {logging_mixin.py:190} INFO - [2024-11-25T06:26:55.631+0000] {dag.py:4180} INFO - Setting next_dagrun for dataset_alias_example_alias_consumer to None, run_after=None
[2024-11-25T06:26:55.652+0000] {logging_mixin.py:190} INFO - [2024-11-25T06:26:55.651+0000] {dag.py:4180} INFO - Setting next_dagrun for dataset_alias_example_alias_producer to None, run_after=None
[2024-11-25T06:26:55.679+0000] {logging_mixin.py:190} INFO - [2024-11-25T06:26:55.668+0000] {dag.py:4180} INFO - Setting next_dagrun for dataset_s3_bucket_consumer to None, run_after=None
[2024-11-25T06:26:55.724+0000] {logging_mixin.py:190} INFO - [2024-11-25T06:26:55.723+0000] {dag.py:4180} INFO - Setting next_dagrun for dataset_s3_bucket_producer to None, run_after=None
[2024-11-25T06:26:56.040+0000] {processor.py:208} INFO - Processing /home/airflow/.local/lib/python3.12/site-packages/airflow/example_dags/example_dataset_alias.py took 7.784 seconds
[2024-11-25T06:27:26.762+0000] {processor.py:186} INFO - Started process (PID=7196) to work on /home/airflow/.local/lib/python3.12/site-packages/airflow/example_dags/example_dataset_alias.py
[2024-11-25T06:27:26.772+0000] {processor.py:914} INFO - Processing file /home/airflow/.local/lib/python3.12/site-packages/airflow/example_dags/example_dataset_alias.py for tasks to queue
[2024-11-25T06:27:26.778+0000] {logging_mixin.py:190} INFO - [2024-11-25T06:27:26.778+0000] {dagbag.py:588} INFO - Filling up the DagBag from /home/airflow/.local/lib/python3.12/site-packages/airflow/example_dags/example_dataset_alias.py
[2024-11-25T06:27:28.539+0000] {processor.py:925} INFO - DAG(s) 'dataset_alias_example_alias_producer', 'dataset_s3_bucket_producer', 'dataset_s3_bucket_consumer', 'dataset_alias_example_alias_consumer' retrieved from /home/airflow/.local/lib/python3.12/site-packages/airflow/example_dags/example_dataset_alias.py
[2024-11-25T06:27:28.722+0000] {logging_mixin.py:190} INFO - [2024-11-25T06:27:28.716+0000] {dag.py:3239} INFO - Sync 4 DAGs
[2024-11-25T06:27:28.859+0000] {logging_mixin.py:190} INFO - [2024-11-25T06:27:28.859+0000] {dag.py:4180} INFO - Setting next_dagrun for dataset_alias_example_alias_consumer to None, run_after=None
[2024-11-25T06:27:28.867+0000] {logging_mixin.py:190} INFO - [2024-11-25T06:27:28.867+0000] {dag.py:4180} INFO - Setting next_dagrun for dataset_alias_example_alias_producer to None, run_after=None
[2024-11-25T06:27:28.882+0000] {logging_mixin.py:190} INFO - [2024-11-25T06:27:28.880+0000] {dag.py:4180} INFO - Setting next_dagrun for dataset_s3_bucket_consumer to None, run_after=None
[2024-11-25T06:27:28.897+0000] {logging_mixin.py:190} INFO - [2024-11-25T06:27:28.897+0000] {dag.py:4180} INFO - Setting next_dagrun for dataset_s3_bucket_producer to None, run_after=None
[2024-11-25T06:27:28.990+0000] {processor.py:208} INFO - Processing /home/airflow/.local/lib/python3.12/site-packages/airflow/example_dags/example_dataset_alias.py took 2.248 seconds
[2024-11-25T06:27:59.099+0000] {processor.py:186} INFO - Started process (PID=7507) to work on /home/airflow/.local/lib/python3.12/site-packages/airflow/example_dags/example_dataset_alias.py
[2024-11-25T06:27:59.100+0000] {processor.py:914} INFO - Processing file /home/airflow/.local/lib/python3.12/site-packages/airflow/example_dags/example_dataset_alias.py for tasks to queue
[2024-11-25T06:27:59.103+0000] {logging_mixin.py:190} INFO - [2024-11-25T06:27:59.102+0000] {dagbag.py:588} INFO - Filling up the DagBag from /home/airflow/.local/lib/python3.12/site-packages/airflow/example_dags/example_dataset_alias.py
[2024-11-25T06:27:59.591+0000] {processor.py:925} INFO - DAG(s) 'dataset_s3_bucket_consumer', 'dataset_s3_bucket_producer', 'dataset_alias_example_alias_producer', 'dataset_alias_example_alias_consumer' retrieved from /home/airflow/.local/lib/python3.12/site-packages/airflow/example_dags/example_dataset_alias.py
[2024-11-25T06:27:59.610+0000] {logging_mixin.py:190} INFO - [2024-11-25T06:27:59.610+0000] {dag.py:3239} INFO - Sync 4 DAGs
[2024-11-25T06:27:59.640+0000] {logging_mixin.py:190} INFO - [2024-11-25T06:27:59.640+0000] {dag.py:4180} INFO - Setting next_dagrun for dataset_alias_example_alias_consumer to None, run_after=None
[2024-11-25T06:27:59.644+0000] {logging_mixin.py:190} INFO - [2024-11-25T06:27:59.644+0000] {dag.py:4180} INFO - Setting next_dagrun for dataset_alias_example_alias_producer to None, run_after=None
[2024-11-25T06:27:59.646+0000] {logging_mixin.py:190} INFO - [2024-11-25T06:27:59.646+0000] {dag.py:4180} INFO - Setting next_dagrun for dataset_s3_bucket_consumer to None, run_after=None
[2024-11-25T06:27:59.648+0000] {logging_mixin.py:190} INFO - [2024-11-25T06:27:59.648+0000] {dag.py:4180} INFO - Setting next_dagrun for dataset_s3_bucket_producer to None, run_after=None
[2024-11-25T06:27:59.672+0000] {processor.py:208} INFO - Processing /home/airflow/.local/lib/python3.12/site-packages/airflow/example_dags/example_dataset_alias.py took 0.646 seconds
[2024-11-25T06:28:29.926+0000] {processor.py:186} INFO - Started process (PID=7808) to work on /home/airflow/.local/lib/python3.12/site-packages/airflow/example_dags/example_dataset_alias.py
[2024-11-25T06:28:29.927+0000] {processor.py:914} INFO - Processing file /home/airflow/.local/lib/python3.12/site-packages/airflow/example_dags/example_dataset_alias.py for tasks to queue
[2024-11-25T06:28:29.930+0000] {logging_mixin.py:190} INFO - [2024-11-25T06:28:29.930+0000] {dagbag.py:588} INFO - Filling up the DagBag from /home/airflow/.local/lib/python3.12/site-packages/airflow/example_dags/example_dataset_alias.py
[2024-11-25T06:28:30.998+0000] {processor.py:925} INFO - DAG(s) 'dataset_alias_example_alias_consumer', 'dataset_s3_bucket_consumer', 'dataset_s3_bucket_producer', 'dataset_alias_example_alias_producer' retrieved from /home/airflow/.local/lib/python3.12/site-packages/airflow/example_dags/example_dataset_alias.py
[2024-11-25T06:28:31.025+0000] {logging_mixin.py:190} INFO - [2024-11-25T06:28:31.024+0000] {dag.py:3239} INFO - Sync 4 DAGs
[2024-11-25T06:28:31.047+0000] {logging_mixin.py:190} INFO - [2024-11-25T06:28:31.047+0000] {dag.py:4180} INFO - Setting next_dagrun for dataset_alias_example_alias_consumer to None, run_after=None
[2024-11-25T06:28:31.051+0000] {logging_mixin.py:190} INFO - [2024-11-25T06:28:31.051+0000] {dag.py:4180} INFO - Setting next_dagrun for dataset_alias_example_alias_producer to None, run_after=None
[2024-11-25T06:28:31.053+0000] {logging_mixin.py:190} INFO - [2024-11-25T06:28:31.052+0000] {dag.py:4180} INFO - Setting next_dagrun for dataset_s3_bucket_consumer to None, run_after=None
[2024-11-25T06:28:31.054+0000] {logging_mixin.py:190} INFO - [2024-11-25T06:28:31.054+0000] {dag.py:4180} INFO - Setting next_dagrun for dataset_s3_bucket_producer to None, run_after=None
[2024-11-25T06:28:31.078+0000] {processor.py:208} INFO - Processing /home/airflow/.local/lib/python3.12/site-packages/airflow/example_dags/example_dataset_alias.py took 1.160 seconds
[2024-11-25T06:29:01.556+0000] {processor.py:186} INFO - Started process (PID=8129) to work on /home/airflow/.local/lib/python3.12/site-packages/airflow/example_dags/example_dataset_alias.py
[2024-11-25T06:29:01.557+0000] {processor.py:914} INFO - Processing file /home/airflow/.local/lib/python3.12/site-packages/airflow/example_dags/example_dataset_alias.py for tasks to queue
[2024-11-25T06:29:01.560+0000] {logging_mixin.py:190} INFO - [2024-11-25T06:29:01.559+0000] {dagbag.py:588} INFO - Filling up the DagBag from /home/airflow/.local/lib/python3.12/site-packages/airflow/example_dags/example_dataset_alias.py
[2024-11-25T06:29:02.137+0000] {processor.py:925} INFO - DAG(s) 'dataset_s3_bucket_producer', 'dataset_alias_example_alias_consumer', 'dataset_s3_bucket_consumer', 'dataset_alias_example_alias_producer' retrieved from /home/airflow/.local/lib/python3.12/site-packages/airflow/example_dags/example_dataset_alias.py
[2024-11-25T06:29:02.161+0000] {logging_mixin.py:190} INFO - [2024-11-25T06:29:02.160+0000] {dag.py:3239} INFO - Sync 4 DAGs
[2024-11-25T06:29:02.187+0000] {logging_mixin.py:190} INFO - [2024-11-25T06:29:02.187+0000] {dag.py:4180} INFO - Setting next_dagrun for dataset_alias_example_alias_consumer to None, run_after=None
[2024-11-25T06:29:02.190+0000] {logging_mixin.py:190} INFO - [2024-11-25T06:29:02.190+0000] {dag.py:4180} INFO - Setting next_dagrun for dataset_alias_example_alias_producer to None, run_after=None
[2024-11-25T06:29:02.191+0000] {logging_mixin.py:190} INFO - [2024-11-25T06:29:02.191+0000] {dag.py:4180} INFO - Setting next_dagrun for dataset_s3_bucket_consumer to None, run_after=None
[2024-11-25T06:29:02.193+0000] {logging_mixin.py:190} INFO - [2024-11-25T06:29:02.193+0000] {dag.py:4180} INFO - Setting next_dagrun for dataset_s3_bucket_producer to None, run_after=None
[2024-11-25T06:29:02.214+0000] {processor.py:208} INFO - Processing /home/airflow/.local/lib/python3.12/site-packages/airflow/example_dags/example_dataset_alias.py took 0.664 seconds
[2024-11-25T06:29:33.130+0000] {processor.py:186} INFO - Started process (PID=8430) to work on /home/airflow/.local/lib/python3.12/site-packages/airflow/example_dags/example_dataset_alias.py
[2024-11-25T06:29:33.132+0000] {processor.py:914} INFO - Processing file /home/airflow/.local/lib/python3.12/site-packages/airflow/example_dags/example_dataset_alias.py for tasks to queue
[2024-11-25T06:29:33.134+0000] {logging_mixin.py:190} INFO - [2024-11-25T06:29:33.134+0000] {dagbag.py:588} INFO - Filling up the DagBag from /home/airflow/.local/lib/python3.12/site-packages/airflow/example_dags/example_dataset_alias.py
[2024-11-25T06:29:33.791+0000] {processor.py:925} INFO - DAG(s) 'dataset_alias_example_alias_producer', 'dataset_s3_bucket_consumer', 'dataset_s3_bucket_producer', 'dataset_alias_example_alias_consumer' retrieved from /home/airflow/.local/lib/python3.12/site-packages/airflow/example_dags/example_dataset_alias.py
[2024-11-25T06:29:33.811+0000] {logging_mixin.py:190} INFO - [2024-11-25T06:29:33.811+0000] {dag.py:3239} INFO - Sync 4 DAGs
[2024-11-25T06:29:33.835+0000] {logging_mixin.py:190} INFO - [2024-11-25T06:29:33.835+0000] {dag.py:4180} INFO - Setting next_dagrun for dataset_alias_example_alias_consumer to None, run_after=None
[2024-11-25T06:29:33.838+0000] {logging_mixin.py:190} INFO - [2024-11-25T06:29:33.838+0000] {dag.py:4180} INFO - Setting next_dagrun for dataset_alias_example_alias_producer to None, run_after=None
[2024-11-25T06:29:33.840+0000] {logging_mixin.py:190} INFO - [2024-11-25T06:29:33.840+0000] {dag.py:4180} INFO - Setting next_dagrun for dataset_s3_bucket_consumer to None, run_after=None
[2024-11-25T06:29:33.842+0000] {logging_mixin.py:190} INFO - [2024-11-25T06:29:33.841+0000] {dag.py:4180} INFO - Setting next_dagrun for dataset_s3_bucket_producer to None, run_after=None
[2024-11-25T06:29:33.864+0000] {processor.py:208} INFO - Processing /home/airflow/.local/lib/python3.12/site-packages/airflow/example_dags/example_dataset_alias.py took 0.739 seconds
[2024-11-25T06:30:04.516+0000] {processor.py:186} INFO - Started process (PID=8731) to work on /home/airflow/.local/lib/python3.12/site-packages/airflow/example_dags/example_dataset_alias.py
[2024-11-25T06:30:04.518+0000] {processor.py:914} INFO - Processing file /home/airflow/.local/lib/python3.12/site-packages/airflow/example_dags/example_dataset_alias.py for tasks to queue
[2024-11-25T06:30:04.522+0000] {logging_mixin.py:190} INFO - [2024-11-25T06:30:04.521+0000] {dagbag.py:588} INFO - Filling up the DagBag from /home/airflow/.local/lib/python3.12/site-packages/airflow/example_dags/example_dataset_alias.py
[2024-11-25T06:30:05.062+0000] {processor.py:925} INFO - DAG(s) 'dataset_alias_example_alias_producer', 'dataset_s3_bucket_consumer', 'dataset_s3_bucket_producer', 'dataset_alias_example_alias_consumer' retrieved from /home/airflow/.local/lib/python3.12/site-packages/airflow/example_dags/example_dataset_alias.py
[2024-11-25T06:30:05.080+0000] {logging_mixin.py:190} INFO - [2024-11-25T06:30:05.080+0000] {dag.py:3239} INFO - Sync 4 DAGs
[2024-11-25T06:30:05.101+0000] {logging_mixin.py:190} INFO - [2024-11-25T06:30:05.101+0000] {dag.py:4180} INFO - Setting next_dagrun for dataset_alias_example_alias_consumer to None, run_after=None
[2024-11-25T06:30:05.103+0000] {logging_mixin.py:190} INFO - [2024-11-25T06:30:05.103+0000] {dag.py:4180} INFO - Setting next_dagrun for dataset_alias_example_alias_producer to None, run_after=None
[2024-11-25T06:30:05.105+0000] {logging_mixin.py:190} INFO - [2024-11-25T06:30:05.105+0000] {dag.py:4180} INFO - Setting next_dagrun for dataset_s3_bucket_consumer to None, run_after=None
[2024-11-25T06:30:05.106+0000] {logging_mixin.py:190} INFO - [2024-11-25T06:30:05.106+0000] {dag.py:4180} INFO - Setting next_dagrun for dataset_s3_bucket_producer to None, run_after=None
[2024-11-25T06:30:05.125+0000] {processor.py:208} INFO - Processing /home/airflow/.local/lib/python3.12/site-packages/airflow/example_dags/example_dataset_alias.py took 0.616 seconds
[2024-11-25T06:30:35.870+0000] {processor.py:186} INFO - Started process (PID=9038) to work on /home/airflow/.local/lib/python3.12/site-packages/airflow/example_dags/example_dataset_alias.py
[2024-11-25T06:30:35.871+0000] {processor.py:914} INFO - Processing file /home/airflow/.local/lib/python3.12/site-packages/airflow/example_dags/example_dataset_alias.py for tasks to queue
[2024-11-25T06:30:35.874+0000] {logging_mixin.py:190} INFO - [2024-11-25T06:30:35.874+0000] {dagbag.py:588} INFO - Filling up the DagBag from /home/airflow/.local/lib/python3.12/site-packages/airflow/example_dags/example_dataset_alias.py
[2024-11-25T06:30:36.876+0000] {processor.py:925} INFO - DAG(s) 'dataset_alias_example_alias_consumer', 'dataset_alias_example_alias_producer', 'dataset_s3_bucket_producer', 'dataset_s3_bucket_consumer' retrieved from /home/airflow/.local/lib/python3.12/site-packages/airflow/example_dags/example_dataset_alias.py
[2024-11-25T06:30:36.897+0000] {logging_mixin.py:190} INFO - [2024-11-25T06:30:36.897+0000] {dag.py:3239} INFO - Sync 4 DAGs
[2024-11-25T06:30:36.925+0000] {logging_mixin.py:190} INFO - [2024-11-25T06:30:36.924+0000] {dag.py:4180} INFO - Setting next_dagrun for dataset_alias_example_alias_consumer to None, run_after=None
[2024-11-25T06:30:36.928+0000] {logging_mixin.py:190} INFO - [2024-11-25T06:30:36.928+0000] {dag.py:4180} INFO - Setting next_dagrun for dataset_alias_example_alias_producer to None, run_after=None
[2024-11-25T06:30:36.930+0000] {logging_mixin.py:190} INFO - [2024-11-25T06:30:36.930+0000] {dag.py:4180} INFO - Setting next_dagrun for dataset_s3_bucket_consumer to None, run_after=None
[2024-11-25T06:30:36.932+0000] {logging_mixin.py:190} INFO - [2024-11-25T06:30:36.932+0000] {dag.py:4180} INFO - Setting next_dagrun for dataset_s3_bucket_producer to None, run_after=None
[2024-11-25T06:30:36.964+0000] {processor.py:208} INFO - Processing /home/airflow/.local/lib/python3.12/site-packages/airflow/example_dags/example_dataset_alias.py took 1.102 seconds
[2024-11-25T06:31:07.793+0000] {processor.py:186} INFO - Started process (PID=9339) to work on /home/airflow/.local/lib/python3.12/site-packages/airflow/example_dags/example_dataset_alias.py
[2024-11-25T06:31:07.795+0000] {processor.py:914} INFO - Processing file /home/airflow/.local/lib/python3.12/site-packages/airflow/example_dags/example_dataset_alias.py for tasks to queue
[2024-11-25T06:31:07.798+0000] {logging_mixin.py:190} INFO - [2024-11-25T06:31:07.798+0000] {dagbag.py:588} INFO - Filling up the DagBag from /home/airflow/.local/lib/python3.12/site-packages/airflow/example_dags/example_dataset_alias.py
[2024-11-25T06:31:08.324+0000] {processor.py:925} INFO - DAG(s) 'dataset_alias_example_alias_consumer', 'dataset_alias_example_alias_producer', 'dataset_s3_bucket_producer', 'dataset_s3_bucket_consumer' retrieved from /home/airflow/.local/lib/python3.12/site-packages/airflow/example_dags/example_dataset_alias.py
[2024-11-25T06:31:08.346+0000] {logging_mixin.py:190} INFO - [2024-11-25T06:31:08.345+0000] {dag.py:3239} INFO - Sync 4 DAGs
[2024-11-25T06:31:08.369+0000] {logging_mixin.py:190} INFO - [2024-11-25T06:31:08.369+0000] {dag.py:4180} INFO - Setting next_dagrun for dataset_alias_example_alias_consumer to None, run_after=None
[2024-11-25T06:31:08.373+0000] {logging_mixin.py:190} INFO - [2024-11-25T06:31:08.373+0000] {dag.py:4180} INFO - Setting next_dagrun for dataset_alias_example_alias_producer to None, run_after=None
[2024-11-25T06:31:08.375+0000] {logging_mixin.py:190} INFO - [2024-11-25T06:31:08.374+0000] {dag.py:4180} INFO - Setting next_dagrun for dataset_s3_bucket_consumer to None, run_after=None
[2024-11-25T06:31:08.376+0000] {logging_mixin.py:190} INFO - [2024-11-25T06:31:08.376+0000] {dag.py:4180} INFO - Setting next_dagrun for dataset_s3_bucket_producer to None, run_after=None
[2024-11-25T06:31:08.396+0000] {processor.py:208} INFO - Processing /home/airflow/.local/lib/python3.12/site-packages/airflow/example_dags/example_dataset_alias.py took 0.608 seconds
[2024-11-25T06:31:38.860+0000] {processor.py:186} INFO - Started process (PID=9640) to work on /home/airflow/.local/lib/python3.12/site-packages/airflow/example_dags/example_dataset_alias.py
[2024-11-25T06:31:38.861+0000] {processor.py:914} INFO - Processing file /home/airflow/.local/lib/python3.12/site-packages/airflow/example_dags/example_dataset_alias.py for tasks to queue
[2024-11-25T06:31:38.863+0000] {logging_mixin.py:190} INFO - [2024-11-25T06:31:38.863+0000] {dagbag.py:588} INFO - Filling up the DagBag from /home/airflow/.local/lib/python3.12/site-packages/airflow/example_dags/example_dataset_alias.py
[2024-11-25T06:31:39.728+0000] {processor.py:925} INFO - DAG(s) 'dataset_s3_bucket_producer', 'dataset_alias_example_alias_producer', 'dataset_s3_bucket_consumer', 'dataset_alias_example_alias_consumer' retrieved from /home/airflow/.local/lib/python3.12/site-packages/airflow/example_dags/example_dataset_alias.py
[2024-11-25T06:31:39.774+0000] {logging_mixin.py:190} INFO - [2024-11-25T06:31:39.773+0000] {dag.py:3239} INFO - Sync 4 DAGs
[2024-11-25T06:31:39.821+0000] {logging_mixin.py:190} INFO - [2024-11-25T06:31:39.821+0000] {dag.py:4180} INFO - Setting next_dagrun for dataset_alias_example_alias_consumer to None, run_after=None
[2024-11-25T06:31:39.824+0000] {logging_mixin.py:190} INFO - [2024-11-25T06:31:39.823+0000] {dag.py:4180} INFO - Setting next_dagrun for dataset_alias_example_alias_producer to None, run_after=None
[2024-11-25T06:31:39.826+0000] {logging_mixin.py:190} INFO - [2024-11-25T06:31:39.825+0000] {dag.py:4180} INFO - Setting next_dagrun for dataset_s3_bucket_consumer to None, run_after=None
[2024-11-25T06:31:39.828+0000] {logging_mixin.py:190} INFO - [2024-11-25T06:31:39.827+0000] {dag.py:4180} INFO - Setting next_dagrun for dataset_s3_bucket_producer to None, run_after=None
[2024-11-25T06:31:39.857+0000] {processor.py:208} INFO - Processing /home/airflow/.local/lib/python3.12/site-packages/airflow/example_dags/example_dataset_alias.py took 1.004 seconds
[2024-11-25T06:32:10.292+0000] {processor.py:186} INFO - Started process (PID=9941) to work on /home/airflow/.local/lib/python3.12/site-packages/airflow/example_dags/example_dataset_alias.py
[2024-11-25T06:32:10.293+0000] {processor.py:914} INFO - Processing file /home/airflow/.local/lib/python3.12/site-packages/airflow/example_dags/example_dataset_alias.py for tasks to queue
[2024-11-25T06:32:10.296+0000] {logging_mixin.py:190} INFO - [2024-11-25T06:32:10.295+0000] {dagbag.py:588} INFO - Filling up the DagBag from /home/airflow/.local/lib/python3.12/site-packages/airflow/example_dags/example_dataset_alias.py
[2024-11-25T06:32:10.837+0000] {processor.py:925} INFO - DAG(s) 'dataset_s3_bucket_producer', 'dataset_alias_example_alias_producer', 'dataset_alias_example_alias_consumer', 'dataset_s3_bucket_consumer' retrieved from /home/airflow/.local/lib/python3.12/site-packages/airflow/example_dags/example_dataset_alias.py
[2024-11-25T06:32:10.857+0000] {logging_mixin.py:190} INFO - [2024-11-25T06:32:10.856+0000] {dag.py:3239} INFO - Sync 4 DAGs
[2024-11-25T06:32:10.878+0000] {logging_mixin.py:190} INFO - [2024-11-25T06:32:10.877+0000] {dag.py:4180} INFO - Setting next_dagrun for dataset_alias_example_alias_consumer to None, run_after=None
[2024-11-25T06:32:10.880+0000] {logging_mixin.py:190} INFO - [2024-11-25T06:32:10.880+0000] {dag.py:4180} INFO - Setting next_dagrun for dataset_alias_example_alias_producer to None, run_after=None
[2024-11-25T06:32:10.882+0000] {logging_mixin.py:190} INFO - [2024-11-25T06:32:10.882+0000] {dag.py:4180} INFO - Setting next_dagrun for dataset_s3_bucket_consumer to None, run_after=None
[2024-11-25T06:32:10.883+0000] {logging_mixin.py:190} INFO - [2024-11-25T06:32:10.883+0000] {dag.py:4180} INFO - Setting next_dagrun for dataset_s3_bucket_producer to None, run_after=None
[2024-11-25T06:32:10.906+0000] {processor.py:208} INFO - Processing /home/airflow/.local/lib/python3.12/site-packages/airflow/example_dags/example_dataset_alias.py took 0.619 seconds
[2024-11-25T06:32:41.514+0000] {processor.py:186} INFO - Started process (PID=10243) to work on /home/airflow/.local/lib/python3.12/site-packages/airflow/example_dags/example_dataset_alias.py
[2024-11-25T06:32:41.515+0000] {processor.py:914} INFO - Processing file /home/airflow/.local/lib/python3.12/site-packages/airflow/example_dags/example_dataset_alias.py for tasks to queue
[2024-11-25T06:32:41.518+0000] {logging_mixin.py:190} INFO - [2024-11-25T06:32:41.518+0000] {dagbag.py:588} INFO - Filling up the DagBag from /home/airflow/.local/lib/python3.12/site-packages/airflow/example_dags/example_dataset_alias.py
[2024-11-25T06:32:42.101+0000] {processor.py:925} INFO - DAG(s) 'dataset_s3_bucket_consumer', 'dataset_alias_example_alias_consumer', 'dataset_alias_example_alias_producer', 'dataset_s3_bucket_producer' retrieved from /home/airflow/.local/lib/python3.12/site-packages/airflow/example_dags/example_dataset_alias.py
[2024-11-25T06:32:42.120+0000] {logging_mixin.py:190} INFO - [2024-11-25T06:32:42.120+0000] {dag.py:3239} INFO - Sync 4 DAGs
[2024-11-25T06:32:42.143+0000] {logging_mixin.py:190} INFO - [2024-11-25T06:32:42.143+0000] {dag.py:4180} INFO - Setting next_dagrun for dataset_alias_example_alias_consumer to None, run_after=None
[2024-11-25T06:32:42.146+0000] {logging_mixin.py:190} INFO - [2024-11-25T06:32:42.146+0000] {dag.py:4180} INFO - Setting next_dagrun for dataset_alias_example_alias_producer to None, run_after=None
[2024-11-25T06:32:42.148+0000] {logging_mixin.py:190} INFO - [2024-11-25T06:32:42.148+0000] {dag.py:4180} INFO - Setting next_dagrun for dataset_s3_bucket_consumer to None, run_after=None
[2024-11-25T06:32:42.149+0000] {logging_mixin.py:190} INFO - [2024-11-25T06:32:42.149+0000] {dag.py:4180} INFO - Setting next_dagrun for dataset_s3_bucket_producer to None, run_after=None
[2024-11-25T06:32:42.172+0000] {processor.py:208} INFO - Processing /home/airflow/.local/lib/python3.12/site-packages/airflow/example_dags/example_dataset_alias.py took 0.665 seconds
[2024-11-25T06:33:13.110+0000] {processor.py:186} INFO - Started process (PID=10547) to work on /home/airflow/.local/lib/python3.12/site-packages/airflow/example_dags/example_dataset_alias.py
[2024-11-25T06:33:13.112+0000] {processor.py:914} INFO - Processing file /home/airflow/.local/lib/python3.12/site-packages/airflow/example_dags/example_dataset_alias.py for tasks to queue
[2024-11-25T06:33:13.122+0000] {logging_mixin.py:190} INFO - [2024-11-25T06:33:13.121+0000] {dagbag.py:588} INFO - Filling up the DagBag from /home/airflow/.local/lib/python3.12/site-packages/airflow/example_dags/example_dataset_alias.py
[2024-11-25T06:33:13.689+0000] {processor.py:925} INFO - DAG(s) 'dataset_alias_example_alias_consumer', 'dataset_s3_bucket_consumer', 'dataset_s3_bucket_producer', 'dataset_alias_example_alias_producer' retrieved from /home/airflow/.local/lib/python3.12/site-packages/airflow/example_dags/example_dataset_alias.py
[2024-11-25T06:33:13.707+0000] {logging_mixin.py:190} INFO - [2024-11-25T06:33:13.707+0000] {dag.py:3239} INFO - Sync 4 DAGs
[2024-11-25T06:33:13.730+0000] {logging_mixin.py:190} INFO - [2024-11-25T06:33:13.730+0000] {dag.py:4180} INFO - Setting next_dagrun for dataset_alias_example_alias_consumer to None, run_after=None
[2024-11-25T06:33:13.733+0000] {logging_mixin.py:190} INFO - [2024-11-25T06:33:13.733+0000] {dag.py:4180} INFO - Setting next_dagrun for dataset_alias_example_alias_producer to None, run_after=None
[2024-11-25T06:33:13.735+0000] {logging_mixin.py:190} INFO - [2024-11-25T06:33:13.734+0000] {dag.py:4180} INFO - Setting next_dagrun for dataset_s3_bucket_consumer to None, run_after=None
[2024-11-25T06:33:13.736+0000] {logging_mixin.py:190} INFO - [2024-11-25T06:33:13.736+0000] {dag.py:4180} INFO - Setting next_dagrun for dataset_s3_bucket_producer to None, run_after=None
[2024-11-25T06:33:13.757+0000] {processor.py:208} INFO - Processing /home/airflow/.local/lib/python3.12/site-packages/airflow/example_dags/example_dataset_alias.py took 0.664 seconds
[2024-11-25T06:33:44.626+0000] {processor.py:186} INFO - Started process (PID=10850) to work on /home/airflow/.local/lib/python3.12/site-packages/airflow/example_dags/example_dataset_alias.py
[2024-11-25T06:33:44.627+0000] {processor.py:914} INFO - Processing file /home/airflow/.local/lib/python3.12/site-packages/airflow/example_dags/example_dataset_alias.py for tasks to queue
[2024-11-25T06:33:44.630+0000] {logging_mixin.py:190} INFO - [2024-11-25T06:33:44.630+0000] {dagbag.py:588} INFO - Filling up the DagBag from /home/airflow/.local/lib/python3.12/site-packages/airflow/example_dags/example_dataset_alias.py
[2024-11-25T06:33:45.195+0000] {processor.py:925} INFO - DAG(s) 'dataset_s3_bucket_producer', 'dataset_s3_bucket_consumer', 'dataset_alias_example_alias_producer', 'dataset_alias_example_alias_consumer' retrieved from /home/airflow/.local/lib/python3.12/site-packages/airflow/example_dags/example_dataset_alias.py
[2024-11-25T06:33:45.218+0000] {logging_mixin.py:190} INFO - [2024-11-25T06:33:45.218+0000] {dag.py:3239} INFO - Sync 4 DAGs
[2024-11-25T06:33:45.240+0000] {logging_mixin.py:190} INFO - [2024-11-25T06:33:45.240+0000] {dag.py:4180} INFO - Setting next_dagrun for dataset_alias_example_alias_consumer to None, run_after=None
[2024-11-25T06:33:45.243+0000] {logging_mixin.py:190} INFO - [2024-11-25T06:33:45.243+0000] {dag.py:4180} INFO - Setting next_dagrun for dataset_alias_example_alias_producer to None, run_after=None
[2024-11-25T06:33:45.245+0000] {logging_mixin.py:190} INFO - [2024-11-25T06:33:45.244+0000] {dag.py:4180} INFO - Setting next_dagrun for dataset_s3_bucket_consumer to None, run_after=None
[2024-11-25T06:33:45.246+0000] {logging_mixin.py:190} INFO - [2024-11-25T06:33:45.246+0000] {dag.py:4180} INFO - Setting next_dagrun for dataset_s3_bucket_producer to None, run_after=None
[2024-11-25T06:33:45.268+0000] {processor.py:208} INFO - Processing /home/airflow/.local/lib/python3.12/site-packages/airflow/example_dags/example_dataset_alias.py took 0.648 seconds
[2024-11-25T06:34:15.787+0000] {processor.py:186} INFO - Started process (PID=11154) to work on /home/airflow/.local/lib/python3.12/site-packages/airflow/example_dags/example_dataset_alias.py
[2024-11-25T06:34:15.788+0000] {processor.py:914} INFO - Processing file /home/airflow/.local/lib/python3.12/site-packages/airflow/example_dags/example_dataset_alias.py for tasks to queue
[2024-11-25T06:34:15.790+0000] {logging_mixin.py:190} INFO - [2024-11-25T06:34:15.790+0000] {dagbag.py:588} INFO - Filling up the DagBag from /home/airflow/.local/lib/python3.12/site-packages/airflow/example_dags/example_dataset_alias.py
[2024-11-25T06:34:16.345+0000] {processor.py:925} INFO - DAG(s) 'dataset_s3_bucket_producer', 'dataset_alias_example_alias_producer', 'dataset_s3_bucket_consumer', 'dataset_alias_example_alias_consumer' retrieved from /home/airflow/.local/lib/python3.12/site-packages/airflow/example_dags/example_dataset_alias.py
[2024-11-25T06:34:16.380+0000] {logging_mixin.py:190} INFO - [2024-11-25T06:34:16.379+0000] {dag.py:3239} INFO - Sync 4 DAGs
[2024-11-25T06:34:16.409+0000] {logging_mixin.py:190} INFO - [2024-11-25T06:34:16.408+0000] {dag.py:4180} INFO - Setting next_dagrun for dataset_alias_example_alias_consumer to None, run_after=None
[2024-11-25T06:34:16.412+0000] {logging_mixin.py:190} INFO - [2024-11-25T06:34:16.412+0000] {dag.py:4180} INFO - Setting next_dagrun for dataset_alias_example_alias_producer to None, run_after=None
[2024-11-25T06:34:16.414+0000] {logging_mixin.py:190} INFO - [2024-11-25T06:34:16.414+0000] {dag.py:4180} INFO - Setting next_dagrun for dataset_s3_bucket_consumer to None, run_after=None
[2024-11-25T06:34:16.415+0000] {logging_mixin.py:190} INFO - [2024-11-25T06:34:16.415+0000] {dag.py:4180} INFO - Setting next_dagrun for dataset_s3_bucket_producer to None, run_after=None
[2024-11-25T06:34:16.440+0000] {processor.py:208} INFO - Processing /home/airflow/.local/lib/python3.12/site-packages/airflow/example_dags/example_dataset_alias.py took 0.659 seconds
[2024-11-25T06:34:47.039+0000] {processor.py:186} INFO - Started process (PID=11457) to work on /home/airflow/.local/lib/python3.12/site-packages/airflow/example_dags/example_dataset_alias.py
[2024-11-25T06:34:47.041+0000] {processor.py:914} INFO - Processing file /home/airflow/.local/lib/python3.12/site-packages/airflow/example_dags/example_dataset_alias.py for tasks to queue
[2024-11-25T06:34:47.047+0000] {logging_mixin.py:190} INFO - [2024-11-25T06:34:47.046+0000] {dagbag.py:588} INFO - Filling up the DagBag from /home/airflow/.local/lib/python3.12/site-packages/airflow/example_dags/example_dataset_alias.py
[2024-11-25T06:34:47.670+0000] {processor.py:925} INFO - DAG(s) 'dataset_s3_bucket_producer', 'dataset_s3_bucket_consumer', 'dataset_alias_example_alias_consumer', 'dataset_alias_example_alias_producer' retrieved from /home/airflow/.local/lib/python3.12/site-packages/airflow/example_dags/example_dataset_alias.py
[2024-11-25T06:34:47.729+0000] {logging_mixin.py:190} INFO - [2024-11-25T06:34:47.728+0000] {dag.py:3239} INFO - Sync 4 DAGs
[2024-11-25T06:34:47.825+0000] {logging_mixin.py:190} INFO - [2024-11-25T06:34:47.823+0000] {dag.py:4180} INFO - Setting next_dagrun for dataset_alias_example_alias_consumer to None, run_after=None
[2024-11-25T06:34:47.834+0000] {logging_mixin.py:190} INFO - [2024-11-25T06:34:47.833+0000] {dag.py:4180} INFO - Setting next_dagrun for dataset_alias_example_alias_producer to None, run_after=None
[2024-11-25T06:34:47.839+0000] {logging_mixin.py:190} INFO - [2024-11-25T06:34:47.838+0000] {dag.py:4180} INFO - Setting next_dagrun for dataset_s3_bucket_consumer to None, run_after=None
[2024-11-25T06:34:47.849+0000] {logging_mixin.py:190} INFO - [2024-11-25T06:34:47.848+0000] {dag.py:4180} INFO - Setting next_dagrun for dataset_s3_bucket_producer to None, run_after=None
[2024-11-25T06:34:47.907+0000] {processor.py:208} INFO - Processing /home/airflow/.local/lib/python3.12/site-packages/airflow/example_dags/example_dataset_alias.py took 0.880 seconds
[2024-11-25T06:41:04.238+0000] {processor.py:186} INFO - Started process (PID=15169) to work on /home/airflow/.local/lib/python3.12/site-packages/airflow/example_dags/example_dataset_alias.py
[2024-11-25T06:41:04.239+0000] {processor.py:914} INFO - Processing file /home/airflow/.local/lib/python3.12/site-packages/airflow/example_dags/example_dataset_alias.py for tasks to queue
[2024-11-25T06:41:04.241+0000] {logging_mixin.py:190} INFO - [2024-11-25T06:41:04.241+0000] {dagbag.py:588} INFO - Filling up the DagBag from /home/airflow/.local/lib/python3.12/site-packages/airflow/example_dags/example_dataset_alias.py
[2024-11-25T06:41:04.875+0000] {processor.py:925} INFO - DAG(s) 'dataset_s3_bucket_consumer', 'dataset_alias_example_alias_consumer', 'dataset_alias_example_alias_producer', 'dataset_s3_bucket_producer' retrieved from /home/airflow/.local/lib/python3.12/site-packages/airflow/example_dags/example_dataset_alias.py
[2024-11-25T06:41:04.897+0000] {logging_mixin.py:190} INFO - [2024-11-25T06:41:04.897+0000] {dag.py:3239} INFO - Sync 4 DAGs
[2024-11-25T06:41:04.920+0000] {logging_mixin.py:190} INFO - [2024-11-25T06:41:04.920+0000] {dag.py:4180} INFO - Setting next_dagrun for dataset_alias_example_alias_consumer to None, run_after=None
[2024-11-25T06:41:04.924+0000] {logging_mixin.py:190} INFO - [2024-11-25T06:41:04.923+0000] {dag.py:4180} INFO - Setting next_dagrun for dataset_alias_example_alias_producer to None, run_after=None
[2024-11-25T06:41:04.925+0000] {logging_mixin.py:190} INFO - [2024-11-25T06:41:04.925+0000] {dag.py:4180} INFO - Setting next_dagrun for dataset_s3_bucket_consumer to None, run_after=None
[2024-11-25T06:41:04.927+0000] {logging_mixin.py:190} INFO - [2024-11-25T06:41:04.927+0000] {dag.py:4180} INFO - Setting next_dagrun for dataset_s3_bucket_producer to None, run_after=None
[2024-11-25T06:41:04.948+0000] {processor.py:208} INFO - Processing /home/airflow/.local/lib/python3.12/site-packages/airflow/example_dags/example_dataset_alias.py took 0.716 seconds
[2024-11-25T06:41:36.694+0000] {processor.py:186} INFO - Started process (PID=15505) to work on /home/airflow/.local/lib/python3.12/site-packages/airflow/example_dags/example_dataset_alias.py
[2024-11-25T06:41:36.696+0000] {processor.py:914} INFO - Processing file /home/airflow/.local/lib/python3.12/site-packages/airflow/example_dags/example_dataset_alias.py for tasks to queue
[2024-11-25T06:41:36.699+0000] {logging_mixin.py:190} INFO - [2024-11-25T06:41:36.698+0000] {dagbag.py:588} INFO - Filling up the DagBag from /home/airflow/.local/lib/python3.12/site-packages/airflow/example_dags/example_dataset_alias.py
[2024-11-25T06:41:37.638+0000] {processor.py:925} INFO - DAG(s) 'dataset_s3_bucket_consumer', 'dataset_alias_example_alias_producer', 'dataset_s3_bucket_producer', 'dataset_alias_example_alias_consumer' retrieved from /home/airflow/.local/lib/python3.12/site-packages/airflow/example_dags/example_dataset_alias.py
[2024-11-25T06:41:37.687+0000] {logging_mixin.py:190} INFO - [2024-11-25T06:41:37.687+0000] {dag.py:3239} INFO - Sync 4 DAGs
[2024-11-25T06:41:37.746+0000] {logging_mixin.py:190} INFO - [2024-11-25T06:41:37.746+0000] {dag.py:4180} INFO - Setting next_dagrun for dataset_alias_example_alias_consumer to None, run_after=None
[2024-11-25T06:41:37.751+0000] {logging_mixin.py:190} INFO - [2024-11-25T06:41:37.750+0000] {dag.py:4180} INFO - Setting next_dagrun for dataset_alias_example_alias_producer to None, run_after=None
[2024-11-25T06:41:37.756+0000] {logging_mixin.py:190} INFO - [2024-11-25T06:41:37.756+0000] {dag.py:4180} INFO - Setting next_dagrun for dataset_s3_bucket_consumer to None, run_after=None
[2024-11-25T06:41:37.758+0000] {logging_mixin.py:190} INFO - [2024-11-25T06:41:37.758+0000] {dag.py:4180} INFO - Setting next_dagrun for dataset_s3_bucket_producer to None, run_after=None
[2024-11-25T06:41:37.789+0000] {processor.py:208} INFO - Processing /home/airflow/.local/lib/python3.12/site-packages/airflow/example_dags/example_dataset_alias.py took 1.103 seconds
[2024-11-25T06:42:08.877+0000] {processor.py:186} INFO - Started process (PID=15831) to work on /home/airflow/.local/lib/python3.12/site-packages/airflow/example_dags/example_dataset_alias.py
[2024-11-25T06:42:08.878+0000] {processor.py:914} INFO - Processing file /home/airflow/.local/lib/python3.12/site-packages/airflow/example_dags/example_dataset_alias.py for tasks to queue
[2024-11-25T06:42:08.881+0000] {logging_mixin.py:190} INFO - [2024-11-25T06:42:08.880+0000] {dagbag.py:588} INFO - Filling up the DagBag from /home/airflow/.local/lib/python3.12/site-packages/airflow/example_dags/example_dataset_alias.py
[2024-11-25T06:42:09.342+0000] {processor.py:925} INFO - DAG(s) 'dataset_s3_bucket_producer', 'dataset_s3_bucket_consumer', 'dataset_alias_example_alias_consumer', 'dataset_alias_example_alias_producer' retrieved from /home/airflow/.local/lib/python3.12/site-packages/airflow/example_dags/example_dataset_alias.py
[2024-11-25T06:42:09.364+0000] {logging_mixin.py:190} INFO - [2024-11-25T06:42:09.363+0000] {dag.py:3239} INFO - Sync 4 DAGs
[2024-11-25T06:42:09.386+0000] {logging_mixin.py:190} INFO - [2024-11-25T06:42:09.386+0000] {dag.py:4180} INFO - Setting next_dagrun for dataset_alias_example_alias_consumer to None, run_after=None
[2024-11-25T06:42:09.389+0000] {logging_mixin.py:190} INFO - [2024-11-25T06:42:09.389+0000] {dag.py:4180} INFO - Setting next_dagrun for dataset_alias_example_alias_producer to None, run_after=None
[2024-11-25T06:42:09.392+0000] {logging_mixin.py:190} INFO - [2024-11-25T06:42:09.392+0000] {dag.py:4180} INFO - Setting next_dagrun for dataset_s3_bucket_consumer to None, run_after=None
[2024-11-25T06:42:09.395+0000] {logging_mixin.py:190} INFO - [2024-11-25T06:42:09.394+0000] {dag.py:4180} INFO - Setting next_dagrun for dataset_s3_bucket_producer to None, run_after=None
[2024-11-25T06:42:09.419+0000] {processor.py:208} INFO - Processing /home/airflow/.local/lib/python3.12/site-packages/airflow/example_dags/example_dataset_alias.py took 0.551 seconds
[2024-11-25T06:42:39.560+0000] {processor.py:186} INFO - Started process (PID=16142) to work on /home/airflow/.local/lib/python3.12/site-packages/airflow/example_dags/example_dataset_alias.py
[2024-11-25T06:42:39.561+0000] {processor.py:914} INFO - Processing file /home/airflow/.local/lib/python3.12/site-packages/airflow/example_dags/example_dataset_alias.py for tasks to queue
[2024-11-25T06:42:39.564+0000] {logging_mixin.py:190} INFO - [2024-11-25T06:42:39.563+0000] {dagbag.py:588} INFO - Filling up the DagBag from /home/airflow/.local/lib/python3.12/site-packages/airflow/example_dags/example_dataset_alias.py
[2024-11-25T06:42:39.960+0000] {processor.py:925} INFO - DAG(s) 'dataset_s3_bucket_consumer', 'dataset_alias_example_alias_consumer', 'dataset_alias_example_alias_producer', 'dataset_s3_bucket_producer' retrieved from /home/airflow/.local/lib/python3.12/site-packages/airflow/example_dags/example_dataset_alias.py
[2024-11-25T06:42:39.990+0000] {logging_mixin.py:190} INFO - [2024-11-25T06:42:39.989+0000] {dag.py:3239} INFO - Sync 4 DAGs
[2024-11-25T06:42:40.023+0000] {logging_mixin.py:190} INFO - [2024-11-25T06:42:40.023+0000] {dag.py:4180} INFO - Setting next_dagrun for dataset_alias_example_alias_consumer to None, run_after=None
[2024-11-25T06:42:40.028+0000] {logging_mixin.py:190} INFO - [2024-11-25T06:42:40.028+0000] {dag.py:4180} INFO - Setting next_dagrun for dataset_alias_example_alias_producer to None, run_after=None
[2024-11-25T06:42:40.031+0000] {logging_mixin.py:190} INFO - [2024-11-25T06:42:40.031+0000] {dag.py:4180} INFO - Setting next_dagrun for dataset_s3_bucket_consumer to None, run_after=None
[2024-11-25T06:42:40.034+0000] {logging_mixin.py:190} INFO - [2024-11-25T06:42:40.033+0000] {dag.py:4180} INFO - Setting next_dagrun for dataset_s3_bucket_producer to None, run_after=None
[2024-11-25T06:42:40.071+0000] {processor.py:208} INFO - Processing /home/airflow/.local/lib/python3.12/site-packages/airflow/example_dags/example_dataset_alias.py took 0.520 seconds
[2024-11-25T06:43:10.557+0000] {processor.py:186} INFO - Started process (PID=16443) to work on /home/airflow/.local/lib/python3.12/site-packages/airflow/example_dags/example_dataset_alias.py
[2024-11-25T06:43:10.559+0000] {processor.py:914} INFO - Processing file /home/airflow/.local/lib/python3.12/site-packages/airflow/example_dags/example_dataset_alias.py for tasks to queue
[2024-11-25T06:43:10.561+0000] {logging_mixin.py:190} INFO - [2024-11-25T06:43:10.561+0000] {dagbag.py:588} INFO - Filling up the DagBag from /home/airflow/.local/lib/python3.12/site-packages/airflow/example_dags/example_dataset_alias.py
[2024-11-25T06:43:11.015+0000] {processor.py:925} INFO - DAG(s) 'dataset_alias_example_alias_producer', 'dataset_s3_bucket_consumer', 'dataset_alias_example_alias_consumer', 'dataset_s3_bucket_producer' retrieved from /home/airflow/.local/lib/python3.12/site-packages/airflow/example_dags/example_dataset_alias.py
[2024-11-25T06:43:11.038+0000] {logging_mixin.py:190} INFO - [2024-11-25T06:43:11.037+0000] {dag.py:3239} INFO - Sync 4 DAGs
[2024-11-25T06:43:11.067+0000] {logging_mixin.py:190} INFO - [2024-11-25T06:43:11.067+0000] {dag.py:4180} INFO - Setting next_dagrun for dataset_alias_example_alias_consumer to None, run_after=None
[2024-11-25T06:43:11.070+0000] {logging_mixin.py:190} INFO - [2024-11-25T06:43:11.070+0000] {dag.py:4180} INFO - Setting next_dagrun for dataset_alias_example_alias_producer to None, run_after=None
[2024-11-25T06:43:11.072+0000] {logging_mixin.py:190} INFO - [2024-11-25T06:43:11.072+0000] {dag.py:4180} INFO - Setting next_dagrun for dataset_s3_bucket_consumer to None, run_after=None
[2024-11-25T06:43:11.073+0000] {logging_mixin.py:190} INFO - [2024-11-25T06:43:11.073+0000] {dag.py:4180} INFO - Setting next_dagrun for dataset_s3_bucket_producer to None, run_after=None
[2024-11-25T06:43:11.104+0000] {processor.py:208} INFO - Processing /home/airflow/.local/lib/python3.12/site-packages/airflow/example_dags/example_dataset_alias.py took 0.554 seconds
[2024-11-25T06:43:41.913+0000] {processor.py:186} INFO - Started process (PID=16759) to work on /home/airflow/.local/lib/python3.12/site-packages/airflow/example_dags/example_dataset_alias.py
[2024-11-25T06:43:41.914+0000] {processor.py:914} INFO - Processing file /home/airflow/.local/lib/python3.12/site-packages/airflow/example_dags/example_dataset_alias.py for tasks to queue
[2024-11-25T06:43:41.920+0000] {logging_mixin.py:190} INFO - [2024-11-25T06:43:41.919+0000] {dagbag.py:588} INFO - Filling up the DagBag from /home/airflow/.local/lib/python3.12/site-packages/airflow/example_dags/example_dataset_alias.py
[2024-11-25T06:43:45.531+0000] {logging_mixin.py:190} INFO - [2024-11-25T06:43:45.530+0000] {process_utils.py:266} INFO - Waiting up to 5 seconds for processes to exit...
