[2024-11-25T06:15:21.092+0000] {processor.py:186} INFO - Started process (PID=253) to work on /home/airflow/.local/lib/python3.12/site-packages/airflow/example_dags/example_branch_python_dop_operator_3.py
[2024-11-25T06:15:21.094+0000] {processor.py:914} INFO - Processing file /home/airflow/.local/lib/python3.12/site-packages/airflow/example_dags/example_branch_python_dop_operator_3.py for tasks to queue
[2024-11-25T06:15:21.097+0000] {logging_mixin.py:190} INFO - [2024-11-25T06:15:21.097+0000] {dagbag.py:588} INFO - Filling up the DagBag from /home/airflow/.local/lib/python3.12/site-packages/airflow/example_dags/example_branch_python_dop_operator_3.py
[2024-11-25T06:15:21.123+0000] {processor.py:925} INFO - DAG(s) 'example_branch_dop_operator_v3' retrieved from /home/airflow/.local/lib/python3.12/site-packages/airflow/example_dags/example_branch_python_dop_operator_3.py
[2024-11-25T06:15:21.190+0000] {logging_mixin.py:190} INFO - [2024-11-25T06:15:21.189+0000] {dag.py:3239} INFO - Sync 1 DAGs
[2024-11-25T06:15:21.282+0000] {logging_mixin.py:190} INFO - [2024-11-25T06:15:21.282+0000] {dag.py:4180} INFO - Setting next_dagrun for example_branch_dop_operator_v3 to 2024-11-25 06:14:00+00:00, run_after=2024-11-25 06:15:00+00:00
[2024-11-25T06:15:21.359+0000] {processor.py:208} INFO - Processing /home/airflow/.local/lib/python3.12/site-packages/airflow/example_dags/example_branch_python_dop_operator_3.py took 0.274 seconds
[2024-11-25T06:15:51.902+0000] {processor.py:186} INFO - Started process (PID=551) to work on /home/airflow/.local/lib/python3.12/site-packages/airflow/example_dags/example_branch_python_dop_operator_3.py
[2024-11-25T06:15:51.905+0000] {processor.py:914} INFO - Processing file /home/airflow/.local/lib/python3.12/site-packages/airflow/example_dags/example_branch_python_dop_operator_3.py for tasks to queue
[2024-11-25T06:15:51.915+0000] {logging_mixin.py:190} INFO - [2024-11-25T06:15:51.914+0000] {dagbag.py:588} INFO - Filling up the DagBag from /home/airflow/.local/lib/python3.12/site-packages/airflow/example_dags/example_branch_python_dop_operator_3.py
[2024-11-25T06:15:51.943+0000] {processor.py:925} INFO - DAG(s) 'example_branch_dop_operator_v3' retrieved from /home/airflow/.local/lib/python3.12/site-packages/airflow/example_dags/example_branch_python_dop_operator_3.py
[2024-11-25T06:15:51.989+0000] {logging_mixin.py:190} INFO - [2024-11-25T06:15:51.989+0000] {dag.py:3239} INFO - Sync 1 DAGs
[2024-11-25T06:15:52.028+0000] {logging_mixin.py:190} INFO - [2024-11-25T06:15:52.027+0000] {dag.py:4180} INFO - Setting next_dagrun for example_branch_dop_operator_v3 to 2024-11-25 06:14:00+00:00, run_after=2024-11-25 06:15:00+00:00
[2024-11-25T06:15:52.061+0000] {processor.py:208} INFO - Processing /home/airflow/.local/lib/python3.12/site-packages/airflow/example_dags/example_branch_python_dop_operator_3.py took 0.171 seconds
[2024-11-25T06:16:22.125+0000] {processor.py:186} INFO - Started process (PID=853) to work on /home/airflow/.local/lib/python3.12/site-packages/airflow/example_dags/example_branch_python_dop_operator_3.py
[2024-11-25T06:16:22.127+0000] {processor.py:914} INFO - Processing file /home/airflow/.local/lib/python3.12/site-packages/airflow/example_dags/example_branch_python_dop_operator_3.py for tasks to queue
[2024-11-25T06:16:22.130+0000] {logging_mixin.py:190} INFO - [2024-11-25T06:16:22.130+0000] {dagbag.py:588} INFO - Filling up the DagBag from /home/airflow/.local/lib/python3.12/site-packages/airflow/example_dags/example_branch_python_dop_operator_3.py
[2024-11-25T06:16:22.142+0000] {processor.py:925} INFO - DAG(s) 'example_branch_dop_operator_v3' retrieved from /home/airflow/.local/lib/python3.12/site-packages/airflow/example_dags/example_branch_python_dop_operator_3.py
[2024-11-25T06:16:22.169+0000] {logging_mixin.py:190} INFO - [2024-11-25T06:16:22.168+0000] {dag.py:3239} INFO - Sync 1 DAGs
[2024-11-25T06:16:22.269+0000] {logging_mixin.py:190} INFO - [2024-11-25T06:16:22.268+0000] {dag.py:4180} INFO - Setting next_dagrun for example_branch_dop_operator_v3 to 2024-11-25 06:15:00+00:00, run_after=2024-11-25 06:16:00+00:00
[2024-11-25T06:16:22.309+0000] {processor.py:208} INFO - Processing /home/airflow/.local/lib/python3.12/site-packages/airflow/example_dags/example_branch_python_dop_operator_3.py took 0.191 seconds
[2024-11-25T06:16:52.561+0000] {processor.py:186} INFO - Started process (PID=1154) to work on /home/airflow/.local/lib/python3.12/site-packages/airflow/example_dags/example_branch_python_dop_operator_3.py
[2024-11-25T06:16:52.564+0000] {processor.py:914} INFO - Processing file /home/airflow/.local/lib/python3.12/site-packages/airflow/example_dags/example_branch_python_dop_operator_3.py for tasks to queue
[2024-11-25T06:16:52.568+0000] {logging_mixin.py:190} INFO - [2024-11-25T06:16:52.567+0000] {dagbag.py:588} INFO - Filling up the DagBag from /home/airflow/.local/lib/python3.12/site-packages/airflow/example_dags/example_branch_python_dop_operator_3.py
[2024-11-25T06:16:52.593+0000] {processor.py:925} INFO - DAG(s) 'example_branch_dop_operator_v3' retrieved from /home/airflow/.local/lib/python3.12/site-packages/airflow/example_dags/example_branch_python_dop_operator_3.py
[2024-11-25T06:16:52.665+0000] {logging_mixin.py:190} INFO - [2024-11-25T06:16:52.662+0000] {dag.py:3239} INFO - Sync 1 DAGs
[2024-11-25T06:16:52.788+0000] {logging_mixin.py:190} INFO - [2024-11-25T06:16:52.788+0000] {dag.py:4180} INFO - Setting next_dagrun for example_branch_dop_operator_v3 to 2024-11-25 06:15:00+00:00, run_after=2024-11-25 06:16:00+00:00
[2024-11-25T06:16:52.876+0000] {processor.py:208} INFO - Processing /home/airflow/.local/lib/python3.12/site-packages/airflow/example_dags/example_branch_python_dop_operator_3.py took 0.325 seconds
[2024-11-25T06:17:22.963+0000] {processor.py:186} INFO - Started process (PID=1455) to work on /home/airflow/.local/lib/python3.12/site-packages/airflow/example_dags/example_branch_python_dop_operator_3.py
[2024-11-25T06:17:22.964+0000] {processor.py:914} INFO - Processing file /home/airflow/.local/lib/python3.12/site-packages/airflow/example_dags/example_branch_python_dop_operator_3.py for tasks to queue
[2024-11-25T06:17:22.968+0000] {logging_mixin.py:190} INFO - [2024-11-25T06:17:22.968+0000] {dagbag.py:588} INFO - Filling up the DagBag from /home/airflow/.local/lib/python3.12/site-packages/airflow/example_dags/example_branch_python_dop_operator_3.py
[2024-11-25T06:17:22.983+0000] {processor.py:925} INFO - DAG(s) 'example_branch_dop_operator_v3' retrieved from /home/airflow/.local/lib/python3.12/site-packages/airflow/example_dags/example_branch_python_dop_operator_3.py
[2024-11-25T06:17:23.012+0000] {logging_mixin.py:190} INFO - [2024-11-25T06:17:23.011+0000] {dag.py:3239} INFO - Sync 1 DAGs
[2024-11-25T06:17:23.055+0000] {logging_mixin.py:190} INFO - [2024-11-25T06:17:23.055+0000] {dag.py:4180} INFO - Setting next_dagrun for example_branch_dop_operator_v3 to 2024-11-25 06:16:00+00:00, run_after=2024-11-25 06:17:00+00:00
[2024-11-25T06:17:23.193+0000] {processor.py:208} INFO - Processing /home/airflow/.local/lib/python3.12/site-packages/airflow/example_dags/example_branch_python_dop_operator_3.py took 0.238 seconds
[2024-11-25T06:17:53.649+0000] {processor.py:186} INFO - Started process (PID=1762) to work on /home/airflow/.local/lib/python3.12/site-packages/airflow/example_dags/example_branch_python_dop_operator_3.py
[2024-11-25T06:17:53.650+0000] {processor.py:914} INFO - Processing file /home/airflow/.local/lib/python3.12/site-packages/airflow/example_dags/example_branch_python_dop_operator_3.py for tasks to queue
[2024-11-25T06:17:53.652+0000] {logging_mixin.py:190} INFO - [2024-11-25T06:17:53.652+0000] {dagbag.py:588} INFO - Filling up the DagBag from /home/airflow/.local/lib/python3.12/site-packages/airflow/example_dags/example_branch_python_dop_operator_3.py
[2024-11-25T06:17:53.662+0000] {processor.py:925} INFO - DAG(s) 'example_branch_dop_operator_v3' retrieved from /home/airflow/.local/lib/python3.12/site-packages/airflow/example_dags/example_branch_python_dop_operator_3.py
[2024-11-25T06:17:53.687+0000] {logging_mixin.py:190} INFO - [2024-11-25T06:17:53.687+0000] {dag.py:3239} INFO - Sync 1 DAGs
[2024-11-25T06:17:53.716+0000] {logging_mixin.py:190} INFO - [2024-11-25T06:17:53.716+0000] {dag.py:4180} INFO - Setting next_dagrun for example_branch_dop_operator_v3 to 2024-11-25 06:16:00+00:00, run_after=2024-11-25 06:17:00+00:00
[2024-11-25T06:17:53.739+0000] {processor.py:208} INFO - Processing /home/airflow/.local/lib/python3.12/site-packages/airflow/example_dags/example_branch_python_dop_operator_3.py took 0.096 seconds
[2024-11-25T06:18:24.016+0000] {processor.py:186} INFO - Started process (PID=2063) to work on /home/airflow/.local/lib/python3.12/site-packages/airflow/example_dags/example_branch_python_dop_operator_3.py
[2024-11-25T06:18:24.017+0000] {processor.py:914} INFO - Processing file /home/airflow/.local/lib/python3.12/site-packages/airflow/example_dags/example_branch_python_dop_operator_3.py for tasks to queue
[2024-11-25T06:18:24.020+0000] {logging_mixin.py:190} INFO - [2024-11-25T06:18:24.020+0000] {dagbag.py:588} INFO - Filling up the DagBag from /home/airflow/.local/lib/python3.12/site-packages/airflow/example_dags/example_branch_python_dop_operator_3.py
[2024-11-25T06:18:24.034+0000] {processor.py:925} INFO - DAG(s) 'example_branch_dop_operator_v3' retrieved from /home/airflow/.local/lib/python3.12/site-packages/airflow/example_dags/example_branch_python_dop_operator_3.py
[2024-11-25T06:18:24.065+0000] {logging_mixin.py:190} INFO - [2024-11-25T06:18:24.064+0000] {dag.py:3239} INFO - Sync 1 DAGs
[2024-11-25T06:18:24.101+0000] {logging_mixin.py:190} INFO - [2024-11-25T06:18:24.101+0000] {dag.py:4180} INFO - Setting next_dagrun for example_branch_dop_operator_v3 to 2024-11-25 06:17:00+00:00, run_after=2024-11-25 06:18:00+00:00
[2024-11-25T06:18:24.128+0000] {processor.py:208} INFO - Processing /home/airflow/.local/lib/python3.12/site-packages/airflow/example_dags/example_branch_python_dop_operator_3.py took 0.120 seconds
[2024-11-25T06:18:54.857+0000] {processor.py:186} INFO - Started process (PID=2364) to work on /home/airflow/.local/lib/python3.12/site-packages/airflow/example_dags/example_branch_python_dop_operator_3.py
[2024-11-25T06:18:54.859+0000] {processor.py:914} INFO - Processing file /home/airflow/.local/lib/python3.12/site-packages/airflow/example_dags/example_branch_python_dop_operator_3.py for tasks to queue
[2024-11-25T06:18:54.862+0000] {logging_mixin.py:190} INFO - [2024-11-25T06:18:54.862+0000] {dagbag.py:588} INFO - Filling up the DagBag from /home/airflow/.local/lib/python3.12/site-packages/airflow/example_dags/example_branch_python_dop_operator_3.py
[2024-11-25T06:18:54.874+0000] {processor.py:925} INFO - DAG(s) 'example_branch_dop_operator_v3' retrieved from /home/airflow/.local/lib/python3.12/site-packages/airflow/example_dags/example_branch_python_dop_operator_3.py
[2024-11-25T06:18:54.905+0000] {logging_mixin.py:190} INFO - [2024-11-25T06:18:54.904+0000] {dag.py:3239} INFO - Sync 1 DAGs
[2024-11-25T06:18:54.939+0000] {logging_mixin.py:190} INFO - [2024-11-25T06:18:54.939+0000] {dag.py:4180} INFO - Setting next_dagrun for example_branch_dop_operator_v3 to 2024-11-25 06:17:00+00:00, run_after=2024-11-25 06:18:00+00:00
[2024-11-25T06:18:54.969+0000] {processor.py:208} INFO - Processing /home/airflow/.local/lib/python3.12/site-packages/airflow/example_dags/example_branch_python_dop_operator_3.py took 0.125 seconds
[2024-11-25T06:19:25.592+0000] {processor.py:186} INFO - Started process (PID=2665) to work on /home/airflow/.local/lib/python3.12/site-packages/airflow/example_dags/example_branch_python_dop_operator_3.py
[2024-11-25T06:19:25.593+0000] {processor.py:914} INFO - Processing file /home/airflow/.local/lib/python3.12/site-packages/airflow/example_dags/example_branch_python_dop_operator_3.py for tasks to queue
[2024-11-25T06:19:25.597+0000] {logging_mixin.py:190} INFO - [2024-11-25T06:19:25.596+0000] {dagbag.py:588} INFO - Filling up the DagBag from /home/airflow/.local/lib/python3.12/site-packages/airflow/example_dags/example_branch_python_dop_operator_3.py
[2024-11-25T06:19:25.607+0000] {processor.py:925} INFO - DAG(s) 'example_branch_dop_operator_v3' retrieved from /home/airflow/.local/lib/python3.12/site-packages/airflow/example_dags/example_branch_python_dop_operator_3.py
[2024-11-25T06:19:25.634+0000] {logging_mixin.py:190} INFO - [2024-11-25T06:19:25.634+0000] {dag.py:3239} INFO - Sync 1 DAGs
[2024-11-25T06:19:25.662+0000] {logging_mixin.py:190} INFO - [2024-11-25T06:19:25.661+0000] {dag.py:4180} INFO - Setting next_dagrun for example_branch_dop_operator_v3 to 2024-11-25 06:18:00+00:00, run_after=2024-11-25 06:19:00+00:00
[2024-11-25T06:19:25.695+0000] {processor.py:208} INFO - Processing /home/airflow/.local/lib/python3.12/site-packages/airflow/example_dags/example_branch_python_dop_operator_3.py took 0.107 seconds
[2024-11-25T06:19:56.073+0000] {processor.py:186} INFO - Started process (PID=2966) to work on /home/airflow/.local/lib/python3.12/site-packages/airflow/example_dags/example_branch_python_dop_operator_3.py
[2024-11-25T06:19:56.074+0000] {processor.py:914} INFO - Processing file /home/airflow/.local/lib/python3.12/site-packages/airflow/example_dags/example_branch_python_dop_operator_3.py for tasks to queue
[2024-11-25T06:19:56.077+0000] {logging_mixin.py:190} INFO - [2024-11-25T06:19:56.077+0000] {dagbag.py:588} INFO - Filling up the DagBag from /home/airflow/.local/lib/python3.12/site-packages/airflow/example_dags/example_branch_python_dop_operator_3.py
[2024-11-25T06:19:56.090+0000] {processor.py:925} INFO - DAG(s) 'example_branch_dop_operator_v3' retrieved from /home/airflow/.local/lib/python3.12/site-packages/airflow/example_dags/example_branch_python_dop_operator_3.py
[2024-11-25T06:19:56.116+0000] {logging_mixin.py:190} INFO - [2024-11-25T06:19:56.116+0000] {dag.py:3239} INFO - Sync 1 DAGs
[2024-11-25T06:19:56.146+0000] {logging_mixin.py:190} INFO - [2024-11-25T06:19:56.146+0000] {dag.py:4180} INFO - Setting next_dagrun for example_branch_dop_operator_v3 to 2024-11-25 06:18:00+00:00, run_after=2024-11-25 06:19:00+00:00
[2024-11-25T06:19:56.169+0000] {processor.py:208} INFO - Processing /home/airflow/.local/lib/python3.12/site-packages/airflow/example_dags/example_branch_python_dop_operator_3.py took 0.102 seconds
[2024-11-25T06:20:26.388+0000] {processor.py:186} INFO - Started process (PID=3267) to work on /home/airflow/.local/lib/python3.12/site-packages/airflow/example_dags/example_branch_python_dop_operator_3.py
[2024-11-25T06:20:26.389+0000] {processor.py:914} INFO - Processing file /home/airflow/.local/lib/python3.12/site-packages/airflow/example_dags/example_branch_python_dop_operator_3.py for tasks to queue
[2024-11-25T06:20:26.392+0000] {logging_mixin.py:190} INFO - [2024-11-25T06:20:26.392+0000] {dagbag.py:588} INFO - Filling up the DagBag from /home/airflow/.local/lib/python3.12/site-packages/airflow/example_dags/example_branch_python_dop_operator_3.py
[2024-11-25T06:20:26.406+0000] {processor.py:925} INFO - DAG(s) 'example_branch_dop_operator_v3' retrieved from /home/airflow/.local/lib/python3.12/site-packages/airflow/example_dags/example_branch_python_dop_operator_3.py
[2024-11-25T06:20:26.432+0000] {logging_mixin.py:190} INFO - [2024-11-25T06:20:26.432+0000] {dag.py:3239} INFO - Sync 1 DAGs
[2024-11-25T06:20:26.459+0000] {logging_mixin.py:190} INFO - [2024-11-25T06:20:26.459+0000] {dag.py:4180} INFO - Setting next_dagrun for example_branch_dop_operator_v3 to 2024-11-25 06:19:00+00:00, run_after=2024-11-25 06:20:00+00:00
[2024-11-25T06:20:26.483+0000] {processor.py:208} INFO - Processing /home/airflow/.local/lib/python3.12/site-packages/airflow/example_dags/example_branch_python_dop_operator_3.py took 0.106 seconds
[2024-11-25T06:20:57.120+0000] {processor.py:186} INFO - Started process (PID=3568) to work on /home/airflow/.local/lib/python3.12/site-packages/airflow/example_dags/example_branch_python_dop_operator_3.py
[2024-11-25T06:20:57.122+0000] {processor.py:914} INFO - Processing file /home/airflow/.local/lib/python3.12/site-packages/airflow/example_dags/example_branch_python_dop_operator_3.py for tasks to queue
[2024-11-25T06:20:57.126+0000] {logging_mixin.py:190} INFO - [2024-11-25T06:20:57.126+0000] {dagbag.py:588} INFO - Filling up the DagBag from /home/airflow/.local/lib/python3.12/site-packages/airflow/example_dags/example_branch_python_dop_operator_3.py
[2024-11-25T06:20:57.140+0000] {processor.py:925} INFO - DAG(s) 'example_branch_dop_operator_v3' retrieved from /home/airflow/.local/lib/python3.12/site-packages/airflow/example_dags/example_branch_python_dop_operator_3.py
[2024-11-25T06:20:57.166+0000] {logging_mixin.py:190} INFO - [2024-11-25T06:20:57.166+0000] {dag.py:3239} INFO - Sync 1 DAGs
[2024-11-25T06:20:57.198+0000] {logging_mixin.py:190} INFO - [2024-11-25T06:20:57.197+0000] {dag.py:4180} INFO - Setting next_dagrun for example_branch_dop_operator_v3 to 2024-11-25 06:19:00+00:00, run_after=2024-11-25 06:20:00+00:00
[2024-11-25T06:20:57.220+0000] {processor.py:208} INFO - Processing /home/airflow/.local/lib/python3.12/site-packages/airflow/example_dags/example_branch_python_dop_operator_3.py took 0.107 seconds
[2024-11-25T06:21:27.619+0000] {processor.py:186} INFO - Started process (PID=3869) to work on /home/airflow/.local/lib/python3.12/site-packages/airflow/example_dags/example_branch_python_dop_operator_3.py
[2024-11-25T06:21:27.621+0000] {processor.py:914} INFO - Processing file /home/airflow/.local/lib/python3.12/site-packages/airflow/example_dags/example_branch_python_dop_operator_3.py for tasks to queue
[2024-11-25T06:21:27.623+0000] {logging_mixin.py:190} INFO - [2024-11-25T06:21:27.623+0000] {dagbag.py:588} INFO - Filling up the DagBag from /home/airflow/.local/lib/python3.12/site-packages/airflow/example_dags/example_branch_python_dop_operator_3.py
[2024-11-25T06:21:27.636+0000] {processor.py:925} INFO - DAG(s) 'example_branch_dop_operator_v3' retrieved from /home/airflow/.local/lib/python3.12/site-packages/airflow/example_dags/example_branch_python_dop_operator_3.py
[2024-11-25T06:21:27.676+0000] {logging_mixin.py:190} INFO - [2024-11-25T06:21:27.676+0000] {dag.py:3239} INFO - Sync 1 DAGs
[2024-11-25T06:21:27.721+0000] {logging_mixin.py:190} INFO - [2024-11-25T06:21:27.721+0000] {dag.py:4180} INFO - Setting next_dagrun for example_branch_dop_operator_v3 to 2024-11-25 06:20:00+00:00, run_after=2024-11-25 06:21:00+00:00
[2024-11-25T06:21:27.760+0000] {processor.py:208} INFO - Processing /home/airflow/.local/lib/python3.12/site-packages/airflow/example_dags/example_branch_python_dop_operator_3.py took 0.149 seconds
[2024-11-25T06:21:58.161+0000] {processor.py:186} INFO - Started process (PID=4170) to work on /home/airflow/.local/lib/python3.12/site-packages/airflow/example_dags/example_branch_python_dop_operator_3.py
[2024-11-25T06:21:58.163+0000] {processor.py:914} INFO - Processing file /home/airflow/.local/lib/python3.12/site-packages/airflow/example_dags/example_branch_python_dop_operator_3.py for tasks to queue
[2024-11-25T06:21:58.170+0000] {logging_mixin.py:190} INFO - [2024-11-25T06:21:58.169+0000] {dagbag.py:588} INFO - Filling up the DagBag from /home/airflow/.local/lib/python3.12/site-packages/airflow/example_dags/example_branch_python_dop_operator_3.py
[2024-11-25T06:21:58.194+0000] {processor.py:925} INFO - DAG(s) 'example_branch_dop_operator_v3' retrieved from /home/airflow/.local/lib/python3.12/site-packages/airflow/example_dags/example_branch_python_dop_operator_3.py
[2024-11-25T06:21:58.230+0000] {logging_mixin.py:190} INFO - [2024-11-25T06:21:58.230+0000] {dag.py:3239} INFO - Sync 1 DAGs
[2024-11-25T06:21:58.282+0000] {logging_mixin.py:190} INFO - [2024-11-25T06:21:58.282+0000] {dag.py:4180} INFO - Setting next_dagrun for example_branch_dop_operator_v3 to 2024-11-25 06:20:00+00:00, run_after=2024-11-25 06:21:00+00:00
[2024-11-25T06:21:58.322+0000] {processor.py:208} INFO - Processing /home/airflow/.local/lib/python3.12/site-packages/airflow/example_dags/example_branch_python_dop_operator_3.py took 0.173 seconds
[2024-11-25T06:22:30.736+0000] {processor.py:186} INFO - Started process (PID=4473) to work on /home/airflow/.local/lib/python3.12/site-packages/airflow/example_dags/example_branch_python_dop_operator_3.py
[2024-11-25T06:22:30.741+0000] {processor.py:914} INFO - Processing file /home/airflow/.local/lib/python3.12/site-packages/airflow/example_dags/example_branch_python_dop_operator_3.py for tasks to queue
[2024-11-25T06:22:30.753+0000] {logging_mixin.py:190} INFO - [2024-11-25T06:22:30.745+0000] {dagbag.py:588} INFO - Filling up the DagBag from /home/airflow/.local/lib/python3.12/site-packages/airflow/example_dags/example_branch_python_dop_operator_3.py
[2024-11-25T06:22:30.802+0000] {processor.py:925} INFO - DAG(s) 'example_branch_dop_operator_v3' retrieved from /home/airflow/.local/lib/python3.12/site-packages/airflow/example_dags/example_branch_python_dop_operator_3.py
[2024-11-25T06:22:30.914+0000] {logging_mixin.py:190} INFO - [2024-11-25T06:22:30.913+0000] {dag.py:3239} INFO - Sync 1 DAGs
[2024-11-25T06:22:31.048+0000] {logging_mixin.py:190} INFO - [2024-11-25T06:22:31.047+0000] {dag.py:4180} INFO - Setting next_dagrun for example_branch_dop_operator_v3 to 2024-11-25 06:21:00+00:00, run_after=2024-11-25 06:22:00+00:00
[2024-11-25T06:22:31.139+0000] {processor.py:208} INFO - Processing /home/airflow/.local/lib/python3.12/site-packages/airflow/example_dags/example_branch_python_dop_operator_3.py took 0.419 seconds
[2024-11-25T06:23:01.755+0000] {processor.py:186} INFO - Started process (PID=4772) to work on /home/airflow/.local/lib/python3.12/site-packages/airflow/example_dags/example_branch_python_dop_operator_3.py
[2024-11-25T06:23:01.757+0000] {processor.py:914} INFO - Processing file /home/airflow/.local/lib/python3.12/site-packages/airflow/example_dags/example_branch_python_dop_operator_3.py for tasks to queue
[2024-11-25T06:23:01.761+0000] {logging_mixin.py:190} INFO - [2024-11-25T06:23:01.760+0000] {dagbag.py:588} INFO - Filling up the DagBag from /home/airflow/.local/lib/python3.12/site-packages/airflow/example_dags/example_branch_python_dop_operator_3.py
[2024-11-25T06:23:01.772+0000] {processor.py:925} INFO - DAG(s) 'example_branch_dop_operator_v3' retrieved from /home/airflow/.local/lib/python3.12/site-packages/airflow/example_dags/example_branch_python_dop_operator_3.py
[2024-11-25T06:23:01.796+0000] {logging_mixin.py:190} INFO - [2024-11-25T06:23:01.796+0000] {dag.py:3239} INFO - Sync 1 DAGs
[2024-11-25T06:23:01.824+0000] {logging_mixin.py:190} INFO - [2024-11-25T06:23:01.824+0000] {dag.py:4180} INFO - Setting next_dagrun for example_branch_dop_operator_v3 to 2024-11-25 06:22:00+00:00, run_after=2024-11-25 06:23:00+00:00
[2024-11-25T06:23:01.842+0000] {processor.py:208} INFO - Processing /home/airflow/.local/lib/python3.12/site-packages/airflow/example_dags/example_branch_python_dop_operator_3.py took 0.093 seconds
[2024-11-25T06:23:32.196+0000] {processor.py:186} INFO - Started process (PID=5073) to work on /home/airflow/.local/lib/python3.12/site-packages/airflow/example_dags/example_branch_python_dop_operator_3.py
[2024-11-25T06:23:32.198+0000] {processor.py:914} INFO - Processing file /home/airflow/.local/lib/python3.12/site-packages/airflow/example_dags/example_branch_python_dop_operator_3.py for tasks to queue
[2024-11-25T06:23:32.201+0000] {logging_mixin.py:190} INFO - [2024-11-25T06:23:32.201+0000] {dagbag.py:588} INFO - Filling up the DagBag from /home/airflow/.local/lib/python3.12/site-packages/airflow/example_dags/example_branch_python_dop_operator_3.py
[2024-11-25T06:23:32.217+0000] {processor.py:925} INFO - DAG(s) 'example_branch_dop_operator_v3' retrieved from /home/airflow/.local/lib/python3.12/site-packages/airflow/example_dags/example_branch_python_dop_operator_3.py
[2024-11-25T06:23:32.246+0000] {logging_mixin.py:190} INFO - [2024-11-25T06:23:32.246+0000] {dag.py:3239} INFO - Sync 1 DAGs
[2024-11-25T06:23:32.271+0000] {logging_mixin.py:190} INFO - [2024-11-25T06:23:32.271+0000] {dag.py:4180} INFO - Setting next_dagrun for example_branch_dop_operator_v3 to 2024-11-25 06:22:00+00:00, run_after=2024-11-25 06:23:00+00:00
[2024-11-25T06:23:32.291+0000] {processor.py:208} INFO - Processing /home/airflow/.local/lib/python3.12/site-packages/airflow/example_dags/example_branch_python_dop_operator_3.py took 0.109 seconds
[2024-11-25T06:24:03.717+0000] {processor.py:186} INFO - Started process (PID=5374) to work on /home/airflow/.local/lib/python3.12/site-packages/airflow/example_dags/example_branch_python_dop_operator_3.py
[2024-11-25T06:24:03.720+0000] {processor.py:914} INFO - Processing file /home/airflow/.local/lib/python3.12/site-packages/airflow/example_dags/example_branch_python_dop_operator_3.py for tasks to queue
[2024-11-25T06:24:03.732+0000] {logging_mixin.py:190} INFO - [2024-11-25T06:24:03.731+0000] {dagbag.py:588} INFO - Filling up the DagBag from /home/airflow/.local/lib/python3.12/site-packages/airflow/example_dags/example_branch_python_dop_operator_3.py
[2024-11-25T06:24:03.769+0000] {processor.py:925} INFO - DAG(s) 'example_branch_dop_operator_v3' retrieved from /home/airflow/.local/lib/python3.12/site-packages/airflow/example_dags/example_branch_python_dop_operator_3.py
[2024-11-25T06:24:03.840+0000] {logging_mixin.py:190} INFO - [2024-11-25T06:24:03.839+0000] {dag.py:3239} INFO - Sync 1 DAGs
[2024-11-25T06:24:03.891+0000] {logging_mixin.py:190} INFO - [2024-11-25T06:24:03.891+0000] {dag.py:4180} INFO - Setting next_dagrun for example_branch_dop_operator_v3 to 2024-11-25 06:23:00+00:00, run_after=2024-11-25 06:24:00+00:00
[2024-11-25T06:24:03.919+0000] {processor.py:208} INFO - Processing /home/airflow/.local/lib/python3.12/site-packages/airflow/example_dags/example_branch_python_dop_operator_3.py took 0.223 seconds
[2024-11-25T06:24:34.748+0000] {processor.py:186} INFO - Started process (PID=5675) to work on /home/airflow/.local/lib/python3.12/site-packages/airflow/example_dags/example_branch_python_dop_operator_3.py
[2024-11-25T06:24:34.749+0000] {processor.py:914} INFO - Processing file /home/airflow/.local/lib/python3.12/site-packages/airflow/example_dags/example_branch_python_dop_operator_3.py for tasks to queue
[2024-11-25T06:24:34.751+0000] {logging_mixin.py:190} INFO - [2024-11-25T06:24:34.751+0000] {dagbag.py:588} INFO - Filling up the DagBag from /home/airflow/.local/lib/python3.12/site-packages/airflow/example_dags/example_branch_python_dop_operator_3.py
[2024-11-25T06:24:34.761+0000] {processor.py:925} INFO - DAG(s) 'example_branch_dop_operator_v3' retrieved from /home/airflow/.local/lib/python3.12/site-packages/airflow/example_dags/example_branch_python_dop_operator_3.py
[2024-11-25T06:24:34.788+0000] {logging_mixin.py:190} INFO - [2024-11-25T06:24:34.788+0000] {dag.py:3239} INFO - Sync 1 DAGs
[2024-11-25T06:24:34.828+0000] {logging_mixin.py:190} INFO - [2024-11-25T06:24:34.828+0000] {dag.py:4180} INFO - Setting next_dagrun for example_branch_dop_operator_v3 to 2024-11-25 06:23:00+00:00, run_after=2024-11-25 06:24:00+00:00
[2024-11-25T06:24:34.860+0000] {processor.py:208} INFO - Processing /home/airflow/.local/lib/python3.12/site-packages/airflow/example_dags/example_branch_python_dop_operator_3.py took 0.118 seconds
[2024-11-25T06:25:05.973+0000] {processor.py:186} INFO - Started process (PID=5942) to work on /home/airflow/.local/lib/python3.12/site-packages/airflow/example_dags/example_branch_python_dop_operator_3.py
[2024-11-25T06:25:05.974+0000] {processor.py:914} INFO - Processing file /home/airflow/.local/lib/python3.12/site-packages/airflow/example_dags/example_branch_python_dop_operator_3.py for tasks to queue
[2024-11-25T06:25:05.977+0000] {logging_mixin.py:190} INFO - [2024-11-25T06:25:05.976+0000] {dagbag.py:588} INFO - Filling up the DagBag from /home/airflow/.local/lib/python3.12/site-packages/airflow/example_dags/example_branch_python_dop_operator_3.py
[2024-11-25T06:25:05.987+0000] {processor.py:925} INFO - DAG(s) 'example_branch_dop_operator_v3' retrieved from /home/airflow/.local/lib/python3.12/site-packages/airflow/example_dags/example_branch_python_dop_operator_3.py
[2024-11-25T06:25:06.018+0000] {logging_mixin.py:190} INFO - [2024-11-25T06:25:06.017+0000] {dag.py:3239} INFO - Sync 1 DAGs
[2024-11-25T06:25:06.051+0000] {logging_mixin.py:190} INFO - [2024-11-25T06:25:06.050+0000] {dag.py:4180} INFO - Setting next_dagrun for example_branch_dop_operator_v3 to 2024-11-25 06:24:00+00:00, run_after=2024-11-25 06:25:00+00:00
[2024-11-25T06:25:06.070+0000] {processor.py:208} INFO - Processing /home/airflow/.local/lib/python3.12/site-packages/airflow/example_dags/example_branch_python_dop_operator_3.py took 0.102 seconds
[2024-11-25T06:25:37.669+0000] {processor.py:186} INFO - Started process (PID=6247) to work on /home/airflow/.local/lib/python3.12/site-packages/airflow/example_dags/example_branch_python_dop_operator_3.py
[2024-11-25T06:25:37.671+0000] {processor.py:914} INFO - Processing file /home/airflow/.local/lib/python3.12/site-packages/airflow/example_dags/example_branch_python_dop_operator_3.py for tasks to queue
[2024-11-25T06:25:37.673+0000] {logging_mixin.py:190} INFO - [2024-11-25T06:25:37.673+0000] {dagbag.py:588} INFO - Filling up the DagBag from /home/airflow/.local/lib/python3.12/site-packages/airflow/example_dags/example_branch_python_dop_operator_3.py
[2024-11-25T06:25:37.688+0000] {processor.py:925} INFO - DAG(s) 'example_branch_dop_operator_v3' retrieved from /home/airflow/.local/lib/python3.12/site-packages/airflow/example_dags/example_branch_python_dop_operator_3.py
[2024-11-25T06:25:37.716+0000] {logging_mixin.py:190} INFO - [2024-11-25T06:25:37.716+0000] {dag.py:3239} INFO - Sync 1 DAGs
[2024-11-25T06:25:37.749+0000] {logging_mixin.py:190} INFO - [2024-11-25T06:25:37.749+0000] {dag.py:4180} INFO - Setting next_dagrun for example_branch_dop_operator_v3 to 2024-11-25 06:24:00+00:00, run_after=2024-11-25 06:25:00+00:00
[2024-11-25T06:25:37.775+0000] {processor.py:208} INFO - Processing /home/airflow/.local/lib/python3.12/site-packages/airflow/example_dags/example_branch_python_dop_operator_3.py took 0.112 seconds
[2024-11-25T06:26:08.489+0000] {processor.py:186} INFO - Started process (PID=6509) to work on /home/airflow/.local/lib/python3.12/site-packages/airflow/example_dags/example_branch_python_dop_operator_3.py
[2024-11-25T06:26:08.490+0000] {processor.py:914} INFO - Processing file /home/airflow/.local/lib/python3.12/site-packages/airflow/example_dags/example_branch_python_dop_operator_3.py for tasks to queue
[2024-11-25T06:26:08.493+0000] {logging_mixin.py:190} INFO - [2024-11-25T06:26:08.492+0000] {dagbag.py:588} INFO - Filling up the DagBag from /home/airflow/.local/lib/python3.12/site-packages/airflow/example_dags/example_branch_python_dop_operator_3.py
[2024-11-25T06:26:08.502+0000] {processor.py:925} INFO - DAG(s) 'example_branch_dop_operator_v3' retrieved from /home/airflow/.local/lib/python3.12/site-packages/airflow/example_dags/example_branch_python_dop_operator_3.py
[2024-11-25T06:26:08.524+0000] {logging_mixin.py:190} INFO - [2024-11-25T06:26:08.524+0000] {dag.py:3239} INFO - Sync 1 DAGs
[2024-11-25T06:26:08.551+0000] {logging_mixin.py:190} INFO - [2024-11-25T06:26:08.551+0000] {dag.py:4180} INFO - Setting next_dagrun for example_branch_dop_operator_v3 to 2024-11-25 06:25:00+00:00, run_after=2024-11-25 06:26:00+00:00
[2024-11-25T06:26:08.575+0000] {processor.py:208} INFO - Processing /home/airflow/.local/lib/python3.12/site-packages/airflow/example_dags/example_branch_python_dop_operator_3.py took 0.091 seconds
[2024-11-25T06:26:40.219+0000] {processor.py:186} INFO - Started process (PID=6773) to work on /home/airflow/.local/lib/python3.12/site-packages/airflow/example_dags/example_branch_python_dop_operator_3.py
[2024-11-25T06:26:40.223+0000] {processor.py:914} INFO - Processing file /home/airflow/.local/lib/python3.12/site-packages/airflow/example_dags/example_branch_python_dop_operator_3.py for tasks to queue
[2024-11-25T06:26:40.230+0000] {logging_mixin.py:190} INFO - [2024-11-25T06:26:40.229+0000] {dagbag.py:588} INFO - Filling up the DagBag from /home/airflow/.local/lib/python3.12/site-packages/airflow/example_dags/example_branch_python_dop_operator_3.py
[2024-11-25T06:26:40.257+0000] {processor.py:925} INFO - DAG(s) 'example_branch_dop_operator_v3' retrieved from /home/airflow/.local/lib/python3.12/site-packages/airflow/example_dags/example_branch_python_dop_operator_3.py
[2024-11-25T06:26:40.340+0000] {logging_mixin.py:190} INFO - [2024-11-25T06:26:40.340+0000] {dag.py:3239} INFO - Sync 1 DAGs
[2024-11-25T06:26:40.471+0000] {logging_mixin.py:190} INFO - [2024-11-25T06:26:40.470+0000] {dag.py:4180} INFO - Setting next_dagrun for example_branch_dop_operator_v3 to 2024-11-25 06:25:00+00:00, run_after=2024-11-25 06:26:00+00:00
[2024-11-25T06:26:40.934+0000] {processor.py:208} INFO - Processing /home/airflow/.local/lib/python3.12/site-packages/airflow/example_dags/example_branch_python_dop_operator_3.py took 0.732 seconds
[2024-11-25T06:27:12.040+0000] {processor.py:186} INFO - Started process (PID=7074) to work on /home/airflow/.local/lib/python3.12/site-packages/airflow/example_dags/example_branch_python_dop_operator_3.py
[2024-11-25T06:27:12.047+0000] {processor.py:914} INFO - Processing file /home/airflow/.local/lib/python3.12/site-packages/airflow/example_dags/example_branch_python_dop_operator_3.py for tasks to queue
[2024-11-25T06:27:12.054+0000] {logging_mixin.py:190} INFO - [2024-11-25T06:27:12.053+0000] {dagbag.py:588} INFO - Filling up the DagBag from /home/airflow/.local/lib/python3.12/site-packages/airflow/example_dags/example_branch_python_dop_operator_3.py
[2024-11-25T06:27:12.076+0000] {processor.py:925} INFO - DAG(s) 'example_branch_dop_operator_v3' retrieved from /home/airflow/.local/lib/python3.12/site-packages/airflow/example_dags/example_branch_python_dop_operator_3.py
[2024-11-25T06:27:12.113+0000] {logging_mixin.py:190} INFO - [2024-11-25T06:27:12.112+0000] {dag.py:3239} INFO - Sync 1 DAGs
[2024-11-25T06:27:12.164+0000] {logging_mixin.py:190} INFO - [2024-11-25T06:27:12.164+0000] {dag.py:4180} INFO - Setting next_dagrun for example_branch_dop_operator_v3 to 2024-11-25 06:26:00+00:00, run_after=2024-11-25 06:27:00+00:00
[2024-11-25T06:27:12.197+0000] {processor.py:208} INFO - Processing /home/airflow/.local/lib/python3.12/site-packages/airflow/example_dags/example_branch_python_dop_operator_3.py took 0.185 seconds
[2024-11-25T06:27:42.310+0000] {processor.py:186} INFO - Started process (PID=7350) to work on /home/airflow/.local/lib/python3.12/site-packages/airflow/example_dags/example_branch_python_dop_operator_3.py
[2024-11-25T06:27:42.311+0000] {processor.py:914} INFO - Processing file /home/airflow/.local/lib/python3.12/site-packages/airflow/example_dags/example_branch_python_dop_operator_3.py for tasks to queue
[2024-11-25T06:27:42.314+0000] {logging_mixin.py:190} INFO - [2024-11-25T06:27:42.313+0000] {dagbag.py:588} INFO - Filling up the DagBag from /home/airflow/.local/lib/python3.12/site-packages/airflow/example_dags/example_branch_python_dop_operator_3.py
[2024-11-25T06:27:42.325+0000] {processor.py:925} INFO - DAG(s) 'example_branch_dop_operator_v3' retrieved from /home/airflow/.local/lib/python3.12/site-packages/airflow/example_dags/example_branch_python_dop_operator_3.py
[2024-11-25T06:27:42.352+0000] {logging_mixin.py:190} INFO - [2024-11-25T06:27:42.351+0000] {dag.py:3239} INFO - Sync 1 DAGs
[2024-11-25T06:27:42.379+0000] {logging_mixin.py:190} INFO - [2024-11-25T06:27:42.379+0000] {dag.py:4180} INFO - Setting next_dagrun for example_branch_dop_operator_v3 to 2024-11-25 06:26:00+00:00, run_after=2024-11-25 06:27:00+00:00
[2024-11-25T06:27:42.406+0000] {processor.py:208} INFO - Processing /home/airflow/.local/lib/python3.12/site-packages/airflow/example_dags/example_branch_python_dop_operator_3.py took 0.104 seconds
[2024-11-25T06:28:12.523+0000] {processor.py:186} INFO - Started process (PID=7651) to work on /home/airflow/.local/lib/python3.12/site-packages/airflow/example_dags/example_branch_python_dop_operator_3.py
[2024-11-25T06:28:12.524+0000] {processor.py:914} INFO - Processing file /home/airflow/.local/lib/python3.12/site-packages/airflow/example_dags/example_branch_python_dop_operator_3.py for tasks to queue
[2024-11-25T06:28:12.526+0000] {logging_mixin.py:190} INFO - [2024-11-25T06:28:12.526+0000] {dagbag.py:588} INFO - Filling up the DagBag from /home/airflow/.local/lib/python3.12/site-packages/airflow/example_dags/example_branch_python_dop_operator_3.py
[2024-11-25T06:28:12.539+0000] {processor.py:925} INFO - DAG(s) 'example_branch_dop_operator_v3' retrieved from /home/airflow/.local/lib/python3.12/site-packages/airflow/example_dags/example_branch_python_dop_operator_3.py
[2024-11-25T06:28:12.566+0000] {logging_mixin.py:190} INFO - [2024-11-25T06:28:12.566+0000] {dag.py:3239} INFO - Sync 1 DAGs
[2024-11-25T06:28:12.603+0000] {logging_mixin.py:190} INFO - [2024-11-25T06:28:12.602+0000] {dag.py:4180} INFO - Setting next_dagrun for example_branch_dop_operator_v3 to 2024-11-25 06:27:00+00:00, run_after=2024-11-25 06:28:00+00:00
[2024-11-25T06:28:12.633+0000] {processor.py:208} INFO - Processing /home/airflow/.local/lib/python3.12/site-packages/airflow/example_dags/example_branch_python_dop_operator_3.py took 0.117 seconds
[2024-11-25T06:28:43.653+0000] {processor.py:186} INFO - Started process (PID=7952) to work on /home/airflow/.local/lib/python3.12/site-packages/airflow/example_dags/example_branch_python_dop_operator_3.py
[2024-11-25T06:28:43.656+0000] {processor.py:914} INFO - Processing file /home/airflow/.local/lib/python3.12/site-packages/airflow/example_dags/example_branch_python_dop_operator_3.py for tasks to queue
[2024-11-25T06:28:43.663+0000] {logging_mixin.py:190} INFO - [2024-11-25T06:28:43.662+0000] {dagbag.py:588} INFO - Filling up the DagBag from /home/airflow/.local/lib/python3.12/site-packages/airflow/example_dags/example_branch_python_dop_operator_3.py
[2024-11-25T06:28:43.687+0000] {processor.py:925} INFO - DAG(s) 'example_branch_dop_operator_v3' retrieved from /home/airflow/.local/lib/python3.12/site-packages/airflow/example_dags/example_branch_python_dop_operator_3.py
[2024-11-25T06:28:43.717+0000] {logging_mixin.py:190} INFO - [2024-11-25T06:28:43.717+0000] {dag.py:3239} INFO - Sync 1 DAGs
[2024-11-25T06:28:43.749+0000] {logging_mixin.py:190} INFO - [2024-11-25T06:28:43.749+0000] {dag.py:4180} INFO - Setting next_dagrun for example_branch_dop_operator_v3 to 2024-11-25 06:27:00+00:00, run_after=2024-11-25 06:28:00+00:00
[2024-11-25T06:28:43.775+0000] {processor.py:208} INFO - Processing /home/airflow/.local/lib/python3.12/site-packages/airflow/example_dags/example_branch_python_dop_operator_3.py took 0.135 seconds
[2024-11-25T06:29:13.983+0000] {processor.py:186} INFO - Started process (PID=8253) to work on /home/airflow/.local/lib/python3.12/site-packages/airflow/example_dags/example_branch_python_dop_operator_3.py
[2024-11-25T06:29:13.985+0000] {processor.py:914} INFO - Processing file /home/airflow/.local/lib/python3.12/site-packages/airflow/example_dags/example_branch_python_dop_operator_3.py for tasks to queue
[2024-11-25T06:29:13.991+0000] {logging_mixin.py:190} INFO - [2024-11-25T06:29:13.990+0000] {dagbag.py:588} INFO - Filling up the DagBag from /home/airflow/.local/lib/python3.12/site-packages/airflow/example_dags/example_branch_python_dop_operator_3.py
[2024-11-25T06:29:14.016+0000] {processor.py:925} INFO - DAG(s) 'example_branch_dop_operator_v3' retrieved from /home/airflow/.local/lib/python3.12/site-packages/airflow/example_dags/example_branch_python_dop_operator_3.py
[2024-11-25T06:29:14.067+0000] {logging_mixin.py:190} INFO - [2024-11-25T06:29:14.066+0000] {dag.py:3239} INFO - Sync 1 DAGs
[2024-11-25T06:29:14.117+0000] {logging_mixin.py:190} INFO - [2024-11-25T06:29:14.117+0000] {dag.py:4180} INFO - Setting next_dagrun for example_branch_dop_operator_v3 to 2024-11-25 06:28:00+00:00, run_after=2024-11-25 06:29:00+00:00
[2024-11-25T06:29:14.141+0000] {processor.py:208} INFO - Processing /home/airflow/.local/lib/python3.12/site-packages/airflow/example_dags/example_branch_python_dop_operator_3.py took 0.166 seconds
[2024-11-25T06:29:44.255+0000] {processor.py:186} INFO - Started process (PID=8551) to work on /home/airflow/.local/lib/python3.12/site-packages/airflow/example_dags/example_branch_python_dop_operator_3.py
[2024-11-25T06:29:44.256+0000] {processor.py:914} INFO - Processing file /home/airflow/.local/lib/python3.12/site-packages/airflow/example_dags/example_branch_python_dop_operator_3.py for tasks to queue
[2024-11-25T06:29:44.259+0000] {logging_mixin.py:190} INFO - [2024-11-25T06:29:44.258+0000] {dagbag.py:588} INFO - Filling up the DagBag from /home/airflow/.local/lib/python3.12/site-packages/airflow/example_dags/example_branch_python_dop_operator_3.py
[2024-11-25T06:29:44.271+0000] {processor.py:925} INFO - DAG(s) 'example_branch_dop_operator_v3' retrieved from /home/airflow/.local/lib/python3.12/site-packages/airflow/example_dags/example_branch_python_dop_operator_3.py
[2024-11-25T06:29:44.296+0000] {logging_mixin.py:190} INFO - [2024-11-25T06:29:44.296+0000] {dag.py:3239} INFO - Sync 1 DAGs
[2024-11-25T06:29:44.325+0000] {logging_mixin.py:190} INFO - [2024-11-25T06:29:44.325+0000] {dag.py:4180} INFO - Setting next_dagrun for example_branch_dop_operator_v3 to 2024-11-25 06:28:00+00:00, run_after=2024-11-25 06:29:00+00:00
[2024-11-25T06:29:44.344+0000] {processor.py:208} INFO - Processing /home/airflow/.local/lib/python3.12/site-packages/airflow/example_dags/example_branch_python_dop_operator_3.py took 0.099 seconds
[2024-11-25T06:30:14.733+0000] {processor.py:186} INFO - Started process (PID=8852) to work on /home/airflow/.local/lib/python3.12/site-packages/airflow/example_dags/example_branch_python_dop_operator_3.py
[2024-11-25T06:30:14.739+0000] {processor.py:914} INFO - Processing file /home/airflow/.local/lib/python3.12/site-packages/airflow/example_dags/example_branch_python_dop_operator_3.py for tasks to queue
[2024-11-25T06:30:14.748+0000] {logging_mixin.py:190} INFO - [2024-11-25T06:30:14.747+0000] {dagbag.py:588} INFO - Filling up the DagBag from /home/airflow/.local/lib/python3.12/site-packages/airflow/example_dags/example_branch_python_dop_operator_3.py
[2024-11-25T06:30:14.783+0000] {processor.py:925} INFO - DAG(s) 'example_branch_dop_operator_v3' retrieved from /home/airflow/.local/lib/python3.12/site-packages/airflow/example_dags/example_branch_python_dop_operator_3.py
[2024-11-25T06:30:14.839+0000] {logging_mixin.py:190} INFO - [2024-11-25T06:30:14.839+0000] {dag.py:3239} INFO - Sync 1 DAGs
[2024-11-25T06:30:14.919+0000] {logging_mixin.py:190} INFO - [2024-11-25T06:30:14.918+0000] {dag.py:4180} INFO - Setting next_dagrun for example_branch_dop_operator_v3 to 2024-11-25 06:29:00+00:00, run_after=2024-11-25 06:30:00+00:00
[2024-11-25T06:30:14.990+0000] {processor.py:208} INFO - Processing /home/airflow/.local/lib/python3.12/site-packages/airflow/example_dags/example_branch_python_dop_operator_3.py took 0.273 seconds
[2024-11-25T06:30:45.490+0000] {processor.py:186} INFO - Started process (PID=9153) to work on /home/airflow/.local/lib/python3.12/site-packages/airflow/example_dags/example_branch_python_dop_operator_3.py
[2024-11-25T06:30:45.493+0000] {processor.py:914} INFO - Processing file /home/airflow/.local/lib/python3.12/site-packages/airflow/example_dags/example_branch_python_dop_operator_3.py for tasks to queue
[2024-11-25T06:30:45.499+0000] {logging_mixin.py:190} INFO - [2024-11-25T06:30:45.498+0000] {dagbag.py:588} INFO - Filling up the DagBag from /home/airflow/.local/lib/python3.12/site-packages/airflow/example_dags/example_branch_python_dop_operator_3.py
[2024-11-25T06:30:45.513+0000] {processor.py:925} INFO - DAG(s) 'example_branch_dop_operator_v3' retrieved from /home/airflow/.local/lib/python3.12/site-packages/airflow/example_dags/example_branch_python_dop_operator_3.py
[2024-11-25T06:30:45.542+0000] {logging_mixin.py:190} INFO - [2024-11-25T06:30:45.542+0000] {dag.py:3239} INFO - Sync 1 DAGs
[2024-11-25T06:30:45.573+0000] {logging_mixin.py:190} INFO - [2024-11-25T06:30:45.573+0000] {dag.py:4180} INFO - Setting next_dagrun for example_branch_dop_operator_v3 to 2024-11-25 06:29:00+00:00, run_after=2024-11-25 06:30:00+00:00
[2024-11-25T06:30:45.595+0000] {processor.py:208} INFO - Processing /home/airflow/.local/lib/python3.12/site-packages/airflow/example_dags/example_branch_python_dop_operator_3.py took 0.113 seconds
[2024-11-25T06:31:15.741+0000] {processor.py:186} INFO - Started process (PID=9444) to work on /home/airflow/.local/lib/python3.12/site-packages/airflow/example_dags/example_branch_python_dop_operator_3.py
[2024-11-25T06:31:15.742+0000] {processor.py:914} INFO - Processing file /home/airflow/.local/lib/python3.12/site-packages/airflow/example_dags/example_branch_python_dop_operator_3.py for tasks to queue
[2024-11-25T06:31:15.745+0000] {logging_mixin.py:190} INFO - [2024-11-25T06:31:15.744+0000] {dagbag.py:588} INFO - Filling up the DagBag from /home/airflow/.local/lib/python3.12/site-packages/airflow/example_dags/example_branch_python_dop_operator_3.py
[2024-11-25T06:31:15.755+0000] {processor.py:925} INFO - DAG(s) 'example_branch_dop_operator_v3' retrieved from /home/airflow/.local/lib/python3.12/site-packages/airflow/example_dags/example_branch_python_dop_operator_3.py
[2024-11-25T06:31:15.778+0000] {logging_mixin.py:190} INFO - [2024-11-25T06:31:15.778+0000] {dag.py:3239} INFO - Sync 1 DAGs
[2024-11-25T06:31:15.802+0000] {logging_mixin.py:190} INFO - [2024-11-25T06:31:15.802+0000] {dag.py:4180} INFO - Setting next_dagrun for example_branch_dop_operator_v3 to 2024-11-25 06:30:00+00:00, run_after=2024-11-25 06:31:00+00:00
[2024-11-25T06:31:15.822+0000] {processor.py:208} INFO - Processing /home/airflow/.local/lib/python3.12/site-packages/airflow/example_dags/example_branch_python_dop_operator_3.py took 0.088 seconds
[2024-11-25T06:31:46.446+0000] {processor.py:186} INFO - Started process (PID=9743) to work on /home/airflow/.local/lib/python3.12/site-packages/airflow/example_dags/example_branch_python_dop_operator_3.py
[2024-11-25T06:31:46.447+0000] {processor.py:914} INFO - Processing file /home/airflow/.local/lib/python3.12/site-packages/airflow/example_dags/example_branch_python_dop_operator_3.py for tasks to queue
[2024-11-25T06:31:46.453+0000] {logging_mixin.py:190} INFO - [2024-11-25T06:31:46.452+0000] {dagbag.py:588} INFO - Filling up the DagBag from /home/airflow/.local/lib/python3.12/site-packages/airflow/example_dags/example_branch_python_dop_operator_3.py
[2024-11-25T06:31:46.465+0000] {processor.py:925} INFO - DAG(s) 'example_branch_dop_operator_v3' retrieved from /home/airflow/.local/lib/python3.12/site-packages/airflow/example_dags/example_branch_python_dop_operator_3.py
[2024-11-25T06:31:46.492+0000] {logging_mixin.py:190} INFO - [2024-11-25T06:31:46.492+0000] {dag.py:3239} INFO - Sync 1 DAGs
[2024-11-25T06:31:46.528+0000] {logging_mixin.py:190} INFO - [2024-11-25T06:31:46.528+0000] {dag.py:4180} INFO - Setting next_dagrun for example_branch_dop_operator_v3 to 2024-11-25 06:30:00+00:00, run_after=2024-11-25 06:31:00+00:00
[2024-11-25T06:31:46.554+0000] {processor.py:208} INFO - Processing /home/airflow/.local/lib/python3.12/site-packages/airflow/example_dags/example_branch_python_dop_operator_3.py took 0.116 seconds
[2024-11-25T06:32:17.138+0000] {processor.py:186} INFO - Started process (PID=10021) to work on /home/airflow/.local/lib/python3.12/site-packages/airflow/example_dags/example_branch_python_dop_operator_3.py
[2024-11-25T06:32:17.139+0000] {processor.py:914} INFO - Processing file /home/airflow/.local/lib/python3.12/site-packages/airflow/example_dags/example_branch_python_dop_operator_3.py for tasks to queue
[2024-11-25T06:32:17.141+0000] {logging_mixin.py:190} INFO - [2024-11-25T06:32:17.141+0000] {dagbag.py:588} INFO - Filling up the DagBag from /home/airflow/.local/lib/python3.12/site-packages/airflow/example_dags/example_branch_python_dop_operator_3.py
[2024-11-25T06:32:17.154+0000] {processor.py:925} INFO - DAG(s) 'example_branch_dop_operator_v3' retrieved from /home/airflow/.local/lib/python3.12/site-packages/airflow/example_dags/example_branch_python_dop_operator_3.py
[2024-11-25T06:32:17.180+0000] {logging_mixin.py:190} INFO - [2024-11-25T06:32:17.180+0000] {dag.py:3239} INFO - Sync 1 DAGs
[2024-11-25T06:32:17.206+0000] {logging_mixin.py:190} INFO - [2024-11-25T06:32:17.206+0000] {dag.py:4180} INFO - Setting next_dagrun for example_branch_dop_operator_v3 to 2024-11-25 06:31:00+00:00, run_after=2024-11-25 06:32:00+00:00
[2024-11-25T06:32:17.229+0000] {processor.py:208} INFO - Processing /home/airflow/.local/lib/python3.12/site-packages/airflow/example_dags/example_branch_python_dop_operator_3.py took 0.097 seconds
[2024-11-25T06:32:48.253+0000] {processor.py:186} INFO - Started process (PID=10321) to work on /home/airflow/.local/lib/python3.12/site-packages/airflow/example_dags/example_branch_python_dop_operator_3.py
[2024-11-25T06:32:48.255+0000] {processor.py:914} INFO - Processing file /home/airflow/.local/lib/python3.12/site-packages/airflow/example_dags/example_branch_python_dop_operator_3.py for tasks to queue
[2024-11-25T06:32:48.260+0000] {logging_mixin.py:190} INFO - [2024-11-25T06:32:48.259+0000] {dagbag.py:588} INFO - Filling up the DagBag from /home/airflow/.local/lib/python3.12/site-packages/airflow/example_dags/example_branch_python_dop_operator_3.py
[2024-11-25T06:32:48.271+0000] {processor.py:925} INFO - DAG(s) 'example_branch_dop_operator_v3' retrieved from /home/airflow/.local/lib/python3.12/site-packages/airflow/example_dags/example_branch_python_dop_operator_3.py
[2024-11-25T06:32:48.294+0000] {logging_mixin.py:190} INFO - [2024-11-25T06:32:48.294+0000] {dag.py:3239} INFO - Sync 1 DAGs
[2024-11-25T06:32:48.322+0000] {logging_mixin.py:190} INFO - [2024-11-25T06:32:48.322+0000] {dag.py:4180} INFO - Setting next_dagrun for example_branch_dop_operator_v3 to 2024-11-25 06:31:00+00:00, run_after=2024-11-25 06:32:00+00:00
[2024-11-25T06:32:48.346+0000] {processor.py:208} INFO - Processing /home/airflow/.local/lib/python3.12/site-packages/airflow/example_dags/example_branch_python_dop_operator_3.py took 0.098 seconds
[2024-11-25T06:33:19.445+0000] {processor.py:186} INFO - Started process (PID=10617) to work on /home/airflow/.local/lib/python3.12/site-packages/airflow/example_dags/example_branch_python_dop_operator_3.py
[2024-11-25T06:33:19.447+0000] {processor.py:914} INFO - Processing file /home/airflow/.local/lib/python3.12/site-packages/airflow/example_dags/example_branch_python_dop_operator_3.py for tasks to queue
[2024-11-25T06:33:19.453+0000] {logging_mixin.py:190} INFO - [2024-11-25T06:33:19.452+0000] {dagbag.py:588} INFO - Filling up the DagBag from /home/airflow/.local/lib/python3.12/site-packages/airflow/example_dags/example_branch_python_dop_operator_3.py
[2024-11-25T06:33:19.468+0000] {processor.py:925} INFO - DAG(s) 'example_branch_dop_operator_v3' retrieved from /home/airflow/.local/lib/python3.12/site-packages/airflow/example_dags/example_branch_python_dop_operator_3.py
[2024-11-25T06:33:19.507+0000] {logging_mixin.py:190} INFO - [2024-11-25T06:33:19.506+0000] {dag.py:3239} INFO - Sync 1 DAGs
[2024-11-25T06:33:19.542+0000] {logging_mixin.py:190} INFO - [2024-11-25T06:33:19.542+0000] {dag.py:4180} INFO - Setting next_dagrun for example_branch_dop_operator_v3 to 2024-11-25 06:32:00+00:00, run_after=2024-11-25 06:33:00+00:00
[2024-11-25T06:33:19.572+0000] {processor.py:208} INFO - Processing /home/airflow/.local/lib/python3.12/site-packages/airflow/example_dags/example_branch_python_dop_operator_3.py took 0.134 seconds
[2024-11-25T06:33:50.947+0000] {processor.py:186} INFO - Started process (PID=10918) to work on /home/airflow/.local/lib/python3.12/site-packages/airflow/example_dags/example_branch_python_dop_operator_3.py
[2024-11-25T06:33:50.948+0000] {processor.py:914} INFO - Processing file /home/airflow/.local/lib/python3.12/site-packages/airflow/example_dags/example_branch_python_dop_operator_3.py for tasks to queue
[2024-11-25T06:33:50.951+0000] {logging_mixin.py:190} INFO - [2024-11-25T06:33:50.951+0000] {dagbag.py:588} INFO - Filling up the DagBag from /home/airflow/.local/lib/python3.12/site-packages/airflow/example_dags/example_branch_python_dop_operator_3.py
[2024-11-25T06:33:50.961+0000] {processor.py:925} INFO - DAG(s) 'example_branch_dop_operator_v3' retrieved from /home/airflow/.local/lib/python3.12/site-packages/airflow/example_dags/example_branch_python_dop_operator_3.py
[2024-11-25T06:33:50.984+0000] {logging_mixin.py:190} INFO - [2024-11-25T06:33:50.984+0000] {dag.py:3239} INFO - Sync 1 DAGs
[2024-11-25T06:33:51.015+0000] {logging_mixin.py:190} INFO - [2024-11-25T06:33:51.015+0000] {dag.py:4180} INFO - Setting next_dagrun for example_branch_dop_operator_v3 to 2024-11-25 06:32:00+00:00, run_after=2024-11-25 06:33:00+00:00
[2024-11-25T06:33:51.035+0000] {processor.py:208} INFO - Processing /home/airflow/.local/lib/python3.12/site-packages/airflow/example_dags/example_branch_python_dop_operator_3.py took 0.094 seconds
[2024-11-25T06:34:22.078+0000] {processor.py:186} INFO - Started process (PID=11219) to work on /home/airflow/.local/lib/python3.12/site-packages/airflow/example_dags/example_branch_python_dop_operator_3.py
[2024-11-25T06:34:22.079+0000] {processor.py:914} INFO - Processing file /home/airflow/.local/lib/python3.12/site-packages/airflow/example_dags/example_branch_python_dop_operator_3.py for tasks to queue
[2024-11-25T06:34:22.082+0000] {logging_mixin.py:190} INFO - [2024-11-25T06:34:22.081+0000] {dagbag.py:588} INFO - Filling up the DagBag from /home/airflow/.local/lib/python3.12/site-packages/airflow/example_dags/example_branch_python_dop_operator_3.py
[2024-11-25T06:34:22.098+0000] {processor.py:925} INFO - DAG(s) 'example_branch_dop_operator_v3' retrieved from /home/airflow/.local/lib/python3.12/site-packages/airflow/example_dags/example_branch_python_dop_operator_3.py
[2024-11-25T06:34:22.125+0000] {logging_mixin.py:190} INFO - [2024-11-25T06:34:22.124+0000] {dag.py:3239} INFO - Sync 1 DAGs
[2024-11-25T06:34:22.160+0000] {logging_mixin.py:190} INFO - [2024-11-25T06:34:22.160+0000] {dag.py:4180} INFO - Setting next_dagrun for example_branch_dop_operator_v3 to 2024-11-25 06:33:00+00:00, run_after=2024-11-25 06:34:00+00:00
[2024-11-25T06:34:22.187+0000] {processor.py:208} INFO - Processing /home/airflow/.local/lib/python3.12/site-packages/airflow/example_dags/example_branch_python_dop_operator_3.py took 0.116 seconds
[2024-11-25T06:34:53.224+0000] {processor.py:186} INFO - Started process (PID=11502) to work on /home/airflow/.local/lib/python3.12/site-packages/airflow/example_dags/example_branch_python_dop_operator_3.py
[2024-11-25T06:34:53.226+0000] {processor.py:914} INFO - Processing file /home/airflow/.local/lib/python3.12/site-packages/airflow/example_dags/example_branch_python_dop_operator_3.py for tasks to queue
[2024-11-25T06:34:53.228+0000] {logging_mixin.py:190} INFO - [2024-11-25T06:34:53.228+0000] {dagbag.py:588} INFO - Filling up the DagBag from /home/airflow/.local/lib/python3.12/site-packages/airflow/example_dags/example_branch_python_dop_operator_3.py
[2024-11-25T06:34:53.241+0000] {processor.py:925} INFO - DAG(s) 'example_branch_dop_operator_v3' retrieved from /home/airflow/.local/lib/python3.12/site-packages/airflow/example_dags/example_branch_python_dop_operator_3.py
[2024-11-25T06:34:53.265+0000] {logging_mixin.py:190} INFO - [2024-11-25T06:34:53.265+0000] {dag.py:3239} INFO - Sync 1 DAGs
[2024-11-25T06:34:53.292+0000] {logging_mixin.py:190} INFO - [2024-11-25T06:34:53.291+0000] {dag.py:4180} INFO - Setting next_dagrun for example_branch_dop_operator_v3 to 2024-11-25 06:33:00+00:00, run_after=2024-11-25 06:34:00+00:00
[2024-11-25T06:34:53.312+0000] {processor.py:208} INFO - Processing /home/airflow/.local/lib/python3.12/site-packages/airflow/example_dags/example_branch_python_dop_operator_3.py took 0.095 seconds
[2024-11-25T06:40:58.996+0000] {processor.py:186} INFO - Started process (PID=15104) to work on /home/airflow/.local/lib/python3.12/site-packages/airflow/example_dags/example_branch_python_dop_operator_3.py
[2024-11-25T06:40:58.999+0000] {processor.py:914} INFO - Processing file /home/airflow/.local/lib/python3.12/site-packages/airflow/example_dags/example_branch_python_dop_operator_3.py for tasks to queue
[2024-11-25T06:40:59.004+0000] {logging_mixin.py:190} INFO - [2024-11-25T06:40:59.003+0000] {dagbag.py:588} INFO - Filling up the DagBag from /home/airflow/.local/lib/python3.12/site-packages/airflow/example_dags/example_branch_python_dop_operator_3.py
[2024-11-25T06:40:59.024+0000] {processor.py:925} INFO - DAG(s) 'example_branch_dop_operator_v3' retrieved from /home/airflow/.local/lib/python3.12/site-packages/airflow/example_dags/example_branch_python_dop_operator_3.py
[2024-11-25T06:40:59.060+0000] {logging_mixin.py:190} INFO - [2024-11-25T06:40:59.059+0000] {dag.py:3239} INFO - Sync 1 DAGs
[2024-11-25T06:40:59.108+0000] {logging_mixin.py:190} INFO - [2024-11-25T06:40:59.108+0000] {dag.py:4180} INFO - Setting next_dagrun for example_branch_dop_operator_v3 to 2024-11-25 06:39:00+00:00, run_after=2024-11-25 06:40:00+00:00
[2024-11-25T06:40:59.133+0000] {processor.py:208} INFO - Processing /home/airflow/.local/lib/python3.12/site-packages/airflow/example_dags/example_branch_python_dop_operator_3.py took 0.146 seconds
[2024-11-25T06:41:29.359+0000] {processor.py:186} INFO - Started process (PID=15405) to work on /home/airflow/.local/lib/python3.12/site-packages/airflow/example_dags/example_branch_python_dop_operator_3.py
[2024-11-25T06:41:29.360+0000] {processor.py:914} INFO - Processing file /home/airflow/.local/lib/python3.12/site-packages/airflow/example_dags/example_branch_python_dop_operator_3.py for tasks to queue
[2024-11-25T06:41:29.363+0000] {logging_mixin.py:190} INFO - [2024-11-25T06:41:29.362+0000] {dagbag.py:588} INFO - Filling up the DagBag from /home/airflow/.local/lib/python3.12/site-packages/airflow/example_dags/example_branch_python_dop_operator_3.py
[2024-11-25T06:41:29.376+0000] {processor.py:925} INFO - DAG(s) 'example_branch_dop_operator_v3' retrieved from /home/airflow/.local/lib/python3.12/site-packages/airflow/example_dags/example_branch_python_dop_operator_3.py
[2024-11-25T06:41:29.404+0000] {logging_mixin.py:190} INFO - [2024-11-25T06:41:29.404+0000] {dag.py:3239} INFO - Sync 1 DAGs
[2024-11-25T06:41:29.436+0000] {logging_mixin.py:190} INFO - [2024-11-25T06:41:29.436+0000] {dag.py:4180} INFO - Setting next_dagrun for example_branch_dop_operator_v3 to 2024-11-25 06:40:00+00:00, run_after=2024-11-25 06:41:00+00:00
[2024-11-25T06:41:29.460+0000] {processor.py:208} INFO - Processing /home/airflow/.local/lib/python3.12/site-packages/airflow/example_dags/example_branch_python_dop_operator_3.py took 0.109 seconds
[2024-11-25T06:41:59.754+0000] {processor.py:186} INFO - Started process (PID=15707) to work on /home/airflow/.local/lib/python3.12/site-packages/airflow/example_dags/example_branch_python_dop_operator_3.py
[2024-11-25T06:41:59.755+0000] {processor.py:914} INFO - Processing file /home/airflow/.local/lib/python3.12/site-packages/airflow/example_dags/example_branch_python_dop_operator_3.py for tasks to queue
[2024-11-25T06:41:59.758+0000] {logging_mixin.py:190} INFO - [2024-11-25T06:41:59.758+0000] {dagbag.py:588} INFO - Filling up the DagBag from /home/airflow/.local/lib/python3.12/site-packages/airflow/example_dags/example_branch_python_dop_operator_3.py
[2024-11-25T06:41:59.769+0000] {processor.py:925} INFO - DAG(s) 'example_branch_dop_operator_v3' retrieved from /home/airflow/.local/lib/python3.12/site-packages/airflow/example_dags/example_branch_python_dop_operator_3.py
[2024-11-25T06:41:59.790+0000] {logging_mixin.py:190} INFO - [2024-11-25T06:41:59.790+0000] {dag.py:3239} INFO - Sync 1 DAGs
[2024-11-25T06:42:00.059+0000] {logging_mixin.py:190} INFO - [2024-11-25T06:42:00.058+0000] {dag.py:4180} INFO - Setting next_dagrun for example_branch_dop_operator_v3 to 2024-11-25 06:41:00+00:00, run_after=2024-11-25 06:42:00+00:00
[2024-11-25T06:42:00.075+0000] {processor.py:208} INFO - Processing /home/airflow/.local/lib/python3.12/site-packages/airflow/example_dags/example_branch_python_dop_operator_3.py took 0.328 seconds
[2024-11-25T06:42:30.924+0000] {processor.py:186} INFO - Started process (PID=16008) to work on /home/airflow/.local/lib/python3.12/site-packages/airflow/example_dags/example_branch_python_dop_operator_3.py
[2024-11-25T06:42:30.925+0000] {processor.py:914} INFO - Processing file /home/airflow/.local/lib/python3.12/site-packages/airflow/example_dags/example_branch_python_dop_operator_3.py for tasks to queue
[2024-11-25T06:42:30.928+0000] {logging_mixin.py:190} INFO - [2024-11-25T06:42:30.927+0000] {dagbag.py:588} INFO - Filling up the DagBag from /home/airflow/.local/lib/python3.12/site-packages/airflow/example_dags/example_branch_python_dop_operator_3.py
[2024-11-25T06:42:30.938+0000] {processor.py:925} INFO - DAG(s) 'example_branch_dop_operator_v3' retrieved from /home/airflow/.local/lib/python3.12/site-packages/airflow/example_dags/example_branch_python_dop_operator_3.py
[2024-11-25T06:42:30.962+0000] {logging_mixin.py:190} INFO - [2024-11-25T06:42:30.962+0000] {dag.py:3239} INFO - Sync 1 DAGs
[2024-11-25T06:42:30.995+0000] {logging_mixin.py:190} INFO - [2024-11-25T06:42:30.995+0000] {dag.py:4180} INFO - Setting next_dagrun for example_branch_dop_operator_v3 to 2024-11-25 06:41:00+00:00, run_after=2024-11-25 06:42:00+00:00
[2024-11-25T06:42:31.015+0000] {processor.py:208} INFO - Processing /home/airflow/.local/lib/python3.12/site-packages/airflow/example_dags/example_branch_python_dop_operator_3.py took 0.097 seconds
[2024-11-25T06:43:01.333+0000] {processor.py:186} INFO - Started process (PID=16309) to work on /home/airflow/.local/lib/python3.12/site-packages/airflow/example_dags/example_branch_python_dop_operator_3.py
[2024-11-25T06:43:01.335+0000] {processor.py:914} INFO - Processing file /home/airflow/.local/lib/python3.12/site-packages/airflow/example_dags/example_branch_python_dop_operator_3.py for tasks to queue
[2024-11-25T06:43:01.338+0000] {logging_mixin.py:190} INFO - [2024-11-25T06:43:01.337+0000] {dagbag.py:588} INFO - Filling up the DagBag from /home/airflow/.local/lib/python3.12/site-packages/airflow/example_dags/example_branch_python_dop_operator_3.py
[2024-11-25T06:43:01.348+0000] {processor.py:925} INFO - DAG(s) 'example_branch_dop_operator_v3' retrieved from /home/airflow/.local/lib/python3.12/site-packages/airflow/example_dags/example_branch_python_dop_operator_3.py
[2024-11-25T06:43:01.391+0000] {logging_mixin.py:190} INFO - [2024-11-25T06:43:01.391+0000] {dag.py:3239} INFO - Sync 1 DAGs
[2024-11-25T06:43:01.434+0000] {logging_mixin.py:190} INFO - [2024-11-25T06:43:01.432+0000] {dag.py:4180} INFO - Setting next_dagrun for example_branch_dop_operator_v3 to 2024-11-25 06:42:00+00:00, run_after=2024-11-25 06:43:00+00:00
[2024-11-25T06:43:01.469+0000] {processor.py:208} INFO - Processing /home/airflow/.local/lib/python3.12/site-packages/airflow/example_dags/example_branch_python_dop_operator_3.py took 0.142 seconds
[2024-11-25T06:43:32.012+0000] {processor.py:186} INFO - Started process (PID=16610) to work on /home/airflow/.local/lib/python3.12/site-packages/airflow/example_dags/example_branch_python_dop_operator_3.py
[2024-11-25T06:43:32.014+0000] {processor.py:914} INFO - Processing file /home/airflow/.local/lib/python3.12/site-packages/airflow/example_dags/example_branch_python_dop_operator_3.py for tasks to queue
[2024-11-25T06:43:32.017+0000] {logging_mixin.py:190} INFO - [2024-11-25T06:43:32.017+0000] {dagbag.py:588} INFO - Filling up the DagBag from /home/airflow/.local/lib/python3.12/site-packages/airflow/example_dags/example_branch_python_dop_operator_3.py
[2024-11-25T06:43:32.036+0000] {processor.py:925} INFO - DAG(s) 'example_branch_dop_operator_v3' retrieved from /home/airflow/.local/lib/python3.12/site-packages/airflow/example_dags/example_branch_python_dop_operator_3.py
[2024-11-25T06:43:32.060+0000] {logging_mixin.py:190} INFO - [2024-11-25T06:43:32.060+0000] {dag.py:3239} INFO - Sync 1 DAGs
[2024-11-25T06:43:32.085+0000] {logging_mixin.py:190} INFO - [2024-11-25T06:43:32.085+0000] {dag.py:4180} INFO - Setting next_dagrun for example_branch_dop_operator_v3 to 2024-11-25 06:42:00+00:00, run_after=2024-11-25 06:43:00+00:00
[2024-11-25T06:43:32.106+0000] {processor.py:208} INFO - Processing /home/airflow/.local/lib/python3.12/site-packages/airflow/example_dags/example_branch_python_dop_operator_3.py took 0.102 seconds
