[2024-11-25T06:15:19.594+0000] {processor.py:186} INFO - Started process (PID=220) to work on /home/airflow/.local/lib/python3.12/site-packages/airflow/example_dags/example_skip_dag.py
[2024-11-25T06:15:19.601+0000] {processor.py:914} INFO - Processing file /home/airflow/.local/lib/python3.12/site-packages/airflow/example_dags/example_skip_dag.py for tasks to queue
[2024-11-25T06:15:19.610+0000] {logging_mixin.py:190} INFO - [2024-11-25T06:15:19.609+0000] {dagbag.py:588} INFO - Filling up the DagBag from /home/airflow/.local/lib/python3.12/site-packages/airflow/example_dags/example_skip_dag.py
[2024-11-25T06:15:19.643+0000] {processor.py:925} INFO - DAG(s) 'example_skip_dag' retrieved from /home/airflow/.local/lib/python3.12/site-packages/airflow/example_dags/example_skip_dag.py
[2024-11-25T06:15:19.739+0000] {logging_mixin.py:190} INFO - [2024-11-25T06:15:19.738+0000] {dag.py:3239} INFO - Sync 1 DAGs
[2024-11-25T06:15:19.799+0000] {logging_mixin.py:190} INFO - [2024-11-25T06:15:19.799+0000] {dag.py:4180} INFO - Setting next_dagrun for example_skip_dag to 2024-11-24 00:00:00+00:00, run_after=2024-11-25 00:00:00+00:00
[2024-11-25T06:15:19.845+0000] {processor.py:208} INFO - Processing /home/airflow/.local/lib/python3.12/site-packages/airflow/example_dags/example_skip_dag.py took 0.286 seconds
[2024-11-25T06:15:50.570+0000] {processor.py:186} INFO - Started process (PID=523) to work on /home/airflow/.local/lib/python3.12/site-packages/airflow/example_dags/example_skip_dag.py
[2024-11-25T06:15:50.572+0000] {processor.py:914} INFO - Processing file /home/airflow/.local/lib/python3.12/site-packages/airflow/example_dags/example_skip_dag.py for tasks to queue
[2024-11-25T06:15:50.575+0000] {logging_mixin.py:190} INFO - [2024-11-25T06:15:50.574+0000] {dagbag.py:588} INFO - Filling up the DagBag from /home/airflow/.local/lib/python3.12/site-packages/airflow/example_dags/example_skip_dag.py
[2024-11-25T06:15:50.587+0000] {processor.py:925} INFO - DAG(s) 'example_skip_dag' retrieved from /home/airflow/.local/lib/python3.12/site-packages/airflow/example_dags/example_skip_dag.py
[2024-11-25T06:15:50.618+0000] {logging_mixin.py:190} INFO - [2024-11-25T06:15:50.618+0000] {dag.py:3239} INFO - Sync 1 DAGs
[2024-11-25T06:15:50.647+0000] {logging_mixin.py:190} INFO - [2024-11-25T06:15:50.647+0000] {dag.py:4180} INFO - Setting next_dagrun for example_skip_dag to 2024-11-24 00:00:00+00:00, run_after=2024-11-25 00:00:00+00:00
[2024-11-25T06:15:50.674+0000] {processor.py:208} INFO - Processing /home/airflow/.local/lib/python3.12/site-packages/airflow/example_dags/example_skip_dag.py took 0.111 seconds
[2024-11-25T06:16:20.815+0000] {processor.py:186} INFO - Started process (PID=825) to work on /home/airflow/.local/lib/python3.12/site-packages/airflow/example_dags/example_skip_dag.py
[2024-11-25T06:16:20.817+0000] {processor.py:914} INFO - Processing file /home/airflow/.local/lib/python3.12/site-packages/airflow/example_dags/example_skip_dag.py for tasks to queue
[2024-11-25T06:16:20.821+0000] {logging_mixin.py:190} INFO - [2024-11-25T06:16:20.820+0000] {dagbag.py:588} INFO - Filling up the DagBag from /home/airflow/.local/lib/python3.12/site-packages/airflow/example_dags/example_skip_dag.py
[2024-11-25T06:16:20.829+0000] {processor.py:925} INFO - DAG(s) 'example_skip_dag' retrieved from /home/airflow/.local/lib/python3.12/site-packages/airflow/example_dags/example_skip_dag.py
[2024-11-25T06:16:20.859+0000] {logging_mixin.py:190} INFO - [2024-11-25T06:16:20.858+0000] {dag.py:3239} INFO - Sync 1 DAGs
[2024-11-25T06:16:20.886+0000] {logging_mixin.py:190} INFO - [2024-11-25T06:16:20.886+0000] {dag.py:4180} INFO - Setting next_dagrun for example_skip_dag to 2024-11-24 00:00:00+00:00, run_after=2024-11-25 00:00:00+00:00
[2024-11-25T06:16:20.912+0000] {processor.py:208} INFO - Processing /home/airflow/.local/lib/python3.12/site-packages/airflow/example_dags/example_skip_dag.py took 0.105 seconds
[2024-11-25T06:16:51.274+0000] {processor.py:186} INFO - Started process (PID=1126) to work on /home/airflow/.local/lib/python3.12/site-packages/airflow/example_dags/example_skip_dag.py
[2024-11-25T06:16:51.278+0000] {processor.py:914} INFO - Processing file /home/airflow/.local/lib/python3.12/site-packages/airflow/example_dags/example_skip_dag.py for tasks to queue
[2024-11-25T06:16:51.280+0000] {logging_mixin.py:190} INFO - [2024-11-25T06:16:51.280+0000] {dagbag.py:588} INFO - Filling up the DagBag from /home/airflow/.local/lib/python3.12/site-packages/airflow/example_dags/example_skip_dag.py
[2024-11-25T06:16:51.288+0000] {processor.py:925} INFO - DAG(s) 'example_skip_dag' retrieved from /home/airflow/.local/lib/python3.12/site-packages/airflow/example_dags/example_skip_dag.py
[2024-11-25T06:16:51.314+0000] {logging_mixin.py:190} INFO - [2024-11-25T06:16:51.314+0000] {dag.py:3239} INFO - Sync 1 DAGs
[2024-11-25T06:16:51.340+0000] {logging_mixin.py:190} INFO - [2024-11-25T06:16:51.340+0000] {dag.py:4180} INFO - Setting next_dagrun for example_skip_dag to 2024-11-24 00:00:00+00:00, run_after=2024-11-25 00:00:00+00:00
[2024-11-25T06:16:51.361+0000] {processor.py:208} INFO - Processing /home/airflow/.local/lib/python3.12/site-packages/airflow/example_dags/example_skip_dag.py took 0.093 seconds
[2024-11-25T06:17:21.526+0000] {processor.py:186} INFO - Started process (PID=1427) to work on /home/airflow/.local/lib/python3.12/site-packages/airflow/example_dags/example_skip_dag.py
[2024-11-25T06:17:21.529+0000] {processor.py:914} INFO - Processing file /home/airflow/.local/lib/python3.12/site-packages/airflow/example_dags/example_skip_dag.py for tasks to queue
[2024-11-25T06:17:21.532+0000] {logging_mixin.py:190} INFO - [2024-11-25T06:17:21.532+0000] {dagbag.py:588} INFO - Filling up the DagBag from /home/airflow/.local/lib/python3.12/site-packages/airflow/example_dags/example_skip_dag.py
[2024-11-25T06:17:21.547+0000] {processor.py:925} INFO - DAG(s) 'example_skip_dag' retrieved from /home/airflow/.local/lib/python3.12/site-packages/airflow/example_dags/example_skip_dag.py
[2024-11-25T06:17:21.583+0000] {logging_mixin.py:190} INFO - [2024-11-25T06:17:21.583+0000] {dag.py:3239} INFO - Sync 1 DAGs
[2024-11-25T06:17:21.614+0000] {logging_mixin.py:190} INFO - [2024-11-25T06:17:21.614+0000] {dag.py:4180} INFO - Setting next_dagrun for example_skip_dag to 2024-11-24 00:00:00+00:00, run_after=2024-11-25 00:00:00+00:00
[2024-11-25T06:17:21.662+0000] {processor.py:208} INFO - Processing /home/airflow/.local/lib/python3.12/site-packages/airflow/example_dags/example_skip_dag.py took 0.146 seconds
[2024-11-25T06:17:52.334+0000] {processor.py:186} INFO - Started process (PID=1734) to work on /home/airflow/.local/lib/python3.12/site-packages/airflow/example_dags/example_skip_dag.py
[2024-11-25T06:17:52.335+0000] {processor.py:914} INFO - Processing file /home/airflow/.local/lib/python3.12/site-packages/airflow/example_dags/example_skip_dag.py for tasks to queue
[2024-11-25T06:17:52.338+0000] {logging_mixin.py:190} INFO - [2024-11-25T06:17:52.338+0000] {dagbag.py:588} INFO - Filling up the DagBag from /home/airflow/.local/lib/python3.12/site-packages/airflow/example_dags/example_skip_dag.py
[2024-11-25T06:17:52.348+0000] {processor.py:925} INFO - DAG(s) 'example_skip_dag' retrieved from /home/airflow/.local/lib/python3.12/site-packages/airflow/example_dags/example_skip_dag.py
[2024-11-25T06:17:52.377+0000] {logging_mixin.py:190} INFO - [2024-11-25T06:17:52.377+0000] {dag.py:3239} INFO - Sync 1 DAGs
[2024-11-25T06:17:52.404+0000] {logging_mixin.py:190} INFO - [2024-11-25T06:17:52.404+0000] {dag.py:4180} INFO - Setting next_dagrun for example_skip_dag to 2024-11-24 00:00:00+00:00, run_after=2024-11-25 00:00:00+00:00
[2024-11-25T06:17:52.429+0000] {processor.py:208} INFO - Processing /home/airflow/.local/lib/python3.12/site-packages/airflow/example_dags/example_skip_dag.py took 0.106 seconds
[2024-11-25T06:18:22.660+0000] {processor.py:186} INFO - Started process (PID=2035) to work on /home/airflow/.local/lib/python3.12/site-packages/airflow/example_dags/example_skip_dag.py
[2024-11-25T06:18:22.661+0000] {processor.py:914} INFO - Processing file /home/airflow/.local/lib/python3.12/site-packages/airflow/example_dags/example_skip_dag.py for tasks to queue
[2024-11-25T06:18:22.663+0000] {logging_mixin.py:190} INFO - [2024-11-25T06:18:22.663+0000] {dagbag.py:588} INFO - Filling up the DagBag from /home/airflow/.local/lib/python3.12/site-packages/airflow/example_dags/example_skip_dag.py
[2024-11-25T06:18:22.672+0000] {processor.py:925} INFO - DAG(s) 'example_skip_dag' retrieved from /home/airflow/.local/lib/python3.12/site-packages/airflow/example_dags/example_skip_dag.py
[2024-11-25T06:18:22.719+0000] {logging_mixin.py:190} INFO - [2024-11-25T06:18:22.718+0000] {dag.py:3239} INFO - Sync 1 DAGs
[2024-11-25T06:18:22.756+0000] {logging_mixin.py:190} INFO - [2024-11-25T06:18:22.756+0000] {dag.py:4180} INFO - Setting next_dagrun for example_skip_dag to 2024-11-24 00:00:00+00:00, run_after=2024-11-25 00:00:00+00:00
[2024-11-25T06:18:22.785+0000] {processor.py:208} INFO - Processing /home/airflow/.local/lib/python3.12/site-packages/airflow/example_dags/example_skip_dag.py took 0.130 seconds
[2024-11-25T06:18:53.273+0000] {processor.py:186} INFO - Started process (PID=2336) to work on /home/airflow/.local/lib/python3.12/site-packages/airflow/example_dags/example_skip_dag.py
[2024-11-25T06:18:53.275+0000] {processor.py:914} INFO - Processing file /home/airflow/.local/lib/python3.12/site-packages/airflow/example_dags/example_skip_dag.py for tasks to queue
[2024-11-25T06:18:53.278+0000] {logging_mixin.py:190} INFO - [2024-11-25T06:18:53.277+0000] {dagbag.py:588} INFO - Filling up the DagBag from /home/airflow/.local/lib/python3.12/site-packages/airflow/example_dags/example_skip_dag.py
[2024-11-25T06:18:53.286+0000] {processor.py:925} INFO - DAG(s) 'example_skip_dag' retrieved from /home/airflow/.local/lib/python3.12/site-packages/airflow/example_dags/example_skip_dag.py
[2024-11-25T06:18:53.331+0000] {logging_mixin.py:190} INFO - [2024-11-25T06:18:53.331+0000] {dag.py:3239} INFO - Sync 1 DAGs
[2024-11-25T06:18:53.359+0000] {logging_mixin.py:190} INFO - [2024-11-25T06:18:53.359+0000] {dag.py:4180} INFO - Setting next_dagrun for example_skip_dag to 2024-11-24 00:00:00+00:00, run_after=2024-11-25 00:00:00+00:00
[2024-11-25T06:18:53.382+0000] {processor.py:208} INFO - Processing /home/airflow/.local/lib/python3.12/site-packages/airflow/example_dags/example_skip_dag.py took 0.117 seconds
[2024-11-25T06:19:24.270+0000] {processor.py:186} INFO - Started process (PID=2637) to work on /home/airflow/.local/lib/python3.12/site-packages/airflow/example_dags/example_skip_dag.py
[2024-11-25T06:19:24.272+0000] {processor.py:914} INFO - Processing file /home/airflow/.local/lib/python3.12/site-packages/airflow/example_dags/example_skip_dag.py for tasks to queue
[2024-11-25T06:19:24.276+0000] {logging_mixin.py:190} INFO - [2024-11-25T06:19:24.276+0000] {dagbag.py:588} INFO - Filling up the DagBag from /home/airflow/.local/lib/python3.12/site-packages/airflow/example_dags/example_skip_dag.py
[2024-11-25T06:19:24.285+0000] {processor.py:925} INFO - DAG(s) 'example_skip_dag' retrieved from /home/airflow/.local/lib/python3.12/site-packages/airflow/example_dags/example_skip_dag.py
[2024-11-25T06:19:24.312+0000] {logging_mixin.py:190} INFO - [2024-11-25T06:19:24.312+0000] {dag.py:3239} INFO - Sync 1 DAGs
[2024-11-25T06:19:24.338+0000] {logging_mixin.py:190} INFO - [2024-11-25T06:19:24.337+0000] {dag.py:4180} INFO - Setting next_dagrun for example_skip_dag to 2024-11-24 00:00:00+00:00, run_after=2024-11-25 00:00:00+00:00
[2024-11-25T06:19:24.372+0000] {processor.py:208} INFO - Processing /home/airflow/.local/lib/python3.12/site-packages/airflow/example_dags/example_skip_dag.py took 0.109 seconds
[2024-11-25T06:19:54.757+0000] {processor.py:186} INFO - Started process (PID=2938) to work on /home/airflow/.local/lib/python3.12/site-packages/airflow/example_dags/example_skip_dag.py
[2024-11-25T06:19:54.758+0000] {processor.py:914} INFO - Processing file /home/airflow/.local/lib/python3.12/site-packages/airflow/example_dags/example_skip_dag.py for tasks to queue
[2024-11-25T06:19:54.761+0000] {logging_mixin.py:190} INFO - [2024-11-25T06:19:54.761+0000] {dagbag.py:588} INFO - Filling up the DagBag from /home/airflow/.local/lib/python3.12/site-packages/airflow/example_dags/example_skip_dag.py
[2024-11-25T06:19:54.770+0000] {processor.py:925} INFO - DAG(s) 'example_skip_dag' retrieved from /home/airflow/.local/lib/python3.12/site-packages/airflow/example_dags/example_skip_dag.py
[2024-11-25T06:19:54.799+0000] {logging_mixin.py:190} INFO - [2024-11-25T06:19:54.799+0000] {dag.py:3239} INFO - Sync 1 DAGs
[2024-11-25T06:19:54.830+0000] {logging_mixin.py:190} INFO - [2024-11-25T06:19:54.830+0000] {dag.py:4180} INFO - Setting next_dagrun for example_skip_dag to 2024-11-24 00:00:00+00:00, run_after=2024-11-25 00:00:00+00:00
[2024-11-25T06:19:54.864+0000] {processor.py:208} INFO - Processing /home/airflow/.local/lib/python3.12/site-packages/airflow/example_dags/example_skip_dag.py took 0.116 seconds
[2024-11-25T06:20:25.057+0000] {processor.py:186} INFO - Started process (PID=3239) to work on /home/airflow/.local/lib/python3.12/site-packages/airflow/example_dags/example_skip_dag.py
[2024-11-25T06:20:25.059+0000] {processor.py:914} INFO - Processing file /home/airflow/.local/lib/python3.12/site-packages/airflow/example_dags/example_skip_dag.py for tasks to queue
[2024-11-25T06:20:25.061+0000] {logging_mixin.py:190} INFO - [2024-11-25T06:20:25.061+0000] {dagbag.py:588} INFO - Filling up the DagBag from /home/airflow/.local/lib/python3.12/site-packages/airflow/example_dags/example_skip_dag.py
[2024-11-25T06:20:25.070+0000] {processor.py:925} INFO - DAG(s) 'example_skip_dag' retrieved from /home/airflow/.local/lib/python3.12/site-packages/airflow/example_dags/example_skip_dag.py
[2024-11-25T06:20:25.104+0000] {logging_mixin.py:190} INFO - [2024-11-25T06:20:25.104+0000] {dag.py:3239} INFO - Sync 1 DAGs
[2024-11-25T06:20:25.141+0000] {logging_mixin.py:190} INFO - [2024-11-25T06:20:25.141+0000] {dag.py:4180} INFO - Setting next_dagrun for example_skip_dag to 2024-11-24 00:00:00+00:00, run_after=2024-11-25 00:00:00+00:00
[2024-11-25T06:20:25.170+0000] {processor.py:208} INFO - Processing /home/airflow/.local/lib/python3.12/site-packages/airflow/example_dags/example_skip_dag.py took 0.122 seconds
[2024-11-25T06:20:55.667+0000] {processor.py:186} INFO - Started process (PID=3540) to work on /home/airflow/.local/lib/python3.12/site-packages/airflow/example_dags/example_skip_dag.py
[2024-11-25T06:20:55.668+0000] {processor.py:914} INFO - Processing file /home/airflow/.local/lib/python3.12/site-packages/airflow/example_dags/example_skip_dag.py for tasks to queue
[2024-11-25T06:20:55.671+0000] {logging_mixin.py:190} INFO - [2024-11-25T06:20:55.671+0000] {dagbag.py:588} INFO - Filling up the DagBag from /home/airflow/.local/lib/python3.12/site-packages/airflow/example_dags/example_skip_dag.py
[2024-11-25T06:20:55.680+0000] {processor.py:925} INFO - DAG(s) 'example_skip_dag' retrieved from /home/airflow/.local/lib/python3.12/site-packages/airflow/example_dags/example_skip_dag.py
[2024-11-25T06:20:55.709+0000] {logging_mixin.py:190} INFO - [2024-11-25T06:20:55.709+0000] {dag.py:3239} INFO - Sync 1 DAGs
[2024-11-25T06:20:55.738+0000] {logging_mixin.py:190} INFO - [2024-11-25T06:20:55.738+0000] {dag.py:4180} INFO - Setting next_dagrun for example_skip_dag to 2024-11-24 00:00:00+00:00, run_after=2024-11-25 00:00:00+00:00
[2024-11-25T06:20:55.770+0000] {processor.py:208} INFO - Processing /home/airflow/.local/lib/python3.12/site-packages/airflow/example_dags/example_skip_dag.py took 0.109 seconds
[2024-11-25T06:21:26.178+0000] {processor.py:186} INFO - Started process (PID=3841) to work on /home/airflow/.local/lib/python3.12/site-packages/airflow/example_dags/example_skip_dag.py
[2024-11-25T06:21:26.179+0000] {processor.py:914} INFO - Processing file /home/airflow/.local/lib/python3.12/site-packages/airflow/example_dags/example_skip_dag.py for tasks to queue
[2024-11-25T06:21:26.181+0000] {logging_mixin.py:190} INFO - [2024-11-25T06:21:26.181+0000] {dagbag.py:588} INFO - Filling up the DagBag from /home/airflow/.local/lib/python3.12/site-packages/airflow/example_dags/example_skip_dag.py
[2024-11-25T06:21:26.190+0000] {processor.py:925} INFO - DAG(s) 'example_skip_dag' retrieved from /home/airflow/.local/lib/python3.12/site-packages/airflow/example_dags/example_skip_dag.py
[2024-11-25T06:21:26.221+0000] {logging_mixin.py:190} INFO - [2024-11-25T06:21:26.221+0000] {dag.py:3239} INFO - Sync 1 DAGs
[2024-11-25T06:21:26.249+0000] {logging_mixin.py:190} INFO - [2024-11-25T06:21:26.249+0000] {dag.py:4180} INFO - Setting next_dagrun for example_skip_dag to 2024-11-24 00:00:00+00:00, run_after=2024-11-25 00:00:00+00:00
[2024-11-25T06:21:26.269+0000] {processor.py:208} INFO - Processing /home/airflow/.local/lib/python3.12/site-packages/airflow/example_dags/example_skip_dag.py took 0.099 seconds
[2024-11-25T06:21:56.720+0000] {processor.py:186} INFO - Started process (PID=4142) to work on /home/airflow/.local/lib/python3.12/site-packages/airflow/example_dags/example_skip_dag.py
[2024-11-25T06:21:56.722+0000] {processor.py:914} INFO - Processing file /home/airflow/.local/lib/python3.12/site-packages/airflow/example_dags/example_skip_dag.py for tasks to queue
[2024-11-25T06:21:56.729+0000] {logging_mixin.py:190} INFO - [2024-11-25T06:21:56.727+0000] {dagbag.py:588} INFO - Filling up the DagBag from /home/airflow/.local/lib/python3.12/site-packages/airflow/example_dags/example_skip_dag.py
[2024-11-25T06:21:56.743+0000] {processor.py:925} INFO - DAG(s) 'example_skip_dag' retrieved from /home/airflow/.local/lib/python3.12/site-packages/airflow/example_dags/example_skip_dag.py
[2024-11-25T06:21:56.790+0000] {logging_mixin.py:190} INFO - [2024-11-25T06:21:56.790+0000] {dag.py:3239} INFO - Sync 1 DAGs
[2024-11-25T06:21:56.829+0000] {logging_mixin.py:190} INFO - [2024-11-25T06:21:56.829+0000] {dag.py:4180} INFO - Setting next_dagrun for example_skip_dag to 2024-11-24 00:00:00+00:00, run_after=2024-11-25 00:00:00+00:00
[2024-11-25T06:21:56.861+0000] {processor.py:208} INFO - Processing /home/airflow/.local/lib/python3.12/site-packages/airflow/example_dags/example_skip_dag.py took 0.151 seconds
[2024-11-25T06:22:29.693+0000] {processor.py:186} INFO - Started process (PID=4443) to work on /home/airflow/.local/lib/python3.12/site-packages/airflow/example_dags/example_skip_dag.py
[2024-11-25T06:22:29.697+0000] {processor.py:914} INFO - Processing file /home/airflow/.local/lib/python3.12/site-packages/airflow/example_dags/example_skip_dag.py for tasks to queue
[2024-11-25T06:22:29.701+0000] {logging_mixin.py:190} INFO - [2024-11-25T06:22:29.700+0000] {dagbag.py:588} INFO - Filling up the DagBag from /home/airflow/.local/lib/python3.12/site-packages/airflow/example_dags/example_skip_dag.py
[2024-11-25T06:22:29.714+0000] {processor.py:925} INFO - DAG(s) 'example_skip_dag' retrieved from /home/airflow/.local/lib/python3.12/site-packages/airflow/example_dags/example_skip_dag.py
[2024-11-25T06:22:29.754+0000] {logging_mixin.py:190} INFO - [2024-11-25T06:22:29.754+0000] {dag.py:3239} INFO - Sync 1 DAGs
[2024-11-25T06:22:29.804+0000] {logging_mixin.py:190} INFO - [2024-11-25T06:22:29.803+0000] {dag.py:4180} INFO - Setting next_dagrun for example_skip_dag to 2024-11-24 00:00:00+00:00, run_after=2024-11-25 00:00:00+00:00
[2024-11-25T06:22:29.850+0000] {processor.py:208} INFO - Processing /home/airflow/.local/lib/python3.12/site-packages/airflow/example_dags/example_skip_dag.py took 0.169 seconds
[2024-11-25T06:23:00.837+0000] {processor.py:186} INFO - Started process (PID=4707) to work on /home/airflow/.local/lib/python3.12/site-packages/airflow/example_dags/example_skip_dag.py
[2024-11-25T06:23:00.839+0000] {processor.py:914} INFO - Processing file /home/airflow/.local/lib/python3.12/site-packages/airflow/example_dags/example_skip_dag.py for tasks to queue
[2024-11-25T06:23:00.841+0000] {logging_mixin.py:190} INFO - [2024-11-25T06:23:00.841+0000] {dagbag.py:588} INFO - Filling up the DagBag from /home/airflow/.local/lib/python3.12/site-packages/airflow/example_dags/example_skip_dag.py
[2024-11-25T06:23:00.849+0000] {processor.py:925} INFO - DAG(s) 'example_skip_dag' retrieved from /home/airflow/.local/lib/python3.12/site-packages/airflow/example_dags/example_skip_dag.py
[2024-11-25T06:23:00.873+0000] {logging_mixin.py:190} INFO - [2024-11-25T06:23:00.873+0000] {dag.py:3239} INFO - Sync 1 DAGs
[2024-11-25T06:23:00.900+0000] {logging_mixin.py:190} INFO - [2024-11-25T06:23:00.899+0000] {dag.py:4180} INFO - Setting next_dagrun for example_skip_dag to 2024-11-24 00:00:00+00:00, run_after=2024-11-25 00:00:00+00:00
[2024-11-25T06:23:00.929+0000] {processor.py:208} INFO - Processing /home/airflow/.local/lib/python3.12/site-packages/airflow/example_dags/example_skip_dag.py took 0.097 seconds
[2024-11-25T06:23:31.319+0000] {processor.py:186} INFO - Started process (PID=5008) to work on /home/airflow/.local/lib/python3.12/site-packages/airflow/example_dags/example_skip_dag.py
[2024-11-25T06:23:31.320+0000] {processor.py:914} INFO - Processing file /home/airflow/.local/lib/python3.12/site-packages/airflow/example_dags/example_skip_dag.py for tasks to queue
[2024-11-25T06:23:31.323+0000] {logging_mixin.py:190} INFO - [2024-11-25T06:23:31.323+0000] {dagbag.py:588} INFO - Filling up the DagBag from /home/airflow/.local/lib/python3.12/site-packages/airflow/example_dags/example_skip_dag.py
[2024-11-25T06:23:31.332+0000] {processor.py:925} INFO - DAG(s) 'example_skip_dag' retrieved from /home/airflow/.local/lib/python3.12/site-packages/airflow/example_dags/example_skip_dag.py
[2024-11-25T06:23:31.359+0000] {logging_mixin.py:190} INFO - [2024-11-25T06:23:31.358+0000] {dag.py:3239} INFO - Sync 1 DAGs
[2024-11-25T06:23:31.387+0000] {logging_mixin.py:190} INFO - [2024-11-25T06:23:31.387+0000] {dag.py:4180} INFO - Setting next_dagrun for example_skip_dag to 2024-11-24 00:00:00+00:00, run_after=2024-11-25 00:00:00+00:00
[2024-11-25T06:23:31.413+0000] {processor.py:208} INFO - Processing /home/airflow/.local/lib/python3.12/site-packages/airflow/example_dags/example_skip_dag.py took 0.100 seconds
[2024-11-25T06:24:02.458+0000] {processor.py:186} INFO - Started process (PID=5309) to work on /home/airflow/.local/lib/python3.12/site-packages/airflow/example_dags/example_skip_dag.py
[2024-11-25T06:24:02.460+0000] {processor.py:914} INFO - Processing file /home/airflow/.local/lib/python3.12/site-packages/airflow/example_dags/example_skip_dag.py for tasks to queue
[2024-11-25T06:24:02.466+0000] {logging_mixin.py:190} INFO - [2024-11-25T06:24:02.465+0000] {dagbag.py:588} INFO - Filling up the DagBag from /home/airflow/.local/lib/python3.12/site-packages/airflow/example_dags/example_skip_dag.py
[2024-11-25T06:24:02.488+0000] {processor.py:925} INFO - DAG(s) 'example_skip_dag' retrieved from /home/airflow/.local/lib/python3.12/site-packages/airflow/example_dags/example_skip_dag.py
[2024-11-25T06:24:02.535+0000] {logging_mixin.py:190} INFO - [2024-11-25T06:24:02.534+0000] {dag.py:3239} INFO - Sync 1 DAGs
[2024-11-25T06:24:02.566+0000] {logging_mixin.py:190} INFO - [2024-11-25T06:24:02.565+0000] {dag.py:4180} INFO - Setting next_dagrun for example_skip_dag to 2024-11-24 00:00:00+00:00, run_after=2024-11-25 00:00:00+00:00
[2024-11-25T06:24:02.608+0000] {processor.py:208} INFO - Processing /home/airflow/.local/lib/python3.12/site-packages/airflow/example_dags/example_skip_dag.py took 0.161 seconds
[2024-11-25T06:24:33.303+0000] {processor.py:186} INFO - Started process (PID=5605) to work on /home/airflow/.local/lib/python3.12/site-packages/airflow/example_dags/example_skip_dag.py
[2024-11-25T06:24:33.305+0000] {processor.py:914} INFO - Processing file /home/airflow/.local/lib/python3.12/site-packages/airflow/example_dags/example_skip_dag.py for tasks to queue
[2024-11-25T06:24:33.308+0000] {logging_mixin.py:190} INFO - [2024-11-25T06:24:33.308+0000] {dagbag.py:588} INFO - Filling up the DagBag from /home/airflow/.local/lib/python3.12/site-packages/airflow/example_dags/example_skip_dag.py
[2024-11-25T06:24:33.324+0000] {processor.py:925} INFO - DAG(s) 'example_skip_dag' retrieved from /home/airflow/.local/lib/python3.12/site-packages/airflow/example_dags/example_skip_dag.py
[2024-11-25T06:24:33.417+0000] {logging_mixin.py:190} INFO - [2024-11-25T06:24:33.405+0000] {dag.py:3239} INFO - Sync 1 DAGs
[2024-11-25T06:24:33.548+0000] {logging_mixin.py:190} INFO - [2024-11-25T06:24:33.548+0000] {dag.py:4180} INFO - Setting next_dagrun for example_skip_dag to 2024-11-24 00:00:00+00:00, run_after=2024-11-25 00:00:00+00:00
[2024-11-25T06:24:33.597+0000] {processor.py:208} INFO - Processing /home/airflow/.local/lib/python3.12/site-packages/airflow/example_dags/example_skip_dag.py took 0.305 seconds
[2024-11-25T06:25:05.336+0000] {processor.py:186} INFO - Started process (PID=5906) to work on /home/airflow/.local/lib/python3.12/site-packages/airflow/example_dags/example_skip_dag.py
[2024-11-25T06:25:05.339+0000] {processor.py:914} INFO - Processing file /home/airflow/.local/lib/python3.12/site-packages/airflow/example_dags/example_skip_dag.py for tasks to queue
[2024-11-25T06:25:05.342+0000] {logging_mixin.py:190} INFO - [2024-11-25T06:25:05.342+0000] {dagbag.py:588} INFO - Filling up the DagBag from /home/airflow/.local/lib/python3.12/site-packages/airflow/example_dags/example_skip_dag.py
[2024-11-25T06:25:05.356+0000] {processor.py:925} INFO - DAG(s) 'example_skip_dag' retrieved from /home/airflow/.local/lib/python3.12/site-packages/airflow/example_dags/example_skip_dag.py
[2024-11-25T06:25:05.420+0000] {logging_mixin.py:190} INFO - [2024-11-25T06:25:05.419+0000] {dag.py:3239} INFO - Sync 1 DAGs
[2024-11-25T06:25:05.491+0000] {logging_mixin.py:190} INFO - [2024-11-25T06:25:05.491+0000] {dag.py:4180} INFO - Setting next_dagrun for example_skip_dag to 2024-11-24 00:00:00+00:00, run_after=2024-11-25 00:00:00+00:00
[2024-11-25T06:25:05.594+0000] {processor.py:208} INFO - Processing /home/airflow/.local/lib/python3.12/site-packages/airflow/example_dags/example_skip_dag.py took 0.265 seconds
[2024-11-25T06:25:35.899+0000] {processor.py:186} INFO - Started process (PID=6167) to work on /home/airflow/.local/lib/python3.12/site-packages/airflow/example_dags/example_skip_dag.py
[2024-11-25T06:25:35.901+0000] {processor.py:914} INFO - Processing file /home/airflow/.local/lib/python3.12/site-packages/airflow/example_dags/example_skip_dag.py for tasks to queue
[2024-11-25T06:25:35.904+0000] {logging_mixin.py:190} INFO - [2024-11-25T06:25:35.903+0000] {dagbag.py:588} INFO - Filling up the DagBag from /home/airflow/.local/lib/python3.12/site-packages/airflow/example_dags/example_skip_dag.py
[2024-11-25T06:25:35.914+0000] {processor.py:925} INFO - DAG(s) 'example_skip_dag' retrieved from /home/airflow/.local/lib/python3.12/site-packages/airflow/example_dags/example_skip_dag.py
[2024-11-25T06:25:35.949+0000] {logging_mixin.py:190} INFO - [2024-11-25T06:25:35.948+0000] {dag.py:3239} INFO - Sync 1 DAGs
[2024-11-25T06:25:35.983+0000] {logging_mixin.py:190} INFO - [2024-11-25T06:25:35.982+0000] {dag.py:4180} INFO - Setting next_dagrun for example_skip_dag to 2024-11-24 00:00:00+00:00, run_after=2024-11-25 00:00:00+00:00
[2024-11-25T06:25:36.010+0000] {processor.py:208} INFO - Processing /home/airflow/.local/lib/python3.12/site-packages/airflow/example_dags/example_skip_dag.py took 0.117 seconds
[2024-11-25T06:26:06.654+0000] {processor.py:186} INFO - Started process (PID=6422) to work on /home/airflow/.local/lib/python3.12/site-packages/airflow/example_dags/example_skip_dag.py
[2024-11-25T06:26:06.656+0000] {processor.py:914} INFO - Processing file /home/airflow/.local/lib/python3.12/site-packages/airflow/example_dags/example_skip_dag.py for tasks to queue
[2024-11-25T06:26:06.661+0000] {logging_mixin.py:190} INFO - [2024-11-25T06:26:06.660+0000] {dagbag.py:588} INFO - Filling up the DagBag from /home/airflow/.local/lib/python3.12/site-packages/airflow/example_dags/example_skip_dag.py
[2024-11-25T06:26:06.673+0000] {processor.py:925} INFO - DAG(s) 'example_skip_dag' retrieved from /home/airflow/.local/lib/python3.12/site-packages/airflow/example_dags/example_skip_dag.py
[2024-11-25T06:26:06.704+0000] {logging_mixin.py:190} INFO - [2024-11-25T06:26:06.704+0000] {dag.py:3239} INFO - Sync 1 DAGs
[2024-11-25T06:26:06.730+0000] {logging_mixin.py:190} INFO - [2024-11-25T06:26:06.729+0000] {dag.py:4180} INFO - Setting next_dagrun for example_skip_dag to 2024-11-24 00:00:00+00:00, run_after=2024-11-25 00:00:00+00:00
[2024-11-25T06:26:06.762+0000] {processor.py:208} INFO - Processing /home/airflow/.local/lib/python3.12/site-packages/airflow/example_dags/example_skip_dag.py took 0.116 seconds
[2024-11-25T06:26:37.796+0000] {processor.py:186} INFO - Started process (PID=6713) to work on /home/airflow/.local/lib/python3.12/site-packages/airflow/example_dags/example_skip_dag.py
[2024-11-25T06:26:37.797+0000] {processor.py:914} INFO - Processing file /home/airflow/.local/lib/python3.12/site-packages/airflow/example_dags/example_skip_dag.py for tasks to queue
[2024-11-25T06:26:37.801+0000] {logging_mixin.py:190} INFO - [2024-11-25T06:26:37.800+0000] {dagbag.py:588} INFO - Filling up the DagBag from /home/airflow/.local/lib/python3.12/site-packages/airflow/example_dags/example_skip_dag.py
[2024-11-25T06:26:37.815+0000] {processor.py:925} INFO - DAG(s) 'example_skip_dag' retrieved from /home/airflow/.local/lib/python3.12/site-packages/airflow/example_dags/example_skip_dag.py
[2024-11-25T06:26:37.857+0000] {logging_mixin.py:190} INFO - [2024-11-25T06:26:37.856+0000] {dag.py:3239} INFO - Sync 1 DAGs
[2024-11-25T06:26:37.899+0000] {logging_mixin.py:190} INFO - [2024-11-25T06:26:37.899+0000] {dag.py:4180} INFO - Setting next_dagrun for example_skip_dag to 2024-11-24 00:00:00+00:00, run_after=2024-11-25 00:00:00+00:00
[2024-11-25T06:26:37.932+0000] {processor.py:208} INFO - Processing /home/airflow/.local/lib/python3.12/site-packages/airflow/example_dags/example_skip_dag.py took 0.143 seconds
[2024-11-25T06:27:09.488+0000] {processor.py:186} INFO - Started process (PID=7009) to work on /home/airflow/.local/lib/python3.12/site-packages/airflow/example_dags/example_skip_dag.py
[2024-11-25T06:27:09.491+0000] {processor.py:914} INFO - Processing file /home/airflow/.local/lib/python3.12/site-packages/airflow/example_dags/example_skip_dag.py for tasks to queue
[2024-11-25T06:27:09.495+0000] {logging_mixin.py:190} INFO - [2024-11-25T06:27:09.495+0000] {dagbag.py:588} INFO - Filling up the DagBag from /home/airflow/.local/lib/python3.12/site-packages/airflow/example_dags/example_skip_dag.py
[2024-11-25T06:27:09.523+0000] {processor.py:925} INFO - DAG(s) 'example_skip_dag' retrieved from /home/airflow/.local/lib/python3.12/site-packages/airflow/example_dags/example_skip_dag.py
[2024-11-25T06:27:09.588+0000] {logging_mixin.py:190} INFO - [2024-11-25T06:27:09.587+0000] {dag.py:3239} INFO - Sync 1 DAGs
[2024-11-25T06:27:09.642+0000] {logging_mixin.py:190} INFO - [2024-11-25T06:27:09.642+0000] {dag.py:4180} INFO - Setting next_dagrun for example_skip_dag to 2024-11-24 00:00:00+00:00, run_after=2024-11-25 00:00:00+00:00
[2024-11-25T06:27:09.714+0000] {processor.py:208} INFO - Processing /home/airflow/.local/lib/python3.12/site-packages/airflow/example_dags/example_skip_dag.py took 0.236 seconds
[2024-11-25T06:27:39.835+0000] {processor.py:186} INFO - Started process (PID=7305) to work on /home/airflow/.local/lib/python3.12/site-packages/airflow/example_dags/example_skip_dag.py
[2024-11-25T06:27:39.841+0000] {processor.py:914} INFO - Processing file /home/airflow/.local/lib/python3.12/site-packages/airflow/example_dags/example_skip_dag.py for tasks to queue
[2024-11-25T06:27:39.844+0000] {logging_mixin.py:190} INFO - [2024-11-25T06:27:39.844+0000] {dagbag.py:588} INFO - Filling up the DagBag from /home/airflow/.local/lib/python3.12/site-packages/airflow/example_dags/example_skip_dag.py
[2024-11-25T06:27:39.861+0000] {processor.py:925} INFO - DAG(s) 'example_skip_dag' retrieved from /home/airflow/.local/lib/python3.12/site-packages/airflow/example_dags/example_skip_dag.py
[2024-11-25T06:27:39.900+0000] {logging_mixin.py:190} INFO - [2024-11-25T06:27:39.899+0000] {dag.py:3239} INFO - Sync 1 DAGs
[2024-11-25T06:27:39.947+0000] {logging_mixin.py:190} INFO - [2024-11-25T06:27:39.946+0000] {dag.py:4180} INFO - Setting next_dagrun for example_skip_dag to 2024-11-24 00:00:00+00:00, run_after=2024-11-25 00:00:00+00:00
[2024-11-25T06:27:39.987+0000] {processor.py:208} INFO - Processing /home/airflow/.local/lib/python3.12/site-packages/airflow/example_dags/example_skip_dag.py took 0.161 seconds
[2024-11-25T06:28:10.489+0000] {processor.py:186} INFO - Started process (PID=7608) to work on /home/airflow/.local/lib/python3.12/site-packages/airflow/example_dags/example_skip_dag.py
[2024-11-25T06:28:10.490+0000] {processor.py:914} INFO - Processing file /home/airflow/.local/lib/python3.12/site-packages/airflow/example_dags/example_skip_dag.py for tasks to queue
[2024-11-25T06:28:10.494+0000] {logging_mixin.py:190} INFO - [2024-11-25T06:28:10.494+0000] {dagbag.py:588} INFO - Filling up the DagBag from /home/airflow/.local/lib/python3.12/site-packages/airflow/example_dags/example_skip_dag.py
[2024-11-25T06:28:10.502+0000] {processor.py:925} INFO - DAG(s) 'example_skip_dag' retrieved from /home/airflow/.local/lib/python3.12/site-packages/airflow/example_dags/example_skip_dag.py
[2024-11-25T06:28:10.526+0000] {logging_mixin.py:190} INFO - [2024-11-25T06:28:10.526+0000] {dag.py:3239} INFO - Sync 1 DAGs
[2024-11-25T06:28:10.553+0000] {logging_mixin.py:190} INFO - [2024-11-25T06:28:10.552+0000] {dag.py:4180} INFO - Setting next_dagrun for example_skip_dag to 2024-11-24 00:00:00+00:00, run_after=2024-11-25 00:00:00+00:00
[2024-11-25T06:28:10.574+0000] {processor.py:208} INFO - Processing /home/airflow/.local/lib/python3.12/site-packages/airflow/example_dags/example_skip_dag.py took 0.091 seconds
[2024-11-25T06:28:41.051+0000] {processor.py:186} INFO - Started process (PID=7907) to work on /home/airflow/.local/lib/python3.12/site-packages/airflow/example_dags/example_skip_dag.py
[2024-11-25T06:28:41.053+0000] {processor.py:914} INFO - Processing file /home/airflow/.local/lib/python3.12/site-packages/airflow/example_dags/example_skip_dag.py for tasks to queue
[2024-11-25T06:28:41.059+0000] {logging_mixin.py:190} INFO - [2024-11-25T06:28:41.058+0000] {dagbag.py:588} INFO - Filling up the DagBag from /home/airflow/.local/lib/python3.12/site-packages/airflow/example_dags/example_skip_dag.py
[2024-11-25T06:28:41.069+0000] {processor.py:925} INFO - DAG(s) 'example_skip_dag' retrieved from /home/airflow/.local/lib/python3.12/site-packages/airflow/example_dags/example_skip_dag.py
[2024-11-25T06:28:41.092+0000] {logging_mixin.py:190} INFO - [2024-11-25T06:28:41.092+0000] {dag.py:3239} INFO - Sync 1 DAGs
[2024-11-25T06:28:41.113+0000] {logging_mixin.py:190} INFO - [2024-11-25T06:28:41.113+0000] {dag.py:4180} INFO - Setting next_dagrun for example_skip_dag to 2024-11-24 00:00:00+00:00, run_after=2024-11-25 00:00:00+00:00
[2024-11-25T06:28:41.137+0000] {processor.py:208} INFO - Processing /home/airflow/.local/lib/python3.12/site-packages/airflow/example_dags/example_skip_dag.py took 0.095 seconds
[2024-11-25T06:29:11.201+0000] {processor.py:186} INFO - Started process (PID=8208) to work on /home/airflow/.local/lib/python3.12/site-packages/airflow/example_dags/example_skip_dag.py
[2024-11-25T06:29:11.202+0000] {processor.py:914} INFO - Processing file /home/airflow/.local/lib/python3.12/site-packages/airflow/example_dags/example_skip_dag.py for tasks to queue
[2024-11-25T06:29:11.205+0000] {logging_mixin.py:190} INFO - [2024-11-25T06:29:11.204+0000] {dagbag.py:588} INFO - Filling up the DagBag from /home/airflow/.local/lib/python3.12/site-packages/airflow/example_dags/example_skip_dag.py
[2024-11-25T06:29:11.213+0000] {processor.py:925} INFO - DAG(s) 'example_skip_dag' retrieved from /home/airflow/.local/lib/python3.12/site-packages/airflow/example_dags/example_skip_dag.py
[2024-11-25T06:29:11.254+0000] {logging_mixin.py:190} INFO - [2024-11-25T06:29:11.254+0000] {dag.py:3239} INFO - Sync 1 DAGs
[2024-11-25T06:29:11.286+0000] {logging_mixin.py:190} INFO - [2024-11-25T06:29:11.285+0000] {dag.py:4180} INFO - Setting next_dagrun for example_skip_dag to 2024-11-24 00:00:00+00:00, run_after=2024-11-25 00:00:00+00:00
[2024-11-25T06:29:11.316+0000] {processor.py:208} INFO - Processing /home/airflow/.local/lib/python3.12/site-packages/airflow/example_dags/example_skip_dag.py took 0.124 seconds
[2024-11-25T06:29:41.431+0000] {processor.py:186} INFO - Started process (PID=8504) to work on /home/airflow/.local/lib/python3.12/site-packages/airflow/example_dags/example_skip_dag.py
[2024-11-25T06:29:41.432+0000] {processor.py:914} INFO - Processing file /home/airflow/.local/lib/python3.12/site-packages/airflow/example_dags/example_skip_dag.py for tasks to queue
[2024-11-25T06:29:41.434+0000] {logging_mixin.py:190} INFO - [2024-11-25T06:29:41.434+0000] {dagbag.py:588} INFO - Filling up the DagBag from /home/airflow/.local/lib/python3.12/site-packages/airflow/example_dags/example_skip_dag.py
[2024-11-25T06:29:41.445+0000] {processor.py:925} INFO - DAG(s) 'example_skip_dag' retrieved from /home/airflow/.local/lib/python3.12/site-packages/airflow/example_dags/example_skip_dag.py
[2024-11-25T06:29:41.478+0000] {logging_mixin.py:190} INFO - [2024-11-25T06:29:41.478+0000] {dag.py:3239} INFO - Sync 1 DAGs
[2024-11-25T06:29:41.502+0000] {logging_mixin.py:190} INFO - [2024-11-25T06:29:41.501+0000] {dag.py:4180} INFO - Setting next_dagrun for example_skip_dag to 2024-11-24 00:00:00+00:00, run_after=2024-11-25 00:00:00+00:00
[2024-11-25T06:29:41.527+0000] {processor.py:208} INFO - Processing /home/airflow/.local/lib/python3.12/site-packages/airflow/example_dags/example_skip_dag.py took 0.102 seconds
[2024-11-25T06:30:12.288+0000] {processor.py:186} INFO - Started process (PID=8810) to work on /home/airflow/.local/lib/python3.12/site-packages/airflow/example_dags/example_skip_dag.py
[2024-11-25T06:30:12.290+0000] {processor.py:914} INFO - Processing file /home/airflow/.local/lib/python3.12/site-packages/airflow/example_dags/example_skip_dag.py for tasks to queue
[2024-11-25T06:30:12.294+0000] {logging_mixin.py:190} INFO - [2024-11-25T06:30:12.294+0000] {dagbag.py:588} INFO - Filling up the DagBag from /home/airflow/.local/lib/python3.12/site-packages/airflow/example_dags/example_skip_dag.py
[2024-11-25T06:30:12.308+0000] {processor.py:925} INFO - DAG(s) 'example_skip_dag' retrieved from /home/airflow/.local/lib/python3.12/site-packages/airflow/example_dags/example_skip_dag.py
[2024-11-25T06:30:12.363+0000] {logging_mixin.py:190} INFO - [2024-11-25T06:30:12.362+0000] {dag.py:3239} INFO - Sync 1 DAGs
[2024-11-25T06:30:12.425+0000] {logging_mixin.py:190} INFO - [2024-11-25T06:30:12.424+0000] {dag.py:4180} INFO - Setting next_dagrun for example_skip_dag to 2024-11-24 00:00:00+00:00, run_after=2024-11-25 00:00:00+00:00
[2024-11-25T06:30:12.462+0000] {processor.py:208} INFO - Processing /home/airflow/.local/lib/python3.12/site-packages/airflow/example_dags/example_skip_dag.py took 0.193 seconds
[2024-11-25T06:30:43.623+0000] {processor.py:186} INFO - Started process (PID=9111) to work on /home/airflow/.local/lib/python3.12/site-packages/airflow/example_dags/example_skip_dag.py
[2024-11-25T06:30:43.625+0000] {processor.py:914} INFO - Processing file /home/airflow/.local/lib/python3.12/site-packages/airflow/example_dags/example_skip_dag.py for tasks to queue
[2024-11-25T06:30:43.632+0000] {logging_mixin.py:190} INFO - [2024-11-25T06:30:43.631+0000] {dagbag.py:588} INFO - Filling up the DagBag from /home/airflow/.local/lib/python3.12/site-packages/airflow/example_dags/example_skip_dag.py
[2024-11-25T06:30:43.648+0000] {processor.py:925} INFO - DAG(s) 'example_skip_dag' retrieved from /home/airflow/.local/lib/python3.12/site-packages/airflow/example_dags/example_skip_dag.py
[2024-11-25T06:30:43.689+0000] {logging_mixin.py:190} INFO - [2024-11-25T06:30:43.689+0000] {dag.py:3239} INFO - Sync 1 DAGs
[2024-11-25T06:30:43.718+0000] {logging_mixin.py:190} INFO - [2024-11-25T06:30:43.718+0000] {dag.py:4180} INFO - Setting next_dagrun for example_skip_dag to 2024-11-24 00:00:00+00:00, run_after=2024-11-25 00:00:00+00:00
[2024-11-25T06:30:43.749+0000] {processor.py:208} INFO - Processing /home/airflow/.local/lib/python3.12/site-packages/airflow/example_dags/example_skip_dag.py took 0.137 seconds
[2024-11-25T06:31:14.005+0000] {processor.py:186} INFO - Started process (PID=9402) to work on /home/airflow/.local/lib/python3.12/site-packages/airflow/example_dags/example_skip_dag.py
[2024-11-25T06:31:14.007+0000] {processor.py:914} INFO - Processing file /home/airflow/.local/lib/python3.12/site-packages/airflow/example_dags/example_skip_dag.py for tasks to queue
[2024-11-25T06:31:14.010+0000] {logging_mixin.py:190} INFO - [2024-11-25T06:31:14.009+0000] {dagbag.py:588} INFO - Filling up the DagBag from /home/airflow/.local/lib/python3.12/site-packages/airflow/example_dags/example_skip_dag.py
[2024-11-25T06:31:14.019+0000] {processor.py:925} INFO - DAG(s) 'example_skip_dag' retrieved from /home/airflow/.local/lib/python3.12/site-packages/airflow/example_dags/example_skip_dag.py
[2024-11-25T06:31:14.043+0000] {logging_mixin.py:190} INFO - [2024-11-25T06:31:14.043+0000] {dag.py:3239} INFO - Sync 1 DAGs
[2024-11-25T06:31:14.073+0000] {logging_mixin.py:190} INFO - [2024-11-25T06:31:14.072+0000] {dag.py:4180} INFO - Setting next_dagrun for example_skip_dag to 2024-11-24 00:00:00+00:00, run_after=2024-11-25 00:00:00+00:00
[2024-11-25T06:31:14.096+0000] {processor.py:208} INFO - Processing /home/airflow/.local/lib/python3.12/site-packages/airflow/example_dags/example_skip_dag.py took 0.096 seconds
[2024-11-25T06:31:45.626+0000] {processor.py:186} INFO - Started process (PID=9698) to work on /home/airflow/.local/lib/python3.12/site-packages/airflow/example_dags/example_skip_dag.py
[2024-11-25T06:31:45.627+0000] {processor.py:914} INFO - Processing file /home/airflow/.local/lib/python3.12/site-packages/airflow/example_dags/example_skip_dag.py for tasks to queue
[2024-11-25T06:31:45.630+0000] {logging_mixin.py:190} INFO - [2024-11-25T06:31:45.629+0000] {dagbag.py:588} INFO - Filling up the DagBag from /home/airflow/.local/lib/python3.12/site-packages/airflow/example_dags/example_skip_dag.py
[2024-11-25T06:31:45.638+0000] {processor.py:925} INFO - DAG(s) 'example_skip_dag' retrieved from /home/airflow/.local/lib/python3.12/site-packages/airflow/example_dags/example_skip_dag.py
[2024-11-25T06:31:45.666+0000] {logging_mixin.py:190} INFO - [2024-11-25T06:31:45.665+0000] {dag.py:3239} INFO - Sync 1 DAGs
[2024-11-25T06:31:45.698+0000] {logging_mixin.py:190} INFO - [2024-11-25T06:31:45.697+0000] {dag.py:4180} INFO - Setting next_dagrun for example_skip_dag to 2024-11-24 00:00:00+00:00, run_after=2024-11-25 00:00:00+00:00
[2024-11-25T06:31:45.724+0000] {processor.py:208} INFO - Processing /home/airflow/.local/lib/python3.12/site-packages/airflow/example_dags/example_skip_dag.py took 0.105 seconds
[2024-11-25T06:32:16.636+0000] {processor.py:186} INFO - Started process (PID=9989) to work on /home/airflow/.local/lib/python3.12/site-packages/airflow/example_dags/example_skip_dag.py
[2024-11-25T06:32:16.637+0000] {processor.py:914} INFO - Processing file /home/airflow/.local/lib/python3.12/site-packages/airflow/example_dags/example_skip_dag.py for tasks to queue
[2024-11-25T06:32:16.639+0000] {logging_mixin.py:190} INFO - [2024-11-25T06:32:16.639+0000] {dagbag.py:588} INFO - Filling up the DagBag from /home/airflow/.local/lib/python3.12/site-packages/airflow/example_dags/example_skip_dag.py
[2024-11-25T06:32:16.647+0000] {processor.py:925} INFO - DAG(s) 'example_skip_dag' retrieved from /home/airflow/.local/lib/python3.12/site-packages/airflow/example_dags/example_skip_dag.py
[2024-11-25T06:32:16.673+0000] {logging_mixin.py:190} INFO - [2024-11-25T06:32:16.673+0000] {dag.py:3239} INFO - Sync 1 DAGs
[2024-11-25T06:32:16.699+0000] {logging_mixin.py:190} INFO - [2024-11-25T06:32:16.699+0000] {dag.py:4180} INFO - Setting next_dagrun for example_skip_dag to 2024-11-24 00:00:00+00:00, run_after=2024-11-25 00:00:00+00:00
[2024-11-25T06:32:16.721+0000] {processor.py:208} INFO - Processing /home/airflow/.local/lib/python3.12/site-packages/airflow/example_dags/example_skip_dag.py took 0.090 seconds
[2024-11-25T06:32:47.862+0000] {processor.py:186} INFO - Started process (PID=10291) to work on /home/airflow/.local/lib/python3.12/site-packages/airflow/example_dags/example_skip_dag.py
[2024-11-25T06:32:47.864+0000] {processor.py:914} INFO - Processing file /home/airflow/.local/lib/python3.12/site-packages/airflow/example_dags/example_skip_dag.py for tasks to queue
[2024-11-25T06:32:47.867+0000] {logging_mixin.py:190} INFO - [2024-11-25T06:32:47.866+0000] {dagbag.py:588} INFO - Filling up the DagBag from /home/airflow/.local/lib/python3.12/site-packages/airflow/example_dags/example_skip_dag.py
[2024-11-25T06:32:47.875+0000] {processor.py:925} INFO - DAG(s) 'example_skip_dag' retrieved from /home/airflow/.local/lib/python3.12/site-packages/airflow/example_dags/example_skip_dag.py
[2024-11-25T06:32:47.900+0000] {logging_mixin.py:190} INFO - [2024-11-25T06:32:47.899+0000] {dag.py:3239} INFO - Sync 1 DAGs
[2024-11-25T06:32:47.926+0000] {logging_mixin.py:190} INFO - [2024-11-25T06:32:47.926+0000] {dag.py:4180} INFO - Setting next_dagrun for example_skip_dag to 2024-11-24 00:00:00+00:00, run_after=2024-11-25 00:00:00+00:00
[2024-11-25T06:32:47.947+0000] {processor.py:208} INFO - Processing /home/airflow/.local/lib/python3.12/site-packages/airflow/example_dags/example_skip_dag.py took 0.091 seconds
[2024-11-25T06:33:18.901+0000] {processor.py:186} INFO - Started process (PID=10587) to work on /home/airflow/.local/lib/python3.12/site-packages/airflow/example_dags/example_skip_dag.py
[2024-11-25T06:33:18.903+0000] {processor.py:914} INFO - Processing file /home/airflow/.local/lib/python3.12/site-packages/airflow/example_dags/example_skip_dag.py for tasks to queue
[2024-11-25T06:33:18.905+0000] {logging_mixin.py:190} INFO - [2024-11-25T06:33:18.905+0000] {dagbag.py:588} INFO - Filling up the DagBag from /home/airflow/.local/lib/python3.12/site-packages/airflow/example_dags/example_skip_dag.py
[2024-11-25T06:33:18.913+0000] {processor.py:925} INFO - DAG(s) 'example_skip_dag' retrieved from /home/airflow/.local/lib/python3.12/site-packages/airflow/example_dags/example_skip_dag.py
[2024-11-25T06:33:18.937+0000] {logging_mixin.py:190} INFO - [2024-11-25T06:33:18.937+0000] {dag.py:3239} INFO - Sync 1 DAGs
[2024-11-25T06:33:18.960+0000] {logging_mixin.py:190} INFO - [2024-11-25T06:33:18.960+0000] {dag.py:4180} INFO - Setting next_dagrun for example_skip_dag to 2024-11-24 00:00:00+00:00, run_after=2024-11-25 00:00:00+00:00
[2024-11-25T06:33:18.979+0000] {processor.py:208} INFO - Processing /home/airflow/.local/lib/python3.12/site-packages/airflow/example_dags/example_skip_dag.py took 0.085 seconds
[2024-11-25T06:33:49.368+0000] {processor.py:186} INFO - Started process (PID=10863) to work on /home/airflow/.local/lib/python3.12/site-packages/airflow/example_dags/example_skip_dag.py
[2024-11-25T06:33:49.370+0000] {processor.py:914} INFO - Processing file /home/airflow/.local/lib/python3.12/site-packages/airflow/example_dags/example_skip_dag.py for tasks to queue
[2024-11-25T06:33:49.372+0000] {logging_mixin.py:190} INFO - [2024-11-25T06:33:49.372+0000] {dagbag.py:588} INFO - Filling up the DagBag from /home/airflow/.local/lib/python3.12/site-packages/airflow/example_dags/example_skip_dag.py
[2024-11-25T06:33:49.380+0000] {processor.py:925} INFO - DAG(s) 'example_skip_dag' retrieved from /home/airflow/.local/lib/python3.12/site-packages/airflow/example_dags/example_skip_dag.py
[2024-11-25T06:33:49.405+0000] {logging_mixin.py:190} INFO - [2024-11-25T06:33:49.405+0000] {dag.py:3239} INFO - Sync 1 DAGs
[2024-11-25T06:33:49.427+0000] {logging_mixin.py:190} INFO - [2024-11-25T06:33:49.427+0000] {dag.py:4180} INFO - Setting next_dagrun for example_skip_dag to 2024-11-24 00:00:00+00:00, run_after=2024-11-25 00:00:00+00:00
[2024-11-25T06:33:49.448+0000] {processor.py:208} INFO - Processing /home/airflow/.local/lib/python3.12/site-packages/airflow/example_dags/example_skip_dag.py took 0.087 seconds
[2024-11-25T06:34:19.510+0000] {processor.py:186} INFO - Started process (PID=11161) to work on /home/airflow/.local/lib/python3.12/site-packages/airflow/example_dags/example_skip_dag.py
[2024-11-25T06:34:19.510+0000] {processor.py:914} INFO - Processing file /home/airflow/.local/lib/python3.12/site-packages/airflow/example_dags/example_skip_dag.py for tasks to queue
[2024-11-25T06:34:19.513+0000] {logging_mixin.py:190} INFO - [2024-11-25T06:34:19.512+0000] {dagbag.py:588} INFO - Filling up the DagBag from /home/airflow/.local/lib/python3.12/site-packages/airflow/example_dags/example_skip_dag.py
[2024-11-25T06:34:19.520+0000] {processor.py:925} INFO - DAG(s) 'example_skip_dag' retrieved from /home/airflow/.local/lib/python3.12/site-packages/airflow/example_dags/example_skip_dag.py
[2024-11-25T06:34:19.546+0000] {logging_mixin.py:190} INFO - [2024-11-25T06:34:19.546+0000] {dag.py:3239} INFO - Sync 1 DAGs
[2024-11-25T06:34:19.568+0000] {logging_mixin.py:190} INFO - [2024-11-25T06:34:19.567+0000] {dag.py:4180} INFO - Setting next_dagrun for example_skip_dag to 2024-11-24 00:00:00+00:00, run_after=2024-11-25 00:00:00+00:00
[2024-11-25T06:34:19.589+0000] {processor.py:208} INFO - Processing /home/airflow/.local/lib/python3.12/site-packages/airflow/example_dags/example_skip_dag.py took 0.085 seconds
[2024-11-25T06:34:49.983+0000] {processor.py:186} INFO - Started process (PID=11465) to work on /home/airflow/.local/lib/python3.12/site-packages/airflow/example_dags/example_skip_dag.py
[2024-11-25T06:34:49.984+0000] {processor.py:914} INFO - Processing file /home/airflow/.local/lib/python3.12/site-packages/airflow/example_dags/example_skip_dag.py for tasks to queue
[2024-11-25T06:34:49.988+0000] {logging_mixin.py:190} INFO - [2024-11-25T06:34:49.988+0000] {dagbag.py:588} INFO - Filling up the DagBag from /home/airflow/.local/lib/python3.12/site-packages/airflow/example_dags/example_skip_dag.py
[2024-11-25T06:34:50.000+0000] {processor.py:925} INFO - DAG(s) 'example_skip_dag' retrieved from /home/airflow/.local/lib/python3.12/site-packages/airflow/example_dags/example_skip_dag.py
[2024-11-25T06:34:50.032+0000] {logging_mixin.py:190} INFO - [2024-11-25T06:34:50.031+0000] {dag.py:3239} INFO - Sync 1 DAGs
[2024-11-25T06:34:50.060+0000] {logging_mixin.py:190} INFO - [2024-11-25T06:34:50.059+0000] {dag.py:4180} INFO - Setting next_dagrun for example_skip_dag to 2024-11-24 00:00:00+00:00, run_after=2024-11-25 00:00:00+00:00
[2024-11-25T06:34:50.084+0000] {processor.py:208} INFO - Processing /home/airflow/.local/lib/python3.12/site-packages/airflow/example_dags/example_skip_dag.py took 0.108 seconds
[2024-11-25T06:40:55.633+0000] {processor.py:186} INFO - Started process (PID=15072) to work on /home/airflow/.local/lib/python3.12/site-packages/airflow/example_dags/example_skip_dag.py
[2024-11-25T06:40:55.634+0000] {processor.py:914} INFO - Processing file /home/airflow/.local/lib/python3.12/site-packages/airflow/example_dags/example_skip_dag.py for tasks to queue
[2024-11-25T06:40:55.636+0000] {logging_mixin.py:190} INFO - [2024-11-25T06:40:55.636+0000] {dagbag.py:588} INFO - Filling up the DagBag from /home/airflow/.local/lib/python3.12/site-packages/airflow/example_dags/example_skip_dag.py
[2024-11-25T06:40:55.647+0000] {processor.py:925} INFO - DAG(s) 'example_skip_dag' retrieved from /home/airflow/.local/lib/python3.12/site-packages/airflow/example_dags/example_skip_dag.py
[2024-11-25T06:40:55.678+0000] {logging_mixin.py:190} INFO - [2024-11-25T06:40:55.677+0000] {dag.py:3239} INFO - Sync 1 DAGs
[2024-11-25T06:40:55.710+0000] {logging_mixin.py:190} INFO - [2024-11-25T06:40:55.710+0000] {dag.py:4180} INFO - Setting next_dagrun for example_skip_dag to 2024-11-24 00:00:00+00:00, run_after=2024-11-25 00:00:00+00:00
[2024-11-25T06:40:55.734+0000] {processor.py:208} INFO - Processing /home/airflow/.local/lib/python3.12/site-packages/airflow/example_dags/example_skip_dag.py took 0.108 seconds
[2024-11-25T06:41:25.816+0000] {processor.py:186} INFO - Started process (PID=15370) to work on /home/airflow/.local/lib/python3.12/site-packages/airflow/example_dags/example_skip_dag.py
[2024-11-25T06:41:25.817+0000] {processor.py:914} INFO - Processing file /home/airflow/.local/lib/python3.12/site-packages/airflow/example_dags/example_skip_dag.py for tasks to queue
[2024-11-25T06:41:25.820+0000] {logging_mixin.py:190} INFO - [2024-11-25T06:41:25.819+0000] {dagbag.py:588} INFO - Filling up the DagBag from /home/airflow/.local/lib/python3.12/site-packages/airflow/example_dags/example_skip_dag.py
[2024-11-25T06:41:25.833+0000] {processor.py:925} INFO - DAG(s) 'example_skip_dag' retrieved from /home/airflow/.local/lib/python3.12/site-packages/airflow/example_dags/example_skip_dag.py
[2024-11-25T06:41:25.864+0000] {logging_mixin.py:190} INFO - [2024-11-25T06:41:25.864+0000] {dag.py:3239} INFO - Sync 1 DAGs
[2024-11-25T06:41:25.908+0000] {logging_mixin.py:190} INFO - [2024-11-25T06:41:25.907+0000] {dag.py:4180} INFO - Setting next_dagrun for example_skip_dag to 2024-11-24 00:00:00+00:00, run_after=2024-11-25 00:00:00+00:00
[2024-11-25T06:41:25.933+0000] {processor.py:208} INFO - Processing /home/airflow/.local/lib/python3.12/site-packages/airflow/example_dags/example_skip_dag.py took 0.123 seconds
[2024-11-25T06:41:56.647+0000] {processor.py:186} INFO - Started process (PID=15675) to work on /home/airflow/.local/lib/python3.12/site-packages/airflow/example_dags/example_skip_dag.py
[2024-11-25T06:41:56.648+0000] {processor.py:914} INFO - Processing file /home/airflow/.local/lib/python3.12/site-packages/airflow/example_dags/example_skip_dag.py for tasks to queue
[2024-11-25T06:41:56.651+0000] {logging_mixin.py:190} INFO - [2024-11-25T06:41:56.651+0000] {dagbag.py:588} INFO - Filling up the DagBag from /home/airflow/.local/lib/python3.12/site-packages/airflow/example_dags/example_skip_dag.py
[2024-11-25T06:41:56.662+0000] {processor.py:925} INFO - DAG(s) 'example_skip_dag' retrieved from /home/airflow/.local/lib/python3.12/site-packages/airflow/example_dags/example_skip_dag.py
[2024-11-25T06:41:56.691+0000] {logging_mixin.py:190} INFO - [2024-11-25T06:41:56.690+0000] {dag.py:3239} INFO - Sync 1 DAGs
[2024-11-25T06:41:56.909+0000] {logging_mixin.py:190} INFO - [2024-11-25T06:41:56.908+0000] {dag.py:4180} INFO - Setting next_dagrun for example_skip_dag to 2024-11-24 00:00:00+00:00, run_after=2024-11-25 00:00:00+00:00
[2024-11-25T06:41:56.934+0000] {processor.py:208} INFO - Processing /home/airflow/.local/lib/python3.12/site-packages/airflow/example_dags/example_skip_dag.py took 0.295 seconds
[2024-11-25T06:42:27.470+0000] {processor.py:186} INFO - Started process (PID=15976) to work on /home/airflow/.local/lib/python3.12/site-packages/airflow/example_dags/example_skip_dag.py
[2024-11-25T06:42:27.471+0000] {processor.py:914} INFO - Processing file /home/airflow/.local/lib/python3.12/site-packages/airflow/example_dags/example_skip_dag.py for tasks to queue
[2024-11-25T06:42:27.474+0000] {logging_mixin.py:190} INFO - [2024-11-25T06:42:27.474+0000] {dagbag.py:588} INFO - Filling up the DagBag from /home/airflow/.local/lib/python3.12/site-packages/airflow/example_dags/example_skip_dag.py
[2024-11-25T06:42:27.482+0000] {processor.py:925} INFO - DAG(s) 'example_skip_dag' retrieved from /home/airflow/.local/lib/python3.12/site-packages/airflow/example_dags/example_skip_dag.py
[2024-11-25T06:42:27.509+0000] {logging_mixin.py:190} INFO - [2024-11-25T06:42:27.508+0000] {dag.py:3239} INFO - Sync 1 DAGs
[2024-11-25T06:42:27.532+0000] {logging_mixin.py:190} INFO - [2024-11-25T06:42:27.532+0000] {dag.py:4180} INFO - Setting next_dagrun for example_skip_dag to 2024-11-24 00:00:00+00:00, run_after=2024-11-25 00:00:00+00:00
[2024-11-25T06:42:27.555+0000] {processor.py:208} INFO - Processing /home/airflow/.local/lib/python3.12/site-packages/airflow/example_dags/example_skip_dag.py took 0.091 seconds
[2024-11-25T06:42:57.835+0000] {processor.py:186} INFO - Started process (PID=16277) to work on /home/airflow/.local/lib/python3.12/site-packages/airflow/example_dags/example_skip_dag.py
[2024-11-25T06:42:57.836+0000] {processor.py:914} INFO - Processing file /home/airflow/.local/lib/python3.12/site-packages/airflow/example_dags/example_skip_dag.py for tasks to queue
[2024-11-25T06:42:57.839+0000] {logging_mixin.py:190} INFO - [2024-11-25T06:42:57.839+0000] {dagbag.py:588} INFO - Filling up the DagBag from /home/airflow/.local/lib/python3.12/site-packages/airflow/example_dags/example_skip_dag.py
[2024-11-25T06:42:57.849+0000] {processor.py:925} INFO - DAG(s) 'example_skip_dag' retrieved from /home/airflow/.local/lib/python3.12/site-packages/airflow/example_dags/example_skip_dag.py
[2024-11-25T06:42:57.883+0000] {logging_mixin.py:190} INFO - [2024-11-25T06:42:57.883+0000] {dag.py:3239} INFO - Sync 1 DAGs
[2024-11-25T06:42:57.909+0000] {logging_mixin.py:190} INFO - [2024-11-25T06:42:57.909+0000] {dag.py:4180} INFO - Setting next_dagrun for example_skip_dag to 2024-11-24 00:00:00+00:00, run_after=2024-11-25 00:00:00+00:00
[2024-11-25T06:42:57.935+0000] {processor.py:208} INFO - Processing /home/airflow/.local/lib/python3.12/site-packages/airflow/example_dags/example_skip_dag.py took 0.108 seconds
[2024-11-25T06:43:28.558+0000] {processor.py:186} INFO - Started process (PID=16578) to work on /home/airflow/.local/lib/python3.12/site-packages/airflow/example_dags/example_skip_dag.py
[2024-11-25T06:43:28.559+0000] {processor.py:914} INFO - Processing file /home/airflow/.local/lib/python3.12/site-packages/airflow/example_dags/example_skip_dag.py for tasks to queue
[2024-11-25T06:43:28.564+0000] {logging_mixin.py:190} INFO - [2024-11-25T06:43:28.563+0000] {dagbag.py:588} INFO - Filling up the DagBag from /home/airflow/.local/lib/python3.12/site-packages/airflow/example_dags/example_skip_dag.py
[2024-11-25T06:43:28.574+0000] {processor.py:925} INFO - DAG(s) 'example_skip_dag' retrieved from /home/airflow/.local/lib/python3.12/site-packages/airflow/example_dags/example_skip_dag.py
[2024-11-25T06:43:28.600+0000] {logging_mixin.py:190} INFO - [2024-11-25T06:43:28.600+0000] {dag.py:3239} INFO - Sync 1 DAGs
[2024-11-25T06:43:28.623+0000] {logging_mixin.py:190} INFO - [2024-11-25T06:43:28.623+0000] {dag.py:4180} INFO - Setting next_dagrun for example_skip_dag to 2024-11-24 00:00:00+00:00, run_after=2024-11-25 00:00:00+00:00
[2024-11-25T06:43:28.644+0000] {processor.py:208} INFO - Processing /home/airflow/.local/lib/python3.12/site-packages/airflow/example_dags/example_skip_dag.py took 0.095 seconds
