[2024-11-25T06:15:22.841+0000] {processor.py:186} INFO - Started process (PID=268) to work on /home/airflow/.local/lib/python3.12/site-packages/airflow/example_dags/example_task_group.py
[2024-11-25T06:15:22.845+0000] {processor.py:914} INFO - Processing file /home/airflow/.local/lib/python3.12/site-packages/airflow/example_dags/example_task_group.py for tasks to queue
[2024-11-25T06:15:22.860+0000] {logging_mixin.py:190} INFO - [2024-11-25T06:15:22.859+0000] {dagbag.py:588} INFO - Filling up the DagBag from /home/airflow/.local/lib/python3.12/site-packages/airflow/example_dags/example_task_group.py
[2024-11-25T06:15:22.916+0000] {processor.py:925} INFO - DAG(s) 'example_task_group' retrieved from /home/airflow/.local/lib/python3.12/site-packages/airflow/example_dags/example_task_group.py
[2024-11-25T06:15:23.003+0000] {logging_mixin.py:190} INFO - [2024-11-25T06:15:23.002+0000] {dag.py:3239} INFO - Sync 1 DAGs
[2024-11-25T06:15:23.087+0000] {logging_mixin.py:190} INFO - [2024-11-25T06:15:23.086+0000] {dag.py:4180} INFO - Setting next_dagrun for example_task_group to None, run_after=None
[2024-11-25T06:15:23.589+0000] {processor.py:208} INFO - Processing /home/airflow/.local/lib/python3.12/site-packages/airflow/example_dags/example_task_group.py took 0.767 seconds
[2024-11-25T06:15:54.285+0000] {processor.py:186} INFO - Started process (PID=568) to work on /home/airflow/.local/lib/python3.12/site-packages/airflow/example_dags/example_task_group.py
[2024-11-25T06:15:54.287+0000] {processor.py:914} INFO - Processing file /home/airflow/.local/lib/python3.12/site-packages/airflow/example_dags/example_task_group.py for tasks to queue
[2024-11-25T06:15:54.289+0000] {logging_mixin.py:190} INFO - [2024-11-25T06:15:54.289+0000] {dagbag.py:588} INFO - Filling up the DagBag from /home/airflow/.local/lib/python3.12/site-packages/airflow/example_dags/example_task_group.py
[2024-11-25T06:15:54.297+0000] {processor.py:925} INFO - DAG(s) 'example_task_group' retrieved from /home/airflow/.local/lib/python3.12/site-packages/airflow/example_dags/example_task_group.py
[2024-11-25T06:15:54.325+0000] {logging_mixin.py:190} INFO - [2024-11-25T06:15:54.325+0000] {dag.py:3239} INFO - Sync 1 DAGs
[2024-11-25T06:15:54.340+0000] {logging_mixin.py:190} INFO - [2024-11-25T06:15:54.340+0000] {dag.py:4180} INFO - Setting next_dagrun for example_task_group to None, run_after=None
[2024-11-25T06:15:54.362+0000] {processor.py:208} INFO - Processing /home/airflow/.local/lib/python3.12/site-packages/airflow/example_dags/example_task_group.py took 0.082 seconds
[2024-11-25T06:16:24.625+0000] {processor.py:186} INFO - Started process (PID=870) to work on /home/airflow/.local/lib/python3.12/site-packages/airflow/example_dags/example_task_group.py
[2024-11-25T06:16:24.631+0000] {processor.py:914} INFO - Processing file /home/airflow/.local/lib/python3.12/site-packages/airflow/example_dags/example_task_group.py for tasks to queue
[2024-11-25T06:16:24.634+0000] {logging_mixin.py:190} INFO - [2024-11-25T06:16:24.633+0000] {dagbag.py:588} INFO - Filling up the DagBag from /home/airflow/.local/lib/python3.12/site-packages/airflow/example_dags/example_task_group.py
[2024-11-25T06:16:24.644+0000] {processor.py:925} INFO - DAG(s) 'example_task_group' retrieved from /home/airflow/.local/lib/python3.12/site-packages/airflow/example_dags/example_task_group.py
[2024-11-25T06:16:24.676+0000] {logging_mixin.py:190} INFO - [2024-11-25T06:16:24.675+0000] {dag.py:3239} INFO - Sync 1 DAGs
[2024-11-25T06:16:24.712+0000] {logging_mixin.py:190} INFO - [2024-11-25T06:16:24.712+0000] {dag.py:4180} INFO - Setting next_dagrun for example_task_group to None, run_after=None
[2024-11-25T06:16:24.740+0000] {processor.py:208} INFO - Processing /home/airflow/.local/lib/python3.12/site-packages/airflow/example_dags/example_task_group.py took 0.121 seconds
[2024-11-25T06:16:55.162+0000] {processor.py:186} INFO - Started process (PID=1171) to work on /home/airflow/.local/lib/python3.12/site-packages/airflow/example_dags/example_task_group.py
[2024-11-25T06:16:55.164+0000] {processor.py:914} INFO - Processing file /home/airflow/.local/lib/python3.12/site-packages/airflow/example_dags/example_task_group.py for tasks to queue
[2024-11-25T06:16:55.169+0000] {logging_mixin.py:190} INFO - [2024-11-25T06:16:55.169+0000] {dagbag.py:588} INFO - Filling up the DagBag from /home/airflow/.local/lib/python3.12/site-packages/airflow/example_dags/example_task_group.py
[2024-11-25T06:16:55.185+0000] {processor.py:925} INFO - DAG(s) 'example_task_group' retrieved from /home/airflow/.local/lib/python3.12/site-packages/airflow/example_dags/example_task_group.py
[2024-11-25T06:16:55.227+0000] {logging_mixin.py:190} INFO - [2024-11-25T06:16:55.226+0000] {dag.py:3239} INFO - Sync 1 DAGs
[2024-11-25T06:16:55.259+0000] {logging_mixin.py:190} INFO - [2024-11-25T06:16:55.258+0000] {dag.py:4180} INFO - Setting next_dagrun for example_task_group to None, run_after=None
[2024-11-25T06:16:55.294+0000] {processor.py:208} INFO - Processing /home/airflow/.local/lib/python3.12/site-packages/airflow/example_dags/example_task_group.py took 0.144 seconds
[2024-11-25T06:17:25.414+0000] {processor.py:186} INFO - Started process (PID=1475) to work on /home/airflow/.local/lib/python3.12/site-packages/airflow/example_dags/example_task_group.py
[2024-11-25T06:17:25.415+0000] {processor.py:914} INFO - Processing file /home/airflow/.local/lib/python3.12/site-packages/airflow/example_dags/example_task_group.py for tasks to queue
[2024-11-25T06:17:25.417+0000] {logging_mixin.py:190} INFO - [2024-11-25T06:17:25.417+0000] {dagbag.py:588} INFO - Filling up the DagBag from /home/airflow/.local/lib/python3.12/site-packages/airflow/example_dags/example_task_group.py
[2024-11-25T06:17:25.427+0000] {processor.py:925} INFO - DAG(s) 'example_task_group' retrieved from /home/airflow/.local/lib/python3.12/site-packages/airflow/example_dags/example_task_group.py
[2024-11-25T06:17:25.452+0000] {logging_mixin.py:190} INFO - [2024-11-25T06:17:25.452+0000] {dag.py:3239} INFO - Sync 1 DAGs
[2024-11-25T06:17:25.470+0000] {logging_mixin.py:190} INFO - [2024-11-25T06:17:25.470+0000] {dag.py:4180} INFO - Setting next_dagrun for example_task_group to None, run_after=None
[2024-11-25T06:17:25.520+0000] {processor.py:208} INFO - Processing /home/airflow/.local/lib/python3.12/site-packages/airflow/example_dags/example_task_group.py took 0.113 seconds
[2024-11-25T06:17:55.894+0000] {processor.py:186} INFO - Started process (PID=1779) to work on /home/airflow/.local/lib/python3.12/site-packages/airflow/example_dags/example_task_group.py
[2024-11-25T06:17:55.895+0000] {processor.py:914} INFO - Processing file /home/airflow/.local/lib/python3.12/site-packages/airflow/example_dags/example_task_group.py for tasks to queue
[2024-11-25T06:17:55.897+0000] {logging_mixin.py:190} INFO - [2024-11-25T06:17:55.897+0000] {dagbag.py:588} INFO - Filling up the DagBag from /home/airflow/.local/lib/python3.12/site-packages/airflow/example_dags/example_task_group.py
[2024-11-25T06:17:55.906+0000] {processor.py:925} INFO - DAG(s) 'example_task_group' retrieved from /home/airflow/.local/lib/python3.12/site-packages/airflow/example_dags/example_task_group.py
[2024-11-25T06:17:55.929+0000] {logging_mixin.py:190} INFO - [2024-11-25T06:17:55.929+0000] {dag.py:3239} INFO - Sync 1 DAGs
[2024-11-25T06:17:55.943+0000] {logging_mixin.py:190} INFO - [2024-11-25T06:17:55.943+0000] {dag.py:4180} INFO - Setting next_dagrun for example_task_group to None, run_after=None
[2024-11-25T06:17:55.969+0000] {processor.py:208} INFO - Processing /home/airflow/.local/lib/python3.12/site-packages/airflow/example_dags/example_task_group.py took 0.081 seconds
[2024-11-25T06:18:26.235+0000] {processor.py:186} INFO - Started process (PID=2080) to work on /home/airflow/.local/lib/python3.12/site-packages/airflow/example_dags/example_task_group.py
[2024-11-25T06:18:26.236+0000] {processor.py:914} INFO - Processing file /home/airflow/.local/lib/python3.12/site-packages/airflow/example_dags/example_task_group.py for tasks to queue
[2024-11-25T06:18:26.239+0000] {logging_mixin.py:190} INFO - [2024-11-25T06:18:26.238+0000] {dagbag.py:588} INFO - Filling up the DagBag from /home/airflow/.local/lib/python3.12/site-packages/airflow/example_dags/example_task_group.py
[2024-11-25T06:18:26.248+0000] {processor.py:925} INFO - DAG(s) 'example_task_group' retrieved from /home/airflow/.local/lib/python3.12/site-packages/airflow/example_dags/example_task_group.py
[2024-11-25T06:18:26.277+0000] {logging_mixin.py:190} INFO - [2024-11-25T06:18:26.277+0000] {dag.py:3239} INFO - Sync 1 DAGs
[2024-11-25T06:18:26.292+0000] {logging_mixin.py:190} INFO - [2024-11-25T06:18:26.292+0000] {dag.py:4180} INFO - Setting next_dagrun for example_task_group to None, run_after=None
[2024-11-25T06:18:26.317+0000] {processor.py:208} INFO - Processing /home/airflow/.local/lib/python3.12/site-packages/airflow/example_dags/example_task_group.py took 0.088 seconds
[2024-11-25T06:18:57.078+0000] {processor.py:186} INFO - Started process (PID=2381) to work on /home/airflow/.local/lib/python3.12/site-packages/airflow/example_dags/example_task_group.py
[2024-11-25T06:18:57.081+0000] {processor.py:914} INFO - Processing file /home/airflow/.local/lib/python3.12/site-packages/airflow/example_dags/example_task_group.py for tasks to queue
[2024-11-25T06:18:57.085+0000] {logging_mixin.py:190} INFO - [2024-11-25T06:18:57.085+0000] {dagbag.py:588} INFO - Filling up the DagBag from /home/airflow/.local/lib/python3.12/site-packages/airflow/example_dags/example_task_group.py
[2024-11-25T06:18:57.103+0000] {processor.py:925} INFO - DAG(s) 'example_task_group' retrieved from /home/airflow/.local/lib/python3.12/site-packages/airflow/example_dags/example_task_group.py
[2024-11-25T06:18:57.134+0000] {logging_mixin.py:190} INFO - [2024-11-25T06:18:57.134+0000] {dag.py:3239} INFO - Sync 1 DAGs
[2024-11-25T06:18:57.161+0000] {logging_mixin.py:190} INFO - [2024-11-25T06:18:57.160+0000] {dag.py:4180} INFO - Setting next_dagrun for example_task_group to None, run_after=None
[2024-11-25T06:18:57.197+0000] {processor.py:208} INFO - Processing /home/airflow/.local/lib/python3.12/site-packages/airflow/example_dags/example_task_group.py took 0.128 seconds
[2024-11-25T06:19:27.902+0000] {processor.py:186} INFO - Started process (PID=2682) to work on /home/airflow/.local/lib/python3.12/site-packages/airflow/example_dags/example_task_group.py
[2024-11-25T06:19:27.903+0000] {processor.py:914} INFO - Processing file /home/airflow/.local/lib/python3.12/site-packages/airflow/example_dags/example_task_group.py for tasks to queue
[2024-11-25T06:19:27.906+0000] {logging_mixin.py:190} INFO - [2024-11-25T06:19:27.906+0000] {dagbag.py:588} INFO - Filling up the DagBag from /home/airflow/.local/lib/python3.12/site-packages/airflow/example_dags/example_task_group.py
[2024-11-25T06:19:27.916+0000] {processor.py:925} INFO - DAG(s) 'example_task_group' retrieved from /home/airflow/.local/lib/python3.12/site-packages/airflow/example_dags/example_task_group.py
[2024-11-25T06:19:27.941+0000] {logging_mixin.py:190} INFO - [2024-11-25T06:19:27.941+0000] {dag.py:3239} INFO - Sync 1 DAGs
[2024-11-25T06:19:27.956+0000] {logging_mixin.py:190} INFO - [2024-11-25T06:19:27.956+0000] {dag.py:4180} INFO - Setting next_dagrun for example_task_group to None, run_after=None
[2024-11-25T06:19:27.978+0000] {processor.py:208} INFO - Processing /home/airflow/.local/lib/python3.12/site-packages/airflow/example_dags/example_task_group.py took 0.083 seconds
[2024-11-25T06:19:58.389+0000] {processor.py:186} INFO - Started process (PID=2983) to work on /home/airflow/.local/lib/python3.12/site-packages/airflow/example_dags/example_task_group.py
[2024-11-25T06:19:58.391+0000] {processor.py:914} INFO - Processing file /home/airflow/.local/lib/python3.12/site-packages/airflow/example_dags/example_task_group.py for tasks to queue
[2024-11-25T06:19:58.394+0000] {logging_mixin.py:190} INFO - [2024-11-25T06:19:58.394+0000] {dagbag.py:588} INFO - Filling up the DagBag from /home/airflow/.local/lib/python3.12/site-packages/airflow/example_dags/example_task_group.py
[2024-11-25T06:19:58.407+0000] {processor.py:925} INFO - DAG(s) 'example_task_group' retrieved from /home/airflow/.local/lib/python3.12/site-packages/airflow/example_dags/example_task_group.py
[2024-11-25T06:19:58.450+0000] {logging_mixin.py:190} INFO - [2024-11-25T06:19:58.450+0000] {dag.py:3239} INFO - Sync 1 DAGs
[2024-11-25T06:19:58.487+0000] {logging_mixin.py:190} INFO - [2024-11-25T06:19:58.487+0000] {dag.py:4180} INFO - Setting next_dagrun for example_task_group to None, run_after=None
[2024-11-25T06:19:58.521+0000] {processor.py:208} INFO - Processing /home/airflow/.local/lib/python3.12/site-packages/airflow/example_dags/example_task_group.py took 0.139 seconds
[2024-11-25T06:20:28.710+0000] {processor.py:186} INFO - Started process (PID=3284) to work on /home/airflow/.local/lib/python3.12/site-packages/airflow/example_dags/example_task_group.py
[2024-11-25T06:20:28.713+0000] {processor.py:914} INFO - Processing file /home/airflow/.local/lib/python3.12/site-packages/airflow/example_dags/example_task_group.py for tasks to queue
[2024-11-25T06:20:28.717+0000] {logging_mixin.py:190} INFO - [2024-11-25T06:20:28.716+0000] {dagbag.py:588} INFO - Filling up the DagBag from /home/airflow/.local/lib/python3.12/site-packages/airflow/example_dags/example_task_group.py
[2024-11-25T06:20:28.729+0000] {processor.py:925} INFO - DAG(s) 'example_task_group' retrieved from /home/airflow/.local/lib/python3.12/site-packages/airflow/example_dags/example_task_group.py
[2024-11-25T06:20:28.770+0000] {logging_mixin.py:190} INFO - [2024-11-25T06:20:28.770+0000] {dag.py:3239} INFO - Sync 1 DAGs
[2024-11-25T06:20:28.790+0000] {logging_mixin.py:190} INFO - [2024-11-25T06:20:28.790+0000] {dag.py:4180} INFO - Setting next_dagrun for example_task_group to None, run_after=None
[2024-11-25T06:20:28.817+0000] {processor.py:208} INFO - Processing /home/airflow/.local/lib/python3.12/site-packages/airflow/example_dags/example_task_group.py took 0.119 seconds
[2024-11-25T06:20:59.420+0000] {processor.py:186} INFO - Started process (PID=3585) to work on /home/airflow/.local/lib/python3.12/site-packages/airflow/example_dags/example_task_group.py
[2024-11-25T06:20:59.421+0000] {processor.py:914} INFO - Processing file /home/airflow/.local/lib/python3.12/site-packages/airflow/example_dags/example_task_group.py for tasks to queue
[2024-11-25T06:20:59.424+0000] {logging_mixin.py:190} INFO - [2024-11-25T06:20:59.424+0000] {dagbag.py:588} INFO - Filling up the DagBag from /home/airflow/.local/lib/python3.12/site-packages/airflow/example_dags/example_task_group.py
[2024-11-25T06:20:59.433+0000] {processor.py:925} INFO - DAG(s) 'example_task_group' retrieved from /home/airflow/.local/lib/python3.12/site-packages/airflow/example_dags/example_task_group.py
[2024-11-25T06:20:59.463+0000] {logging_mixin.py:190} INFO - [2024-11-25T06:20:59.462+0000] {dag.py:3239} INFO - Sync 1 DAGs
[2024-11-25T06:20:59.478+0000] {logging_mixin.py:190} INFO - [2024-11-25T06:20:59.478+0000] {dag.py:4180} INFO - Setting next_dagrun for example_task_group to None, run_after=None
[2024-11-25T06:20:59.499+0000] {processor.py:208} INFO - Processing /home/airflow/.local/lib/python3.12/site-packages/airflow/example_dags/example_task_group.py took 0.086 seconds
[2024-11-25T06:21:29.854+0000] {processor.py:186} INFO - Started process (PID=3886) to work on /home/airflow/.local/lib/python3.12/site-packages/airflow/example_dags/example_task_group.py
[2024-11-25T06:21:29.857+0000] {processor.py:914} INFO - Processing file /home/airflow/.local/lib/python3.12/site-packages/airflow/example_dags/example_task_group.py for tasks to queue
[2024-11-25T06:21:29.861+0000] {logging_mixin.py:190} INFO - [2024-11-25T06:21:29.861+0000] {dagbag.py:588} INFO - Filling up the DagBag from /home/airflow/.local/lib/python3.12/site-packages/airflow/example_dags/example_task_group.py
[2024-11-25T06:21:29.874+0000] {processor.py:925} INFO - DAG(s) 'example_task_group' retrieved from /home/airflow/.local/lib/python3.12/site-packages/airflow/example_dags/example_task_group.py
[2024-11-25T06:21:29.911+0000] {logging_mixin.py:190} INFO - [2024-11-25T06:21:29.911+0000] {dag.py:3239} INFO - Sync 1 DAGs
[2024-11-25T06:21:29.932+0000] {logging_mixin.py:190} INFO - [2024-11-25T06:21:29.932+0000] {dag.py:4180} INFO - Setting next_dagrun for example_task_group to None, run_after=None
[2024-11-25T06:21:29.963+0000] {processor.py:208} INFO - Processing /home/airflow/.local/lib/python3.12/site-packages/airflow/example_dags/example_task_group.py took 0.120 seconds
[2024-11-25T06:22:00.349+0000] {processor.py:186} INFO - Started process (PID=4187) to work on /home/airflow/.local/lib/python3.12/site-packages/airflow/example_dags/example_task_group.py
[2024-11-25T06:22:00.351+0000] {processor.py:914} INFO - Processing file /home/airflow/.local/lib/python3.12/site-packages/airflow/example_dags/example_task_group.py for tasks to queue
[2024-11-25T06:22:00.355+0000] {logging_mixin.py:190} INFO - [2024-11-25T06:22:00.354+0000] {dagbag.py:588} INFO - Filling up the DagBag from /home/airflow/.local/lib/python3.12/site-packages/airflow/example_dags/example_task_group.py
[2024-11-25T06:22:00.374+0000] {processor.py:925} INFO - DAG(s) 'example_task_group' retrieved from /home/airflow/.local/lib/python3.12/site-packages/airflow/example_dags/example_task_group.py
[2024-11-25T06:22:00.321+0000] {logging_mixin.py:190} INFO - [2024-11-25T06:22:00.321+0000] {dag.py:3239} INFO - Sync 1 DAGs
[2024-11-25T06:22:00.343+0000] {logging_mixin.py:190} INFO - [2024-11-25T06:22:00.343+0000] {dag.py:4180} INFO - Setting next_dagrun for example_task_group to None, run_after=None
[2024-11-25T06:22:00.373+0000] {processor.py:208} INFO - Processing /home/airflow/.local/lib/python3.12/site-packages/airflow/example_dags/example_task_group.py took 0.133 seconds
[2024-11-25T06:22:32.823+0000] {processor.py:186} INFO - Started process (PID=4486) to work on /home/airflow/.local/lib/python3.12/site-packages/airflow/example_dags/example_task_group.py
[2024-11-25T06:22:32.827+0000] {processor.py:914} INFO - Processing file /home/airflow/.local/lib/python3.12/site-packages/airflow/example_dags/example_task_group.py for tasks to queue
[2024-11-25T06:22:32.833+0000] {logging_mixin.py:190} INFO - [2024-11-25T06:22:32.832+0000] {dagbag.py:588} INFO - Filling up the DagBag from /home/airflow/.local/lib/python3.12/site-packages/airflow/example_dags/example_task_group.py
[2024-11-25T06:22:32.883+0000] {processor.py:925} INFO - DAG(s) 'example_task_group' retrieved from /home/airflow/.local/lib/python3.12/site-packages/airflow/example_dags/example_task_group.py
[2024-11-25T06:22:33.048+0000] {logging_mixin.py:190} INFO - [2024-11-25T06:22:33.047+0000] {dag.py:3239} INFO - Sync 1 DAGs
[2024-11-25T06:22:33.123+0000] {logging_mixin.py:190} INFO - [2024-11-25T06:22:33.123+0000] {dag.py:4180} INFO - Setting next_dagrun for example_task_group to None, run_after=None
[2024-11-25T06:22:33.263+0000] {processor.py:208} INFO - Processing /home/airflow/.local/lib/python3.12/site-packages/airflow/example_dags/example_task_group.py took 0.463 seconds
[2024-11-25T06:23:04.037+0000] {processor.py:186} INFO - Started process (PID=4789) to work on /home/airflow/.local/lib/python3.12/site-packages/airflow/example_dags/example_task_group.py
[2024-11-25T06:23:04.039+0000] {processor.py:914} INFO - Processing file /home/airflow/.local/lib/python3.12/site-packages/airflow/example_dags/example_task_group.py for tasks to queue
[2024-11-25T06:23:04.041+0000] {logging_mixin.py:190} INFO - [2024-11-25T06:23:04.041+0000] {dagbag.py:588} INFO - Filling up the DagBag from /home/airflow/.local/lib/python3.12/site-packages/airflow/example_dags/example_task_group.py
[2024-11-25T06:23:04.050+0000] {processor.py:925} INFO - DAG(s) 'example_task_group' retrieved from /home/airflow/.local/lib/python3.12/site-packages/airflow/example_dags/example_task_group.py
[2024-11-25T06:23:04.078+0000] {logging_mixin.py:190} INFO - [2024-11-25T06:23:04.078+0000] {dag.py:3239} INFO - Sync 1 DAGs
[2024-11-25T06:23:04.094+0000] {logging_mixin.py:190} INFO - [2024-11-25T06:23:04.093+0000] {dag.py:4180} INFO - Setting next_dagrun for example_task_group to None, run_after=None
[2024-11-25T06:23:04.126+0000] {processor.py:208} INFO - Processing /home/airflow/.local/lib/python3.12/site-packages/airflow/example_dags/example_task_group.py took 0.097 seconds
[2024-11-25T06:23:34.715+0000] {processor.py:186} INFO - Started process (PID=5090) to work on /home/airflow/.local/lib/python3.12/site-packages/airflow/example_dags/example_task_group.py
[2024-11-25T06:23:34.750+0000] {processor.py:914} INFO - Processing file /home/airflow/.local/lib/python3.12/site-packages/airflow/example_dags/example_task_group.py for tasks to queue
[2024-11-25T06:23:34.766+0000] {logging_mixin.py:190} INFO - [2024-11-25T06:23:34.764+0000] {dagbag.py:588} INFO - Filling up the DagBag from /home/airflow/.local/lib/python3.12/site-packages/airflow/example_dags/example_task_group.py
[2024-11-25T06:23:34.824+0000] {processor.py:925} INFO - DAG(s) 'example_task_group' retrieved from /home/airflow/.local/lib/python3.12/site-packages/airflow/example_dags/example_task_group.py
[2024-11-25T06:23:34.937+0000] {logging_mixin.py:190} INFO - [2024-11-25T06:23:34.936+0000] {dag.py:3239} INFO - Sync 1 DAGs
[2024-11-25T06:23:35.156+0000] {logging_mixin.py:190} INFO - [2024-11-25T06:23:35.155+0000] {dag.py:4180} INFO - Setting next_dagrun for example_task_group to None, run_after=None
[2024-11-25T06:23:38.304+0000] {processor.py:208} INFO - Processing /home/airflow/.local/lib/python3.12/site-packages/airflow/example_dags/example_task_group.py took 3.634 seconds
[2024-11-25T06:24:09.256+0000] {processor.py:186} INFO - Started process (PID=5397) to work on /home/airflow/.local/lib/python3.12/site-packages/airflow/example_dags/example_task_group.py
[2024-11-25T06:24:09.258+0000] {processor.py:914} INFO - Processing file /home/airflow/.local/lib/python3.12/site-packages/airflow/example_dags/example_task_group.py for tasks to queue
[2024-11-25T06:24:09.263+0000] {logging_mixin.py:190} INFO - [2024-11-25T06:24:09.263+0000] {dagbag.py:588} INFO - Filling up the DagBag from /home/airflow/.local/lib/python3.12/site-packages/airflow/example_dags/example_task_group.py
[2024-11-25T06:24:09.281+0000] {processor.py:925} INFO - DAG(s) 'example_task_group' retrieved from /home/airflow/.local/lib/python3.12/site-packages/airflow/example_dags/example_task_group.py
[2024-11-25T06:24:09.326+0000] {logging_mixin.py:190} INFO - [2024-11-25T06:24:09.326+0000] {dag.py:3239} INFO - Sync 1 DAGs
[2024-11-25T06:24:09.347+0000] {logging_mixin.py:190} INFO - [2024-11-25T06:24:09.347+0000] {dag.py:4180} INFO - Setting next_dagrun for example_task_group to None, run_after=None
[2024-11-25T06:24:09.373+0000] {processor.py:208} INFO - Processing /home/airflow/.local/lib/python3.12/site-packages/airflow/example_dags/example_task_group.py took 0.128 seconds
[2024-11-25T06:24:40.098+0000] {processor.py:186} INFO - Started process (PID=5698) to work on /home/airflow/.local/lib/python3.12/site-packages/airflow/example_dags/example_task_group.py
[2024-11-25T06:24:40.102+0000] {processor.py:914} INFO - Processing file /home/airflow/.local/lib/python3.12/site-packages/airflow/example_dags/example_task_group.py for tasks to queue
[2024-11-25T06:24:40.105+0000] {logging_mixin.py:190} INFO - [2024-11-25T06:24:40.105+0000] {dagbag.py:588} INFO - Filling up the DagBag from /home/airflow/.local/lib/python3.12/site-packages/airflow/example_dags/example_task_group.py
[2024-11-25T06:24:40.125+0000] {processor.py:925} INFO - DAG(s) 'example_task_group' retrieved from /home/airflow/.local/lib/python3.12/site-packages/airflow/example_dags/example_task_group.py
[2024-11-25T06:24:40.154+0000] {logging_mixin.py:190} INFO - [2024-11-25T06:24:40.154+0000] {dag.py:3239} INFO - Sync 1 DAGs
[2024-11-25T06:24:40.171+0000] {logging_mixin.py:190} INFO - [2024-11-25T06:24:40.171+0000] {dag.py:4180} INFO - Setting next_dagrun for example_task_group to None, run_after=None
[2024-11-25T06:24:40.196+0000] {processor.py:208} INFO - Processing /home/airflow/.local/lib/python3.12/site-packages/airflow/example_dags/example_task_group.py took 0.105 seconds
[2024-11-25T06:25:11.068+0000] {processor.py:186} INFO - Started process (PID=5999) to work on /home/airflow/.local/lib/python3.12/site-packages/airflow/example_dags/example_task_group.py
[2024-11-25T06:25:11.069+0000] {processor.py:914} INFO - Processing file /home/airflow/.local/lib/python3.12/site-packages/airflow/example_dags/example_task_group.py for tasks to queue
[2024-11-25T06:25:11.072+0000] {logging_mixin.py:190} INFO - [2024-11-25T06:25:11.071+0000] {dagbag.py:588} INFO - Filling up the DagBag from /home/airflow/.local/lib/python3.12/site-packages/airflow/example_dags/example_task_group.py
[2024-11-25T06:25:11.084+0000] {processor.py:925} INFO - DAG(s) 'example_task_group' retrieved from /home/airflow/.local/lib/python3.12/site-packages/airflow/example_dags/example_task_group.py
[2024-11-25T06:25:11.113+0000] {logging_mixin.py:190} INFO - [2024-11-25T06:25:11.112+0000] {dag.py:3239} INFO - Sync 1 DAGs
[2024-11-25T06:25:11.129+0000] {logging_mixin.py:190} INFO - [2024-11-25T06:25:11.128+0000] {dag.py:4180} INFO - Setting next_dagrun for example_task_group to None, run_after=None
[2024-11-25T06:25:11.157+0000] {processor.py:208} INFO - Processing /home/airflow/.local/lib/python3.12/site-packages/airflow/example_dags/example_task_group.py took 0.095 seconds
[2024-11-25T06:25:41.639+0000] {processor.py:186} INFO - Started process (PID=6302) to work on /home/airflow/.local/lib/python3.12/site-packages/airflow/example_dags/example_task_group.py
[2024-11-25T06:25:41.641+0000] {processor.py:914} INFO - Processing file /home/airflow/.local/lib/python3.12/site-packages/airflow/example_dags/example_task_group.py for tasks to queue
[2024-11-25T06:25:41.643+0000] {logging_mixin.py:190} INFO - [2024-11-25T06:25:41.643+0000] {dagbag.py:588} INFO - Filling up the DagBag from /home/airflow/.local/lib/python3.12/site-packages/airflow/example_dags/example_task_group.py
[2024-11-25T06:25:41.657+0000] {processor.py:925} INFO - DAG(s) 'example_task_group' retrieved from /home/airflow/.local/lib/python3.12/site-packages/airflow/example_dags/example_task_group.py
[2024-11-25T06:25:41.692+0000] {logging_mixin.py:190} INFO - [2024-11-25T06:25:41.692+0000] {dag.py:3239} INFO - Sync 1 DAGs
[2024-11-25T06:25:41.717+0000] {logging_mixin.py:190} INFO - [2024-11-25T06:25:41.716+0000] {dag.py:4180} INFO - Setting next_dagrun for example_task_group to None, run_after=None
[2024-11-25T06:25:41.749+0000] {processor.py:208} INFO - Processing /home/airflow/.local/lib/python3.12/site-packages/airflow/example_dags/example_task_group.py took 0.116 seconds
[2024-11-25T06:26:12.227+0000] {processor.py:186} INFO - Started process (PID=6604) to work on /home/airflow/.local/lib/python3.12/site-packages/airflow/example_dags/example_task_group.py
[2024-11-25T06:26:12.228+0000] {processor.py:914} INFO - Processing file /home/airflow/.local/lib/python3.12/site-packages/airflow/example_dags/example_task_group.py for tasks to queue
[2024-11-25T06:26:12.231+0000] {logging_mixin.py:190} INFO - [2024-11-25T06:26:12.230+0000] {dagbag.py:588} INFO - Filling up the DagBag from /home/airflow/.local/lib/python3.12/site-packages/airflow/example_dags/example_task_group.py
[2024-11-25T06:26:12.239+0000] {processor.py:925} INFO - DAG(s) 'example_task_group' retrieved from /home/airflow/.local/lib/python3.12/site-packages/airflow/example_dags/example_task_group.py
[2024-11-25T06:26:12.268+0000] {logging_mixin.py:190} INFO - [2024-11-25T06:26:12.268+0000] {dag.py:3239} INFO - Sync 1 DAGs
[2024-11-25T06:26:12.282+0000] {logging_mixin.py:190} INFO - [2024-11-25T06:26:12.282+0000] {dag.py:4180} INFO - Setting next_dagrun for example_task_group to None, run_after=None
[2024-11-25T06:26:12.301+0000] {processor.py:208} INFO - Processing /home/airflow/.local/lib/python3.12/site-packages/airflow/example_dags/example_task_group.py took 0.080 seconds
[2024-11-25T06:26:45.496+0000] {processor.py:186} INFO - Started process (PID=6850) to work on /home/airflow/.local/lib/python3.12/site-packages/airflow/example_dags/example_task_group.py
[2024-11-25T06:26:45.502+0000] {processor.py:914} INFO - Processing file /home/airflow/.local/lib/python3.12/site-packages/airflow/example_dags/example_task_group.py for tasks to queue
[2024-11-25T06:26:45.509+0000] {logging_mixin.py:190} INFO - [2024-11-25T06:26:45.507+0000] {dagbag.py:588} INFO - Filling up the DagBag from /home/airflow/.local/lib/python3.12/site-packages/airflow/example_dags/example_task_group.py
[2024-11-25T06:26:45.562+0000] {processor.py:925} INFO - DAG(s) 'example_task_group' retrieved from /home/airflow/.local/lib/python3.12/site-packages/airflow/example_dags/example_task_group.py
[2024-11-25T06:26:45.698+0000] {logging_mixin.py:190} INFO - [2024-11-25T06:26:45.697+0000] {dag.py:3239} INFO - Sync 1 DAGs
[2024-11-25T06:26:45.806+0000] {logging_mixin.py:190} INFO - [2024-11-25T06:26:45.806+0000] {dag.py:4180} INFO - Setting next_dagrun for example_task_group to None, run_after=None
[2024-11-25T06:26:45.891+0000] {processor.py:208} INFO - Processing /home/airflow/.local/lib/python3.12/site-packages/airflow/example_dags/example_task_group.py took 0.431 seconds
[2024-11-25T06:27:16.538+0000] {processor.py:186} INFO - Started process (PID=7151) to work on /home/airflow/.local/lib/python3.12/site-packages/airflow/example_dags/example_task_group.py
[2024-11-25T06:27:16.539+0000] {processor.py:914} INFO - Processing file /home/airflow/.local/lib/python3.12/site-packages/airflow/example_dags/example_task_group.py for tasks to queue
[2024-11-25T06:27:16.543+0000] {logging_mixin.py:190} INFO - [2024-11-25T06:27:16.543+0000] {dagbag.py:588} INFO - Filling up the DagBag from /home/airflow/.local/lib/python3.12/site-packages/airflow/example_dags/example_task_group.py
[2024-11-25T06:27:16.559+0000] {processor.py:925} INFO - DAG(s) 'example_task_group' retrieved from /home/airflow/.local/lib/python3.12/site-packages/airflow/example_dags/example_task_group.py
[2024-11-25T06:27:16.628+0000] {logging_mixin.py:190} INFO - [2024-11-25T06:27:16.628+0000] {dag.py:3239} INFO - Sync 1 DAGs
[2024-11-25T06:27:16.665+0000] {logging_mixin.py:190} INFO - [2024-11-25T06:27:16.664+0000] {dag.py:4180} INFO - Setting next_dagrun for example_task_group to None, run_after=None
[2024-11-25T06:27:16.703+0000] {processor.py:208} INFO - Processing /home/airflow/.local/lib/python3.12/site-packages/airflow/example_dags/example_task_group.py took 0.172 seconds
[2024-11-25T06:27:47.381+0000] {processor.py:186} INFO - Started process (PID=7452) to work on /home/airflow/.local/lib/python3.12/site-packages/airflow/example_dags/example_task_group.py
[2024-11-25T06:27:47.383+0000] {processor.py:914} INFO - Processing file /home/airflow/.local/lib/python3.12/site-packages/airflow/example_dags/example_task_group.py for tasks to queue
[2024-11-25T06:27:47.386+0000] {logging_mixin.py:190} INFO - [2024-11-25T06:27:47.386+0000] {dagbag.py:588} INFO - Filling up the DagBag from /home/airflow/.local/lib/python3.12/site-packages/airflow/example_dags/example_task_group.py
[2024-11-25T06:27:47.396+0000] {processor.py:925} INFO - DAG(s) 'example_task_group' retrieved from /home/airflow/.local/lib/python3.12/site-packages/airflow/example_dags/example_task_group.py
[2024-11-25T06:27:47.421+0000] {logging_mixin.py:190} INFO - [2024-11-25T06:27:47.421+0000] {dag.py:3239} INFO - Sync 1 DAGs
[2024-11-25T06:27:47.435+0000] {logging_mixin.py:190} INFO - [2024-11-25T06:27:47.435+0000] {dag.py:4180} INFO - Setting next_dagrun for example_task_group to None, run_after=None
[2024-11-25T06:27:47.459+0000] {processor.py:208} INFO - Processing /home/airflow/.local/lib/python3.12/site-packages/airflow/example_dags/example_task_group.py took 0.083 seconds
[2024-11-25T06:28:18.231+0000] {processor.py:186} INFO - Started process (PID=7753) to work on /home/airflow/.local/lib/python3.12/site-packages/airflow/example_dags/example_task_group.py
[2024-11-25T06:28:18.233+0000] {processor.py:914} INFO - Processing file /home/airflow/.local/lib/python3.12/site-packages/airflow/example_dags/example_task_group.py for tasks to queue
[2024-11-25T06:28:18.236+0000] {logging_mixin.py:190} INFO - [2024-11-25T06:28:18.236+0000] {dagbag.py:588} INFO - Filling up the DagBag from /home/airflow/.local/lib/python3.12/site-packages/airflow/example_dags/example_task_group.py
[2024-11-25T06:28:18.244+0000] {processor.py:925} INFO - DAG(s) 'example_task_group' retrieved from /home/airflow/.local/lib/python3.12/site-packages/airflow/example_dags/example_task_group.py
[2024-11-25T06:28:18.269+0000] {logging_mixin.py:190} INFO - [2024-11-25T06:28:18.269+0000] {dag.py:3239} INFO - Sync 1 DAGs
[2024-11-25T06:28:18.284+0000] {logging_mixin.py:190} INFO - [2024-11-25T06:28:18.284+0000] {dag.py:4180} INFO - Setting next_dagrun for example_task_group to None, run_after=None
[2024-11-25T06:28:18.305+0000] {processor.py:208} INFO - Processing /home/airflow/.local/lib/python3.12/site-packages/airflow/example_dags/example_task_group.py took 0.080 seconds
[2024-11-25T06:28:48.723+0000] {processor.py:186} INFO - Started process (PID=8054) to work on /home/airflow/.local/lib/python3.12/site-packages/airflow/example_dags/example_task_group.py
[2024-11-25T06:28:48.724+0000] {processor.py:914} INFO - Processing file /home/airflow/.local/lib/python3.12/site-packages/airflow/example_dags/example_task_group.py for tasks to queue
[2024-11-25T06:28:48.728+0000] {logging_mixin.py:190} INFO - [2024-11-25T06:28:48.727+0000] {dagbag.py:588} INFO - Filling up the DagBag from /home/airflow/.local/lib/python3.12/site-packages/airflow/example_dags/example_task_group.py
[2024-11-25T06:28:48.739+0000] {processor.py:925} INFO - DAG(s) 'example_task_group' retrieved from /home/airflow/.local/lib/python3.12/site-packages/airflow/example_dags/example_task_group.py
[2024-11-25T06:28:48.774+0000] {logging_mixin.py:190} INFO - [2024-11-25T06:28:48.773+0000] {dag.py:3239} INFO - Sync 1 DAGs
[2024-11-25T06:28:48.790+0000] {logging_mixin.py:190} INFO - [2024-11-25T06:28:48.790+0000] {dag.py:4180} INFO - Setting next_dagrun for example_task_group to None, run_after=None
[2024-11-25T06:28:48.825+0000] {processor.py:208} INFO - Processing /home/airflow/.local/lib/python3.12/site-packages/airflow/example_dags/example_task_group.py took 0.108 seconds
[2024-11-25T06:29:19.278+0000] {processor.py:186} INFO - Started process (PID=8355) to work on /home/airflow/.local/lib/python3.12/site-packages/airflow/example_dags/example_task_group.py
[2024-11-25T06:29:19.281+0000] {processor.py:914} INFO - Processing file /home/airflow/.local/lib/python3.12/site-packages/airflow/example_dags/example_task_group.py for tasks to queue
[2024-11-25T06:29:19.286+0000] {logging_mixin.py:190} INFO - [2024-11-25T06:29:19.285+0000] {dagbag.py:588} INFO - Filling up the DagBag from /home/airflow/.local/lib/python3.12/site-packages/airflow/example_dags/example_task_group.py
[2024-11-25T06:29:19.303+0000] {processor.py:925} INFO - DAG(s) 'example_task_group' retrieved from /home/airflow/.local/lib/python3.12/site-packages/airflow/example_dags/example_task_group.py
[2024-11-25T06:29:19.339+0000] {logging_mixin.py:190} INFO - [2024-11-25T06:29:19.338+0000] {dag.py:3239} INFO - Sync 1 DAGs
[2024-11-25T06:29:19.376+0000] {logging_mixin.py:190} INFO - [2024-11-25T06:29:19.375+0000] {dag.py:4180} INFO - Setting next_dagrun for example_task_group to None, run_after=None
[2024-11-25T06:29:19.407+0000] {processor.py:208} INFO - Processing /home/airflow/.local/lib/python3.12/site-packages/airflow/example_dags/example_task_group.py took 0.143 seconds
[2024-11-25T06:29:49.756+0000] {processor.py:186} INFO - Started process (PID=8656) to work on /home/airflow/.local/lib/python3.12/site-packages/airflow/example_dags/example_task_group.py
[2024-11-25T06:29:49.758+0000] {processor.py:914} INFO - Processing file /home/airflow/.local/lib/python3.12/site-packages/airflow/example_dags/example_task_group.py for tasks to queue
[2024-11-25T06:29:49.765+0000] {logging_mixin.py:190} INFO - [2024-11-25T06:29:49.764+0000] {dagbag.py:588} INFO - Filling up the DagBag from /home/airflow/.local/lib/python3.12/site-packages/airflow/example_dags/example_task_group.py
[2024-11-25T06:29:49.783+0000] {processor.py:925} INFO - DAG(s) 'example_task_group' retrieved from /home/airflow/.local/lib/python3.12/site-packages/airflow/example_dags/example_task_group.py
[2024-11-25T06:29:49.809+0000] {logging_mixin.py:190} INFO - [2024-11-25T06:29:49.809+0000] {dag.py:3239} INFO - Sync 1 DAGs
[2024-11-25T06:29:49.824+0000] {logging_mixin.py:190} INFO - [2024-11-25T06:29:49.824+0000] {dag.py:4180} INFO - Setting next_dagrun for example_task_group to None, run_after=None
[2024-11-25T06:29:49.847+0000] {processor.py:208} INFO - Processing /home/airflow/.local/lib/python3.12/site-packages/airflow/example_dags/example_task_group.py took 0.099 seconds
[2024-11-25T06:30:20.423+0000] {processor.py:186} INFO - Started process (PID=8952) to work on /home/airflow/.local/lib/python3.12/site-packages/airflow/example_dags/example_task_group.py
[2024-11-25T06:30:20.424+0000] {processor.py:914} INFO - Processing file /home/airflow/.local/lib/python3.12/site-packages/airflow/example_dags/example_task_group.py for tasks to queue
[2024-11-25T06:30:20.427+0000] {logging_mixin.py:190} INFO - [2024-11-25T06:30:20.426+0000] {dagbag.py:588} INFO - Filling up the DagBag from /home/airflow/.local/lib/python3.12/site-packages/airflow/example_dags/example_task_group.py
[2024-11-25T06:30:20.439+0000] {processor.py:925} INFO - DAG(s) 'example_task_group' retrieved from /home/airflow/.local/lib/python3.12/site-packages/airflow/example_dags/example_task_group.py
[2024-11-25T06:30:20.472+0000] {logging_mixin.py:190} INFO - [2024-11-25T06:30:20.472+0000] {dag.py:3239} INFO - Sync 1 DAGs
[2024-11-25T06:30:20.502+0000] {logging_mixin.py:190} INFO - [2024-11-25T06:30:20.501+0000] {dag.py:4180} INFO - Setting next_dagrun for example_task_group to None, run_after=None
[2024-11-25T06:30:20.546+0000] {processor.py:208} INFO - Processing /home/airflow/.local/lib/python3.12/site-packages/airflow/example_dags/example_task_group.py took 0.132 seconds
[2024-11-25T06:30:50.786+0000] {processor.py:186} INFO - Started process (PID=9253) to work on /home/airflow/.local/lib/python3.12/site-packages/airflow/example_dags/example_task_group.py
[2024-11-25T06:30:50.787+0000] {processor.py:914} INFO - Processing file /home/airflow/.local/lib/python3.12/site-packages/airflow/example_dags/example_task_group.py for tasks to queue
[2024-11-25T06:30:50.790+0000] {logging_mixin.py:190} INFO - [2024-11-25T06:30:50.790+0000] {dagbag.py:588} INFO - Filling up the DagBag from /home/airflow/.local/lib/python3.12/site-packages/airflow/example_dags/example_task_group.py
[2024-11-25T06:30:50.799+0000] {processor.py:925} INFO - DAG(s) 'example_task_group' retrieved from /home/airflow/.local/lib/python3.12/site-packages/airflow/example_dags/example_task_group.py
[2024-11-25T06:30:50.826+0000] {logging_mixin.py:190} INFO - [2024-11-25T06:30:50.825+0000] {dag.py:3239} INFO - Sync 1 DAGs
[2024-11-25T06:30:50.843+0000] {logging_mixin.py:190} INFO - [2024-11-25T06:30:50.843+0000] {dag.py:4180} INFO - Setting next_dagrun for example_task_group to None, run_after=None
[2024-11-25T06:30:50.877+0000] {processor.py:208} INFO - Processing /home/airflow/.local/lib/python3.12/site-packages/airflow/example_dags/example_task_group.py took 0.098 seconds
[2024-11-25T06:31:21.118+0000] {processor.py:186} INFO - Started process (PID=9554) to work on /home/airflow/.local/lib/python3.12/site-packages/airflow/example_dags/example_task_group.py
[2024-11-25T06:31:21.120+0000] {processor.py:914} INFO - Processing file /home/airflow/.local/lib/python3.12/site-packages/airflow/example_dags/example_task_group.py for tasks to queue
[2024-11-25T06:31:21.123+0000] {logging_mixin.py:190} INFO - [2024-11-25T06:31:21.123+0000] {dagbag.py:588} INFO - Filling up the DagBag from /home/airflow/.local/lib/python3.12/site-packages/airflow/example_dags/example_task_group.py
[2024-11-25T06:31:21.134+0000] {processor.py:925} INFO - DAG(s) 'example_task_group' retrieved from /home/airflow/.local/lib/python3.12/site-packages/airflow/example_dags/example_task_group.py
[2024-11-25T06:31:21.170+0000] {logging_mixin.py:190} INFO - [2024-11-25T06:31:21.169+0000] {dag.py:3239} INFO - Sync 1 DAGs
[2024-11-25T06:31:21.187+0000] {logging_mixin.py:190} INFO - [2024-11-25T06:31:21.187+0000] {dag.py:4180} INFO - Setting next_dagrun for example_task_group to None, run_after=None
[2024-11-25T06:31:21.222+0000] {processor.py:208} INFO - Processing /home/airflow/.local/lib/python3.12/site-packages/airflow/example_dags/example_task_group.py took 0.111 seconds
[2024-11-25T06:31:51.427+0000] {processor.py:186} INFO - Started process (PID=9853) to work on /home/airflow/.local/lib/python3.12/site-packages/airflow/example_dags/example_task_group.py
[2024-11-25T06:31:51.428+0000] {processor.py:914} INFO - Processing file /home/airflow/.local/lib/python3.12/site-packages/airflow/example_dags/example_task_group.py for tasks to queue
[2024-11-25T06:31:51.431+0000] {logging_mixin.py:190} INFO - [2024-11-25T06:31:51.431+0000] {dagbag.py:588} INFO - Filling up the DagBag from /home/airflow/.local/lib/python3.12/site-packages/airflow/example_dags/example_task_group.py
[2024-11-25T06:31:51.440+0000] {processor.py:925} INFO - DAG(s) 'example_task_group' retrieved from /home/airflow/.local/lib/python3.12/site-packages/airflow/example_dags/example_task_group.py
[2024-11-25T06:31:51.465+0000] {logging_mixin.py:190} INFO - [2024-11-25T06:31:51.465+0000] {dag.py:3239} INFO - Sync 1 DAGs
[2024-11-25T06:31:51.483+0000] {logging_mixin.py:190} INFO - [2024-11-25T06:31:51.482+0000] {dag.py:4180} INFO - Setting next_dagrun for example_task_group to None, run_after=None
[2024-11-25T06:31:51.510+0000] {processor.py:208} INFO - Processing /home/airflow/.local/lib/python3.12/site-packages/airflow/example_dags/example_task_group.py took 0.089 seconds
[2024-11-25T06:32:21.807+0000] {processor.py:186} INFO - Started process (PID=10131) to work on /home/airflow/.local/lib/python3.12/site-packages/airflow/example_dags/example_task_group.py
[2024-11-25T06:32:21.808+0000] {processor.py:914} INFO - Processing file /home/airflow/.local/lib/python3.12/site-packages/airflow/example_dags/example_task_group.py for tasks to queue
[2024-11-25T06:32:21.811+0000] {logging_mixin.py:190} INFO - [2024-11-25T06:32:21.810+0000] {dagbag.py:588} INFO - Filling up the DagBag from /home/airflow/.local/lib/python3.12/site-packages/airflow/example_dags/example_task_group.py
[2024-11-25T06:32:21.821+0000] {processor.py:925} INFO - DAG(s) 'example_task_group' retrieved from /home/airflow/.local/lib/python3.12/site-packages/airflow/example_dags/example_task_group.py
[2024-11-25T06:32:21.849+0000] {logging_mixin.py:190} INFO - [2024-11-25T06:32:21.848+0000] {dag.py:3239} INFO - Sync 1 DAGs
[2024-11-25T06:32:21.867+0000] {logging_mixin.py:190} INFO - [2024-11-25T06:32:21.866+0000] {dag.py:4180} INFO - Setting next_dagrun for example_task_group to None, run_after=None
[2024-11-25T06:32:21.889+0000] {processor.py:208} INFO - Processing /home/airflow/.local/lib/python3.12/site-packages/airflow/example_dags/example_task_group.py took 0.089 seconds
[2024-11-25T06:32:51.967+0000] {processor.py:186} INFO - Started process (PID=10433) to work on /home/airflow/.local/lib/python3.12/site-packages/airflow/example_dags/example_task_group.py
[2024-11-25T06:32:51.968+0000] {processor.py:914} INFO - Processing file /home/airflow/.local/lib/python3.12/site-packages/airflow/example_dags/example_task_group.py for tasks to queue
[2024-11-25T06:32:51.971+0000] {logging_mixin.py:190} INFO - [2024-11-25T06:32:51.970+0000] {dagbag.py:588} INFO - Filling up the DagBag from /home/airflow/.local/lib/python3.12/site-packages/airflow/example_dags/example_task_group.py
[2024-11-25T06:32:51.984+0000] {processor.py:925} INFO - DAG(s) 'example_task_group' retrieved from /home/airflow/.local/lib/python3.12/site-packages/airflow/example_dags/example_task_group.py
[2024-11-25T06:32:52.011+0000] {logging_mixin.py:190} INFO - [2024-11-25T06:32:52.011+0000] {dag.py:3239} INFO - Sync 1 DAGs
[2024-11-25T06:32:52.028+0000] {logging_mixin.py:190} INFO - [2024-11-25T06:32:52.028+0000] {dag.py:4180} INFO - Setting next_dagrun for example_task_group to None, run_after=None
[2024-11-25T06:32:52.051+0000] {processor.py:208} INFO - Processing /home/airflow/.local/lib/python3.12/site-packages/airflow/example_dags/example_task_group.py took 0.091 seconds
[2024-11-25T06:33:22.472+0000] {processor.py:186} INFO - Started process (PID=10729) to work on /home/airflow/.local/lib/python3.12/site-packages/airflow/example_dags/example_task_group.py
[2024-11-25T06:33:22.473+0000] {processor.py:914} INFO - Processing file /home/airflow/.local/lib/python3.12/site-packages/airflow/example_dags/example_task_group.py for tasks to queue
[2024-11-25T06:33:22.476+0000] {logging_mixin.py:190} INFO - [2024-11-25T06:33:22.475+0000] {dagbag.py:588} INFO - Filling up the DagBag from /home/airflow/.local/lib/python3.12/site-packages/airflow/example_dags/example_task_group.py
[2024-11-25T06:33:22.485+0000] {processor.py:925} INFO - DAG(s) 'example_task_group' retrieved from /home/airflow/.local/lib/python3.12/site-packages/airflow/example_dags/example_task_group.py
[2024-11-25T06:33:22.513+0000] {logging_mixin.py:190} INFO - [2024-11-25T06:33:22.513+0000] {dag.py:3239} INFO - Sync 1 DAGs
[2024-11-25T06:33:22.529+0000] {logging_mixin.py:190} INFO - [2024-11-25T06:33:22.528+0000] {dag.py:4180} INFO - Setting next_dagrun for example_task_group to None, run_after=None
[2024-11-25T06:33:22.551+0000] {processor.py:208} INFO - Processing /home/airflow/.local/lib/python3.12/site-packages/airflow/example_dags/example_task_group.py took 0.085 seconds
[2024-11-25T06:33:52.667+0000] {processor.py:186} INFO - Started process (PID=11028) to work on /home/airflow/.local/lib/python3.12/site-packages/airflow/example_dags/example_task_group.py
[2024-11-25T06:33:52.668+0000] {processor.py:914} INFO - Processing file /home/airflow/.local/lib/python3.12/site-packages/airflow/example_dags/example_task_group.py for tasks to queue
[2024-11-25T06:33:52.671+0000] {logging_mixin.py:190} INFO - [2024-11-25T06:33:52.671+0000] {dagbag.py:588} INFO - Filling up the DagBag from /home/airflow/.local/lib/python3.12/site-packages/airflow/example_dags/example_task_group.py
[2024-11-25T06:33:52.680+0000] {processor.py:925} INFO - DAG(s) 'example_task_group' retrieved from /home/airflow/.local/lib/python3.12/site-packages/airflow/example_dags/example_task_group.py
[2024-11-25T06:33:52.710+0000] {logging_mixin.py:190} INFO - [2024-11-25T06:33:52.709+0000] {dag.py:3239} INFO - Sync 1 DAGs
[2024-11-25T06:33:52.727+0000] {logging_mixin.py:190} INFO - [2024-11-25T06:33:52.727+0000] {dag.py:4180} INFO - Setting next_dagrun for example_task_group to None, run_after=None
[2024-11-25T06:33:52.760+0000] {processor.py:208} INFO - Processing /home/airflow/.local/lib/python3.12/site-packages/airflow/example_dags/example_task_group.py took 0.099 seconds
[2024-11-25T06:34:22.988+0000] {processor.py:186} INFO - Started process (PID=11269) to work on /home/airflow/.local/lib/python3.12/site-packages/airflow/example_dags/example_task_group.py
[2024-11-25T06:34:22.989+0000] {processor.py:914} INFO - Processing file /home/airflow/.local/lib/python3.12/site-packages/airflow/example_dags/example_task_group.py for tasks to queue
[2024-11-25T06:34:22.992+0000] {logging_mixin.py:190} INFO - [2024-11-25T06:34:22.992+0000] {dagbag.py:588} INFO - Filling up the DagBag from /home/airflow/.local/lib/python3.12/site-packages/airflow/example_dags/example_task_group.py
[2024-11-25T06:34:23.002+0000] {processor.py:925} INFO - DAG(s) 'example_task_group' retrieved from /home/airflow/.local/lib/python3.12/site-packages/airflow/example_dags/example_task_group.py
[2024-11-25T06:34:23.027+0000] {logging_mixin.py:190} INFO - [2024-11-25T06:34:23.026+0000] {dag.py:3239} INFO - Sync 1 DAGs
[2024-11-25T06:34:23.042+0000] {logging_mixin.py:190} INFO - [2024-11-25T06:34:23.042+0000] {dag.py:4180} INFO - Setting next_dagrun for example_task_group to None, run_after=None
[2024-11-25T06:34:23.071+0000] {processor.py:208} INFO - Processing /home/airflow/.local/lib/python3.12/site-packages/airflow/example_dags/example_task_group.py took 0.088 seconds
[2024-11-25T06:34:53.999+0000] {processor.py:186} INFO - Started process (PID=11535) to work on /home/airflow/.local/lib/python3.12/site-packages/airflow/example_dags/example_task_group.py
[2024-11-25T06:34:54.000+0000] {processor.py:914} INFO - Processing file /home/airflow/.local/lib/python3.12/site-packages/airflow/example_dags/example_task_group.py for tasks to queue
[2024-11-25T06:34:54.003+0000] {logging_mixin.py:190} INFO - [2024-11-25T06:34:54.003+0000] {dagbag.py:588} INFO - Filling up the DagBag from /home/airflow/.local/lib/python3.12/site-packages/airflow/example_dags/example_task_group.py
[2024-11-25T06:34:54.012+0000] {processor.py:925} INFO - DAG(s) 'example_task_group' retrieved from /home/airflow/.local/lib/python3.12/site-packages/airflow/example_dags/example_task_group.py
[2024-11-25T06:34:54.035+0000] {logging_mixin.py:190} INFO - [2024-11-25T06:34:54.035+0000] {dag.py:3239} INFO - Sync 1 DAGs
[2024-11-25T06:34:54.049+0000] {logging_mixin.py:190} INFO - [2024-11-25T06:34:54.049+0000] {dag.py:4180} INFO - Setting next_dagrun for example_task_group to None, run_after=None
[2024-11-25T06:34:54.069+0000] {processor.py:208} INFO - Processing /home/airflow/.local/lib/python3.12/site-packages/airflow/example_dags/example_task_group.py took 0.076 seconds
[2024-11-25T06:41:01.072+0000] {processor.py:186} INFO - Started process (PID=15112) to work on /home/airflow/.local/lib/python3.12/site-packages/airflow/example_dags/example_task_group.py
[2024-11-25T06:41:01.073+0000] {processor.py:914} INFO - Processing file /home/airflow/.local/lib/python3.12/site-packages/airflow/example_dags/example_task_group.py for tasks to queue
[2024-11-25T06:41:01.076+0000] {logging_mixin.py:190} INFO - [2024-11-25T06:41:01.075+0000] {dagbag.py:588} INFO - Filling up the DagBag from /home/airflow/.local/lib/python3.12/site-packages/airflow/example_dags/example_task_group.py
[2024-11-25T06:41:01.085+0000] {processor.py:925} INFO - DAG(s) 'example_task_group' retrieved from /home/airflow/.local/lib/python3.12/site-packages/airflow/example_dags/example_task_group.py
[2024-11-25T06:41:01.120+0000] {logging_mixin.py:190} INFO - [2024-11-25T06:41:01.119+0000] {dag.py:3239} INFO - Sync 1 DAGs
[2024-11-25T06:41:01.136+0000] {logging_mixin.py:190} INFO - [2024-11-25T06:41:01.135+0000] {dag.py:4180} INFO - Setting next_dagrun for example_task_group to None, run_after=None
[2024-11-25T06:41:01.175+0000] {processor.py:208} INFO - Processing /home/airflow/.local/lib/python3.12/site-packages/airflow/example_dags/example_task_group.py took 0.109 seconds
[2024-11-25T06:41:31.520+0000] {processor.py:186} INFO - Started process (PID=15413) to work on /home/airflow/.local/lib/python3.12/site-packages/airflow/example_dags/example_task_group.py
[2024-11-25T06:41:31.521+0000] {processor.py:914} INFO - Processing file /home/airflow/.local/lib/python3.12/site-packages/airflow/example_dags/example_task_group.py for tasks to queue
[2024-11-25T06:41:31.526+0000] {logging_mixin.py:190} INFO - [2024-11-25T06:41:31.526+0000] {dagbag.py:588} INFO - Filling up the DagBag from /home/airflow/.local/lib/python3.12/site-packages/airflow/example_dags/example_task_group.py
[2024-11-25T06:41:31.550+0000] {processor.py:925} INFO - DAG(s) 'example_task_group' retrieved from /home/airflow/.local/lib/python3.12/site-packages/airflow/example_dags/example_task_group.py
[2024-11-25T06:41:31.590+0000] {logging_mixin.py:190} INFO - [2024-11-25T06:41:31.590+0000] {dag.py:3239} INFO - Sync 1 DAGs
[2024-11-25T06:41:31.616+0000] {logging_mixin.py:190} INFO - [2024-11-25T06:41:31.615+0000] {dag.py:4180} INFO - Setting next_dagrun for example_task_group to None, run_after=None
[2024-11-25T06:41:31.667+0000] {processor.py:208} INFO - Processing /home/airflow/.local/lib/python3.12/site-packages/airflow/example_dags/example_task_group.py took 0.154 seconds
[2024-11-25T06:42:01.801+0000] {processor.py:186} INFO - Started process (PID=15715) to work on /home/airflow/.local/lib/python3.12/site-packages/airflow/example_dags/example_task_group.py
[2024-11-25T06:42:01.803+0000] {processor.py:914} INFO - Processing file /home/airflow/.local/lib/python3.12/site-packages/airflow/example_dags/example_task_group.py for tasks to queue
[2024-11-25T06:42:01.807+0000] {logging_mixin.py:190} INFO - [2024-11-25T06:42:01.806+0000] {dagbag.py:588} INFO - Filling up the DagBag from /home/airflow/.local/lib/python3.12/site-packages/airflow/example_dags/example_task_group.py
[2024-11-25T06:42:01.822+0000] {processor.py:925} INFO - DAG(s) 'example_task_group' retrieved from /home/airflow/.local/lib/python3.12/site-packages/airflow/example_dags/example_task_group.py
[2024-11-25T06:42:02.163+0000] {logging_mixin.py:190} INFO - [2024-11-25T06:42:02.162+0000] {dag.py:3239} INFO - Sync 1 DAGs
[2024-11-25T06:42:02.184+0000] {logging_mixin.py:190} INFO - [2024-11-25T06:42:02.184+0000] {dag.py:4180} INFO - Setting next_dagrun for example_task_group to None, run_after=None
[2024-11-25T06:42:02.219+0000] {processor.py:208} INFO - Processing /home/airflow/.local/lib/python3.12/site-packages/airflow/example_dags/example_task_group.py took 0.424 seconds
[2024-11-25T06:42:33.223+0000] {processor.py:186} INFO - Started process (PID=16023) to work on /home/airflow/.local/lib/python3.12/site-packages/airflow/example_dags/example_task_group.py
[2024-11-25T06:42:33.224+0000] {processor.py:914} INFO - Processing file /home/airflow/.local/lib/python3.12/site-packages/airflow/example_dags/example_task_group.py for tasks to queue
[2024-11-25T06:42:33.227+0000] {logging_mixin.py:190} INFO - [2024-11-25T06:42:33.226+0000] {dagbag.py:588} INFO - Filling up the DagBag from /home/airflow/.local/lib/python3.12/site-packages/airflow/example_dags/example_task_group.py
[2024-11-25T06:42:33.236+0000] {processor.py:925} INFO - DAG(s) 'example_task_group' retrieved from /home/airflow/.local/lib/python3.12/site-packages/airflow/example_dags/example_task_group.py
[2024-11-25T06:42:33.271+0000] {logging_mixin.py:190} INFO - [2024-11-25T06:42:33.270+0000] {dag.py:3239} INFO - Sync 1 DAGs
[2024-11-25T06:42:33.288+0000] {logging_mixin.py:190} INFO - [2024-11-25T06:42:33.287+0000] {dag.py:4180} INFO - Setting next_dagrun for example_task_group to None, run_after=None
[2024-11-25T06:42:33.308+0000] {processor.py:208} INFO - Processing /home/airflow/.local/lib/python3.12/site-packages/airflow/example_dags/example_task_group.py took 0.092 seconds
[2024-11-25T06:43:03.727+0000] {processor.py:186} INFO - Started process (PID=16322) to work on /home/airflow/.local/lib/python3.12/site-packages/airflow/example_dags/example_task_group.py
[2024-11-25T06:43:03.733+0000] {processor.py:914} INFO - Processing file /home/airflow/.local/lib/python3.12/site-packages/airflow/example_dags/example_task_group.py for tasks to queue
[2024-11-25T06:43:03.741+0000] {logging_mixin.py:190} INFO - [2024-11-25T06:43:03.741+0000] {dagbag.py:588} INFO - Filling up the DagBag from /home/airflow/.local/lib/python3.12/site-packages/airflow/example_dags/example_task_group.py
[2024-11-25T06:43:03.771+0000] {processor.py:925} INFO - DAG(s) 'example_task_group' retrieved from /home/airflow/.local/lib/python3.12/site-packages/airflow/example_dags/example_task_group.py
[2024-11-25T06:43:03.839+0000] {logging_mixin.py:190} INFO - [2024-11-25T06:43:03.839+0000] {dag.py:3239} INFO - Sync 1 DAGs
[2024-11-25T06:43:03.866+0000] {logging_mixin.py:190} INFO - [2024-11-25T06:43:03.865+0000] {dag.py:4180} INFO - Setting next_dagrun for example_task_group to None, run_after=None
[2024-11-25T06:43:03.893+0000] {processor.py:208} INFO - Processing /home/airflow/.local/lib/python3.12/site-packages/airflow/example_dags/example_task_group.py took 0.187 seconds
[2024-11-25T06:43:34.240+0000] {processor.py:186} INFO - Started process (PID=16623) to work on /home/airflow/.local/lib/python3.12/site-packages/airflow/example_dags/example_task_group.py
[2024-11-25T06:43:34.241+0000] {processor.py:914} INFO - Processing file /home/airflow/.local/lib/python3.12/site-packages/airflow/example_dags/example_task_group.py for tasks to queue
[2024-11-25T06:43:34.247+0000] {logging_mixin.py:190} INFO - [2024-11-25T06:43:34.246+0000] {dagbag.py:588} INFO - Filling up the DagBag from /home/airflow/.local/lib/python3.12/site-packages/airflow/example_dags/example_task_group.py
[2024-11-25T06:43:34.259+0000] {processor.py:925} INFO - DAG(s) 'example_task_group' retrieved from /home/airflow/.local/lib/python3.12/site-packages/airflow/example_dags/example_task_group.py
[2024-11-25T06:43:34.303+0000] {logging_mixin.py:190} INFO - [2024-11-25T06:43:34.303+0000] {dag.py:3239} INFO - Sync 1 DAGs
[2024-11-25T06:43:34.329+0000] {logging_mixin.py:190} INFO - [2024-11-25T06:43:34.328+0000] {dag.py:4180} INFO - Setting next_dagrun for example_task_group to None, run_after=None
[2024-11-25T06:43:34.350+0000] {processor.py:208} INFO - Processing /home/airflow/.local/lib/python3.12/site-packages/airflow/example_dags/example_task_group.py took 0.122 seconds
