[2024-11-25T06:15:31.267+0000] {processor.py:186} INFO - Started process (PID=465) to work on /home/airflow/.local/lib/python3.12/site-packages/airflow/example_dags/example_branch_operator.py
[2024-11-25T06:15:31.268+0000] {processor.py:914} INFO - Processing file /home/airflow/.local/lib/python3.12/site-packages/airflow/example_dags/example_branch_operator.py for tasks to queue
[2024-11-25T06:15:31.272+0000] {logging_mixin.py:190} INFO - [2024-11-25T06:15:31.271+0000] {dagbag.py:588} INFO - Filling up the DagBag from /home/airflow/.local/lib/python3.12/site-packages/airflow/example_dags/example_branch_operator.py
[2024-11-25T06:15:31.309+0000] {processor.py:925} INFO - DAG(s) 'example_branch_operator' retrieved from /home/airflow/.local/lib/python3.12/site-packages/airflow/example_dags/example_branch_operator.py
[2024-11-25T06:15:31.522+0000] {logging_mixin.py:190} INFO - [2024-11-25T06:15:31.522+0000] {dag.py:3239} INFO - Sync 1 DAGs
[2024-11-25T06:15:31.547+0000] {logging_mixin.py:190} INFO - [2024-11-25T06:15:31.547+0000] {dag.py:4180} INFO - Setting next_dagrun for example_branch_operator to 2024-11-24 00:00:00+00:00, run_after=2024-11-25 00:00:00+00:00
[2024-11-25T06:15:31.571+0000] {processor.py:208} INFO - Processing /home/airflow/.local/lib/python3.12/site-packages/airflow/example_dags/example_branch_operator.py took 0.383 seconds
[2024-11-25T06:16:01.702+0000] {processor.py:186} INFO - Started process (PID=766) to work on /home/airflow/.local/lib/python3.12/site-packages/airflow/example_dags/example_branch_operator.py
[2024-11-25T06:16:01.704+0000] {processor.py:914} INFO - Processing file /home/airflow/.local/lib/python3.12/site-packages/airflow/example_dags/example_branch_operator.py for tasks to queue
[2024-11-25T06:16:01.706+0000] {logging_mixin.py:190} INFO - [2024-11-25T06:16:01.706+0000] {dagbag.py:588} INFO - Filling up the DagBag from /home/airflow/.local/lib/python3.12/site-packages/airflow/example_dags/example_branch_operator.py
[2024-11-25T06:16:01.726+0000] {processor.py:925} INFO - DAG(s) 'example_branch_operator' retrieved from /home/airflow/.local/lib/python3.12/site-packages/airflow/example_dags/example_branch_operator.py
[2024-11-25T06:16:01.759+0000] {logging_mixin.py:190} INFO - [2024-11-25T06:16:01.759+0000] {dag.py:3239} INFO - Sync 1 DAGs
[2024-11-25T06:16:01.790+0000] {logging_mixin.py:190} INFO - [2024-11-25T06:16:01.790+0000] {dag.py:4180} INFO - Setting next_dagrun for example_branch_operator to 2024-11-24 00:00:00+00:00, run_after=2024-11-25 00:00:00+00:00
[2024-11-25T06:16:01.818+0000] {processor.py:208} INFO - Processing /home/airflow/.local/lib/python3.12/site-packages/airflow/example_dags/example_branch_operator.py took 0.122 seconds
[2024-11-25T06:16:33.333+0000] {processor.py:186} INFO - Started process (PID=1068) to work on /home/airflow/.local/lib/python3.12/site-packages/airflow/example_dags/example_branch_operator.py
[2024-11-25T06:16:33.337+0000] {processor.py:914} INFO - Processing file /home/airflow/.local/lib/python3.12/site-packages/airflow/example_dags/example_branch_operator.py for tasks to queue
[2024-11-25T06:16:33.341+0000] {logging_mixin.py:190} INFO - [2024-11-25T06:16:33.340+0000] {dagbag.py:588} INFO - Filling up the DagBag from /home/airflow/.local/lib/python3.12/site-packages/airflow/example_dags/example_branch_operator.py
[2024-11-25T06:16:33.364+0000] {processor.py:925} INFO - DAG(s) 'example_branch_operator' retrieved from /home/airflow/.local/lib/python3.12/site-packages/airflow/example_dags/example_branch_operator.py
[2024-11-25T06:16:33.420+0000] {logging_mixin.py:190} INFO - [2024-11-25T06:16:33.420+0000] {dag.py:3239} INFO - Sync 1 DAGs
[2024-11-25T06:16:33.457+0000] {logging_mixin.py:190} INFO - [2024-11-25T06:16:33.457+0000] {dag.py:4180} INFO - Setting next_dagrun for example_branch_operator to 2024-11-24 00:00:00+00:00, run_after=2024-11-25 00:00:00+00:00
[2024-11-25T06:16:33.481+0000] {processor.py:208} INFO - Processing /home/airflow/.local/lib/python3.12/site-packages/airflow/example_dags/example_branch_operator.py took 0.156 seconds
[2024-11-25T06:17:03.547+0000] {processor.py:186} INFO - Started process (PID=1364) to work on /home/airflow/.local/lib/python3.12/site-packages/airflow/example_dags/example_branch_operator.py
[2024-11-25T06:17:03.551+0000] {processor.py:914} INFO - Processing file /home/airflow/.local/lib/python3.12/site-packages/airflow/example_dags/example_branch_operator.py for tasks to queue
[2024-11-25T06:17:03.555+0000] {logging_mixin.py:190} INFO - [2024-11-25T06:17:03.554+0000] {dagbag.py:588} INFO - Filling up the DagBag from /home/airflow/.local/lib/python3.12/site-packages/airflow/example_dags/example_branch_operator.py
[2024-11-25T06:17:03.574+0000] {processor.py:925} INFO - DAG(s) 'example_branch_operator' retrieved from /home/airflow/.local/lib/python3.12/site-packages/airflow/example_dags/example_branch_operator.py
[2024-11-25T06:17:03.605+0000] {logging_mixin.py:190} INFO - [2024-11-25T06:17:03.605+0000] {dag.py:3239} INFO - Sync 1 DAGs
[2024-11-25T06:17:03.628+0000] {logging_mixin.py:190} INFO - [2024-11-25T06:17:03.628+0000] {dag.py:4180} INFO - Setting next_dagrun for example_branch_operator to 2024-11-24 00:00:00+00:00, run_after=2024-11-25 00:00:00+00:00
[2024-11-25T06:17:03.648+0000] {processor.py:208} INFO - Processing /home/airflow/.local/lib/python3.12/site-packages/airflow/example_dags/example_branch_operator.py took 0.107 seconds
[2024-11-25T06:17:36.386+0000] {processor.py:186} INFO - Started process (PID=1679) to work on /home/airflow/.local/lib/python3.12/site-packages/airflow/example_dags/example_branch_operator.py
[2024-11-25T06:17:36.388+0000] {processor.py:914} INFO - Processing file /home/airflow/.local/lib/python3.12/site-packages/airflow/example_dags/example_branch_operator.py for tasks to queue
[2024-11-25T06:17:36.390+0000] {logging_mixin.py:190} INFO - [2024-11-25T06:17:36.390+0000] {dagbag.py:588} INFO - Filling up the DagBag from /home/airflow/.local/lib/python3.12/site-packages/airflow/example_dags/example_branch_operator.py
[2024-11-25T06:17:36.408+0000] {processor.py:925} INFO - DAG(s) 'example_branch_operator' retrieved from /home/airflow/.local/lib/python3.12/site-packages/airflow/example_dags/example_branch_operator.py
[2024-11-25T06:17:36.440+0000] {logging_mixin.py:190} INFO - [2024-11-25T06:17:36.440+0000] {dag.py:3239} INFO - Sync 1 DAGs
[2024-11-25T06:17:36.466+0000] {logging_mixin.py:190} INFO - [2024-11-25T06:17:36.466+0000] {dag.py:4180} INFO - Setting next_dagrun for example_branch_operator to 2024-11-24 00:00:00+00:00, run_after=2024-11-25 00:00:00+00:00
[2024-11-25T06:17:36.486+0000] {processor.py:208} INFO - Processing /home/airflow/.local/lib/python3.12/site-packages/airflow/example_dags/example_branch_operator.py took 0.105 seconds
[2024-11-25T06:18:07.481+0000] {processor.py:186} INFO - Started process (PID=1983) to work on /home/airflow/.local/lib/python3.12/site-packages/airflow/example_dags/example_branch_operator.py
[2024-11-25T06:18:07.483+0000] {processor.py:914} INFO - Processing file /home/airflow/.local/lib/python3.12/site-packages/airflow/example_dags/example_branch_operator.py for tasks to queue
[2024-11-25T06:18:07.486+0000] {logging_mixin.py:190} INFO - [2024-11-25T06:18:07.485+0000] {dagbag.py:588} INFO - Filling up the DagBag from /home/airflow/.local/lib/python3.12/site-packages/airflow/example_dags/example_branch_operator.py
[2024-11-25T06:18:07.505+0000] {processor.py:925} INFO - DAG(s) 'example_branch_operator' retrieved from /home/airflow/.local/lib/python3.12/site-packages/airflow/example_dags/example_branch_operator.py
[2024-11-25T06:18:07.553+0000] {logging_mixin.py:190} INFO - [2024-11-25T06:18:07.553+0000] {dag.py:3239} INFO - Sync 1 DAGs
[2024-11-25T06:18:07.609+0000] {logging_mixin.py:190} INFO - [2024-11-25T06:18:07.609+0000] {dag.py:4180} INFO - Setting next_dagrun for example_branch_operator to 2024-11-24 00:00:00+00:00, run_after=2024-11-25 00:00:00+00:00
[2024-11-25T06:18:07.656+0000] {processor.py:208} INFO - Processing /home/airflow/.local/lib/python3.12/site-packages/airflow/example_dags/example_branch_operator.py took 0.180 seconds
[2024-11-25T06:18:43.335+0000] {processor.py:186} INFO - Started process (PID=2284) to work on /home/airflow/.local/lib/python3.12/site-packages/airflow/example_dags/example_branch_operator.py
[2024-11-25T06:18:43.339+0000] {processor.py:914} INFO - Processing file /home/airflow/.local/lib/python3.12/site-packages/airflow/example_dags/example_branch_operator.py for tasks to queue
[2024-11-25T06:18:43.345+0000] {logging_mixin.py:190} INFO - [2024-11-25T06:18:43.344+0000] {dagbag.py:588} INFO - Filling up the DagBag from /home/airflow/.local/lib/python3.12/site-packages/airflow/example_dags/example_branch_operator.py
[2024-11-25T06:18:43.425+0000] {processor.py:925} INFO - DAG(s) 'example_branch_operator' retrieved from /home/airflow/.local/lib/python3.12/site-packages/airflow/example_dags/example_branch_operator.py
[2024-11-25T06:18:43.485+0000] {logging_mixin.py:190} INFO - [2024-11-25T06:18:43.485+0000] {dag.py:3239} INFO - Sync 1 DAGs
[2024-11-25T06:18:43.539+0000] {logging_mixin.py:190} INFO - [2024-11-25T06:18:43.538+0000] {dag.py:4180} INFO - Setting next_dagrun for example_branch_operator to 2024-11-24 00:00:00+00:00, run_after=2024-11-25 00:00:00+00:00
[2024-11-25T06:18:43.573+0000] {processor.py:208} INFO - Processing /home/airflow/.local/lib/python3.12/site-packages/airflow/example_dags/example_branch_operator.py took 0.261 seconds
[2024-11-25T06:19:14.306+0000] {processor.py:186} INFO - Started process (PID=2585) to work on /home/airflow/.local/lib/python3.12/site-packages/airflow/example_dags/example_branch_operator.py
[2024-11-25T06:19:14.307+0000] {processor.py:914} INFO - Processing file /home/airflow/.local/lib/python3.12/site-packages/airflow/example_dags/example_branch_operator.py for tasks to queue
[2024-11-25T06:19:14.309+0000] {logging_mixin.py:190} INFO - [2024-11-25T06:19:14.309+0000] {dagbag.py:588} INFO - Filling up the DagBag from /home/airflow/.local/lib/python3.12/site-packages/airflow/example_dags/example_branch_operator.py
[2024-11-25T06:19:14.343+0000] {processor.py:925} INFO - DAG(s) 'example_branch_operator' retrieved from /home/airflow/.local/lib/python3.12/site-packages/airflow/example_dags/example_branch_operator.py
[2024-11-25T06:19:14.382+0000] {logging_mixin.py:190} INFO - [2024-11-25T06:19:14.382+0000] {dag.py:3239} INFO - Sync 1 DAGs
[2024-11-25T06:19:14.411+0000] {logging_mixin.py:190} INFO - [2024-11-25T06:19:14.411+0000] {dag.py:4180} INFO - Setting next_dagrun for example_branch_operator to 2024-11-24 00:00:00+00:00, run_after=2024-11-25 00:00:00+00:00
[2024-11-25T06:19:14.443+0000] {processor.py:208} INFO - Processing /home/airflow/.local/lib/python3.12/site-packages/airflow/example_dags/example_branch_operator.py took 0.146 seconds
[2024-11-25T06:19:45.003+0000] {processor.py:186} INFO - Started process (PID=2883) to work on /home/airflow/.local/lib/python3.12/site-packages/airflow/example_dags/example_branch_operator.py
[2024-11-25T06:19:45.004+0000] {processor.py:914} INFO - Processing file /home/airflow/.local/lib/python3.12/site-packages/airflow/example_dags/example_branch_operator.py for tasks to queue
[2024-11-25T06:19:45.009+0000] {logging_mixin.py:190} INFO - [2024-11-25T06:19:45.009+0000] {dagbag.py:588} INFO - Filling up the DagBag from /home/airflow/.local/lib/python3.12/site-packages/airflow/example_dags/example_branch_operator.py
[2024-11-25T06:19:45.037+0000] {processor.py:925} INFO - DAG(s) 'example_branch_operator' retrieved from /home/airflow/.local/lib/python3.12/site-packages/airflow/example_dags/example_branch_operator.py
[2024-11-25T06:19:45.083+0000] {logging_mixin.py:190} INFO - [2024-11-25T06:19:45.083+0000] {dag.py:3239} INFO - Sync 1 DAGs
[2024-11-25T06:19:45.114+0000] {logging_mixin.py:190} INFO - [2024-11-25T06:19:45.114+0000] {dag.py:4180} INFO - Setting next_dagrun for example_branch_operator to 2024-11-24 00:00:00+00:00, run_after=2024-11-25 00:00:00+00:00
[2024-11-25T06:19:45.140+0000] {processor.py:208} INFO - Processing /home/airflow/.local/lib/python3.12/site-packages/airflow/example_dags/example_branch_operator.py took 0.147 seconds
[2024-11-25T06:20:15.721+0000] {processor.py:186} INFO - Started process (PID=3182) to work on /home/airflow/.local/lib/python3.12/site-packages/airflow/example_dags/example_branch_operator.py
[2024-11-25T06:20:15.723+0000] {processor.py:914} INFO - Processing file /home/airflow/.local/lib/python3.12/site-packages/airflow/example_dags/example_branch_operator.py for tasks to queue
[2024-11-25T06:20:15.726+0000] {logging_mixin.py:190} INFO - [2024-11-25T06:20:15.725+0000] {dagbag.py:588} INFO - Filling up the DagBag from /home/airflow/.local/lib/python3.12/site-packages/airflow/example_dags/example_branch_operator.py
[2024-11-25T06:20:15.746+0000] {processor.py:925} INFO - DAG(s) 'example_branch_operator' retrieved from /home/airflow/.local/lib/python3.12/site-packages/airflow/example_dags/example_branch_operator.py
[2024-11-25T06:20:15.782+0000] {logging_mixin.py:190} INFO - [2024-11-25T06:20:15.782+0000] {dag.py:3239} INFO - Sync 1 DAGs
[2024-11-25T06:20:15.812+0000] {logging_mixin.py:190} INFO - [2024-11-25T06:20:15.812+0000] {dag.py:4180} INFO - Setting next_dagrun for example_branch_operator to 2024-11-24 00:00:00+00:00, run_after=2024-11-25 00:00:00+00:00
[2024-11-25T06:20:15.838+0000] {processor.py:208} INFO - Processing /home/airflow/.local/lib/python3.12/site-packages/airflow/example_dags/example_branch_operator.py took 0.125 seconds
[2024-11-25T06:20:46.266+0000] {processor.py:186} INFO - Started process (PID=3483) to work on /home/airflow/.local/lib/python3.12/site-packages/airflow/example_dags/example_branch_operator.py
[2024-11-25T06:20:46.267+0000] {processor.py:914} INFO - Processing file /home/airflow/.local/lib/python3.12/site-packages/airflow/example_dags/example_branch_operator.py for tasks to queue
[2024-11-25T06:20:46.270+0000] {logging_mixin.py:190} INFO - [2024-11-25T06:20:46.270+0000] {dagbag.py:588} INFO - Filling up the DagBag from /home/airflow/.local/lib/python3.12/site-packages/airflow/example_dags/example_branch_operator.py
[2024-11-25T06:20:46.288+0000] {processor.py:925} INFO - DAG(s) 'example_branch_operator' retrieved from /home/airflow/.local/lib/python3.12/site-packages/airflow/example_dags/example_branch_operator.py
[2024-11-25T06:20:46.323+0000] {logging_mixin.py:190} INFO - [2024-11-25T06:20:46.322+0000] {dag.py:3239} INFO - Sync 1 DAGs
[2024-11-25T06:20:46.349+0000] {logging_mixin.py:190} INFO - [2024-11-25T06:20:46.349+0000] {dag.py:4180} INFO - Setting next_dagrun for example_branch_operator to 2024-11-24 00:00:00+00:00, run_after=2024-11-25 00:00:00+00:00
[2024-11-25T06:20:46.369+0000] {processor.py:208} INFO - Processing /home/airflow/.local/lib/python3.12/site-packages/airflow/example_dags/example_branch_operator.py took 0.110 seconds
[2024-11-25T06:21:17.816+0000] {processor.py:186} INFO - Started process (PID=3784) to work on /home/airflow/.local/lib/python3.12/site-packages/airflow/example_dags/example_branch_operator.py
[2024-11-25T06:21:17.817+0000] {processor.py:914} INFO - Processing file /home/airflow/.local/lib/python3.12/site-packages/airflow/example_dags/example_branch_operator.py for tasks to queue
[2024-11-25T06:21:17.821+0000] {logging_mixin.py:190} INFO - [2024-11-25T06:21:17.820+0000] {dagbag.py:588} INFO - Filling up the DagBag from /home/airflow/.local/lib/python3.12/site-packages/airflow/example_dags/example_branch_operator.py
[2024-11-25T06:21:17.856+0000] {processor.py:925} INFO - DAG(s) 'example_branch_operator' retrieved from /home/airflow/.local/lib/python3.12/site-packages/airflow/example_dags/example_branch_operator.py
[2024-11-25T06:21:17.892+0000] {logging_mixin.py:190} INFO - [2024-11-25T06:21:17.892+0000] {dag.py:3239} INFO - Sync 1 DAGs
[2024-11-25T06:21:17.927+0000] {logging_mixin.py:190} INFO - [2024-11-25T06:21:17.927+0000] {dag.py:4180} INFO - Setting next_dagrun for example_branch_operator to 2024-11-24 00:00:00+00:00, run_after=2024-11-25 00:00:00+00:00
[2024-11-25T06:21:17.950+0000] {processor.py:208} INFO - Processing /home/airflow/.local/lib/python3.12/site-packages/airflow/example_dags/example_branch_operator.py took 0.141 seconds
[2024-11-25T06:21:48.943+0000] {processor.py:186} INFO - Started process (PID=4085) to work on /home/airflow/.local/lib/python3.12/site-packages/airflow/example_dags/example_branch_operator.py
[2024-11-25T06:21:48.944+0000] {processor.py:914} INFO - Processing file /home/airflow/.local/lib/python3.12/site-packages/airflow/example_dags/example_branch_operator.py for tasks to queue
[2024-11-25T06:21:48.946+0000] {logging_mixin.py:190} INFO - [2024-11-25T06:21:48.946+0000] {dagbag.py:588} INFO - Filling up the DagBag from /home/airflow/.local/lib/python3.12/site-packages/airflow/example_dags/example_branch_operator.py
[2024-11-25T06:21:48.965+0000] {processor.py:925} INFO - DAG(s) 'example_branch_operator' retrieved from /home/airflow/.local/lib/python3.12/site-packages/airflow/example_dags/example_branch_operator.py
[2024-11-25T06:21:49.001+0000] {logging_mixin.py:190} INFO - [2024-11-25T06:21:49.001+0000] {dag.py:3239} INFO - Sync 1 DAGs
[2024-11-25T06:21:49.046+0000] {logging_mixin.py:190} INFO - [2024-11-25T06:21:49.045+0000] {dag.py:4180} INFO - Setting next_dagrun for example_branch_operator to 2024-11-24 00:00:00+00:00, run_after=2024-11-25 00:00:00+00:00
[2024-11-25T06:21:49.086+0000] {processor.py:208} INFO - Processing /home/airflow/.local/lib/python3.12/site-packages/airflow/example_dags/example_branch_operator.py took 0.149 seconds
[2024-11-25T06:22:27.860+0000] {processor.py:186} INFO - Started process (PID=4391) to work on /home/airflow/.local/lib/python3.12/site-packages/airflow/example_dags/example_branch_operator.py
[2024-11-25T06:22:27.866+0000] {processor.py:914} INFO - Processing file /home/airflow/.local/lib/python3.12/site-packages/airflow/example_dags/example_branch_operator.py for tasks to queue
[2024-11-25T06:22:27.873+0000] {logging_mixin.py:190} INFO - [2024-11-25T06:22:27.872+0000] {dagbag.py:588} INFO - Filling up the DagBag from /home/airflow/.local/lib/python3.12/site-packages/airflow/example_dags/example_branch_operator.py
[2024-11-25T06:22:27.961+0000] {processor.py:925} INFO - DAG(s) 'example_branch_operator' retrieved from /home/airflow/.local/lib/python3.12/site-packages/airflow/example_dags/example_branch_operator.py
[2024-11-25T06:22:28.088+0000] {logging_mixin.py:190} INFO - [2024-11-25T06:22:28.087+0000] {dag.py:3239} INFO - Sync 1 DAGs
[2024-11-25T06:22:28.195+0000] {logging_mixin.py:190} INFO - [2024-11-25T06:22:28.194+0000] {dag.py:4180} INFO - Setting next_dagrun for example_branch_operator to 2024-11-24 00:00:00+00:00, run_after=2024-11-25 00:00:00+00:00
[2024-11-25T06:22:28.264+0000] {processor.py:208} INFO - Processing /home/airflow/.local/lib/python3.12/site-packages/airflow/example_dags/example_branch_operator.py took 0.418 seconds
[2024-11-25T06:23:01.126+0000] {processor.py:186} INFO - Started process (PID=4724) to work on /home/airflow/.local/lib/python3.12/site-packages/airflow/example_dags/example_branch_operator.py
[2024-11-25T06:23:01.128+0000] {processor.py:914} INFO - Processing file /home/airflow/.local/lib/python3.12/site-packages/airflow/example_dags/example_branch_operator.py for tasks to queue
[2024-11-25T06:23:01.133+0000] {logging_mixin.py:190} INFO - [2024-11-25T06:23:01.133+0000] {dagbag.py:588} INFO - Filling up the DagBag from /home/airflow/.local/lib/python3.12/site-packages/airflow/example_dags/example_branch_operator.py
[2024-11-25T06:23:01.168+0000] {processor.py:925} INFO - DAG(s) 'example_branch_operator' retrieved from /home/airflow/.local/lib/python3.12/site-packages/airflow/example_dags/example_branch_operator.py
[2024-11-25T06:23:01.225+0000] {logging_mixin.py:190} INFO - [2024-11-25T06:23:01.225+0000] {dag.py:3239} INFO - Sync 1 DAGs
[2024-11-25T06:23:01.263+0000] {logging_mixin.py:190} INFO - [2024-11-25T06:23:01.263+0000] {dag.py:4180} INFO - Setting next_dagrun for example_branch_operator to 2024-11-24 00:00:00+00:00, run_after=2024-11-25 00:00:00+00:00
[2024-11-25T06:23:01.306+0000] {processor.py:208} INFO - Processing /home/airflow/.local/lib/python3.12/site-packages/airflow/example_dags/example_branch_operator.py took 0.194 seconds
[2024-11-25T06:23:31.565+0000] {processor.py:186} INFO - Started process (PID=5025) to work on /home/airflow/.local/lib/python3.12/site-packages/airflow/example_dags/example_branch_operator.py
[2024-11-25T06:23:31.567+0000] {processor.py:914} INFO - Processing file /home/airflow/.local/lib/python3.12/site-packages/airflow/example_dags/example_branch_operator.py for tasks to queue
[2024-11-25T06:23:31.569+0000] {logging_mixin.py:190} INFO - [2024-11-25T06:23:31.569+0000] {dagbag.py:588} INFO - Filling up the DagBag from /home/airflow/.local/lib/python3.12/site-packages/airflow/example_dags/example_branch_operator.py
[2024-11-25T06:23:31.585+0000] {processor.py:925} INFO - DAG(s) 'example_branch_operator' retrieved from /home/airflow/.local/lib/python3.12/site-packages/airflow/example_dags/example_branch_operator.py
[2024-11-25T06:23:31.615+0000] {logging_mixin.py:190} INFO - [2024-11-25T06:23:31.615+0000] {dag.py:3239} INFO - Sync 1 DAGs
[2024-11-25T06:23:31.636+0000] {logging_mixin.py:190} INFO - [2024-11-25T06:23:31.636+0000] {dag.py:4180} INFO - Setting next_dagrun for example_branch_operator to 2024-11-24 00:00:00+00:00, run_after=2024-11-25 00:00:00+00:00
[2024-11-25T06:23:31.656+0000] {processor.py:208} INFO - Processing /home/airflow/.local/lib/python3.12/site-packages/airflow/example_dags/example_branch_operator.py took 0.095 seconds
[2024-11-25T06:24:03.020+0000] {processor.py:186} INFO - Started process (PID=5334) to work on /home/airflow/.local/lib/python3.12/site-packages/airflow/example_dags/example_branch_operator.py
[2024-11-25T06:24:03.021+0000] {processor.py:914} INFO - Processing file /home/airflow/.local/lib/python3.12/site-packages/airflow/example_dags/example_branch_operator.py for tasks to queue
[2024-11-25T06:24:03.033+0000] {logging_mixin.py:190} INFO - [2024-11-25T06:24:03.031+0000] {dagbag.py:588} INFO - Filling up the DagBag from /home/airflow/.local/lib/python3.12/site-packages/airflow/example_dags/example_branch_operator.py
[2024-11-25T06:24:03.111+0000] {processor.py:925} INFO - DAG(s) 'example_branch_operator' retrieved from /home/airflow/.local/lib/python3.12/site-packages/airflow/example_dags/example_branch_operator.py
[2024-11-25T06:24:03.184+0000] {logging_mixin.py:190} INFO - [2024-11-25T06:24:03.184+0000] {dag.py:3239} INFO - Sync 1 DAGs
[2024-11-25T06:24:03.215+0000] {logging_mixin.py:190} INFO - [2024-11-25T06:24:03.215+0000] {dag.py:4180} INFO - Setting next_dagrun for example_branch_operator to 2024-11-24 00:00:00+00:00, run_after=2024-11-25 00:00:00+00:00
[2024-11-25T06:24:03.243+0000] {processor.py:208} INFO - Processing /home/airflow/.local/lib/python3.12/site-packages/airflow/example_dags/example_branch_operator.py took 0.238 seconds
[2024-11-25T06:24:34.019+0000] {processor.py:186} INFO - Started process (PID=5635) to work on /home/airflow/.local/lib/python3.12/site-packages/airflow/example_dags/example_branch_operator.py
[2024-11-25T06:24:34.020+0000] {processor.py:914} INFO - Processing file /home/airflow/.local/lib/python3.12/site-packages/airflow/example_dags/example_branch_operator.py for tasks to queue
[2024-11-25T06:24:34.022+0000] {logging_mixin.py:190} INFO - [2024-11-25T06:24:34.022+0000] {dagbag.py:588} INFO - Filling up the DagBag from /home/airflow/.local/lib/python3.12/site-packages/airflow/example_dags/example_branch_operator.py
[2024-11-25T06:24:34.038+0000] {processor.py:925} INFO - DAG(s) 'example_branch_operator' retrieved from /home/airflow/.local/lib/python3.12/site-packages/airflow/example_dags/example_branch_operator.py
[2024-11-25T06:24:34.069+0000] {logging_mixin.py:190} INFO - [2024-11-25T06:24:34.068+0000] {dag.py:3239} INFO - Sync 1 DAGs
[2024-11-25T06:24:34.093+0000] {logging_mixin.py:190} INFO - [2024-11-25T06:24:34.093+0000] {dag.py:4180} INFO - Setting next_dagrun for example_branch_operator to 2024-11-24 00:00:00+00:00, run_after=2024-11-25 00:00:00+00:00
[2024-11-25T06:24:34.134+0000] {processor.py:208} INFO - Processing /home/airflow/.local/lib/python3.12/site-packages/airflow/example_dags/example_branch_operator.py took 0.121 seconds
[2024-11-25T06:25:06.262+0000] {processor.py:186} INFO - Started process (PID=5962) to work on /home/airflow/.local/lib/python3.12/site-packages/airflow/example_dags/example_branch_operator.py
[2024-11-25T06:25:06.263+0000] {processor.py:914} INFO - Processing file /home/airflow/.local/lib/python3.12/site-packages/airflow/example_dags/example_branch_operator.py for tasks to queue
[2024-11-25T06:25:06.265+0000] {logging_mixin.py:190} INFO - [2024-11-25T06:25:06.265+0000] {dagbag.py:588} INFO - Filling up the DagBag from /home/airflow/.local/lib/python3.12/site-packages/airflow/example_dags/example_branch_operator.py
[2024-11-25T06:25:06.282+0000] {processor.py:925} INFO - DAG(s) 'example_branch_operator' retrieved from /home/airflow/.local/lib/python3.12/site-packages/airflow/example_dags/example_branch_operator.py
[2024-11-25T06:25:06.311+0000] {logging_mixin.py:190} INFO - [2024-11-25T06:25:06.311+0000] {dag.py:3239} INFO - Sync 1 DAGs
[2024-11-25T06:25:06.337+0000] {logging_mixin.py:190} INFO - [2024-11-25T06:25:06.337+0000] {dag.py:4180} INFO - Setting next_dagrun for example_branch_operator to 2024-11-24 00:00:00+00:00, run_after=2024-11-25 00:00:00+00:00
[2024-11-25T06:25:06.365+0000] {processor.py:208} INFO - Processing /home/airflow/.local/lib/python3.12/site-packages/airflow/example_dags/example_branch_operator.py took 0.109 seconds
[2024-11-25T06:25:37.953+0000] {processor.py:186} INFO - Started process (PID=6265) to work on /home/airflow/.local/lib/python3.12/site-packages/airflow/example_dags/example_branch_operator.py
[2024-11-25T06:25:37.954+0000] {processor.py:914} INFO - Processing file /home/airflow/.local/lib/python3.12/site-packages/airflow/example_dags/example_branch_operator.py for tasks to queue
[2024-11-25T06:25:37.956+0000] {logging_mixin.py:190} INFO - [2024-11-25T06:25:37.956+0000] {dagbag.py:588} INFO - Filling up the DagBag from /home/airflow/.local/lib/python3.12/site-packages/airflow/example_dags/example_branch_operator.py
[2024-11-25T06:25:37.978+0000] {processor.py:925} INFO - DAG(s) 'example_branch_operator' retrieved from /home/airflow/.local/lib/python3.12/site-packages/airflow/example_dags/example_branch_operator.py
[2024-11-25T06:25:38.029+0000] {logging_mixin.py:190} INFO - [2024-11-25T06:25:38.029+0000] {dag.py:3239} INFO - Sync 1 DAGs
[2024-11-25T06:25:38.067+0000] {logging_mixin.py:190} INFO - [2024-11-25T06:25:38.067+0000] {dag.py:4180} INFO - Setting next_dagrun for example_branch_operator to 2024-11-24 00:00:00+00:00, run_after=2024-11-25 00:00:00+00:00
[2024-11-25T06:25:38.092+0000] {processor.py:208} INFO - Processing /home/airflow/.local/lib/python3.12/site-packages/airflow/example_dags/example_branch_operator.py took 0.145 seconds
[2024-11-25T06:26:10.804+0000] {processor.py:186} INFO - Started process (PID=6567) to work on /home/airflow/.local/lib/python3.12/site-packages/airflow/example_dags/example_branch_operator.py
[2024-11-25T06:26:10.805+0000] {processor.py:914} INFO - Processing file /home/airflow/.local/lib/python3.12/site-packages/airflow/example_dags/example_branch_operator.py for tasks to queue
[2024-11-25T06:26:10.808+0000] {logging_mixin.py:190} INFO - [2024-11-25T06:26:10.808+0000] {dagbag.py:588} INFO - Filling up the DagBag from /home/airflow/.local/lib/python3.12/site-packages/airflow/example_dags/example_branch_operator.py
[2024-11-25T06:26:10.838+0000] {processor.py:925} INFO - DAG(s) 'example_branch_operator' retrieved from /home/airflow/.local/lib/python3.12/site-packages/airflow/example_dags/example_branch_operator.py
[2024-11-25T06:26:10.887+0000] {logging_mixin.py:190} INFO - [2024-11-25T06:26:10.887+0000] {dag.py:3239} INFO - Sync 1 DAGs
[2024-11-25T06:26:10.919+0000] {logging_mixin.py:190} INFO - [2024-11-25T06:26:10.919+0000] {dag.py:4180} INFO - Setting next_dagrun for example_branch_operator to 2024-11-24 00:00:00+00:00, run_after=2024-11-25 00:00:00+00:00
[2024-11-25T06:26:10.949+0000] {processor.py:208} INFO - Processing /home/airflow/.local/lib/python3.12/site-packages/airflow/example_dags/example_branch_operator.py took 0.153 seconds
[2024-11-25T06:26:54.020+0000] {processor.py:186} INFO - Started process (PID=6893) to work on /home/airflow/.local/lib/python3.12/site-packages/airflow/example_dags/example_branch_operator.py
[2024-11-25T06:26:54.024+0000] {processor.py:914} INFO - Processing file /home/airflow/.local/lib/python3.12/site-packages/airflow/example_dags/example_branch_operator.py for tasks to queue
[2024-11-25T06:26:54.054+0000] {logging_mixin.py:190} INFO - [2024-11-25T06:26:54.043+0000] {dagbag.py:588} INFO - Filling up the DagBag from /home/airflow/.local/lib/python3.12/site-packages/airflow/example_dags/example_branch_operator.py
[2024-11-25T06:26:54.348+0000] {processor.py:925} INFO - DAG(s) 'example_branch_operator' retrieved from /home/airflow/.local/lib/python3.12/site-packages/airflow/example_dags/example_branch_operator.py
[2024-11-25T06:26:54.638+0000] {logging_mixin.py:190} INFO - [2024-11-25T06:26:54.627+0000] {dag.py:3239} INFO - Sync 1 DAGs
[2024-11-25T06:26:54.926+0000] {logging_mixin.py:190} INFO - [2024-11-25T06:26:54.925+0000] {dag.py:4180} INFO - Setting next_dagrun for example_branch_operator to 2024-11-24 00:00:00+00:00, run_after=2024-11-25 00:00:00+00:00
[2024-11-25T06:26:55.111+0000] {processor.py:208} INFO - Processing /home/airflow/.local/lib/python3.12/site-packages/airflow/example_dags/example_branch_operator.py took 1.158 seconds
[2024-11-25T06:27:25.483+0000] {processor.py:186} INFO - Started process (PID=7191) to work on /home/airflow/.local/lib/python3.12/site-packages/airflow/example_dags/example_branch_operator.py
[2024-11-25T06:27:25.484+0000] {processor.py:914} INFO - Processing file /home/airflow/.local/lib/python3.12/site-packages/airflow/example_dags/example_branch_operator.py for tasks to queue
[2024-11-25T06:27:25.492+0000] {logging_mixin.py:190} INFO - [2024-11-25T06:27:25.491+0000] {dagbag.py:588} INFO - Filling up the DagBag from /home/airflow/.local/lib/python3.12/site-packages/airflow/example_dags/example_branch_operator.py
[2024-11-25T06:27:25.513+0000] {processor.py:925} INFO - DAG(s) 'example_branch_operator' retrieved from /home/airflow/.local/lib/python3.12/site-packages/airflow/example_dags/example_branch_operator.py
[2024-11-25T06:27:25.553+0000] {logging_mixin.py:190} INFO - [2024-11-25T06:27:25.552+0000] {dag.py:3239} INFO - Sync 1 DAGs
[2024-11-25T06:27:25.594+0000] {logging_mixin.py:190} INFO - [2024-11-25T06:27:25.594+0000] {dag.py:4180} INFO - Setting next_dagrun for example_branch_operator to 2024-11-24 00:00:00+00:00, run_after=2024-11-25 00:00:00+00:00
[2024-11-25T06:27:25.643+0000] {processor.py:208} INFO - Processing /home/airflow/.local/lib/python3.12/site-packages/airflow/example_dags/example_branch_operator.py took 0.166 seconds
[2024-11-25T06:27:55.915+0000] {processor.py:186} INFO - Started process (PID=7492) to work on /home/airflow/.local/lib/python3.12/site-packages/airflow/example_dags/example_branch_operator.py
[2024-11-25T06:27:55.916+0000] {processor.py:914} INFO - Processing file /home/airflow/.local/lib/python3.12/site-packages/airflow/example_dags/example_branch_operator.py for tasks to queue
[2024-11-25T06:27:55.918+0000] {logging_mixin.py:190} INFO - [2024-11-25T06:27:55.918+0000] {dagbag.py:588} INFO - Filling up the DagBag from /home/airflow/.local/lib/python3.12/site-packages/airflow/example_dags/example_branch_operator.py
[2024-11-25T06:27:55.938+0000] {processor.py:925} INFO - DAG(s) 'example_branch_operator' retrieved from /home/airflow/.local/lib/python3.12/site-packages/airflow/example_dags/example_branch_operator.py
[2024-11-25T06:27:55.970+0000] {logging_mixin.py:190} INFO - [2024-11-25T06:27:55.970+0000] {dag.py:3239} INFO - Sync 1 DAGs
[2024-11-25T06:27:55.999+0000] {logging_mixin.py:190} INFO - [2024-11-25T06:27:55.998+0000] {dag.py:4180} INFO - Setting next_dagrun for example_branch_operator to 2024-11-24 00:00:00+00:00, run_after=2024-11-25 00:00:00+00:00
[2024-11-25T06:27:56.020+0000] {processor.py:208} INFO - Processing /home/airflow/.local/lib/python3.12/site-packages/airflow/example_dags/example_branch_operator.py took 0.111 seconds
[2024-11-25T06:28:26.815+0000] {processor.py:186} INFO - Started process (PID=7793) to work on /home/airflow/.local/lib/python3.12/site-packages/airflow/example_dags/example_branch_operator.py
[2024-11-25T06:28:26.816+0000] {processor.py:914} INFO - Processing file /home/airflow/.local/lib/python3.12/site-packages/airflow/example_dags/example_branch_operator.py for tasks to queue
[2024-11-25T06:28:26.819+0000] {logging_mixin.py:190} INFO - [2024-11-25T06:28:26.819+0000] {dagbag.py:588} INFO - Filling up the DagBag from /home/airflow/.local/lib/python3.12/site-packages/airflow/example_dags/example_branch_operator.py
[2024-11-25T06:28:26.838+0000] {processor.py:925} INFO - DAG(s) 'example_branch_operator' retrieved from /home/airflow/.local/lib/python3.12/site-packages/airflow/example_dags/example_branch_operator.py
[2024-11-25T06:28:26.872+0000] {logging_mixin.py:190} INFO - [2024-11-25T06:28:26.872+0000] {dag.py:3239} INFO - Sync 1 DAGs
[2024-11-25T06:28:26.895+0000] {logging_mixin.py:190} INFO - [2024-11-25T06:28:26.895+0000] {dag.py:4180} INFO - Setting next_dagrun for example_branch_operator to 2024-11-24 00:00:00+00:00, run_after=2024-11-25 00:00:00+00:00
[2024-11-25T06:28:26.914+0000] {processor.py:208} INFO - Processing /home/airflow/.local/lib/python3.12/site-packages/airflow/example_dags/example_branch_operator.py took 0.107 seconds
[2024-11-25T06:28:57.120+0000] {processor.py:186} INFO - Started process (PID=8094) to work on /home/airflow/.local/lib/python3.12/site-packages/airflow/example_dags/example_branch_operator.py
[2024-11-25T06:28:57.121+0000] {processor.py:914} INFO - Processing file /home/airflow/.local/lib/python3.12/site-packages/airflow/example_dags/example_branch_operator.py for tasks to queue
[2024-11-25T06:28:57.129+0000] {logging_mixin.py:190} INFO - [2024-11-25T06:28:57.124+0000] {dagbag.py:588} INFO - Filling up the DagBag from /home/airflow/.local/lib/python3.12/site-packages/airflow/example_dags/example_branch_operator.py
[2024-11-25T06:28:57.179+0000] {processor.py:925} INFO - DAG(s) 'example_branch_operator' retrieved from /home/airflow/.local/lib/python3.12/site-packages/airflow/example_dags/example_branch_operator.py
[2024-11-25T06:28:57.219+0000] {logging_mixin.py:190} INFO - [2024-11-25T06:28:57.219+0000] {dag.py:3239} INFO - Sync 1 DAGs
[2024-11-25T06:28:57.245+0000] {logging_mixin.py:190} INFO - [2024-11-25T06:28:57.245+0000] {dag.py:4180} INFO - Setting next_dagrun for example_branch_operator to 2024-11-24 00:00:00+00:00, run_after=2024-11-25 00:00:00+00:00
[2024-11-25T06:28:57.271+0000] {processor.py:208} INFO - Processing /home/airflow/.local/lib/python3.12/site-packages/airflow/example_dags/example_branch_operator.py took 0.159 seconds
[2024-11-25T06:29:27.875+0000] {processor.py:186} INFO - Started process (PID=8395) to work on /home/airflow/.local/lib/python3.12/site-packages/airflow/example_dags/example_branch_operator.py
[2024-11-25T06:29:27.877+0000] {processor.py:914} INFO - Processing file /home/airflow/.local/lib/python3.12/site-packages/airflow/example_dags/example_branch_operator.py for tasks to queue
[2024-11-25T06:29:27.880+0000] {logging_mixin.py:190} INFO - [2024-11-25T06:29:27.879+0000] {dagbag.py:588} INFO - Filling up the DagBag from /home/airflow/.local/lib/python3.12/site-packages/airflow/example_dags/example_branch_operator.py
[2024-11-25T06:29:27.898+0000] {processor.py:925} INFO - DAG(s) 'example_branch_operator' retrieved from /home/airflow/.local/lib/python3.12/site-packages/airflow/example_dags/example_branch_operator.py
[2024-11-25T06:29:27.933+0000] {logging_mixin.py:190} INFO - [2024-11-25T06:29:27.932+0000] {dag.py:3239} INFO - Sync 1 DAGs
[2024-11-25T06:29:27.956+0000] {logging_mixin.py:190} INFO - [2024-11-25T06:29:27.956+0000] {dag.py:4180} INFO - Setting next_dagrun for example_branch_operator to 2024-11-24 00:00:00+00:00, run_after=2024-11-25 00:00:00+00:00
[2024-11-25T06:29:27.977+0000] {processor.py:208} INFO - Processing /home/airflow/.local/lib/python3.12/site-packages/airflow/example_dags/example_branch_operator.py took 0.111 seconds
[2024-11-25T06:29:58.225+0000] {processor.py:186} INFO - Started process (PID=8696) to work on /home/airflow/.local/lib/python3.12/site-packages/airflow/example_dags/example_branch_operator.py
[2024-11-25T06:29:58.226+0000] {processor.py:914} INFO - Processing file /home/airflow/.local/lib/python3.12/site-packages/airflow/example_dags/example_branch_operator.py for tasks to queue
[2024-11-25T06:29:58.229+0000] {logging_mixin.py:190} INFO - [2024-11-25T06:29:58.229+0000] {dagbag.py:588} INFO - Filling up the DagBag from /home/airflow/.local/lib/python3.12/site-packages/airflow/example_dags/example_branch_operator.py
[2024-11-25T06:29:58.247+0000] {processor.py:925} INFO - DAG(s) 'example_branch_operator' retrieved from /home/airflow/.local/lib/python3.12/site-packages/airflow/example_dags/example_branch_operator.py
[2024-11-25T06:29:58.281+0000] {logging_mixin.py:190} INFO - [2024-11-25T06:29:58.281+0000] {dag.py:3239} INFO - Sync 1 DAGs
[2024-11-25T06:29:58.305+0000] {logging_mixin.py:190} INFO - [2024-11-25T06:29:58.305+0000] {dag.py:4180} INFO - Setting next_dagrun for example_branch_operator to 2024-11-24 00:00:00+00:00, run_after=2024-11-25 00:00:00+00:00
[2024-11-25T06:29:58.327+0000] {processor.py:208} INFO - Processing /home/airflow/.local/lib/python3.12/site-packages/airflow/example_dags/example_branch_operator.py took 0.106 seconds
[2024-11-25T06:30:28.464+0000] {processor.py:186} INFO - Started process (PID=8997) to work on /home/airflow/.local/lib/python3.12/site-packages/airflow/example_dags/example_branch_operator.py
[2024-11-25T06:30:28.466+0000] {processor.py:914} INFO - Processing file /home/airflow/.local/lib/python3.12/site-packages/airflow/example_dags/example_branch_operator.py for tasks to queue
[2024-11-25T06:30:28.468+0000] {logging_mixin.py:190} INFO - [2024-11-25T06:30:28.468+0000] {dagbag.py:588} INFO - Filling up the DagBag from /home/airflow/.local/lib/python3.12/site-packages/airflow/example_dags/example_branch_operator.py
[2024-11-25T06:30:28.498+0000] {processor.py:925} INFO - DAG(s) 'example_branch_operator' retrieved from /home/airflow/.local/lib/python3.12/site-packages/airflow/example_dags/example_branch_operator.py
[2024-11-25T06:30:28.539+0000] {logging_mixin.py:190} INFO - [2024-11-25T06:30:28.538+0000] {dag.py:3239} INFO - Sync 1 DAGs
[2024-11-25T06:30:28.570+0000] {logging_mixin.py:190} INFO - [2024-11-25T06:30:28.570+0000] {dag.py:4180} INFO - Setting next_dagrun for example_branch_operator to 2024-11-24 00:00:00+00:00, run_after=2024-11-25 00:00:00+00:00
[2024-11-25T06:30:28.591+0000] {processor.py:208} INFO - Processing /home/airflow/.local/lib/python3.12/site-packages/airflow/example_dags/example_branch_operator.py took 0.134 seconds
[2024-11-25T06:30:59.348+0000] {processor.py:186} INFO - Started process (PID=9298) to work on /home/airflow/.local/lib/python3.12/site-packages/airflow/example_dags/example_branch_operator.py
[2024-11-25T06:30:59.350+0000] {processor.py:914} INFO - Processing file /home/airflow/.local/lib/python3.12/site-packages/airflow/example_dags/example_branch_operator.py for tasks to queue
[2024-11-25T06:30:59.354+0000] {logging_mixin.py:190} INFO - [2024-11-25T06:30:59.353+0000] {dagbag.py:588} INFO - Filling up the DagBag from /home/airflow/.local/lib/python3.12/site-packages/airflow/example_dags/example_branch_operator.py
[2024-11-25T06:30:59.378+0000] {processor.py:925} INFO - DAG(s) 'example_branch_operator' retrieved from /home/airflow/.local/lib/python3.12/site-packages/airflow/example_dags/example_branch_operator.py
[2024-11-25T06:30:59.415+0000] {logging_mixin.py:190} INFO - [2024-11-25T06:30:59.414+0000] {dag.py:3239} INFO - Sync 1 DAGs
[2024-11-25T06:30:59.443+0000] {logging_mixin.py:190} INFO - [2024-11-25T06:30:59.443+0000] {dag.py:4180} INFO - Setting next_dagrun for example_branch_operator to 2024-11-24 00:00:00+00:00, run_after=2024-11-25 00:00:00+00:00
[2024-11-25T06:30:59.462+0000] {processor.py:208} INFO - Processing /home/airflow/.local/lib/python3.12/site-packages/airflow/example_dags/example_branch_operator.py took 0.125 seconds
[2024-11-25T06:31:29.535+0000] {processor.py:186} INFO - Started process (PID=9599) to work on /home/airflow/.local/lib/python3.12/site-packages/airflow/example_dags/example_branch_operator.py
[2024-11-25T06:31:29.536+0000] {processor.py:914} INFO - Processing file /home/airflow/.local/lib/python3.12/site-packages/airflow/example_dags/example_branch_operator.py for tasks to queue
[2024-11-25T06:31:29.540+0000] {logging_mixin.py:190} INFO - [2024-11-25T06:31:29.539+0000] {dagbag.py:588} INFO - Filling up the DagBag from /home/airflow/.local/lib/python3.12/site-packages/airflow/example_dags/example_branch_operator.py
[2024-11-25T06:31:29.562+0000] {processor.py:925} INFO - DAG(s) 'example_branch_operator' retrieved from /home/airflow/.local/lib/python3.12/site-packages/airflow/example_dags/example_branch_operator.py
[2024-11-25T06:31:29.597+0000] {logging_mixin.py:190} INFO - [2024-11-25T06:31:29.597+0000] {dag.py:3239} INFO - Sync 1 DAGs
[2024-11-25T06:31:29.621+0000] {logging_mixin.py:190} INFO - [2024-11-25T06:31:29.620+0000] {dag.py:4180} INFO - Setting next_dagrun for example_branch_operator to 2024-11-24 00:00:00+00:00, run_after=2024-11-25 00:00:00+00:00
[2024-11-25T06:31:29.643+0000] {processor.py:208} INFO - Processing /home/airflow/.local/lib/python3.12/site-packages/airflow/example_dags/example_branch_operator.py took 0.114 seconds
[2024-11-25T06:31:59.947+0000] {processor.py:186} INFO - Started process (PID=9900) to work on /home/airflow/.local/lib/python3.12/site-packages/airflow/example_dags/example_branch_operator.py
[2024-11-25T06:31:59.949+0000] {processor.py:914} INFO - Processing file /home/airflow/.local/lib/python3.12/site-packages/airflow/example_dags/example_branch_operator.py for tasks to queue
[2024-11-25T06:31:59.951+0000] {logging_mixin.py:190} INFO - [2024-11-25T06:31:59.951+0000] {dagbag.py:588} INFO - Filling up the DagBag from /home/airflow/.local/lib/python3.12/site-packages/airflow/example_dags/example_branch_operator.py
[2024-11-25T06:31:59.972+0000] {processor.py:925} INFO - DAG(s) 'example_branch_operator' retrieved from /home/airflow/.local/lib/python3.12/site-packages/airflow/example_dags/example_branch_operator.py
[2024-11-25T06:32:00.006+0000] {logging_mixin.py:190} INFO - [2024-11-25T06:32:00.006+0000] {dag.py:3239} INFO - Sync 1 DAGs
[2024-11-25T06:32:00.037+0000] {logging_mixin.py:190} INFO - [2024-11-25T06:32:00.037+0000] {dag.py:4180} INFO - Setting next_dagrun for example_branch_operator to 2024-11-24 00:00:00+00:00, run_after=2024-11-25 00:00:00+00:00
[2024-11-25T06:32:00.057+0000] {processor.py:208} INFO - Processing /home/airflow/.local/lib/python3.12/site-packages/airflow/example_dags/example_branch_operator.py took 0.116 seconds
[2024-11-25T06:32:30.195+0000] {processor.py:186} INFO - Started process (PID=10201) to work on /home/airflow/.local/lib/python3.12/site-packages/airflow/example_dags/example_branch_operator.py
[2024-11-25T06:32:30.196+0000] {processor.py:914} INFO - Processing file /home/airflow/.local/lib/python3.12/site-packages/airflow/example_dags/example_branch_operator.py for tasks to queue
[2024-11-25T06:32:30.198+0000] {logging_mixin.py:190} INFO - [2024-11-25T06:32:30.198+0000] {dagbag.py:588} INFO - Filling up the DagBag from /home/airflow/.local/lib/python3.12/site-packages/airflow/example_dags/example_branch_operator.py
[2024-11-25T06:32:30.215+0000] {processor.py:925} INFO - DAG(s) 'example_branch_operator' retrieved from /home/airflow/.local/lib/python3.12/site-packages/airflow/example_dags/example_branch_operator.py
[2024-11-25T06:32:30.245+0000] {logging_mixin.py:190} INFO - [2024-11-25T06:32:30.245+0000] {dag.py:3239} INFO - Sync 1 DAGs
[2024-11-25T06:32:30.270+0000] {logging_mixin.py:190} INFO - [2024-11-25T06:32:30.270+0000] {dag.py:4180} INFO - Setting next_dagrun for example_branch_operator to 2024-11-24 00:00:00+00:00, run_after=2024-11-25 00:00:00+00:00
[2024-11-25T06:32:30.289+0000] {processor.py:208} INFO - Processing /home/airflow/.local/lib/python3.12/site-packages/airflow/example_dags/example_branch_operator.py took 0.099 seconds
[2024-11-25T06:33:00.637+0000] {processor.py:186} INFO - Started process (PID=10503) to work on /home/airflow/.local/lib/python3.12/site-packages/airflow/example_dags/example_branch_operator.py
[2024-11-25T06:33:00.639+0000] {processor.py:914} INFO - Processing file /home/airflow/.local/lib/python3.12/site-packages/airflow/example_dags/example_branch_operator.py for tasks to queue
[2024-11-25T06:33:00.642+0000] {logging_mixin.py:190} INFO - [2024-11-25T06:33:00.641+0000] {dagbag.py:588} INFO - Filling up the DagBag from /home/airflow/.local/lib/python3.12/site-packages/airflow/example_dags/example_branch_operator.py
[2024-11-25T06:33:00.667+0000] {processor.py:925} INFO - DAG(s) 'example_branch_operator' retrieved from /home/airflow/.local/lib/python3.12/site-packages/airflow/example_dags/example_branch_operator.py
[2024-11-25T06:33:00.714+0000] {logging_mixin.py:190} INFO - [2024-11-25T06:33:00.713+0000] {dag.py:3239} INFO - Sync 1 DAGs
[2024-11-25T06:33:00.746+0000] {logging_mixin.py:190} INFO - [2024-11-25T06:33:00.746+0000] {dag.py:4180} INFO - Setting next_dagrun for example_branch_operator to 2024-11-24 00:00:00+00:00, run_after=2024-11-25 00:00:00+00:00
[2024-11-25T06:33:00.777+0000] {processor.py:208} INFO - Processing /home/airflow/.local/lib/python3.12/site-packages/airflow/example_dags/example_branch_operator.py took 0.146 seconds
[2024-11-25T06:33:31.155+0000] {processor.py:186} INFO - Started process (PID=10804) to work on /home/airflow/.local/lib/python3.12/site-packages/airflow/example_dags/example_branch_operator.py
[2024-11-25T06:33:31.156+0000] {processor.py:914} INFO - Processing file /home/airflow/.local/lib/python3.12/site-packages/airflow/example_dags/example_branch_operator.py for tasks to queue
[2024-11-25T06:33:31.158+0000] {logging_mixin.py:190} INFO - [2024-11-25T06:33:31.158+0000] {dagbag.py:588} INFO - Filling up the DagBag from /home/airflow/.local/lib/python3.12/site-packages/airflow/example_dags/example_branch_operator.py
[2024-11-25T06:33:31.181+0000] {processor.py:925} INFO - DAG(s) 'example_branch_operator' retrieved from /home/airflow/.local/lib/python3.12/site-packages/airflow/example_dags/example_branch_operator.py
[2024-11-25T06:33:31.215+0000] {logging_mixin.py:190} INFO - [2024-11-25T06:33:31.215+0000] {dag.py:3239} INFO - Sync 1 DAGs
[2024-11-25T06:33:31.239+0000] {logging_mixin.py:190} INFO - [2024-11-25T06:33:31.239+0000] {dag.py:4180} INFO - Setting next_dagrun for example_branch_operator to 2024-11-24 00:00:00+00:00, run_after=2024-11-25 00:00:00+00:00
[2024-11-25T06:33:31.268+0000] {processor.py:208} INFO - Processing /home/airflow/.local/lib/python3.12/site-packages/airflow/example_dags/example_branch_operator.py took 0.120 seconds
[2024-11-25T06:34:01.313+0000] {processor.py:186} INFO - Started process (PID=11105) to work on /home/airflow/.local/lib/python3.12/site-packages/airflow/example_dags/example_branch_operator.py
[2024-11-25T06:34:01.314+0000] {processor.py:914} INFO - Processing file /home/airflow/.local/lib/python3.12/site-packages/airflow/example_dags/example_branch_operator.py for tasks to queue
[2024-11-25T06:34:01.316+0000] {logging_mixin.py:190} INFO - [2024-11-25T06:34:01.316+0000] {dagbag.py:588} INFO - Filling up the DagBag from /home/airflow/.local/lib/python3.12/site-packages/airflow/example_dags/example_branch_operator.py
[2024-11-25T06:34:01.334+0000] {processor.py:925} INFO - DAG(s) 'example_branch_operator' retrieved from /home/airflow/.local/lib/python3.12/site-packages/airflow/example_dags/example_branch_operator.py
[2024-11-25T06:34:01.372+0000] {logging_mixin.py:190} INFO - [2024-11-25T06:34:01.372+0000] {dag.py:3239} INFO - Sync 1 DAGs
[2024-11-25T06:34:01.406+0000] {logging_mixin.py:190} INFO - [2024-11-25T06:34:01.406+0000] {dag.py:4180} INFO - Setting next_dagrun for example_branch_operator to 2024-11-24 00:00:00+00:00, run_after=2024-11-25 00:00:00+00:00
[2024-11-25T06:34:01.439+0000] {processor.py:208} INFO - Processing /home/airflow/.local/lib/python3.12/site-packages/airflow/example_dags/example_branch_operator.py took 0.132 seconds
[2024-11-25T06:34:32.205+0000] {processor.py:186} INFO - Started process (PID=11404) to work on /home/airflow/.local/lib/python3.12/site-packages/airflow/example_dags/example_branch_operator.py
[2024-11-25T06:34:32.207+0000] {processor.py:914} INFO - Processing file /home/airflow/.local/lib/python3.12/site-packages/airflow/example_dags/example_branch_operator.py for tasks to queue
[2024-11-25T06:34:32.210+0000] {logging_mixin.py:190} INFO - [2024-11-25T06:34:32.209+0000] {dagbag.py:588} INFO - Filling up the DagBag from /home/airflow/.local/lib/python3.12/site-packages/airflow/example_dags/example_branch_operator.py
[2024-11-25T06:34:32.234+0000] {processor.py:925} INFO - DAG(s) 'example_branch_operator' retrieved from /home/airflow/.local/lib/python3.12/site-packages/airflow/example_dags/example_branch_operator.py
[2024-11-25T06:34:32.280+0000] {logging_mixin.py:190} INFO - [2024-11-25T06:34:32.280+0000] {dag.py:3239} INFO - Sync 1 DAGs
[2024-11-25T06:34:32.323+0000] {logging_mixin.py:190} INFO - [2024-11-25T06:34:32.323+0000] {dag.py:4180} INFO - Setting next_dagrun for example_branch_operator to 2024-11-24 00:00:00+00:00, run_after=2024-11-25 00:00:00+00:00
[2024-11-25T06:34:32.417+0000] {processor.py:208} INFO - Processing /home/airflow/.local/lib/python3.12/site-packages/airflow/example_dags/example_branch_operator.py took 0.224 seconds
[2024-11-25T06:35:02.494+0000] {processor.py:186} INFO - Started process (PID=11702) to work on /home/airflow/.local/lib/python3.12/site-packages/airflow/example_dags/example_branch_operator.py
[2024-11-25T06:35:02.495+0000] {processor.py:914} INFO - Processing file /home/airflow/.local/lib/python3.12/site-packages/airflow/example_dags/example_branch_operator.py for tasks to queue
[2024-11-25T06:35:02.497+0000] {logging_mixin.py:190} INFO - [2024-11-25T06:35:02.497+0000] {dagbag.py:588} INFO - Filling up the DagBag from /home/airflow/.local/lib/python3.12/site-packages/airflow/example_dags/example_branch_operator.py
[2024-11-25T06:35:02.516+0000] {processor.py:925} INFO - DAG(s) 'example_branch_operator' retrieved from /home/airflow/.local/lib/python3.12/site-packages/airflow/example_dags/example_branch_operator.py
[2024-11-25T06:35:02.553+0000] {logging_mixin.py:190} INFO - [2024-11-25T06:35:02.552+0000] {dag.py:3239} INFO - Sync 1 DAGs
[2024-11-25T06:35:02.581+0000] {logging_mixin.py:190} INFO - [2024-11-25T06:35:02.581+0000] {dag.py:4180} INFO - Setting next_dagrun for example_branch_operator to 2024-11-24 00:00:00+00:00, run_after=2024-11-25 00:00:00+00:00
[2024-11-25T06:35:02.610+0000] {processor.py:208} INFO - Processing /home/airflow/.local/lib/python3.12/site-packages/airflow/example_dags/example_branch_operator.py took 0.123 seconds
