[2024-11-25T06:15:24.626+0000] {processor.py:186} INFO - Started process (PID=288) to work on /home/airflow/.local/lib/python3.12/site-packages/airflow/example_dags/example_inlet_event_extra.py
[2024-11-25T06:15:24.628+0000] {processor.py:914} INFO - Processing file /home/airflow/.local/lib/python3.12/site-packages/airflow/example_dags/example_inlet_event_extra.py for tasks to queue
[2024-11-25T06:15:24.631+0000] {logging_mixin.py:190} INFO - [2024-11-25T06:15:24.630+0000] {dagbag.py:588} INFO - Filling up the DagBag from /home/airflow/.local/lib/python3.12/site-packages/airflow/example_dags/example_inlet_event_extra.py
[2024-11-25T06:15:25.995+0000] {processor.py:925} INFO - DAG(s) 'read_dataset_event_from_classic', 'read_dataset_event' retrieved from /home/airflow/.local/lib/python3.12/site-packages/airflow/example_dags/example_inlet_event_extra.py
[2024-11-25T06:15:26.048+0000] {logging_mixin.py:190} INFO - [2024-11-25T06:15:26.048+0000] {dag.py:3239} INFO - Sync 2 DAGs
[2024-11-25T06:15:26.113+0000] {logging_mixin.py:190} INFO - [2024-11-25T06:15:26.113+0000] {dag.py:4180} INFO - Setting next_dagrun for read_dataset_event to 2024-11-24 00:00:00+00:00, run_after=2024-11-25 00:00:00+00:00
[2024-11-25T06:15:26.122+0000] {logging_mixin.py:190} INFO - [2024-11-25T06:15:26.121+0000] {dag.py:4180} INFO - Setting next_dagrun for read_dataset_event_from_classic to 2024-11-24 00:00:00+00:00, run_after=2024-11-25 00:00:00+00:00
[2024-11-25T06:15:26.146+0000] {processor.py:208} INFO - Processing /home/airflow/.local/lib/python3.12/site-packages/airflow/example_dags/example_inlet_event_extra.py took 1.529 seconds
[2024-11-25T06:15:56.481+0000] {processor.py:186} INFO - Started process (PID=598) to work on /home/airflow/.local/lib/python3.12/site-packages/airflow/example_dags/example_inlet_event_extra.py
[2024-11-25T06:15:56.483+0000] {processor.py:914} INFO - Processing file /home/airflow/.local/lib/python3.12/site-packages/airflow/example_dags/example_inlet_event_extra.py for tasks to queue
[2024-11-25T06:15:56.492+0000] {logging_mixin.py:190} INFO - [2024-11-25T06:15:56.491+0000] {dagbag.py:588} INFO - Filling up the DagBag from /home/airflow/.local/lib/python3.12/site-packages/airflow/example_dags/example_inlet_event_extra.py
[2024-11-25T06:15:57.287+0000] {processor.py:925} INFO - DAG(s) 'read_dataset_event_from_classic', 'read_dataset_event' retrieved from /home/airflow/.local/lib/python3.12/site-packages/airflow/example_dags/example_inlet_event_extra.py
[2024-11-25T06:15:57.331+0000] {logging_mixin.py:190} INFO - [2024-11-25T06:15:57.330+0000] {dag.py:3239} INFO - Sync 2 DAGs
[2024-11-25T06:15:57.369+0000] {logging_mixin.py:190} INFO - [2024-11-25T06:15:57.369+0000] {dag.py:4180} INFO - Setting next_dagrun for read_dataset_event to 2024-11-24 00:00:00+00:00, run_after=2024-11-25 00:00:00+00:00
[2024-11-25T06:15:57.374+0000] {logging_mixin.py:190} INFO - [2024-11-25T06:15:57.374+0000] {dag.py:4180} INFO - Setting next_dagrun for read_dataset_event_from_classic to 2024-11-24 00:00:00+00:00, run_after=2024-11-25 00:00:00+00:00
[2024-11-25T06:15:57.396+0000] {processor.py:208} INFO - Processing /home/airflow/.local/lib/python3.12/site-packages/airflow/example_dags/example_inlet_event_extra.py took 0.921 seconds
[2024-11-25T06:16:28.318+0000] {processor.py:186} INFO - Started process (PID=900) to work on /home/airflow/.local/lib/python3.12/site-packages/airflow/example_dags/example_inlet_event_extra.py
[2024-11-25T06:16:28.322+0000] {processor.py:914} INFO - Processing file /home/airflow/.local/lib/python3.12/site-packages/airflow/example_dags/example_inlet_event_extra.py for tasks to queue
[2024-11-25T06:16:28.329+0000] {logging_mixin.py:190} INFO - [2024-11-25T06:16:28.328+0000] {dagbag.py:588} INFO - Filling up the DagBag from /home/airflow/.local/lib/python3.12/site-packages/airflow/example_dags/example_inlet_event_extra.py
[2024-11-25T06:16:29.266+0000] {processor.py:925} INFO - DAG(s) 'read_dataset_event', 'read_dataset_event_from_classic' retrieved from /home/airflow/.local/lib/python3.12/site-packages/airflow/example_dags/example_inlet_event_extra.py
[2024-11-25T06:16:29.331+0000] {logging_mixin.py:190} INFO - [2024-11-25T06:16:29.330+0000] {dag.py:3239} INFO - Sync 2 DAGs
[2024-11-25T06:16:29.367+0000] {logging_mixin.py:190} INFO - [2024-11-25T06:16:29.367+0000] {dag.py:4180} INFO - Setting next_dagrun for read_dataset_event to 2024-11-24 00:00:00+00:00, run_after=2024-11-25 00:00:00+00:00
[2024-11-25T06:16:29.377+0000] {logging_mixin.py:190} INFO - [2024-11-25T06:16:29.376+0000] {dag.py:4180} INFO - Setting next_dagrun for read_dataset_event_from_classic to 2024-11-24 00:00:00+00:00, run_after=2024-11-25 00:00:00+00:00
[2024-11-25T06:16:29.409+0000] {processor.py:208} INFO - Processing /home/airflow/.local/lib/python3.12/site-packages/airflow/example_dags/example_inlet_event_extra.py took 1.107 seconds
[2024-11-25T06:16:59.655+0000] {processor.py:186} INFO - Started process (PID=1201) to work on /home/airflow/.local/lib/python3.12/site-packages/airflow/example_dags/example_inlet_event_extra.py
[2024-11-25T06:16:59.657+0000] {processor.py:914} INFO - Processing file /home/airflow/.local/lib/python3.12/site-packages/airflow/example_dags/example_inlet_event_extra.py for tasks to queue
[2024-11-25T06:16:59.659+0000] {logging_mixin.py:190} INFO - [2024-11-25T06:16:59.658+0000] {dagbag.py:588} INFO - Filling up the DagBag from /home/airflow/.local/lib/python3.12/site-packages/airflow/example_dags/example_inlet_event_extra.py
[2024-11-25T06:17:00.331+0000] {processor.py:925} INFO - DAG(s) 'read_dataset_event_from_classic', 'read_dataset_event' retrieved from /home/airflow/.local/lib/python3.12/site-packages/airflow/example_dags/example_inlet_event_extra.py
[2024-11-25T06:17:00.356+0000] {logging_mixin.py:190} INFO - [2024-11-25T06:17:00.355+0000] {dag.py:3239} INFO - Sync 2 DAGs
[2024-11-25T06:17:00.382+0000] {logging_mixin.py:190} INFO - [2024-11-25T06:17:00.382+0000] {dag.py:4180} INFO - Setting next_dagrun for read_dataset_event to 2024-11-24 00:00:00+00:00, run_after=2024-11-25 00:00:00+00:00
[2024-11-25T06:17:00.390+0000] {logging_mixin.py:190} INFO - [2024-11-25T06:17:00.390+0000] {dag.py:4180} INFO - Setting next_dagrun for read_dataset_event_from_classic to 2024-11-24 00:00:00+00:00, run_after=2024-11-25 00:00:00+00:00
[2024-11-25T06:17:00.412+0000] {processor.py:208} INFO - Processing /home/airflow/.local/lib/python3.12/site-packages/airflow/example_dags/example_inlet_event_extra.py took 0.762 seconds
[2024-11-25T06:17:30.993+0000] {processor.py:186} INFO - Started process (PID=1500) to work on /home/airflow/.local/lib/python3.12/site-packages/airflow/example_dags/example_inlet_event_extra.py
[2024-11-25T06:17:30.996+0000] {processor.py:914} INFO - Processing file /home/airflow/.local/lib/python3.12/site-packages/airflow/example_dags/example_inlet_event_extra.py for tasks to queue
[2024-11-25T06:17:31.010+0000] {logging_mixin.py:190} INFO - [2024-11-25T06:17:31.008+0000] {dagbag.py:588} INFO - Filling up the DagBag from /home/airflow/.local/lib/python3.12/site-packages/airflow/example_dags/example_inlet_event_extra.py
[2024-11-25T06:17:33.096+0000] {processor.py:925} INFO - DAG(s) 'read_dataset_event_from_classic', 'read_dataset_event' retrieved from /home/airflow/.local/lib/python3.12/site-packages/airflow/example_dags/example_inlet_event_extra.py
[2024-11-25T06:17:33.123+0000] {logging_mixin.py:190} INFO - [2024-11-25T06:17:33.122+0000] {dag.py:3239} INFO - Sync 2 DAGs
[2024-11-25T06:17:33.156+0000] {logging_mixin.py:190} INFO - [2024-11-25T06:17:33.156+0000] {dag.py:4180} INFO - Setting next_dagrun for read_dataset_event to 2024-11-24 00:00:00+00:00, run_after=2024-11-25 00:00:00+00:00
[2024-11-25T06:17:33.162+0000] {logging_mixin.py:190} INFO - [2024-11-25T06:17:33.162+0000] {dag.py:4180} INFO - Setting next_dagrun for read_dataset_event_from_classic to 2024-11-24 00:00:00+00:00, run_after=2024-11-25 00:00:00+00:00
[2024-11-25T06:17:33.194+0000] {processor.py:208} INFO - Processing /home/airflow/.local/lib/python3.12/site-packages/airflow/example_dags/example_inlet_event_extra.py took 2.305 seconds
[2024-11-25T06:18:03.264+0000] {processor.py:186} INFO - Started process (PID=1807) to work on /home/airflow/.local/lib/python3.12/site-packages/airflow/example_dags/example_inlet_event_extra.py
[2024-11-25T06:18:03.265+0000] {processor.py:914} INFO - Processing file /home/airflow/.local/lib/python3.12/site-packages/airflow/example_dags/example_inlet_event_extra.py for tasks to queue
[2024-11-25T06:18:03.268+0000] {logging_mixin.py:190} INFO - [2024-11-25T06:18:03.268+0000] {dagbag.py:588} INFO - Filling up the DagBag from /home/airflow/.local/lib/python3.12/site-packages/airflow/example_dags/example_inlet_event_extra.py
[2024-11-25T06:18:03.981+0000] {processor.py:925} INFO - DAG(s) 'read_dataset_event', 'read_dataset_event_from_classic' retrieved from /home/airflow/.local/lib/python3.12/site-packages/airflow/example_dags/example_inlet_event_extra.py
[2024-11-25T06:18:04.019+0000] {logging_mixin.py:190} INFO - [2024-11-25T06:18:04.018+0000] {dag.py:3239} INFO - Sync 2 DAGs
[2024-11-25T06:18:04.061+0000] {logging_mixin.py:190} INFO - [2024-11-25T06:18:04.061+0000] {dag.py:4180} INFO - Setting next_dagrun for read_dataset_event to 2024-11-24 00:00:00+00:00, run_after=2024-11-25 00:00:00+00:00
[2024-11-25T06:18:04.069+0000] {logging_mixin.py:190} INFO - [2024-11-25T06:18:04.069+0000] {dag.py:4180} INFO - Setting next_dagrun for read_dataset_event_from_classic to 2024-11-24 00:00:00+00:00, run_after=2024-11-25 00:00:00+00:00
[2024-11-25T06:18:04.098+0000] {processor.py:208} INFO - Processing /home/airflow/.local/lib/python3.12/site-packages/airflow/example_dags/example_inlet_event_extra.py took 0.841 seconds
[2024-11-25T06:18:34.670+0000] {processor.py:186} INFO - Started process (PID=2114) to work on /home/airflow/.local/lib/python3.12/site-packages/airflow/example_dags/example_inlet_event_extra.py
[2024-11-25T06:18:34.675+0000] {processor.py:914} INFO - Processing file /home/airflow/.local/lib/python3.12/site-packages/airflow/example_dags/example_inlet_event_extra.py for tasks to queue
[2024-11-25T06:18:34.691+0000] {logging_mixin.py:190} INFO - [2024-11-25T06:18:34.689+0000] {dagbag.py:588} INFO - Filling up the DagBag from /home/airflow/.local/lib/python3.12/site-packages/airflow/example_dags/example_inlet_event_extra.py
[2024-11-25T06:18:36.069+0000] {processor.py:925} INFO - DAG(s) 'read_dataset_event', 'read_dataset_event_from_classic' retrieved from /home/airflow/.local/lib/python3.12/site-packages/airflow/example_dags/example_inlet_event_extra.py
[2024-11-25T06:18:36.143+0000] {logging_mixin.py:190} INFO - [2024-11-25T06:18:36.143+0000] {dag.py:3239} INFO - Sync 2 DAGs
[2024-11-25T06:18:36.199+0000] {logging_mixin.py:190} INFO - [2024-11-25T06:18:36.199+0000] {dag.py:4180} INFO - Setting next_dagrun for read_dataset_event to 2024-11-24 00:00:00+00:00, run_after=2024-11-25 00:00:00+00:00
[2024-11-25T06:18:36.208+0000] {logging_mixin.py:190} INFO - [2024-11-25T06:18:36.207+0000] {dag.py:4180} INFO - Setting next_dagrun for read_dataset_event_from_classic to 2024-11-24 00:00:00+00:00, run_after=2024-11-25 00:00:00+00:00
[2024-11-25T06:18:36.273+0000] {processor.py:208} INFO - Processing /home/airflow/.local/lib/python3.12/site-packages/airflow/example_dags/example_inlet_event_extra.py took 1.641 seconds
[2024-11-25T06:19:07.270+0000] {processor.py:186} INFO - Started process (PID=2415) to work on /home/airflow/.local/lib/python3.12/site-packages/airflow/example_dags/example_inlet_event_extra.py
[2024-11-25T06:19:07.271+0000] {processor.py:914} INFO - Processing file /home/airflow/.local/lib/python3.12/site-packages/airflow/example_dags/example_inlet_event_extra.py for tasks to queue
[2024-11-25T06:19:07.274+0000] {logging_mixin.py:190} INFO - [2024-11-25T06:19:07.273+0000] {dagbag.py:588} INFO - Filling up the DagBag from /home/airflow/.local/lib/python3.12/site-packages/airflow/example_dags/example_inlet_event_extra.py
[2024-11-25T06:19:08.124+0000] {processor.py:925} INFO - DAG(s) 'read_dataset_event_from_classic', 'read_dataset_event' retrieved from /home/airflow/.local/lib/python3.12/site-packages/airflow/example_dags/example_inlet_event_extra.py
[2024-11-25T06:19:08.154+0000] {logging_mixin.py:190} INFO - [2024-11-25T06:19:08.154+0000] {dag.py:3239} INFO - Sync 2 DAGs
[2024-11-25T06:19:08.187+0000] {logging_mixin.py:190} INFO - [2024-11-25T06:19:08.187+0000] {dag.py:4180} INFO - Setting next_dagrun for read_dataset_event to 2024-11-24 00:00:00+00:00, run_after=2024-11-25 00:00:00+00:00
[2024-11-25T06:19:08.198+0000] {logging_mixin.py:190} INFO - [2024-11-25T06:19:08.197+0000] {dag.py:4180} INFO - Setting next_dagrun for read_dataset_event_from_classic to 2024-11-24 00:00:00+00:00, run_after=2024-11-25 00:00:00+00:00
[2024-11-25T06:19:08.228+0000] {processor.py:208} INFO - Processing /home/airflow/.local/lib/python3.12/site-packages/airflow/example_dags/example_inlet_event_extra.py took 0.963 seconds
[2024-11-25T06:19:39.078+0000] {processor.py:186} INFO - Started process (PID=2716) to work on /home/airflow/.local/lib/python3.12/site-packages/airflow/example_dags/example_inlet_event_extra.py
[2024-11-25T06:19:39.080+0000] {processor.py:914} INFO - Processing file /home/airflow/.local/lib/python3.12/site-packages/airflow/example_dags/example_inlet_event_extra.py for tasks to queue
[2024-11-25T06:19:39.083+0000] {logging_mixin.py:190} INFO - [2024-11-25T06:19:39.082+0000] {dagbag.py:588} INFO - Filling up the DagBag from /home/airflow/.local/lib/python3.12/site-packages/airflow/example_dags/example_inlet_event_extra.py
[2024-11-25T06:19:39.733+0000] {processor.py:925} INFO - DAG(s) 'read_dataset_event', 'read_dataset_event_from_classic' retrieved from /home/airflow/.local/lib/python3.12/site-packages/airflow/example_dags/example_inlet_event_extra.py
[2024-11-25T06:19:39.763+0000] {logging_mixin.py:190} INFO - [2024-11-25T06:19:39.762+0000] {dag.py:3239} INFO - Sync 2 DAGs
[2024-11-25T06:19:39.794+0000] {logging_mixin.py:190} INFO - [2024-11-25T06:19:39.794+0000] {dag.py:4180} INFO - Setting next_dagrun for read_dataset_event to 2024-11-24 00:00:00+00:00, run_after=2024-11-25 00:00:00+00:00
[2024-11-25T06:19:39.803+0000] {logging_mixin.py:190} INFO - [2024-11-25T06:19:39.803+0000] {dag.py:4180} INFO - Setting next_dagrun for read_dataset_event_from_classic to 2024-11-24 00:00:00+00:00, run_after=2024-11-25 00:00:00+00:00
[2024-11-25T06:19:39.828+0000] {processor.py:208} INFO - Processing /home/airflow/.local/lib/python3.12/site-packages/airflow/example_dags/example_inlet_event_extra.py took 0.759 seconds
[2024-11-25T06:20:10.694+0000] {processor.py:186} INFO - Started process (PID=3015) to work on /home/airflow/.local/lib/python3.12/site-packages/airflow/example_dags/example_inlet_event_extra.py
[2024-11-25T06:20:10.696+0000] {processor.py:914} INFO - Processing file /home/airflow/.local/lib/python3.12/site-packages/airflow/example_dags/example_inlet_event_extra.py for tasks to queue
[2024-11-25T06:20:10.698+0000] {logging_mixin.py:190} INFO - [2024-11-25T06:20:10.698+0000] {dagbag.py:588} INFO - Filling up the DagBag from /home/airflow/.local/lib/python3.12/site-packages/airflow/example_dags/example_inlet_event_extra.py
[2024-11-25T06:20:11.355+0000] {processor.py:925} INFO - DAG(s) 'read_dataset_event_from_classic', 'read_dataset_event' retrieved from /home/airflow/.local/lib/python3.12/site-packages/airflow/example_dags/example_inlet_event_extra.py
[2024-11-25T06:20:11.381+0000] {logging_mixin.py:190} INFO - [2024-11-25T06:20:11.381+0000] {dag.py:3239} INFO - Sync 2 DAGs
[2024-11-25T06:20:11.408+0000] {logging_mixin.py:190} INFO - [2024-11-25T06:20:11.408+0000] {dag.py:4180} INFO - Setting next_dagrun for read_dataset_event to 2024-11-24 00:00:00+00:00, run_after=2024-11-25 00:00:00+00:00
[2024-11-25T06:20:11.413+0000] {logging_mixin.py:190} INFO - [2024-11-25T06:20:11.413+0000] {dag.py:4180} INFO - Setting next_dagrun for read_dataset_event_from_classic to 2024-11-24 00:00:00+00:00, run_after=2024-11-25 00:00:00+00:00
[2024-11-25T06:20:11.431+0000] {processor.py:208} INFO - Processing /home/airflow/.local/lib/python3.12/site-packages/airflow/example_dags/example_inlet_event_extra.py took 0.742 seconds
[2024-11-25T06:20:42.044+0000] {processor.py:186} INFO - Started process (PID=3318) to work on /home/airflow/.local/lib/python3.12/site-packages/airflow/example_dags/example_inlet_event_extra.py
[2024-11-25T06:20:42.045+0000] {processor.py:914} INFO - Processing file /home/airflow/.local/lib/python3.12/site-packages/airflow/example_dags/example_inlet_event_extra.py for tasks to queue
[2024-11-25T06:20:42.048+0000] {logging_mixin.py:190} INFO - [2024-11-25T06:20:42.047+0000] {dagbag.py:588} INFO - Filling up the DagBag from /home/airflow/.local/lib/python3.12/site-packages/airflow/example_dags/example_inlet_event_extra.py
[2024-11-25T06:20:42.645+0000] {processor.py:925} INFO - DAG(s) 'read_dataset_event_from_classic', 'read_dataset_event' retrieved from /home/airflow/.local/lib/python3.12/site-packages/airflow/example_dags/example_inlet_event_extra.py
[2024-11-25T06:20:42.674+0000] {logging_mixin.py:190} INFO - [2024-11-25T06:20:42.674+0000] {dag.py:3239} INFO - Sync 2 DAGs
[2024-11-25T06:20:42.719+0000] {logging_mixin.py:190} INFO - [2024-11-25T06:20:42.719+0000] {dag.py:4180} INFO - Setting next_dagrun for read_dataset_event to 2024-11-24 00:00:00+00:00, run_after=2024-11-25 00:00:00+00:00
[2024-11-25T06:20:42.729+0000] {logging_mixin.py:190} INFO - [2024-11-25T06:20:42.728+0000] {dag.py:4180} INFO - Setting next_dagrun for read_dataset_event_from_classic to 2024-11-24 00:00:00+00:00, run_after=2024-11-25 00:00:00+00:00
[2024-11-25T06:20:42.759+0000] {processor.py:208} INFO - Processing /home/airflow/.local/lib/python3.12/site-packages/airflow/example_dags/example_inlet_event_extra.py took 0.720 seconds
[2024-11-25T06:21:13.660+0000] {processor.py:186} INFO - Started process (PID=3619) to work on /home/airflow/.local/lib/python3.12/site-packages/airflow/example_dags/example_inlet_event_extra.py
[2024-11-25T06:21:13.661+0000] {processor.py:914} INFO - Processing file /home/airflow/.local/lib/python3.12/site-packages/airflow/example_dags/example_inlet_event_extra.py for tasks to queue
[2024-11-25T06:21:13.664+0000] {logging_mixin.py:190} INFO - [2024-11-25T06:21:13.664+0000] {dagbag.py:588} INFO - Filling up the DagBag from /home/airflow/.local/lib/python3.12/site-packages/airflow/example_dags/example_inlet_event_extra.py
[2024-11-25T06:21:14.388+0000] {processor.py:925} INFO - DAG(s) 'read_dataset_event_from_classic', 'read_dataset_event' retrieved from /home/airflow/.local/lib/python3.12/site-packages/airflow/example_dags/example_inlet_event_extra.py
[2024-11-25T06:21:14.414+0000] {logging_mixin.py:190} INFO - [2024-11-25T06:21:14.414+0000] {dag.py:3239} INFO - Sync 2 DAGs
[2024-11-25T06:21:14.439+0000] {logging_mixin.py:190} INFO - [2024-11-25T06:21:14.438+0000] {dag.py:4180} INFO - Setting next_dagrun for read_dataset_event to 2024-11-24 00:00:00+00:00, run_after=2024-11-25 00:00:00+00:00
[2024-11-25T06:21:14.443+0000] {logging_mixin.py:190} INFO - [2024-11-25T06:21:14.443+0000] {dag.py:4180} INFO - Setting next_dagrun for read_dataset_event_from_classic to 2024-11-24 00:00:00+00:00, run_after=2024-11-25 00:00:00+00:00
[2024-11-25T06:21:14.461+0000] {processor.py:208} INFO - Processing /home/airflow/.local/lib/python3.12/site-packages/airflow/example_dags/example_inlet_event_extra.py took 0.807 seconds
[2024-11-25T06:21:45.077+0000] {processor.py:186} INFO - Started process (PID=3920) to work on /home/airflow/.local/lib/python3.12/site-packages/airflow/example_dags/example_inlet_event_extra.py
[2024-11-25T06:21:45.078+0000] {processor.py:914} INFO - Processing file /home/airflow/.local/lib/python3.12/site-packages/airflow/example_dags/example_inlet_event_extra.py for tasks to queue
[2024-11-25T06:21:45.080+0000] {logging_mixin.py:190} INFO - [2024-11-25T06:21:45.080+0000] {dagbag.py:588} INFO - Filling up the DagBag from /home/airflow/.local/lib/python3.12/site-packages/airflow/example_dags/example_inlet_event_extra.py
[2024-11-25T06:21:45.781+0000] {processor.py:925} INFO - DAG(s) 'read_dataset_event', 'read_dataset_event_from_classic' retrieved from /home/airflow/.local/lib/python3.12/site-packages/airflow/example_dags/example_inlet_event_extra.py
[2024-11-25T06:21:45.814+0000] {logging_mixin.py:190} INFO - [2024-11-25T06:21:45.814+0000] {dag.py:3239} INFO - Sync 2 DAGs
[2024-11-25T06:21:45.848+0000] {logging_mixin.py:190} INFO - [2024-11-25T06:21:45.847+0000] {dag.py:4180} INFO - Setting next_dagrun for read_dataset_event to 2024-11-24 00:00:00+00:00, run_after=2024-11-25 00:00:00+00:00
[2024-11-25T06:21:45.853+0000] {logging_mixin.py:190} INFO - [2024-11-25T06:21:45.853+0000] {dag.py:4180} INFO - Setting next_dagrun for read_dataset_event_from_classic to 2024-11-24 00:00:00+00:00, run_after=2024-11-25 00:00:00+00:00
[2024-11-25T06:21:45.874+0000] {processor.py:208} INFO - Processing /home/airflow/.local/lib/python3.12/site-packages/airflow/example_dags/example_inlet_event_extra.py took 0.803 seconds
[2024-11-25T06:22:16.850+0000] {processor.py:186} INFO - Started process (PID=4220) to work on /home/airflow/.local/lib/python3.12/site-packages/airflow/example_dags/example_inlet_event_extra.py
[2024-11-25T06:22:16.870+0000] {processor.py:914} INFO - Processing file /home/airflow/.local/lib/python3.12/site-packages/airflow/example_dags/example_inlet_event_extra.py for tasks to queue
[2024-11-25T06:22:16.924+0000] {logging_mixin.py:190} INFO - [2024-11-25T06:22:16.923+0000] {dagbag.py:588} INFO - Filling up the DagBag from /home/airflow/.local/lib/python3.12/site-packages/airflow/example_dags/example_inlet_event_extra.py
[2024-11-25T06:22:19.430+0000] {processor.py:925} INFO - DAG(s) 'read_dataset_event_from_classic', 'read_dataset_event' retrieved from /home/airflow/.local/lib/python3.12/site-packages/airflow/example_dags/example_inlet_event_extra.py
[2024-11-25T06:22:19.560+0000] {logging_mixin.py:190} INFO - [2024-11-25T06:22:19.560+0000] {dag.py:3239} INFO - Sync 2 DAGs
[2024-11-25T06:22:19.719+0000] {logging_mixin.py:190} INFO - [2024-11-25T06:22:19.717+0000] {dag.py:4180} INFO - Setting next_dagrun for read_dataset_event to 2024-11-24 00:00:00+00:00, run_after=2024-11-25 00:00:00+00:00
[2024-11-25T06:22:19.759+0000] {logging_mixin.py:190} INFO - [2024-11-25T06:22:19.758+0000] {dag.py:4180} INFO - Setting next_dagrun for read_dataset_event_from_classic to 2024-11-24 00:00:00+00:00, run_after=2024-11-25 00:00:00+00:00
[2024-11-25T06:22:19.825+0000] {processor.py:208} INFO - Processing /home/airflow/.local/lib/python3.12/site-packages/airflow/example_dags/example_inlet_event_extra.py took 2.995 seconds
[2024-11-25T06:22:50.446+0000] {processor.py:186} INFO - Started process (PID=4522) to work on /home/airflow/.local/lib/python3.12/site-packages/airflow/example_dags/example_inlet_event_extra.py
[2024-11-25T06:22:50.448+0000] {processor.py:914} INFO - Processing file /home/airflow/.local/lib/python3.12/site-packages/airflow/example_dags/example_inlet_event_extra.py for tasks to queue
[2024-11-25T06:22:50.451+0000] {logging_mixin.py:190} INFO - [2024-11-25T06:22:50.451+0000] {dagbag.py:588} INFO - Filling up the DagBag from /home/airflow/.local/lib/python3.12/site-packages/airflow/example_dags/example_inlet_event_extra.py
[2024-11-25T06:22:51.373+0000] {processor.py:925} INFO - DAG(s) 'read_dataset_event_from_classic', 'read_dataset_event' retrieved from /home/airflow/.local/lib/python3.12/site-packages/airflow/example_dags/example_inlet_event_extra.py
[2024-11-25T06:22:51.408+0000] {logging_mixin.py:190} INFO - [2024-11-25T06:22:51.407+0000] {dag.py:3239} INFO - Sync 2 DAGs
[2024-11-25T06:22:51.448+0000] {logging_mixin.py:190} INFO - [2024-11-25T06:22:51.447+0000] {dag.py:4180} INFO - Setting next_dagrun for read_dataset_event to 2024-11-24 00:00:00+00:00, run_after=2024-11-25 00:00:00+00:00
[2024-11-25T06:22:51.455+0000] {logging_mixin.py:190} INFO - [2024-11-25T06:22:51.455+0000] {dag.py:4180} INFO - Setting next_dagrun for read_dataset_event_from_classic to 2024-11-24 00:00:00+00:00, run_after=2024-11-25 00:00:00+00:00
[2024-11-25T06:22:51.477+0000] {processor.py:208} INFO - Processing /home/airflow/.local/lib/python3.12/site-packages/airflow/example_dags/example_inlet_event_extra.py took 1.040 seconds
[2024-11-25T06:23:21.857+0000] {processor.py:186} INFO - Started process (PID=4823) to work on /home/airflow/.local/lib/python3.12/site-packages/airflow/example_dags/example_inlet_event_extra.py
[2024-11-25T06:23:21.859+0000] {processor.py:914} INFO - Processing file /home/airflow/.local/lib/python3.12/site-packages/airflow/example_dags/example_inlet_event_extra.py for tasks to queue
[2024-11-25T06:23:21.862+0000] {logging_mixin.py:190} INFO - [2024-11-25T06:23:21.861+0000] {dagbag.py:588} INFO - Filling up the DagBag from /home/airflow/.local/lib/python3.12/site-packages/airflow/example_dags/example_inlet_event_extra.py
[2024-11-25T06:23:22.675+0000] {processor.py:925} INFO - DAG(s) 'read_dataset_event', 'read_dataset_event_from_classic' retrieved from /home/airflow/.local/lib/python3.12/site-packages/airflow/example_dags/example_inlet_event_extra.py
[2024-11-25T06:23:22.702+0000] {logging_mixin.py:190} INFO - [2024-11-25T06:23:22.702+0000] {dag.py:3239} INFO - Sync 2 DAGs
[2024-11-25T06:23:22.731+0000] {logging_mixin.py:190} INFO - [2024-11-25T06:23:22.730+0000] {dag.py:4180} INFO - Setting next_dagrun for read_dataset_event to 2024-11-24 00:00:00+00:00, run_after=2024-11-25 00:00:00+00:00
[2024-11-25T06:23:22.736+0000] {logging_mixin.py:190} INFO - [2024-11-25T06:23:22.736+0000] {dag.py:4180} INFO - Setting next_dagrun for read_dataset_event_from_classic to 2024-11-24 00:00:00+00:00, run_after=2024-11-25 00:00:00+00:00
[2024-11-25T06:23:22.762+0000] {processor.py:208} INFO - Processing /home/airflow/.local/lib/python3.12/site-packages/airflow/example_dags/example_inlet_event_extra.py took 0.910 seconds
[2024-11-25T06:23:52.917+0000] {processor.py:186} INFO - Started process (PID=5124) to work on /home/airflow/.local/lib/python3.12/site-packages/airflow/example_dags/example_inlet_event_extra.py
[2024-11-25T06:23:52.918+0000] {processor.py:914} INFO - Processing file /home/airflow/.local/lib/python3.12/site-packages/airflow/example_dags/example_inlet_event_extra.py for tasks to queue
[2024-11-25T06:23:52.920+0000] {logging_mixin.py:190} INFO - [2024-11-25T06:23:52.920+0000] {dagbag.py:588} INFO - Filling up the DagBag from /home/airflow/.local/lib/python3.12/site-packages/airflow/example_dags/example_inlet_event_extra.py
[2024-11-25T06:23:54.577+0000] {processor.py:925} INFO - DAG(s) 'read_dataset_event', 'read_dataset_event_from_classic' retrieved from /home/airflow/.local/lib/python3.12/site-packages/airflow/example_dags/example_inlet_event_extra.py
[2024-11-25T06:23:54.621+0000] {logging_mixin.py:190} INFO - [2024-11-25T06:23:54.621+0000] {dag.py:3239} INFO - Sync 2 DAGs
[2024-11-25T06:23:54.650+0000] {logging_mixin.py:190} INFO - [2024-11-25T06:23:54.650+0000] {dag.py:4180} INFO - Setting next_dagrun for read_dataset_event to 2024-11-24 00:00:00+00:00, run_after=2024-11-25 00:00:00+00:00
[2024-11-25T06:23:54.655+0000] {logging_mixin.py:190} INFO - [2024-11-25T06:23:54.655+0000] {dag.py:4180} INFO - Setting next_dagrun for read_dataset_event_from_classic to 2024-11-24 00:00:00+00:00, run_after=2024-11-25 00:00:00+00:00
[2024-11-25T06:23:54.675+0000] {processor.py:208} INFO - Processing /home/airflow/.local/lib/python3.12/site-packages/airflow/example_dags/example_inlet_event_extra.py took 1.765 seconds
[2024-11-25T06:24:24.770+0000] {processor.py:186} INFO - Started process (PID=5425) to work on /home/airflow/.local/lib/python3.12/site-packages/airflow/example_dags/example_inlet_event_extra.py
[2024-11-25T06:24:24.774+0000] {processor.py:914} INFO - Processing file /home/airflow/.local/lib/python3.12/site-packages/airflow/example_dags/example_inlet_event_extra.py for tasks to queue
[2024-11-25T06:24:24.782+0000] {logging_mixin.py:190} INFO - [2024-11-25T06:24:24.780+0000] {dagbag.py:588} INFO - Filling up the DagBag from /home/airflow/.local/lib/python3.12/site-packages/airflow/example_dags/example_inlet_event_extra.py
[2024-11-25T06:24:26.190+0000] {processor.py:925} INFO - DAG(s) 'read_dataset_event', 'read_dataset_event_from_classic' retrieved from /home/airflow/.local/lib/python3.12/site-packages/airflow/example_dags/example_inlet_event_extra.py
[2024-11-25T06:24:26.259+0000] {logging_mixin.py:190} INFO - [2024-11-25T06:24:26.258+0000] {dag.py:3239} INFO - Sync 2 DAGs
[2024-11-25T06:24:26.358+0000] {logging_mixin.py:190} INFO - [2024-11-25T06:24:26.358+0000] {dag.py:4180} INFO - Setting next_dagrun for read_dataset_event to 2024-11-24 00:00:00+00:00, run_after=2024-11-25 00:00:00+00:00
[2024-11-25T06:24:26.372+0000] {logging_mixin.py:190} INFO - [2024-11-25T06:24:26.371+0000] {dag.py:4180} INFO - Setting next_dagrun for read_dataset_event_from_classic to 2024-11-24 00:00:00+00:00, run_after=2024-11-25 00:00:00+00:00
[2024-11-25T06:24:26.415+0000] {processor.py:208} INFO - Processing /home/airflow/.local/lib/python3.12/site-packages/airflow/example_dags/example_inlet_event_extra.py took 1.658 seconds
[2024-11-25T06:24:57.080+0000] {processor.py:186} INFO - Started process (PID=5726) to work on /home/airflow/.local/lib/python3.12/site-packages/airflow/example_dags/example_inlet_event_extra.py
[2024-11-25T06:24:57.082+0000] {processor.py:914} INFO - Processing file /home/airflow/.local/lib/python3.12/site-packages/airflow/example_dags/example_inlet_event_extra.py for tasks to queue
[2024-11-25T06:24:57.085+0000] {logging_mixin.py:190} INFO - [2024-11-25T06:24:57.085+0000] {dagbag.py:588} INFO - Filling up the DagBag from /home/airflow/.local/lib/python3.12/site-packages/airflow/example_dags/example_inlet_event_extra.py
[2024-11-25T06:24:57.868+0000] {processor.py:925} INFO - DAG(s) 'read_dataset_event', 'read_dataset_event_from_classic' retrieved from /home/airflow/.local/lib/python3.12/site-packages/airflow/example_dags/example_inlet_event_extra.py
[2024-11-25T06:24:57.891+0000] {logging_mixin.py:190} INFO - [2024-11-25T06:24:57.890+0000] {dag.py:3239} INFO - Sync 2 DAGs
[2024-11-25T06:24:57.914+0000] {logging_mixin.py:190} INFO - [2024-11-25T06:24:57.914+0000] {dag.py:4180} INFO - Setting next_dagrun for read_dataset_event to 2024-11-24 00:00:00+00:00, run_after=2024-11-25 00:00:00+00:00
[2024-11-25T06:24:57.919+0000] {logging_mixin.py:190} INFO - [2024-11-25T06:24:57.919+0000] {dag.py:4180} INFO - Setting next_dagrun for read_dataset_event_from_classic to 2024-11-24 00:00:00+00:00, run_after=2024-11-25 00:00:00+00:00
[2024-11-25T06:24:57.938+0000] {processor.py:208} INFO - Processing /home/airflow/.local/lib/python3.12/site-packages/airflow/example_dags/example_inlet_event_extra.py took 0.866 seconds
[2024-11-25T06:25:28.386+0000] {processor.py:186} INFO - Started process (PID=6027) to work on /home/airflow/.local/lib/python3.12/site-packages/airflow/example_dags/example_inlet_event_extra.py
[2024-11-25T06:25:28.388+0000] {processor.py:914} INFO - Processing file /home/airflow/.local/lib/python3.12/site-packages/airflow/example_dags/example_inlet_event_extra.py for tasks to queue
[2024-11-25T06:25:28.392+0000] {logging_mixin.py:190} INFO - [2024-11-25T06:25:28.392+0000] {dagbag.py:588} INFO - Filling up the DagBag from /home/airflow/.local/lib/python3.12/site-packages/airflow/example_dags/example_inlet_event_extra.py
[2024-11-25T06:25:29.297+0000] {processor.py:925} INFO - DAG(s) 'read_dataset_event', 'read_dataset_event_from_classic' retrieved from /home/airflow/.local/lib/python3.12/site-packages/airflow/example_dags/example_inlet_event_extra.py
[2024-11-25T06:25:29.326+0000] {logging_mixin.py:190} INFO - [2024-11-25T06:25:29.326+0000] {dag.py:3239} INFO - Sync 2 DAGs
[2024-11-25T06:25:29.352+0000] {logging_mixin.py:190} INFO - [2024-11-25T06:25:29.352+0000] {dag.py:4180} INFO - Setting next_dagrun for read_dataset_event to 2024-11-24 00:00:00+00:00, run_after=2024-11-25 00:00:00+00:00
[2024-11-25T06:25:29.359+0000] {logging_mixin.py:190} INFO - [2024-11-25T06:25:29.359+0000] {dag.py:4180} INFO - Setting next_dagrun for read_dataset_event_from_classic to 2024-11-24 00:00:00+00:00, run_after=2024-11-25 00:00:00+00:00
[2024-11-25T06:25:29.379+0000] {processor.py:208} INFO - Processing /home/airflow/.local/lib/python3.12/site-packages/airflow/example_dags/example_inlet_event_extra.py took 0.999 seconds
[2024-11-25T06:25:59.475+0000] {processor.py:186} INFO - Started process (PID=6330) to work on /home/airflow/.local/lib/python3.12/site-packages/airflow/example_dags/example_inlet_event_extra.py
[2024-11-25T06:25:59.476+0000] {processor.py:914} INFO - Processing file /home/airflow/.local/lib/python3.12/site-packages/airflow/example_dags/example_inlet_event_extra.py for tasks to queue
[2024-11-25T06:25:59.479+0000] {logging_mixin.py:190} INFO - [2024-11-25T06:25:59.478+0000] {dagbag.py:588} INFO - Filling up the DagBag from /home/airflow/.local/lib/python3.12/site-packages/airflow/example_dags/example_inlet_event_extra.py
[2024-11-25T06:26:00.051+0000] {processor.py:925} INFO - DAG(s) 'read_dataset_event_from_classic', 'read_dataset_event' retrieved from /home/airflow/.local/lib/python3.12/site-packages/airflow/example_dags/example_inlet_event_extra.py
[2024-11-25T06:26:00.083+0000] {logging_mixin.py:190} INFO - [2024-11-25T06:26:00.083+0000] {dag.py:3239} INFO - Sync 2 DAGs
[2024-11-25T06:26:00.110+0000] {logging_mixin.py:190} INFO - [2024-11-25T06:26:00.110+0000] {dag.py:4180} INFO - Setting next_dagrun for read_dataset_event to 2024-11-24 00:00:00+00:00, run_after=2024-11-25 00:00:00+00:00
[2024-11-25T06:26:00.115+0000] {logging_mixin.py:190} INFO - [2024-11-25T06:26:00.115+0000] {dag.py:4180} INFO - Setting next_dagrun for read_dataset_event_from_classic to 2024-11-24 00:00:00+00:00, run_after=2024-11-25 00:00:00+00:00
[2024-11-25T06:26:00.141+0000] {processor.py:208} INFO - Processing /home/airflow/.local/lib/python3.12/site-packages/airflow/example_dags/example_inlet_event_extra.py took 0.747 seconds
[2024-11-25T06:26:30.908+0000] {processor.py:186} INFO - Started process (PID=6632) to work on /home/airflow/.local/lib/python3.12/site-packages/airflow/example_dags/example_inlet_event_extra.py
[2024-11-25T06:26:30.910+0000] {processor.py:914} INFO - Processing file /home/airflow/.local/lib/python3.12/site-packages/airflow/example_dags/example_inlet_event_extra.py for tasks to queue
[2024-11-25T06:26:30.912+0000] {logging_mixin.py:190} INFO - [2024-11-25T06:26:30.912+0000] {dagbag.py:588} INFO - Filling up the DagBag from /home/airflow/.local/lib/python3.12/site-packages/airflow/example_dags/example_inlet_event_extra.py
[2024-11-25T06:26:31.522+0000] {processor.py:925} INFO - DAG(s) 'read_dataset_event', 'read_dataset_event_from_classic' retrieved from /home/airflow/.local/lib/python3.12/site-packages/airflow/example_dags/example_inlet_event_extra.py
[2024-11-25T06:26:31.552+0000] {logging_mixin.py:190} INFO - [2024-11-25T06:26:31.552+0000] {dag.py:3239} INFO - Sync 2 DAGs
[2024-11-25T06:26:31.581+0000] {logging_mixin.py:190} INFO - [2024-11-25T06:26:31.580+0000] {dag.py:4180} INFO - Setting next_dagrun for read_dataset_event to 2024-11-24 00:00:00+00:00, run_after=2024-11-25 00:00:00+00:00
[2024-11-25T06:26:31.585+0000] {logging_mixin.py:190} INFO - [2024-11-25T06:26:31.585+0000] {dag.py:4180} INFO - Setting next_dagrun for read_dataset_event_from_classic to 2024-11-24 00:00:00+00:00, run_after=2024-11-25 00:00:00+00:00
[2024-11-25T06:26:31.601+0000] {processor.py:208} INFO - Processing /home/airflow/.local/lib/python3.12/site-packages/airflow/example_dags/example_inlet_event_extra.py took 0.698 seconds
[2024-11-25T06:27:01.950+0000] {processor.py:186} INFO - Started process (PID=6933) to work on /home/airflow/.local/lib/python3.12/site-packages/airflow/example_dags/example_inlet_event_extra.py
[2024-11-25T06:27:01.957+0000] {processor.py:914} INFO - Processing file /home/airflow/.local/lib/python3.12/site-packages/airflow/example_dags/example_inlet_event_extra.py for tasks to queue
[2024-11-25T06:27:01.962+0000] {logging_mixin.py:190} INFO - [2024-11-25T06:27:01.961+0000] {dagbag.py:588} INFO - Filling up the DagBag from /home/airflow/.local/lib/python3.12/site-packages/airflow/example_dags/example_inlet_event_extra.py
[2024-11-25T06:27:03.664+0000] {processor.py:925} INFO - DAG(s) 'read_dataset_event', 'read_dataset_event_from_classic' retrieved from /home/airflow/.local/lib/python3.12/site-packages/airflow/example_dags/example_inlet_event_extra.py
[2024-11-25T06:27:03.716+0000] {logging_mixin.py:190} INFO - [2024-11-25T06:27:03.715+0000] {dag.py:3239} INFO - Sync 2 DAGs
[2024-11-25T06:27:03.757+0000] {logging_mixin.py:190} INFO - [2024-11-25T06:27:03.757+0000] {dag.py:4180} INFO - Setting next_dagrun for read_dataset_event to 2024-11-24 00:00:00+00:00, run_after=2024-11-25 00:00:00+00:00
[2024-11-25T06:27:03.765+0000] {logging_mixin.py:190} INFO - [2024-11-25T06:27:03.764+0000] {dag.py:4180} INFO - Setting next_dagrun for read_dataset_event_from_classic to 2024-11-24 00:00:00+00:00, run_after=2024-11-25 00:00:00+00:00
[2024-11-25T06:27:03.796+0000] {processor.py:208} INFO - Processing /home/airflow/.local/lib/python3.12/site-packages/airflow/example_dags/example_inlet_event_extra.py took 1.869 seconds
[2024-11-25T06:27:34.075+0000] {processor.py:186} INFO - Started process (PID=7234) to work on /home/airflow/.local/lib/python3.12/site-packages/airflow/example_dags/example_inlet_event_extra.py
[2024-11-25T06:27:34.076+0000] {processor.py:914} INFO - Processing file /home/airflow/.local/lib/python3.12/site-packages/airflow/example_dags/example_inlet_event_extra.py for tasks to queue
[2024-11-25T06:27:34.079+0000] {logging_mixin.py:190} INFO - [2024-11-25T06:27:34.078+0000] {dagbag.py:588} INFO - Filling up the DagBag from /home/airflow/.local/lib/python3.12/site-packages/airflow/example_dags/example_inlet_event_extra.py
[2024-11-25T06:27:34.672+0000] {processor.py:925} INFO - DAG(s) 'read_dataset_event_from_classic', 'read_dataset_event' retrieved from /home/airflow/.local/lib/python3.12/site-packages/airflow/example_dags/example_inlet_event_extra.py
[2024-11-25T06:27:34.696+0000] {logging_mixin.py:190} INFO - [2024-11-25T06:27:34.695+0000] {dag.py:3239} INFO - Sync 2 DAGs
[2024-11-25T06:27:34.722+0000] {logging_mixin.py:190} INFO - [2024-11-25T06:27:34.722+0000] {dag.py:4180} INFO - Setting next_dagrun for read_dataset_event to 2024-11-24 00:00:00+00:00, run_after=2024-11-25 00:00:00+00:00
[2024-11-25T06:27:34.727+0000] {logging_mixin.py:190} INFO - [2024-11-25T06:27:34.727+0000] {dag.py:4180} INFO - Setting next_dagrun for read_dataset_event_from_classic to 2024-11-24 00:00:00+00:00, run_after=2024-11-25 00:00:00+00:00
[2024-11-25T06:27:34.750+0000] {processor.py:208} INFO - Processing /home/airflow/.local/lib/python3.12/site-packages/airflow/example_dags/example_inlet_event_extra.py took 0.682 seconds
[2024-11-25T06:28:04.875+0000] {processor.py:186} INFO - Started process (PID=7535) to work on /home/airflow/.local/lib/python3.12/site-packages/airflow/example_dags/example_inlet_event_extra.py
[2024-11-25T06:28:04.877+0000] {processor.py:914} INFO - Processing file /home/airflow/.local/lib/python3.12/site-packages/airflow/example_dags/example_inlet_event_extra.py for tasks to queue
[2024-11-25T06:28:04.879+0000] {logging_mixin.py:190} INFO - [2024-11-25T06:28:04.879+0000] {dagbag.py:588} INFO - Filling up the DagBag from /home/airflow/.local/lib/python3.12/site-packages/airflow/example_dags/example_inlet_event_extra.py
[2024-11-25T06:28:05.454+0000] {processor.py:925} INFO - DAG(s) 'read_dataset_event', 'read_dataset_event_from_classic' retrieved from /home/airflow/.local/lib/python3.12/site-packages/airflow/example_dags/example_inlet_event_extra.py
[2024-11-25T06:28:05.491+0000] {logging_mixin.py:190} INFO - [2024-11-25T06:28:05.490+0000] {dag.py:3239} INFO - Sync 2 DAGs
[2024-11-25T06:28:05.527+0000] {logging_mixin.py:190} INFO - [2024-11-25T06:28:05.526+0000] {dag.py:4180} INFO - Setting next_dagrun for read_dataset_event to 2024-11-24 00:00:00+00:00, run_after=2024-11-25 00:00:00+00:00
[2024-11-25T06:28:05.534+0000] {logging_mixin.py:190} INFO - [2024-11-25T06:28:05.534+0000] {dag.py:4180} INFO - Setting next_dagrun for read_dataset_event_from_classic to 2024-11-24 00:00:00+00:00, run_after=2024-11-25 00:00:00+00:00
[2024-11-25T06:28:05.556+0000] {processor.py:208} INFO - Processing /home/airflow/.local/lib/python3.12/site-packages/airflow/example_dags/example_inlet_event_extra.py took 0.688 seconds
[2024-11-25T06:28:36.210+0000] {processor.py:186} INFO - Started process (PID=7842) to work on /home/airflow/.local/lib/python3.12/site-packages/airflow/example_dags/example_inlet_event_extra.py
[2024-11-25T06:28:36.211+0000] {processor.py:914} INFO - Processing file /home/airflow/.local/lib/python3.12/site-packages/airflow/example_dags/example_inlet_event_extra.py for tasks to queue
[2024-11-25T06:28:36.214+0000] {logging_mixin.py:190} INFO - [2024-11-25T06:28:36.213+0000] {dagbag.py:588} INFO - Filling up the DagBag from /home/airflow/.local/lib/python3.12/site-packages/airflow/example_dags/example_inlet_event_extra.py
[2024-11-25T06:28:36.805+0000] {processor.py:925} INFO - DAG(s) 'read_dataset_event_from_classic', 'read_dataset_event' retrieved from /home/airflow/.local/lib/python3.12/site-packages/airflow/example_dags/example_inlet_event_extra.py
[2024-11-25T06:28:36.838+0000] {logging_mixin.py:190} INFO - [2024-11-25T06:28:36.838+0000] {dag.py:3239} INFO - Sync 2 DAGs
[2024-11-25T06:28:36.882+0000] {logging_mixin.py:190} INFO - [2024-11-25T06:28:36.881+0000] {dag.py:4180} INFO - Setting next_dagrun for read_dataset_event to 2024-11-24 00:00:00+00:00, run_after=2024-11-25 00:00:00+00:00
[2024-11-25T06:28:36.894+0000] {logging_mixin.py:190} INFO - [2024-11-25T06:28:36.893+0000] {dag.py:4180} INFO - Setting next_dagrun for read_dataset_event_from_classic to 2024-11-24 00:00:00+00:00, run_after=2024-11-25 00:00:00+00:00
[2024-11-25T06:28:36.927+0000] {processor.py:208} INFO - Processing /home/airflow/.local/lib/python3.12/site-packages/airflow/example_dags/example_inlet_event_extra.py took 0.723 seconds
[2024-11-25T06:29:07.305+0000] {processor.py:186} INFO - Started process (PID=8143) to work on /home/airflow/.local/lib/python3.12/site-packages/airflow/example_dags/example_inlet_event_extra.py
[2024-11-25T06:29:07.306+0000] {processor.py:914} INFO - Processing file /home/airflow/.local/lib/python3.12/site-packages/airflow/example_dags/example_inlet_event_extra.py for tasks to queue
[2024-11-25T06:29:07.308+0000] {logging_mixin.py:190} INFO - [2024-11-25T06:29:07.308+0000] {dagbag.py:588} INFO - Filling up the DagBag from /home/airflow/.local/lib/python3.12/site-packages/airflow/example_dags/example_inlet_event_extra.py
[2024-11-25T06:29:07.944+0000] {processor.py:925} INFO - DAG(s) 'read_dataset_event_from_classic', 'read_dataset_event' retrieved from /home/airflow/.local/lib/python3.12/site-packages/airflow/example_dags/example_inlet_event_extra.py
[2024-11-25T06:29:07.971+0000] {logging_mixin.py:190} INFO - [2024-11-25T06:29:07.971+0000] {dag.py:3239} INFO - Sync 2 DAGs
[2024-11-25T06:29:08.006+0000] {logging_mixin.py:190} INFO - [2024-11-25T06:29:08.006+0000] {dag.py:4180} INFO - Setting next_dagrun for read_dataset_event to 2024-11-24 00:00:00+00:00, run_after=2024-11-25 00:00:00+00:00
[2024-11-25T06:29:08.017+0000] {logging_mixin.py:190} INFO - [2024-11-25T06:29:08.016+0000] {dag.py:4180} INFO - Setting next_dagrun for read_dataset_event_from_classic to 2024-11-24 00:00:00+00:00, run_after=2024-11-25 00:00:00+00:00
[2024-11-25T06:29:08.037+0000] {processor.py:208} INFO - Processing /home/airflow/.local/lib/python3.12/site-packages/airflow/example_dags/example_inlet_event_extra.py took 0.740 seconds
[2024-11-25T06:29:38.233+0000] {processor.py:186} INFO - Started process (PID=8444) to work on /home/airflow/.local/lib/python3.12/site-packages/airflow/example_dags/example_inlet_event_extra.py
[2024-11-25T06:29:38.234+0000] {processor.py:914} INFO - Processing file /home/airflow/.local/lib/python3.12/site-packages/airflow/example_dags/example_inlet_event_extra.py for tasks to queue
[2024-11-25T06:29:38.237+0000] {logging_mixin.py:190} INFO - [2024-11-25T06:29:38.236+0000] {dagbag.py:588} INFO - Filling up the DagBag from /home/airflow/.local/lib/python3.12/site-packages/airflow/example_dags/example_inlet_event_extra.py
[2024-11-25T06:29:39.091+0000] {processor.py:925} INFO - DAG(s) 'read_dataset_event', 'read_dataset_event_from_classic' retrieved from /home/airflow/.local/lib/python3.12/site-packages/airflow/example_dags/example_inlet_event_extra.py
[2024-11-25T06:29:39.133+0000] {logging_mixin.py:190} INFO - [2024-11-25T06:29:39.133+0000] {dag.py:3239} INFO - Sync 2 DAGs
[2024-11-25T06:29:39.202+0000] {logging_mixin.py:190} INFO - [2024-11-25T06:29:39.202+0000] {dag.py:4180} INFO - Setting next_dagrun for read_dataset_event to 2024-11-24 00:00:00+00:00, run_after=2024-11-25 00:00:00+00:00
[2024-11-25T06:29:39.213+0000] {logging_mixin.py:190} INFO - [2024-11-25T06:29:39.212+0000] {dag.py:4180} INFO - Setting next_dagrun for read_dataset_event_from_classic to 2024-11-24 00:00:00+00:00, run_after=2024-11-25 00:00:00+00:00
[2024-11-25T06:29:39.262+0000] {processor.py:208} INFO - Processing /home/airflow/.local/lib/python3.12/site-packages/airflow/example_dags/example_inlet_event_extra.py took 1.035 seconds
[2024-11-25T06:30:09.613+0000] {processor.py:186} INFO - Started process (PID=8745) to work on /home/airflow/.local/lib/python3.12/site-packages/airflow/example_dags/example_inlet_event_extra.py
[2024-11-25T06:30:09.614+0000] {processor.py:914} INFO - Processing file /home/airflow/.local/lib/python3.12/site-packages/airflow/example_dags/example_inlet_event_extra.py for tasks to queue
[2024-11-25T06:30:09.620+0000] {logging_mixin.py:190} INFO - [2024-11-25T06:30:09.619+0000] {dagbag.py:588} INFO - Filling up the DagBag from /home/airflow/.local/lib/python3.12/site-packages/airflow/example_dags/example_inlet_event_extra.py
[2024-11-25T06:30:10.530+0000] {processor.py:925} INFO - DAG(s) 'read_dataset_event', 'read_dataset_event_from_classic' retrieved from /home/airflow/.local/lib/python3.12/site-packages/airflow/example_dags/example_inlet_event_extra.py
[2024-11-25T06:30:10.566+0000] {logging_mixin.py:190} INFO - [2024-11-25T06:30:10.565+0000] {dag.py:3239} INFO - Sync 2 DAGs
[2024-11-25T06:30:10.596+0000] {logging_mixin.py:190} INFO - [2024-11-25T06:30:10.596+0000] {dag.py:4180} INFO - Setting next_dagrun for read_dataset_event to 2024-11-24 00:00:00+00:00, run_after=2024-11-25 00:00:00+00:00
[2024-11-25T06:30:10.604+0000] {logging_mixin.py:190} INFO - [2024-11-25T06:30:10.604+0000] {dag.py:4180} INFO - Setting next_dagrun for read_dataset_event_from_classic to 2024-11-24 00:00:00+00:00, run_after=2024-11-25 00:00:00+00:00
[2024-11-25T06:30:10.624+0000] {processor.py:208} INFO - Processing /home/airflow/.local/lib/python3.12/site-packages/airflow/example_dags/example_inlet_event_extra.py took 1.017 seconds
[2024-11-25T06:30:41.239+0000] {processor.py:186} INFO - Started process (PID=9051) to work on /home/airflow/.local/lib/python3.12/site-packages/airflow/example_dags/example_inlet_event_extra.py
[2024-11-25T06:30:41.258+0000] {processor.py:914} INFO - Processing file /home/airflow/.local/lib/python3.12/site-packages/airflow/example_dags/example_inlet_event_extra.py for tasks to queue
[2024-11-25T06:30:41.262+0000] {logging_mixin.py:190} INFO - [2024-11-25T06:30:41.262+0000] {dagbag.py:588} INFO - Filling up the DagBag from /home/airflow/.local/lib/python3.12/site-packages/airflow/example_dags/example_inlet_event_extra.py
[2024-11-25T06:30:42.233+0000] {processor.py:925} INFO - DAG(s) 'read_dataset_event', 'read_dataset_event_from_classic' retrieved from /home/airflow/.local/lib/python3.12/site-packages/airflow/example_dags/example_inlet_event_extra.py
[2024-11-25T06:30:42.280+0000] {logging_mixin.py:190} INFO - [2024-11-25T06:30:42.280+0000] {dag.py:3239} INFO - Sync 2 DAGs
[2024-11-25T06:30:42.326+0000] {logging_mixin.py:190} INFO - [2024-11-25T06:30:42.326+0000] {dag.py:4180} INFO - Setting next_dagrun for read_dataset_event to 2024-11-24 00:00:00+00:00, run_after=2024-11-25 00:00:00+00:00
[2024-11-25T06:30:42.338+0000] {logging_mixin.py:190} INFO - [2024-11-25T06:30:42.337+0000] {dag.py:4180} INFO - Setting next_dagrun for read_dataset_event_from_classic to 2024-11-24 00:00:00+00:00, run_after=2024-11-25 00:00:00+00:00
[2024-11-25T06:30:42.368+0000] {processor.py:208} INFO - Processing /home/airflow/.local/lib/python3.12/site-packages/airflow/example_dags/example_inlet_event_extra.py took 1.138 seconds
[2024-11-25T06:31:12.482+0000] {processor.py:186} INFO - Started process (PID=9352) to work on /home/airflow/.local/lib/python3.12/site-packages/airflow/example_dags/example_inlet_event_extra.py
[2024-11-25T06:31:12.483+0000] {processor.py:914} INFO - Processing file /home/airflow/.local/lib/python3.12/site-packages/airflow/example_dags/example_inlet_event_extra.py for tasks to queue
[2024-11-25T06:31:12.486+0000] {logging_mixin.py:190} INFO - [2024-11-25T06:31:12.485+0000] {dagbag.py:588} INFO - Filling up the DagBag from /home/airflow/.local/lib/python3.12/site-packages/airflow/example_dags/example_inlet_event_extra.py
[2024-11-25T06:31:13.134+0000] {processor.py:925} INFO - DAG(s) 'read_dataset_event_from_classic', 'read_dataset_event' retrieved from /home/airflow/.local/lib/python3.12/site-packages/airflow/example_dags/example_inlet_event_extra.py
[2024-11-25T06:31:13.167+0000] {logging_mixin.py:190} INFO - [2024-11-25T06:31:13.167+0000] {dag.py:3239} INFO - Sync 2 DAGs
[2024-11-25T06:31:13.202+0000] {logging_mixin.py:190} INFO - [2024-11-25T06:31:13.202+0000] {dag.py:4180} INFO - Setting next_dagrun for read_dataset_event to 2024-11-24 00:00:00+00:00, run_after=2024-11-25 00:00:00+00:00
[2024-11-25T06:31:13.210+0000] {logging_mixin.py:190} INFO - [2024-11-25T06:31:13.209+0000] {dag.py:4180} INFO - Setting next_dagrun for read_dataset_event_from_classic to 2024-11-24 00:00:00+00:00, run_after=2024-11-25 00:00:00+00:00
[2024-11-25T06:31:13.232+0000] {processor.py:208} INFO - Processing /home/airflow/.local/lib/python3.12/site-packages/airflow/example_dags/example_inlet_event_extra.py took 0.756 seconds
[2024-11-25T06:31:44.145+0000] {processor.py:186} INFO - Started process (PID=9658) to work on /home/airflow/.local/lib/python3.12/site-packages/airflow/example_dags/example_inlet_event_extra.py
[2024-11-25T06:31:44.146+0000] {processor.py:914} INFO - Processing file /home/airflow/.local/lib/python3.12/site-packages/airflow/example_dags/example_inlet_event_extra.py for tasks to queue
[2024-11-25T06:31:44.149+0000] {logging_mixin.py:190} INFO - [2024-11-25T06:31:44.148+0000] {dagbag.py:588} INFO - Filling up the DagBag from /home/airflow/.local/lib/python3.12/site-packages/airflow/example_dags/example_inlet_event_extra.py
[2024-11-25T06:31:44.909+0000] {processor.py:925} INFO - DAG(s) 'read_dataset_event_from_classic', 'read_dataset_event' retrieved from /home/airflow/.local/lib/python3.12/site-packages/airflow/example_dags/example_inlet_event_extra.py
[2024-11-25T06:31:44.946+0000] {logging_mixin.py:190} INFO - [2024-11-25T06:31:44.945+0000] {dag.py:3239} INFO - Sync 2 DAGs
[2024-11-25T06:31:44.982+0000] {logging_mixin.py:190} INFO - [2024-11-25T06:31:44.982+0000] {dag.py:4180} INFO - Setting next_dagrun for read_dataset_event to 2024-11-24 00:00:00+00:00, run_after=2024-11-25 00:00:00+00:00
[2024-11-25T06:31:44.988+0000] {logging_mixin.py:190} INFO - [2024-11-25T06:31:44.988+0000] {dag.py:4180} INFO - Setting next_dagrun for read_dataset_event_from_classic to 2024-11-24 00:00:00+00:00, run_after=2024-11-25 00:00:00+00:00
[2024-11-25T06:31:45.004+0000] {processor.py:208} INFO - Processing /home/airflow/.local/lib/python3.12/site-packages/airflow/example_dags/example_inlet_event_extra.py took 0.866 seconds
[2024-11-25T06:32:15.497+0000] {processor.py:186} INFO - Started process (PID=9959) to work on /home/airflow/.local/lib/python3.12/site-packages/airflow/example_dags/example_inlet_event_extra.py
[2024-11-25T06:32:15.498+0000] {processor.py:914} INFO - Processing file /home/airflow/.local/lib/python3.12/site-packages/airflow/example_dags/example_inlet_event_extra.py for tasks to queue
[2024-11-25T06:32:15.500+0000] {logging_mixin.py:190} INFO - [2024-11-25T06:32:15.499+0000] {dagbag.py:588} INFO - Filling up the DagBag from /home/airflow/.local/lib/python3.12/site-packages/airflow/example_dags/example_inlet_event_extra.py
[2024-11-25T06:32:16.100+0000] {processor.py:925} INFO - DAG(s) 'read_dataset_event', 'read_dataset_event_from_classic' retrieved from /home/airflow/.local/lib/python3.12/site-packages/airflow/example_dags/example_inlet_event_extra.py
[2024-11-25T06:32:16.125+0000] {logging_mixin.py:190} INFO - [2024-11-25T06:32:16.125+0000] {dag.py:3239} INFO - Sync 2 DAGs
[2024-11-25T06:32:16.151+0000] {logging_mixin.py:190} INFO - [2024-11-25T06:32:16.151+0000] {dag.py:4180} INFO - Setting next_dagrun for read_dataset_event to 2024-11-24 00:00:00+00:00, run_after=2024-11-25 00:00:00+00:00
[2024-11-25T06:32:16.158+0000] {logging_mixin.py:190} INFO - [2024-11-25T06:32:16.157+0000] {dag.py:4180} INFO - Setting next_dagrun for read_dataset_event_from_classic to 2024-11-24 00:00:00+00:00, run_after=2024-11-25 00:00:00+00:00
[2024-11-25T06:32:16.178+0000] {processor.py:208} INFO - Processing /home/airflow/.local/lib/python3.12/site-packages/airflow/example_dags/example_inlet_event_extra.py took 0.687 seconds
[2024-11-25T06:32:46.765+0000] {processor.py:186} INFO - Started process (PID=10261) to work on /home/airflow/.local/lib/python3.12/site-packages/airflow/example_dags/example_inlet_event_extra.py
[2024-11-25T06:32:46.766+0000] {processor.py:914} INFO - Processing file /home/airflow/.local/lib/python3.12/site-packages/airflow/example_dags/example_inlet_event_extra.py for tasks to queue
[2024-11-25T06:32:46.769+0000] {logging_mixin.py:190} INFO - [2024-11-25T06:32:46.769+0000] {dagbag.py:588} INFO - Filling up the DagBag from /home/airflow/.local/lib/python3.12/site-packages/airflow/example_dags/example_inlet_event_extra.py
[2024-11-25T06:32:47.385+0000] {processor.py:925} INFO - DAG(s) 'read_dataset_event', 'read_dataset_event_from_classic' retrieved from /home/airflow/.local/lib/python3.12/site-packages/airflow/example_dags/example_inlet_event_extra.py
[2024-11-25T06:32:47.410+0000] {logging_mixin.py:190} INFO - [2024-11-25T06:32:47.410+0000] {dag.py:3239} INFO - Sync 2 DAGs
[2024-11-25T06:32:47.438+0000] {logging_mixin.py:190} INFO - [2024-11-25T06:32:47.437+0000] {dag.py:4180} INFO - Setting next_dagrun for read_dataset_event to 2024-11-24 00:00:00+00:00, run_after=2024-11-25 00:00:00+00:00
[2024-11-25T06:32:47.443+0000] {logging_mixin.py:190} INFO - [2024-11-25T06:32:47.443+0000] {dag.py:4180} INFO - Setting next_dagrun for read_dataset_event_from_classic to 2024-11-24 00:00:00+00:00, run_after=2024-11-25 00:00:00+00:00
[2024-11-25T06:32:47.461+0000] {processor.py:208} INFO - Processing /home/airflow/.local/lib/python3.12/site-packages/airflow/example_dags/example_inlet_event_extra.py took 0.702 seconds
[2024-11-25T06:33:17.847+0000] {processor.py:186} INFO - Started process (PID=10562) to work on /home/airflow/.local/lib/python3.12/site-packages/airflow/example_dags/example_inlet_event_extra.py
[2024-11-25T06:33:17.848+0000] {processor.py:914} INFO - Processing file /home/airflow/.local/lib/python3.12/site-packages/airflow/example_dags/example_inlet_event_extra.py for tasks to queue
[2024-11-25T06:33:17.851+0000] {logging_mixin.py:190} INFO - [2024-11-25T06:33:17.850+0000] {dagbag.py:588} INFO - Filling up the DagBag from /home/airflow/.local/lib/python3.12/site-packages/airflow/example_dags/example_inlet_event_extra.py
[2024-11-25T06:33:18.428+0000] {processor.py:925} INFO - DAG(s) 'read_dataset_event_from_classic', 'read_dataset_event' retrieved from /home/airflow/.local/lib/python3.12/site-packages/airflow/example_dags/example_inlet_event_extra.py
[2024-11-25T06:33:18.463+0000] {logging_mixin.py:190} INFO - [2024-11-25T06:33:18.463+0000] {dag.py:3239} INFO - Sync 2 DAGs
[2024-11-25T06:33:18.498+0000] {logging_mixin.py:190} INFO - [2024-11-25T06:33:18.498+0000] {dag.py:4180} INFO - Setting next_dagrun for read_dataset_event to 2024-11-24 00:00:00+00:00, run_after=2024-11-25 00:00:00+00:00
[2024-11-25T06:33:18.504+0000] {logging_mixin.py:190} INFO - [2024-11-25T06:33:18.504+0000] {dag.py:4180} INFO - Setting next_dagrun for read_dataset_event_from_classic to 2024-11-24 00:00:00+00:00, run_after=2024-11-25 00:00:00+00:00
[2024-11-25T06:33:18.530+0000] {processor.py:208} INFO - Processing /home/airflow/.local/lib/python3.12/site-packages/airflow/example_dags/example_inlet_event_extra.py took 0.688 seconds
[2024-11-25T06:33:49.765+0000] {processor.py:186} INFO - Started process (PID=10888) to work on /home/airflow/.local/lib/python3.12/site-packages/airflow/example_dags/example_inlet_event_extra.py
[2024-11-25T06:33:49.766+0000] {processor.py:914} INFO - Processing file /home/airflow/.local/lib/python3.12/site-packages/airflow/example_dags/example_inlet_event_extra.py for tasks to queue
[2024-11-25T06:33:49.770+0000] {logging_mixin.py:190} INFO - [2024-11-25T06:33:49.769+0000] {dagbag.py:588} INFO - Filling up the DagBag from /home/airflow/.local/lib/python3.12/site-packages/airflow/example_dags/example_inlet_event_extra.py
[2024-11-25T06:33:50.434+0000] {processor.py:925} INFO - DAG(s) 'read_dataset_event', 'read_dataset_event_from_classic' retrieved from /home/airflow/.local/lib/python3.12/site-packages/airflow/example_dags/example_inlet_event_extra.py
[2024-11-25T06:33:50.463+0000] {logging_mixin.py:190} INFO - [2024-11-25T06:33:50.463+0000] {dag.py:3239} INFO - Sync 2 DAGs
[2024-11-25T06:33:50.489+0000] {logging_mixin.py:190} INFO - [2024-11-25T06:33:50.489+0000] {dag.py:4180} INFO - Setting next_dagrun for read_dataset_event to 2024-11-24 00:00:00+00:00, run_after=2024-11-25 00:00:00+00:00
[2024-11-25T06:33:50.495+0000] {logging_mixin.py:190} INFO - [2024-11-25T06:33:50.495+0000] {dag.py:4180} INFO - Setting next_dagrun for read_dataset_event_from_classic to 2024-11-24 00:00:00+00:00, run_after=2024-11-25 00:00:00+00:00
[2024-11-25T06:33:50.516+0000] {processor.py:208} INFO - Processing /home/airflow/.local/lib/python3.12/site-packages/airflow/example_dags/example_inlet_event_extra.py took 0.758 seconds
[2024-11-25T06:34:20.974+0000] {processor.py:186} INFO - Started process (PID=11189) to work on /home/airflow/.local/lib/python3.12/site-packages/airflow/example_dags/example_inlet_event_extra.py
[2024-11-25T06:34:20.976+0000] {processor.py:914} INFO - Processing file /home/airflow/.local/lib/python3.12/site-packages/airflow/example_dags/example_inlet_event_extra.py for tasks to queue
[2024-11-25T06:34:20.981+0000] {logging_mixin.py:190} INFO - [2024-11-25T06:34:20.980+0000] {dagbag.py:588} INFO - Filling up the DagBag from /home/airflow/.local/lib/python3.12/site-packages/airflow/example_dags/example_inlet_event_extra.py
[2024-11-25T06:34:21.575+0000] {processor.py:925} INFO - DAG(s) 'read_dataset_event_from_classic', 'read_dataset_event' retrieved from /home/airflow/.local/lib/python3.12/site-packages/airflow/example_dags/example_inlet_event_extra.py
[2024-11-25T06:34:21.602+0000] {logging_mixin.py:190} INFO - [2024-11-25T06:34:21.601+0000] {dag.py:3239} INFO - Sync 2 DAGs
[2024-11-25T06:34:21.631+0000] {logging_mixin.py:190} INFO - [2024-11-25T06:34:21.630+0000] {dag.py:4180} INFO - Setting next_dagrun for read_dataset_event to 2024-11-24 00:00:00+00:00, run_after=2024-11-25 00:00:00+00:00
[2024-11-25T06:34:21.636+0000] {logging_mixin.py:190} INFO - [2024-11-25T06:34:21.636+0000] {dag.py:4180} INFO - Setting next_dagrun for read_dataset_event_from_classic to 2024-11-24 00:00:00+00:00, run_after=2024-11-25 00:00:00+00:00
[2024-11-25T06:34:21.656+0000] {processor.py:208} INFO - Processing /home/airflow/.local/lib/python3.12/site-packages/airflow/example_dags/example_inlet_event_extra.py took 0.691 seconds
[2024-11-25T06:34:53.379+0000] {processor.py:186} INFO - Started process (PID=11515) to work on /home/airflow/.local/lib/python3.12/site-packages/airflow/example_dags/example_inlet_event_extra.py
[2024-11-25T06:34:53.380+0000] {processor.py:914} INFO - Processing file /home/airflow/.local/lib/python3.12/site-packages/airflow/example_dags/example_inlet_event_extra.py for tasks to queue
[2024-11-25T06:34:53.383+0000] {logging_mixin.py:190} INFO - [2024-11-25T06:34:53.383+0000] {dagbag.py:588} INFO - Filling up the DagBag from /home/airflow/.local/lib/python3.12/site-packages/airflow/example_dags/example_inlet_event_extra.py
[2024-11-25T06:34:54.052+0000] {processor.py:925} INFO - DAG(s) 'read_dataset_event_from_classic', 'read_dataset_event' retrieved from /home/airflow/.local/lib/python3.12/site-packages/airflow/example_dags/example_inlet_event_extra.py
[2024-11-25T06:34:54.081+0000] {logging_mixin.py:190} INFO - [2024-11-25T06:34:54.081+0000] {dag.py:3239} INFO - Sync 2 DAGs
[2024-11-25T06:34:54.117+0000] {logging_mixin.py:190} INFO - [2024-11-25T06:34:54.116+0000] {dag.py:4180} INFO - Setting next_dagrun for read_dataset_event to 2024-11-24 00:00:00+00:00, run_after=2024-11-25 00:00:00+00:00
[2024-11-25T06:34:54.123+0000] {logging_mixin.py:190} INFO - [2024-11-25T06:34:54.123+0000] {dag.py:4180} INFO - Setting next_dagrun for read_dataset_event_from_classic to 2024-11-24 00:00:00+00:00, run_after=2024-11-25 00:00:00+00:00
[2024-11-25T06:34:54.142+0000] {processor.py:208} INFO - Processing /home/airflow/.local/lib/python3.12/site-packages/airflow/example_dags/example_inlet_event_extra.py took 0.769 seconds
[2024-11-25T06:41:11.140+0000] {processor.py:186} INFO - Started process (PID=15313) to work on /home/airflow/.local/lib/python3.12/site-packages/airflow/example_dags/example_inlet_event_extra.py
[2024-11-25T06:41:11.142+0000] {processor.py:914} INFO - Processing file /home/airflow/.local/lib/python3.12/site-packages/airflow/example_dags/example_inlet_event_extra.py for tasks to queue
[2024-11-25T06:41:11.147+0000] {logging_mixin.py:190} INFO - [2024-11-25T06:41:11.146+0000] {dagbag.py:588} INFO - Filling up the DagBag from /home/airflow/.local/lib/python3.12/site-packages/airflow/example_dags/example_inlet_event_extra.py
[2024-11-25T06:41:11.862+0000] {processor.py:925} INFO - DAG(s) 'read_dataset_event_from_classic', 'read_dataset_event' retrieved from /home/airflow/.local/lib/python3.12/site-packages/airflow/example_dags/example_inlet_event_extra.py
[2024-11-25T06:41:11.897+0000] {logging_mixin.py:190} INFO - [2024-11-25T06:41:11.897+0000] {dag.py:3239} INFO - Sync 2 DAGs
[2024-11-25T06:41:11.923+0000] {logging_mixin.py:190} INFO - [2024-11-25T06:41:11.923+0000] {dag.py:4180} INFO - Setting next_dagrun for read_dataset_event to 2024-11-24 00:00:00+00:00, run_after=2024-11-25 00:00:00+00:00
[2024-11-25T06:41:11.933+0000] {logging_mixin.py:190} INFO - [2024-11-25T06:41:11.932+0000] {dag.py:4180} INFO - Setting next_dagrun for read_dataset_event_from_classic to 2024-11-24 00:00:00+00:00, run_after=2024-11-25 00:00:00+00:00
[2024-11-25T06:41:11.970+0000] {processor.py:208} INFO - Processing /home/airflow/.local/lib/python3.12/site-packages/airflow/example_dags/example_inlet_event_extra.py took 0.842 seconds
[2024-11-25T06:41:42.132+0000] {processor.py:186} INFO - Started process (PID=15625) to work on /home/airflow/.local/lib/python3.12/site-packages/airflow/example_dags/example_inlet_event_extra.py
[2024-11-25T06:41:42.134+0000] {processor.py:914} INFO - Processing file /home/airflow/.local/lib/python3.12/site-packages/airflow/example_dags/example_inlet_event_extra.py for tasks to queue
[2024-11-25T06:41:42.179+0000] {logging_mixin.py:190} INFO - [2024-11-25T06:41:42.178+0000] {dagbag.py:588} INFO - Filling up the DagBag from /home/airflow/.local/lib/python3.12/site-packages/airflow/example_dags/example_inlet_event_extra.py
[2024-11-25T06:41:43.350+0000] {processor.py:925} INFO - DAG(s) 'read_dataset_event_from_classic', 'read_dataset_event' retrieved from /home/airflow/.local/lib/python3.12/site-packages/airflow/example_dags/example_inlet_event_extra.py
[2024-11-25T06:41:43.406+0000] {logging_mixin.py:190} INFO - [2024-11-25T06:41:43.405+0000] {dag.py:3239} INFO - Sync 2 DAGs
[2024-11-25T06:41:43.447+0000] {logging_mixin.py:190} INFO - [2024-11-25T06:41:43.447+0000] {dag.py:4180} INFO - Setting next_dagrun for read_dataset_event to 2024-11-24 00:00:00+00:00, run_after=2024-11-25 00:00:00+00:00
[2024-11-25T06:41:43.455+0000] {logging_mixin.py:190} INFO - [2024-11-25T06:41:43.454+0000] {dag.py:4180} INFO - Setting next_dagrun for read_dataset_event_from_classic to 2024-11-24 00:00:00+00:00, run_after=2024-11-25 00:00:00+00:00
[2024-11-25T06:41:43.483+0000] {processor.py:208} INFO - Processing /home/airflow/.local/lib/python3.12/site-packages/airflow/example_dags/example_inlet_event_extra.py took 1.361 seconds
[2024-11-25T06:42:14.200+0000] {processor.py:186} INFO - Started process (PID=15948) to work on /home/airflow/.local/lib/python3.12/site-packages/airflow/example_dags/example_inlet_event_extra.py
[2024-11-25T06:42:14.202+0000] {processor.py:914} INFO - Processing file /home/airflow/.local/lib/python3.12/site-packages/airflow/example_dags/example_inlet_event_extra.py for tasks to queue
[2024-11-25T06:42:14.204+0000] {logging_mixin.py:190} INFO - [2024-11-25T06:42:14.203+0000] {dagbag.py:588} INFO - Filling up the DagBag from /home/airflow/.local/lib/python3.12/site-packages/airflow/example_dags/example_inlet_event_extra.py
[2024-11-25T06:42:14.622+0000] {processor.py:925} INFO - DAG(s) 'read_dataset_event_from_classic', 'read_dataset_event' retrieved from /home/airflow/.local/lib/python3.12/site-packages/airflow/example_dags/example_inlet_event_extra.py
[2024-11-25T06:42:14.649+0000] {logging_mixin.py:190} INFO - [2024-11-25T06:42:14.649+0000] {dag.py:3239} INFO - Sync 2 DAGs
[2024-11-25T06:42:14.675+0000] {logging_mixin.py:190} INFO - [2024-11-25T06:42:14.675+0000] {dag.py:4180} INFO - Setting next_dagrun for read_dataset_event to 2024-11-24 00:00:00+00:00, run_after=2024-11-25 00:00:00+00:00
[2024-11-25T06:42:14.680+0000] {logging_mixin.py:190} INFO - [2024-11-25T06:42:14.680+0000] {dag.py:4180} INFO - Setting next_dagrun for read_dataset_event_from_classic to 2024-11-24 00:00:00+00:00, run_after=2024-11-25 00:00:00+00:00
[2024-11-25T06:42:14.696+0000] {processor.py:208} INFO - Processing /home/airflow/.local/lib/python3.12/site-packages/airflow/example_dags/example_inlet_event_extra.py took 0.501 seconds
[2024-11-25T06:42:45.682+0000] {processor.py:186} INFO - Started process (PID=16249) to work on /home/airflow/.local/lib/python3.12/site-packages/airflow/example_dags/example_inlet_event_extra.py
[2024-11-25T06:42:45.683+0000] {processor.py:914} INFO - Processing file /home/airflow/.local/lib/python3.12/site-packages/airflow/example_dags/example_inlet_event_extra.py for tasks to queue
[2024-11-25T06:42:45.685+0000] {logging_mixin.py:190} INFO - [2024-11-25T06:42:45.685+0000] {dagbag.py:588} INFO - Filling up the DagBag from /home/airflow/.local/lib/python3.12/site-packages/airflow/example_dags/example_inlet_event_extra.py
[2024-11-25T06:42:46.092+0000] {processor.py:925} INFO - DAG(s) 'read_dataset_event_from_classic', 'read_dataset_event' retrieved from /home/airflow/.local/lib/python3.12/site-packages/airflow/example_dags/example_inlet_event_extra.py
[2024-11-25T06:42:46.125+0000] {logging_mixin.py:190} INFO - [2024-11-25T06:42:46.124+0000] {dag.py:3239} INFO - Sync 2 DAGs
[2024-11-25T06:42:46.154+0000] {logging_mixin.py:190} INFO - [2024-11-25T06:42:46.154+0000] {dag.py:4180} INFO - Setting next_dagrun for read_dataset_event to 2024-11-24 00:00:00+00:00, run_after=2024-11-25 00:00:00+00:00
[2024-11-25T06:42:46.159+0000] {logging_mixin.py:190} INFO - [2024-11-25T06:42:46.159+0000] {dag.py:4180} INFO - Setting next_dagrun for read_dataset_event_from_classic to 2024-11-24 00:00:00+00:00, run_after=2024-11-25 00:00:00+00:00
[2024-11-25T06:42:46.177+0000] {processor.py:208} INFO - Processing /home/airflow/.local/lib/python3.12/site-packages/airflow/example_dags/example_inlet_event_extra.py took 0.502 seconds
[2024-11-25T06:43:16.869+0000] {processor.py:186} INFO - Started process (PID=16550) to work on /home/airflow/.local/lib/python3.12/site-packages/airflow/example_dags/example_inlet_event_extra.py
[2024-11-25T06:43:16.870+0000] {processor.py:914} INFO - Processing file /home/airflow/.local/lib/python3.12/site-packages/airflow/example_dags/example_inlet_event_extra.py for tasks to queue
[2024-11-25T06:43:16.874+0000] {logging_mixin.py:190} INFO - [2024-11-25T06:43:16.873+0000] {dagbag.py:588} INFO - Filling up the DagBag from /home/airflow/.local/lib/python3.12/site-packages/airflow/example_dags/example_inlet_event_extra.py
[2024-11-25T06:43:17.296+0000] {processor.py:925} INFO - DAG(s) 'read_dataset_event_from_classic', 'read_dataset_event' retrieved from /home/airflow/.local/lib/python3.12/site-packages/airflow/example_dags/example_inlet_event_extra.py
[2024-11-25T06:43:17.342+0000] {logging_mixin.py:190} INFO - [2024-11-25T06:43:17.341+0000] {dag.py:3239} INFO - Sync 2 DAGs
[2024-11-25T06:43:17.381+0000] {logging_mixin.py:190} INFO - [2024-11-25T06:43:17.381+0000] {dag.py:4180} INFO - Setting next_dagrun for read_dataset_event to 2024-11-24 00:00:00+00:00, run_after=2024-11-25 00:00:00+00:00
[2024-11-25T06:43:17.387+0000] {logging_mixin.py:190} INFO - [2024-11-25T06:43:17.387+0000] {dag.py:4180} INFO - Setting next_dagrun for read_dataset_event_from_classic to 2024-11-24 00:00:00+00:00, run_after=2024-11-25 00:00:00+00:00
[2024-11-25T06:43:17.405+0000] {processor.py:208} INFO - Processing /home/airflow/.local/lib/python3.12/site-packages/airflow/example_dags/example_inlet_event_extra.py took 0.543 seconds
