[2024-11-25T06:15:29.595+0000] {processor.py:186} INFO - Started process (PID=405) to work on /home/airflow/.local/lib/python3.12/site-packages/airflow/example_dags/tutorial.py
[2024-11-25T06:15:29.597+0000] {processor.py:914} INFO - Processing file /home/airflow/.local/lib/python3.12/site-packages/airflow/example_dags/tutorial.py for tasks to queue
[2024-11-25T06:15:29.601+0000] {logging_mixin.py:190} INFO - [2024-11-25T06:15:29.601+0000] {dagbag.py:588} INFO - Filling up the DagBag from /home/airflow/.local/lib/python3.12/site-packages/airflow/example_dags/tutorial.py
[2024-11-25T06:15:29.617+0000] {processor.py:925} INFO - DAG(s) 'tutorial' retrieved from /home/airflow/.local/lib/python3.12/site-packages/airflow/example_dags/tutorial.py
[2024-11-25T06:15:29.647+0000] {logging_mixin.py:190} INFO - [2024-11-25T06:15:29.647+0000] {dag.py:3239} INFO - Sync 1 DAGs
[2024-11-25T06:15:29.675+0000] {logging_mixin.py:190} INFO - [2024-11-25T06:15:29.675+0000] {dag.py:4180} INFO - Setting next_dagrun for tutorial to 2024-11-24 00:00:00+00:00, run_after=2024-11-25 00:00:00+00:00
[2024-11-25T06:15:29.711+0000] {processor.py:208} INFO - Processing /home/airflow/.local/lib/python3.12/site-packages/airflow/example_dags/tutorial.py took 0.121 seconds
[2024-11-25T06:16:00.239+0000] {processor.py:186} INFO - Started process (PID=701) to work on /home/airflow/.local/lib/python3.12/site-packages/airflow/example_dags/tutorial.py
[2024-11-25T06:16:00.241+0000] {processor.py:914} INFO - Processing file /home/airflow/.local/lib/python3.12/site-packages/airflow/example_dags/tutorial.py for tasks to queue
[2024-11-25T06:16:00.245+0000] {logging_mixin.py:190} INFO - [2024-11-25T06:16:00.245+0000] {dagbag.py:588} INFO - Filling up the DagBag from /home/airflow/.local/lib/python3.12/site-packages/airflow/example_dags/tutorial.py
[2024-11-25T06:16:00.259+0000] {processor.py:925} INFO - DAG(s) 'tutorial' retrieved from /home/airflow/.local/lib/python3.12/site-packages/airflow/example_dags/tutorial.py
[2024-11-25T06:16:00.288+0000] {logging_mixin.py:190} INFO - [2024-11-25T06:16:00.287+0000] {dag.py:3239} INFO - Sync 1 DAGs
[2024-11-25T06:16:00.314+0000] {logging_mixin.py:190} INFO - [2024-11-25T06:16:00.314+0000] {dag.py:4180} INFO - Setting next_dagrun for tutorial to 2024-11-24 00:00:00+00:00, run_after=2024-11-25 00:00:00+00:00
[2024-11-25T06:16:00.335+0000] {processor.py:208} INFO - Processing /home/airflow/.local/lib/python3.12/site-packages/airflow/example_dags/tutorial.py took 0.105 seconds
[2024-11-25T06:16:32.022+0000] {processor.py:186} INFO - Started process (PID=1008) to work on /home/airflow/.local/lib/python3.12/site-packages/airflow/example_dags/tutorial.py
[2024-11-25T06:16:32.026+0000] {processor.py:914} INFO - Processing file /home/airflow/.local/lib/python3.12/site-packages/airflow/example_dags/tutorial.py for tasks to queue
[2024-11-25T06:16:32.031+0000] {logging_mixin.py:190} INFO - [2024-11-25T06:16:32.030+0000] {dagbag.py:588} INFO - Filling up the DagBag from /home/airflow/.local/lib/python3.12/site-packages/airflow/example_dags/tutorial.py
[2024-11-25T06:16:32.045+0000] {processor.py:925} INFO - DAG(s) 'tutorial' retrieved from /home/airflow/.local/lib/python3.12/site-packages/airflow/example_dags/tutorial.py
[2024-11-25T06:16:32.083+0000] {logging_mixin.py:190} INFO - [2024-11-25T06:16:32.083+0000] {dag.py:3239} INFO - Sync 1 DAGs
[2024-11-25T06:16:32.117+0000] {logging_mixin.py:190} INFO - [2024-11-25T06:16:32.117+0000] {dag.py:4180} INFO - Setting next_dagrun for tutorial to 2024-11-24 00:00:00+00:00, run_after=2024-11-25 00:00:00+00:00
[2024-11-25T06:16:32.143+0000] {processor.py:208} INFO - Processing /home/airflow/.local/lib/python3.12/site-packages/airflow/example_dags/tutorial.py took 0.129 seconds
[2024-11-25T06:17:02.828+0000] {processor.py:186} INFO - Started process (PID=1309) to work on /home/airflow/.local/lib/python3.12/site-packages/airflow/example_dags/tutorial.py
[2024-11-25T06:17:02.830+0000] {processor.py:914} INFO - Processing file /home/airflow/.local/lib/python3.12/site-packages/airflow/example_dags/tutorial.py for tasks to queue
[2024-11-25T06:17:02.833+0000] {logging_mixin.py:190} INFO - [2024-11-25T06:17:02.832+0000] {dagbag.py:588} INFO - Filling up the DagBag from /home/airflow/.local/lib/python3.12/site-packages/airflow/example_dags/tutorial.py
[2024-11-25T06:17:02.843+0000] {processor.py:925} INFO - DAG(s) 'tutorial' retrieved from /home/airflow/.local/lib/python3.12/site-packages/airflow/example_dags/tutorial.py
[2024-11-25T06:17:02.868+0000] {logging_mixin.py:190} INFO - [2024-11-25T06:17:02.868+0000] {dag.py:3239} INFO - Sync 1 DAGs
[2024-11-25T06:17:02.893+0000] {logging_mixin.py:190} INFO - [2024-11-25T06:17:02.893+0000] {dag.py:4180} INFO - Setting next_dagrun for tutorial to 2024-11-24 00:00:00+00:00, run_after=2024-11-25 00:00:00+00:00
[2024-11-25T06:17:02.915+0000] {processor.py:208} INFO - Processing /home/airflow/.local/lib/python3.12/site-packages/airflow/example_dags/tutorial.py took 0.093 seconds
[2024-11-25T06:17:35.474+0000] {processor.py:186} INFO - Started process (PID=1617) to work on /home/airflow/.local/lib/python3.12/site-packages/airflow/example_dags/tutorial.py
[2024-11-25T06:17:35.475+0000] {processor.py:914} INFO - Processing file /home/airflow/.local/lib/python3.12/site-packages/airflow/example_dags/tutorial.py for tasks to queue
[2024-11-25T06:17:35.479+0000] {logging_mixin.py:190} INFO - [2024-11-25T06:17:35.478+0000] {dagbag.py:588} INFO - Filling up the DagBag from /home/airflow/.local/lib/python3.12/site-packages/airflow/example_dags/tutorial.py
[2024-11-25T06:17:35.490+0000] {processor.py:925} INFO - DAG(s) 'tutorial' retrieved from /home/airflow/.local/lib/python3.12/site-packages/airflow/example_dags/tutorial.py
[2024-11-25T06:17:35.526+0000] {logging_mixin.py:190} INFO - [2024-11-25T06:17:35.526+0000] {dag.py:3239} INFO - Sync 1 DAGs
[2024-11-25T06:17:35.559+0000] {logging_mixin.py:190} INFO - [2024-11-25T06:17:35.559+0000] {dag.py:4180} INFO - Setting next_dagrun for tutorial to 2024-11-24 00:00:00+00:00, run_after=2024-11-25 00:00:00+00:00
[2024-11-25T06:17:35.582+0000] {processor.py:208} INFO - Processing /home/airflow/.local/lib/python3.12/site-packages/airflow/example_dags/tutorial.py took 0.114 seconds
[2024-11-25T06:18:06.488+0000] {processor.py:186} INFO - Started process (PID=1923) to work on /home/airflow/.local/lib/python3.12/site-packages/airflow/example_dags/tutorial.py
[2024-11-25T06:18:06.489+0000] {processor.py:914} INFO - Processing file /home/airflow/.local/lib/python3.12/site-packages/airflow/example_dags/tutorial.py for tasks to queue
[2024-11-25T06:18:06.493+0000] {logging_mixin.py:190} INFO - [2024-11-25T06:18:06.492+0000] {dagbag.py:588} INFO - Filling up the DagBag from /home/airflow/.local/lib/python3.12/site-packages/airflow/example_dags/tutorial.py
[2024-11-25T06:18:06.509+0000] {processor.py:925} INFO - DAG(s) 'tutorial' retrieved from /home/airflow/.local/lib/python3.12/site-packages/airflow/example_dags/tutorial.py
[2024-11-25T06:18:06.538+0000] {logging_mixin.py:190} INFO - [2024-11-25T06:18:06.538+0000] {dag.py:3239} INFO - Sync 1 DAGs
[2024-11-25T06:18:06.565+0000] {logging_mixin.py:190} INFO - [2024-11-25T06:18:06.564+0000] {dag.py:4180} INFO - Setting next_dagrun for tutorial to 2024-11-24 00:00:00+00:00, run_after=2024-11-25 00:00:00+00:00
[2024-11-25T06:18:06.591+0000] {processor.py:208} INFO - Processing /home/airflow/.local/lib/python3.12/site-packages/airflow/example_dags/tutorial.py took 0.111 seconds
[2024-11-25T06:18:40.591+0000] {processor.py:186} INFO - Started process (PID=2224) to work on /home/airflow/.local/lib/python3.12/site-packages/airflow/example_dags/tutorial.py
[2024-11-25T06:18:40.593+0000] {processor.py:914} INFO - Processing file /home/airflow/.local/lib/python3.12/site-packages/airflow/example_dags/tutorial.py for tasks to queue
[2024-11-25T06:18:40.600+0000] {logging_mixin.py:190} INFO - [2024-11-25T06:18:40.599+0000] {dagbag.py:588} INFO - Filling up the DagBag from /home/airflow/.local/lib/python3.12/site-packages/airflow/example_dags/tutorial.py
[2024-11-25T06:18:40.616+0000] {processor.py:925} INFO - DAG(s) 'tutorial' retrieved from /home/airflow/.local/lib/python3.12/site-packages/airflow/example_dags/tutorial.py
[2024-11-25T06:18:40.651+0000] {logging_mixin.py:190} INFO - [2024-11-25T06:18:40.650+0000] {dag.py:3239} INFO - Sync 1 DAGs
[2024-11-25T06:18:40.681+0000] {logging_mixin.py:190} INFO - [2024-11-25T06:18:40.681+0000] {dag.py:4180} INFO - Setting next_dagrun for tutorial to 2024-11-24 00:00:00+00:00, run_after=2024-11-25 00:00:00+00:00
[2024-11-25T06:18:40.711+0000] {processor.py:208} INFO - Processing /home/airflow/.local/lib/python3.12/site-packages/airflow/example_dags/tutorial.py took 0.132 seconds
[2024-11-25T06:19:11.271+0000] {processor.py:186} INFO - Started process (PID=2525) to work on /home/airflow/.local/lib/python3.12/site-packages/airflow/example_dags/tutorial.py
[2024-11-25T06:19:11.272+0000] {processor.py:914} INFO - Processing file /home/airflow/.local/lib/python3.12/site-packages/airflow/example_dags/tutorial.py for tasks to queue
[2024-11-25T06:19:11.275+0000] {logging_mixin.py:190} INFO - [2024-11-25T06:19:11.274+0000] {dagbag.py:588} INFO - Filling up the DagBag from /home/airflow/.local/lib/python3.12/site-packages/airflow/example_dags/tutorial.py
[2024-11-25T06:19:11.284+0000] {processor.py:925} INFO - DAG(s) 'tutorial' retrieved from /home/airflow/.local/lib/python3.12/site-packages/airflow/example_dags/tutorial.py
[2024-11-25T06:19:11.310+0000] {logging_mixin.py:190} INFO - [2024-11-25T06:19:11.310+0000] {dag.py:3239} INFO - Sync 1 DAGs
[2024-11-25T06:19:11.335+0000] {logging_mixin.py:190} INFO - [2024-11-25T06:19:11.335+0000] {dag.py:4180} INFO - Setting next_dagrun for tutorial to 2024-11-24 00:00:00+00:00, run_after=2024-11-25 00:00:00+00:00
[2024-11-25T06:19:11.360+0000] {processor.py:208} INFO - Processing /home/airflow/.local/lib/python3.12/site-packages/airflow/example_dags/tutorial.py took 0.096 seconds
[2024-11-25T06:19:42.132+0000] {processor.py:186} INFO - Started process (PID=2826) to work on /home/airflow/.local/lib/python3.12/site-packages/airflow/example_dags/tutorial.py
[2024-11-25T06:19:42.134+0000] {processor.py:914} INFO - Processing file /home/airflow/.local/lib/python3.12/site-packages/airflow/example_dags/tutorial.py for tasks to queue
[2024-11-25T06:19:42.137+0000] {logging_mixin.py:190} INFO - [2024-11-25T06:19:42.136+0000] {dagbag.py:588} INFO - Filling up the DagBag from /home/airflow/.local/lib/python3.12/site-packages/airflow/example_dags/tutorial.py
[2024-11-25T06:19:42.148+0000] {processor.py:925} INFO - DAG(s) 'tutorial' retrieved from /home/airflow/.local/lib/python3.12/site-packages/airflow/example_dags/tutorial.py
[2024-11-25T06:19:42.172+0000] {logging_mixin.py:190} INFO - [2024-11-25T06:19:42.172+0000] {dag.py:3239} INFO - Sync 1 DAGs
[2024-11-25T06:19:42.197+0000] {logging_mixin.py:190} INFO - [2024-11-25T06:19:42.196+0000] {dag.py:4180} INFO - Setting next_dagrun for tutorial to 2024-11-24 00:00:00+00:00, run_after=2024-11-25 00:00:00+00:00
[2024-11-25T06:19:42.219+0000] {processor.py:208} INFO - Processing /home/airflow/.local/lib/python3.12/site-packages/airflow/example_dags/tutorial.py took 0.092 seconds
[2024-11-25T06:20:13.934+0000] {processor.py:186} INFO - Started process (PID=3127) to work on /home/airflow/.local/lib/python3.12/site-packages/airflow/example_dags/tutorial.py
[2024-11-25T06:20:13.935+0000] {processor.py:914} INFO - Processing file /home/airflow/.local/lib/python3.12/site-packages/airflow/example_dags/tutorial.py for tasks to queue
[2024-11-25T06:20:13.939+0000] {logging_mixin.py:190} INFO - [2024-11-25T06:20:13.939+0000] {dagbag.py:588} INFO - Filling up the DagBag from /home/airflow/.local/lib/python3.12/site-packages/airflow/example_dags/tutorial.py
[2024-11-25T06:20:13.954+0000] {processor.py:925} INFO - DAG(s) 'tutorial' retrieved from /home/airflow/.local/lib/python3.12/site-packages/airflow/example_dags/tutorial.py
[2024-11-25T06:20:13.982+0000] {logging_mixin.py:190} INFO - [2024-11-25T06:20:13.982+0000] {dag.py:3239} INFO - Sync 1 DAGs
[2024-11-25T06:20:14.012+0000] {logging_mixin.py:190} INFO - [2024-11-25T06:20:14.012+0000] {dag.py:4180} INFO - Setting next_dagrun for tutorial to 2024-11-24 00:00:00+00:00, run_after=2024-11-25 00:00:00+00:00
[2024-11-25T06:20:14.037+0000] {processor.py:208} INFO - Processing /home/airflow/.local/lib/python3.12/site-packages/airflow/example_dags/tutorial.py took 0.113 seconds
[2024-11-25T06:20:45.481+0000] {processor.py:186} INFO - Started process (PID=3428) to work on /home/airflow/.local/lib/python3.12/site-packages/airflow/example_dags/tutorial.py
[2024-11-25T06:20:45.482+0000] {processor.py:914} INFO - Processing file /home/airflow/.local/lib/python3.12/site-packages/airflow/example_dags/tutorial.py for tasks to queue
[2024-11-25T06:20:45.486+0000] {logging_mixin.py:190} INFO - [2024-11-25T06:20:45.486+0000] {dagbag.py:588} INFO - Filling up the DagBag from /home/airflow/.local/lib/python3.12/site-packages/airflow/example_dags/tutorial.py
[2024-11-25T06:20:45.496+0000] {processor.py:925} INFO - DAG(s) 'tutorial' retrieved from /home/airflow/.local/lib/python3.12/site-packages/airflow/example_dags/tutorial.py
[2024-11-25T06:20:45.528+0000] {logging_mixin.py:190} INFO - [2024-11-25T06:20:45.527+0000] {dag.py:3239} INFO - Sync 1 DAGs
[2024-11-25T06:20:45.551+0000] {logging_mixin.py:190} INFO - [2024-11-25T06:20:45.551+0000] {dag.py:4180} INFO - Setting next_dagrun for tutorial to 2024-11-24 00:00:00+00:00, run_after=2024-11-25 00:00:00+00:00
[2024-11-25T06:20:45.571+0000] {processor.py:208} INFO - Processing /home/airflow/.local/lib/python3.12/site-packages/airflow/example_dags/tutorial.py took 0.096 seconds
[2024-11-25T06:21:17.030+0000] {processor.py:186} INFO - Started process (PID=3729) to work on /home/airflow/.local/lib/python3.12/site-packages/airflow/example_dags/tutorial.py
[2024-11-25T06:21:17.031+0000] {processor.py:914} INFO - Processing file /home/airflow/.local/lib/python3.12/site-packages/airflow/example_dags/tutorial.py for tasks to queue
[2024-11-25T06:21:17.034+0000] {logging_mixin.py:190} INFO - [2024-11-25T06:21:17.033+0000] {dagbag.py:588} INFO - Filling up the DagBag from /home/airflow/.local/lib/python3.12/site-packages/airflow/example_dags/tutorial.py
[2024-11-25T06:21:17.044+0000] {processor.py:925} INFO - DAG(s) 'tutorial' retrieved from /home/airflow/.local/lib/python3.12/site-packages/airflow/example_dags/tutorial.py
[2024-11-25T06:21:17.074+0000] {logging_mixin.py:190} INFO - [2024-11-25T06:21:17.074+0000] {dag.py:3239} INFO - Sync 1 DAGs
[2024-11-25T06:21:17.100+0000] {logging_mixin.py:190} INFO - [2024-11-25T06:21:17.100+0000] {dag.py:4180} INFO - Setting next_dagrun for tutorial to 2024-11-24 00:00:00+00:00, run_after=2024-11-25 00:00:00+00:00
[2024-11-25T06:21:17.124+0000] {processor.py:208} INFO - Processing /home/airflow/.local/lib/python3.12/site-packages/airflow/example_dags/tutorial.py took 0.100 seconds
[2024-11-25T06:21:48.183+0000] {processor.py:186} INFO - Started process (PID=4030) to work on /home/airflow/.local/lib/python3.12/site-packages/airflow/example_dags/tutorial.py
[2024-11-25T06:21:48.184+0000] {processor.py:914} INFO - Processing file /home/airflow/.local/lib/python3.12/site-packages/airflow/example_dags/tutorial.py for tasks to queue
[2024-11-25T06:21:48.187+0000] {logging_mixin.py:190} INFO - [2024-11-25T06:21:48.187+0000] {dagbag.py:588} INFO - Filling up the DagBag from /home/airflow/.local/lib/python3.12/site-packages/airflow/example_dags/tutorial.py
[2024-11-25T06:21:48.199+0000] {processor.py:925} INFO - DAG(s) 'tutorial' retrieved from /home/airflow/.local/lib/python3.12/site-packages/airflow/example_dags/tutorial.py
[2024-11-25T06:21:48.225+0000] {logging_mixin.py:190} INFO - [2024-11-25T06:21:48.225+0000] {dag.py:3239} INFO - Sync 1 DAGs
[2024-11-25T06:21:48.251+0000] {logging_mixin.py:190} INFO - [2024-11-25T06:21:48.251+0000] {dag.py:4180} INFO - Setting next_dagrun for tutorial to 2024-11-24 00:00:00+00:00, run_after=2024-11-25 00:00:00+00:00
[2024-11-25T06:21:48.272+0000] {processor.py:208} INFO - Processing /home/airflow/.local/lib/python3.12/site-packages/airflow/example_dags/tutorial.py took 0.096 seconds
[2024-11-25T06:22:26.134+0000] {processor.py:186} INFO - Started process (PID=4331) to work on /home/airflow/.local/lib/python3.12/site-packages/airflow/example_dags/tutorial.py
[2024-11-25T06:22:26.136+0000] {processor.py:914} INFO - Processing file /home/airflow/.local/lib/python3.12/site-packages/airflow/example_dags/tutorial.py for tasks to queue
[2024-11-25T06:22:26.139+0000] {logging_mixin.py:190} INFO - [2024-11-25T06:22:26.138+0000] {dagbag.py:588} INFO - Filling up the DagBag from /home/airflow/.local/lib/python3.12/site-packages/airflow/example_dags/tutorial.py
[2024-11-25T06:22:26.147+0000] {processor.py:925} INFO - DAG(s) 'tutorial' retrieved from /home/airflow/.local/lib/python3.12/site-packages/airflow/example_dags/tutorial.py
[2024-11-25T06:22:26.185+0000] {logging_mixin.py:190} INFO - [2024-11-25T06:22:26.185+0000] {dag.py:3239} INFO - Sync 1 DAGs
[2024-11-25T06:22:26.255+0000] {logging_mixin.py:190} INFO - [2024-11-25T06:22:26.254+0000] {dag.py:4180} INFO - Setting next_dagrun for tutorial to 2024-11-24 00:00:00+00:00, run_after=2024-11-25 00:00:00+00:00
[2024-11-25T06:22:26.311+0000] {processor.py:208} INFO - Processing /home/airflow/.local/lib/python3.12/site-packages/airflow/example_dags/tutorial.py took 0.185 seconds
[2024-11-25T06:22:57.961+0000] {processor.py:186} INFO - Started process (PID=4634) to work on /home/airflow/.local/lib/python3.12/site-packages/airflow/example_dags/tutorial.py
[2024-11-25T06:22:57.962+0000] {processor.py:914} INFO - Processing file /home/airflow/.local/lib/python3.12/site-packages/airflow/example_dags/tutorial.py for tasks to queue
[2024-11-25T06:22:57.965+0000] {logging_mixin.py:190} INFO - [2024-11-25T06:22:57.965+0000] {dagbag.py:588} INFO - Filling up the DagBag from /home/airflow/.local/lib/python3.12/site-packages/airflow/example_dags/tutorial.py
[2024-11-25T06:22:57.975+0000] {processor.py:925} INFO - DAG(s) 'tutorial' retrieved from /home/airflow/.local/lib/python3.12/site-packages/airflow/example_dags/tutorial.py
[2024-11-25T06:22:58.000+0000] {logging_mixin.py:190} INFO - [2024-11-25T06:22:58.000+0000] {dag.py:3239} INFO - Sync 1 DAGs
[2024-11-25T06:22:58.023+0000] {logging_mixin.py:190} INFO - [2024-11-25T06:22:58.023+0000] {dag.py:4180} INFO - Setting next_dagrun for tutorial to 2024-11-24 00:00:00+00:00, run_after=2024-11-25 00:00:00+00:00
[2024-11-25T06:22:58.052+0000] {processor.py:208} INFO - Processing /home/airflow/.local/lib/python3.12/site-packages/airflow/example_dags/tutorial.py took 0.097 seconds
[2024-11-25T06:23:28.213+0000] {processor.py:186} INFO - Started process (PID=4935) to work on /home/airflow/.local/lib/python3.12/site-packages/airflow/example_dags/tutorial.py
[2024-11-25T06:23:28.215+0000] {processor.py:914} INFO - Processing file /home/airflow/.local/lib/python3.12/site-packages/airflow/example_dags/tutorial.py for tasks to queue
[2024-11-25T06:23:28.218+0000] {logging_mixin.py:190} INFO - [2024-11-25T06:23:28.217+0000] {dagbag.py:588} INFO - Filling up the DagBag from /home/airflow/.local/lib/python3.12/site-packages/airflow/example_dags/tutorial.py
[2024-11-25T06:23:28.227+0000] {processor.py:925} INFO - DAG(s) 'tutorial' retrieved from /home/airflow/.local/lib/python3.12/site-packages/airflow/example_dags/tutorial.py
[2024-11-25T06:23:28.253+0000] {logging_mixin.py:190} INFO - [2024-11-25T06:23:28.253+0000] {dag.py:3239} INFO - Sync 1 DAGs
[2024-11-25T06:23:28.277+0000] {logging_mixin.py:190} INFO - [2024-11-25T06:23:28.276+0000] {dag.py:4180} INFO - Setting next_dagrun for tutorial to 2024-11-24 00:00:00+00:00, run_after=2024-11-25 00:00:00+00:00
[2024-11-25T06:23:28.298+0000] {processor.py:208} INFO - Processing /home/airflow/.local/lib/python3.12/site-packages/airflow/example_dags/tutorial.py took 0.094 seconds
[2024-11-25T06:23:59.346+0000] {processor.py:186} INFO - Started process (PID=5234) to work on /home/airflow/.local/lib/python3.12/site-packages/airflow/example_dags/tutorial.py
[2024-11-25T06:23:59.347+0000] {processor.py:914} INFO - Processing file /home/airflow/.local/lib/python3.12/site-packages/airflow/example_dags/tutorial.py for tasks to queue
[2024-11-25T06:23:59.350+0000] {logging_mixin.py:190} INFO - [2024-11-25T06:23:59.350+0000] {dagbag.py:588} INFO - Filling up the DagBag from /home/airflow/.local/lib/python3.12/site-packages/airflow/example_dags/tutorial.py
[2024-11-25T06:23:59.359+0000] {processor.py:925} INFO - DAG(s) 'tutorial' retrieved from /home/airflow/.local/lib/python3.12/site-packages/airflow/example_dags/tutorial.py
[2024-11-25T06:23:59.386+0000] {logging_mixin.py:190} INFO - [2024-11-25T06:23:59.385+0000] {dag.py:3239} INFO - Sync 1 DAGs
[2024-11-25T06:23:59.409+0000] {logging_mixin.py:190} INFO - [2024-11-25T06:23:59.408+0000] {dag.py:4180} INFO - Setting next_dagrun for tutorial to 2024-11-24 00:00:00+00:00, run_after=2024-11-25 00:00:00+00:00
[2024-11-25T06:23:59.427+0000] {processor.py:208} INFO - Processing /home/airflow/.local/lib/python3.12/site-packages/airflow/example_dags/tutorial.py took 0.087 seconds
[2024-11-25T06:24:31.223+0000] {processor.py:186} INFO - Started process (PID=5535) to work on /home/airflow/.local/lib/python3.12/site-packages/airflow/example_dags/tutorial.py
[2024-11-25T06:24:31.225+0000] {processor.py:914} INFO - Processing file /home/airflow/.local/lib/python3.12/site-packages/airflow/example_dags/tutorial.py for tasks to queue
[2024-11-25T06:24:31.227+0000] {logging_mixin.py:190} INFO - [2024-11-25T06:24:31.227+0000] {dagbag.py:588} INFO - Filling up the DagBag from /home/airflow/.local/lib/python3.12/site-packages/airflow/example_dags/tutorial.py
[2024-11-25T06:24:31.238+0000] {processor.py:925} INFO - DAG(s) 'tutorial' retrieved from /home/airflow/.local/lib/python3.12/site-packages/airflow/example_dags/tutorial.py
[2024-11-25T06:24:31.263+0000] {logging_mixin.py:190} INFO - [2024-11-25T06:24:31.263+0000] {dag.py:3239} INFO - Sync 1 DAGs
[2024-11-25T06:24:31.289+0000] {logging_mixin.py:190} INFO - [2024-11-25T06:24:31.289+0000] {dag.py:4180} INFO - Setting next_dagrun for tutorial to 2024-11-24 00:00:00+00:00, run_after=2024-11-25 00:00:00+00:00
[2024-11-25T06:24:31.315+0000] {processor.py:208} INFO - Processing /home/airflow/.local/lib/python3.12/site-packages/airflow/example_dags/tutorial.py took 0.099 seconds
[2024-11-25T06:25:04.460+0000] {processor.py:186} INFO - Started process (PID=5851) to work on /home/airflow/.local/lib/python3.12/site-packages/airflow/example_dags/tutorial.py
[2024-11-25T06:25:04.461+0000] {processor.py:914} INFO - Processing file /home/airflow/.local/lib/python3.12/site-packages/airflow/example_dags/tutorial.py for tasks to queue
[2024-11-25T06:25:04.465+0000] {logging_mixin.py:190} INFO - [2024-11-25T06:25:04.465+0000] {dagbag.py:588} INFO - Filling up the DagBag from /home/airflow/.local/lib/python3.12/site-packages/airflow/example_dags/tutorial.py
[2024-11-25T06:25:04.480+0000] {processor.py:925} INFO - DAG(s) 'tutorial' retrieved from /home/airflow/.local/lib/python3.12/site-packages/airflow/example_dags/tutorial.py
[2024-11-25T06:25:04.519+0000] {logging_mixin.py:190} INFO - [2024-11-25T06:25:04.519+0000] {dag.py:3239} INFO - Sync 1 DAGs
[2024-11-25T06:25:04.564+0000] {logging_mixin.py:190} INFO - [2024-11-25T06:25:04.563+0000] {dag.py:4180} INFO - Setting next_dagrun for tutorial to 2024-11-24 00:00:00+00:00, run_after=2024-11-25 00:00:00+00:00
[2024-11-25T06:25:04.591+0000] {processor.py:208} INFO - Processing /home/airflow/.local/lib/python3.12/site-packages/airflow/example_dags/tutorial.py took 0.140 seconds
[2024-11-25T06:25:35.731+0000] {processor.py:186} INFO - Started process (PID=6154) to work on /home/airflow/.local/lib/python3.12/site-packages/airflow/example_dags/tutorial.py
[2024-11-25T06:25:35.733+0000] {processor.py:914} INFO - Processing file /home/airflow/.local/lib/python3.12/site-packages/airflow/example_dags/tutorial.py for tasks to queue
[2024-11-25T06:25:35.736+0000] {logging_mixin.py:190} INFO - [2024-11-25T06:25:35.735+0000] {dagbag.py:588} INFO - Filling up the DagBag from /home/airflow/.local/lib/python3.12/site-packages/airflow/example_dags/tutorial.py
[2024-11-25T06:25:35.752+0000] {processor.py:925} INFO - DAG(s) 'tutorial' retrieved from /home/airflow/.local/lib/python3.12/site-packages/airflow/example_dags/tutorial.py
[2024-11-25T06:25:35.795+0000] {logging_mixin.py:190} INFO - [2024-11-25T06:25:35.794+0000] {dag.py:3239} INFO - Sync 1 DAGs
[2024-11-25T06:25:35.829+0000] {logging_mixin.py:190} INFO - [2024-11-25T06:25:35.829+0000] {dag.py:4180} INFO - Setting next_dagrun for tutorial to 2024-11-24 00:00:00+00:00, run_after=2024-11-25 00:00:00+00:00
[2024-11-25T06:25:35.850+0000] {processor.py:208} INFO - Processing /home/airflow/.local/lib/python3.12/site-packages/airflow/example_dags/tutorial.py took 0.126 seconds
[2024-11-25T06:26:07.830+0000] {processor.py:186} INFO - Started process (PID=6479) to work on /home/airflow/.local/lib/python3.12/site-packages/airflow/example_dags/tutorial.py
[2024-11-25T06:26:07.832+0000] {processor.py:914} INFO - Processing file /home/airflow/.local/lib/python3.12/site-packages/airflow/example_dags/tutorial.py for tasks to queue
[2024-11-25T06:26:07.836+0000] {logging_mixin.py:190} INFO - [2024-11-25T06:26:07.835+0000] {dagbag.py:588} INFO - Filling up the DagBag from /home/airflow/.local/lib/python3.12/site-packages/airflow/example_dags/tutorial.py
[2024-11-25T06:26:07.858+0000] {processor.py:925} INFO - DAG(s) 'tutorial' retrieved from /home/airflow/.local/lib/python3.12/site-packages/airflow/example_dags/tutorial.py
[2024-11-25T06:26:07.904+0000] {logging_mixin.py:190} INFO - [2024-11-25T06:26:07.904+0000] {dag.py:3239} INFO - Sync 1 DAGs
[2024-11-25T06:26:07.947+0000] {logging_mixin.py:190} INFO - [2024-11-25T06:26:07.947+0000] {dag.py:4180} INFO - Setting next_dagrun for tutorial to 2024-11-24 00:00:00+00:00, run_after=2024-11-25 00:00:00+00:00
[2024-11-25T06:26:07.981+0000] {processor.py:208} INFO - Processing /home/airflow/.local/lib/python3.12/site-packages/airflow/example_dags/tutorial.py took 0.163 seconds
[2024-11-25T06:26:42.278+0000] {processor.py:186} INFO - Started process (PID=6810) to work on /home/airflow/.local/lib/python3.12/site-packages/airflow/example_dags/tutorial.py
[2024-11-25T06:26:42.281+0000] {processor.py:914} INFO - Processing file /home/airflow/.local/lib/python3.12/site-packages/airflow/example_dags/tutorial.py for tasks to queue
[2024-11-25T06:26:42.286+0000] {logging_mixin.py:190} INFO - [2024-11-25T06:26:42.285+0000] {dagbag.py:588} INFO - Filling up the DagBag from /home/airflow/.local/lib/python3.12/site-packages/airflow/example_dags/tutorial.py
[2024-11-25T06:26:42.306+0000] {processor.py:925} INFO - DAG(s) 'tutorial' retrieved from /home/airflow/.local/lib/python3.12/site-packages/airflow/example_dags/tutorial.py
[2024-11-25T06:26:42.369+0000] {logging_mixin.py:190} INFO - [2024-11-25T06:26:42.368+0000] {dag.py:3239} INFO - Sync 1 DAGs
[2024-11-25T06:26:42.499+0000] {logging_mixin.py:190} INFO - [2024-11-25T06:26:42.498+0000] {dag.py:4180} INFO - Setting next_dagrun for tutorial to 2024-11-24 00:00:00+00:00, run_after=2024-11-25 00:00:00+00:00
[2024-11-25T06:26:42.639+0000] {processor.py:208} INFO - Processing /home/airflow/.local/lib/python3.12/site-packages/airflow/example_dags/tutorial.py took 0.369 seconds
[2024-11-25T06:27:12.807+0000] {processor.py:186} INFO - Started process (PID=7109) to work on /home/airflow/.local/lib/python3.12/site-packages/airflow/example_dags/tutorial.py
[2024-11-25T06:27:12.811+0000] {processor.py:914} INFO - Processing file /home/airflow/.local/lib/python3.12/site-packages/airflow/example_dags/tutorial.py for tasks to queue
[2024-11-25T06:27:12.817+0000] {logging_mixin.py:190} INFO - [2024-11-25T06:27:12.816+0000] {dagbag.py:588} INFO - Filling up the DagBag from /home/airflow/.local/lib/python3.12/site-packages/airflow/example_dags/tutorial.py
[2024-11-25T06:27:12.835+0000] {processor.py:925} INFO - DAG(s) 'tutorial' retrieved from /home/airflow/.local/lib/python3.12/site-packages/airflow/example_dags/tutorial.py
[2024-11-25T06:27:12.871+0000] {logging_mixin.py:190} INFO - [2024-11-25T06:27:12.871+0000] {dag.py:3239} INFO - Sync 1 DAGs
[2024-11-25T06:27:12.899+0000] {logging_mixin.py:190} INFO - [2024-11-25T06:27:12.899+0000] {dag.py:4180} INFO - Setting next_dagrun for tutorial to 2024-11-24 00:00:00+00:00, run_after=2024-11-25 00:00:00+00:00
[2024-11-25T06:27:12.933+0000] {processor.py:208} INFO - Processing /home/airflow/.local/lib/python3.12/site-packages/airflow/example_dags/tutorial.py took 0.133 seconds
[2024-11-25T06:27:43.914+0000] {processor.py:186} INFO - Started process (PID=7410) to work on /home/airflow/.local/lib/python3.12/site-packages/airflow/example_dags/tutorial.py
[2024-11-25T06:27:43.915+0000] {processor.py:914} INFO - Processing file /home/airflow/.local/lib/python3.12/site-packages/airflow/example_dags/tutorial.py for tasks to queue
[2024-11-25T06:27:43.917+0000] {logging_mixin.py:190} INFO - [2024-11-25T06:27:43.917+0000] {dagbag.py:588} INFO - Filling up the DagBag from /home/airflow/.local/lib/python3.12/site-packages/airflow/example_dags/tutorial.py
[2024-11-25T06:27:43.925+0000] {processor.py:925} INFO - DAG(s) 'tutorial' retrieved from /home/airflow/.local/lib/python3.12/site-packages/airflow/example_dags/tutorial.py
[2024-11-25T06:27:43.950+0000] {logging_mixin.py:190} INFO - [2024-11-25T06:27:43.949+0000] {dag.py:3239} INFO - Sync 1 DAGs
[2024-11-25T06:27:43.975+0000] {logging_mixin.py:190} INFO - [2024-11-25T06:27:43.975+0000] {dag.py:4180} INFO - Setting next_dagrun for tutorial to 2024-11-24 00:00:00+00:00, run_after=2024-11-25 00:00:00+00:00
[2024-11-25T06:27:43.995+0000] {processor.py:208} INFO - Processing /home/airflow/.local/lib/python3.12/site-packages/airflow/example_dags/tutorial.py took 0.087 seconds
[2024-11-25T06:28:14.895+0000] {processor.py:186} INFO - Started process (PID=7713) to work on /home/airflow/.local/lib/python3.12/site-packages/airflow/example_dags/tutorial.py
[2024-11-25T06:28:14.897+0000] {processor.py:914} INFO - Processing file /home/airflow/.local/lib/python3.12/site-packages/airflow/example_dags/tutorial.py for tasks to queue
[2024-11-25T06:28:14.899+0000] {logging_mixin.py:190} INFO - [2024-11-25T06:28:14.899+0000] {dagbag.py:588} INFO - Filling up the DagBag from /home/airflow/.local/lib/python3.12/site-packages/airflow/example_dags/tutorial.py
[2024-11-25T06:28:14.911+0000] {processor.py:925} INFO - DAG(s) 'tutorial' retrieved from /home/airflow/.local/lib/python3.12/site-packages/airflow/example_dags/tutorial.py
[2024-11-25T06:28:14.946+0000] {logging_mixin.py:190} INFO - [2024-11-25T06:28:14.945+0000] {dag.py:3239} INFO - Sync 1 DAGs
[2024-11-25T06:28:14.973+0000] {logging_mixin.py:190} INFO - [2024-11-25T06:28:14.973+0000] {dag.py:4180} INFO - Setting next_dagrun for tutorial to 2024-11-24 00:00:00+00:00, run_after=2024-11-25 00:00:00+00:00
[2024-11-25T06:28:14.995+0000] {processor.py:208} INFO - Processing /home/airflow/.local/lib/python3.12/site-packages/airflow/example_dags/tutorial.py took 0.108 seconds
[2024-11-25T06:28:45.887+0000] {processor.py:186} INFO - Started process (PID=8012) to work on /home/airflow/.local/lib/python3.12/site-packages/airflow/example_dags/tutorial.py
[2024-11-25T06:28:45.888+0000] {processor.py:914} INFO - Processing file /home/airflow/.local/lib/python3.12/site-packages/airflow/example_dags/tutorial.py for tasks to queue
[2024-11-25T06:28:45.891+0000] {logging_mixin.py:190} INFO - [2024-11-25T06:28:45.891+0000] {dagbag.py:588} INFO - Filling up the DagBag from /home/airflow/.local/lib/python3.12/site-packages/airflow/example_dags/tutorial.py
[2024-11-25T06:28:45.901+0000] {processor.py:925} INFO - DAG(s) 'tutorial' retrieved from /home/airflow/.local/lib/python3.12/site-packages/airflow/example_dags/tutorial.py
[2024-11-25T06:28:45.934+0000] {logging_mixin.py:190} INFO - [2024-11-25T06:28:45.934+0000] {dag.py:3239} INFO - Sync 1 DAGs
[2024-11-25T06:28:45.959+0000] {logging_mixin.py:190} INFO - [2024-11-25T06:28:45.959+0000] {dag.py:4180} INFO - Setting next_dagrun for tutorial to 2024-11-24 00:00:00+00:00, run_after=2024-11-25 00:00:00+00:00
[2024-11-25T06:28:45.985+0000] {processor.py:208} INFO - Processing /home/airflow/.local/lib/python3.12/site-packages/airflow/example_dags/tutorial.py took 0.105 seconds
[2024-11-25T06:29:16.119+0000] {processor.py:186} INFO - Started process (PID=8310) to work on /home/airflow/.local/lib/python3.12/site-packages/airflow/example_dags/tutorial.py
[2024-11-25T06:29:16.120+0000] {processor.py:914} INFO - Processing file /home/airflow/.local/lib/python3.12/site-packages/airflow/example_dags/tutorial.py for tasks to queue
[2024-11-25T06:29:16.123+0000] {logging_mixin.py:190} INFO - [2024-11-25T06:29:16.122+0000] {dagbag.py:588} INFO - Filling up the DagBag from /home/airflow/.local/lib/python3.12/site-packages/airflow/example_dags/tutorial.py
[2024-11-25T06:29:16.130+0000] {processor.py:925} INFO - DAG(s) 'tutorial' retrieved from /home/airflow/.local/lib/python3.12/site-packages/airflow/example_dags/tutorial.py
[2024-11-25T06:29:16.155+0000] {logging_mixin.py:190} INFO - [2024-11-25T06:29:16.155+0000] {dag.py:3239} INFO - Sync 1 DAGs
[2024-11-25T06:29:16.177+0000] {logging_mixin.py:190} INFO - [2024-11-25T06:29:16.177+0000] {dag.py:4180} INFO - Setting next_dagrun for tutorial to 2024-11-24 00:00:00+00:00, run_after=2024-11-25 00:00:00+00:00
[2024-11-25T06:29:16.204+0000] {processor.py:208} INFO - Processing /home/airflow/.local/lib/python3.12/site-packages/airflow/example_dags/tutorial.py took 0.090 seconds
[2024-11-25T06:29:46.418+0000] {processor.py:186} INFO - Started process (PID=8609) to work on /home/airflow/.local/lib/python3.12/site-packages/airflow/example_dags/tutorial.py
[2024-11-25T06:29:46.419+0000] {processor.py:914} INFO - Processing file /home/airflow/.local/lib/python3.12/site-packages/airflow/example_dags/tutorial.py for tasks to queue
[2024-11-25T06:29:46.422+0000] {logging_mixin.py:190} INFO - [2024-11-25T06:29:46.422+0000] {dagbag.py:588} INFO - Filling up the DagBag from /home/airflow/.local/lib/python3.12/site-packages/airflow/example_dags/tutorial.py
[2024-11-25T06:29:46.432+0000] {processor.py:925} INFO - DAG(s) 'tutorial' retrieved from /home/airflow/.local/lib/python3.12/site-packages/airflow/example_dags/tutorial.py
[2024-11-25T06:29:46.458+0000] {logging_mixin.py:190} INFO - [2024-11-25T06:29:46.457+0000] {dag.py:3239} INFO - Sync 1 DAGs
[2024-11-25T06:29:46.483+0000] {logging_mixin.py:190} INFO - [2024-11-25T06:29:46.483+0000] {dag.py:4180} INFO - Setting next_dagrun for tutorial to 2024-11-24 00:00:00+00:00, run_after=2024-11-25 00:00:00+00:00
[2024-11-25T06:29:46.511+0000] {processor.py:208} INFO - Processing /home/airflow/.local/lib/python3.12/site-packages/airflow/example_dags/tutorial.py took 0.099 seconds
[2024-11-25T06:30:18.463+0000] {processor.py:186} INFO - Started process (PID=8910) to work on /home/airflow/.local/lib/python3.12/site-packages/airflow/example_dags/tutorial.py
[2024-11-25T06:30:18.465+0000] {processor.py:914} INFO - Processing file /home/airflow/.local/lib/python3.12/site-packages/airflow/example_dags/tutorial.py for tasks to queue
[2024-11-25T06:30:18.470+0000] {logging_mixin.py:190} INFO - [2024-11-25T06:30:18.470+0000] {dagbag.py:588} INFO - Filling up the DagBag from /home/airflow/.local/lib/python3.12/site-packages/airflow/example_dags/tutorial.py
[2024-11-25T06:30:18.487+0000] {processor.py:925} INFO - DAG(s) 'tutorial' retrieved from /home/airflow/.local/lib/python3.12/site-packages/airflow/example_dags/tutorial.py
[2024-11-25T06:30:18.536+0000] {logging_mixin.py:190} INFO - [2024-11-25T06:30:18.535+0000] {dag.py:3239} INFO - Sync 1 DAGs
[2024-11-25T06:30:18.599+0000] {logging_mixin.py:190} INFO - [2024-11-25T06:30:18.599+0000] {dag.py:4180} INFO - Setting next_dagrun for tutorial to 2024-11-24 00:00:00+00:00, run_after=2024-11-25 00:00:00+00:00
[2024-11-25T06:30:18.652+0000] {processor.py:208} INFO - Processing /home/airflow/.local/lib/python3.12/site-packages/airflow/example_dags/tutorial.py took 0.197 seconds
[2024-11-25T06:30:49.456+0000] {processor.py:186} INFO - Started process (PID=9211) to work on /home/airflow/.local/lib/python3.12/site-packages/airflow/example_dags/tutorial.py
[2024-11-25T06:30:49.459+0000] {processor.py:914} INFO - Processing file /home/airflow/.local/lib/python3.12/site-packages/airflow/example_dags/tutorial.py for tasks to queue
[2024-11-25T06:30:49.465+0000] {logging_mixin.py:190} INFO - [2024-11-25T06:30:49.464+0000] {dagbag.py:588} INFO - Filling up the DagBag from /home/airflow/.local/lib/python3.12/site-packages/airflow/example_dags/tutorial.py
[2024-11-25T06:30:49.481+0000] {processor.py:925} INFO - DAG(s) 'tutorial' retrieved from /home/airflow/.local/lib/python3.12/site-packages/airflow/example_dags/tutorial.py
[2024-11-25T06:30:49.527+0000] {logging_mixin.py:190} INFO - [2024-11-25T06:30:49.527+0000] {dag.py:3239} INFO - Sync 1 DAGs
[2024-11-25T06:30:49.589+0000] {logging_mixin.py:190} INFO - [2024-11-25T06:30:49.587+0000] {dag.py:4180} INFO - Setting next_dagrun for tutorial to 2024-11-24 00:00:00+00:00, run_after=2024-11-25 00:00:00+00:00
[2024-11-25T06:30:49.643+0000] {processor.py:208} INFO - Processing /home/airflow/.local/lib/python3.12/site-packages/airflow/example_dags/tutorial.py took 0.199 seconds
[2024-11-25T06:31:19.924+0000] {processor.py:186} INFO - Started process (PID=9512) to work on /home/airflow/.local/lib/python3.12/site-packages/airflow/example_dags/tutorial.py
[2024-11-25T06:31:19.925+0000] {processor.py:914} INFO - Processing file /home/airflow/.local/lib/python3.12/site-packages/airflow/example_dags/tutorial.py for tasks to queue
[2024-11-25T06:31:19.928+0000] {logging_mixin.py:190} INFO - [2024-11-25T06:31:19.928+0000] {dagbag.py:588} INFO - Filling up the DagBag from /home/airflow/.local/lib/python3.12/site-packages/airflow/example_dags/tutorial.py
[2024-11-25T06:31:19.938+0000] {processor.py:925} INFO - DAG(s) 'tutorial' retrieved from /home/airflow/.local/lib/python3.12/site-packages/airflow/example_dags/tutorial.py
[2024-11-25T06:31:19.969+0000] {logging_mixin.py:190} INFO - [2024-11-25T06:31:19.969+0000] {dag.py:3239} INFO - Sync 1 DAGs
[2024-11-25T06:31:19.998+0000] {logging_mixin.py:190} INFO - [2024-11-25T06:31:19.998+0000] {dag.py:4180} INFO - Setting next_dagrun for tutorial to 2024-11-24 00:00:00+00:00, run_after=2024-11-25 00:00:00+00:00
[2024-11-25T06:31:20.024+0000] {processor.py:208} INFO - Processing /home/airflow/.local/lib/python3.12/site-packages/airflow/example_dags/tutorial.py took 0.107 seconds
[2024-11-25T06:31:50.431+0000] {processor.py:186} INFO - Started process (PID=9810) to work on /home/airflow/.local/lib/python3.12/site-packages/airflow/example_dags/tutorial.py
[2024-11-25T06:31:50.433+0000] {processor.py:914} INFO - Processing file /home/airflow/.local/lib/python3.12/site-packages/airflow/example_dags/tutorial.py for tasks to queue
[2024-11-25T06:31:50.435+0000] {logging_mixin.py:190} INFO - [2024-11-25T06:31:50.435+0000] {dagbag.py:588} INFO - Filling up the DagBag from /home/airflow/.local/lib/python3.12/site-packages/airflow/example_dags/tutorial.py
[2024-11-25T06:31:50.445+0000] {processor.py:925} INFO - DAG(s) 'tutorial' retrieved from /home/airflow/.local/lib/python3.12/site-packages/airflow/example_dags/tutorial.py
[2024-11-25T06:31:50.471+0000] {logging_mixin.py:190} INFO - [2024-11-25T06:31:50.471+0000] {dag.py:3239} INFO - Sync 1 DAGs
[2024-11-25T06:31:50.509+0000] {logging_mixin.py:190} INFO - [2024-11-25T06:31:50.509+0000] {dag.py:4180} INFO - Setting next_dagrun for tutorial to 2024-11-24 00:00:00+00:00, run_after=2024-11-25 00:00:00+00:00
[2024-11-25T06:31:50.530+0000] {processor.py:208} INFO - Processing /home/airflow/.local/lib/python3.12/site-packages/airflow/example_dags/tutorial.py took 0.104 seconds
[2024-11-25T06:32:21.345+0000] {processor.py:186} INFO - Started process (PID=10111) to work on /home/airflow/.local/lib/python3.12/site-packages/airflow/example_dags/tutorial.py
[2024-11-25T06:32:21.346+0000] {processor.py:914} INFO - Processing file /home/airflow/.local/lib/python3.12/site-packages/airflow/example_dags/tutorial.py for tasks to queue
[2024-11-25T06:32:21.348+0000] {logging_mixin.py:190} INFO - [2024-11-25T06:32:21.348+0000] {dagbag.py:588} INFO - Filling up the DagBag from /home/airflow/.local/lib/python3.12/site-packages/airflow/example_dags/tutorial.py
[2024-11-25T06:32:21.356+0000] {processor.py:925} INFO - DAG(s) 'tutorial' retrieved from /home/airflow/.local/lib/python3.12/site-packages/airflow/example_dags/tutorial.py
[2024-11-25T06:32:21.381+0000] {logging_mixin.py:190} INFO - [2024-11-25T06:32:21.381+0000] {dag.py:3239} INFO - Sync 1 DAGs
[2024-11-25T06:32:21.414+0000] {logging_mixin.py:190} INFO - [2024-11-25T06:32:21.414+0000] {dag.py:4180} INFO - Setting next_dagrun for tutorial to 2024-11-24 00:00:00+00:00, run_after=2024-11-25 00:00:00+00:00
[2024-11-25T06:32:21.448+0000] {processor.py:208} INFO - Processing /home/airflow/.local/lib/python3.12/site-packages/airflow/example_dags/tutorial.py took 0.109 seconds
[2024-11-25T06:32:51.548+0000] {processor.py:186} INFO - Started process (PID=10411) to work on /home/airflow/.local/lib/python3.12/site-packages/airflow/example_dags/tutorial.py
[2024-11-25T06:32:51.550+0000] {processor.py:914} INFO - Processing file /home/airflow/.local/lib/python3.12/site-packages/airflow/example_dags/tutorial.py for tasks to queue
[2024-11-25T06:32:51.552+0000] {logging_mixin.py:190} INFO - [2024-11-25T06:32:51.552+0000] {dagbag.py:588} INFO - Filling up the DagBag from /home/airflow/.local/lib/python3.12/site-packages/airflow/example_dags/tutorial.py
[2024-11-25T06:32:51.562+0000] {processor.py:925} INFO - DAG(s) 'tutorial' retrieved from /home/airflow/.local/lib/python3.12/site-packages/airflow/example_dags/tutorial.py
[2024-11-25T06:32:51.593+0000] {logging_mixin.py:190} INFO - [2024-11-25T06:32:51.592+0000] {dag.py:3239} INFO - Sync 1 DAGs
[2024-11-25T06:32:51.622+0000] {logging_mixin.py:190} INFO - [2024-11-25T06:32:51.622+0000] {dag.py:4180} INFO - Setting next_dagrun for tutorial to 2024-11-24 00:00:00+00:00, run_after=2024-11-25 00:00:00+00:00
[2024-11-25T06:32:51.654+0000] {processor.py:208} INFO - Processing /home/airflow/.local/lib/python3.12/site-packages/airflow/example_dags/tutorial.py took 0.116 seconds
[2024-11-25T06:33:22.195+0000] {processor.py:186} INFO - Started process (PID=10714) to work on /home/airflow/.local/lib/python3.12/site-packages/airflow/example_dags/tutorial.py
[2024-11-25T06:33:22.197+0000] {processor.py:914} INFO - Processing file /home/airflow/.local/lib/python3.12/site-packages/airflow/example_dags/tutorial.py for tasks to queue
[2024-11-25T06:33:22.201+0000] {logging_mixin.py:190} INFO - [2024-11-25T06:33:22.200+0000] {dagbag.py:588} INFO - Filling up the DagBag from /home/airflow/.local/lib/python3.12/site-packages/airflow/example_dags/tutorial.py
[2024-11-25T06:33:22.212+0000] {processor.py:925} INFO - DAG(s) 'tutorial' retrieved from /home/airflow/.local/lib/python3.12/site-packages/airflow/example_dags/tutorial.py
[2024-11-25T06:33:22.246+0000] {logging_mixin.py:190} INFO - [2024-11-25T06:33:22.245+0000] {dag.py:3239} INFO - Sync 1 DAGs
[2024-11-25T06:33:22.280+0000] {logging_mixin.py:190} INFO - [2024-11-25T06:33:22.279+0000] {dag.py:4180} INFO - Setting next_dagrun for tutorial to 2024-11-24 00:00:00+00:00, run_after=2024-11-25 00:00:00+00:00
[2024-11-25T06:33:22.305+0000] {processor.py:208} INFO - Processing /home/airflow/.local/lib/python3.12/site-packages/airflow/example_dags/tutorial.py took 0.116 seconds
[2024-11-25T06:33:52.513+0000] {processor.py:186} INFO - Started process (PID=11015) to work on /home/airflow/.local/lib/python3.12/site-packages/airflow/example_dags/tutorial.py
[2024-11-25T06:33:52.515+0000] {processor.py:914} INFO - Processing file /home/airflow/.local/lib/python3.12/site-packages/airflow/example_dags/tutorial.py for tasks to queue
[2024-11-25T06:33:52.517+0000] {logging_mixin.py:190} INFO - [2024-11-25T06:33:52.517+0000] {dagbag.py:588} INFO - Filling up the DagBag from /home/airflow/.local/lib/python3.12/site-packages/airflow/example_dags/tutorial.py
[2024-11-25T06:33:52.530+0000] {processor.py:925} INFO - DAG(s) 'tutorial' retrieved from /home/airflow/.local/lib/python3.12/site-packages/airflow/example_dags/tutorial.py
[2024-11-25T06:33:52.555+0000] {logging_mixin.py:190} INFO - [2024-11-25T06:33:52.555+0000] {dag.py:3239} INFO - Sync 1 DAGs
[2024-11-25T06:33:52.580+0000] {logging_mixin.py:190} INFO - [2024-11-25T06:33:52.580+0000] {dag.py:4180} INFO - Setting next_dagrun for tutorial to 2024-11-24 00:00:00+00:00, run_after=2024-11-25 00:00:00+00:00
[2024-11-25T06:33:52.600+0000] {processor.py:208} INFO - Processing /home/airflow/.local/lib/python3.12/site-packages/airflow/example_dags/tutorial.py took 0.094 seconds
[2024-11-25T06:34:23.969+0000] {processor.py:186} INFO - Started process (PID=11326) to work on /home/airflow/.local/lib/python3.12/site-packages/airflow/example_dags/tutorial.py
[2024-11-25T06:34:23.971+0000] {processor.py:914} INFO - Processing file /home/airflow/.local/lib/python3.12/site-packages/airflow/example_dags/tutorial.py for tasks to queue
[2024-11-25T06:34:23.974+0000] {logging_mixin.py:190} INFO - [2024-11-25T06:34:23.973+0000] {dagbag.py:588} INFO - Filling up the DagBag from /home/airflow/.local/lib/python3.12/site-packages/airflow/example_dags/tutorial.py
[2024-11-25T06:34:23.987+0000] {processor.py:925} INFO - DAG(s) 'tutorial' retrieved from /home/airflow/.local/lib/python3.12/site-packages/airflow/example_dags/tutorial.py
[2024-11-25T06:34:24.023+0000] {logging_mixin.py:190} INFO - [2024-11-25T06:34:24.022+0000] {dag.py:3239} INFO - Sync 1 DAGs
[2024-11-25T06:34:24.071+0000] {logging_mixin.py:190} INFO - [2024-11-25T06:34:24.071+0000] {dag.py:4180} INFO - Setting next_dagrun for tutorial to 2024-11-24 00:00:00+00:00, run_after=2024-11-25 00:00:00+00:00
[2024-11-25T06:34:24.109+0000] {processor.py:208} INFO - Processing /home/airflow/.local/lib/python3.12/site-packages/airflow/example_dags/tutorial.py took 0.147 seconds
[2024-11-25T06:34:56.092+0000] {processor.py:186} INFO - Started process (PID=11637) to work on /home/airflow/.local/lib/python3.12/site-packages/airflow/example_dags/tutorial.py
[2024-11-25T06:34:56.094+0000] {processor.py:914} INFO - Processing file /home/airflow/.local/lib/python3.12/site-packages/airflow/example_dags/tutorial.py for tasks to queue
[2024-11-25T06:34:56.096+0000] {logging_mixin.py:190} INFO - [2024-11-25T06:34:56.096+0000] {dagbag.py:588} INFO - Filling up the DagBag from /home/airflow/.local/lib/python3.12/site-packages/airflow/example_dags/tutorial.py
[2024-11-25T06:34:56.104+0000] {processor.py:925} INFO - DAG(s) 'tutorial' retrieved from /home/airflow/.local/lib/python3.12/site-packages/airflow/example_dags/tutorial.py
[2024-11-25T06:34:56.148+0000] {logging_mixin.py:190} INFO - [2024-11-25T06:34:56.147+0000] {dag.py:3239} INFO - Sync 1 DAGs
[2024-11-25T06:34:56.189+0000] {logging_mixin.py:190} INFO - [2024-11-25T06:34:56.189+0000] {dag.py:4180} INFO - Setting next_dagrun for tutorial to 2024-11-24 00:00:00+00:00, run_after=2024-11-25 00:00:00+00:00
[2024-11-25T06:34:56.228+0000] {processor.py:208} INFO - Processing /home/airflow/.local/lib/python3.12/site-packages/airflow/example_dags/tutorial.py took 0.144 seconds
