[2024-11-25T08:41:38.718+0000] {processor.py:186} INFO - Started process (PID=382) to work on /home/airflow/.local/lib/python3.12/site-packages/airflow/example_dags/example_sensor_decorator.py
[2024-11-25T08:41:38.719+0000] {processor.py:914} INFO - Processing file /home/airflow/.local/lib/python3.12/site-packages/airflow/example_dags/example_sensor_decorator.py for tasks to queue
[2024-11-25T08:41:38.722+0000] {logging_mixin.py:190} INFO - [2024-11-25T08:41:38.722+0000] {dagbag.py:588} INFO - Filling up the DagBag from /home/airflow/.local/lib/python3.12/site-packages/airflow/example_dags/example_sensor_decorator.py
[2024-11-25T08:41:38.735+0000] {processor.py:925} INFO - DAG(s) 'example_sensor_decorator' retrieved from /home/airflow/.local/lib/python3.12/site-packages/airflow/example_dags/example_sensor_decorator.py
[2024-11-25T08:41:38.884+0000] {logging_mixin.py:190} INFO - [2024-11-25T08:41:38.883+0000] {override.py:1911} INFO - Created Permission View: can edit on DAG:example_sensor_decorator
[2024-11-25T08:41:38.910+0000] {logging_mixin.py:190} INFO - [2024-11-25T08:41:38.910+0000] {override.py:1911} INFO - Created Permission View: can delete on DAG:example_sensor_decorator
[2024-11-25T08:41:38.927+0000] {logging_mixin.py:190} INFO - [2024-11-25T08:41:38.926+0000] {override.py:1911} INFO - Created Permission View: can read on DAG:example_sensor_decorator
[2024-11-25T08:41:38.942+0000] {logging_mixin.py:190} INFO - [2024-11-25T08:41:38.941+0000] {override.py:1911} INFO - Created Permission View: can create on DAG Run:example_sensor_decorator
[2024-11-25T08:41:38.952+0000] {logging_mixin.py:190} INFO - [2024-11-25T08:41:38.951+0000] {override.py:1911} INFO - Created Permission View: can delete on DAG Run:example_sensor_decorator
[2024-11-25T08:41:38.965+0000] {logging_mixin.py:190} INFO - [2024-11-25T08:41:38.965+0000] {override.py:1911} INFO - Created Permission View: menu access on DAG Run:example_sensor_decorator
[2024-11-25T08:41:38.989+0000] {logging_mixin.py:190} INFO - [2024-11-25T08:41:38.988+0000] {override.py:1911} INFO - Created Permission View: can read on DAG Run:example_sensor_decorator
[2024-11-25T08:41:38.994+0000] {logging_mixin.py:190} INFO - [2024-11-25T08:41:38.993+0000] {dag.py:3239} INFO - Sync 1 DAGs
[2024-11-25T08:41:39.052+0000] {logging_mixin.py:190} INFO - [2024-11-25T08:41:39.051+0000] {dag.py:3262} INFO - Creating ORM DAG for example_sensor_decorator
[2024-11-25T08:41:39.054+0000] {logging_mixin.py:190} INFO - [2024-11-25T08:41:39.053+0000] {dag.py:4180} INFO - Setting next_dagrun for example_sensor_decorator to None, run_after=None
[2024-11-25T08:41:39.093+0000] {processor.py:208} INFO - Processing /home/airflow/.local/lib/python3.12/site-packages/airflow/example_dags/example_sensor_decorator.py took 0.443 seconds
[2024-11-25T08:42:09.673+0000] {processor.py:186} INFO - Started process (PID=686) to work on /home/airflow/.local/lib/python3.12/site-packages/airflow/example_dags/example_sensor_decorator.py
[2024-11-25T08:42:09.677+0000] {processor.py:914} INFO - Processing file /home/airflow/.local/lib/python3.12/site-packages/airflow/example_dags/example_sensor_decorator.py for tasks to queue
[2024-11-25T08:42:09.682+0000] {logging_mixin.py:190} INFO - [2024-11-25T08:42:09.681+0000] {dagbag.py:588} INFO - Filling up the DagBag from /home/airflow/.local/lib/python3.12/site-packages/airflow/example_dags/example_sensor_decorator.py
[2024-11-25T08:42:09.695+0000] {processor.py:925} INFO - DAG(s) 'example_sensor_decorator' retrieved from /home/airflow/.local/lib/python3.12/site-packages/airflow/example_dags/example_sensor_decorator.py
[2024-11-25T08:42:09.727+0000] {logging_mixin.py:190} INFO - [2024-11-25T08:42:09.726+0000] {dag.py:3239} INFO - Sync 1 DAGs
[2024-11-25T08:42:09.751+0000] {logging_mixin.py:190} INFO - [2024-11-25T08:42:09.750+0000] {dag.py:4180} INFO - Setting next_dagrun for example_sensor_decorator to None, run_after=None
[2024-11-25T08:42:09.775+0000] {processor.py:208} INFO - Processing /home/airflow/.local/lib/python3.12/site-packages/airflow/example_dags/example_sensor_decorator.py took 0.117 seconds
[2024-11-25T08:42:41.139+0000] {processor.py:186} INFO - Started process (PID=990) to work on /home/airflow/.local/lib/python3.12/site-packages/airflow/example_dags/example_sensor_decorator.py
[2024-11-25T08:42:41.143+0000] {processor.py:914} INFO - Processing file /home/airflow/.local/lib/python3.12/site-packages/airflow/example_dags/example_sensor_decorator.py for tasks to queue
[2024-11-25T08:42:41.158+0000] {logging_mixin.py:190} INFO - [2024-11-25T08:42:41.157+0000] {dagbag.py:588} INFO - Filling up the DagBag from /home/airflow/.local/lib/python3.12/site-packages/airflow/example_dags/example_sensor_decorator.py
[2024-11-25T08:42:41.260+0000] {processor.py:925} INFO - DAG(s) 'example_sensor_decorator' retrieved from /home/airflow/.local/lib/python3.12/site-packages/airflow/example_dags/example_sensor_decorator.py
[2024-11-25T08:42:41.315+0000] {logging_mixin.py:190} INFO - [2024-11-25T08:42:41.314+0000] {dag.py:3239} INFO - Sync 1 DAGs
[2024-11-25T08:42:41.347+0000] {logging_mixin.py:190} INFO - [2024-11-25T08:42:41.346+0000] {dag.py:4180} INFO - Setting next_dagrun for example_sensor_decorator to None, run_after=None
[2024-11-25T08:42:41.383+0000] {processor.py:208} INFO - Processing /home/airflow/.local/lib/python3.12/site-packages/airflow/example_dags/example_sensor_decorator.py took 0.262 seconds
[2024-11-25T08:43:11.905+0000] {processor.py:186} INFO - Started process (PID=1293) to work on /home/airflow/.local/lib/python3.12/site-packages/airflow/example_dags/example_sensor_decorator.py
[2024-11-25T08:43:11.906+0000] {processor.py:914} INFO - Processing file /home/airflow/.local/lib/python3.12/site-packages/airflow/example_dags/example_sensor_decorator.py for tasks to queue
[2024-11-25T08:43:11.909+0000] {logging_mixin.py:190} INFO - [2024-11-25T08:43:11.908+0000] {dagbag.py:588} INFO - Filling up the DagBag from /home/airflow/.local/lib/python3.12/site-packages/airflow/example_dags/example_sensor_decorator.py
[2024-11-25T08:43:11.916+0000] {processor.py:925} INFO - DAG(s) 'example_sensor_decorator' retrieved from /home/airflow/.local/lib/python3.12/site-packages/airflow/example_dags/example_sensor_decorator.py
[2024-11-25T08:43:11.939+0000] {logging_mixin.py:190} INFO - [2024-11-25T08:43:11.939+0000] {dag.py:3239} INFO - Sync 1 DAGs
[2024-11-25T08:43:11.955+0000] {logging_mixin.py:190} INFO - [2024-11-25T08:43:11.954+0000] {dag.py:4180} INFO - Setting next_dagrun for example_sensor_decorator to None, run_after=None
[2024-11-25T08:43:11.976+0000] {processor.py:208} INFO - Processing /home/airflow/.local/lib/python3.12/site-packages/airflow/example_dags/example_sensor_decorator.py took 0.077 seconds
[2024-11-25T08:43:42.842+0000] {processor.py:186} INFO - Started process (PID=1594) to work on /home/airflow/.local/lib/python3.12/site-packages/airflow/example_dags/example_sensor_decorator.py
[2024-11-25T08:43:42.843+0000] {processor.py:914} INFO - Processing file /home/airflow/.local/lib/python3.12/site-packages/airflow/example_dags/example_sensor_decorator.py for tasks to queue
[2024-11-25T08:43:42.845+0000] {logging_mixin.py:190} INFO - [2024-11-25T08:43:42.845+0000] {dagbag.py:588} INFO - Filling up the DagBag from /home/airflow/.local/lib/python3.12/site-packages/airflow/example_dags/example_sensor_decorator.py
[2024-11-25T08:43:42.853+0000] {processor.py:925} INFO - DAG(s) 'example_sensor_decorator' retrieved from /home/airflow/.local/lib/python3.12/site-packages/airflow/example_dags/example_sensor_decorator.py
[2024-11-25T08:43:42.875+0000] {logging_mixin.py:190} INFO - [2024-11-25T08:43:42.875+0000] {dag.py:3239} INFO - Sync 1 DAGs
[2024-11-25T08:43:42.890+0000] {logging_mixin.py:190} INFO - [2024-11-25T08:43:42.890+0000] {dag.py:4180} INFO - Setting next_dagrun for example_sensor_decorator to None, run_after=None
[2024-11-25T08:43:42.912+0000] {processor.py:208} INFO - Processing /home/airflow/.local/lib/python3.12/site-packages/airflow/example_dags/example_sensor_decorator.py took 0.075 seconds
[2024-11-25T08:44:13.188+0000] {processor.py:186} INFO - Started process (PID=1896) to work on /home/airflow/.local/lib/python3.12/site-packages/airflow/example_dags/example_sensor_decorator.py
[2024-11-25T08:44:13.190+0000] {processor.py:914} INFO - Processing file /home/airflow/.local/lib/python3.12/site-packages/airflow/example_dags/example_sensor_decorator.py for tasks to queue
[2024-11-25T08:44:13.193+0000] {logging_mixin.py:190} INFO - [2024-11-25T08:44:13.193+0000] {dagbag.py:588} INFO - Filling up the DagBag from /home/airflow/.local/lib/python3.12/site-packages/airflow/example_dags/example_sensor_decorator.py
[2024-11-25T08:44:13.203+0000] {processor.py:925} INFO - DAG(s) 'example_sensor_decorator' retrieved from /home/airflow/.local/lib/python3.12/site-packages/airflow/example_dags/example_sensor_decorator.py
[2024-11-25T08:44:13.230+0000] {logging_mixin.py:190} INFO - [2024-11-25T08:44:13.230+0000] {dag.py:3239} INFO - Sync 1 DAGs
[2024-11-25T08:44:13.254+0000] {logging_mixin.py:190} INFO - [2024-11-25T08:44:13.253+0000] {dag.py:4180} INFO - Setting next_dagrun for example_sensor_decorator to None, run_after=None
[2024-11-25T08:44:13.290+0000] {processor.py:208} INFO - Processing /home/airflow/.local/lib/python3.12/site-packages/airflow/example_dags/example_sensor_decorator.py took 0.112 seconds
[2024-11-25T08:44:43.366+0000] {processor.py:186} INFO - Started process (PID=2194) to work on /home/airflow/.local/lib/python3.12/site-packages/airflow/example_dags/example_sensor_decorator.py
[2024-11-25T08:44:43.367+0000] {processor.py:914} INFO - Processing file /home/airflow/.local/lib/python3.12/site-packages/airflow/example_dags/example_sensor_decorator.py for tasks to queue
[2024-11-25T08:44:43.370+0000] {logging_mixin.py:190} INFO - [2024-11-25T08:44:43.369+0000] {dagbag.py:588} INFO - Filling up the DagBag from /home/airflow/.local/lib/python3.12/site-packages/airflow/example_dags/example_sensor_decorator.py
[2024-11-25T08:44:43.377+0000] {processor.py:925} INFO - DAG(s) 'example_sensor_decorator' retrieved from /home/airflow/.local/lib/python3.12/site-packages/airflow/example_dags/example_sensor_decorator.py
[2024-11-25T08:44:43.400+0000] {logging_mixin.py:190} INFO - [2024-11-25T08:44:43.400+0000] {dag.py:3239} INFO - Sync 1 DAGs
[2024-11-25T08:44:43.414+0000] {logging_mixin.py:190} INFO - [2024-11-25T08:44:43.413+0000] {dag.py:4180} INFO - Setting next_dagrun for example_sensor_decorator to None, run_after=None
[2024-11-25T08:44:43.431+0000] {processor.py:208} INFO - Processing /home/airflow/.local/lib/python3.12/site-packages/airflow/example_dags/example_sensor_decorator.py took 0.070 seconds
[2024-11-25T08:45:13.863+0000] {processor.py:186} INFO - Started process (PID=2493) to work on /home/airflow/.local/lib/python3.12/site-packages/airflow/example_dags/example_sensor_decorator.py
[2024-11-25T08:45:13.865+0000] {processor.py:914} INFO - Processing file /home/airflow/.local/lib/python3.12/site-packages/airflow/example_dags/example_sensor_decorator.py for tasks to queue
[2024-11-25T08:45:13.869+0000] {logging_mixin.py:190} INFO - [2024-11-25T08:45:13.868+0000] {dagbag.py:588} INFO - Filling up the DagBag from /home/airflow/.local/lib/python3.12/site-packages/airflow/example_dags/example_sensor_decorator.py
[2024-11-25T08:45:13.882+0000] {processor.py:925} INFO - DAG(s) 'example_sensor_decorator' retrieved from /home/airflow/.local/lib/python3.12/site-packages/airflow/example_dags/example_sensor_decorator.py
[2024-11-25T08:45:13.908+0000] {logging_mixin.py:190} INFO - [2024-11-25T08:45:13.908+0000] {dag.py:3239} INFO - Sync 1 DAGs
[2024-11-25T08:45:13.924+0000] {logging_mixin.py:190} INFO - [2024-11-25T08:45:13.924+0000] {dag.py:4180} INFO - Setting next_dagrun for example_sensor_decorator to None, run_after=None
[2024-11-25T08:45:13.946+0000] {processor.py:208} INFO - Processing /home/airflow/.local/lib/python3.12/site-packages/airflow/example_dags/example_sensor_decorator.py took 0.093 seconds
[2024-11-25T08:45:44.139+0000] {processor.py:186} INFO - Started process (PID=2789) to work on /home/airflow/.local/lib/python3.12/site-packages/airflow/example_dags/example_sensor_decorator.py
[2024-11-25T08:45:44.140+0000] {processor.py:914} INFO - Processing file /home/airflow/.local/lib/python3.12/site-packages/airflow/example_dags/example_sensor_decorator.py for tasks to queue
[2024-11-25T08:45:44.142+0000] {logging_mixin.py:190} INFO - [2024-11-25T08:45:44.142+0000] {dagbag.py:588} INFO - Filling up the DagBag from /home/airflow/.local/lib/python3.12/site-packages/airflow/example_dags/example_sensor_decorator.py
[2024-11-25T08:45:44.151+0000] {processor.py:925} INFO - DAG(s) 'example_sensor_decorator' retrieved from /home/airflow/.local/lib/python3.12/site-packages/airflow/example_dags/example_sensor_decorator.py
[2024-11-25T08:45:44.178+0000] {logging_mixin.py:190} INFO - [2024-11-25T08:45:44.178+0000] {dag.py:3239} INFO - Sync 1 DAGs
[2024-11-25T08:45:44.194+0000] {logging_mixin.py:190} INFO - [2024-11-25T08:45:44.193+0000] {dag.py:4180} INFO - Setting next_dagrun for example_sensor_decorator to None, run_after=None
[2024-11-25T08:45:44.218+0000] {processor.py:208} INFO - Processing /home/airflow/.local/lib/python3.12/site-packages/airflow/example_dags/example_sensor_decorator.py took 0.087 seconds
[2024-11-25T08:46:14.639+0000] {processor.py:186} INFO - Started process (PID=3090) to work on /home/airflow/.local/lib/python3.12/site-packages/airflow/example_dags/example_sensor_decorator.py
[2024-11-25T08:46:14.640+0000] {processor.py:914} INFO - Processing file /home/airflow/.local/lib/python3.12/site-packages/airflow/example_dags/example_sensor_decorator.py for tasks to queue
[2024-11-25T08:46:14.643+0000] {logging_mixin.py:190} INFO - [2024-11-25T08:46:14.642+0000] {dagbag.py:588} INFO - Filling up the DagBag from /home/airflow/.local/lib/python3.12/site-packages/airflow/example_dags/example_sensor_decorator.py
[2024-11-25T08:46:14.651+0000] {processor.py:925} INFO - DAG(s) 'example_sensor_decorator' retrieved from /home/airflow/.local/lib/python3.12/site-packages/airflow/example_dags/example_sensor_decorator.py
[2024-11-25T08:46:14.678+0000] {logging_mixin.py:190} INFO - [2024-11-25T08:46:14.677+0000] {dag.py:3239} INFO - Sync 1 DAGs
[2024-11-25T08:46:14.697+0000] {logging_mixin.py:190} INFO - [2024-11-25T08:46:14.697+0000] {dag.py:4180} INFO - Setting next_dagrun for example_sensor_decorator to None, run_after=None
[2024-11-25T08:46:14.731+0000] {processor.py:208} INFO - Processing /home/airflow/.local/lib/python3.12/site-packages/airflow/example_dags/example_sensor_decorator.py took 0.097 seconds
[2024-11-25T08:46:50.616+0000] {processor.py:186} INFO - Started process (PID=3405) to work on /home/airflow/.local/lib/python3.12/site-packages/airflow/example_dags/example_sensor_decorator.py
[2024-11-25T08:46:50.617+0000] {processor.py:914} INFO - Processing file /home/airflow/.local/lib/python3.12/site-packages/airflow/example_dags/example_sensor_decorator.py for tasks to queue
[2024-11-25T08:46:50.619+0000] {logging_mixin.py:190} INFO - [2024-11-25T08:46:50.619+0000] {dagbag.py:588} INFO - Filling up the DagBag from /home/airflow/.local/lib/python3.12/site-packages/airflow/example_dags/example_sensor_decorator.py
[2024-11-25T08:46:50.628+0000] {processor.py:925} INFO - DAG(s) 'example_sensor_decorator' retrieved from /home/airflow/.local/lib/python3.12/site-packages/airflow/example_dags/example_sensor_decorator.py
[2024-11-25T08:46:50.652+0000] {logging_mixin.py:190} INFO - [2024-11-25T08:46:50.652+0000] {dag.py:3239} INFO - Sync 1 DAGs
[2024-11-25T08:46:50.671+0000] {logging_mixin.py:190} INFO - [2024-11-25T08:46:50.671+0000] {dag.py:4180} INFO - Setting next_dagrun for example_sensor_decorator to None, run_after=None
[2024-11-25T08:46:50.694+0000] {processor.py:208} INFO - Processing /home/airflow/.local/lib/python3.12/site-packages/airflow/example_dags/example_sensor_decorator.py took 0.084 seconds
[2024-11-25T08:47:20.855+0000] {processor.py:186} INFO - Started process (PID=3704) to work on /home/airflow/.local/lib/python3.12/site-packages/airflow/example_dags/example_sensor_decorator.py
[2024-11-25T08:47:20.857+0000] {processor.py:914} INFO - Processing file /home/airflow/.local/lib/python3.12/site-packages/airflow/example_dags/example_sensor_decorator.py for tasks to queue
[2024-11-25T08:47:20.859+0000] {logging_mixin.py:190} INFO - [2024-11-25T08:47:20.859+0000] {dagbag.py:588} INFO - Filling up the DagBag from /home/airflow/.local/lib/python3.12/site-packages/airflow/example_dags/example_sensor_decorator.py
[2024-11-25T08:47:20.867+0000] {processor.py:925} INFO - DAG(s) 'example_sensor_decorator' retrieved from /home/airflow/.local/lib/python3.12/site-packages/airflow/example_dags/example_sensor_decorator.py
[2024-11-25T08:47:20.889+0000] {logging_mixin.py:190} INFO - [2024-11-25T08:47:20.889+0000] {dag.py:3239} INFO - Sync 1 DAGs
[2024-11-25T08:47:20.903+0000] {logging_mixin.py:190} INFO - [2024-11-25T08:47:20.903+0000] {dag.py:4180} INFO - Setting next_dagrun for example_sensor_decorator to None, run_after=None
[2024-11-25T08:47:20.922+0000] {processor.py:208} INFO - Processing /home/airflow/.local/lib/python3.12/site-packages/airflow/example_dags/example_sensor_decorator.py took 0.072 seconds
[2024-11-25T08:47:51.386+0000] {processor.py:186} INFO - Started process (PID=4000) to work on /home/airflow/.local/lib/python3.12/site-packages/airflow/example_dags/example_sensor_decorator.py
[2024-11-25T08:47:51.387+0000] {processor.py:914} INFO - Processing file /home/airflow/.local/lib/python3.12/site-packages/airflow/example_dags/example_sensor_decorator.py for tasks to queue
[2024-11-25T08:47:51.390+0000] {logging_mixin.py:190} INFO - [2024-11-25T08:47:51.389+0000] {dagbag.py:588} INFO - Filling up the DagBag from /home/airflow/.local/lib/python3.12/site-packages/airflow/example_dags/example_sensor_decorator.py
[2024-11-25T08:47:51.400+0000] {processor.py:925} INFO - DAG(s) 'example_sensor_decorator' retrieved from /home/airflow/.local/lib/python3.12/site-packages/airflow/example_dags/example_sensor_decorator.py
[2024-11-25T08:47:51.426+0000] {logging_mixin.py:190} INFO - [2024-11-25T08:47:51.425+0000] {dag.py:3239} INFO - Sync 1 DAGs
[2024-11-25T08:47:51.441+0000] {logging_mixin.py:190} INFO - [2024-11-25T08:47:51.441+0000] {dag.py:4180} INFO - Setting next_dagrun for example_sensor_decorator to None, run_after=None
[2024-11-25T08:47:51.465+0000] {processor.py:208} INFO - Processing /home/airflow/.local/lib/python3.12/site-packages/airflow/example_dags/example_sensor_decorator.py took 0.085 seconds
[2024-11-25T08:48:23.415+0000] {processor.py:186} INFO - Started process (PID=4306) to work on /home/airflow/.local/lib/python3.12/site-packages/airflow/example_dags/example_sensor_decorator.py
[2024-11-25T08:48:23.417+0000] {processor.py:914} INFO - Processing file /home/airflow/.local/lib/python3.12/site-packages/airflow/example_dags/example_sensor_decorator.py for tasks to queue
[2024-11-25T08:48:23.425+0000] {logging_mixin.py:190} INFO - [2024-11-25T08:48:23.422+0000] {dagbag.py:588} INFO - Filling up the DagBag from /home/airflow/.local/lib/python3.12/site-packages/airflow/example_dags/example_sensor_decorator.py
[2024-11-25T08:48:23.448+0000] {processor.py:925} INFO - DAG(s) 'example_sensor_decorator' retrieved from /home/airflow/.local/lib/python3.12/site-packages/airflow/example_dags/example_sensor_decorator.py
[2024-11-25T08:48:23.488+0000] {logging_mixin.py:190} INFO - [2024-11-25T08:48:23.488+0000] {dag.py:3239} INFO - Sync 1 DAGs
[2024-11-25T08:48:23.518+0000] {logging_mixin.py:190} INFO - [2024-11-25T08:48:23.518+0000] {dag.py:4180} INFO - Setting next_dagrun for example_sensor_decorator to None, run_after=None
[2024-11-25T08:48:23.566+0000] {processor.py:208} INFO - Processing /home/airflow/.local/lib/python3.12/site-packages/airflow/example_dags/example_sensor_decorator.py took 0.160 seconds
[2024-11-25T08:48:55.009+0000] {processor.py:186} INFO - Started process (PID=4602) to work on /home/airflow/.local/lib/python3.12/site-packages/airflow/example_dags/example_sensor_decorator.py
[2024-11-25T08:48:55.014+0000] {processor.py:914} INFO - Processing file /home/airflow/.local/lib/python3.12/site-packages/airflow/example_dags/example_sensor_decorator.py for tasks to queue
[2024-11-25T08:48:55.020+0000] {logging_mixin.py:190} INFO - [2024-11-25T08:48:55.019+0000] {dagbag.py:588} INFO - Filling up the DagBag from /home/airflow/.local/lib/python3.12/site-packages/airflow/example_dags/example_sensor_decorator.py
[2024-11-25T08:48:55.038+0000] {processor.py:925} INFO - DAG(s) 'example_sensor_decorator' retrieved from /home/airflow/.local/lib/python3.12/site-packages/airflow/example_dags/example_sensor_decorator.py
[2024-11-25T08:48:55.078+0000] {logging_mixin.py:190} INFO - [2024-11-25T08:48:55.078+0000] {dag.py:3239} INFO - Sync 1 DAGs
[2024-11-25T08:48:55.109+0000] {logging_mixin.py:190} INFO - [2024-11-25T08:48:55.108+0000] {dag.py:4180} INFO - Setting next_dagrun for example_sensor_decorator to None, run_after=None
[2024-11-25T08:48:55.142+0000] {processor.py:208} INFO - Processing /home/airflow/.local/lib/python3.12/site-packages/airflow/example_dags/example_sensor_decorator.py took 0.154 seconds
[2024-11-25T08:49:25.329+0000] {processor.py:186} INFO - Started process (PID=4898) to work on /home/airflow/.local/lib/python3.12/site-packages/airflow/example_dags/example_sensor_decorator.py
[2024-11-25T08:49:25.332+0000] {processor.py:914} INFO - Processing file /home/airflow/.local/lib/python3.12/site-packages/airflow/example_dags/example_sensor_decorator.py for tasks to queue
[2024-11-25T08:49:25.335+0000] {logging_mixin.py:190} INFO - [2024-11-25T08:49:25.335+0000] {dagbag.py:588} INFO - Filling up the DagBag from /home/airflow/.local/lib/python3.12/site-packages/airflow/example_dags/example_sensor_decorator.py
[2024-11-25T08:49:25.347+0000] {processor.py:925} INFO - DAG(s) 'example_sensor_decorator' retrieved from /home/airflow/.local/lib/python3.12/site-packages/airflow/example_dags/example_sensor_decorator.py
[2024-11-25T08:49:25.380+0000] {logging_mixin.py:190} INFO - [2024-11-25T08:49:25.379+0000] {dag.py:3239} INFO - Sync 1 DAGs
[2024-11-25T08:49:25.403+0000] {logging_mixin.py:190} INFO - [2024-11-25T08:49:25.402+0000] {dag.py:4180} INFO - Setting next_dagrun for example_sensor_decorator to None, run_after=None
[2024-11-25T08:49:25.438+0000] {processor.py:208} INFO - Processing /home/airflow/.local/lib/python3.12/site-packages/airflow/example_dags/example_sensor_decorator.py took 0.116 seconds
[2024-11-25T08:49:56.081+0000] {processor.py:186} INFO - Started process (PID=5199) to work on /home/airflow/.local/lib/python3.12/site-packages/airflow/example_dags/example_sensor_decorator.py
[2024-11-25T08:49:56.082+0000] {processor.py:914} INFO - Processing file /home/airflow/.local/lib/python3.12/site-packages/airflow/example_dags/example_sensor_decorator.py for tasks to queue
[2024-11-25T08:49:56.084+0000] {logging_mixin.py:190} INFO - [2024-11-25T08:49:56.084+0000] {dagbag.py:588} INFO - Filling up the DagBag from /home/airflow/.local/lib/python3.12/site-packages/airflow/example_dags/example_sensor_decorator.py
[2024-11-25T08:49:56.092+0000] {processor.py:925} INFO - DAG(s) 'example_sensor_decorator' retrieved from /home/airflow/.local/lib/python3.12/site-packages/airflow/example_dags/example_sensor_decorator.py
[2024-11-25T08:49:56.124+0000] {logging_mixin.py:190} INFO - [2024-11-25T08:49:56.123+0000] {dag.py:3239} INFO - Sync 1 DAGs
[2024-11-25T08:49:56.157+0000] {logging_mixin.py:190} INFO - [2024-11-25T08:49:56.157+0000] {dag.py:4180} INFO - Setting next_dagrun for example_sensor_decorator to None, run_after=None
[2024-11-25T08:49:56.218+0000] {processor.py:208} INFO - Processing /home/airflow/.local/lib/python3.12/site-packages/airflow/example_dags/example_sensor_decorator.py took 0.144 seconds
[2024-11-25T08:50:27.686+0000] {processor.py:186} INFO - Started process (PID=5495) to work on /home/airflow/.local/lib/python3.12/site-packages/airflow/example_dags/example_sensor_decorator.py
[2024-11-25T08:50:27.688+0000] {processor.py:914} INFO - Processing file /home/airflow/.local/lib/python3.12/site-packages/airflow/example_dags/example_sensor_decorator.py for tasks to queue
[2024-11-25T08:50:27.699+0000] {logging_mixin.py:190} INFO - [2024-11-25T08:50:27.697+0000] {dagbag.py:588} INFO - Filling up the DagBag from /home/airflow/.local/lib/python3.12/site-packages/airflow/example_dags/example_sensor_decorator.py
[2024-11-25T08:50:27.732+0000] {processor.py:925} INFO - DAG(s) 'example_sensor_decorator' retrieved from /home/airflow/.local/lib/python3.12/site-packages/airflow/example_dags/example_sensor_decorator.py
[2024-11-25T08:50:27.820+0000] {logging_mixin.py:190} INFO - [2024-11-25T08:50:27.820+0000] {dag.py:3239} INFO - Sync 1 DAGs
[2024-11-25T08:50:27.898+0000] {logging_mixin.py:190} INFO - [2024-11-25T08:50:27.896+0000] {dag.py:4180} INFO - Setting next_dagrun for example_sensor_decorator to None, run_after=None
[2024-11-25T08:50:27.966+0000] {processor.py:208} INFO - Processing /home/airflow/.local/lib/python3.12/site-packages/airflow/example_dags/example_sensor_decorator.py took 0.293 seconds
[2024-11-25T08:50:58.302+0000] {processor.py:186} INFO - Started process (PID=5799) to work on /home/airflow/.local/lib/python3.12/site-packages/airflow/example_dags/example_sensor_decorator.py
[2024-11-25T08:50:58.304+0000] {processor.py:914} INFO - Processing file /home/airflow/.local/lib/python3.12/site-packages/airflow/example_dags/example_sensor_decorator.py for tasks to queue
[2024-11-25T08:50:58.308+0000] {logging_mixin.py:190} INFO - [2024-11-25T08:50:58.307+0000] {dagbag.py:588} INFO - Filling up the DagBag from /home/airflow/.local/lib/python3.12/site-packages/airflow/example_dags/example_sensor_decorator.py
[2024-11-25T08:50:58.319+0000] {processor.py:925} INFO - DAG(s) 'example_sensor_decorator' retrieved from /home/airflow/.local/lib/python3.12/site-packages/airflow/example_dags/example_sensor_decorator.py
[2024-11-25T08:50:58.345+0000] {logging_mixin.py:190} INFO - [2024-11-25T08:50:58.345+0000] {dag.py:3239} INFO - Sync 1 DAGs
[2024-11-25T08:50:58.362+0000] {logging_mixin.py:190} INFO - [2024-11-25T08:50:58.362+0000] {dag.py:4180} INFO - Setting next_dagrun for example_sensor_decorator to None, run_after=None
[2024-11-25T08:50:58.381+0000] {processor.py:208} INFO - Processing /home/airflow/.local/lib/python3.12/site-packages/airflow/example_dags/example_sensor_decorator.py took 0.085 seconds
[2024-11-25T08:51:28.613+0000] {processor.py:186} INFO - Started process (PID=6106) to work on /home/airflow/.local/lib/python3.12/site-packages/airflow/example_dags/example_sensor_decorator.py
[2024-11-25T08:51:28.614+0000] {processor.py:914} INFO - Processing file /home/airflow/.local/lib/python3.12/site-packages/airflow/example_dags/example_sensor_decorator.py for tasks to queue
[2024-11-25T08:51:28.617+0000] {logging_mixin.py:190} INFO - [2024-11-25T08:51:28.617+0000] {dagbag.py:588} INFO - Filling up the DagBag from /home/airflow/.local/lib/python3.12/site-packages/airflow/example_dags/example_sensor_decorator.py
[2024-11-25T08:51:28.628+0000] {processor.py:925} INFO - DAG(s) 'example_sensor_decorator' retrieved from /home/airflow/.local/lib/python3.12/site-packages/airflow/example_dags/example_sensor_decorator.py
[2024-11-25T08:51:28.657+0000] {logging_mixin.py:190} INFO - [2024-11-25T08:51:28.657+0000] {dag.py:3239} INFO - Sync 1 DAGs
[2024-11-25T08:51:28.674+0000] {logging_mixin.py:190} INFO - [2024-11-25T08:51:28.674+0000] {dag.py:4180} INFO - Setting next_dagrun for example_sensor_decorator to None, run_after=None
[2024-11-25T08:51:28.696+0000] {processor.py:208} INFO - Processing /home/airflow/.local/lib/python3.12/site-packages/airflow/example_dags/example_sensor_decorator.py took 0.089 seconds
[2024-11-25T08:51:59.449+0000] {processor.py:186} INFO - Started process (PID=6407) to work on /home/airflow/.local/lib/python3.12/site-packages/airflow/example_dags/example_sensor_decorator.py
[2024-11-25T08:51:59.451+0000] {processor.py:914} INFO - Processing file /home/airflow/.local/lib/python3.12/site-packages/airflow/example_dags/example_sensor_decorator.py for tasks to queue
[2024-11-25T08:51:59.454+0000] {logging_mixin.py:190} INFO - [2024-11-25T08:51:59.453+0000] {dagbag.py:588} INFO - Filling up the DagBag from /home/airflow/.local/lib/python3.12/site-packages/airflow/example_dags/example_sensor_decorator.py
[2024-11-25T08:51:59.462+0000] {processor.py:925} INFO - DAG(s) 'example_sensor_decorator' retrieved from /home/airflow/.local/lib/python3.12/site-packages/airflow/example_dags/example_sensor_decorator.py
[2024-11-25T08:51:59.482+0000] {logging_mixin.py:190} INFO - [2024-11-25T08:51:59.482+0000] {dag.py:3239} INFO - Sync 1 DAGs
[2024-11-25T08:51:59.500+0000] {logging_mixin.py:190} INFO - [2024-11-25T08:51:59.500+0000] {dag.py:4180} INFO - Setting next_dagrun for example_sensor_decorator to None, run_after=None
[2024-11-25T08:51:59.521+0000] {processor.py:208} INFO - Processing /home/airflow/.local/lib/python3.12/site-packages/airflow/example_dags/example_sensor_decorator.py took 0.083 seconds
[2024-11-25T08:52:29.956+0000] {processor.py:186} INFO - Started process (PID=6710) to work on /home/airflow/.local/lib/python3.12/site-packages/airflow/example_dags/example_sensor_decorator.py
[2024-11-25T08:52:29.957+0000] {processor.py:914} INFO - Processing file /home/airflow/.local/lib/python3.12/site-packages/airflow/example_dags/example_sensor_decorator.py for tasks to queue
[2024-11-25T08:52:29.960+0000] {logging_mixin.py:190} INFO - [2024-11-25T08:52:29.959+0000] {dagbag.py:588} INFO - Filling up the DagBag from /home/airflow/.local/lib/python3.12/site-packages/airflow/example_dags/example_sensor_decorator.py
[2024-11-25T08:52:29.967+0000] {processor.py:925} INFO - DAG(s) 'example_sensor_decorator' retrieved from /home/airflow/.local/lib/python3.12/site-packages/airflow/example_dags/example_sensor_decorator.py
[2024-11-25T08:52:29.987+0000] {logging_mixin.py:190} INFO - [2024-11-25T08:52:29.987+0000] {dag.py:3239} INFO - Sync 1 DAGs
[2024-11-25T08:52:30.001+0000] {logging_mixin.py:190} INFO - [2024-11-25T08:52:30.001+0000] {dag.py:4180} INFO - Setting next_dagrun for example_sensor_decorator to None, run_after=None
[2024-11-25T08:52:30.020+0000] {processor.py:208} INFO - Processing /home/airflow/.local/lib/python3.12/site-packages/airflow/example_dags/example_sensor_decorator.py took 0.069 seconds
[2024-11-25T08:53:00.568+0000] {processor.py:186} INFO - Started process (PID=7010) to work on /home/airflow/.local/lib/python3.12/site-packages/airflow/example_dags/example_sensor_decorator.py
[2024-11-25T08:53:00.569+0000] {processor.py:914} INFO - Processing file /home/airflow/.local/lib/python3.12/site-packages/airflow/example_dags/example_sensor_decorator.py for tasks to queue
[2024-11-25T08:53:00.572+0000] {logging_mixin.py:190} INFO - [2024-11-25T08:53:00.572+0000] {dagbag.py:588} INFO - Filling up the DagBag from /home/airflow/.local/lib/python3.12/site-packages/airflow/example_dags/example_sensor_decorator.py
[2024-11-25T08:53:00.583+0000] {processor.py:925} INFO - DAG(s) 'example_sensor_decorator' retrieved from /home/airflow/.local/lib/python3.12/site-packages/airflow/example_dags/example_sensor_decorator.py
[2024-11-25T08:53:00.615+0000] {logging_mixin.py:190} INFO - [2024-11-25T08:53:00.615+0000] {dag.py:3239} INFO - Sync 1 DAGs
[2024-11-25T08:53:00.632+0000] {logging_mixin.py:190} INFO - [2024-11-25T08:53:00.632+0000] {dag.py:4180} INFO - Setting next_dagrun for example_sensor_decorator to None, run_after=None
[2024-11-25T08:53:00.652+0000] {processor.py:208} INFO - Processing /home/airflow/.local/lib/python3.12/site-packages/airflow/example_dags/example_sensor_decorator.py took 0.092 seconds
[2024-11-25T08:53:31.066+0000] {processor.py:186} INFO - Started process (PID=7310) to work on /home/airflow/.local/lib/python3.12/site-packages/airflow/example_dags/example_sensor_decorator.py
[2024-11-25T08:53:31.067+0000] {processor.py:914} INFO - Processing file /home/airflow/.local/lib/python3.12/site-packages/airflow/example_dags/example_sensor_decorator.py for tasks to queue
[2024-11-25T08:53:31.069+0000] {logging_mixin.py:190} INFO - [2024-11-25T08:53:31.069+0000] {dagbag.py:588} INFO - Filling up the DagBag from /home/airflow/.local/lib/python3.12/site-packages/airflow/example_dags/example_sensor_decorator.py
[2024-11-25T08:53:31.078+0000] {processor.py:925} INFO - DAG(s) 'example_sensor_decorator' retrieved from /home/airflow/.local/lib/python3.12/site-packages/airflow/example_dags/example_sensor_decorator.py
[2024-11-25T08:53:31.103+0000] {logging_mixin.py:190} INFO - [2024-11-25T08:53:31.102+0000] {dag.py:3239} INFO - Sync 1 DAGs
[2024-11-25T08:53:31.119+0000] {logging_mixin.py:190} INFO - [2024-11-25T08:53:31.118+0000] {dag.py:4180} INFO - Setting next_dagrun for example_sensor_decorator to None, run_after=None
[2024-11-25T08:53:31.142+0000] {processor.py:208} INFO - Processing /home/airflow/.local/lib/python3.12/site-packages/airflow/example_dags/example_sensor_decorator.py took 0.082 seconds
[2024-11-25T08:54:02.173+0000] {processor.py:186} INFO - Started process (PID=7611) to work on /home/airflow/.local/lib/python3.12/site-packages/airflow/example_dags/example_sensor_decorator.py
[2024-11-25T08:54:02.179+0000] {processor.py:914} INFO - Processing file /home/airflow/.local/lib/python3.12/site-packages/airflow/example_dags/example_sensor_decorator.py for tasks to queue
[2024-11-25T08:54:02.192+0000] {logging_mixin.py:190} INFO - [2024-11-25T08:54:02.191+0000] {dagbag.py:588} INFO - Filling up the DagBag from /home/airflow/.local/lib/python3.12/site-packages/airflow/example_dags/example_sensor_decorator.py
[2024-11-25T08:54:02.233+0000] {processor.py:925} INFO - DAG(s) 'example_sensor_decorator' retrieved from /home/airflow/.local/lib/python3.12/site-packages/airflow/example_dags/example_sensor_decorator.py
[2024-11-25T08:54:02.298+0000] {logging_mixin.py:190} INFO - [2024-11-25T08:54:02.297+0000] {dag.py:3239} INFO - Sync 1 DAGs
[2024-11-25T08:54:02.332+0000] {logging_mixin.py:190} INFO - [2024-11-25T08:54:02.332+0000] {dag.py:4180} INFO - Setting next_dagrun for example_sensor_decorator to None, run_after=None
[2024-11-25T08:54:02.355+0000] {processor.py:208} INFO - Processing /home/airflow/.local/lib/python3.12/site-packages/airflow/example_dags/example_sensor_decorator.py took 0.194 seconds
[2024-11-25T08:54:32.952+0000] {processor.py:186} INFO - Started process (PID=7912) to work on /home/airflow/.local/lib/python3.12/site-packages/airflow/example_dags/example_sensor_decorator.py
[2024-11-25T08:54:32.954+0000] {processor.py:914} INFO - Processing file /home/airflow/.local/lib/python3.12/site-packages/airflow/example_dags/example_sensor_decorator.py for tasks to queue
[2024-11-25T08:54:32.956+0000] {logging_mixin.py:190} INFO - [2024-11-25T08:54:32.956+0000] {dagbag.py:588} INFO - Filling up the DagBag from /home/airflow/.local/lib/python3.12/site-packages/airflow/example_dags/example_sensor_decorator.py
[2024-11-25T08:54:32.966+0000] {processor.py:925} INFO - DAG(s) 'example_sensor_decorator' retrieved from /home/airflow/.local/lib/python3.12/site-packages/airflow/example_dags/example_sensor_decorator.py
[2024-11-25T08:54:32.991+0000] {logging_mixin.py:190} INFO - [2024-11-25T08:54:32.991+0000] {dag.py:3239} INFO - Sync 1 DAGs
[2024-11-25T08:54:33.009+0000] {logging_mixin.py:190} INFO - [2024-11-25T08:54:33.009+0000] {dag.py:4180} INFO - Setting next_dagrun for example_sensor_decorator to None, run_after=None
[2024-11-25T08:54:33.028+0000] {processor.py:208} INFO - Processing /home/airflow/.local/lib/python3.12/site-packages/airflow/example_dags/example_sensor_decorator.py took 0.085 seconds
[2024-11-25T08:55:03.932+0000] {processor.py:186} INFO - Started process (PID=8215) to work on /home/airflow/.local/lib/python3.12/site-packages/airflow/example_dags/example_sensor_decorator.py
[2024-11-25T08:55:03.933+0000] {processor.py:914} INFO - Processing file /home/airflow/.local/lib/python3.12/site-packages/airflow/example_dags/example_sensor_decorator.py for tasks to queue
[2024-11-25T08:55:03.936+0000] {logging_mixin.py:190} INFO - [2024-11-25T08:55:03.935+0000] {dagbag.py:588} INFO - Filling up the DagBag from /home/airflow/.local/lib/python3.12/site-packages/airflow/example_dags/example_sensor_decorator.py
[2024-11-25T08:55:03.950+0000] {processor.py:925} INFO - DAG(s) 'example_sensor_decorator' retrieved from /home/airflow/.local/lib/python3.12/site-packages/airflow/example_dags/example_sensor_decorator.py
[2024-11-25T08:55:03.977+0000] {logging_mixin.py:190} INFO - [2024-11-25T08:55:03.977+0000] {dag.py:3239} INFO - Sync 1 DAGs
[2024-11-25T08:55:03.996+0000] {logging_mixin.py:190} INFO - [2024-11-25T08:55:03.996+0000] {dag.py:4180} INFO - Setting next_dagrun for example_sensor_decorator to None, run_after=None
[2024-11-25T08:55:04.025+0000] {processor.py:208} INFO - Processing /home/airflow/.local/lib/python3.12/site-packages/airflow/example_dags/example_sensor_decorator.py took 0.099 seconds
[2024-11-25T08:55:34.993+0000] {processor.py:186} INFO - Started process (PID=8517) to work on /home/airflow/.local/lib/python3.12/site-packages/airflow/example_dags/example_sensor_decorator.py
[2024-11-25T08:55:34.994+0000] {processor.py:914} INFO - Processing file /home/airflow/.local/lib/python3.12/site-packages/airflow/example_dags/example_sensor_decorator.py for tasks to queue
[2024-11-25T08:55:34.996+0000] {logging_mixin.py:190} INFO - [2024-11-25T08:55:34.996+0000] {dagbag.py:588} INFO - Filling up the DagBag from /home/airflow/.local/lib/python3.12/site-packages/airflow/example_dags/example_sensor_decorator.py
[2024-11-25T08:55:35.004+0000] {processor.py:925} INFO - DAG(s) 'example_sensor_decorator' retrieved from /home/airflow/.local/lib/python3.12/site-packages/airflow/example_dags/example_sensor_decorator.py
[2024-11-25T08:55:35.029+0000] {logging_mixin.py:190} INFO - [2024-11-25T08:55:35.028+0000] {dag.py:3239} INFO - Sync 1 DAGs
[2024-11-25T08:55:35.043+0000] {logging_mixin.py:190} INFO - [2024-11-25T08:55:35.043+0000] {dag.py:4180} INFO - Setting next_dagrun for example_sensor_decorator to None, run_after=None
[2024-11-25T08:55:35.068+0000] {processor.py:208} INFO - Processing /home/airflow/.local/lib/python3.12/site-packages/airflow/example_dags/example_sensor_decorator.py took 0.081 seconds
[2024-11-25T08:56:05.835+0000] {processor.py:186} INFO - Started process (PID=8819) to work on /home/airflow/.local/lib/python3.12/site-packages/airflow/example_dags/example_sensor_decorator.py
[2024-11-25T08:56:05.836+0000] {processor.py:914} INFO - Processing file /home/airflow/.local/lib/python3.12/site-packages/airflow/example_dags/example_sensor_decorator.py for tasks to queue
[2024-11-25T08:56:05.840+0000] {logging_mixin.py:190} INFO - [2024-11-25T08:56:05.839+0000] {dagbag.py:588} INFO - Filling up the DagBag from /home/airflow/.local/lib/python3.12/site-packages/airflow/example_dags/example_sensor_decorator.py
[2024-11-25T08:56:05.849+0000] {processor.py:925} INFO - DAG(s) 'example_sensor_decorator' retrieved from /home/airflow/.local/lib/python3.12/site-packages/airflow/example_dags/example_sensor_decorator.py
[2024-11-25T08:56:05.885+0000] {logging_mixin.py:190} INFO - [2024-11-25T08:56:05.885+0000] {dag.py:3239} INFO - Sync 1 DAGs
[2024-11-25T08:56:05.906+0000] {logging_mixin.py:190} INFO - [2024-11-25T08:56:05.906+0000] {dag.py:4180} INFO - Setting next_dagrun for example_sensor_decorator to None, run_after=None
[2024-11-25T08:56:05.928+0000] {processor.py:208} INFO - Processing /home/airflow/.local/lib/python3.12/site-packages/airflow/example_dags/example_sensor_decorator.py took 0.101 seconds
[2024-11-25T08:56:36.048+0000] {processor.py:186} INFO - Started process (PID=9120) to work on /home/airflow/.local/lib/python3.12/site-packages/airflow/example_dags/example_sensor_decorator.py
[2024-11-25T08:56:36.049+0000] {processor.py:914} INFO - Processing file /home/airflow/.local/lib/python3.12/site-packages/airflow/example_dags/example_sensor_decorator.py for tasks to queue
[2024-11-25T08:56:36.052+0000] {logging_mixin.py:190} INFO - [2024-11-25T08:56:36.051+0000] {dagbag.py:588} INFO - Filling up the DagBag from /home/airflow/.local/lib/python3.12/site-packages/airflow/example_dags/example_sensor_decorator.py
[2024-11-25T08:56:36.062+0000] {processor.py:925} INFO - DAG(s) 'example_sensor_decorator' retrieved from /home/airflow/.local/lib/python3.12/site-packages/airflow/example_dags/example_sensor_decorator.py
[2024-11-25T08:56:36.100+0000] {logging_mixin.py:190} INFO - [2024-11-25T08:56:36.099+0000] {dag.py:3239} INFO - Sync 1 DAGs
[2024-11-25T08:56:36.119+0000] {logging_mixin.py:190} INFO - [2024-11-25T08:56:36.119+0000] {dag.py:4180} INFO - Setting next_dagrun for example_sensor_decorator to None, run_after=None
[2024-11-25T08:56:36.150+0000] {processor.py:208} INFO - Processing /home/airflow/.local/lib/python3.12/site-packages/airflow/example_dags/example_sensor_decorator.py took 0.110 seconds
[2024-11-25T08:57:06.359+0000] {processor.py:186} INFO - Started process (PID=9421) to work on /home/airflow/.local/lib/python3.12/site-packages/airflow/example_dags/example_sensor_decorator.py
[2024-11-25T08:57:06.361+0000] {processor.py:914} INFO - Processing file /home/airflow/.local/lib/python3.12/site-packages/airflow/example_dags/example_sensor_decorator.py for tasks to queue
[2024-11-25T08:57:06.368+0000] {logging_mixin.py:190} INFO - [2024-11-25T08:57:06.367+0000] {dagbag.py:588} INFO - Filling up the DagBag from /home/airflow/.local/lib/python3.12/site-packages/airflow/example_dags/example_sensor_decorator.py
[2024-11-25T08:57:06.387+0000] {processor.py:925} INFO - DAG(s) 'example_sensor_decorator' retrieved from /home/airflow/.local/lib/python3.12/site-packages/airflow/example_dags/example_sensor_decorator.py
[2024-11-25T08:57:06.420+0000] {logging_mixin.py:190} INFO - [2024-11-25T08:57:06.420+0000] {dag.py:3239} INFO - Sync 1 DAGs
[2024-11-25T08:57:06.439+0000] {logging_mixin.py:190} INFO - [2024-11-25T08:57:06.438+0000] {dag.py:4180} INFO - Setting next_dagrun for example_sensor_decorator to None, run_after=None
[2024-11-25T08:57:06.465+0000] {processor.py:208} INFO - Processing /home/airflow/.local/lib/python3.12/site-packages/airflow/example_dags/example_sensor_decorator.py took 0.114 seconds
[2024-11-25T08:57:37.294+0000] {processor.py:186} INFO - Started process (PID=9722) to work on /home/airflow/.local/lib/python3.12/site-packages/airflow/example_dags/example_sensor_decorator.py
[2024-11-25T08:57:37.295+0000] {processor.py:914} INFO - Processing file /home/airflow/.local/lib/python3.12/site-packages/airflow/example_dags/example_sensor_decorator.py for tasks to queue
[2024-11-25T08:57:37.299+0000] {logging_mixin.py:190} INFO - [2024-11-25T08:57:37.298+0000] {dagbag.py:588} INFO - Filling up the DagBag from /home/airflow/.local/lib/python3.12/site-packages/airflow/example_dags/example_sensor_decorator.py
[2024-11-25T08:57:37.308+0000] {processor.py:925} INFO - DAG(s) 'example_sensor_decorator' retrieved from /home/airflow/.local/lib/python3.12/site-packages/airflow/example_dags/example_sensor_decorator.py
[2024-11-25T08:57:37.334+0000] {logging_mixin.py:190} INFO - [2024-11-25T08:57:37.334+0000] {dag.py:3239} INFO - Sync 1 DAGs
[2024-11-25T08:57:37.363+0000] {logging_mixin.py:190} INFO - [2024-11-25T08:57:37.362+0000] {dag.py:4180} INFO - Setting next_dagrun for example_sensor_decorator to None, run_after=None
[2024-11-25T08:57:37.388+0000] {processor.py:208} INFO - Processing /home/airflow/.local/lib/python3.12/site-packages/airflow/example_dags/example_sensor_decorator.py took 0.101 seconds
[2024-11-25T08:58:07.867+0000] {processor.py:186} INFO - Started process (PID=10023) to work on /home/airflow/.local/lib/python3.12/site-packages/airflow/example_dags/example_sensor_decorator.py
[2024-11-25T08:58:07.869+0000] {processor.py:914} INFO - Processing file /home/airflow/.local/lib/python3.12/site-packages/airflow/example_dags/example_sensor_decorator.py for tasks to queue
[2024-11-25T08:58:07.873+0000] {logging_mixin.py:190} INFO - [2024-11-25T08:58:07.872+0000] {dagbag.py:588} INFO - Filling up the DagBag from /home/airflow/.local/lib/python3.12/site-packages/airflow/example_dags/example_sensor_decorator.py
[2024-11-25T08:58:07.889+0000] {processor.py:925} INFO - DAG(s) 'example_sensor_decorator' retrieved from /home/airflow/.local/lib/python3.12/site-packages/airflow/example_dags/example_sensor_decorator.py
[2024-11-25T08:58:07.917+0000] {logging_mixin.py:190} INFO - [2024-11-25T08:58:07.916+0000] {dag.py:3239} INFO - Sync 1 DAGs
[2024-11-25T08:58:07.936+0000] {logging_mixin.py:190} INFO - [2024-11-25T08:58:07.936+0000] {dag.py:4180} INFO - Setting next_dagrun for example_sensor_decorator to None, run_after=None
[2024-11-25T08:58:07.963+0000] {processor.py:208} INFO - Processing /home/airflow/.local/lib/python3.12/site-packages/airflow/example_dags/example_sensor_decorator.py took 0.106 seconds
[2024-11-25T08:58:38.174+0000] {processor.py:186} INFO - Started process (PID=10324) to work on /home/airflow/.local/lib/python3.12/site-packages/airflow/example_dags/example_sensor_decorator.py
[2024-11-25T08:58:38.176+0000] {processor.py:914} INFO - Processing file /home/airflow/.local/lib/python3.12/site-packages/airflow/example_dags/example_sensor_decorator.py for tasks to queue
[2024-11-25T08:58:38.179+0000] {logging_mixin.py:190} INFO - [2024-11-25T08:58:38.179+0000] {dagbag.py:588} INFO - Filling up the DagBag from /home/airflow/.local/lib/python3.12/site-packages/airflow/example_dags/example_sensor_decorator.py
[2024-11-25T08:58:38.200+0000] {processor.py:925} INFO - DAG(s) 'example_sensor_decorator' retrieved from /home/airflow/.local/lib/python3.12/site-packages/airflow/example_dags/example_sensor_decorator.py
[2024-11-25T08:58:38.244+0000] {logging_mixin.py:190} INFO - [2024-11-25T08:58:38.244+0000] {dag.py:3239} INFO - Sync 1 DAGs
[2024-11-25T08:58:38.295+0000] {logging_mixin.py:190} INFO - [2024-11-25T08:58:38.295+0000] {dag.py:4180} INFO - Setting next_dagrun for example_sensor_decorator to None, run_after=None
[2024-11-25T08:58:38.364+0000] {processor.py:208} INFO - Processing /home/airflow/.local/lib/python3.12/site-packages/airflow/example_dags/example_sensor_decorator.py took 0.199 seconds
[2024-11-25T08:59:08.494+0000] {processor.py:186} INFO - Started process (PID=10625) to work on /home/airflow/.local/lib/python3.12/site-packages/airflow/example_dags/example_sensor_decorator.py
[2024-11-25T08:59:08.496+0000] {processor.py:914} INFO - Processing file /home/airflow/.local/lib/python3.12/site-packages/airflow/example_dags/example_sensor_decorator.py for tasks to queue
[2024-11-25T08:59:08.501+0000] {logging_mixin.py:190} INFO - [2024-11-25T08:59:08.501+0000] {dagbag.py:588} INFO - Filling up the DagBag from /home/airflow/.local/lib/python3.12/site-packages/airflow/example_dags/example_sensor_decorator.py
[2024-11-25T08:59:08.519+0000] {processor.py:925} INFO - DAG(s) 'example_sensor_decorator' retrieved from /home/airflow/.local/lib/python3.12/site-packages/airflow/example_dags/example_sensor_decorator.py
[2024-11-25T08:59:08.566+0000] {logging_mixin.py:190} INFO - [2024-11-25T08:59:08.565+0000] {dag.py:3239} INFO - Sync 1 DAGs
[2024-11-25T08:59:08.600+0000] {logging_mixin.py:190} INFO - [2024-11-25T08:59:08.600+0000] {dag.py:4180} INFO - Setting next_dagrun for example_sensor_decorator to None, run_after=None
[2024-11-25T08:59:08.640+0000] {processor.py:208} INFO - Processing /home/airflow/.local/lib/python3.12/site-packages/airflow/example_dags/example_sensor_decorator.py took 0.159 seconds
[2024-11-25T08:59:38.953+0000] {processor.py:186} INFO - Started process (PID=10926) to work on /home/airflow/.local/lib/python3.12/site-packages/airflow/example_dags/example_sensor_decorator.py
[2024-11-25T08:59:38.955+0000] {processor.py:914} INFO - Processing file /home/airflow/.local/lib/python3.12/site-packages/airflow/example_dags/example_sensor_decorator.py for tasks to queue
[2024-11-25T08:59:38.959+0000] {logging_mixin.py:190} INFO - [2024-11-25T08:59:38.958+0000] {dagbag.py:588} INFO - Filling up the DagBag from /home/airflow/.local/lib/python3.12/site-packages/airflow/example_dags/example_sensor_decorator.py
[2024-11-25T08:59:38.974+0000] {processor.py:925} INFO - DAG(s) 'example_sensor_decorator' retrieved from /home/airflow/.local/lib/python3.12/site-packages/airflow/example_dags/example_sensor_decorator.py
[2024-11-25T08:59:39.020+0000] {logging_mixin.py:190} INFO - [2024-11-25T08:59:39.019+0000] {dag.py:3239} INFO - Sync 1 DAGs
[2024-11-25T08:59:39.056+0000] {logging_mixin.py:190} INFO - [2024-11-25T08:59:39.056+0000] {dag.py:4180} INFO - Setting next_dagrun for example_sensor_decorator to None, run_after=None
[2024-11-25T08:59:39.090+0000] {processor.py:208} INFO - Processing /home/airflow/.local/lib/python3.12/site-packages/airflow/example_dags/example_sensor_decorator.py took 0.145 seconds
[2024-11-25T09:00:09.386+0000] {processor.py:186} INFO - Started process (PID=11227) to work on /home/airflow/.local/lib/python3.12/site-packages/airflow/example_dags/example_sensor_decorator.py
[2024-11-25T09:00:09.387+0000] {processor.py:914} INFO - Processing file /home/airflow/.local/lib/python3.12/site-packages/airflow/example_dags/example_sensor_decorator.py for tasks to queue
[2024-11-25T09:00:09.390+0000] {logging_mixin.py:190} INFO - [2024-11-25T09:00:09.390+0000] {dagbag.py:588} INFO - Filling up the DagBag from /home/airflow/.local/lib/python3.12/site-packages/airflow/example_dags/example_sensor_decorator.py
[2024-11-25T09:00:09.401+0000] {processor.py:925} INFO - DAG(s) 'example_sensor_decorator' retrieved from /home/airflow/.local/lib/python3.12/site-packages/airflow/example_dags/example_sensor_decorator.py
[2024-11-25T09:00:09.432+0000] {logging_mixin.py:190} INFO - [2024-11-25T09:00:09.432+0000] {dag.py:3239} INFO - Sync 1 DAGs
[2024-11-25T09:00:09.458+0000] {logging_mixin.py:190} INFO - [2024-11-25T09:00:09.457+0000] {dag.py:4180} INFO - Setting next_dagrun for example_sensor_decorator to None, run_after=None
[2024-11-25T09:00:09.485+0000] {processor.py:208} INFO - Processing /home/airflow/.local/lib/python3.12/site-packages/airflow/example_dags/example_sensor_decorator.py took 0.105 seconds
[2024-11-25T09:00:39.897+0000] {processor.py:186} INFO - Started process (PID=11528) to work on /home/airflow/.local/lib/python3.12/site-packages/airflow/example_dags/example_sensor_decorator.py
[2024-11-25T09:00:39.899+0000] {processor.py:914} INFO - Processing file /home/airflow/.local/lib/python3.12/site-packages/airflow/example_dags/example_sensor_decorator.py for tasks to queue
[2024-11-25T09:00:39.904+0000] {logging_mixin.py:190} INFO - [2024-11-25T09:00:39.903+0000] {dagbag.py:588} INFO - Filling up the DagBag from /home/airflow/.local/lib/python3.12/site-packages/airflow/example_dags/example_sensor_decorator.py
[2024-11-25T09:00:39.931+0000] {processor.py:925} INFO - DAG(s) 'example_sensor_decorator' retrieved from /home/airflow/.local/lib/python3.12/site-packages/airflow/example_dags/example_sensor_decorator.py
[2024-11-25T09:00:39.974+0000] {logging_mixin.py:190} INFO - [2024-11-25T09:00:39.974+0000] {dag.py:3239} INFO - Sync 1 DAGs
[2024-11-25T09:00:39.999+0000] {logging_mixin.py:190} INFO - [2024-11-25T09:00:39.999+0000] {dag.py:4180} INFO - Setting next_dagrun for example_sensor_decorator to None, run_after=None
[2024-11-25T09:00:40.033+0000] {processor.py:208} INFO - Processing /home/airflow/.local/lib/python3.12/site-packages/airflow/example_dags/example_sensor_decorator.py took 0.144 seconds
[2024-11-25T09:01:10.609+0000] {processor.py:186} INFO - Started process (PID=11829) to work on /home/airflow/.local/lib/python3.12/site-packages/airflow/example_dags/example_sensor_decorator.py
[2024-11-25T09:01:10.611+0000] {processor.py:914} INFO - Processing file /home/airflow/.local/lib/python3.12/site-packages/airflow/example_dags/example_sensor_decorator.py for tasks to queue
[2024-11-25T09:01:10.614+0000] {logging_mixin.py:190} INFO - [2024-11-25T09:01:10.613+0000] {dagbag.py:588} INFO - Filling up the DagBag from /home/airflow/.local/lib/python3.12/site-packages/airflow/example_dags/example_sensor_decorator.py
[2024-11-25T09:01:10.623+0000] {processor.py:925} INFO - DAG(s) 'example_sensor_decorator' retrieved from /home/airflow/.local/lib/python3.12/site-packages/airflow/example_dags/example_sensor_decorator.py
[2024-11-25T09:01:10.657+0000] {logging_mixin.py:190} INFO - [2024-11-25T09:01:10.656+0000] {dag.py:3239} INFO - Sync 1 DAGs
[2024-11-25T09:01:10.691+0000] {logging_mixin.py:190} INFO - [2024-11-25T09:01:10.691+0000] {dag.py:4180} INFO - Setting next_dagrun for example_sensor_decorator to None, run_after=None
[2024-11-25T09:01:10.721+0000] {processor.py:208} INFO - Processing /home/airflow/.local/lib/python3.12/site-packages/airflow/example_dags/example_sensor_decorator.py took 0.119 seconds
[2024-11-25T09:01:41.050+0000] {processor.py:186} INFO - Started process (PID=12125) to work on /home/airflow/.local/lib/python3.12/site-packages/airflow/example_dags/example_sensor_decorator.py
[2024-11-25T09:01:41.052+0000] {processor.py:914} INFO - Processing file /home/airflow/.local/lib/python3.12/site-packages/airflow/example_dags/example_sensor_decorator.py for tasks to queue
[2024-11-25T09:01:41.055+0000] {logging_mixin.py:190} INFO - [2024-11-25T09:01:41.054+0000] {dagbag.py:588} INFO - Filling up the DagBag from /home/airflow/.local/lib/python3.12/site-packages/airflow/example_dags/example_sensor_decorator.py
[2024-11-25T09:01:41.068+0000] {processor.py:925} INFO - DAG(s) 'example_sensor_decorator' retrieved from /home/airflow/.local/lib/python3.12/site-packages/airflow/example_dags/example_sensor_decorator.py
[2024-11-25T09:01:41.100+0000] {logging_mixin.py:190} INFO - [2024-11-25T09:01:41.099+0000] {dag.py:3239} INFO - Sync 1 DAGs
[2024-11-25T09:01:41.122+0000] {logging_mixin.py:190} INFO - [2024-11-25T09:01:41.122+0000] {dag.py:4180} INFO - Setting next_dagrun for example_sensor_decorator to None, run_after=None
[2024-11-25T09:01:41.149+0000] {processor.py:208} INFO - Processing /home/airflow/.local/lib/python3.12/site-packages/airflow/example_dags/example_sensor_decorator.py took 0.105 seconds
[2024-11-25T09:02:11.417+0000] {processor.py:186} INFO - Started process (PID=12427) to work on /home/airflow/.local/lib/python3.12/site-packages/airflow/example_dags/example_sensor_decorator.py
[2024-11-25T09:02:11.419+0000] {processor.py:914} INFO - Processing file /home/airflow/.local/lib/python3.12/site-packages/airflow/example_dags/example_sensor_decorator.py for tasks to queue
[2024-11-25T09:02:11.422+0000] {logging_mixin.py:190} INFO - [2024-11-25T09:02:11.421+0000] {dagbag.py:588} INFO - Filling up the DagBag from /home/airflow/.local/lib/python3.12/site-packages/airflow/example_dags/example_sensor_decorator.py
[2024-11-25T09:02:11.432+0000] {processor.py:925} INFO - DAG(s) 'example_sensor_decorator' retrieved from /home/airflow/.local/lib/python3.12/site-packages/airflow/example_dags/example_sensor_decorator.py
[2024-11-25T09:02:11.459+0000] {logging_mixin.py:190} INFO - [2024-11-25T09:02:11.459+0000] {dag.py:3239} INFO - Sync 1 DAGs
[2024-11-25T09:02:11.480+0000] {logging_mixin.py:190} INFO - [2024-11-25T09:02:11.480+0000] {dag.py:4180} INFO - Setting next_dagrun for example_sensor_decorator to None, run_after=None
[2024-11-25T09:02:11.504+0000] {processor.py:208} INFO - Processing /home/airflow/.local/lib/python3.12/site-packages/airflow/example_dags/example_sensor_decorator.py took 0.093 seconds
[2024-11-25T09:02:41.796+0000] {processor.py:186} INFO - Started process (PID=12728) to work on /home/airflow/.local/lib/python3.12/site-packages/airflow/example_dags/example_sensor_decorator.py
[2024-11-25T09:02:41.798+0000] {processor.py:914} INFO - Processing file /home/airflow/.local/lib/python3.12/site-packages/airflow/example_dags/example_sensor_decorator.py for tasks to queue
[2024-11-25T09:02:41.801+0000] {logging_mixin.py:190} INFO - [2024-11-25T09:02:41.801+0000] {dagbag.py:588} INFO - Filling up the DagBag from /home/airflow/.local/lib/python3.12/site-packages/airflow/example_dags/example_sensor_decorator.py
[2024-11-25T09:02:41.819+0000] {processor.py:925} INFO - DAG(s) 'example_sensor_decorator' retrieved from /home/airflow/.local/lib/python3.12/site-packages/airflow/example_dags/example_sensor_decorator.py
[2024-11-25T09:02:41.850+0000] {logging_mixin.py:190} INFO - [2024-11-25T09:02:41.850+0000] {dag.py:3239} INFO - Sync 1 DAGs
[2024-11-25T09:02:41.868+0000] {logging_mixin.py:190} INFO - [2024-11-25T09:02:41.867+0000] {dag.py:4180} INFO - Setting next_dagrun for example_sensor_decorator to None, run_after=None
[2024-11-25T09:02:41.890+0000] {processor.py:208} INFO - Processing /home/airflow/.local/lib/python3.12/site-packages/airflow/example_dags/example_sensor_decorator.py took 0.101 seconds
[2024-11-25T09:03:12.190+0000] {processor.py:186} INFO - Started process (PID=13030) to work on /home/airflow/.local/lib/python3.12/site-packages/airflow/example_dags/example_sensor_decorator.py
[2024-11-25T09:03:12.192+0000] {processor.py:914} INFO - Processing file /home/airflow/.local/lib/python3.12/site-packages/airflow/example_dags/example_sensor_decorator.py for tasks to queue
[2024-11-25T09:03:12.194+0000] {logging_mixin.py:190} INFO - [2024-11-25T09:03:12.194+0000] {dagbag.py:588} INFO - Filling up the DagBag from /home/airflow/.local/lib/python3.12/site-packages/airflow/example_dags/example_sensor_decorator.py
[2024-11-25T09:03:12.203+0000] {processor.py:925} INFO - DAG(s) 'example_sensor_decorator' retrieved from /home/airflow/.local/lib/python3.12/site-packages/airflow/example_dags/example_sensor_decorator.py
[2024-11-25T09:03:12.227+0000] {logging_mixin.py:190} INFO - [2024-11-25T09:03:12.227+0000] {dag.py:3239} INFO - Sync 1 DAGs
[2024-11-25T09:03:12.253+0000] {logging_mixin.py:190} INFO - [2024-11-25T09:03:12.252+0000] {dag.py:4180} INFO - Setting next_dagrun for example_sensor_decorator to None, run_after=None
[2024-11-25T09:03:12.273+0000] {processor.py:208} INFO - Processing /home/airflow/.local/lib/python3.12/site-packages/airflow/example_dags/example_sensor_decorator.py took 0.088 seconds
[2024-11-25T09:03:42.562+0000] {processor.py:186} INFO - Started process (PID=13329) to work on /home/airflow/.local/lib/python3.12/site-packages/airflow/example_dags/example_sensor_decorator.py
[2024-11-25T09:03:42.566+0000] {processor.py:914} INFO - Processing file /home/airflow/.local/lib/python3.12/site-packages/airflow/example_dags/example_sensor_decorator.py for tasks to queue
[2024-11-25T09:03:42.569+0000] {logging_mixin.py:190} INFO - [2024-11-25T09:03:42.569+0000] {dagbag.py:588} INFO - Filling up the DagBag from /home/airflow/.local/lib/python3.12/site-packages/airflow/example_dags/example_sensor_decorator.py
[2024-11-25T09:03:42.580+0000] {processor.py:925} INFO - DAG(s) 'example_sensor_decorator' retrieved from /home/airflow/.local/lib/python3.12/site-packages/airflow/example_dags/example_sensor_decorator.py
[2024-11-25T09:03:42.618+0000] {logging_mixin.py:190} INFO - [2024-11-25T09:03:42.617+0000] {dag.py:3239} INFO - Sync 1 DAGs
[2024-11-25T09:03:42.637+0000] {logging_mixin.py:190} INFO - [2024-11-25T09:03:42.637+0000] {dag.py:4180} INFO - Setting next_dagrun for example_sensor_decorator to None, run_after=None
[2024-11-25T09:03:42.659+0000] {processor.py:208} INFO - Processing /home/airflow/.local/lib/python3.12/site-packages/airflow/example_dags/example_sensor_decorator.py took 0.109 seconds
[2024-11-25T09:04:12.771+0000] {processor.py:186} INFO - Started process (PID=13630) to work on /home/airflow/.local/lib/python3.12/site-packages/airflow/example_dags/example_sensor_decorator.py
[2024-11-25T09:04:12.773+0000] {processor.py:914} INFO - Processing file /home/airflow/.local/lib/python3.12/site-packages/airflow/example_dags/example_sensor_decorator.py for tasks to queue
[2024-11-25T09:04:12.777+0000] {logging_mixin.py:190} INFO - [2024-11-25T09:04:12.776+0000] {dagbag.py:588} INFO - Filling up the DagBag from /home/airflow/.local/lib/python3.12/site-packages/airflow/example_dags/example_sensor_decorator.py
[2024-11-25T09:04:12.787+0000] {processor.py:925} INFO - DAG(s) 'example_sensor_decorator' retrieved from /home/airflow/.local/lib/python3.12/site-packages/airflow/example_dags/example_sensor_decorator.py
[2024-11-25T09:04:12.821+0000] {logging_mixin.py:190} INFO - [2024-11-25T09:04:12.820+0000] {dag.py:3239} INFO - Sync 1 DAGs
[2024-11-25T09:04:12.847+0000] {logging_mixin.py:190} INFO - [2024-11-25T09:04:12.847+0000] {dag.py:4180} INFO - Setting next_dagrun for example_sensor_decorator to None, run_after=None
[2024-11-25T09:04:12.889+0000] {processor.py:208} INFO - Processing /home/airflow/.local/lib/python3.12/site-packages/airflow/example_dags/example_sensor_decorator.py took 0.126 seconds
[2024-11-25T09:04:43.810+0000] {processor.py:186} INFO - Started process (PID=13928) to work on /home/airflow/.local/lib/python3.12/site-packages/airflow/example_dags/example_sensor_decorator.py
[2024-11-25T09:04:43.811+0000] {processor.py:914} INFO - Processing file /home/airflow/.local/lib/python3.12/site-packages/airflow/example_dags/example_sensor_decorator.py for tasks to queue
[2024-11-25T09:04:43.814+0000] {logging_mixin.py:190} INFO - [2024-11-25T09:04:43.814+0000] {dagbag.py:588} INFO - Filling up the DagBag from /home/airflow/.local/lib/python3.12/site-packages/airflow/example_dags/example_sensor_decorator.py
[2024-11-25T09:04:43.824+0000] {processor.py:925} INFO - DAG(s) 'example_sensor_decorator' retrieved from /home/airflow/.local/lib/python3.12/site-packages/airflow/example_dags/example_sensor_decorator.py
[2024-11-25T09:04:43.852+0000] {logging_mixin.py:190} INFO - [2024-11-25T09:04:43.852+0000] {dag.py:3239} INFO - Sync 1 DAGs
[2024-11-25T09:04:43.872+0000] {logging_mixin.py:190} INFO - [2024-11-25T09:04:43.871+0000] {dag.py:4180} INFO - Setting next_dagrun for example_sensor_decorator to None, run_after=None
[2024-11-25T09:04:43.893+0000] {processor.py:208} INFO - Processing /home/airflow/.local/lib/python3.12/site-packages/airflow/example_dags/example_sensor_decorator.py took 0.090 seconds
[2024-11-25T09:05:14.557+0000] {processor.py:186} INFO - Started process (PID=14229) to work on /home/airflow/.local/lib/python3.12/site-packages/airflow/example_dags/example_sensor_decorator.py
[2024-11-25T09:05:14.559+0000] {processor.py:914} INFO - Processing file /home/airflow/.local/lib/python3.12/site-packages/airflow/example_dags/example_sensor_decorator.py for tasks to queue
[2024-11-25T09:05:14.562+0000] {logging_mixin.py:190} INFO - [2024-11-25T09:05:14.562+0000] {dagbag.py:588} INFO - Filling up the DagBag from /home/airflow/.local/lib/python3.12/site-packages/airflow/example_dags/example_sensor_decorator.py
[2024-11-25T09:05:14.571+0000] {processor.py:925} INFO - DAG(s) 'example_sensor_decorator' retrieved from /home/airflow/.local/lib/python3.12/site-packages/airflow/example_dags/example_sensor_decorator.py
[2024-11-25T09:05:14.599+0000] {logging_mixin.py:190} INFO - [2024-11-25T09:05:14.599+0000] {dag.py:3239} INFO - Sync 1 DAGs
[2024-11-25T09:05:14.616+0000] {logging_mixin.py:190} INFO - [2024-11-25T09:05:14.616+0000] {dag.py:4180} INFO - Setting next_dagrun for example_sensor_decorator to None, run_after=None
[2024-11-25T09:05:14.643+0000] {processor.py:208} INFO - Processing /home/airflow/.local/lib/python3.12/site-packages/airflow/example_dags/example_sensor_decorator.py took 0.092 seconds
[2024-11-25T09:05:45.461+0000] {processor.py:186} INFO - Started process (PID=14530) to work on /home/airflow/.local/lib/python3.12/site-packages/airflow/example_dags/example_sensor_decorator.py
[2024-11-25T09:05:45.463+0000] {processor.py:914} INFO - Processing file /home/airflow/.local/lib/python3.12/site-packages/airflow/example_dags/example_sensor_decorator.py for tasks to queue
[2024-11-25T09:05:45.470+0000] {logging_mixin.py:190} INFO - [2024-11-25T09:05:45.470+0000] {dagbag.py:588} INFO - Filling up the DagBag from /home/airflow/.local/lib/python3.12/site-packages/airflow/example_dags/example_sensor_decorator.py
[2024-11-25T09:05:45.484+0000] {processor.py:925} INFO - DAG(s) 'example_sensor_decorator' retrieved from /home/airflow/.local/lib/python3.12/site-packages/airflow/example_dags/example_sensor_decorator.py
[2024-11-25T09:05:45.518+0000] {logging_mixin.py:190} INFO - [2024-11-25T09:05:45.518+0000] {dag.py:3239} INFO - Sync 1 DAGs
[2024-11-25T09:05:45.534+0000] {logging_mixin.py:190} INFO - [2024-11-25T09:05:45.534+0000] {dag.py:4180} INFO - Setting next_dagrun for example_sensor_decorator to None, run_after=None
[2024-11-25T09:05:45.552+0000] {processor.py:208} INFO - Processing /home/airflow/.local/lib/python3.12/site-packages/airflow/example_dags/example_sensor_decorator.py took 0.100 seconds
[2024-11-25T09:06:16.310+0000] {processor.py:186} INFO - Started process (PID=14832) to work on /home/airflow/.local/lib/python3.12/site-packages/airflow/example_dags/example_sensor_decorator.py
[2024-11-25T09:06:16.312+0000] {processor.py:914} INFO - Processing file /home/airflow/.local/lib/python3.12/site-packages/airflow/example_dags/example_sensor_decorator.py for tasks to queue
[2024-11-25T09:06:16.315+0000] {logging_mixin.py:190} INFO - [2024-11-25T09:06:16.314+0000] {dagbag.py:588} INFO - Filling up the DagBag from /home/airflow/.local/lib/python3.12/site-packages/airflow/example_dags/example_sensor_decorator.py
[2024-11-25T09:06:16.328+0000] {processor.py:925} INFO - DAG(s) 'example_sensor_decorator' retrieved from /home/airflow/.local/lib/python3.12/site-packages/airflow/example_dags/example_sensor_decorator.py
[2024-11-25T09:06:16.374+0000] {logging_mixin.py:190} INFO - [2024-11-25T09:06:16.373+0000] {dag.py:3239} INFO - Sync 1 DAGs
[2024-11-25T09:06:16.401+0000] {logging_mixin.py:190} INFO - [2024-11-25T09:06:16.401+0000] {dag.py:4180} INFO - Setting next_dagrun for example_sensor_decorator to None, run_after=None
[2024-11-25T09:06:16.443+0000] {processor.py:208} INFO - Processing /home/airflow/.local/lib/python3.12/site-packages/airflow/example_dags/example_sensor_decorator.py took 0.139 seconds
[2024-11-25T09:06:47.193+0000] {processor.py:186} INFO - Started process (PID=15139) to work on /home/airflow/.local/lib/python3.12/site-packages/airflow/example_dags/example_sensor_decorator.py
[2024-11-25T09:06:47.195+0000] {processor.py:914} INFO - Processing file /home/airflow/.local/lib/python3.12/site-packages/airflow/example_dags/example_sensor_decorator.py for tasks to queue
[2024-11-25T09:06:47.198+0000] {logging_mixin.py:190} INFO - [2024-11-25T09:06:47.198+0000] {dagbag.py:588} INFO - Filling up the DagBag from /home/airflow/.local/lib/python3.12/site-packages/airflow/example_dags/example_sensor_decorator.py
[2024-11-25T09:06:47.214+0000] {processor.py:925} INFO - DAG(s) 'example_sensor_decorator' retrieved from /home/airflow/.local/lib/python3.12/site-packages/airflow/example_dags/example_sensor_decorator.py
[2024-11-25T09:06:47.244+0000] {logging_mixin.py:190} INFO - [2024-11-25T09:06:47.243+0000] {dag.py:3239} INFO - Sync 1 DAGs
[2024-11-25T09:06:47.261+0000] {logging_mixin.py:190} INFO - [2024-11-25T09:06:47.261+0000] {dag.py:4180} INFO - Setting next_dagrun for example_sensor_decorator to None, run_after=None
[2024-11-25T09:06:47.289+0000] {processor.py:208} INFO - Processing /home/airflow/.local/lib/python3.12/site-packages/airflow/example_dags/example_sensor_decorator.py took 0.104 seconds
[2024-11-25T09:07:17.383+0000] {processor.py:186} INFO - Started process (PID=15440) to work on /home/airflow/.local/lib/python3.12/site-packages/airflow/example_dags/example_sensor_decorator.py
[2024-11-25T09:07:17.385+0000] {processor.py:914} INFO - Processing file /home/airflow/.local/lib/python3.12/site-packages/airflow/example_dags/example_sensor_decorator.py for tasks to queue
[2024-11-25T09:07:17.388+0000] {logging_mixin.py:190} INFO - [2024-11-25T09:07:17.387+0000] {dagbag.py:588} INFO - Filling up the DagBag from /home/airflow/.local/lib/python3.12/site-packages/airflow/example_dags/example_sensor_decorator.py
[2024-11-25T09:07:17.398+0000] {processor.py:925} INFO - DAG(s) 'example_sensor_decorator' retrieved from /home/airflow/.local/lib/python3.12/site-packages/airflow/example_dags/example_sensor_decorator.py
[2024-11-25T09:07:17.423+0000] {logging_mixin.py:190} INFO - [2024-11-25T09:07:17.423+0000] {dag.py:3239} INFO - Sync 1 DAGs
[2024-11-25T09:07:17.725+0000] {logging_mixin.py:190} INFO - [2024-11-25T09:07:17.725+0000] {dag.py:4180} INFO - Setting next_dagrun for example_sensor_decorator to None, run_after=None
[2024-11-25T09:07:17.746+0000] {processor.py:208} INFO - Processing /home/airflow/.local/lib/python3.12/site-packages/airflow/example_dags/example_sensor_decorator.py took 0.369 seconds
[2024-11-25T09:07:48.254+0000] {processor.py:186} INFO - Started process (PID=15739) to work on /home/airflow/.local/lib/python3.12/site-packages/airflow/example_dags/example_sensor_decorator.py
[2024-11-25T09:07:48.256+0000] {processor.py:914} INFO - Processing file /home/airflow/.local/lib/python3.12/site-packages/airflow/example_dags/example_sensor_decorator.py for tasks to queue
[2024-11-25T09:07:48.260+0000] {logging_mixin.py:190} INFO - [2024-11-25T09:07:48.260+0000] {dagbag.py:588} INFO - Filling up the DagBag from /home/airflow/.local/lib/python3.12/site-packages/airflow/example_dags/example_sensor_decorator.py
[2024-11-25T09:07:48.273+0000] {processor.py:925} INFO - DAG(s) 'example_sensor_decorator' retrieved from /home/airflow/.local/lib/python3.12/site-packages/airflow/example_dags/example_sensor_decorator.py
[2024-11-25T09:07:48.303+0000] {logging_mixin.py:190} INFO - [2024-11-25T09:07:48.302+0000] {dag.py:3239} INFO - Sync 1 DAGs
[2024-11-25T09:07:48.323+0000] {logging_mixin.py:190} INFO - [2024-11-25T09:07:48.322+0000] {dag.py:4180} INFO - Setting next_dagrun for example_sensor_decorator to None, run_after=None
[2024-11-25T09:07:48.429+0000] {processor.py:208} INFO - Processing /home/airflow/.local/lib/python3.12/site-packages/airflow/example_dags/example_sensor_decorator.py took 0.184 seconds
[2024-11-25T09:08:18.906+0000] {processor.py:186} INFO - Started process (PID=16040) to work on /home/airflow/.local/lib/python3.12/site-packages/airflow/example_dags/example_sensor_decorator.py
[2024-11-25T09:08:18.907+0000] {processor.py:914} INFO - Processing file /home/airflow/.local/lib/python3.12/site-packages/airflow/example_dags/example_sensor_decorator.py for tasks to queue
[2024-11-25T09:08:18.910+0000] {logging_mixin.py:190} INFO - [2024-11-25T09:08:18.909+0000] {dagbag.py:588} INFO - Filling up the DagBag from /home/airflow/.local/lib/python3.12/site-packages/airflow/example_dags/example_sensor_decorator.py
[2024-11-25T09:08:18.918+0000] {processor.py:925} INFO - DAG(s) 'example_sensor_decorator' retrieved from /home/airflow/.local/lib/python3.12/site-packages/airflow/example_dags/example_sensor_decorator.py
[2024-11-25T09:08:18.943+0000] {logging_mixin.py:190} INFO - [2024-11-25T09:08:18.943+0000] {dag.py:3239} INFO - Sync 1 DAGs
[2024-11-25T09:08:18.960+0000] {logging_mixin.py:190} INFO - [2024-11-25T09:08:18.960+0000] {dag.py:4180} INFO - Setting next_dagrun for example_sensor_decorator to None, run_after=None
[2024-11-25T09:08:18.982+0000] {processor.py:208} INFO - Processing /home/airflow/.local/lib/python3.12/site-packages/airflow/example_dags/example_sensor_decorator.py took 0.081 seconds
[2024-11-25T09:08:49.668+0000] {processor.py:186} INFO - Started process (PID=16341) to work on /home/airflow/.local/lib/python3.12/site-packages/airflow/example_dags/example_sensor_decorator.py
[2024-11-25T09:08:49.670+0000] {processor.py:914} INFO - Processing file /home/airflow/.local/lib/python3.12/site-packages/airflow/example_dags/example_sensor_decorator.py for tasks to queue
[2024-11-25T09:08:49.673+0000] {logging_mixin.py:190} INFO - [2024-11-25T09:08:49.672+0000] {dagbag.py:588} INFO - Filling up the DagBag from /home/airflow/.local/lib/python3.12/site-packages/airflow/example_dags/example_sensor_decorator.py
[2024-11-25T09:08:49.681+0000] {processor.py:925} INFO - DAG(s) 'example_sensor_decorator' retrieved from /home/airflow/.local/lib/python3.12/site-packages/airflow/example_dags/example_sensor_decorator.py
[2024-11-25T09:08:49.705+0000] {logging_mixin.py:190} INFO - [2024-11-25T09:08:49.705+0000] {dag.py:3239} INFO - Sync 1 DAGs
[2024-11-25T09:08:49.719+0000] {logging_mixin.py:190} INFO - [2024-11-25T09:08:49.719+0000] {dag.py:4180} INFO - Setting next_dagrun for example_sensor_decorator to None, run_after=None
[2024-11-25T09:08:49.744+0000] {processor.py:208} INFO - Processing /home/airflow/.local/lib/python3.12/site-packages/airflow/example_dags/example_sensor_decorator.py took 0.084 seconds
[2024-11-25T09:09:20.309+0000] {processor.py:186} INFO - Started process (PID=16642) to work on /home/airflow/.local/lib/python3.12/site-packages/airflow/example_dags/example_sensor_decorator.py
[2024-11-25T09:09:20.310+0000] {processor.py:914} INFO - Processing file /home/airflow/.local/lib/python3.12/site-packages/airflow/example_dags/example_sensor_decorator.py for tasks to queue
[2024-11-25T09:09:20.313+0000] {logging_mixin.py:190} INFO - [2024-11-25T09:09:20.313+0000] {dagbag.py:588} INFO - Filling up the DagBag from /home/airflow/.local/lib/python3.12/site-packages/airflow/example_dags/example_sensor_decorator.py
[2024-11-25T09:09:20.322+0000] {processor.py:925} INFO - DAG(s) 'example_sensor_decorator' retrieved from /home/airflow/.local/lib/python3.12/site-packages/airflow/example_dags/example_sensor_decorator.py
[2024-11-25T09:09:20.353+0000] {logging_mixin.py:190} INFO - [2024-11-25T09:09:20.352+0000] {dag.py:3239} INFO - Sync 1 DAGs
[2024-11-25T09:09:20.377+0000] {logging_mixin.py:190} INFO - [2024-11-25T09:09:20.377+0000] {dag.py:4180} INFO - Setting next_dagrun for example_sensor_decorator to None, run_after=None
[2024-11-25T09:09:20.406+0000] {processor.py:208} INFO - Processing /home/airflow/.local/lib/python3.12/site-packages/airflow/example_dags/example_sensor_decorator.py took 0.103 seconds
[2024-11-25T09:09:51.080+0000] {processor.py:186} INFO - Started process (PID=16943) to work on /home/airflow/.local/lib/python3.12/site-packages/airflow/example_dags/example_sensor_decorator.py
[2024-11-25T09:09:51.082+0000] {processor.py:914} INFO - Processing file /home/airflow/.local/lib/python3.12/site-packages/airflow/example_dags/example_sensor_decorator.py for tasks to queue
[2024-11-25T09:09:51.087+0000] {logging_mixin.py:190} INFO - [2024-11-25T09:09:51.086+0000] {dagbag.py:588} INFO - Filling up the DagBag from /home/airflow/.local/lib/python3.12/site-packages/airflow/example_dags/example_sensor_decorator.py
[2024-11-25T09:09:51.107+0000] {processor.py:925} INFO - DAG(s) 'example_sensor_decorator' retrieved from /home/airflow/.local/lib/python3.12/site-packages/airflow/example_dags/example_sensor_decorator.py
[2024-11-25T09:09:51.141+0000] {logging_mixin.py:190} INFO - [2024-11-25T09:09:51.141+0000] {dag.py:3239} INFO - Sync 1 DAGs
[2024-11-25T09:09:51.171+0000] {logging_mixin.py:190} INFO - [2024-11-25T09:09:51.170+0000] {dag.py:4180} INFO - Setting next_dagrun for example_sensor_decorator to None, run_after=None
[2024-11-25T09:09:51.198+0000] {processor.py:208} INFO - Processing /home/airflow/.local/lib/python3.12/site-packages/airflow/example_dags/example_sensor_decorator.py took 0.129 seconds
[2024-11-25T09:10:21.784+0000] {processor.py:186} INFO - Started process (PID=17244) to work on /home/airflow/.local/lib/python3.12/site-packages/airflow/example_dags/example_sensor_decorator.py
[2024-11-25T09:10:21.785+0000] {processor.py:914} INFO - Processing file /home/airflow/.local/lib/python3.12/site-packages/airflow/example_dags/example_sensor_decorator.py for tasks to queue
[2024-11-25T09:10:21.787+0000] {logging_mixin.py:190} INFO - [2024-11-25T09:10:21.787+0000] {dagbag.py:588} INFO - Filling up the DagBag from /home/airflow/.local/lib/python3.12/site-packages/airflow/example_dags/example_sensor_decorator.py
[2024-11-25T09:10:21.796+0000] {processor.py:925} INFO - DAG(s) 'example_sensor_decorator' retrieved from /home/airflow/.local/lib/python3.12/site-packages/airflow/example_dags/example_sensor_decorator.py
[2024-11-25T09:10:21.818+0000] {logging_mixin.py:190} INFO - [2024-11-25T09:10:21.818+0000] {dag.py:3239} INFO - Sync 1 DAGs
[2024-11-25T09:10:21.835+0000] {logging_mixin.py:190} INFO - [2024-11-25T09:10:21.835+0000] {dag.py:4180} INFO - Setting next_dagrun for example_sensor_decorator to None, run_after=None
[2024-11-25T09:10:21.862+0000] {processor.py:208} INFO - Processing /home/airflow/.local/lib/python3.12/site-packages/airflow/example_dags/example_sensor_decorator.py took 0.086 seconds
[2024-11-25T09:10:52.663+0000] {processor.py:186} INFO - Started process (PID=17545) to work on /home/airflow/.local/lib/python3.12/site-packages/airflow/example_dags/example_sensor_decorator.py
[2024-11-25T09:10:52.664+0000] {processor.py:914} INFO - Processing file /home/airflow/.local/lib/python3.12/site-packages/airflow/example_dags/example_sensor_decorator.py for tasks to queue
[2024-11-25T09:10:52.666+0000] {logging_mixin.py:190} INFO - [2024-11-25T09:10:52.666+0000] {dagbag.py:588} INFO - Filling up the DagBag from /home/airflow/.local/lib/python3.12/site-packages/airflow/example_dags/example_sensor_decorator.py
[2024-11-25T09:10:52.676+0000] {processor.py:925} INFO - DAG(s) 'example_sensor_decorator' retrieved from /home/airflow/.local/lib/python3.12/site-packages/airflow/example_dags/example_sensor_decorator.py
[2024-11-25T09:10:52.709+0000] {logging_mixin.py:190} INFO - [2024-11-25T09:10:52.708+0000] {dag.py:3239} INFO - Sync 1 DAGs
[2024-11-25T09:10:52.726+0000] {logging_mixin.py:190} INFO - [2024-11-25T09:10:52.726+0000] {dag.py:4180} INFO - Setting next_dagrun for example_sensor_decorator to None, run_after=None
[2024-11-25T09:10:52.751+0000] {processor.py:208} INFO - Processing /home/airflow/.local/lib/python3.12/site-packages/airflow/example_dags/example_sensor_decorator.py took 0.095 seconds
[2024-11-25T09:11:23.852+0000] {processor.py:186} INFO - Started process (PID=17847) to work on /home/airflow/.local/lib/python3.12/site-packages/airflow/example_dags/example_sensor_decorator.py
[2024-11-25T09:11:23.854+0000] {processor.py:914} INFO - Processing file /home/airflow/.local/lib/python3.12/site-packages/airflow/example_dags/example_sensor_decorator.py for tasks to queue
[2024-11-25T09:11:23.857+0000] {logging_mixin.py:190} INFO - [2024-11-25T09:11:23.856+0000] {dagbag.py:588} INFO - Filling up the DagBag from /home/airflow/.local/lib/python3.12/site-packages/airflow/example_dags/example_sensor_decorator.py
[2024-11-25T09:11:23.866+0000] {processor.py:925} INFO - DAG(s) 'example_sensor_decorator' retrieved from /home/airflow/.local/lib/python3.12/site-packages/airflow/example_dags/example_sensor_decorator.py
[2024-11-25T09:11:23.899+0000] {logging_mixin.py:190} INFO - [2024-11-25T09:11:23.899+0000] {dag.py:3239} INFO - Sync 1 DAGs
[2024-11-25T09:11:23.917+0000] {logging_mixin.py:190} INFO - [2024-11-25T09:11:23.916+0000] {dag.py:4180} INFO - Setting next_dagrun for example_sensor_decorator to None, run_after=None
[2024-11-25T09:11:23.960+0000] {processor.py:208} INFO - Processing /home/airflow/.local/lib/python3.12/site-packages/airflow/example_dags/example_sensor_decorator.py took 0.115 seconds
[2024-11-25T09:11:54.458+0000] {processor.py:186} INFO - Started process (PID=18148) to work on /home/airflow/.local/lib/python3.12/site-packages/airflow/example_dags/example_sensor_decorator.py
[2024-11-25T09:11:54.460+0000] {processor.py:914} INFO - Processing file /home/airflow/.local/lib/python3.12/site-packages/airflow/example_dags/example_sensor_decorator.py for tasks to queue
[2024-11-25T09:11:54.463+0000] {logging_mixin.py:190} INFO - [2024-11-25T09:11:54.462+0000] {dagbag.py:588} INFO - Filling up the DagBag from /home/airflow/.local/lib/python3.12/site-packages/airflow/example_dags/example_sensor_decorator.py
[2024-11-25T09:11:54.473+0000] {processor.py:925} INFO - DAG(s) 'example_sensor_decorator' retrieved from /home/airflow/.local/lib/python3.12/site-packages/airflow/example_dags/example_sensor_decorator.py
[2024-11-25T09:11:54.498+0000] {logging_mixin.py:190} INFO - [2024-11-25T09:11:54.498+0000] {dag.py:3239} INFO - Sync 1 DAGs
[2024-11-25T09:11:54.517+0000] {logging_mixin.py:190} INFO - [2024-11-25T09:11:54.517+0000] {dag.py:4180} INFO - Setting next_dagrun for example_sensor_decorator to None, run_after=None
[2024-11-25T09:11:54.547+0000] {processor.py:208} INFO - Processing /home/airflow/.local/lib/python3.12/site-packages/airflow/example_dags/example_sensor_decorator.py took 0.097 seconds
[2024-11-25T09:12:25.914+0000] {processor.py:186} INFO - Started process (PID=18450) to work on /home/airflow/.local/lib/python3.12/site-packages/airflow/example_dags/example_sensor_decorator.py
[2024-11-25T09:12:25.915+0000] {processor.py:914} INFO - Processing file /home/airflow/.local/lib/python3.12/site-packages/airflow/example_dags/example_sensor_decorator.py for tasks to queue
[2024-11-25T09:12:25.918+0000] {logging_mixin.py:190} INFO - [2024-11-25T09:12:25.918+0000] {dagbag.py:588} INFO - Filling up the DagBag from /home/airflow/.local/lib/python3.12/site-packages/airflow/example_dags/example_sensor_decorator.py
[2024-11-25T09:12:25.929+0000] {processor.py:925} INFO - DAG(s) 'example_sensor_decorator' retrieved from /home/airflow/.local/lib/python3.12/site-packages/airflow/example_dags/example_sensor_decorator.py
[2024-11-25T09:12:25.961+0000] {logging_mixin.py:190} INFO - [2024-11-25T09:12:25.960+0000] {dag.py:3239} INFO - Sync 1 DAGs
[2024-11-25T09:12:25.979+0000] {logging_mixin.py:190} INFO - [2024-11-25T09:12:25.979+0000] {dag.py:4180} INFO - Setting next_dagrun for example_sensor_decorator to None, run_after=None
[2024-11-25T09:12:26.015+0000] {processor.py:208} INFO - Processing /home/airflow/.local/lib/python3.12/site-packages/airflow/example_dags/example_sensor_decorator.py took 0.110 seconds
[2024-11-25T09:12:56.995+0000] {processor.py:186} INFO - Started process (PID=18751) to work on /home/airflow/.local/lib/python3.12/site-packages/airflow/example_dags/example_sensor_decorator.py
[2024-11-25T09:12:56.997+0000] {processor.py:914} INFO - Processing file /home/airflow/.local/lib/python3.12/site-packages/airflow/example_dags/example_sensor_decorator.py for tasks to queue
[2024-11-25T09:12:57.001+0000] {logging_mixin.py:190} INFO - [2024-11-25T09:12:57.001+0000] {dagbag.py:588} INFO - Filling up the DagBag from /home/airflow/.local/lib/python3.12/site-packages/airflow/example_dags/example_sensor_decorator.py
[2024-11-25T09:12:57.016+0000] {processor.py:925} INFO - DAG(s) 'example_sensor_decorator' retrieved from /home/airflow/.local/lib/python3.12/site-packages/airflow/example_dags/example_sensor_decorator.py
[2024-11-25T09:12:57.053+0000] {logging_mixin.py:190} INFO - [2024-11-25T09:12:57.052+0000] {dag.py:3239} INFO - Sync 1 DAGs
[2024-11-25T09:12:57.084+0000] {logging_mixin.py:190} INFO - [2024-11-25T09:12:57.084+0000] {dag.py:4180} INFO - Setting next_dagrun for example_sensor_decorator to None, run_after=None
[2024-11-25T09:12:57.108+0000] {processor.py:208} INFO - Processing /home/airflow/.local/lib/python3.12/site-packages/airflow/example_dags/example_sensor_decorator.py took 0.125 seconds
[2024-11-25T09:13:27.795+0000] {processor.py:186} INFO - Started process (PID=19052) to work on /home/airflow/.local/lib/python3.12/site-packages/airflow/example_dags/example_sensor_decorator.py
[2024-11-25T09:13:27.796+0000] {processor.py:914} INFO - Processing file /home/airflow/.local/lib/python3.12/site-packages/airflow/example_dags/example_sensor_decorator.py for tasks to queue
[2024-11-25T09:13:27.800+0000] {logging_mixin.py:190} INFO - [2024-11-25T09:13:27.800+0000] {dagbag.py:588} INFO - Filling up the DagBag from /home/airflow/.local/lib/python3.12/site-packages/airflow/example_dags/example_sensor_decorator.py
[2024-11-25T09:13:27.810+0000] {processor.py:925} INFO - DAG(s) 'example_sensor_decorator' retrieved from /home/airflow/.local/lib/python3.12/site-packages/airflow/example_dags/example_sensor_decorator.py
[2024-11-25T09:13:27.838+0000] {logging_mixin.py:190} INFO - [2024-11-25T09:13:27.837+0000] {dag.py:3239} INFO - Sync 1 DAGs
[2024-11-25T09:13:27.857+0000] {logging_mixin.py:190} INFO - [2024-11-25T09:13:27.857+0000] {dag.py:4180} INFO - Setting next_dagrun for example_sensor_decorator to None, run_after=None
[2024-11-25T09:13:27.883+0000] {processor.py:208} INFO - Processing /home/airflow/.local/lib/python3.12/site-packages/airflow/example_dags/example_sensor_decorator.py took 0.097 seconds
[2024-11-25T09:13:58.786+0000] {processor.py:186} INFO - Started process (PID=19353) to work on /home/airflow/.local/lib/python3.12/site-packages/airflow/example_dags/example_sensor_decorator.py
[2024-11-25T09:13:58.787+0000] {processor.py:914} INFO - Processing file /home/airflow/.local/lib/python3.12/site-packages/airflow/example_dags/example_sensor_decorator.py for tasks to queue
[2024-11-25T09:13:58.790+0000] {logging_mixin.py:190} INFO - [2024-11-25T09:13:58.789+0000] {dagbag.py:588} INFO - Filling up the DagBag from /home/airflow/.local/lib/python3.12/site-packages/airflow/example_dags/example_sensor_decorator.py
[2024-11-25T09:13:58.798+0000] {processor.py:925} INFO - DAG(s) 'example_sensor_decorator' retrieved from /home/airflow/.local/lib/python3.12/site-packages/airflow/example_dags/example_sensor_decorator.py
[2024-11-25T09:13:58.831+0000] {logging_mixin.py:190} INFO - [2024-11-25T09:13:58.831+0000] {dag.py:3239} INFO - Sync 1 DAGs
[2024-11-25T09:13:58.857+0000] {logging_mixin.py:190} INFO - [2024-11-25T09:13:58.857+0000] {dag.py:4180} INFO - Setting next_dagrun for example_sensor_decorator to None, run_after=None
[2024-11-25T09:13:58.888+0000] {processor.py:208} INFO - Processing /home/airflow/.local/lib/python3.12/site-packages/airflow/example_dags/example_sensor_decorator.py took 0.109 seconds
[2024-11-25T09:14:29.665+0000] {processor.py:186} INFO - Started process (PID=19656) to work on /home/airflow/.local/lib/python3.12/site-packages/airflow/example_dags/example_sensor_decorator.py
[2024-11-25T09:14:29.666+0000] {processor.py:914} INFO - Processing file /home/airflow/.local/lib/python3.12/site-packages/airflow/example_dags/example_sensor_decorator.py for tasks to queue
[2024-11-25T09:14:29.668+0000] {logging_mixin.py:190} INFO - [2024-11-25T09:14:29.668+0000] {dagbag.py:588} INFO - Filling up the DagBag from /home/airflow/.local/lib/python3.12/site-packages/airflow/example_dags/example_sensor_decorator.py
[2024-11-25T09:14:29.676+0000] {processor.py:925} INFO - DAG(s) 'example_sensor_decorator' retrieved from /home/airflow/.local/lib/python3.12/site-packages/airflow/example_dags/example_sensor_decorator.py
[2024-11-25T09:14:29.702+0000] {logging_mixin.py:190} INFO - [2024-11-25T09:14:29.702+0000] {dag.py:3239} INFO - Sync 1 DAGs
[2024-11-25T09:14:29.722+0000] {logging_mixin.py:190} INFO - [2024-11-25T09:14:29.722+0000] {dag.py:4180} INFO - Setting next_dagrun for example_sensor_decorator to None, run_after=None
[2024-11-25T09:14:29.753+0000] {processor.py:208} INFO - Processing /home/airflow/.local/lib/python3.12/site-packages/airflow/example_dags/example_sensor_decorator.py took 0.095 seconds
[2024-11-25T09:15:00.757+0000] {processor.py:186} INFO - Started process (PID=19955) to work on /home/airflow/.local/lib/python3.12/site-packages/airflow/example_dags/example_sensor_decorator.py
[2024-11-25T09:15:00.759+0000] {processor.py:914} INFO - Processing file /home/airflow/.local/lib/python3.12/site-packages/airflow/example_dags/example_sensor_decorator.py for tasks to queue
[2024-11-25T09:15:00.763+0000] {logging_mixin.py:190} INFO - [2024-11-25T09:15:00.762+0000] {dagbag.py:588} INFO - Filling up the DagBag from /home/airflow/.local/lib/python3.12/site-packages/airflow/example_dags/example_sensor_decorator.py
[2024-11-25T09:15:00.779+0000] {processor.py:925} INFO - DAG(s) 'example_sensor_decorator' retrieved from /home/airflow/.local/lib/python3.12/site-packages/airflow/example_dags/example_sensor_decorator.py
[2024-11-25T09:15:00.829+0000] {logging_mixin.py:190} INFO - [2024-11-25T09:15:00.829+0000] {dag.py:3239} INFO - Sync 1 DAGs
[2024-11-25T09:15:00.858+0000] {logging_mixin.py:190} INFO - [2024-11-25T09:15:00.857+0000] {dag.py:4180} INFO - Setting next_dagrun for example_sensor_decorator to None, run_after=None
[2024-11-25T09:15:00.887+0000] {processor.py:208} INFO - Processing /home/airflow/.local/lib/python3.12/site-packages/airflow/example_dags/example_sensor_decorator.py took 0.142 seconds
[2024-11-25T09:15:31.381+0000] {processor.py:186} INFO - Started process (PID=20256) to work on /home/airflow/.local/lib/python3.12/site-packages/airflow/example_dags/example_sensor_decorator.py
[2024-11-25T09:15:31.383+0000] {processor.py:914} INFO - Processing file /home/airflow/.local/lib/python3.12/site-packages/airflow/example_dags/example_sensor_decorator.py for tasks to queue
[2024-11-25T09:15:31.386+0000] {logging_mixin.py:190} INFO - [2024-11-25T09:15:31.385+0000] {dagbag.py:588} INFO - Filling up the DagBag from /home/airflow/.local/lib/python3.12/site-packages/airflow/example_dags/example_sensor_decorator.py
[2024-11-25T09:15:31.400+0000] {processor.py:925} INFO - DAG(s) 'example_sensor_decorator' retrieved from /home/airflow/.local/lib/python3.12/site-packages/airflow/example_dags/example_sensor_decorator.py
[2024-11-25T09:15:31.431+0000] {logging_mixin.py:190} INFO - [2024-11-25T09:15:31.431+0000] {dag.py:3239} INFO - Sync 1 DAGs
[2024-11-25T09:15:31.450+0000] {logging_mixin.py:190} INFO - [2024-11-25T09:15:31.450+0000] {dag.py:4180} INFO - Setting next_dagrun for example_sensor_decorator to None, run_after=None
[2024-11-25T09:15:31.474+0000] {processor.py:208} INFO - Processing /home/airflow/.local/lib/python3.12/site-packages/airflow/example_dags/example_sensor_decorator.py took 0.103 seconds
[2024-11-25T09:16:02.450+0000] {processor.py:186} INFO - Started process (PID=20557) to work on /home/airflow/.local/lib/python3.12/site-packages/airflow/example_dags/example_sensor_decorator.py
[2024-11-25T09:16:02.451+0000] {processor.py:914} INFO - Processing file /home/airflow/.local/lib/python3.12/site-packages/airflow/example_dags/example_sensor_decorator.py for tasks to queue
[2024-11-25T09:16:02.455+0000] {logging_mixin.py:190} INFO - [2024-11-25T09:16:02.454+0000] {dagbag.py:588} INFO - Filling up the DagBag from /home/airflow/.local/lib/python3.12/site-packages/airflow/example_dags/example_sensor_decorator.py
[2024-11-25T09:16:02.468+0000] {processor.py:925} INFO - DAG(s) 'example_sensor_decorator' retrieved from /home/airflow/.local/lib/python3.12/site-packages/airflow/example_dags/example_sensor_decorator.py
[2024-11-25T09:16:02.508+0000] {logging_mixin.py:190} INFO - [2024-11-25T09:16:02.508+0000] {dag.py:3239} INFO - Sync 1 DAGs
[2024-11-25T09:16:02.537+0000] {logging_mixin.py:190} INFO - [2024-11-25T09:16:02.536+0000] {dag.py:4180} INFO - Setting next_dagrun for example_sensor_decorator to None, run_after=None
[2024-11-25T09:16:02.570+0000] {processor.py:208} INFO - Processing /home/airflow/.local/lib/python3.12/site-packages/airflow/example_dags/example_sensor_decorator.py took 0.129 seconds
[2024-11-25T09:16:36.530+0000] {processor.py:186} INFO - Started process (PID=20893) to work on /home/airflow/.local/lib/python3.12/site-packages/airflow/example_dags/example_sensor_decorator.py
[2024-11-25T09:16:36.541+0000] {processor.py:914} INFO - Processing file /home/airflow/.local/lib/python3.12/site-packages/airflow/example_dags/example_sensor_decorator.py for tasks to queue
[2024-11-25T09:16:36.551+0000] {logging_mixin.py:190} INFO - [2024-11-25T09:16:36.550+0000] {dagbag.py:588} INFO - Filling up the DagBag from /home/airflow/.local/lib/python3.12/site-packages/airflow/example_dags/example_sensor_decorator.py
[2024-11-25T09:16:36.568+0000] {processor.py:925} INFO - DAG(s) 'example_sensor_decorator' retrieved from /home/airflow/.local/lib/python3.12/site-packages/airflow/example_dags/example_sensor_decorator.py
[2024-11-25T09:16:36.601+0000] {logging_mixin.py:190} INFO - [2024-11-25T09:16:36.601+0000] {dag.py:3239} INFO - Sync 1 DAGs
[2024-11-25T09:16:36.616+0000] {logging_mixin.py:190} INFO - [2024-11-25T09:16:36.616+0000] {dag.py:4180} INFO - Setting next_dagrun for example_sensor_decorator to None, run_after=None
[2024-11-25T09:16:36.640+0000] {processor.py:208} INFO - Processing /home/airflow/.local/lib/python3.12/site-packages/airflow/example_dags/example_sensor_decorator.py took 0.133 seconds
[2024-11-25T09:17:07.428+0000] {processor.py:186} INFO - Started process (PID=21196) to work on /home/airflow/.local/lib/python3.12/site-packages/airflow/example_dags/example_sensor_decorator.py
[2024-11-25T09:17:07.429+0000] {processor.py:914} INFO - Processing file /home/airflow/.local/lib/python3.12/site-packages/airflow/example_dags/example_sensor_decorator.py for tasks to queue
[2024-11-25T09:17:07.432+0000] {logging_mixin.py:190} INFO - [2024-11-25T09:17:07.432+0000] {dagbag.py:588} INFO - Filling up the DagBag from /home/airflow/.local/lib/python3.12/site-packages/airflow/example_dags/example_sensor_decorator.py
[2024-11-25T09:17:07.441+0000] {processor.py:925} INFO - DAG(s) 'example_sensor_decorator' retrieved from /home/airflow/.local/lib/python3.12/site-packages/airflow/example_dags/example_sensor_decorator.py
[2024-11-25T09:17:07.465+0000] {logging_mixin.py:190} INFO - [2024-11-25T09:17:07.465+0000] {dag.py:3239} INFO - Sync 1 DAGs
[2024-11-25T09:17:07.480+0000] {logging_mixin.py:190} INFO - [2024-11-25T09:17:07.480+0000] {dag.py:4180} INFO - Setting next_dagrun for example_sensor_decorator to None, run_after=None
[2024-11-25T09:17:07.501+0000] {processor.py:208} INFO - Processing /home/airflow/.local/lib/python3.12/site-packages/airflow/example_dags/example_sensor_decorator.py took 0.082 seconds
[2024-11-25T09:17:37.711+0000] {processor.py:186} INFO - Started process (PID=21495) to work on /home/airflow/.local/lib/python3.12/site-packages/airflow/example_dags/example_sensor_decorator.py
[2024-11-25T09:17:37.712+0000] {processor.py:914} INFO - Processing file /home/airflow/.local/lib/python3.12/site-packages/airflow/example_dags/example_sensor_decorator.py for tasks to queue
[2024-11-25T09:17:37.715+0000] {logging_mixin.py:190} INFO - [2024-11-25T09:17:37.714+0000] {dagbag.py:588} INFO - Filling up the DagBag from /home/airflow/.local/lib/python3.12/site-packages/airflow/example_dags/example_sensor_decorator.py
[2024-11-25T09:17:37.723+0000] {processor.py:925} INFO - DAG(s) 'example_sensor_decorator' retrieved from /home/airflow/.local/lib/python3.12/site-packages/airflow/example_dags/example_sensor_decorator.py
[2024-11-25T09:17:37.747+0000] {logging_mixin.py:190} INFO - [2024-11-25T09:17:37.747+0000] {dag.py:3239} INFO - Sync 1 DAGs
[2024-11-25T09:17:37.762+0000] {logging_mixin.py:190} INFO - [2024-11-25T09:17:37.761+0000] {dag.py:4180} INFO - Setting next_dagrun for example_sensor_decorator to None, run_after=None
[2024-11-25T09:17:37.781+0000] {processor.py:208} INFO - Processing /home/airflow/.local/lib/python3.12/site-packages/airflow/example_dags/example_sensor_decorator.py took 0.077 seconds
[2024-11-25T09:18:08.506+0000] {processor.py:186} INFO - Started process (PID=21796) to work on /home/airflow/.local/lib/python3.12/site-packages/airflow/example_dags/example_sensor_decorator.py
[2024-11-25T09:18:08.507+0000] {processor.py:914} INFO - Processing file /home/airflow/.local/lib/python3.12/site-packages/airflow/example_dags/example_sensor_decorator.py for tasks to queue
[2024-11-25T09:18:08.513+0000] {logging_mixin.py:190} INFO - [2024-11-25T09:18:08.512+0000] {dagbag.py:588} INFO - Filling up the DagBag from /home/airflow/.local/lib/python3.12/site-packages/airflow/example_dags/example_sensor_decorator.py
[2024-11-25T09:18:08.523+0000] {processor.py:925} INFO - DAG(s) 'example_sensor_decorator' retrieved from /home/airflow/.local/lib/python3.12/site-packages/airflow/example_dags/example_sensor_decorator.py
[2024-11-25T09:18:08.550+0000] {logging_mixin.py:190} INFO - [2024-11-25T09:18:08.549+0000] {dag.py:3239} INFO - Sync 1 DAGs
[2024-11-25T09:18:08.566+0000] {logging_mixin.py:190} INFO - [2024-11-25T09:18:08.566+0000] {dag.py:4180} INFO - Setting next_dagrun for example_sensor_decorator to None, run_after=None
[2024-11-25T09:18:08.604+0000] {processor.py:208} INFO - Processing /home/airflow/.local/lib/python3.12/site-packages/airflow/example_dags/example_sensor_decorator.py took 0.104 seconds
[2024-11-25T09:18:39.215+0000] {processor.py:186} INFO - Started process (PID=22097) to work on /home/airflow/.local/lib/python3.12/site-packages/airflow/example_dags/example_sensor_decorator.py
[2024-11-25T09:18:39.216+0000] {processor.py:914} INFO - Processing file /home/airflow/.local/lib/python3.12/site-packages/airflow/example_dags/example_sensor_decorator.py for tasks to queue
[2024-11-25T09:18:39.218+0000] {logging_mixin.py:190} INFO - [2024-11-25T09:18:39.218+0000] {dagbag.py:588} INFO - Filling up the DagBag from /home/airflow/.local/lib/python3.12/site-packages/airflow/example_dags/example_sensor_decorator.py
[2024-11-25T09:18:39.226+0000] {processor.py:925} INFO - DAG(s) 'example_sensor_decorator' retrieved from /home/airflow/.local/lib/python3.12/site-packages/airflow/example_dags/example_sensor_decorator.py
[2024-11-25T09:18:39.249+0000] {logging_mixin.py:190} INFO - [2024-11-25T09:18:39.249+0000] {dag.py:3239} INFO - Sync 1 DAGs
[2024-11-25T09:18:39.265+0000] {logging_mixin.py:190} INFO - [2024-11-25T09:18:39.265+0000] {dag.py:4180} INFO - Setting next_dagrun for example_sensor_decorator to None, run_after=None
[2024-11-25T09:18:39.295+0000] {processor.py:208} INFO - Processing /home/airflow/.local/lib/python3.12/site-packages/airflow/example_dags/example_sensor_decorator.py took 0.086 seconds
