[2024-11-25T08:41:43.715+0000] {processor.py:186} INFO - Started process (PID=452) to work on /home/airflow/.local/lib/python3.12/site-packages/airflow/example_dags/example_complex.py
[2024-11-25T08:41:43.718+0000] {processor.py:914} INFO - Processing file /home/airflow/.local/lib/python3.12/site-packages/airflow/example_dags/example_complex.py for tasks to queue
[2024-11-25T08:41:43.723+0000] {logging_mixin.py:190} INFO - [2024-11-25T08:41:43.723+0000] {dagbag.py:588} INFO - Filling up the DagBag from /home/airflow/.local/lib/python3.12/site-packages/airflow/example_dags/example_complex.py
[2024-11-25T08:41:43.752+0000] {processor.py:925} INFO - DAG(s) 'example_complex' retrieved from /home/airflow/.local/lib/python3.12/site-packages/airflow/example_dags/example_complex.py
[2024-11-25T08:41:44.101+0000] {logging_mixin.py:190} INFO - [2024-11-25T08:41:44.099+0000] {override.py:1911} INFO - Created Permission View: can edit on DAG:example_complex
[2024-11-25T08:41:44.127+0000] {logging_mixin.py:190} INFO - [2024-11-25T08:41:44.126+0000] {override.py:1911} INFO - Created Permission View: can delete on DAG:example_complex
[2024-11-25T08:41:44.140+0000] {logging_mixin.py:190} INFO - [2024-11-25T08:41:44.139+0000] {override.py:1911} INFO - Created Permission View: can read on DAG:example_complex
[2024-11-25T08:41:44.153+0000] {logging_mixin.py:190} INFO - [2024-11-25T08:41:44.152+0000] {override.py:1911} INFO - Created Permission View: can create on DAG Run:example_complex
[2024-11-25T08:41:44.167+0000] {logging_mixin.py:190} INFO - [2024-11-25T08:41:44.166+0000] {override.py:1911} INFO - Created Permission View: can delete on DAG Run:example_complex
[2024-11-25T08:41:44.179+0000] {logging_mixin.py:190} INFO - [2024-11-25T08:41:44.178+0000] {override.py:1911} INFO - Created Permission View: menu access on DAG Run:example_complex
[2024-11-25T08:41:44.190+0000] {logging_mixin.py:190} INFO - [2024-11-25T08:41:44.190+0000] {override.py:1911} INFO - Created Permission View: can read on DAG Run:example_complex
[2024-11-25T08:41:44.191+0000] {logging_mixin.py:190} INFO - [2024-11-25T08:41:44.191+0000] {dag.py:3239} INFO - Sync 1 DAGs
[2024-11-25T08:41:44.208+0000] {logging_mixin.py:190} INFO - [2024-11-25T08:41:44.207+0000] {dag.py:3262} INFO - Creating ORM DAG for example_complex
[2024-11-25T08:41:44.209+0000] {logging_mixin.py:190} INFO - [2024-11-25T08:41:44.209+0000] {dag.py:4180} INFO - Setting next_dagrun for example_complex to None, run_after=None
[2024-11-25T08:41:44.244+0000] {processor.py:208} INFO - Processing /home/airflow/.local/lib/python3.12/site-packages/airflow/example_dags/example_complex.py took 0.535 seconds
[2024-11-25T08:42:14.793+0000] {processor.py:186} INFO - Started process (PID=756) to work on /home/airflow/.local/lib/python3.12/site-packages/airflow/example_dags/example_complex.py
[2024-11-25T08:42:14.795+0000] {processor.py:914} INFO - Processing file /home/airflow/.local/lib/python3.12/site-packages/airflow/example_dags/example_complex.py for tasks to queue
[2024-11-25T08:42:14.797+0000] {logging_mixin.py:190} INFO - [2024-11-25T08:42:14.797+0000] {dagbag.py:588} INFO - Filling up the DagBag from /home/airflow/.local/lib/python3.12/site-packages/airflow/example_dags/example_complex.py
[2024-11-25T08:42:14.808+0000] {processor.py:925} INFO - DAG(s) 'example_complex' retrieved from /home/airflow/.local/lib/python3.12/site-packages/airflow/example_dags/example_complex.py
[2024-11-25T08:42:14.856+0000] {logging_mixin.py:190} INFO - [2024-11-25T08:42:14.856+0000] {dag.py:3239} INFO - Sync 1 DAGs
[2024-11-25T08:42:14.875+0000] {logging_mixin.py:190} INFO - [2024-11-25T08:42:14.875+0000] {dag.py:4180} INFO - Setting next_dagrun for example_complex to None, run_after=None
[2024-11-25T08:42:14.899+0000] {processor.py:208} INFO - Processing /home/airflow/.local/lib/python3.12/site-packages/airflow/example_dags/example_complex.py took 0.111 seconds
[2024-11-25T08:42:45.925+0000] {processor.py:186} INFO - Started process (PID=1062) to work on /home/airflow/.local/lib/python3.12/site-packages/airflow/example_dags/example_complex.py
[2024-11-25T08:42:45.929+0000] {processor.py:914} INFO - Processing file /home/airflow/.local/lib/python3.12/site-packages/airflow/example_dags/example_complex.py for tasks to queue
[2024-11-25T08:42:45.943+0000] {logging_mixin.py:190} INFO - [2024-11-25T08:42:45.942+0000] {dagbag.py:588} INFO - Filling up the DagBag from /home/airflow/.local/lib/python3.12/site-packages/airflow/example_dags/example_complex.py
[2024-11-25T08:42:46.019+0000] {processor.py:925} INFO - DAG(s) 'example_complex' retrieved from /home/airflow/.local/lib/python3.12/site-packages/airflow/example_dags/example_complex.py
[2024-11-25T08:42:46.234+0000] {logging_mixin.py:190} INFO - [2024-11-25T08:42:46.233+0000] {dag.py:3239} INFO - Sync 1 DAGs
[2024-11-25T08:42:46.313+0000] {logging_mixin.py:190} INFO - [2024-11-25T08:42:46.312+0000] {dag.py:4180} INFO - Setting next_dagrun for example_complex to None, run_after=None
[2024-11-25T08:42:46.479+0000] {processor.py:208} INFO - Processing /home/airflow/.local/lib/python3.12/site-packages/airflow/example_dags/example_complex.py took 0.581 seconds
[2024-11-25T08:43:16.747+0000] {processor.py:186} INFO - Started process (PID=1364) to work on /home/airflow/.local/lib/python3.12/site-packages/airflow/example_dags/example_complex.py
[2024-11-25T08:43:16.748+0000] {processor.py:914} INFO - Processing file /home/airflow/.local/lib/python3.12/site-packages/airflow/example_dags/example_complex.py for tasks to queue
[2024-11-25T08:43:16.751+0000] {logging_mixin.py:190} INFO - [2024-11-25T08:43:16.750+0000] {dagbag.py:588} INFO - Filling up the DagBag from /home/airflow/.local/lib/python3.12/site-packages/airflow/example_dags/example_complex.py
[2024-11-25T08:43:16.763+0000] {processor.py:925} INFO - DAG(s) 'example_complex' retrieved from /home/airflow/.local/lib/python3.12/site-packages/airflow/example_dags/example_complex.py
[2024-11-25T08:43:16.799+0000] {logging_mixin.py:190} INFO - [2024-11-25T08:43:16.799+0000] {dag.py:3239} INFO - Sync 1 DAGs
[2024-11-25T08:43:16.817+0000] {logging_mixin.py:190} INFO - [2024-11-25T08:43:16.817+0000] {dag.py:4180} INFO - Setting next_dagrun for example_complex to None, run_after=None
[2024-11-25T08:43:16.838+0000] {processor.py:208} INFO - Processing /home/airflow/.local/lib/python3.12/site-packages/airflow/example_dags/example_complex.py took 0.097 seconds
[2024-11-25T08:43:47.029+0000] {processor.py:186} INFO - Started process (PID=1666) to work on /home/airflow/.local/lib/python3.12/site-packages/airflow/example_dags/example_complex.py
[2024-11-25T08:43:47.030+0000] {processor.py:914} INFO - Processing file /home/airflow/.local/lib/python3.12/site-packages/airflow/example_dags/example_complex.py for tasks to queue
[2024-11-25T08:43:47.032+0000] {logging_mixin.py:190} INFO - [2024-11-25T08:43:47.032+0000] {dagbag.py:588} INFO - Filling up the DagBag from /home/airflow/.local/lib/python3.12/site-packages/airflow/example_dags/example_complex.py
[2024-11-25T08:43:47.043+0000] {processor.py:925} INFO - DAG(s) 'example_complex' retrieved from /home/airflow/.local/lib/python3.12/site-packages/airflow/example_dags/example_complex.py
[2024-11-25T08:43:47.079+0000] {logging_mixin.py:190} INFO - [2024-11-25T08:43:47.079+0000] {dag.py:3239} INFO - Sync 1 DAGs
[2024-11-25T08:43:47.093+0000] {logging_mixin.py:190} INFO - [2024-11-25T08:43:47.093+0000] {dag.py:4180} INFO - Setting next_dagrun for example_complex to None, run_after=None
[2024-11-25T08:43:47.114+0000] {processor.py:208} INFO - Processing /home/airflow/.local/lib/python3.12/site-packages/airflow/example_dags/example_complex.py took 0.091 seconds
[2024-11-25T08:44:17.634+0000] {processor.py:186} INFO - Started process (PID=1967) to work on /home/airflow/.local/lib/python3.12/site-packages/airflow/example_dags/example_complex.py
[2024-11-25T08:44:17.635+0000] {processor.py:914} INFO - Processing file /home/airflow/.local/lib/python3.12/site-packages/airflow/example_dags/example_complex.py for tasks to queue
[2024-11-25T08:44:17.640+0000] {logging_mixin.py:190} INFO - [2024-11-25T08:44:17.639+0000] {dagbag.py:588} INFO - Filling up the DagBag from /home/airflow/.local/lib/python3.12/site-packages/airflow/example_dags/example_complex.py
[2024-11-25T08:44:17.660+0000] {processor.py:925} INFO - DAG(s) 'example_complex' retrieved from /home/airflow/.local/lib/python3.12/site-packages/airflow/example_dags/example_complex.py
[2024-11-25T08:44:17.700+0000] {logging_mixin.py:190} INFO - [2024-11-25T08:44:17.699+0000] {dag.py:3239} INFO - Sync 1 DAGs
[2024-11-25T08:44:17.725+0000] {logging_mixin.py:190} INFO - [2024-11-25T08:44:17.724+0000] {dag.py:4180} INFO - Setting next_dagrun for example_complex to None, run_after=None
[2024-11-25T08:44:17.752+0000] {processor.py:208} INFO - Processing /home/airflow/.local/lib/python3.12/site-packages/airflow/example_dags/example_complex.py took 0.131 seconds
[2024-11-25T08:44:48.278+0000] {processor.py:186} INFO - Started process (PID=2268) to work on /home/airflow/.local/lib/python3.12/site-packages/airflow/example_dags/example_complex.py
[2024-11-25T08:44:48.279+0000] {processor.py:914} INFO - Processing file /home/airflow/.local/lib/python3.12/site-packages/airflow/example_dags/example_complex.py for tasks to queue
[2024-11-25T08:44:48.283+0000] {logging_mixin.py:190} INFO - [2024-11-25T08:44:48.282+0000] {dagbag.py:588} INFO - Filling up the DagBag from /home/airflow/.local/lib/python3.12/site-packages/airflow/example_dags/example_complex.py
[2024-11-25T08:44:48.306+0000] {processor.py:925} INFO - DAG(s) 'example_complex' retrieved from /home/airflow/.local/lib/python3.12/site-packages/airflow/example_dags/example_complex.py
[2024-11-25T08:44:48.367+0000] {logging_mixin.py:190} INFO - [2024-11-25T08:44:48.367+0000] {dag.py:3239} INFO - Sync 1 DAGs
[2024-11-25T08:44:48.400+0000] {logging_mixin.py:190} INFO - [2024-11-25T08:44:48.399+0000] {dag.py:4180} INFO - Setting next_dagrun for example_complex to None, run_after=None
[2024-11-25T08:44:48.467+0000] {processor.py:208} INFO - Processing /home/airflow/.local/lib/python3.12/site-packages/airflow/example_dags/example_complex.py took 0.196 seconds
[2024-11-25T08:45:19.407+0000] {processor.py:186} INFO - Started process (PID=2571) to work on /home/airflow/.local/lib/python3.12/site-packages/airflow/example_dags/example_complex.py
[2024-11-25T08:45:19.409+0000] {processor.py:914} INFO - Processing file /home/airflow/.local/lib/python3.12/site-packages/airflow/example_dags/example_complex.py for tasks to queue
[2024-11-25T08:45:19.414+0000] {logging_mixin.py:190} INFO - [2024-11-25T08:45:19.413+0000] {dagbag.py:588} INFO - Filling up the DagBag from /home/airflow/.local/lib/python3.12/site-packages/airflow/example_dags/example_complex.py
[2024-11-25T08:45:19.459+0000] {processor.py:925} INFO - DAG(s) 'example_complex' retrieved from /home/airflow/.local/lib/python3.12/site-packages/airflow/example_dags/example_complex.py
[2024-11-25T08:45:19.579+0000] {logging_mixin.py:190} INFO - [2024-11-25T08:45:19.578+0000] {dag.py:3239} INFO - Sync 1 DAGs
[2024-11-25T08:45:19.608+0000] {logging_mixin.py:190} INFO - [2024-11-25T08:45:19.608+0000] {dag.py:4180} INFO - Setting next_dagrun for example_complex to None, run_after=None
[2024-11-25T08:45:19.658+0000] {processor.py:208} INFO - Processing /home/airflow/.local/lib/python3.12/site-packages/airflow/example_dags/example_complex.py took 0.262 seconds
[2024-11-25T08:45:50.125+0000] {processor.py:186} INFO - Started process (PID=2872) to work on /home/airflow/.local/lib/python3.12/site-packages/airflow/example_dags/example_complex.py
[2024-11-25T08:45:50.126+0000] {processor.py:914} INFO - Processing file /home/airflow/.local/lib/python3.12/site-packages/airflow/example_dags/example_complex.py for tasks to queue
[2024-11-25T08:45:50.128+0000] {logging_mixin.py:190} INFO - [2024-11-25T08:45:50.128+0000] {dagbag.py:588} INFO - Filling up the DagBag from /home/airflow/.local/lib/python3.12/site-packages/airflow/example_dags/example_complex.py
[2024-11-25T08:45:50.140+0000] {processor.py:925} INFO - DAG(s) 'example_complex' retrieved from /home/airflow/.local/lib/python3.12/site-packages/airflow/example_dags/example_complex.py
[2024-11-25T08:45:50.181+0000] {logging_mixin.py:190} INFO - [2024-11-25T08:45:50.180+0000] {dag.py:3239} INFO - Sync 1 DAGs
[2024-11-25T08:45:50.197+0000] {logging_mixin.py:190} INFO - [2024-11-25T08:45:50.197+0000] {dag.py:4180} INFO - Setting next_dagrun for example_complex to None, run_after=None
[2024-11-25T08:45:50.222+0000] {processor.py:208} INFO - Processing /home/airflow/.local/lib/python3.12/site-packages/airflow/example_dags/example_complex.py took 0.103 seconds
[2024-11-25T08:46:20.977+0000] {processor.py:186} INFO - Started process (PID=3173) to work on /home/airflow/.local/lib/python3.12/site-packages/airflow/example_dags/example_complex.py
[2024-11-25T08:46:20.979+0000] {processor.py:914} INFO - Processing file /home/airflow/.local/lib/python3.12/site-packages/airflow/example_dags/example_complex.py for tasks to queue
[2024-11-25T08:46:20.983+0000] {logging_mixin.py:190} INFO - [2024-11-25T08:46:20.982+0000] {dagbag.py:588} INFO - Filling up the DagBag from /home/airflow/.local/lib/python3.12/site-packages/airflow/example_dags/example_complex.py
[2024-11-25T08:46:20.994+0000] {processor.py:925} INFO - DAG(s) 'example_complex' retrieved from /home/airflow/.local/lib/python3.12/site-packages/airflow/example_dags/example_complex.py
[2024-11-25T08:46:21.027+0000] {logging_mixin.py:190} INFO - [2024-11-25T08:46:21.027+0000] {dag.py:3239} INFO - Sync 1 DAGs
[2024-11-25T08:46:21.042+0000] {logging_mixin.py:190} INFO - [2024-11-25T08:46:21.041+0000] {dag.py:4180} INFO - Setting next_dagrun for example_complex to None, run_after=None
[2024-11-25T08:46:21.059+0000] {processor.py:208} INFO - Processing /home/airflow/.local/lib/python3.12/site-packages/airflow/example_dags/example_complex.py took 0.087 seconds
[2024-11-25T08:46:52.121+0000] {processor.py:186} INFO - Started process (PID=3473) to work on /home/airflow/.local/lib/python3.12/site-packages/airflow/example_dags/example_complex.py
[2024-11-25T08:46:52.123+0000] {processor.py:914} INFO - Processing file /home/airflow/.local/lib/python3.12/site-packages/airflow/example_dags/example_complex.py for tasks to queue
[2024-11-25T08:46:52.125+0000] {logging_mixin.py:190} INFO - [2024-11-25T08:46:52.125+0000] {dagbag.py:588} INFO - Filling up the DagBag from /home/airflow/.local/lib/python3.12/site-packages/airflow/example_dags/example_complex.py
[2024-11-25T08:46:52.137+0000] {processor.py:925} INFO - DAG(s) 'example_complex' retrieved from /home/airflow/.local/lib/python3.12/site-packages/airflow/example_dags/example_complex.py
[2024-11-25T08:46:52.174+0000] {logging_mixin.py:190} INFO - [2024-11-25T08:46:52.173+0000] {dag.py:3239} INFO - Sync 1 DAGs
[2024-11-25T08:46:52.191+0000] {logging_mixin.py:190} INFO - [2024-11-25T08:46:52.191+0000] {dag.py:4180} INFO - Setting next_dagrun for example_complex to None, run_after=None
[2024-11-25T08:46:52.215+0000] {processor.py:208} INFO - Processing /home/airflow/.local/lib/python3.12/site-packages/airflow/example_dags/example_complex.py took 0.100 seconds
[2024-11-25T08:47:23.064+0000] {processor.py:186} INFO - Started process (PID=3774) to work on /home/airflow/.local/lib/python3.12/site-packages/airflow/example_dags/example_complex.py
[2024-11-25T08:47:23.066+0000] {processor.py:914} INFO - Processing file /home/airflow/.local/lib/python3.12/site-packages/airflow/example_dags/example_complex.py for tasks to queue
[2024-11-25T08:47:23.068+0000] {logging_mixin.py:190} INFO - [2024-11-25T08:47:23.068+0000] {dagbag.py:588} INFO - Filling up the DagBag from /home/airflow/.local/lib/python3.12/site-packages/airflow/example_dags/example_complex.py
[2024-11-25T08:47:23.080+0000] {processor.py:925} INFO - DAG(s) 'example_complex' retrieved from /home/airflow/.local/lib/python3.12/site-packages/airflow/example_dags/example_complex.py
[2024-11-25T08:47:23.117+0000] {logging_mixin.py:190} INFO - [2024-11-25T08:47:23.117+0000] {dag.py:3239} INFO - Sync 1 DAGs
[2024-11-25T08:47:23.135+0000] {logging_mixin.py:190} INFO - [2024-11-25T08:47:23.134+0000] {dag.py:4180} INFO - Setting next_dagrun for example_complex to None, run_after=None
[2024-11-25T08:47:23.157+0000] {processor.py:208} INFO - Processing /home/airflow/.local/lib/python3.12/site-packages/airflow/example_dags/example_complex.py took 0.098 seconds
[2024-11-25T08:47:53.867+0000] {processor.py:186} INFO - Started process (PID=4075) to work on /home/airflow/.local/lib/python3.12/site-packages/airflow/example_dags/example_complex.py
[2024-11-25T08:47:53.868+0000] {processor.py:914} INFO - Processing file /home/airflow/.local/lib/python3.12/site-packages/airflow/example_dags/example_complex.py for tasks to queue
[2024-11-25T08:47:53.871+0000] {logging_mixin.py:190} INFO - [2024-11-25T08:47:53.870+0000] {dagbag.py:588} INFO - Filling up the DagBag from /home/airflow/.local/lib/python3.12/site-packages/airflow/example_dags/example_complex.py
[2024-11-25T08:47:53.883+0000] {processor.py:925} INFO - DAG(s) 'example_complex' retrieved from /home/airflow/.local/lib/python3.12/site-packages/airflow/example_dags/example_complex.py
[2024-11-25T08:47:53.916+0000] {logging_mixin.py:190} INFO - [2024-11-25T08:47:53.916+0000] {dag.py:3239} INFO - Sync 1 DAGs
[2024-11-25T08:47:53.930+0000] {logging_mixin.py:190} INFO - [2024-11-25T08:47:53.930+0000] {dag.py:4180} INFO - Setting next_dagrun for example_complex to None, run_after=None
[2024-11-25T08:47:53.951+0000] {processor.py:208} INFO - Processing /home/airflow/.local/lib/python3.12/site-packages/airflow/example_dags/example_complex.py took 0.089 seconds
[2024-11-25T08:48:25.257+0000] {processor.py:186} INFO - Started process (PID=4376) to work on /home/airflow/.local/lib/python3.12/site-packages/airflow/example_dags/example_complex.py
[2024-11-25T08:48:25.258+0000] {processor.py:914} INFO - Processing file /home/airflow/.local/lib/python3.12/site-packages/airflow/example_dags/example_complex.py for tasks to queue
[2024-11-25T08:48:25.261+0000] {logging_mixin.py:190} INFO - [2024-11-25T08:48:25.261+0000] {dagbag.py:588} INFO - Filling up the DagBag from /home/airflow/.local/lib/python3.12/site-packages/airflow/example_dags/example_complex.py
[2024-11-25T08:48:25.283+0000] {processor.py:925} INFO - DAG(s) 'example_complex' retrieved from /home/airflow/.local/lib/python3.12/site-packages/airflow/example_dags/example_complex.py
[2024-11-25T08:48:25.354+0000] {logging_mixin.py:190} INFO - [2024-11-25T08:48:25.354+0000] {dag.py:3239} INFO - Sync 1 DAGs
[2024-11-25T08:48:25.387+0000] {logging_mixin.py:190} INFO - [2024-11-25T08:48:25.387+0000] {dag.py:4180} INFO - Setting next_dagrun for example_complex to None, run_after=None
[2024-11-25T08:48:25.427+0000] {processor.py:208} INFO - Processing /home/airflow/.local/lib/python3.12/site-packages/airflow/example_dags/example_complex.py took 0.178 seconds
[2024-11-25T08:48:57.648+0000] {processor.py:186} INFO - Started process (PID=4677) to work on /home/airflow/.local/lib/python3.12/site-packages/airflow/example_dags/example_complex.py
[2024-11-25T08:48:57.649+0000] {processor.py:914} INFO - Processing file /home/airflow/.local/lib/python3.12/site-packages/airflow/example_dags/example_complex.py for tasks to queue
[2024-11-25T08:48:57.653+0000] {logging_mixin.py:190} INFO - [2024-11-25T08:48:57.653+0000] {dagbag.py:588} INFO - Filling up the DagBag from /home/airflow/.local/lib/python3.12/site-packages/airflow/example_dags/example_complex.py
[2024-11-25T08:48:57.673+0000] {processor.py:925} INFO - DAG(s) 'example_complex' retrieved from /home/airflow/.local/lib/python3.12/site-packages/airflow/example_dags/example_complex.py
[2024-11-25T08:48:57.730+0000] {logging_mixin.py:190} INFO - [2024-11-25T08:48:57.730+0000] {dag.py:3239} INFO - Sync 1 DAGs
[2024-11-25T08:48:57.755+0000] {logging_mixin.py:190} INFO - [2024-11-25T08:48:57.755+0000] {dag.py:4180} INFO - Setting next_dagrun for example_complex to None, run_after=None
[2024-11-25T08:48:57.796+0000] {processor.py:208} INFO - Processing /home/airflow/.local/lib/python3.12/site-packages/airflow/example_dags/example_complex.py took 0.156 seconds
[2024-11-25T08:49:28.217+0000] {processor.py:186} INFO - Started process (PID=4973) to work on /home/airflow/.local/lib/python3.12/site-packages/airflow/example_dags/example_complex.py
[2024-11-25T08:49:28.218+0000] {processor.py:914} INFO - Processing file /home/airflow/.local/lib/python3.12/site-packages/airflow/example_dags/example_complex.py for tasks to queue
[2024-11-25T08:49:28.222+0000] {logging_mixin.py:190} INFO - [2024-11-25T08:49:28.222+0000] {dagbag.py:588} INFO - Filling up the DagBag from /home/airflow/.local/lib/python3.12/site-packages/airflow/example_dags/example_complex.py
[2024-11-25T08:49:28.243+0000] {processor.py:925} INFO - DAG(s) 'example_complex' retrieved from /home/airflow/.local/lib/python3.12/site-packages/airflow/example_dags/example_complex.py
[2024-11-25T08:49:28.296+0000] {logging_mixin.py:190} INFO - [2024-11-25T08:49:28.295+0000] {dag.py:3239} INFO - Sync 1 DAGs
[2024-11-25T08:49:28.312+0000] {logging_mixin.py:190} INFO - [2024-11-25T08:49:28.312+0000] {dag.py:4180} INFO - Setting next_dagrun for example_complex to None, run_after=None
[2024-11-25T08:49:28.355+0000] {processor.py:208} INFO - Processing /home/airflow/.local/lib/python3.12/site-packages/airflow/example_dags/example_complex.py took 0.145 seconds
[2024-11-25T08:49:59.825+0000] {processor.py:186} INFO - Started process (PID=5276) to work on /home/airflow/.local/lib/python3.12/site-packages/airflow/example_dags/example_complex.py
[2024-11-25T08:49:59.827+0000] {processor.py:914} INFO - Processing file /home/airflow/.local/lib/python3.12/site-packages/airflow/example_dags/example_complex.py for tasks to queue
[2024-11-25T08:49:59.833+0000] {logging_mixin.py:190} INFO - [2024-11-25T08:49:59.832+0000] {dagbag.py:588} INFO - Filling up the DagBag from /home/airflow/.local/lib/python3.12/site-packages/airflow/example_dags/example_complex.py
[2024-11-25T08:49:59.871+0000] {processor.py:925} INFO - DAG(s) 'example_complex' retrieved from /home/airflow/.local/lib/python3.12/site-packages/airflow/example_dags/example_complex.py
[2024-11-25T08:50:00.006+0000] {logging_mixin.py:190} INFO - [2024-11-25T08:50:00.005+0000] {dag.py:3239} INFO - Sync 1 DAGs
[2024-11-25T08:50:00.037+0000] {logging_mixin.py:190} INFO - [2024-11-25T08:50:00.037+0000] {dag.py:4180} INFO - Setting next_dagrun for example_complex to None, run_after=None
[2024-11-25T08:50:00.072+0000] {processor.py:208} INFO - Processing /home/airflow/.local/lib/python3.12/site-packages/airflow/example_dags/example_complex.py took 0.260 seconds
[2024-11-25T08:50:35.662+0000] {processor.py:186} INFO - Started process (PID=5582) to work on /home/airflow/.local/lib/python3.12/site-packages/airflow/example_dags/example_complex.py
[2024-11-25T08:50:35.664+0000] {processor.py:914} INFO - Processing file /home/airflow/.local/lib/python3.12/site-packages/airflow/example_dags/example_complex.py for tasks to queue
[2024-11-25T08:50:35.667+0000] {logging_mixin.py:190} INFO - [2024-11-25T08:50:35.667+0000] {dagbag.py:588} INFO - Filling up the DagBag from /home/airflow/.local/lib/python3.12/site-packages/airflow/example_dags/example_complex.py
[2024-11-25T08:50:35.690+0000] {processor.py:925} INFO - DAG(s) 'example_complex' retrieved from /home/airflow/.local/lib/python3.12/site-packages/airflow/example_dags/example_complex.py
[2024-11-25T08:50:35.782+0000] {logging_mixin.py:190} INFO - [2024-11-25T08:50:35.781+0000] {dag.py:3239} INFO - Sync 1 DAGs
[2024-11-25T08:50:35.823+0000] {logging_mixin.py:190} INFO - [2024-11-25T08:50:35.822+0000] {dag.py:4180} INFO - Setting next_dagrun for example_complex to None, run_after=None
[2024-11-25T08:50:35.889+0000] {processor.py:208} INFO - Processing /home/airflow/.local/lib/python3.12/site-packages/airflow/example_dags/example_complex.py took 0.234 seconds
[2024-11-25T08:51:07.668+0000] {processor.py:186} INFO - Started process (PID=5884) to work on /home/airflow/.local/lib/python3.12/site-packages/airflow/example_dags/example_complex.py
[2024-11-25T08:51:07.669+0000] {processor.py:914} INFO - Processing file /home/airflow/.local/lib/python3.12/site-packages/airflow/example_dags/example_complex.py for tasks to queue
[2024-11-25T08:51:07.672+0000] {logging_mixin.py:190} INFO - [2024-11-25T08:51:07.672+0000] {dagbag.py:588} INFO - Filling up the DagBag from /home/airflow/.local/lib/python3.12/site-packages/airflow/example_dags/example_complex.py
[2024-11-25T08:51:07.686+0000] {processor.py:925} INFO - DAG(s) 'example_complex' retrieved from /home/airflow/.local/lib/python3.12/site-packages/airflow/example_dags/example_complex.py
[2024-11-25T08:51:07.737+0000] {logging_mixin.py:190} INFO - [2024-11-25T08:51:07.737+0000] {dag.py:3239} INFO - Sync 1 DAGs
[2024-11-25T08:51:07.753+0000] {logging_mixin.py:190} INFO - [2024-11-25T08:51:07.752+0000] {dag.py:4180} INFO - Setting next_dagrun for example_complex to None, run_after=None
[2024-11-25T08:51:07.774+0000] {processor.py:208} INFO - Processing /home/airflow/.local/lib/python3.12/site-packages/airflow/example_dags/example_complex.py took 0.114 seconds
[2024-11-25T08:51:39.286+0000] {processor.py:186} INFO - Started process (PID=6216) to work on /home/airflow/.local/lib/python3.12/site-packages/airflow/example_dags/example_complex.py
[2024-11-25T08:51:39.288+0000] {processor.py:914} INFO - Processing file /home/airflow/.local/lib/python3.12/site-packages/airflow/example_dags/example_complex.py for tasks to queue
[2024-11-25T08:51:39.291+0000] {logging_mixin.py:190} INFO - [2024-11-25T08:51:39.291+0000] {dagbag.py:588} INFO - Filling up the DagBag from /home/airflow/.local/lib/python3.12/site-packages/airflow/example_dags/example_complex.py
[2024-11-25T08:51:39.312+0000] {processor.py:925} INFO - DAG(s) 'example_complex' retrieved from /home/airflow/.local/lib/python3.12/site-packages/airflow/example_dags/example_complex.py
[2024-11-25T08:51:39.357+0000] {logging_mixin.py:190} INFO - [2024-11-25T08:51:39.356+0000] {dag.py:3239} INFO - Sync 1 DAGs
[2024-11-25T08:51:39.381+0000] {logging_mixin.py:190} INFO - [2024-11-25T08:51:39.381+0000] {dag.py:4180} INFO - Setting next_dagrun for example_complex to None, run_after=None
[2024-11-25T08:51:39.406+0000] {processor.py:208} INFO - Processing /home/airflow/.local/lib/python3.12/site-packages/airflow/example_dags/example_complex.py took 0.129 seconds
[2024-11-25T08:52:10.800+0000] {processor.py:186} INFO - Started process (PID=6537) to work on /home/airflow/.local/lib/python3.12/site-packages/airflow/example_dags/example_complex.py
[2024-11-25T08:52:10.802+0000] {processor.py:914} INFO - Processing file /home/airflow/.local/lib/python3.12/site-packages/airflow/example_dags/example_complex.py for tasks to queue
[2024-11-25T08:52:10.806+0000] {logging_mixin.py:190} INFO - [2024-11-25T08:52:10.806+0000] {dagbag.py:588} INFO - Filling up the DagBag from /home/airflow/.local/lib/python3.12/site-packages/airflow/example_dags/example_complex.py
[2024-11-25T08:52:10.828+0000] {processor.py:925} INFO - DAG(s) 'example_complex' retrieved from /home/airflow/.local/lib/python3.12/site-packages/airflow/example_dags/example_complex.py
[2024-11-25T08:52:10.866+0000] {logging_mixin.py:190} INFO - [2024-11-25T08:52:10.866+0000] {dag.py:3239} INFO - Sync 1 DAGs
[2024-11-25T08:52:10.884+0000] {logging_mixin.py:190} INFO - [2024-11-25T08:52:10.884+0000] {dag.py:4180} INFO - Setting next_dagrun for example_complex to None, run_after=None
[2024-11-25T08:52:10.957+0000] {processor.py:208} INFO - Processing /home/airflow/.local/lib/python3.12/site-packages/airflow/example_dags/example_complex.py took 0.164 seconds
[2024-11-25T08:52:42.047+0000] {processor.py:186} INFO - Started process (PID=6838) to work on /home/airflow/.local/lib/python3.12/site-packages/airflow/example_dags/example_complex.py
[2024-11-25T08:52:42.048+0000] {processor.py:914} INFO - Processing file /home/airflow/.local/lib/python3.12/site-packages/airflow/example_dags/example_complex.py for tasks to queue
[2024-11-25T08:52:42.050+0000] {logging_mixin.py:190} INFO - [2024-11-25T08:52:42.050+0000] {dagbag.py:588} INFO - Filling up the DagBag from /home/airflow/.local/lib/python3.12/site-packages/airflow/example_dags/example_complex.py
[2024-11-25T08:52:42.062+0000] {processor.py:925} INFO - DAG(s) 'example_complex' retrieved from /home/airflow/.local/lib/python3.12/site-packages/airflow/example_dags/example_complex.py
[2024-11-25T08:52:42.124+0000] {logging_mixin.py:190} INFO - [2024-11-25T08:52:42.124+0000] {dag.py:3239} INFO - Sync 1 DAGs
[2024-11-25T08:52:42.141+0000] {logging_mixin.py:190} INFO - [2024-11-25T08:52:42.140+0000] {dag.py:4180} INFO - Setting next_dagrun for example_complex to None, run_after=None
[2024-11-25T08:52:42.166+0000] {processor.py:208} INFO - Processing /home/airflow/.local/lib/python3.12/site-packages/airflow/example_dags/example_complex.py took 0.125 seconds
[2024-11-25T08:53:13.512+0000] {processor.py:186} INFO - Started process (PID=7139) to work on /home/airflow/.local/lib/python3.12/site-packages/airflow/example_dags/example_complex.py
[2024-11-25T08:53:13.515+0000] {processor.py:914} INFO - Processing file /home/airflow/.local/lib/python3.12/site-packages/airflow/example_dags/example_complex.py for tasks to queue
[2024-11-25T08:53:13.518+0000] {logging_mixin.py:190} INFO - [2024-11-25T08:53:13.518+0000] {dagbag.py:588} INFO - Filling up the DagBag from /home/airflow/.local/lib/python3.12/site-packages/airflow/example_dags/example_complex.py
[2024-11-25T08:53:13.538+0000] {processor.py:925} INFO - DAG(s) 'example_complex' retrieved from /home/airflow/.local/lib/python3.12/site-packages/airflow/example_dags/example_complex.py
[2024-11-25T08:53:13.588+0000] {logging_mixin.py:190} INFO - [2024-11-25T08:53:13.588+0000] {dag.py:3239} INFO - Sync 1 DAGs
[2024-11-25T08:53:13.607+0000] {logging_mixin.py:190} INFO - [2024-11-25T08:53:13.606+0000] {dag.py:4180} INFO - Setting next_dagrun for example_complex to None, run_after=None
[2024-11-25T08:53:13.643+0000] {processor.py:208} INFO - Processing /home/airflow/.local/lib/python3.12/site-packages/airflow/example_dags/example_complex.py took 0.144 seconds
[2024-11-25T08:53:43.819+0000] {processor.py:186} INFO - Started process (PID=7435) to work on /home/airflow/.local/lib/python3.12/site-packages/airflow/example_dags/example_complex.py
[2024-11-25T08:53:43.820+0000] {processor.py:914} INFO - Processing file /home/airflow/.local/lib/python3.12/site-packages/airflow/example_dags/example_complex.py for tasks to queue
[2024-11-25T08:53:43.822+0000] {logging_mixin.py:190} INFO - [2024-11-25T08:53:43.822+0000] {dagbag.py:588} INFO - Filling up the DagBag from /home/airflow/.local/lib/python3.12/site-packages/airflow/example_dags/example_complex.py
[2024-11-25T08:53:43.835+0000] {processor.py:925} INFO - DAG(s) 'example_complex' retrieved from /home/airflow/.local/lib/python3.12/site-packages/airflow/example_dags/example_complex.py
[2024-11-25T08:53:43.878+0000] {logging_mixin.py:190} INFO - [2024-11-25T08:53:43.878+0000] {dag.py:3239} INFO - Sync 1 DAGs
[2024-11-25T08:53:43.898+0000] {logging_mixin.py:190} INFO - [2024-11-25T08:53:43.898+0000] {dag.py:4180} INFO - Setting next_dagrun for example_complex to None, run_after=None
[2024-11-25T08:53:43.929+0000] {processor.py:208} INFO - Processing /home/airflow/.local/lib/python3.12/site-packages/airflow/example_dags/example_complex.py took 0.117 seconds
[2024-11-25T08:54:14.287+0000] {processor.py:186} INFO - Started process (PID=7733) to work on /home/airflow/.local/lib/python3.12/site-packages/airflow/example_dags/example_complex.py
[2024-11-25T08:54:14.288+0000] {processor.py:914} INFO - Processing file /home/airflow/.local/lib/python3.12/site-packages/airflow/example_dags/example_complex.py for tasks to queue
[2024-11-25T08:54:14.291+0000] {logging_mixin.py:190} INFO - [2024-11-25T08:54:14.291+0000] {dagbag.py:588} INFO - Filling up the DagBag from /home/airflow/.local/lib/python3.12/site-packages/airflow/example_dags/example_complex.py
[2024-11-25T08:54:14.311+0000] {processor.py:925} INFO - DAG(s) 'example_complex' retrieved from /home/airflow/.local/lib/python3.12/site-packages/airflow/example_dags/example_complex.py
[2024-11-25T08:54:14.353+0000] {logging_mixin.py:190} INFO - [2024-11-25T08:54:14.353+0000] {dag.py:3239} INFO - Sync 1 DAGs
[2024-11-25T08:54:14.383+0000] {logging_mixin.py:190} INFO - [2024-11-25T08:54:14.383+0000] {dag.py:4180} INFO - Setting next_dagrun for example_complex to None, run_after=None
[2024-11-25T08:54:14.409+0000] {processor.py:208} INFO - Processing /home/airflow/.local/lib/python3.12/site-packages/airflow/example_dags/example_complex.py took 0.128 seconds
[2024-11-25T08:54:45.077+0000] {processor.py:186} INFO - Started process (PID=8039) to work on /home/airflow/.local/lib/python3.12/site-packages/airflow/example_dags/example_complex.py
[2024-11-25T08:54:45.078+0000] {processor.py:914} INFO - Processing file /home/airflow/.local/lib/python3.12/site-packages/airflow/example_dags/example_complex.py for tasks to queue
[2024-11-25T08:54:45.080+0000] {logging_mixin.py:190} INFO - [2024-11-25T08:54:45.080+0000] {dagbag.py:588} INFO - Filling up the DagBag from /home/airflow/.local/lib/python3.12/site-packages/airflow/example_dags/example_complex.py
[2024-11-25T08:54:45.093+0000] {processor.py:925} INFO - DAG(s) 'example_complex' retrieved from /home/airflow/.local/lib/python3.12/site-packages/airflow/example_dags/example_complex.py
[2024-11-25T08:54:45.125+0000] {logging_mixin.py:190} INFO - [2024-11-25T08:54:45.125+0000] {dag.py:3239} INFO - Sync 1 DAGs
[2024-11-25T08:54:45.140+0000] {logging_mixin.py:190} INFO - [2024-11-25T08:54:45.140+0000] {dag.py:4180} INFO - Setting next_dagrun for example_complex to None, run_after=None
[2024-11-25T08:54:45.161+0000] {processor.py:208} INFO - Processing /home/airflow/.local/lib/python3.12/site-packages/airflow/example_dags/example_complex.py took 0.089 seconds
[2024-11-25T08:55:16.311+0000] {processor.py:186} INFO - Started process (PID=8338) to work on /home/airflow/.local/lib/python3.12/site-packages/airflow/example_dags/example_complex.py
[2024-11-25T08:55:16.312+0000] {processor.py:914} INFO - Processing file /home/airflow/.local/lib/python3.12/site-packages/airflow/example_dags/example_complex.py for tasks to queue
[2024-11-25T08:55:16.315+0000] {logging_mixin.py:190} INFO - [2024-11-25T08:55:16.315+0000] {dagbag.py:588} INFO - Filling up the DagBag from /home/airflow/.local/lib/python3.12/site-packages/airflow/example_dags/example_complex.py
[2024-11-25T08:55:16.330+0000] {processor.py:925} INFO - DAG(s) 'example_complex' retrieved from /home/airflow/.local/lib/python3.12/site-packages/airflow/example_dags/example_complex.py
[2024-11-25T08:55:16.383+0000] {logging_mixin.py:190} INFO - [2024-11-25T08:55:16.383+0000] {dag.py:3239} INFO - Sync 1 DAGs
[2024-11-25T08:55:16.398+0000] {logging_mixin.py:190} INFO - [2024-11-25T08:55:16.398+0000] {dag.py:4180} INFO - Setting next_dagrun for example_complex to None, run_after=None
[2024-11-25T08:55:16.419+0000] {processor.py:208} INFO - Processing /home/airflow/.local/lib/python3.12/site-packages/airflow/example_dags/example_complex.py took 0.117 seconds
[2024-11-25T08:55:46.704+0000] {processor.py:186} INFO - Started process (PID=8640) to work on /home/airflow/.local/lib/python3.12/site-packages/airflow/example_dags/example_complex.py
[2024-11-25T08:55:46.707+0000] {processor.py:914} INFO - Processing file /home/airflow/.local/lib/python3.12/site-packages/airflow/example_dags/example_complex.py for tasks to queue
[2024-11-25T08:55:46.713+0000] {logging_mixin.py:190} INFO - [2024-11-25T08:55:46.711+0000] {dagbag.py:588} INFO - Filling up the DagBag from /home/airflow/.local/lib/python3.12/site-packages/airflow/example_dags/example_complex.py
[2024-11-25T08:55:46.739+0000] {processor.py:925} INFO - DAG(s) 'example_complex' retrieved from /home/airflow/.local/lib/python3.12/site-packages/airflow/example_dags/example_complex.py
[2024-11-25T08:55:46.799+0000] {logging_mixin.py:190} INFO - [2024-11-25T08:55:46.798+0000] {dag.py:3239} INFO - Sync 1 DAGs
[2024-11-25T08:55:46.815+0000] {logging_mixin.py:190} INFO - [2024-11-25T08:55:46.815+0000] {dag.py:4180} INFO - Setting next_dagrun for example_complex to None, run_after=None
[2024-11-25T08:55:46.837+0000] {processor.py:208} INFO - Processing /home/airflow/.local/lib/python3.12/site-packages/airflow/example_dags/example_complex.py took 0.143 seconds
[2024-11-25T08:56:17.054+0000] {processor.py:186} INFO - Started process (PID=8945) to work on /home/airflow/.local/lib/python3.12/site-packages/airflow/example_dags/example_complex.py
[2024-11-25T08:56:17.055+0000] {processor.py:914} INFO - Processing file /home/airflow/.local/lib/python3.12/site-packages/airflow/example_dags/example_complex.py for tasks to queue
[2024-11-25T08:56:17.059+0000] {logging_mixin.py:190} INFO - [2024-11-25T08:56:17.059+0000] {dagbag.py:588} INFO - Filling up the DagBag from /home/airflow/.local/lib/python3.12/site-packages/airflow/example_dags/example_complex.py
[2024-11-25T08:56:17.077+0000] {processor.py:925} INFO - DAG(s) 'example_complex' retrieved from /home/airflow/.local/lib/python3.12/site-packages/airflow/example_dags/example_complex.py
[2024-11-25T08:56:17.127+0000] {logging_mixin.py:190} INFO - [2024-11-25T08:56:17.127+0000] {dag.py:3239} INFO - Sync 1 DAGs
[2024-11-25T08:56:17.149+0000] {logging_mixin.py:190} INFO - [2024-11-25T08:56:17.149+0000] {dag.py:4180} INFO - Setting next_dagrun for example_complex to None, run_after=None
[2024-11-25T08:56:17.173+0000] {processor.py:208} INFO - Processing /home/airflow/.local/lib/python3.12/site-packages/airflow/example_dags/example_complex.py took 0.127 seconds
[2024-11-25T08:56:47.323+0000] {processor.py:186} INFO - Started process (PID=9246) to work on /home/airflow/.local/lib/python3.12/site-packages/airflow/example_dags/example_complex.py
[2024-11-25T08:56:47.324+0000] {processor.py:914} INFO - Processing file /home/airflow/.local/lib/python3.12/site-packages/airflow/example_dags/example_complex.py for tasks to queue
[2024-11-25T08:56:47.326+0000] {logging_mixin.py:190} INFO - [2024-11-25T08:56:47.326+0000] {dagbag.py:588} INFO - Filling up the DagBag from /home/airflow/.local/lib/python3.12/site-packages/airflow/example_dags/example_complex.py
[2024-11-25T08:56:47.337+0000] {processor.py:925} INFO - DAG(s) 'example_complex' retrieved from /home/airflow/.local/lib/python3.12/site-packages/airflow/example_dags/example_complex.py
[2024-11-25T08:56:47.370+0000] {logging_mixin.py:190} INFO - [2024-11-25T08:56:47.370+0000] {dag.py:3239} INFO - Sync 1 DAGs
[2024-11-25T08:56:47.386+0000] {logging_mixin.py:190} INFO - [2024-11-25T08:56:47.386+0000] {dag.py:4180} INFO - Setting next_dagrun for example_complex to None, run_after=None
[2024-11-25T08:56:47.404+0000] {processor.py:208} INFO - Processing /home/airflow/.local/lib/python3.12/site-packages/airflow/example_dags/example_complex.py took 0.086 seconds
[2024-11-25T08:57:17.719+0000] {processor.py:186} INFO - Started process (PID=9545) to work on /home/airflow/.local/lib/python3.12/site-packages/airflow/example_dags/example_complex.py
[2024-11-25T08:57:17.721+0000] {processor.py:914} INFO - Processing file /home/airflow/.local/lib/python3.12/site-packages/airflow/example_dags/example_complex.py for tasks to queue
[2024-11-25T08:57:17.725+0000] {logging_mixin.py:190} INFO - [2024-11-25T08:57:17.725+0000] {dagbag.py:588} INFO - Filling up the DagBag from /home/airflow/.local/lib/python3.12/site-packages/airflow/example_dags/example_complex.py
[2024-11-25T08:57:17.745+0000] {processor.py:925} INFO - DAG(s) 'example_complex' retrieved from /home/airflow/.local/lib/python3.12/site-packages/airflow/example_dags/example_complex.py
[2024-11-25T08:57:17.807+0000] {logging_mixin.py:190} INFO - [2024-11-25T08:57:17.806+0000] {dag.py:3239} INFO - Sync 1 DAGs
[2024-11-25T08:57:17.829+0000] {logging_mixin.py:190} INFO - [2024-11-25T08:57:17.829+0000] {dag.py:4180} INFO - Setting next_dagrun for example_complex to None, run_after=None
[2024-11-25T08:57:17.849+0000] {processor.py:208} INFO - Processing /home/airflow/.local/lib/python3.12/site-packages/airflow/example_dags/example_complex.py took 0.140 seconds
[2024-11-25T08:57:48.312+0000] {processor.py:186} INFO - Started process (PID=9846) to work on /home/airflow/.local/lib/python3.12/site-packages/airflow/example_dags/example_complex.py
[2024-11-25T08:57:48.313+0000] {processor.py:914} INFO - Processing file /home/airflow/.local/lib/python3.12/site-packages/airflow/example_dags/example_complex.py for tasks to queue
[2024-11-25T08:57:48.316+0000] {logging_mixin.py:190} INFO - [2024-11-25T08:57:48.316+0000] {dagbag.py:588} INFO - Filling up the DagBag from /home/airflow/.local/lib/python3.12/site-packages/airflow/example_dags/example_complex.py
[2024-11-25T08:57:48.330+0000] {processor.py:925} INFO - DAG(s) 'example_complex' retrieved from /home/airflow/.local/lib/python3.12/site-packages/airflow/example_dags/example_complex.py
[2024-11-25T08:57:48.366+0000] {logging_mixin.py:190} INFO - [2024-11-25T08:57:48.366+0000] {dag.py:3239} INFO - Sync 1 DAGs
[2024-11-25T08:57:48.382+0000] {logging_mixin.py:190} INFO - [2024-11-25T08:57:48.382+0000] {dag.py:4180} INFO - Setting next_dagrun for example_complex to None, run_after=None
[2024-11-25T08:57:48.403+0000] {processor.py:208} INFO - Processing /home/airflow/.local/lib/python3.12/site-packages/airflow/example_dags/example_complex.py took 0.100 seconds
[2024-11-25T08:58:18.462+0000] {processor.py:186} INFO - Started process (PID=10144) to work on /home/airflow/.local/lib/python3.12/site-packages/airflow/example_dags/example_complex.py
[2024-11-25T08:58:18.464+0000] {processor.py:914} INFO - Processing file /home/airflow/.local/lib/python3.12/site-packages/airflow/example_dags/example_complex.py for tasks to queue
[2024-11-25T08:58:18.467+0000] {logging_mixin.py:190} INFO - [2024-11-25T08:58:18.467+0000] {dagbag.py:588} INFO - Filling up the DagBag from /home/airflow/.local/lib/python3.12/site-packages/airflow/example_dags/example_complex.py
[2024-11-25T08:58:18.483+0000] {processor.py:925} INFO - DAG(s) 'example_complex' retrieved from /home/airflow/.local/lib/python3.12/site-packages/airflow/example_dags/example_complex.py
[2024-11-25T08:58:18.517+0000] {logging_mixin.py:190} INFO - [2024-11-25T08:58:18.517+0000] {dag.py:3239} INFO - Sync 1 DAGs
[2024-11-25T08:58:18.534+0000] {logging_mixin.py:190} INFO - [2024-11-25T08:58:18.533+0000] {dag.py:4180} INFO - Setting next_dagrun for example_complex to None, run_after=None
[2024-11-25T08:58:18.555+0000] {processor.py:208} INFO - Processing /home/airflow/.local/lib/python3.12/site-packages/airflow/example_dags/example_complex.py took 0.099 seconds
[2024-11-25T08:58:48.757+0000] {processor.py:186} INFO - Started process (PID=10445) to work on /home/airflow/.local/lib/python3.12/site-packages/airflow/example_dags/example_complex.py
[2024-11-25T08:58:48.758+0000] {processor.py:914} INFO - Processing file /home/airflow/.local/lib/python3.12/site-packages/airflow/example_dags/example_complex.py for tasks to queue
[2024-11-25T08:58:48.760+0000] {logging_mixin.py:190} INFO - [2024-11-25T08:58:48.760+0000] {dagbag.py:588} INFO - Filling up the DagBag from /home/airflow/.local/lib/python3.12/site-packages/airflow/example_dags/example_complex.py
[2024-11-25T08:58:48.771+0000] {processor.py:925} INFO - DAG(s) 'example_complex' retrieved from /home/airflow/.local/lib/python3.12/site-packages/airflow/example_dags/example_complex.py
[2024-11-25T08:58:48.810+0000] {logging_mixin.py:190} INFO - [2024-11-25T08:58:48.809+0000] {dag.py:3239} INFO - Sync 1 DAGs
[2024-11-25T08:58:48.826+0000] {logging_mixin.py:190} INFO - [2024-11-25T08:58:48.825+0000] {dag.py:4180} INFO - Setting next_dagrun for example_complex to None, run_after=None
[2024-11-25T08:58:48.853+0000] {processor.py:208} INFO - Processing /home/airflow/.local/lib/python3.12/site-packages/airflow/example_dags/example_complex.py took 0.103 seconds
[2024-11-25T08:59:19.528+0000] {processor.py:186} INFO - Started process (PID=10754) to work on /home/airflow/.local/lib/python3.12/site-packages/airflow/example_dags/example_complex.py
[2024-11-25T08:59:19.531+0000] {processor.py:914} INFO - Processing file /home/airflow/.local/lib/python3.12/site-packages/airflow/example_dags/example_complex.py for tasks to queue
[2024-11-25T08:59:19.538+0000] {logging_mixin.py:190} INFO - [2024-11-25T08:59:19.537+0000] {dagbag.py:588} INFO - Filling up the DagBag from /home/airflow/.local/lib/python3.12/site-packages/airflow/example_dags/example_complex.py
[2024-11-25T08:59:19.565+0000] {processor.py:925} INFO - DAG(s) 'example_complex' retrieved from /home/airflow/.local/lib/python3.12/site-packages/airflow/example_dags/example_complex.py
[2024-11-25T08:59:19.613+0000] {logging_mixin.py:190} INFO - [2024-11-25T08:59:19.613+0000] {dag.py:3239} INFO - Sync 1 DAGs
[2024-11-25T08:59:19.637+0000] {logging_mixin.py:190} INFO - [2024-11-25T08:59:19.636+0000] {dag.py:4180} INFO - Setting next_dagrun for example_complex to None, run_after=None
[2024-11-25T08:59:19.657+0000] {processor.py:208} INFO - Processing /home/airflow/.local/lib/python3.12/site-packages/airflow/example_dags/example_complex.py took 0.137 seconds
[2024-11-25T08:59:50.403+0000] {processor.py:186} INFO - Started process (PID=11055) to work on /home/airflow/.local/lib/python3.12/site-packages/airflow/example_dags/example_complex.py
[2024-11-25T08:59:50.405+0000] {processor.py:914} INFO - Processing file /home/airflow/.local/lib/python3.12/site-packages/airflow/example_dags/example_complex.py for tasks to queue
[2024-11-25T08:59:50.410+0000] {logging_mixin.py:190} INFO - [2024-11-25T08:59:50.409+0000] {dagbag.py:588} INFO - Filling up the DagBag from /home/airflow/.local/lib/python3.12/site-packages/airflow/example_dags/example_complex.py
[2024-11-25T08:59:50.432+0000] {processor.py:925} INFO - DAG(s) 'example_complex' retrieved from /home/airflow/.local/lib/python3.12/site-packages/airflow/example_dags/example_complex.py
[2024-11-25T08:59:50.476+0000] {logging_mixin.py:190} INFO - [2024-11-25T08:59:50.475+0000] {dag.py:3239} INFO - Sync 1 DAGs
[2024-11-25T08:59:50.497+0000] {logging_mixin.py:190} INFO - [2024-11-25T08:59:50.497+0000] {dag.py:4180} INFO - Setting next_dagrun for example_complex to None, run_after=None
[2024-11-25T08:59:50.516+0000] {processor.py:208} INFO - Processing /home/airflow/.local/lib/python3.12/site-packages/airflow/example_dags/example_complex.py took 0.126 seconds
[2024-11-25T09:00:20.666+0000] {processor.py:186} INFO - Started process (PID=11358) to work on /home/airflow/.local/lib/python3.12/site-packages/airflow/example_dags/example_complex.py
[2024-11-25T09:00:20.667+0000] {processor.py:914} INFO - Processing file /home/airflow/.local/lib/python3.12/site-packages/airflow/example_dags/example_complex.py for tasks to queue
[2024-11-25T09:00:20.672+0000] {logging_mixin.py:190} INFO - [2024-11-25T09:00:20.671+0000] {dagbag.py:588} INFO - Filling up the DagBag from /home/airflow/.local/lib/python3.12/site-packages/airflow/example_dags/example_complex.py
[2024-11-25T09:00:20.685+0000] {processor.py:925} INFO - DAG(s) 'example_complex' retrieved from /home/airflow/.local/lib/python3.12/site-packages/airflow/example_dags/example_complex.py
[2024-11-25T09:00:20.734+0000] {logging_mixin.py:190} INFO - [2024-11-25T09:00:20.733+0000] {dag.py:3239} INFO - Sync 1 DAGs
[2024-11-25T09:00:20.756+0000] {logging_mixin.py:190} INFO - [2024-11-25T09:00:20.755+0000] {dag.py:4180} INFO - Setting next_dagrun for example_complex to None, run_after=None
[2024-11-25T09:00:20.783+0000] {processor.py:208} INFO - Processing /home/airflow/.local/lib/python3.12/site-packages/airflow/example_dags/example_complex.py took 0.123 seconds
[2024-11-25T09:00:51.535+0000] {processor.py:186} INFO - Started process (PID=11658) to work on /home/airflow/.local/lib/python3.12/site-packages/airflow/example_dags/example_complex.py
[2024-11-25T09:00:51.537+0000] {processor.py:914} INFO - Processing file /home/airflow/.local/lib/python3.12/site-packages/airflow/example_dags/example_complex.py for tasks to queue
[2024-11-25T09:00:51.542+0000] {logging_mixin.py:190} INFO - [2024-11-25T09:00:51.541+0000] {dagbag.py:588} INFO - Filling up the DagBag from /home/airflow/.local/lib/python3.12/site-packages/airflow/example_dags/example_complex.py
[2024-11-25T09:00:51.580+0000] {processor.py:925} INFO - DAG(s) 'example_complex' retrieved from /home/airflow/.local/lib/python3.12/site-packages/airflow/example_dags/example_complex.py
[2024-11-25T09:00:51.634+0000] {logging_mixin.py:190} INFO - [2024-11-25T09:00:51.634+0000] {dag.py:3239} INFO - Sync 1 DAGs
[2024-11-25T09:00:51.656+0000] {logging_mixin.py:190} INFO - [2024-11-25T09:00:51.656+0000] {dag.py:4180} INFO - Setting next_dagrun for example_complex to None, run_after=None
[2024-11-25T09:00:51.688+0000] {processor.py:208} INFO - Processing /home/airflow/.local/lib/python3.12/site-packages/airflow/example_dags/example_complex.py took 0.162 seconds
[2024-11-25T09:01:21.846+0000] {processor.py:186} INFO - Started process (PID=11960) to work on /home/airflow/.local/lib/python3.12/site-packages/airflow/example_dags/example_complex.py
[2024-11-25T09:01:21.851+0000] {processor.py:914} INFO - Processing file /home/airflow/.local/lib/python3.12/site-packages/airflow/example_dags/example_complex.py for tasks to queue
[2024-11-25T09:01:21.854+0000] {logging_mixin.py:190} INFO - [2024-11-25T09:01:21.853+0000] {dagbag.py:588} INFO - Filling up the DagBag from /home/airflow/.local/lib/python3.12/site-packages/airflow/example_dags/example_complex.py
[2024-11-25T09:01:21.871+0000] {processor.py:925} INFO - DAG(s) 'example_complex' retrieved from /home/airflow/.local/lib/python3.12/site-packages/airflow/example_dags/example_complex.py
[2024-11-25T09:01:21.910+0000] {logging_mixin.py:190} INFO - [2024-11-25T09:01:21.910+0000] {dag.py:3239} INFO - Sync 1 DAGs
[2024-11-25T09:01:21.926+0000] {logging_mixin.py:190} INFO - [2024-11-25T09:01:21.926+0000] {dag.py:4180} INFO - Setting next_dagrun for example_complex to None, run_after=None
[2024-11-25T09:01:21.946+0000] {processor.py:208} INFO - Processing /home/airflow/.local/lib/python3.12/site-packages/airflow/example_dags/example_complex.py took 0.110 seconds
[2024-11-25T09:01:52.025+0000] {processor.py:186} INFO - Started process (PID=12262) to work on /home/airflow/.local/lib/python3.12/site-packages/airflow/example_dags/example_complex.py
[2024-11-25T09:01:52.026+0000] {processor.py:914} INFO - Processing file /home/airflow/.local/lib/python3.12/site-packages/airflow/example_dags/example_complex.py for tasks to queue
[2024-11-25T09:01:52.028+0000] {logging_mixin.py:190} INFO - [2024-11-25T09:01:52.028+0000] {dagbag.py:588} INFO - Filling up the DagBag from /home/airflow/.local/lib/python3.12/site-packages/airflow/example_dags/example_complex.py
[2024-11-25T09:01:52.039+0000] {processor.py:925} INFO - DAG(s) 'example_complex' retrieved from /home/airflow/.local/lib/python3.12/site-packages/airflow/example_dags/example_complex.py
[2024-11-25T09:01:52.081+0000] {logging_mixin.py:190} INFO - [2024-11-25T09:01:52.080+0000] {dag.py:3239} INFO - Sync 1 DAGs
[2024-11-25T09:01:52.103+0000] {logging_mixin.py:190} INFO - [2024-11-25T09:01:52.102+0000] {dag.py:4180} INFO - Setting next_dagrun for example_complex to None, run_after=None
[2024-11-25T09:01:52.131+0000] {processor.py:208} INFO - Processing /home/airflow/.local/lib/python3.12/site-packages/airflow/example_dags/example_complex.py took 0.113 seconds
[2024-11-25T09:02:23.073+0000] {processor.py:186} INFO - Started process (PID=12562) to work on /home/airflow/.local/lib/python3.12/site-packages/airflow/example_dags/example_complex.py
[2024-11-25T09:02:23.074+0000] {processor.py:914} INFO - Processing file /home/airflow/.local/lib/python3.12/site-packages/airflow/example_dags/example_complex.py for tasks to queue
[2024-11-25T09:02:23.076+0000] {logging_mixin.py:190} INFO - [2024-11-25T09:02:23.075+0000] {dagbag.py:588} INFO - Filling up the DagBag from /home/airflow/.local/lib/python3.12/site-packages/airflow/example_dags/example_complex.py
[2024-11-25T09:02:23.088+0000] {processor.py:925} INFO - DAG(s) 'example_complex' retrieved from /home/airflow/.local/lib/python3.12/site-packages/airflow/example_dags/example_complex.py
[2024-11-25T09:02:23.120+0000] {logging_mixin.py:190} INFO - [2024-11-25T09:02:23.120+0000] {dag.py:3239} INFO - Sync 1 DAGs
[2024-11-25T09:02:23.135+0000] {logging_mixin.py:190} INFO - [2024-11-25T09:02:23.135+0000] {dag.py:4180} INFO - Setting next_dagrun for example_complex to None, run_after=None
[2024-11-25T09:02:23.155+0000] {processor.py:208} INFO - Processing /home/airflow/.local/lib/python3.12/site-packages/airflow/example_dags/example_complex.py took 0.088 seconds
[2024-11-25T09:02:53.694+0000] {processor.py:186} INFO - Started process (PID=12868) to work on /home/airflow/.local/lib/python3.12/site-packages/airflow/example_dags/example_complex.py
[2024-11-25T09:02:53.696+0000] {processor.py:914} INFO - Processing file /home/airflow/.local/lib/python3.12/site-packages/airflow/example_dags/example_complex.py for tasks to queue
[2024-11-25T09:02:53.699+0000] {logging_mixin.py:190} INFO - [2024-11-25T09:02:53.699+0000] {dagbag.py:588} INFO - Filling up the DagBag from /home/airflow/.local/lib/python3.12/site-packages/airflow/example_dags/example_complex.py
[2024-11-25T09:02:53.715+0000] {processor.py:925} INFO - DAG(s) 'example_complex' retrieved from /home/airflow/.local/lib/python3.12/site-packages/airflow/example_dags/example_complex.py
[2024-11-25T09:02:53.777+0000] {logging_mixin.py:190} INFO - [2024-11-25T09:02:53.777+0000] {dag.py:3239} INFO - Sync 1 DAGs
[2024-11-25T09:02:53.802+0000] {logging_mixin.py:190} INFO - [2024-11-25T09:02:53.801+0000] {dag.py:4180} INFO - Setting next_dagrun for example_complex to None, run_after=None
[2024-11-25T09:02:53.834+0000] {processor.py:208} INFO - Processing /home/airflow/.local/lib/python3.12/site-packages/airflow/example_dags/example_complex.py took 0.152 seconds
[2024-11-25T09:03:23.999+0000] {processor.py:186} INFO - Started process (PID=13171) to work on /home/airflow/.local/lib/python3.12/site-packages/airflow/example_dags/example_complex.py
[2024-11-25T09:03:24.001+0000] {processor.py:914} INFO - Processing file /home/airflow/.local/lib/python3.12/site-packages/airflow/example_dags/example_complex.py for tasks to queue
[2024-11-25T09:03:24.003+0000] {logging_mixin.py:190} INFO - [2024-11-25T09:03:24.003+0000] {dagbag.py:588} INFO - Filling up the DagBag from /home/airflow/.local/lib/python3.12/site-packages/airflow/example_dags/example_complex.py
[2024-11-25T09:03:24.019+0000] {processor.py:925} INFO - DAG(s) 'example_complex' retrieved from /home/airflow/.local/lib/python3.12/site-packages/airflow/example_dags/example_complex.py
[2024-11-25T09:03:24.053+0000] {logging_mixin.py:190} INFO - [2024-11-25T09:03:24.053+0000] {dag.py:3239} INFO - Sync 1 DAGs
[2024-11-25T09:03:24.068+0000] {logging_mixin.py:190} INFO - [2024-11-25T09:03:24.068+0000] {dag.py:4180} INFO - Setting next_dagrun for example_complex to None, run_after=None
[2024-11-25T09:03:24.088+0000] {processor.py:208} INFO - Processing /home/airflow/.local/lib/python3.12/site-packages/airflow/example_dags/example_complex.py took 0.094 seconds
[2024-11-25T09:03:54.425+0000] {processor.py:186} INFO - Started process (PID=13470) to work on /home/airflow/.local/lib/python3.12/site-packages/airflow/example_dags/example_complex.py
[2024-11-25T09:03:54.426+0000] {processor.py:914} INFO - Processing file /home/airflow/.local/lib/python3.12/site-packages/airflow/example_dags/example_complex.py for tasks to queue
[2024-11-25T09:03:54.428+0000] {logging_mixin.py:190} INFO - [2024-11-25T09:03:54.428+0000] {dagbag.py:588} INFO - Filling up the DagBag from /home/airflow/.local/lib/python3.12/site-packages/airflow/example_dags/example_complex.py
[2024-11-25T09:03:54.440+0000] {processor.py:925} INFO - DAG(s) 'example_complex' retrieved from /home/airflow/.local/lib/python3.12/site-packages/airflow/example_dags/example_complex.py
[2024-11-25T09:03:54.479+0000] {logging_mixin.py:190} INFO - [2024-11-25T09:03:54.479+0000] {dag.py:3239} INFO - Sync 1 DAGs
[2024-11-25T09:03:54.494+0000] {logging_mixin.py:190} INFO - [2024-11-25T09:03:54.494+0000] {dag.py:4180} INFO - Setting next_dagrun for example_complex to None, run_after=None
[2024-11-25T09:03:54.516+0000] {processor.py:208} INFO - Processing /home/airflow/.local/lib/python3.12/site-packages/airflow/example_dags/example_complex.py took 0.097 seconds
[2024-11-25T09:04:24.605+0000] {processor.py:186} INFO - Started process (PID=13771) to work on /home/airflow/.local/lib/python3.12/site-packages/airflow/example_dags/example_complex.py
[2024-11-25T09:04:24.606+0000] {processor.py:914} INFO - Processing file /home/airflow/.local/lib/python3.12/site-packages/airflow/example_dags/example_complex.py for tasks to queue
[2024-11-25T09:04:24.608+0000] {logging_mixin.py:190} INFO - [2024-11-25T09:04:24.608+0000] {dagbag.py:588} INFO - Filling up the DagBag from /home/airflow/.local/lib/python3.12/site-packages/airflow/example_dags/example_complex.py
[2024-11-25T09:04:24.620+0000] {processor.py:925} INFO - DAG(s) 'example_complex' retrieved from /home/airflow/.local/lib/python3.12/site-packages/airflow/example_dags/example_complex.py
[2024-11-25T09:04:24.656+0000] {logging_mixin.py:190} INFO - [2024-11-25T09:04:24.656+0000] {dag.py:3239} INFO - Sync 1 DAGs
[2024-11-25T09:04:24.673+0000] {logging_mixin.py:190} INFO - [2024-11-25T09:04:24.673+0000] {dag.py:4180} INFO - Setting next_dagrun for example_complex to None, run_after=None
[2024-11-25T09:04:24.702+0000] {processor.py:208} INFO - Processing /home/airflow/.local/lib/python3.12/site-packages/airflow/example_dags/example_complex.py took 0.104 seconds
[2024-11-25T09:04:55.333+0000] {processor.py:186} INFO - Started process (PID=14072) to work on /home/airflow/.local/lib/python3.12/site-packages/airflow/example_dags/example_complex.py
[2024-11-25T09:04:55.334+0000] {processor.py:914} INFO - Processing file /home/airflow/.local/lib/python3.12/site-packages/airflow/example_dags/example_complex.py for tasks to queue
[2024-11-25T09:04:55.338+0000] {logging_mixin.py:190} INFO - [2024-11-25T09:04:55.337+0000] {dagbag.py:588} INFO - Filling up the DagBag from /home/airflow/.local/lib/python3.12/site-packages/airflow/example_dags/example_complex.py
[2024-11-25T09:04:55.358+0000] {processor.py:925} INFO - DAG(s) 'example_complex' retrieved from /home/airflow/.local/lib/python3.12/site-packages/airflow/example_dags/example_complex.py
[2024-11-25T09:04:55.413+0000] {logging_mixin.py:190} INFO - [2024-11-25T09:04:55.413+0000] {dag.py:3239} INFO - Sync 1 DAGs
[2024-11-25T09:04:55.436+0000] {logging_mixin.py:190} INFO - [2024-11-25T09:04:55.436+0000] {dag.py:4180} INFO - Setting next_dagrun for example_complex to None, run_after=None
[2024-11-25T09:04:55.462+0000] {processor.py:208} INFO - Processing /home/airflow/.local/lib/python3.12/site-packages/airflow/example_dags/example_complex.py took 0.139 seconds
[2024-11-25T09:05:26.580+0000] {processor.py:186} INFO - Started process (PID=14373) to work on /home/airflow/.local/lib/python3.12/site-packages/airflow/example_dags/example_complex.py
[2024-11-25T09:05:26.582+0000] {processor.py:914} INFO - Processing file /home/airflow/.local/lib/python3.12/site-packages/airflow/example_dags/example_complex.py for tasks to queue
[2024-11-25T09:05:26.586+0000] {logging_mixin.py:190} INFO - [2024-11-25T09:05:26.586+0000] {dagbag.py:588} INFO - Filling up the DagBag from /home/airflow/.local/lib/python3.12/site-packages/airflow/example_dags/example_complex.py
[2024-11-25T09:05:26.606+0000] {processor.py:925} INFO - DAG(s) 'example_complex' retrieved from /home/airflow/.local/lib/python3.12/site-packages/airflow/example_dags/example_complex.py
[2024-11-25T09:05:26.662+0000] {logging_mixin.py:190} INFO - [2024-11-25T09:05:26.662+0000] {dag.py:3239} INFO - Sync 1 DAGs
[2024-11-25T09:05:26.692+0000] {logging_mixin.py:190} INFO - [2024-11-25T09:05:26.691+0000] {dag.py:4180} INFO - Setting next_dagrun for example_complex to None, run_after=None
[2024-11-25T09:05:26.727+0000] {processor.py:208} INFO - Processing /home/airflow/.local/lib/python3.12/site-packages/airflow/example_dags/example_complex.py took 0.158 seconds
[2024-11-25T09:05:56.825+0000] {processor.py:186} INFO - Started process (PID=14670) to work on /home/airflow/.local/lib/python3.12/site-packages/airflow/example_dags/example_complex.py
[2024-11-25T09:05:56.826+0000] {processor.py:914} INFO - Processing file /home/airflow/.local/lib/python3.12/site-packages/airflow/example_dags/example_complex.py for tasks to queue
[2024-11-25T09:05:56.829+0000] {logging_mixin.py:190} INFO - [2024-11-25T09:05:56.829+0000] {dagbag.py:588} INFO - Filling up the DagBag from /home/airflow/.local/lib/python3.12/site-packages/airflow/example_dags/example_complex.py
[2024-11-25T09:05:56.842+0000] {processor.py:925} INFO - DAG(s) 'example_complex' retrieved from /home/airflow/.local/lib/python3.12/site-packages/airflow/example_dags/example_complex.py
[2024-11-25T09:05:56.887+0000] {logging_mixin.py:190} INFO - [2024-11-25T09:05:56.887+0000] {dag.py:3239} INFO - Sync 1 DAGs
[2024-11-25T09:05:57.168+0000] {logging_mixin.py:190} INFO - [2024-11-25T09:05:57.167+0000] {dag.py:4180} INFO - Setting next_dagrun for example_complex to None, run_after=None
[2024-11-25T09:05:57.208+0000] {processor.py:208} INFO - Processing /home/airflow/.local/lib/python3.12/site-packages/airflow/example_dags/example_complex.py took 0.389 seconds
[2024-11-25T09:06:28.144+0000] {processor.py:186} INFO - Started process (PID=14976) to work on /home/airflow/.local/lib/python3.12/site-packages/airflow/example_dags/example_complex.py
[2024-11-25T09:06:28.149+0000] {processor.py:914} INFO - Processing file /home/airflow/.local/lib/python3.12/site-packages/airflow/example_dags/example_complex.py for tasks to queue
[2024-11-25T09:06:28.158+0000] {logging_mixin.py:190} INFO - [2024-11-25T09:06:28.157+0000] {dagbag.py:588} INFO - Filling up the DagBag from /home/airflow/.local/lib/python3.12/site-packages/airflow/example_dags/example_complex.py
[2024-11-25T09:06:28.259+0000] {processor.py:925} INFO - DAG(s) 'example_complex' retrieved from /home/airflow/.local/lib/python3.12/site-packages/airflow/example_dags/example_complex.py
[2024-11-25T09:06:28.430+0000] {logging_mixin.py:190} INFO - [2024-11-25T09:06:28.429+0000] {dag.py:3239} INFO - Sync 1 DAGs
[2024-11-25T09:06:28.526+0000] {logging_mixin.py:190} INFO - [2024-11-25T09:06:28.524+0000] {dag.py:4180} INFO - Setting next_dagrun for example_complex to None, run_after=None
[2024-11-25T09:06:29.013+0000] {processor.py:208} INFO - Processing /home/airflow/.local/lib/python3.12/site-packages/airflow/example_dags/example_complex.py took 0.898 seconds
[2024-11-25T09:06:59.126+0000] {processor.py:186} INFO - Started process (PID=15282) to work on /home/airflow/.local/lib/python3.12/site-packages/airflow/example_dags/example_complex.py
[2024-11-25T09:06:59.128+0000] {processor.py:914} INFO - Processing file /home/airflow/.local/lib/python3.12/site-packages/airflow/example_dags/example_complex.py for tasks to queue
[2024-11-25T09:06:59.131+0000] {logging_mixin.py:190} INFO - [2024-11-25T09:06:59.130+0000] {dagbag.py:588} INFO - Filling up the DagBag from /home/airflow/.local/lib/python3.12/site-packages/airflow/example_dags/example_complex.py
[2024-11-25T09:06:59.148+0000] {processor.py:925} INFO - DAG(s) 'example_complex' retrieved from /home/airflow/.local/lib/python3.12/site-packages/airflow/example_dags/example_complex.py
[2024-11-25T09:06:59.189+0000] {logging_mixin.py:190} INFO - [2024-11-25T09:06:59.189+0000] {dag.py:3239} INFO - Sync 1 DAGs
[2024-11-25T09:06:59.208+0000] {logging_mixin.py:190} INFO - [2024-11-25T09:06:59.207+0000] {dag.py:4180} INFO - Setting next_dagrun for example_complex to None, run_after=None
[2024-11-25T09:06:59.230+0000] {processor.py:208} INFO - Processing /home/airflow/.local/lib/python3.12/site-packages/airflow/example_dags/example_complex.py took 0.112 seconds
[2024-11-25T09:07:29.426+0000] {processor.py:186} INFO - Started process (PID=15583) to work on /home/airflow/.local/lib/python3.12/site-packages/airflow/example_dags/example_complex.py
[2024-11-25T09:07:29.427+0000] {processor.py:914} INFO - Processing file /home/airflow/.local/lib/python3.12/site-packages/airflow/example_dags/example_complex.py for tasks to queue
[2024-11-25T09:07:29.430+0000] {logging_mixin.py:190} INFO - [2024-11-25T09:07:29.429+0000] {dagbag.py:588} INFO - Filling up the DagBag from /home/airflow/.local/lib/python3.12/site-packages/airflow/example_dags/example_complex.py
[2024-11-25T09:07:29.441+0000] {processor.py:925} INFO - DAG(s) 'example_complex' retrieved from /home/airflow/.local/lib/python3.12/site-packages/airflow/example_dags/example_complex.py
[2024-11-25T09:07:29.474+0000] {logging_mixin.py:190} INFO - [2024-11-25T09:07:29.474+0000] {dag.py:3239} INFO - Sync 1 DAGs
[2024-11-25T09:07:29.489+0000] {logging_mixin.py:190} INFO - [2024-11-25T09:07:29.489+0000] {dag.py:4180} INFO - Setting next_dagrun for example_complex to None, run_after=None
[2024-11-25T09:07:29.512+0000] {processor.py:208} INFO - Processing /home/airflow/.local/lib/python3.12/site-packages/airflow/example_dags/example_complex.py took 0.092 seconds
[2024-11-25T09:08:00.347+0000] {processor.py:186} INFO - Started process (PID=15884) to work on /home/airflow/.local/lib/python3.12/site-packages/airflow/example_dags/example_complex.py
[2024-11-25T09:08:00.348+0000] {processor.py:914} INFO - Processing file /home/airflow/.local/lib/python3.12/site-packages/airflow/example_dags/example_complex.py for tasks to queue
[2024-11-25T09:08:00.350+0000] {logging_mixin.py:190} INFO - [2024-11-25T09:08:00.350+0000] {dagbag.py:588} INFO - Filling up the DagBag from /home/airflow/.local/lib/python3.12/site-packages/airflow/example_dags/example_complex.py
[2024-11-25T09:08:00.362+0000] {processor.py:925} INFO - DAG(s) 'example_complex' retrieved from /home/airflow/.local/lib/python3.12/site-packages/airflow/example_dags/example_complex.py
[2024-11-25T09:08:00.404+0000] {logging_mixin.py:190} INFO - [2024-11-25T09:08:00.404+0000] {dag.py:3239} INFO - Sync 1 DAGs
[2024-11-25T09:08:00.426+0000] {logging_mixin.py:190} INFO - [2024-11-25T09:08:00.426+0000] {dag.py:4180} INFO - Setting next_dagrun for example_complex to None, run_after=None
[2024-11-25T09:08:00.451+0000] {processor.py:208} INFO - Processing /home/airflow/.local/lib/python3.12/site-packages/airflow/example_dags/example_complex.py took 0.112 seconds
[2024-11-25T09:08:30.898+0000] {processor.py:186} INFO - Started process (PID=16187) to work on /home/airflow/.local/lib/python3.12/site-packages/airflow/example_dags/example_complex.py
[2024-11-25T09:08:30.900+0000] {processor.py:914} INFO - Processing file /home/airflow/.local/lib/python3.12/site-packages/airflow/example_dags/example_complex.py for tasks to queue
[2024-11-25T09:08:30.902+0000] {logging_mixin.py:190} INFO - [2024-11-25T09:08:30.902+0000] {dagbag.py:588} INFO - Filling up the DagBag from /home/airflow/.local/lib/python3.12/site-packages/airflow/example_dags/example_complex.py
[2024-11-25T09:08:30.915+0000] {processor.py:925} INFO - DAG(s) 'example_complex' retrieved from /home/airflow/.local/lib/python3.12/site-packages/airflow/example_dags/example_complex.py
[2024-11-25T09:08:30.950+0000] {logging_mixin.py:190} INFO - [2024-11-25T09:08:30.950+0000] {dag.py:3239} INFO - Sync 1 DAGs
[2024-11-25T09:08:30.966+0000] {logging_mixin.py:190} INFO - [2024-11-25T09:08:30.965+0000] {dag.py:4180} INFO - Setting next_dagrun for example_complex to None, run_after=None
[2024-11-25T09:08:30.991+0000] {processor.py:208} INFO - Processing /home/airflow/.local/lib/python3.12/site-packages/airflow/example_dags/example_complex.py took 0.098 seconds
[2024-11-25T09:09:01.308+0000] {processor.py:186} INFO - Started process (PID=16486) to work on /home/airflow/.local/lib/python3.12/site-packages/airflow/example_dags/example_complex.py
[2024-11-25T09:09:01.309+0000] {processor.py:914} INFO - Processing file /home/airflow/.local/lib/python3.12/site-packages/airflow/example_dags/example_complex.py for tasks to queue
[2024-11-25T09:09:01.312+0000] {logging_mixin.py:190} INFO - [2024-11-25T09:09:01.311+0000] {dagbag.py:588} INFO - Filling up the DagBag from /home/airflow/.local/lib/python3.12/site-packages/airflow/example_dags/example_complex.py
[2024-11-25T09:09:01.324+0000] {processor.py:925} INFO - DAG(s) 'example_complex' retrieved from /home/airflow/.local/lib/python3.12/site-packages/airflow/example_dags/example_complex.py
[2024-11-25T09:09:01.357+0000] {logging_mixin.py:190} INFO - [2024-11-25T09:09:01.357+0000] {dag.py:3239} INFO - Sync 1 DAGs
[2024-11-25T09:09:01.373+0000] {logging_mixin.py:190} INFO - [2024-11-25T09:09:01.373+0000] {dag.py:4180} INFO - Setting next_dagrun for example_complex to None, run_after=None
[2024-11-25T09:09:01.395+0000] {processor.py:208} INFO - Processing /home/airflow/.local/lib/python3.12/site-packages/airflow/example_dags/example_complex.py took 0.094 seconds
[2024-11-25T09:09:32.392+0000] {processor.py:186} INFO - Started process (PID=16787) to work on /home/airflow/.local/lib/python3.12/site-packages/airflow/example_dags/example_complex.py
[2024-11-25T09:09:32.394+0000] {processor.py:914} INFO - Processing file /home/airflow/.local/lib/python3.12/site-packages/airflow/example_dags/example_complex.py for tasks to queue
[2024-11-25T09:09:32.399+0000] {logging_mixin.py:190} INFO - [2024-11-25T09:09:32.399+0000] {dagbag.py:588} INFO - Filling up the DagBag from /home/airflow/.local/lib/python3.12/site-packages/airflow/example_dags/example_complex.py
[2024-11-25T09:09:32.413+0000] {processor.py:925} INFO - DAG(s) 'example_complex' retrieved from /home/airflow/.local/lib/python3.12/site-packages/airflow/example_dags/example_complex.py
[2024-11-25T09:09:32.456+0000] {logging_mixin.py:190} INFO - [2024-11-25T09:09:32.455+0000] {dag.py:3239} INFO - Sync 1 DAGs
[2024-11-25T09:09:32.476+0000] {logging_mixin.py:190} INFO - [2024-11-25T09:09:32.476+0000] {dag.py:4180} INFO - Setting next_dagrun for example_complex to None, run_after=None
[2024-11-25T09:09:32.504+0000] {processor.py:208} INFO - Processing /home/airflow/.local/lib/python3.12/site-packages/airflow/example_dags/example_complex.py took 0.122 seconds
[2024-11-25T09:10:03.078+0000] {processor.py:186} INFO - Started process (PID=17088) to work on /home/airflow/.local/lib/python3.12/site-packages/airflow/example_dags/example_complex.py
[2024-11-25T09:10:03.080+0000] {processor.py:914} INFO - Processing file /home/airflow/.local/lib/python3.12/site-packages/airflow/example_dags/example_complex.py for tasks to queue
[2024-11-25T09:10:03.084+0000] {logging_mixin.py:190} INFO - [2024-11-25T09:10:03.084+0000] {dagbag.py:588} INFO - Filling up the DagBag from /home/airflow/.local/lib/python3.12/site-packages/airflow/example_dags/example_complex.py
[2024-11-25T09:10:03.105+0000] {processor.py:925} INFO - DAG(s) 'example_complex' retrieved from /home/airflow/.local/lib/python3.12/site-packages/airflow/example_dags/example_complex.py
[2024-11-25T09:10:03.153+0000] {logging_mixin.py:190} INFO - [2024-11-25T09:10:03.153+0000] {dag.py:3239} INFO - Sync 1 DAGs
[2024-11-25T09:10:03.168+0000] {logging_mixin.py:190} INFO - [2024-11-25T09:10:03.167+0000] {dag.py:4180} INFO - Setting next_dagrun for example_complex to None, run_after=None
[2024-11-25T09:10:03.187+0000] {processor.py:208} INFO - Processing /home/airflow/.local/lib/python3.12/site-packages/airflow/example_dags/example_complex.py took 0.120 seconds
[2024-11-25T09:10:33.540+0000] {processor.py:186} INFO - Started process (PID=17389) to work on /home/airflow/.local/lib/python3.12/site-packages/airflow/example_dags/example_complex.py
[2024-11-25T09:10:33.541+0000] {processor.py:914} INFO - Processing file /home/airflow/.local/lib/python3.12/site-packages/airflow/example_dags/example_complex.py for tasks to queue
[2024-11-25T09:10:33.544+0000] {logging_mixin.py:190} INFO - [2024-11-25T09:10:33.544+0000] {dagbag.py:588} INFO - Filling up the DagBag from /home/airflow/.local/lib/python3.12/site-packages/airflow/example_dags/example_complex.py
[2024-11-25T09:10:33.558+0000] {processor.py:925} INFO - DAG(s) 'example_complex' retrieved from /home/airflow/.local/lib/python3.12/site-packages/airflow/example_dags/example_complex.py
[2024-11-25T09:10:33.597+0000] {logging_mixin.py:190} INFO - [2024-11-25T09:10:33.596+0000] {dag.py:3239} INFO - Sync 1 DAGs
[2024-11-25T09:10:33.621+0000] {logging_mixin.py:190} INFO - [2024-11-25T09:10:33.620+0000] {dag.py:4180} INFO - Setting next_dagrun for example_complex to None, run_after=None
[2024-11-25T09:10:33.649+0000] {processor.py:208} INFO - Processing /home/airflow/.local/lib/python3.12/site-packages/airflow/example_dags/example_complex.py took 0.116 seconds
[2024-11-25T09:11:04.414+0000] {processor.py:186} INFO - Started process (PID=17690) to work on /home/airflow/.local/lib/python3.12/site-packages/airflow/example_dags/example_complex.py
[2024-11-25T09:11:04.415+0000] {processor.py:914} INFO - Processing file /home/airflow/.local/lib/python3.12/site-packages/airflow/example_dags/example_complex.py for tasks to queue
[2024-11-25T09:11:04.419+0000] {logging_mixin.py:190} INFO - [2024-11-25T09:11:04.419+0000] {dagbag.py:588} INFO - Filling up the DagBag from /home/airflow/.local/lib/python3.12/site-packages/airflow/example_dags/example_complex.py
[2024-11-25T09:11:04.432+0000] {processor.py:925} INFO - DAG(s) 'example_complex' retrieved from /home/airflow/.local/lib/python3.12/site-packages/airflow/example_dags/example_complex.py
[2024-11-25T09:11:04.468+0000] {logging_mixin.py:190} INFO - [2024-11-25T09:11:04.468+0000] {dag.py:3239} INFO - Sync 1 DAGs
[2024-11-25T09:11:04.485+0000] {logging_mixin.py:190} INFO - [2024-11-25T09:11:04.485+0000] {dag.py:4180} INFO - Setting next_dagrun for example_complex to None, run_after=None
[2024-11-25T09:11:04.516+0000] {processor.py:208} INFO - Processing /home/airflow/.local/lib/python3.12/site-packages/airflow/example_dags/example_complex.py took 0.110 seconds
[2024-11-25T09:11:34.724+0000] {processor.py:186} INFO - Started process (PID=17987) to work on /home/airflow/.local/lib/python3.12/site-packages/airflow/example_dags/example_complex.py
[2024-11-25T09:11:34.725+0000] {processor.py:914} INFO - Processing file /home/airflow/.local/lib/python3.12/site-packages/airflow/example_dags/example_complex.py for tasks to queue
[2024-11-25T09:11:34.728+0000] {logging_mixin.py:190} INFO - [2024-11-25T09:11:34.728+0000] {dagbag.py:588} INFO - Filling up the DagBag from /home/airflow/.local/lib/python3.12/site-packages/airflow/example_dags/example_complex.py
[2024-11-25T09:11:34.742+0000] {processor.py:925} INFO - DAG(s) 'example_complex' retrieved from /home/airflow/.local/lib/python3.12/site-packages/airflow/example_dags/example_complex.py
[2024-11-25T09:11:34.810+0000] {logging_mixin.py:190} INFO - [2024-11-25T09:11:34.810+0000] {dag.py:3239} INFO - Sync 1 DAGs
[2024-11-25T09:11:34.843+0000] {logging_mixin.py:190} INFO - [2024-11-25T09:11:34.843+0000] {dag.py:4180} INFO - Setting next_dagrun for example_complex to None, run_after=None
[2024-11-25T09:11:34.867+0000] {processor.py:208} INFO - Processing /home/airflow/.local/lib/python3.12/site-packages/airflow/example_dags/example_complex.py took 0.150 seconds
[2024-11-25T09:12:05.358+0000] {processor.py:186} INFO - Started process (PID=18288) to work on /home/airflow/.local/lib/python3.12/site-packages/airflow/example_dags/example_complex.py
[2024-11-25T09:12:05.360+0000] {processor.py:914} INFO - Processing file /home/airflow/.local/lib/python3.12/site-packages/airflow/example_dags/example_complex.py for tasks to queue
[2024-11-25T09:12:05.362+0000] {logging_mixin.py:190} INFO - [2024-11-25T09:12:05.362+0000] {dagbag.py:588} INFO - Filling up the DagBag from /home/airflow/.local/lib/python3.12/site-packages/airflow/example_dags/example_complex.py
[2024-11-25T09:12:05.380+0000] {processor.py:925} INFO - DAG(s) 'example_complex' retrieved from /home/airflow/.local/lib/python3.12/site-packages/airflow/example_dags/example_complex.py
[2024-11-25T09:12:05.421+0000] {logging_mixin.py:190} INFO - [2024-11-25T09:12:05.421+0000] {dag.py:3239} INFO - Sync 1 DAGs
[2024-11-25T09:12:05.439+0000] {logging_mixin.py:190} INFO - [2024-11-25T09:12:05.439+0000] {dag.py:4180} INFO - Setting next_dagrun for example_complex to None, run_after=None
[2024-11-25T09:12:05.467+0000] {processor.py:208} INFO - Processing /home/airflow/.local/lib/python3.12/site-packages/airflow/example_dags/example_complex.py took 0.115 seconds
[2024-11-25T09:12:35.892+0000] {processor.py:186} INFO - Started process (PID=18590) to work on /home/airflow/.local/lib/python3.12/site-packages/airflow/example_dags/example_complex.py
[2024-11-25T09:12:35.893+0000] {processor.py:914} INFO - Processing file /home/airflow/.local/lib/python3.12/site-packages/airflow/example_dags/example_complex.py for tasks to queue
[2024-11-25T09:12:35.896+0000] {logging_mixin.py:190} INFO - [2024-11-25T09:12:35.895+0000] {dagbag.py:588} INFO - Filling up the DagBag from /home/airflow/.local/lib/python3.12/site-packages/airflow/example_dags/example_complex.py
[2024-11-25T09:12:35.913+0000] {processor.py:925} INFO - DAG(s) 'example_complex' retrieved from /home/airflow/.local/lib/python3.12/site-packages/airflow/example_dags/example_complex.py
[2024-11-25T09:12:35.955+0000] {logging_mixin.py:190} INFO - [2024-11-25T09:12:35.955+0000] {dag.py:3239} INFO - Sync 1 DAGs
[2024-11-25T09:12:35.971+0000] {logging_mixin.py:190} INFO - [2024-11-25T09:12:35.971+0000] {dag.py:4180} INFO - Setting next_dagrun for example_complex to None, run_after=None
[2024-11-25T09:12:35.990+0000] {processor.py:208} INFO - Processing /home/airflow/.local/lib/python3.12/site-packages/airflow/example_dags/example_complex.py took 0.106 seconds
[2024-11-25T09:13:06.153+0000] {processor.py:186} INFO - Started process (PID=18891) to work on /home/airflow/.local/lib/python3.12/site-packages/airflow/example_dags/example_complex.py
[2024-11-25T09:13:06.154+0000] {processor.py:914} INFO - Processing file /home/airflow/.local/lib/python3.12/site-packages/airflow/example_dags/example_complex.py for tasks to queue
[2024-11-25T09:13:06.157+0000] {logging_mixin.py:190} INFO - [2024-11-25T09:13:06.157+0000] {dagbag.py:588} INFO - Filling up the DagBag from /home/airflow/.local/lib/python3.12/site-packages/airflow/example_dags/example_complex.py
[2024-11-25T09:13:06.171+0000] {processor.py:925} INFO - DAG(s) 'example_complex' retrieved from /home/airflow/.local/lib/python3.12/site-packages/airflow/example_dags/example_complex.py
[2024-11-25T09:13:06.206+0000] {logging_mixin.py:190} INFO - [2024-11-25T09:13:06.206+0000] {dag.py:3239} INFO - Sync 1 DAGs
[2024-11-25T09:13:06.224+0000] {logging_mixin.py:190} INFO - [2024-11-25T09:13:06.224+0000] {dag.py:4180} INFO - Setting next_dagrun for example_complex to None, run_after=None
[2024-11-25T09:13:06.247+0000] {processor.py:208} INFO - Processing /home/airflow/.local/lib/python3.12/site-packages/airflow/example_dags/example_complex.py took 0.101 seconds
[2024-11-25T09:13:37.121+0000] {processor.py:186} INFO - Started process (PID=19192) to work on /home/airflow/.local/lib/python3.12/site-packages/airflow/example_dags/example_complex.py
[2024-11-25T09:13:37.122+0000] {processor.py:914} INFO - Processing file /home/airflow/.local/lib/python3.12/site-packages/airflow/example_dags/example_complex.py for tasks to queue
[2024-11-25T09:13:37.127+0000] {logging_mixin.py:190} INFO - [2024-11-25T09:13:37.126+0000] {dagbag.py:588} INFO - Filling up the DagBag from /home/airflow/.local/lib/python3.12/site-packages/airflow/example_dags/example_complex.py
[2024-11-25T09:13:37.144+0000] {processor.py:925} INFO - DAG(s) 'example_complex' retrieved from /home/airflow/.local/lib/python3.12/site-packages/airflow/example_dags/example_complex.py
[2024-11-25T09:13:37.184+0000] {logging_mixin.py:190} INFO - [2024-11-25T09:13:37.184+0000] {dag.py:3239} INFO - Sync 1 DAGs
[2024-11-25T09:13:37.198+0000] {logging_mixin.py:190} INFO - [2024-11-25T09:13:37.198+0000] {dag.py:4180} INFO - Setting next_dagrun for example_complex to None, run_after=None
[2024-11-25T09:13:37.218+0000] {processor.py:208} INFO - Processing /home/airflow/.local/lib/python3.12/site-packages/airflow/example_dags/example_complex.py took 0.106 seconds
[2024-11-25T09:14:07.693+0000] {processor.py:186} INFO - Started process (PID=19488) to work on /home/airflow/.local/lib/python3.12/site-packages/airflow/example_dags/example_complex.py
[2024-11-25T09:14:07.694+0000] {processor.py:914} INFO - Processing file /home/airflow/.local/lib/python3.12/site-packages/airflow/example_dags/example_complex.py for tasks to queue
[2024-11-25T09:14:07.696+0000] {logging_mixin.py:190} INFO - [2024-11-25T09:14:07.696+0000] {dagbag.py:588} INFO - Filling up the DagBag from /home/airflow/.local/lib/python3.12/site-packages/airflow/example_dags/example_complex.py
[2024-11-25T09:14:07.709+0000] {processor.py:925} INFO - DAG(s) 'example_complex' retrieved from /home/airflow/.local/lib/python3.12/site-packages/airflow/example_dags/example_complex.py
[2024-11-25T09:14:07.748+0000] {logging_mixin.py:190} INFO - [2024-11-25T09:14:07.748+0000] {dag.py:3239} INFO - Sync 1 DAGs
[2024-11-25T09:14:07.767+0000] {logging_mixin.py:190} INFO - [2024-11-25T09:14:07.766+0000] {dag.py:4180} INFO - Setting next_dagrun for example_complex to None, run_after=None
[2024-11-25T09:14:07.794+0000] {processor.py:208} INFO - Processing /home/airflow/.local/lib/python3.12/site-packages/airflow/example_dags/example_complex.py took 0.108 seconds
[2024-11-25T09:14:38.983+0000] {processor.py:186} INFO - Started process (PID=19794) to work on /home/airflow/.local/lib/python3.12/site-packages/airflow/example_dags/example_complex.py
[2024-11-25T09:14:38.985+0000] {processor.py:914} INFO - Processing file /home/airflow/.local/lib/python3.12/site-packages/airflow/example_dags/example_complex.py for tasks to queue
[2024-11-25T09:14:38.990+0000] {logging_mixin.py:190} INFO - [2024-11-25T09:14:38.989+0000] {dagbag.py:588} INFO - Filling up the DagBag from /home/airflow/.local/lib/python3.12/site-packages/airflow/example_dags/example_complex.py
[2024-11-25T09:14:39.009+0000] {processor.py:925} INFO - DAG(s) 'example_complex' retrieved from /home/airflow/.local/lib/python3.12/site-packages/airflow/example_dags/example_complex.py
[2024-11-25T09:14:39.076+0000] {logging_mixin.py:190} INFO - [2024-11-25T09:14:39.075+0000] {dag.py:3239} INFO - Sync 1 DAGs
[2024-11-25T09:14:39.099+0000] {logging_mixin.py:190} INFO - [2024-11-25T09:14:39.098+0000] {dag.py:4180} INFO - Setting next_dagrun for example_complex to None, run_after=None
[2024-11-25T09:14:39.136+0000] {processor.py:208} INFO - Processing /home/airflow/.local/lib/python3.12/site-packages/airflow/example_dags/example_complex.py took 0.163 seconds
[2024-11-25T09:15:09.305+0000] {processor.py:186} INFO - Started process (PID=20095) to work on /home/airflow/.local/lib/python3.12/site-packages/airflow/example_dags/example_complex.py
[2024-11-25T09:15:09.308+0000] {processor.py:914} INFO - Processing file /home/airflow/.local/lib/python3.12/site-packages/airflow/example_dags/example_complex.py for tasks to queue
[2024-11-25T09:15:09.316+0000] {logging_mixin.py:190} INFO - [2024-11-25T09:15:09.316+0000] {dagbag.py:588} INFO - Filling up the DagBag from /home/airflow/.local/lib/python3.12/site-packages/airflow/example_dags/example_complex.py
[2024-11-25T09:15:09.341+0000] {processor.py:925} INFO - DAG(s) 'example_complex' retrieved from /home/airflow/.local/lib/python3.12/site-packages/airflow/example_dags/example_complex.py
[2024-11-25T09:15:09.385+0000] {logging_mixin.py:190} INFO - [2024-11-25T09:15:09.384+0000] {dag.py:3239} INFO - Sync 1 DAGs
[2024-11-25T09:15:09.409+0000] {logging_mixin.py:190} INFO - [2024-11-25T09:15:09.407+0000] {dag.py:4180} INFO - Setting next_dagrun for example_complex to None, run_after=None
[2024-11-25T09:15:09.451+0000] {processor.py:208} INFO - Processing /home/airflow/.local/lib/python3.12/site-packages/airflow/example_dags/example_complex.py took 0.153 seconds
[2024-11-25T09:15:39.874+0000] {processor.py:186} INFO - Started process (PID=20396) to work on /home/airflow/.local/lib/python3.12/site-packages/airflow/example_dags/example_complex.py
[2024-11-25T09:15:39.875+0000] {processor.py:914} INFO - Processing file /home/airflow/.local/lib/python3.12/site-packages/airflow/example_dags/example_complex.py for tasks to queue
[2024-11-25T09:15:39.878+0000] {logging_mixin.py:190} INFO - [2024-11-25T09:15:39.877+0000] {dagbag.py:588} INFO - Filling up the DagBag from /home/airflow/.local/lib/python3.12/site-packages/airflow/example_dags/example_complex.py
[2024-11-25T09:15:39.891+0000] {processor.py:925} INFO - DAG(s) 'example_complex' retrieved from /home/airflow/.local/lib/python3.12/site-packages/airflow/example_dags/example_complex.py
[2024-11-25T09:15:39.929+0000] {logging_mixin.py:190} INFO - [2024-11-25T09:15:39.929+0000] {dag.py:3239} INFO - Sync 1 DAGs
[2024-11-25T09:15:39.952+0000] {logging_mixin.py:190} INFO - [2024-11-25T09:15:39.952+0000] {dag.py:4180} INFO - Setting next_dagrun for example_complex to None, run_after=None
[2024-11-25T09:15:39.984+0000] {processor.py:208} INFO - Processing /home/airflow/.local/lib/python3.12/site-packages/airflow/example_dags/example_complex.py took 0.116 seconds
[2024-11-25T09:16:10.412+0000] {processor.py:186} INFO - Started process (PID=20697) to work on /home/airflow/.local/lib/python3.12/site-packages/airflow/example_dags/example_complex.py
[2024-11-25T09:16:10.413+0000] {processor.py:914} INFO - Processing file /home/airflow/.local/lib/python3.12/site-packages/airflow/example_dags/example_complex.py for tasks to queue
[2024-11-25T09:16:10.416+0000] {logging_mixin.py:190} INFO - [2024-11-25T09:16:10.416+0000] {dagbag.py:588} INFO - Filling up the DagBag from /home/airflow/.local/lib/python3.12/site-packages/airflow/example_dags/example_complex.py
[2024-11-25T09:16:10.431+0000] {processor.py:925} INFO - DAG(s) 'example_complex' retrieved from /home/airflow/.local/lib/python3.12/site-packages/airflow/example_dags/example_complex.py
[2024-11-25T09:16:10.468+0000] {logging_mixin.py:190} INFO - [2024-11-25T09:16:10.468+0000] {dag.py:3239} INFO - Sync 1 DAGs
[2024-11-25T09:16:10.493+0000] {logging_mixin.py:190} INFO - [2024-11-25T09:16:10.492+0000] {dag.py:4180} INFO - Setting next_dagrun for example_complex to None, run_after=None
[2024-11-25T09:16:10.516+0000] {processor.py:208} INFO - Processing /home/airflow/.local/lib/python3.12/site-packages/airflow/example_dags/example_complex.py took 0.111 seconds
[2024-11-25T09:16:41.317+0000] {processor.py:186} INFO - Started process (PID=20998) to work on /home/airflow/.local/lib/python3.12/site-packages/airflow/example_dags/example_complex.py
[2024-11-25T09:16:41.320+0000] {processor.py:914} INFO - Processing file /home/airflow/.local/lib/python3.12/site-packages/airflow/example_dags/example_complex.py for tasks to queue
[2024-11-25T09:16:41.324+0000] {logging_mixin.py:190} INFO - [2024-11-25T09:16:41.324+0000] {dagbag.py:588} INFO - Filling up the DagBag from /home/airflow/.local/lib/python3.12/site-packages/airflow/example_dags/example_complex.py
[2024-11-25T09:16:41.367+0000] {processor.py:925} INFO - DAG(s) 'example_complex' retrieved from /home/airflow/.local/lib/python3.12/site-packages/airflow/example_dags/example_complex.py
[2024-11-25T09:16:41.484+0000] {logging_mixin.py:190} INFO - [2024-11-25T09:16:41.483+0000] {dag.py:3239} INFO - Sync 1 DAGs
[2024-11-25T09:16:41.596+0000] {logging_mixin.py:190} INFO - [2024-11-25T09:16:41.593+0000] {dag.py:4180} INFO - Setting next_dagrun for example_complex to None, run_after=None
[2024-11-25T09:16:41.711+0000] {processor.py:208} INFO - Processing /home/airflow/.local/lib/python3.12/site-packages/airflow/example_dags/example_complex.py took 0.404 seconds
[2024-11-25T09:17:12.485+0000] {processor.py:186} INFO - Started process (PID=21301) to work on /home/airflow/.local/lib/python3.12/site-packages/airflow/example_dags/example_complex.py
[2024-11-25T09:17:12.489+0000] {processor.py:914} INFO - Processing file /home/airflow/.local/lib/python3.12/site-packages/airflow/example_dags/example_complex.py for tasks to queue
[2024-11-25T09:17:12.494+0000] {logging_mixin.py:190} INFO - [2024-11-25T09:17:12.494+0000] {dagbag.py:588} INFO - Filling up the DagBag from /home/airflow/.local/lib/python3.12/site-packages/airflow/example_dags/example_complex.py
[2024-11-25T09:17:12.521+0000] {processor.py:925} INFO - DAG(s) 'example_complex' retrieved from /home/airflow/.local/lib/python3.12/site-packages/airflow/example_dags/example_complex.py
[2024-11-25T09:17:12.576+0000] {logging_mixin.py:190} INFO - [2024-11-25T09:17:12.576+0000] {dag.py:3239} INFO - Sync 1 DAGs
[2024-11-25T09:17:12.594+0000] {logging_mixin.py:190} INFO - [2024-11-25T09:17:12.594+0000] {dag.py:4180} INFO - Setting next_dagrun for example_complex to None, run_after=None
[2024-11-25T09:17:12.620+0000] {processor.py:208} INFO - Processing /home/airflow/.local/lib/python3.12/site-packages/airflow/example_dags/example_complex.py took 0.148 seconds
[2024-11-25T09:17:43.142+0000] {processor.py:186} INFO - Started process (PID=21600) to work on /home/airflow/.local/lib/python3.12/site-packages/airflow/example_dags/example_complex.py
[2024-11-25T09:17:43.143+0000] {processor.py:914} INFO - Processing file /home/airflow/.local/lib/python3.12/site-packages/airflow/example_dags/example_complex.py for tasks to queue
[2024-11-25T09:17:43.146+0000] {logging_mixin.py:190} INFO - [2024-11-25T09:17:43.145+0000] {dagbag.py:588} INFO - Filling up the DagBag from /home/airflow/.local/lib/python3.12/site-packages/airflow/example_dags/example_complex.py
[2024-11-25T09:17:43.161+0000] {processor.py:925} INFO - DAG(s) 'example_complex' retrieved from /home/airflow/.local/lib/python3.12/site-packages/airflow/example_dags/example_complex.py
[2024-11-25T09:17:43.204+0000] {logging_mixin.py:190} INFO - [2024-11-25T09:17:43.204+0000] {dag.py:3239} INFO - Sync 1 DAGs
[2024-11-25T09:17:43.223+0000] {logging_mixin.py:190} INFO - [2024-11-25T09:17:43.222+0000] {dag.py:4180} INFO - Setting next_dagrun for example_complex to None, run_after=None
[2024-11-25T09:17:43.247+0000] {processor.py:208} INFO - Processing /home/airflow/.local/lib/python3.12/site-packages/airflow/example_dags/example_complex.py took 0.112 seconds
[2024-11-25T09:18:13.623+0000] {processor.py:186} INFO - Started process (PID=21901) to work on /home/airflow/.local/lib/python3.12/site-packages/airflow/example_dags/example_complex.py
[2024-11-25T09:18:13.624+0000] {processor.py:914} INFO - Processing file /home/airflow/.local/lib/python3.12/site-packages/airflow/example_dags/example_complex.py for tasks to queue
[2024-11-25T09:18:13.627+0000] {logging_mixin.py:190} INFO - [2024-11-25T09:18:13.626+0000] {dagbag.py:588} INFO - Filling up the DagBag from /home/airflow/.local/lib/python3.12/site-packages/airflow/example_dags/example_complex.py
[2024-11-25T09:18:13.644+0000] {processor.py:925} INFO - DAG(s) 'example_complex' retrieved from /home/airflow/.local/lib/python3.12/site-packages/airflow/example_dags/example_complex.py
[2024-11-25T09:18:13.686+0000] {logging_mixin.py:190} INFO - [2024-11-25T09:18:13.686+0000] {dag.py:3239} INFO - Sync 1 DAGs
[2024-11-25T09:18:13.702+0000] {logging_mixin.py:190} INFO - [2024-11-25T09:18:13.701+0000] {dag.py:4180} INFO - Setting next_dagrun for example_complex to None, run_after=None
[2024-11-25T09:18:13.722+0000] {processor.py:208} INFO - Processing /home/airflow/.local/lib/python3.12/site-packages/airflow/example_dags/example_complex.py took 0.108 seconds
[2024-11-25T09:18:43.852+0000] {processor.py:186} INFO - Started process (PID=22202) to work on /home/airflow/.local/lib/python3.12/site-packages/airflow/example_dags/example_complex.py
[2024-11-25T09:18:43.853+0000] {processor.py:914} INFO - Processing file /home/airflow/.local/lib/python3.12/site-packages/airflow/example_dags/example_complex.py for tasks to queue
[2024-11-25T09:18:43.857+0000] {logging_mixin.py:190} INFO - [2024-11-25T09:18:43.856+0000] {dagbag.py:588} INFO - Filling up the DagBag from /home/airflow/.local/lib/python3.12/site-packages/airflow/example_dags/example_complex.py
[2024-11-25T09:18:43.871+0000] {processor.py:925} INFO - DAG(s) 'example_complex' retrieved from /home/airflow/.local/lib/python3.12/site-packages/airflow/example_dags/example_complex.py
[2024-11-25T09:18:43.906+0000] {logging_mixin.py:190} INFO - [2024-11-25T09:18:43.905+0000] {dag.py:3239} INFO - Sync 1 DAGs
[2024-11-25T09:18:43.921+0000] {logging_mixin.py:190} INFO - [2024-11-25T09:18:43.921+0000] {dag.py:4180} INFO - Setting next_dagrun for example_complex to None, run_after=None
[2024-11-25T09:18:43.941+0000] {processor.py:208} INFO - Processing /home/airflow/.local/lib/python3.12/site-packages/airflow/example_dags/example_complex.py took 0.095 seconds
