[2024-11-25T08:41:28.912+0000] {processor.py:186} INFO - Started process (PID=282) to work on /home/airflow/.local/lib/python3.12/site-packages/airflow/example_dags/example_python_operator.py
[2024-11-25T08:41:28.915+0000] {processor.py:914} INFO - Processing file /home/airflow/.local/lib/python3.12/site-packages/airflow/example_dags/example_python_operator.py for tasks to queue
[2024-11-25T08:41:28.920+0000] {logging_mixin.py:190} INFO - [2024-11-25T08:41:28.919+0000] {dagbag.py:588} INFO - Filling up the DagBag from /home/airflow/.local/lib/python3.12/site-packages/airflow/example_dags/example_python_operator.py
[2024-11-25T08:41:28.965+0000] {processor.py:925} INFO - DAG(s) 'example_python_operator' retrieved from /home/airflow/.local/lib/python3.12/site-packages/airflow/example_dags/example_python_operator.py
[2024-11-25T08:41:29.607+0000] {logging_mixin.py:190} INFO - [2024-11-25T08:41:29.605+0000] {override.py:1911} INFO - Created Permission View: can edit on DAG:example_python_operator
[2024-11-25T08:41:29.644+0000] {logging_mixin.py:190} INFO - [2024-11-25T08:41:29.644+0000] {override.py:1911} INFO - Created Permission View: can delete on DAG:example_python_operator
[2024-11-25T08:41:29.663+0000] {logging_mixin.py:190} INFO - [2024-11-25T08:41:29.663+0000] {override.py:1911} INFO - Created Permission View: can read on DAG:example_python_operator
[2024-11-25T08:41:29.689+0000] {logging_mixin.py:190} INFO - [2024-11-25T08:41:29.688+0000] {override.py:1911} INFO - Created Permission View: can create on DAG Run:example_python_operator
[2024-11-25T08:41:29.711+0000] {logging_mixin.py:190} INFO - [2024-11-25T08:41:29.710+0000] {override.py:1911} INFO - Created Permission View: can delete on DAG Run:example_python_operator
[2024-11-25T08:41:29.729+0000] {logging_mixin.py:190} INFO - [2024-11-25T08:41:29.728+0000] {override.py:1911} INFO - Created Permission View: menu access on DAG Run:example_python_operator
[2024-11-25T08:41:29.764+0000] {logging_mixin.py:190} INFO - [2024-11-25T08:41:29.763+0000] {override.py:1911} INFO - Created Permission View: can read on DAG Run:example_python_operator
[2024-11-25T08:41:29.765+0000] {logging_mixin.py:190} INFO - [2024-11-25T08:41:29.764+0000] {dag.py:3239} INFO - Sync 1 DAGs
[2024-11-25T08:41:29.792+0000] {logging_mixin.py:190} INFO - [2024-11-25T08:41:29.792+0000] {dag.py:3262} INFO - Creating ORM DAG for example_python_operator
[2024-11-25T08:41:29.793+0000] {logging_mixin.py:190} INFO - [2024-11-25T08:41:29.793+0000] {dag.py:4180} INFO - Setting next_dagrun for example_python_operator to None, run_after=None
[2024-11-25T08:41:29.823+0000] {processor.py:208} INFO - Processing /home/airflow/.local/lib/python3.12/site-packages/airflow/example_dags/example_python_operator.py took 0.924 seconds
[2024-11-25T08:42:00.439+0000] {processor.py:186} INFO - Started process (PID=581) to work on /home/airflow/.local/lib/python3.12/site-packages/airflow/example_dags/example_python_operator.py
[2024-11-25T08:42:00.449+0000] {processor.py:914} INFO - Processing file /home/airflow/.local/lib/python3.12/site-packages/airflow/example_dags/example_python_operator.py for tasks to queue
[2024-11-25T08:42:00.470+0000] {logging_mixin.py:190} INFO - [2024-11-25T08:42:00.460+0000] {dagbag.py:588} INFO - Filling up the DagBag from /home/airflow/.local/lib/python3.12/site-packages/airflow/example_dags/example_python_operator.py
[2024-11-25T08:42:00.574+0000] {processor.py:925} INFO - DAG(s) 'example_python_operator' retrieved from /home/airflow/.local/lib/python3.12/site-packages/airflow/example_dags/example_python_operator.py
[2024-11-25T08:42:00.642+0000] {logging_mixin.py:190} INFO - [2024-11-25T08:42:00.642+0000] {dag.py:3239} INFO - Sync 1 DAGs
[2024-11-25T08:42:00.693+0000] {logging_mixin.py:190} INFO - [2024-11-25T08:42:00.693+0000] {dag.py:4180} INFO - Setting next_dagrun for example_python_operator to None, run_after=None
[2024-11-25T08:42:00.747+0000] {processor.py:208} INFO - Processing /home/airflow/.local/lib/python3.12/site-packages/airflow/example_dags/example_python_operator.py took 0.326 seconds
[2024-11-25T08:42:31.019+0000] {processor.py:186} INFO - Started process (PID=883) to work on /home/airflow/.local/lib/python3.12/site-packages/airflow/example_dags/example_python_operator.py
[2024-11-25T08:42:31.024+0000] {processor.py:914} INFO - Processing file /home/airflow/.local/lib/python3.12/site-packages/airflow/example_dags/example_python_operator.py for tasks to queue
[2024-11-25T08:42:31.034+0000] {logging_mixin.py:190} INFO - [2024-11-25T08:42:31.033+0000] {dagbag.py:588} INFO - Filling up the DagBag from /home/airflow/.local/lib/python3.12/site-packages/airflow/example_dags/example_python_operator.py
[2024-11-25T08:42:31.073+0000] {processor.py:925} INFO - DAG(s) 'example_python_operator' retrieved from /home/airflow/.local/lib/python3.12/site-packages/airflow/example_dags/example_python_operator.py
[2024-11-25T08:42:31.133+0000] {logging_mixin.py:190} INFO - [2024-11-25T08:42:31.133+0000] {dag.py:3239} INFO - Sync 1 DAGs
[2024-11-25T08:42:31.164+0000] {logging_mixin.py:190} INFO - [2024-11-25T08:42:31.164+0000] {dag.py:4180} INFO - Setting next_dagrun for example_python_operator to None, run_after=None
[2024-11-25T08:42:31.202+0000] {processor.py:208} INFO - Processing /home/airflow/.local/lib/python3.12/site-packages/airflow/example_dags/example_python_operator.py took 0.210 seconds
[2024-11-25T08:43:01.414+0000] {processor.py:186} INFO - Started process (PID=1190) to work on /home/airflow/.local/lib/python3.12/site-packages/airflow/example_dags/example_python_operator.py
[2024-11-25T08:43:01.415+0000] {processor.py:914} INFO - Processing file /home/airflow/.local/lib/python3.12/site-packages/airflow/example_dags/example_python_operator.py for tasks to queue
[2024-11-25T08:43:01.417+0000] {logging_mixin.py:190} INFO - [2024-11-25T08:43:01.417+0000] {dagbag.py:588} INFO - Filling up the DagBag from /home/airflow/.local/lib/python3.12/site-packages/airflow/example_dags/example_python_operator.py
[2024-11-25T08:43:01.429+0000] {processor.py:925} INFO - DAG(s) 'example_python_operator' retrieved from /home/airflow/.local/lib/python3.12/site-packages/airflow/example_dags/example_python_operator.py
[2024-11-25T08:43:01.455+0000] {logging_mixin.py:190} INFO - [2024-11-25T08:43:01.455+0000] {dag.py:3239} INFO - Sync 1 DAGs
[2024-11-25T08:43:01.468+0000] {logging_mixin.py:190} INFO - [2024-11-25T08:43:01.468+0000] {dag.py:4180} INFO - Setting next_dagrun for example_python_operator to None, run_after=None
[2024-11-25T08:43:01.487+0000] {processor.py:208} INFO - Processing /home/airflow/.local/lib/python3.12/site-packages/airflow/example_dags/example_python_operator.py took 0.078 seconds
[2024-11-25T08:43:31.790+0000] {processor.py:186} INFO - Started process (PID=1491) to work on /home/airflow/.local/lib/python3.12/site-packages/airflow/example_dags/example_python_operator.py
[2024-11-25T08:43:31.791+0000] {processor.py:914} INFO - Processing file /home/airflow/.local/lib/python3.12/site-packages/airflow/example_dags/example_python_operator.py for tasks to queue
[2024-11-25T08:43:31.794+0000] {logging_mixin.py:190} INFO - [2024-11-25T08:43:31.793+0000] {dagbag.py:588} INFO - Filling up the DagBag from /home/airflow/.local/lib/python3.12/site-packages/airflow/example_dags/example_python_operator.py
[2024-11-25T08:43:31.811+0000] {processor.py:925} INFO - DAG(s) 'example_python_operator' retrieved from /home/airflow/.local/lib/python3.12/site-packages/airflow/example_dags/example_python_operator.py
[2024-11-25T08:43:31.839+0000] {logging_mixin.py:190} INFO - [2024-11-25T08:43:31.839+0000] {dag.py:3239} INFO - Sync 1 DAGs
[2024-11-25T08:43:31.857+0000] {logging_mixin.py:190} INFO - [2024-11-25T08:43:31.856+0000] {dag.py:4180} INFO - Setting next_dagrun for example_python_operator to None, run_after=None
[2024-11-25T08:43:31.875+0000] {processor.py:208} INFO - Processing /home/airflow/.local/lib/python3.12/site-packages/airflow/example_dags/example_python_operator.py took 0.091 seconds
[2024-11-25T08:44:02.658+0000] {processor.py:186} INFO - Started process (PID=1793) to work on /home/airflow/.local/lib/python3.12/site-packages/airflow/example_dags/example_python_operator.py
[2024-11-25T08:44:02.659+0000] {processor.py:914} INFO - Processing file /home/airflow/.local/lib/python3.12/site-packages/airflow/example_dags/example_python_operator.py for tasks to queue
[2024-11-25T08:44:02.661+0000] {logging_mixin.py:190} INFO - [2024-11-25T08:44:02.661+0000] {dagbag.py:588} INFO - Filling up the DagBag from /home/airflow/.local/lib/python3.12/site-packages/airflow/example_dags/example_python_operator.py
[2024-11-25T08:44:02.672+0000] {processor.py:925} INFO - DAG(s) 'example_python_operator' retrieved from /home/airflow/.local/lib/python3.12/site-packages/airflow/example_dags/example_python_operator.py
[2024-11-25T08:44:02.699+0000] {logging_mixin.py:190} INFO - [2024-11-25T08:44:02.699+0000] {dag.py:3239} INFO - Sync 1 DAGs
[2024-11-25T08:44:02.717+0000] {logging_mixin.py:190} INFO - [2024-11-25T08:44:02.717+0000] {dag.py:4180} INFO - Setting next_dagrun for example_python_operator to None, run_after=None
[2024-11-25T08:44:02.742+0000] {processor.py:208} INFO - Processing /home/airflow/.local/lib/python3.12/site-packages/airflow/example_dags/example_python_operator.py took 0.089 seconds
[2024-11-25T08:44:33.345+0000] {processor.py:186} INFO - Started process (PID=2094) to work on /home/airflow/.local/lib/python3.12/site-packages/airflow/example_dags/example_python_operator.py
[2024-11-25T08:44:33.346+0000] {processor.py:914} INFO - Processing file /home/airflow/.local/lib/python3.12/site-packages/airflow/example_dags/example_python_operator.py for tasks to queue
[2024-11-25T08:44:33.348+0000] {logging_mixin.py:190} INFO - [2024-11-25T08:44:33.348+0000] {dagbag.py:588} INFO - Filling up the DagBag from /home/airflow/.local/lib/python3.12/site-packages/airflow/example_dags/example_python_operator.py
[2024-11-25T08:44:33.360+0000] {processor.py:925} INFO - DAG(s) 'example_python_operator' retrieved from /home/airflow/.local/lib/python3.12/site-packages/airflow/example_dags/example_python_operator.py
[2024-11-25T08:44:33.384+0000] {logging_mixin.py:190} INFO - [2024-11-25T08:44:33.384+0000] {dag.py:3239} INFO - Sync 1 DAGs
[2024-11-25T08:44:33.398+0000] {logging_mixin.py:190} INFO - [2024-11-25T08:44:33.398+0000] {dag.py:4180} INFO - Setting next_dagrun for example_python_operator to None, run_after=None
[2024-11-25T08:44:33.420+0000] {processor.py:208} INFO - Processing /home/airflow/.local/lib/python3.12/site-packages/airflow/example_dags/example_python_operator.py took 0.080 seconds
[2024-11-25T08:45:04.353+0000] {processor.py:186} INFO - Started process (PID=2395) to work on /home/airflow/.local/lib/python3.12/site-packages/airflow/example_dags/example_python_operator.py
[2024-11-25T08:45:04.354+0000] {processor.py:914} INFO - Processing file /home/airflow/.local/lib/python3.12/site-packages/airflow/example_dags/example_python_operator.py for tasks to queue
[2024-11-25T08:45:04.356+0000] {logging_mixin.py:190} INFO - [2024-11-25T08:45:04.356+0000] {dagbag.py:588} INFO - Filling up the DagBag from /home/airflow/.local/lib/python3.12/site-packages/airflow/example_dags/example_python_operator.py
[2024-11-25T08:45:04.368+0000] {processor.py:925} INFO - DAG(s) 'example_python_operator' retrieved from /home/airflow/.local/lib/python3.12/site-packages/airflow/example_dags/example_python_operator.py
[2024-11-25T08:45:04.396+0000] {logging_mixin.py:190} INFO - [2024-11-25T08:45:04.396+0000] {dag.py:3239} INFO - Sync 1 DAGs
[2024-11-25T08:45:04.413+0000] {logging_mixin.py:190} INFO - [2024-11-25T08:45:04.413+0000] {dag.py:4180} INFO - Setting next_dagrun for example_python_operator to None, run_after=None
[2024-11-25T08:45:04.436+0000] {processor.py:208} INFO - Processing /home/airflow/.local/lib/python3.12/site-packages/airflow/example_dags/example_python_operator.py took 0.088 seconds
[2024-11-25T08:45:34.971+0000] {processor.py:186} INFO - Started process (PID=2696) to work on /home/airflow/.local/lib/python3.12/site-packages/airflow/example_dags/example_python_operator.py
[2024-11-25T08:45:34.972+0000] {processor.py:914} INFO - Processing file /home/airflow/.local/lib/python3.12/site-packages/airflow/example_dags/example_python_operator.py for tasks to queue
[2024-11-25T08:45:34.974+0000] {logging_mixin.py:190} INFO - [2024-11-25T08:45:34.974+0000] {dagbag.py:588} INFO - Filling up the DagBag from /home/airflow/.local/lib/python3.12/site-packages/airflow/example_dags/example_python_operator.py
[2024-11-25T08:45:34.986+0000] {processor.py:925} INFO - DAG(s) 'example_python_operator' retrieved from /home/airflow/.local/lib/python3.12/site-packages/airflow/example_dags/example_python_operator.py
[2024-11-25T08:45:35.011+0000] {logging_mixin.py:190} INFO - [2024-11-25T08:45:35.011+0000] {dag.py:3239} INFO - Sync 1 DAGs
[2024-11-25T08:45:35.027+0000] {logging_mixin.py:190} INFO - [2024-11-25T08:45:35.027+0000] {dag.py:4180} INFO - Setting next_dagrun for example_python_operator to None, run_after=None
[2024-11-25T08:45:35.058+0000] {processor.py:208} INFO - Processing /home/airflow/.local/lib/python3.12/site-packages/airflow/example_dags/example_python_operator.py took 0.094 seconds
[2024-11-25T08:46:05.463+0000] {processor.py:186} INFO - Started process (PID=2997) to work on /home/airflow/.local/lib/python3.12/site-packages/airflow/example_dags/example_python_operator.py
[2024-11-25T08:46:05.464+0000] {processor.py:914} INFO - Processing file /home/airflow/.local/lib/python3.12/site-packages/airflow/example_dags/example_python_operator.py for tasks to queue
[2024-11-25T08:46:05.468+0000] {logging_mixin.py:190} INFO - [2024-11-25T08:46:05.467+0000] {dagbag.py:588} INFO - Filling up the DagBag from /home/airflow/.local/lib/python3.12/site-packages/airflow/example_dags/example_python_operator.py
[2024-11-25T08:46:05.490+0000] {processor.py:925} INFO - DAG(s) 'example_python_operator' retrieved from /home/airflow/.local/lib/python3.12/site-packages/airflow/example_dags/example_python_operator.py
[2024-11-25T08:46:05.538+0000] {logging_mixin.py:190} INFO - [2024-11-25T08:46:05.537+0000] {dag.py:3239} INFO - Sync 1 DAGs
[2024-11-25T08:46:05.558+0000] {logging_mixin.py:190} INFO - [2024-11-25T08:46:05.558+0000] {dag.py:4180} INFO - Setting next_dagrun for example_python_operator to None, run_after=None
[2024-11-25T08:46:05.584+0000] {processor.py:208} INFO - Processing /home/airflow/.local/lib/python3.12/site-packages/airflow/example_dags/example_python_operator.py took 0.132 seconds
[2024-11-25T08:46:37.081+0000] {processor.py:186} INFO - Started process (PID=3298) to work on /home/airflow/.local/lib/python3.12/site-packages/airflow/example_dags/example_python_operator.py
[2024-11-25T08:46:37.093+0000] {processor.py:914} INFO - Processing file /home/airflow/.local/lib/python3.12/site-packages/airflow/example_dags/example_python_operator.py for tasks to queue
[2024-11-25T08:46:37.103+0000] {logging_mixin.py:190} INFO - [2024-11-25T08:46:37.100+0000] {dagbag.py:588} INFO - Filling up the DagBag from /home/airflow/.local/lib/python3.12/site-packages/airflow/example_dags/example_python_operator.py
[2024-11-25T08:46:37.161+0000] {processor.py:925} INFO - DAG(s) 'example_python_operator' retrieved from /home/airflow/.local/lib/python3.12/site-packages/airflow/example_dags/example_python_operator.py
[2024-11-25T08:46:37.258+0000] {logging_mixin.py:190} INFO - [2024-11-25T08:46:37.256+0000] {dag.py:3239} INFO - Sync 1 DAGs
[2024-11-25T08:46:37.324+0000] {logging_mixin.py:190} INFO - [2024-11-25T08:46:37.323+0000] {dag.py:4180} INFO - Setting next_dagrun for example_python_operator to None, run_after=None
[2024-11-25T08:46:37.433+0000] {processor.py:208} INFO - Processing /home/airflow/.local/lib/python3.12/site-packages/airflow/example_dags/example_python_operator.py took 0.379 seconds
[2024-11-25T08:47:08.199+0000] {processor.py:186} INFO - Started process (PID=3600) to work on /home/airflow/.local/lib/python3.12/site-packages/airflow/example_dags/example_python_operator.py
[2024-11-25T08:47:08.201+0000] {processor.py:914} INFO - Processing file /home/airflow/.local/lib/python3.12/site-packages/airflow/example_dags/example_python_operator.py for tasks to queue
[2024-11-25T08:47:08.205+0000] {logging_mixin.py:190} INFO - [2024-11-25T08:47:08.204+0000] {dagbag.py:588} INFO - Filling up the DagBag from /home/airflow/.local/lib/python3.12/site-packages/airflow/example_dags/example_python_operator.py
[2024-11-25T08:47:08.227+0000] {processor.py:925} INFO - DAG(s) 'example_python_operator' retrieved from /home/airflow/.local/lib/python3.12/site-packages/airflow/example_dags/example_python_operator.py
[2024-11-25T08:47:08.278+0000] {logging_mixin.py:190} INFO - [2024-11-25T08:47:08.278+0000] {dag.py:3239} INFO - Sync 1 DAGs
[2024-11-25T08:47:08.303+0000] {logging_mixin.py:190} INFO - [2024-11-25T08:47:08.303+0000] {dag.py:4180} INFO - Setting next_dagrun for example_python_operator to None, run_after=None
[2024-11-25T08:47:08.323+0000] {processor.py:208} INFO - Processing /home/airflow/.local/lib/python3.12/site-packages/airflow/example_dags/example_python_operator.py took 0.139 seconds
[2024-11-25T08:47:38.510+0000] {processor.py:186} INFO - Started process (PID=3901) to work on /home/airflow/.local/lib/python3.12/site-packages/airflow/example_dags/example_python_operator.py
[2024-11-25T08:47:38.511+0000] {processor.py:914} INFO - Processing file /home/airflow/.local/lib/python3.12/site-packages/airflow/example_dags/example_python_operator.py for tasks to queue
[2024-11-25T08:47:38.514+0000] {logging_mixin.py:190} INFO - [2024-11-25T08:47:38.514+0000] {dagbag.py:588} INFO - Filling up the DagBag from /home/airflow/.local/lib/python3.12/site-packages/airflow/example_dags/example_python_operator.py
[2024-11-25T08:47:38.527+0000] {processor.py:925} INFO - DAG(s) 'example_python_operator' retrieved from /home/airflow/.local/lib/python3.12/site-packages/airflow/example_dags/example_python_operator.py
[2024-11-25T08:47:38.553+0000] {logging_mixin.py:190} INFO - [2024-11-25T08:47:38.553+0000] {dag.py:3239} INFO - Sync 1 DAGs
[2024-11-25T08:47:38.569+0000] {logging_mixin.py:190} INFO - [2024-11-25T08:47:38.569+0000] {dag.py:4180} INFO - Setting next_dagrun for example_python_operator to None, run_after=None
[2024-11-25T08:47:38.595+0000] {processor.py:208} INFO - Processing /home/airflow/.local/lib/python3.12/site-packages/airflow/example_dags/example_python_operator.py took 0.094 seconds
[2024-11-25T08:48:09.460+0000] {processor.py:186} INFO - Started process (PID=4202) to work on /home/airflow/.local/lib/python3.12/site-packages/airflow/example_dags/example_python_operator.py
[2024-11-25T08:48:09.461+0000] {processor.py:914} INFO - Processing file /home/airflow/.local/lib/python3.12/site-packages/airflow/example_dags/example_python_operator.py for tasks to queue
[2024-11-25T08:48:09.464+0000] {logging_mixin.py:190} INFO - [2024-11-25T08:48:09.464+0000] {dagbag.py:588} INFO - Filling up the DagBag from /home/airflow/.local/lib/python3.12/site-packages/airflow/example_dags/example_python_operator.py
[2024-11-25T08:48:09.478+0000] {processor.py:925} INFO - DAG(s) 'example_python_operator' retrieved from /home/airflow/.local/lib/python3.12/site-packages/airflow/example_dags/example_python_operator.py
[2024-11-25T08:48:09.511+0000] {logging_mixin.py:190} INFO - [2024-11-25T08:48:09.511+0000] {dag.py:3239} INFO - Sync 1 DAGs
[2024-11-25T08:48:09.527+0000] {logging_mixin.py:190} INFO - [2024-11-25T08:48:09.527+0000] {dag.py:4180} INFO - Setting next_dagrun for example_python_operator to None, run_after=None
[2024-11-25T08:48:09.547+0000] {processor.py:208} INFO - Processing /home/airflow/.local/lib/python3.12/site-packages/airflow/example_dags/example_python_operator.py took 0.092 seconds
[2024-11-25T08:48:39.959+0000] {processor.py:186} INFO - Started process (PID=4503) to work on /home/airflow/.local/lib/python3.12/site-packages/airflow/example_dags/example_python_operator.py
[2024-11-25T08:48:39.961+0000] {processor.py:914} INFO - Processing file /home/airflow/.local/lib/python3.12/site-packages/airflow/example_dags/example_python_operator.py for tasks to queue
[2024-11-25T08:48:39.964+0000] {logging_mixin.py:190} INFO - [2024-11-25T08:48:39.963+0000] {dagbag.py:588} INFO - Filling up the DagBag from /home/airflow/.local/lib/python3.12/site-packages/airflow/example_dags/example_python_operator.py
[2024-11-25T08:48:39.991+0000] {processor.py:925} INFO - DAG(s) 'example_python_operator' retrieved from /home/airflow/.local/lib/python3.12/site-packages/airflow/example_dags/example_python_operator.py
[2024-11-25T08:48:40.047+0000] {logging_mixin.py:190} INFO - [2024-11-25T08:48:40.046+0000] {dag.py:3239} INFO - Sync 1 DAGs
[2024-11-25T08:48:40.072+0000] {logging_mixin.py:190} INFO - [2024-11-25T08:48:40.072+0000] {dag.py:4180} INFO - Setting next_dagrun for example_python_operator to None, run_after=None
[2024-11-25T08:48:40.106+0000] {processor.py:208} INFO - Processing /home/airflow/.local/lib/python3.12/site-packages/airflow/example_dags/example_python_operator.py took 0.154 seconds
[2024-11-25T08:49:10.306+0000] {processor.py:186} INFO - Started process (PID=4804) to work on /home/airflow/.local/lib/python3.12/site-packages/airflow/example_dags/example_python_operator.py
[2024-11-25T08:49:10.307+0000] {processor.py:914} INFO - Processing file /home/airflow/.local/lib/python3.12/site-packages/airflow/example_dags/example_python_operator.py for tasks to queue
[2024-11-25T08:49:10.309+0000] {logging_mixin.py:190} INFO - [2024-11-25T08:49:10.309+0000] {dagbag.py:588} INFO - Filling up the DagBag from /home/airflow/.local/lib/python3.12/site-packages/airflow/example_dags/example_python_operator.py
[2024-11-25T08:49:10.324+0000] {processor.py:925} INFO - DAG(s) 'example_python_operator' retrieved from /home/airflow/.local/lib/python3.12/site-packages/airflow/example_dags/example_python_operator.py
[2024-11-25T08:49:10.353+0000] {logging_mixin.py:190} INFO - [2024-11-25T08:49:10.352+0000] {dag.py:3239} INFO - Sync 1 DAGs
[2024-11-25T08:49:10.369+0000] {logging_mixin.py:190} INFO - [2024-11-25T08:49:10.369+0000] {dag.py:4180} INFO - Setting next_dagrun for example_python_operator to None, run_after=None
[2024-11-25T08:49:10.394+0000] {processor.py:208} INFO - Processing /home/airflow/.local/lib/python3.12/site-packages/airflow/example_dags/example_python_operator.py took 0.094 seconds
[2024-11-25T08:49:40.852+0000] {processor.py:186} INFO - Started process (PID=5105) to work on /home/airflow/.local/lib/python3.12/site-packages/airflow/example_dags/example_python_operator.py
[2024-11-25T08:49:40.853+0000] {processor.py:914} INFO - Processing file /home/airflow/.local/lib/python3.12/site-packages/airflow/example_dags/example_python_operator.py for tasks to queue
[2024-11-25T08:49:40.856+0000] {logging_mixin.py:190} INFO - [2024-11-25T08:49:40.856+0000] {dagbag.py:588} INFO - Filling up the DagBag from /home/airflow/.local/lib/python3.12/site-packages/airflow/example_dags/example_python_operator.py
[2024-11-25T08:49:40.869+0000] {processor.py:925} INFO - DAG(s) 'example_python_operator' retrieved from /home/airflow/.local/lib/python3.12/site-packages/airflow/example_dags/example_python_operator.py
[2024-11-25T08:49:40.898+0000] {logging_mixin.py:190} INFO - [2024-11-25T08:49:40.897+0000] {dag.py:3239} INFO - Sync 1 DAGs
[2024-11-25T08:49:40.914+0000] {logging_mixin.py:190} INFO - [2024-11-25T08:49:40.914+0000] {dag.py:4180} INFO - Setting next_dagrun for example_python_operator to None, run_after=None
[2024-11-25T08:49:40.939+0000] {processor.py:208} INFO - Processing /home/airflow/.local/lib/python3.12/site-packages/airflow/example_dags/example_python_operator.py took 0.092 seconds
[2024-11-25T08:50:11.136+0000] {processor.py:186} INFO - Started process (PID=5406) to work on /home/airflow/.local/lib/python3.12/site-packages/airflow/example_dags/example_python_operator.py
[2024-11-25T08:50:11.139+0000] {processor.py:914} INFO - Processing file /home/airflow/.local/lib/python3.12/site-packages/airflow/example_dags/example_python_operator.py for tasks to queue
[2024-11-25T08:50:11.141+0000] {logging_mixin.py:190} INFO - [2024-11-25T08:50:11.141+0000] {dagbag.py:588} INFO - Filling up the DagBag from /home/airflow/.local/lib/python3.12/site-packages/airflow/example_dags/example_python_operator.py
[2024-11-25T08:50:11.162+0000] {processor.py:925} INFO - DAG(s) 'example_python_operator' retrieved from /home/airflow/.local/lib/python3.12/site-packages/airflow/example_dags/example_python_operator.py
[2024-11-25T08:50:11.202+0000] {logging_mixin.py:190} INFO - [2024-11-25T08:50:11.202+0000] {dag.py:3239} INFO - Sync 1 DAGs
[2024-11-25T08:50:11.228+0000] {logging_mixin.py:190} INFO - [2024-11-25T08:50:11.227+0000] {dag.py:4180} INFO - Setting next_dagrun for example_python_operator to None, run_after=None
[2024-11-25T08:50:11.275+0000] {processor.py:208} INFO - Processing /home/airflow/.local/lib/python3.12/site-packages/airflow/example_dags/example_python_operator.py took 0.150 seconds
[2024-11-25T08:50:42.090+0000] {processor.py:186} INFO - Started process (PID=5706) to work on /home/airflow/.local/lib/python3.12/site-packages/airflow/example_dags/example_python_operator.py
[2024-11-25T08:50:42.092+0000] {processor.py:914} INFO - Processing file /home/airflow/.local/lib/python3.12/site-packages/airflow/example_dags/example_python_operator.py for tasks to queue
[2024-11-25T08:50:42.117+0000] {logging_mixin.py:190} INFO - [2024-11-25T08:50:42.107+0000] {dagbag.py:588} INFO - Filling up the DagBag from /home/airflow/.local/lib/python3.12/site-packages/airflow/example_dags/example_python_operator.py
[2024-11-25T08:50:42.337+0000] {processor.py:925} INFO - DAG(s) 'example_python_operator' retrieved from /home/airflow/.local/lib/python3.12/site-packages/airflow/example_dags/example_python_operator.py
[2024-11-25T08:50:42.659+0000] {logging_mixin.py:190} INFO - [2024-11-25T08:50:42.659+0000] {dag.py:3239} INFO - Sync 1 DAGs
[2024-11-25T08:50:42.745+0000] {logging_mixin.py:190} INFO - [2024-11-25T08:50:42.744+0000] {dag.py:4180} INFO - Setting next_dagrun for example_python_operator to None, run_after=None
[2024-11-25T08:50:42.799+0000] {processor.py:208} INFO - Processing /home/airflow/.local/lib/python3.12/site-packages/airflow/example_dags/example_python_operator.py took 0.740 seconds
[2024-11-25T08:51:13.003+0000] {processor.py:186} INFO - Started process (PID=6009) to work on /home/airflow/.local/lib/python3.12/site-packages/airflow/example_dags/example_python_operator.py
[2024-11-25T08:51:13.006+0000] {processor.py:914} INFO - Processing file /home/airflow/.local/lib/python3.12/site-packages/airflow/example_dags/example_python_operator.py for tasks to queue
[2024-11-25T08:51:13.011+0000] {logging_mixin.py:190} INFO - [2024-11-25T08:51:13.010+0000] {dagbag.py:588} INFO - Filling up the DagBag from /home/airflow/.local/lib/python3.12/site-packages/airflow/example_dags/example_python_operator.py
[2024-11-25T08:51:13.046+0000] {processor.py:925} INFO - DAG(s) 'example_python_operator' retrieved from /home/airflow/.local/lib/python3.12/site-packages/airflow/example_dags/example_python_operator.py
[2024-11-25T08:51:13.086+0000] {logging_mixin.py:190} INFO - [2024-11-25T08:51:13.086+0000] {dag.py:3239} INFO - Sync 1 DAGs
[2024-11-25T08:51:13.102+0000] {logging_mixin.py:190} INFO - [2024-11-25T08:51:13.101+0000] {dag.py:4180} INFO - Setting next_dagrun for example_python_operator to None, run_after=None
[2024-11-25T08:51:13.131+0000] {processor.py:208} INFO - Processing /home/airflow/.local/lib/python3.12/site-packages/airflow/example_dags/example_python_operator.py took 0.136 seconds
[2024-11-25T08:51:43.585+0000] {processor.py:186} INFO - Started process (PID=6311) to work on /home/airflow/.local/lib/python3.12/site-packages/airflow/example_dags/example_python_operator.py
[2024-11-25T08:51:43.586+0000] {processor.py:914} INFO - Processing file /home/airflow/.local/lib/python3.12/site-packages/airflow/example_dags/example_python_operator.py for tasks to queue
[2024-11-25T08:51:43.591+0000] {logging_mixin.py:190} INFO - [2024-11-25T08:51:43.590+0000] {dagbag.py:588} INFO - Filling up the DagBag from /home/airflow/.local/lib/python3.12/site-packages/airflow/example_dags/example_python_operator.py
[2024-11-25T08:51:43.610+0000] {processor.py:925} INFO - DAG(s) 'example_python_operator' retrieved from /home/airflow/.local/lib/python3.12/site-packages/airflow/example_dags/example_python_operator.py
[2024-11-25T08:51:43.638+0000] {logging_mixin.py:190} INFO - [2024-11-25T08:51:43.638+0000] {dag.py:3239} INFO - Sync 1 DAGs
[2024-11-25T08:51:43.655+0000] {logging_mixin.py:190} INFO - [2024-11-25T08:51:43.655+0000] {dag.py:4180} INFO - Setting next_dagrun for example_python_operator to None, run_after=None
[2024-11-25T08:51:43.679+0000] {processor.py:208} INFO - Processing /home/airflow/.local/lib/python3.12/site-packages/airflow/example_dags/example_python_operator.py took 0.102 seconds
[2024-11-25T08:52:14.375+0000] {processor.py:186} INFO - Started process (PID=6612) to work on /home/airflow/.local/lib/python3.12/site-packages/airflow/example_dags/example_python_operator.py
[2024-11-25T08:52:14.379+0000] {processor.py:914} INFO - Processing file /home/airflow/.local/lib/python3.12/site-packages/airflow/example_dags/example_python_operator.py for tasks to queue
[2024-11-25T08:52:14.386+0000] {logging_mixin.py:190} INFO - [2024-11-25T08:52:14.385+0000] {dagbag.py:588} INFO - Filling up the DagBag from /home/airflow/.local/lib/python3.12/site-packages/airflow/example_dags/example_python_operator.py
[2024-11-25T08:52:14.437+0000] {processor.py:925} INFO - DAG(s) 'example_python_operator' retrieved from /home/airflow/.local/lib/python3.12/site-packages/airflow/example_dags/example_python_operator.py
[2024-11-25T08:52:14.508+0000] {logging_mixin.py:190} INFO - [2024-11-25T08:52:14.507+0000] {dag.py:3239} INFO - Sync 1 DAGs
[2024-11-25T08:52:14.533+0000] {logging_mixin.py:190} INFO - [2024-11-25T08:52:14.533+0000] {dag.py:4180} INFO - Setting next_dagrun for example_python_operator to None, run_after=None
[2024-11-25T08:52:14.569+0000] {processor.py:208} INFO - Processing /home/airflow/.local/lib/python3.12/site-packages/airflow/example_dags/example_python_operator.py took 0.212 seconds
[2024-11-25T08:52:45.174+0000] {processor.py:186} INFO - Started process (PID=6913) to work on /home/airflow/.local/lib/python3.12/site-packages/airflow/example_dags/example_python_operator.py
[2024-11-25T08:52:45.176+0000] {processor.py:914} INFO - Processing file /home/airflow/.local/lib/python3.12/site-packages/airflow/example_dags/example_python_operator.py for tasks to queue
[2024-11-25T08:52:45.180+0000] {logging_mixin.py:190} INFO - [2024-11-25T08:52:45.179+0000] {dagbag.py:588} INFO - Filling up the DagBag from /home/airflow/.local/lib/python3.12/site-packages/airflow/example_dags/example_python_operator.py
[2024-11-25T08:52:45.200+0000] {processor.py:925} INFO - DAG(s) 'example_python_operator' retrieved from /home/airflow/.local/lib/python3.12/site-packages/airflow/example_dags/example_python_operator.py
[2024-11-25T08:52:45.238+0000] {logging_mixin.py:190} INFO - [2024-11-25T08:52:45.237+0000] {dag.py:3239} INFO - Sync 1 DAGs
[2024-11-25T08:52:45.260+0000] {logging_mixin.py:190} INFO - [2024-11-25T08:52:45.260+0000] {dag.py:4180} INFO - Setting next_dagrun for example_python_operator to None, run_after=None
[2024-11-25T08:52:45.287+0000] {processor.py:208} INFO - Processing /home/airflow/.local/lib/python3.12/site-packages/airflow/example_dags/example_python_operator.py took 0.122 seconds
[2024-11-25T08:53:15.810+0000] {processor.py:186} INFO - Started process (PID=7214) to work on /home/airflow/.local/lib/python3.12/site-packages/airflow/example_dags/example_python_operator.py
[2024-11-25T08:53:15.812+0000] {processor.py:914} INFO - Processing file /home/airflow/.local/lib/python3.12/site-packages/airflow/example_dags/example_python_operator.py for tasks to queue
[2024-11-25T08:53:15.815+0000] {logging_mixin.py:190} INFO - [2024-11-25T08:53:15.815+0000] {dagbag.py:588} INFO - Filling up the DagBag from /home/airflow/.local/lib/python3.12/site-packages/airflow/example_dags/example_python_operator.py
[2024-11-25T08:53:15.837+0000] {processor.py:925} INFO - DAG(s) 'example_python_operator' retrieved from /home/airflow/.local/lib/python3.12/site-packages/airflow/example_dags/example_python_operator.py
[2024-11-25T08:53:15.881+0000] {logging_mixin.py:190} INFO - [2024-11-25T08:53:15.880+0000] {dag.py:3239} INFO - Sync 1 DAGs
[2024-11-25T08:53:15.902+0000] {logging_mixin.py:190} INFO - [2024-11-25T08:53:15.902+0000] {dag.py:4180} INFO - Setting next_dagrun for example_python_operator to None, run_after=None
[2024-11-25T08:53:15.932+0000] {processor.py:208} INFO - Processing /home/airflow/.local/lib/python3.12/site-packages/airflow/example_dags/example_python_operator.py took 0.128 seconds
[2024-11-25T08:53:46.446+0000] {processor.py:186} INFO - Started process (PID=7515) to work on /home/airflow/.local/lib/python3.12/site-packages/airflow/example_dags/example_python_operator.py
[2024-11-25T08:53:46.448+0000] {processor.py:914} INFO - Processing file /home/airflow/.local/lib/python3.12/site-packages/airflow/example_dags/example_python_operator.py for tasks to queue
[2024-11-25T08:53:46.453+0000] {logging_mixin.py:190} INFO - [2024-11-25T08:53:46.452+0000] {dagbag.py:588} INFO - Filling up the DagBag from /home/airflow/.local/lib/python3.12/site-packages/airflow/example_dags/example_python_operator.py
[2024-11-25T08:53:46.472+0000] {processor.py:925} INFO - DAG(s) 'example_python_operator' retrieved from /home/airflow/.local/lib/python3.12/site-packages/airflow/example_dags/example_python_operator.py
[2024-11-25T08:53:46.507+0000] {logging_mixin.py:190} INFO - [2024-11-25T08:53:46.506+0000] {dag.py:3239} INFO - Sync 1 DAGs
[2024-11-25T08:53:46.523+0000] {logging_mixin.py:190} INFO - [2024-11-25T08:53:46.522+0000] {dag.py:4180} INFO - Setting next_dagrun for example_python_operator to None, run_after=None
[2024-11-25T08:53:46.551+0000] {processor.py:208} INFO - Processing /home/airflow/.local/lib/python3.12/site-packages/airflow/example_dags/example_python_operator.py took 0.116 seconds
[2024-11-25T08:54:16.707+0000] {processor.py:186} INFO - Started process (PID=7811) to work on /home/airflow/.local/lib/python3.12/site-packages/airflow/example_dags/example_python_operator.py
[2024-11-25T08:54:16.709+0000] {processor.py:914} INFO - Processing file /home/airflow/.local/lib/python3.12/site-packages/airflow/example_dags/example_python_operator.py for tasks to queue
[2024-11-25T08:54:16.712+0000] {logging_mixin.py:190} INFO - [2024-11-25T08:54:16.712+0000] {dagbag.py:588} INFO - Filling up the DagBag from /home/airflow/.local/lib/python3.12/site-packages/airflow/example_dags/example_python_operator.py
[2024-11-25T08:54:16.730+0000] {processor.py:925} INFO - DAG(s) 'example_python_operator' retrieved from /home/airflow/.local/lib/python3.12/site-packages/airflow/example_dags/example_python_operator.py
[2024-11-25T08:54:16.767+0000] {logging_mixin.py:190} INFO - [2024-11-25T08:54:16.767+0000] {dag.py:3239} INFO - Sync 1 DAGs
[2024-11-25T08:54:16.789+0000] {logging_mixin.py:190} INFO - [2024-11-25T08:54:16.789+0000] {dag.py:4180} INFO - Setting next_dagrun for example_python_operator to None, run_after=None
[2024-11-25T08:54:16.820+0000] {processor.py:208} INFO - Processing /home/airflow/.local/lib/python3.12/site-packages/airflow/example_dags/example_python_operator.py took 0.120 seconds
[2024-11-25T08:54:47.204+0000] {processor.py:186} INFO - Started process (PID=8118) to work on /home/airflow/.local/lib/python3.12/site-packages/airflow/example_dags/example_python_operator.py
[2024-11-25T08:54:47.205+0000] {processor.py:914} INFO - Processing file /home/airflow/.local/lib/python3.12/site-packages/airflow/example_dags/example_python_operator.py for tasks to queue
[2024-11-25T08:54:47.208+0000] {logging_mixin.py:190} INFO - [2024-11-25T08:54:47.207+0000] {dagbag.py:588} INFO - Filling up the DagBag from /home/airflow/.local/lib/python3.12/site-packages/airflow/example_dags/example_python_operator.py
[2024-11-25T08:54:47.223+0000] {processor.py:925} INFO - DAG(s) 'example_python_operator' retrieved from /home/airflow/.local/lib/python3.12/site-packages/airflow/example_dags/example_python_operator.py
[2024-11-25T08:54:47.257+0000] {logging_mixin.py:190} INFO - [2024-11-25T08:54:47.257+0000] {dag.py:3239} INFO - Sync 1 DAGs
[2024-11-25T08:54:47.294+0000] {logging_mixin.py:190} INFO - [2024-11-25T08:54:47.294+0000] {dag.py:4180} INFO - Setting next_dagrun for example_python_operator to None, run_after=None
[2024-11-25T08:54:47.326+0000] {processor.py:208} INFO - Processing /home/airflow/.local/lib/python3.12/site-packages/airflow/example_dags/example_python_operator.py took 0.130 seconds
[2024-11-25T08:55:17.708+0000] {processor.py:186} INFO - Started process (PID=8415) to work on /home/airflow/.local/lib/python3.12/site-packages/airflow/example_dags/example_python_operator.py
[2024-11-25T08:55:17.709+0000] {processor.py:914} INFO - Processing file /home/airflow/.local/lib/python3.12/site-packages/airflow/example_dags/example_python_operator.py for tasks to queue
[2024-11-25T08:55:17.713+0000] {logging_mixin.py:190} INFO - [2024-11-25T08:55:17.712+0000] {dagbag.py:588} INFO - Filling up the DagBag from /home/airflow/.local/lib/python3.12/site-packages/airflow/example_dags/example_python_operator.py
[2024-11-25T08:55:17.733+0000] {processor.py:925} INFO - DAG(s) 'example_python_operator' retrieved from /home/airflow/.local/lib/python3.12/site-packages/airflow/example_dags/example_python_operator.py
[2024-11-25T08:55:17.776+0000] {logging_mixin.py:190} INFO - [2024-11-25T08:55:17.776+0000] {dag.py:3239} INFO - Sync 1 DAGs
[2024-11-25T08:55:17.808+0000] {logging_mixin.py:190} INFO - [2024-11-25T08:55:17.807+0000] {dag.py:4180} INFO - Setting next_dagrun for example_python_operator to None, run_after=None
[2024-11-25T08:55:17.837+0000] {processor.py:208} INFO - Processing /home/airflow/.local/lib/python3.12/site-packages/airflow/example_dags/example_python_operator.py took 0.137 seconds
[2024-11-25T08:55:48.781+0000] {processor.py:186} INFO - Started process (PID=8717) to work on /home/airflow/.local/lib/python3.12/site-packages/airflow/example_dags/example_python_operator.py
[2024-11-25T08:55:48.784+0000] {processor.py:914} INFO - Processing file /home/airflow/.local/lib/python3.12/site-packages/airflow/example_dags/example_python_operator.py for tasks to queue
[2024-11-25T08:55:48.787+0000] {logging_mixin.py:190} INFO - [2024-11-25T08:55:48.786+0000] {dagbag.py:588} INFO - Filling up the DagBag from /home/airflow/.local/lib/python3.12/site-packages/airflow/example_dags/example_python_operator.py
[2024-11-25T08:55:48.803+0000] {processor.py:925} INFO - DAG(s) 'example_python_operator' retrieved from /home/airflow/.local/lib/python3.12/site-packages/airflow/example_dags/example_python_operator.py
[2024-11-25T08:55:48.833+0000] {logging_mixin.py:190} INFO - [2024-11-25T08:55:48.833+0000] {dag.py:3239} INFO - Sync 1 DAGs
[2024-11-25T08:55:48.853+0000] {logging_mixin.py:190} INFO - [2024-11-25T08:55:48.853+0000] {dag.py:4180} INFO - Setting next_dagrun for example_python_operator to None, run_after=None
[2024-11-25T08:55:48.884+0000] {processor.py:208} INFO - Processing /home/airflow/.local/lib/python3.12/site-packages/airflow/example_dags/example_python_operator.py took 0.121 seconds
[2024-11-25T08:56:19.521+0000] {processor.py:186} INFO - Started process (PID=9018) to work on /home/airflow/.local/lib/python3.12/site-packages/airflow/example_dags/example_python_operator.py
[2024-11-25T08:56:19.524+0000] {processor.py:914} INFO - Processing file /home/airflow/.local/lib/python3.12/site-packages/airflow/example_dags/example_python_operator.py for tasks to queue
[2024-11-25T08:56:19.529+0000] {logging_mixin.py:190} INFO - [2024-11-25T08:56:19.528+0000] {dagbag.py:588} INFO - Filling up the DagBag from /home/airflow/.local/lib/python3.12/site-packages/airflow/example_dags/example_python_operator.py
[2024-11-25T08:56:19.556+0000] {processor.py:925} INFO - DAG(s) 'example_python_operator' retrieved from /home/airflow/.local/lib/python3.12/site-packages/airflow/example_dags/example_python_operator.py
[2024-11-25T08:56:19.592+0000] {logging_mixin.py:190} INFO - [2024-11-25T08:56:19.592+0000] {dag.py:3239} INFO - Sync 1 DAGs
[2024-11-25T08:56:19.616+0000] {logging_mixin.py:190} INFO - [2024-11-25T08:56:19.615+0000] {dag.py:4180} INFO - Setting next_dagrun for example_python_operator to None, run_after=None
[2024-11-25T08:56:19.658+0000] {processor.py:208} INFO - Processing /home/airflow/.local/lib/python3.12/site-packages/airflow/example_dags/example_python_operator.py took 0.144 seconds
[2024-11-25T08:56:49.779+0000] {processor.py:186} INFO - Started process (PID=9319) to work on /home/airflow/.local/lib/python3.12/site-packages/airflow/example_dags/example_python_operator.py
[2024-11-25T08:56:49.780+0000] {processor.py:914} INFO - Processing file /home/airflow/.local/lib/python3.12/site-packages/airflow/example_dags/example_python_operator.py for tasks to queue
[2024-11-25T08:56:49.784+0000] {logging_mixin.py:190} INFO - [2024-11-25T08:56:49.783+0000] {dagbag.py:588} INFO - Filling up the DagBag from /home/airflow/.local/lib/python3.12/site-packages/airflow/example_dags/example_python_operator.py
[2024-11-25T08:56:49.809+0000] {processor.py:925} INFO - DAG(s) 'example_python_operator' retrieved from /home/airflow/.local/lib/python3.12/site-packages/airflow/example_dags/example_python_operator.py
[2024-11-25T08:56:49.840+0000] {logging_mixin.py:190} INFO - [2024-11-25T08:56:49.840+0000] {dag.py:3239} INFO - Sync 1 DAGs
[2024-11-25T08:56:49.859+0000] {logging_mixin.py:190} INFO - [2024-11-25T08:56:49.859+0000] {dag.py:4180} INFO - Setting next_dagrun for example_python_operator to None, run_after=None
[2024-11-25T08:56:49.883+0000] {processor.py:208} INFO - Processing /home/airflow/.local/lib/python3.12/site-packages/airflow/example_dags/example_python_operator.py took 0.113 seconds
[2024-11-25T08:57:20.652+0000] {processor.py:186} INFO - Started process (PID=9615) to work on /home/airflow/.local/lib/python3.12/site-packages/airflow/example_dags/example_python_operator.py
[2024-11-25T08:57:20.653+0000] {processor.py:914} INFO - Processing file /home/airflow/.local/lib/python3.12/site-packages/airflow/example_dags/example_python_operator.py for tasks to queue
[2024-11-25T08:57:20.655+0000] {logging_mixin.py:190} INFO - [2024-11-25T08:57:20.654+0000] {dagbag.py:588} INFO - Filling up the DagBag from /home/airflow/.local/lib/python3.12/site-packages/airflow/example_dags/example_python_operator.py
[2024-11-25T08:57:20.667+0000] {processor.py:925} INFO - DAG(s) 'example_python_operator' retrieved from /home/airflow/.local/lib/python3.12/site-packages/airflow/example_dags/example_python_operator.py
[2024-11-25T08:57:20.693+0000] {logging_mixin.py:190} INFO - [2024-11-25T08:57:20.693+0000] {dag.py:3239} INFO - Sync 1 DAGs
[2024-11-25T08:57:20.708+0000] {logging_mixin.py:190} INFO - [2024-11-25T08:57:20.708+0000] {dag.py:4180} INFO - Setting next_dagrun for example_python_operator to None, run_after=None
[2024-11-25T08:57:20.733+0000] {processor.py:208} INFO - Processing /home/airflow/.local/lib/python3.12/site-packages/airflow/example_dags/example_python_operator.py took 0.087 seconds
[2024-11-25T08:57:51.313+0000] {processor.py:186} INFO - Started process (PID=9916) to work on /home/airflow/.local/lib/python3.12/site-packages/airflow/example_dags/example_python_operator.py
[2024-11-25T08:57:51.314+0000] {processor.py:914} INFO - Processing file /home/airflow/.local/lib/python3.12/site-packages/airflow/example_dags/example_python_operator.py for tasks to queue
[2024-11-25T08:57:51.317+0000] {logging_mixin.py:190} INFO - [2024-11-25T08:57:51.316+0000] {dagbag.py:588} INFO - Filling up the DagBag from /home/airflow/.local/lib/python3.12/site-packages/airflow/example_dags/example_python_operator.py
[2024-11-25T08:57:51.333+0000] {processor.py:925} INFO - DAG(s) 'example_python_operator' retrieved from /home/airflow/.local/lib/python3.12/site-packages/airflow/example_dags/example_python_operator.py
[2024-11-25T08:57:51.358+0000] {logging_mixin.py:190} INFO - [2024-11-25T08:57:51.357+0000] {dag.py:3239} INFO - Sync 1 DAGs
[2024-11-25T08:57:51.373+0000] {logging_mixin.py:190} INFO - [2024-11-25T08:57:51.373+0000] {dag.py:4180} INFO - Setting next_dagrun for example_python_operator to None, run_after=None
[2024-11-25T08:57:51.395+0000] {processor.py:208} INFO - Processing /home/airflow/.local/lib/python3.12/site-packages/airflow/example_dags/example_python_operator.py took 0.090 seconds
[2024-11-25T08:58:22.026+0000] {processor.py:186} INFO - Started process (PID=10217) to work on /home/airflow/.local/lib/python3.12/site-packages/airflow/example_dags/example_python_operator.py
[2024-11-25T08:58:22.029+0000] {processor.py:914} INFO - Processing file /home/airflow/.local/lib/python3.12/site-packages/airflow/example_dags/example_python_operator.py for tasks to queue
[2024-11-25T08:58:22.034+0000] {logging_mixin.py:190} INFO - [2024-11-25T08:58:22.034+0000] {dagbag.py:588} INFO - Filling up the DagBag from /home/airflow/.local/lib/python3.12/site-packages/airflow/example_dags/example_python_operator.py
[2024-11-25T08:58:22.054+0000] {processor.py:925} INFO - DAG(s) 'example_python_operator' retrieved from /home/airflow/.local/lib/python3.12/site-packages/airflow/example_dags/example_python_operator.py
[2024-11-25T08:58:22.080+0000] {logging_mixin.py:190} INFO - [2024-11-25T08:58:22.079+0000] {dag.py:3239} INFO - Sync 1 DAGs
[2024-11-25T08:58:22.095+0000] {logging_mixin.py:190} INFO - [2024-11-25T08:58:22.095+0000] {dag.py:4180} INFO - Setting next_dagrun for example_python_operator to None, run_after=None
[2024-11-25T08:58:22.116+0000] {processor.py:208} INFO - Processing /home/airflow/.local/lib/python3.12/site-packages/airflow/example_dags/example_python_operator.py took 0.097 seconds
[2024-11-25T08:58:52.379+0000] {processor.py:186} INFO - Started process (PID=10518) to work on /home/airflow/.local/lib/python3.12/site-packages/airflow/example_dags/example_python_operator.py
[2024-11-25T08:58:52.381+0000] {processor.py:914} INFO - Processing file /home/airflow/.local/lib/python3.12/site-packages/airflow/example_dags/example_python_operator.py for tasks to queue
[2024-11-25T08:58:52.384+0000] {logging_mixin.py:190} INFO - [2024-11-25T08:58:52.383+0000] {dagbag.py:588} INFO - Filling up the DagBag from /home/airflow/.local/lib/python3.12/site-packages/airflow/example_dags/example_python_operator.py
[2024-11-25T08:58:52.407+0000] {processor.py:925} INFO - DAG(s) 'example_python_operator' retrieved from /home/airflow/.local/lib/python3.12/site-packages/airflow/example_dags/example_python_operator.py
[2024-11-25T08:58:52.448+0000] {logging_mixin.py:190} INFO - [2024-11-25T08:58:52.448+0000] {dag.py:3239} INFO - Sync 1 DAGs
[2024-11-25T08:58:52.465+0000] {logging_mixin.py:190} INFO - [2024-11-25T08:58:52.464+0000] {dag.py:4180} INFO - Setting next_dagrun for example_python_operator to None, run_after=None
[2024-11-25T08:58:52.491+0000] {processor.py:208} INFO - Processing /home/airflow/.local/lib/python3.12/site-packages/airflow/example_dags/example_python_operator.py took 0.120 seconds
[2024-11-25T08:59:22.709+0000] {processor.py:186} INFO - Started process (PID=10819) to work on /home/airflow/.local/lib/python3.12/site-packages/airflow/example_dags/example_python_operator.py
[2024-11-25T08:59:22.710+0000] {processor.py:914} INFO - Processing file /home/airflow/.local/lib/python3.12/site-packages/airflow/example_dags/example_python_operator.py for tasks to queue
[2024-11-25T08:59:22.714+0000] {logging_mixin.py:190} INFO - [2024-11-25T08:59:22.713+0000] {dagbag.py:588} INFO - Filling up the DagBag from /home/airflow/.local/lib/python3.12/site-packages/airflow/example_dags/example_python_operator.py
[2024-11-25T08:59:22.744+0000] {processor.py:925} INFO - DAG(s) 'example_python_operator' retrieved from /home/airflow/.local/lib/python3.12/site-packages/airflow/example_dags/example_python_operator.py
[2024-11-25T08:59:22.776+0000] {logging_mixin.py:190} INFO - [2024-11-25T08:59:22.775+0000] {dag.py:3239} INFO - Sync 1 DAGs
[2024-11-25T08:59:22.798+0000] {logging_mixin.py:190} INFO - [2024-11-25T08:59:22.798+0000] {dag.py:4180} INFO - Setting next_dagrun for example_python_operator to None, run_after=None
[2024-11-25T08:59:22.830+0000] {processor.py:208} INFO - Processing /home/airflow/.local/lib/python3.12/site-packages/airflow/example_dags/example_python_operator.py took 0.132 seconds
[2024-11-25T08:59:53.243+0000] {processor.py:186} INFO - Started process (PID=11120) to work on /home/airflow/.local/lib/python3.12/site-packages/airflow/example_dags/example_python_operator.py
[2024-11-25T08:59:53.244+0000] {processor.py:914} INFO - Processing file /home/airflow/.local/lib/python3.12/site-packages/airflow/example_dags/example_python_operator.py for tasks to queue
[2024-11-25T08:59:53.247+0000] {logging_mixin.py:190} INFO - [2024-11-25T08:59:53.247+0000] {dagbag.py:588} INFO - Filling up the DagBag from /home/airflow/.local/lib/python3.12/site-packages/airflow/example_dags/example_python_operator.py
[2024-11-25T08:59:53.263+0000] {processor.py:925} INFO - DAG(s) 'example_python_operator' retrieved from /home/airflow/.local/lib/python3.12/site-packages/airflow/example_dags/example_python_operator.py
[2024-11-25T08:59:53.297+0000] {logging_mixin.py:190} INFO - [2024-11-25T08:59:53.297+0000] {dag.py:3239} INFO - Sync 1 DAGs
[2024-11-25T08:59:53.315+0000] {logging_mixin.py:190} INFO - [2024-11-25T08:59:53.315+0000] {dag.py:4180} INFO - Setting next_dagrun for example_python_operator to None, run_after=None
[2024-11-25T08:59:53.338+0000] {processor.py:208} INFO - Processing /home/airflow/.local/lib/python3.12/site-packages/airflow/example_dags/example_python_operator.py took 0.101 seconds
[2024-11-25T09:00:23.453+0000] {processor.py:186} INFO - Started process (PID=11416) to work on /home/airflow/.local/lib/python3.12/site-packages/airflow/example_dags/example_python_operator.py
[2024-11-25T09:00:23.454+0000] {processor.py:914} INFO - Processing file /home/airflow/.local/lib/python3.12/site-packages/airflow/example_dags/example_python_operator.py for tasks to queue
[2024-11-25T09:00:23.457+0000] {logging_mixin.py:190} INFO - [2024-11-25T09:00:23.456+0000] {dagbag.py:588} INFO - Filling up the DagBag from /home/airflow/.local/lib/python3.12/site-packages/airflow/example_dags/example_python_operator.py
[2024-11-25T09:00:23.470+0000] {processor.py:925} INFO - DAG(s) 'example_python_operator' retrieved from /home/airflow/.local/lib/python3.12/site-packages/airflow/example_dags/example_python_operator.py
[2024-11-25T09:00:23.492+0000] {logging_mixin.py:190} INFO - [2024-11-25T09:00:23.492+0000] {dag.py:3239} INFO - Sync 1 DAGs
[2024-11-25T09:00:23.506+0000] {logging_mixin.py:190} INFO - [2024-11-25T09:00:23.506+0000] {dag.py:4180} INFO - Setting next_dagrun for example_python_operator to None, run_after=None
[2024-11-25T09:00:23.526+0000] {processor.py:208} INFO - Processing /home/airflow/.local/lib/python3.12/site-packages/airflow/example_dags/example_python_operator.py took 0.080 seconds
[2024-11-25T09:00:53.792+0000] {processor.py:186} INFO - Started process (PID=11682) to work on /home/airflow/.local/lib/python3.12/site-packages/airflow/example_dags/example_python_operator.py
[2024-11-25T09:00:53.793+0000] {processor.py:914} INFO - Processing file /home/airflow/.local/lib/python3.12/site-packages/airflow/example_dags/example_python_operator.py for tasks to queue
[2024-11-25T09:00:53.797+0000] {logging_mixin.py:190} INFO - [2024-11-25T09:00:53.796+0000] {dagbag.py:588} INFO - Filling up the DagBag from /home/airflow/.local/lib/python3.12/site-packages/airflow/example_dags/example_python_operator.py
[2024-11-25T09:00:53.812+0000] {processor.py:925} INFO - DAG(s) 'example_python_operator' retrieved from /home/airflow/.local/lib/python3.12/site-packages/airflow/example_dags/example_python_operator.py
[2024-11-25T09:00:53.840+0000] {logging_mixin.py:190} INFO - [2024-11-25T09:00:53.839+0000] {dag.py:3239} INFO - Sync 1 DAGs
[2024-11-25T09:00:53.857+0000] {logging_mixin.py:190} INFO - [2024-11-25T09:00:53.856+0000] {dag.py:4180} INFO - Setting next_dagrun for example_python_operator to None, run_after=None
[2024-11-25T09:00:53.880+0000] {processor.py:208} INFO - Processing /home/airflow/.local/lib/python3.12/site-packages/airflow/example_dags/example_python_operator.py took 0.097 seconds
[2024-11-25T09:01:24.037+0000] {processor.py:186} INFO - Started process (PID=11983) to work on /home/airflow/.local/lib/python3.12/site-packages/airflow/example_dags/example_python_operator.py
[2024-11-25T09:01:24.039+0000] {processor.py:914} INFO - Processing file /home/airflow/.local/lib/python3.12/site-packages/airflow/example_dags/example_python_operator.py for tasks to queue
[2024-11-25T09:01:24.042+0000] {logging_mixin.py:190} INFO - [2024-11-25T09:01:24.042+0000] {dagbag.py:588} INFO - Filling up the DagBag from /home/airflow/.local/lib/python3.12/site-packages/airflow/example_dags/example_python_operator.py
[2024-11-25T09:01:24.057+0000] {processor.py:925} INFO - DAG(s) 'example_python_operator' retrieved from /home/airflow/.local/lib/python3.12/site-packages/airflow/example_dags/example_python_operator.py
[2024-11-25T09:01:24.090+0000] {logging_mixin.py:190} INFO - [2024-11-25T09:01:24.089+0000] {dag.py:3239} INFO - Sync 1 DAGs
[2024-11-25T09:01:24.112+0000] {logging_mixin.py:190} INFO - [2024-11-25T09:01:24.111+0000] {dag.py:4180} INFO - Setting next_dagrun for example_python_operator to None, run_after=None
[2024-11-25T09:01:24.145+0000] {processor.py:208} INFO - Processing /home/airflow/.local/lib/python3.12/site-packages/airflow/example_dags/example_python_operator.py took 0.114 seconds
[2024-11-25T09:01:54.321+0000] {processor.py:186} INFO - Started process (PID=12287) to work on /home/airflow/.local/lib/python3.12/site-packages/airflow/example_dags/example_python_operator.py
[2024-11-25T09:01:54.322+0000] {processor.py:914} INFO - Processing file /home/airflow/.local/lib/python3.12/site-packages/airflow/example_dags/example_python_operator.py for tasks to queue
[2024-11-25T09:01:54.326+0000] {logging_mixin.py:190} INFO - [2024-11-25T09:01:54.326+0000] {dagbag.py:588} INFO - Filling up the DagBag from /home/airflow/.local/lib/python3.12/site-packages/airflow/example_dags/example_python_operator.py
[2024-11-25T09:01:54.347+0000] {processor.py:925} INFO - DAG(s) 'example_python_operator' retrieved from /home/airflow/.local/lib/python3.12/site-packages/airflow/example_dags/example_python_operator.py
[2024-11-25T09:01:54.394+0000] {logging_mixin.py:190} INFO - [2024-11-25T09:01:54.394+0000] {dag.py:3239} INFO - Sync 1 DAGs
[2024-11-25T09:01:54.412+0000] {logging_mixin.py:190} INFO - [2024-11-25T09:01:54.412+0000] {dag.py:4180} INFO - Setting next_dagrun for example_python_operator to None, run_after=None
[2024-11-25T09:01:54.440+0000] {processor.py:208} INFO - Processing /home/airflow/.local/lib/python3.12/site-packages/airflow/example_dags/example_python_operator.py took 0.128 seconds
[2024-11-25T09:02:25.385+0000] {processor.py:186} INFO - Started process (PID=12588) to work on /home/airflow/.local/lib/python3.12/site-packages/airflow/example_dags/example_python_operator.py
[2024-11-25T09:02:25.386+0000] {processor.py:914} INFO - Processing file /home/airflow/.local/lib/python3.12/site-packages/airflow/example_dags/example_python_operator.py for tasks to queue
[2024-11-25T09:02:25.388+0000] {logging_mixin.py:190} INFO - [2024-11-25T09:02:25.388+0000] {dagbag.py:588} INFO - Filling up the DagBag from /home/airflow/.local/lib/python3.12/site-packages/airflow/example_dags/example_python_operator.py
[2024-11-25T09:02:25.401+0000] {processor.py:925} INFO - DAG(s) 'example_python_operator' retrieved from /home/airflow/.local/lib/python3.12/site-packages/airflow/example_dags/example_python_operator.py
[2024-11-25T09:02:25.432+0000] {logging_mixin.py:190} INFO - [2024-11-25T09:02:25.432+0000] {dag.py:3239} INFO - Sync 1 DAGs
[2024-11-25T09:02:25.447+0000] {logging_mixin.py:190} INFO - [2024-11-25T09:02:25.447+0000] {dag.py:4180} INFO - Setting next_dagrun for example_python_operator to None, run_after=None
[2024-11-25T09:02:25.469+0000] {processor.py:208} INFO - Processing /home/airflow/.local/lib/python3.12/site-packages/airflow/example_dags/example_python_operator.py took 0.089 seconds
[2024-11-25T09:02:55.970+0000] {processor.py:186} INFO - Started process (PID=12890) to work on /home/airflow/.local/lib/python3.12/site-packages/airflow/example_dags/example_python_operator.py
[2024-11-25T09:02:55.972+0000] {processor.py:914} INFO - Processing file /home/airflow/.local/lib/python3.12/site-packages/airflow/example_dags/example_python_operator.py for tasks to queue
[2024-11-25T09:02:55.976+0000] {logging_mixin.py:190} INFO - [2024-11-25T09:02:55.975+0000] {dagbag.py:588} INFO - Filling up the DagBag from /home/airflow/.local/lib/python3.12/site-packages/airflow/example_dags/example_python_operator.py
[2024-11-25T09:02:55.999+0000] {processor.py:925} INFO - DAG(s) 'example_python_operator' retrieved from /home/airflow/.local/lib/python3.12/site-packages/airflow/example_dags/example_python_operator.py
[2024-11-25T09:02:56.035+0000] {logging_mixin.py:190} INFO - [2024-11-25T09:02:56.035+0000] {dag.py:3239} INFO - Sync 1 DAGs
[2024-11-25T09:02:56.052+0000] {logging_mixin.py:190} INFO - [2024-11-25T09:02:56.051+0000] {dag.py:4180} INFO - Setting next_dagrun for example_python_operator to None, run_after=None
[2024-11-25T09:02:56.075+0000] {processor.py:208} INFO - Processing /home/airflow/.local/lib/python3.12/site-packages/airflow/example_dags/example_python_operator.py took 0.115 seconds
[2024-11-25T09:03:26.322+0000] {processor.py:186} INFO - Started process (PID=13191) to work on /home/airflow/.local/lib/python3.12/site-packages/airflow/example_dags/example_python_operator.py
[2024-11-25T09:03:26.324+0000] {processor.py:914} INFO - Processing file /home/airflow/.local/lib/python3.12/site-packages/airflow/example_dags/example_python_operator.py for tasks to queue
[2024-11-25T09:03:26.327+0000] {logging_mixin.py:190} INFO - [2024-11-25T09:03:26.327+0000] {dagbag.py:588} INFO - Filling up the DagBag from /home/airflow/.local/lib/python3.12/site-packages/airflow/example_dags/example_python_operator.py
[2024-11-25T09:03:26.342+0000] {processor.py:925} INFO - DAG(s) 'example_python_operator' retrieved from /home/airflow/.local/lib/python3.12/site-packages/airflow/example_dags/example_python_operator.py
[2024-11-25T09:03:26.374+0000] {logging_mixin.py:190} INFO - [2024-11-25T09:03:26.374+0000] {dag.py:3239} INFO - Sync 1 DAGs
[2024-11-25T09:03:26.395+0000] {logging_mixin.py:190} INFO - [2024-11-25T09:03:26.395+0000] {dag.py:4180} INFO - Setting next_dagrun for example_python_operator to None, run_after=None
[2024-11-25T09:03:26.416+0000] {processor.py:208} INFO - Processing /home/airflow/.local/lib/python3.12/site-packages/airflow/example_dags/example_python_operator.py took 0.103 seconds
[2024-11-25T09:03:56.766+0000] {processor.py:186} INFO - Started process (PID=13492) to work on /home/airflow/.local/lib/python3.12/site-packages/airflow/example_dags/example_python_operator.py
[2024-11-25T09:03:56.767+0000] {processor.py:914} INFO - Processing file /home/airflow/.local/lib/python3.12/site-packages/airflow/example_dags/example_python_operator.py for tasks to queue
[2024-11-25T09:03:56.770+0000] {logging_mixin.py:190} INFO - [2024-11-25T09:03:56.770+0000] {dagbag.py:588} INFO - Filling up the DagBag from /home/airflow/.local/lib/python3.12/site-packages/airflow/example_dags/example_python_operator.py
[2024-11-25T09:03:56.783+0000] {processor.py:925} INFO - DAG(s) 'example_python_operator' retrieved from /home/airflow/.local/lib/python3.12/site-packages/airflow/example_dags/example_python_operator.py
[2024-11-25T09:03:56.814+0000] {logging_mixin.py:190} INFO - [2024-11-25T09:03:56.814+0000] {dag.py:3239} INFO - Sync 1 DAGs
[2024-11-25T09:03:56.835+0000] {logging_mixin.py:190} INFO - [2024-11-25T09:03:56.835+0000] {dag.py:4180} INFO - Setting next_dagrun for example_python_operator to None, run_after=None
[2024-11-25T09:03:56.857+0000] {processor.py:208} INFO - Processing /home/airflow/.local/lib/python3.12/site-packages/airflow/example_dags/example_python_operator.py took 0.101 seconds
[2024-11-25T09:04:26.938+0000] {processor.py:186} INFO - Started process (PID=13793) to work on /home/airflow/.local/lib/python3.12/site-packages/airflow/example_dags/example_python_operator.py
[2024-11-25T09:04:26.940+0000] {processor.py:914} INFO - Processing file /home/airflow/.local/lib/python3.12/site-packages/airflow/example_dags/example_python_operator.py for tasks to queue
[2024-11-25T09:04:26.943+0000] {logging_mixin.py:190} INFO - [2024-11-25T09:04:26.942+0000] {dagbag.py:588} INFO - Filling up the DagBag from /home/airflow/.local/lib/python3.12/site-packages/airflow/example_dags/example_python_operator.py
[2024-11-25T09:04:26.966+0000] {processor.py:925} INFO - DAG(s) 'example_python_operator' retrieved from /home/airflow/.local/lib/python3.12/site-packages/airflow/example_dags/example_python_operator.py
[2024-11-25T09:04:27.008+0000] {logging_mixin.py:190} INFO - [2024-11-25T09:04:27.007+0000] {dag.py:3239} INFO - Sync 1 DAGs
[2024-11-25T09:04:27.036+0000] {logging_mixin.py:190} INFO - [2024-11-25T09:04:27.035+0000] {dag.py:4180} INFO - Setting next_dagrun for example_python_operator to None, run_after=None
[2024-11-25T09:04:27.062+0000] {processor.py:208} INFO - Processing /home/airflow/.local/lib/python3.12/site-packages/airflow/example_dags/example_python_operator.py took 0.133 seconds
[2024-11-25T09:04:57.647+0000] {processor.py:186} INFO - Started process (PID=14094) to work on /home/airflow/.local/lib/python3.12/site-packages/airflow/example_dags/example_python_operator.py
[2024-11-25T09:04:57.649+0000] {processor.py:914} INFO - Processing file /home/airflow/.local/lib/python3.12/site-packages/airflow/example_dags/example_python_operator.py for tasks to queue
[2024-11-25T09:04:57.655+0000] {logging_mixin.py:190} INFO - [2024-11-25T09:04:57.655+0000] {dagbag.py:588} INFO - Filling up the DagBag from /home/airflow/.local/lib/python3.12/site-packages/airflow/example_dags/example_python_operator.py
[2024-11-25T09:04:57.682+0000] {processor.py:925} INFO - DAG(s) 'example_python_operator' retrieved from /home/airflow/.local/lib/python3.12/site-packages/airflow/example_dags/example_python_operator.py
[2024-11-25T09:04:57.722+0000] {logging_mixin.py:190} INFO - [2024-11-25T09:04:57.721+0000] {dag.py:3239} INFO - Sync 1 DAGs
[2024-11-25T09:04:57.739+0000] {logging_mixin.py:190} INFO - [2024-11-25T09:04:57.738+0000] {dag.py:4180} INFO - Setting next_dagrun for example_python_operator to None, run_after=None
[2024-11-25T09:04:57.759+0000] {processor.py:208} INFO - Processing /home/airflow/.local/lib/python3.12/site-packages/airflow/example_dags/example_python_operator.py took 0.126 seconds
[2024-11-25T09:05:28.518+0000] {processor.py:186} INFO - Started process (PID=14395) to work on /home/airflow/.local/lib/python3.12/site-packages/airflow/example_dags/example_python_operator.py
[2024-11-25T09:05:28.521+0000] {processor.py:914} INFO - Processing file /home/airflow/.local/lib/python3.12/site-packages/airflow/example_dags/example_python_operator.py for tasks to queue
[2024-11-25T09:05:28.524+0000] {logging_mixin.py:190} INFO - [2024-11-25T09:05:28.523+0000] {dagbag.py:588} INFO - Filling up the DagBag from /home/airflow/.local/lib/python3.12/site-packages/airflow/example_dags/example_python_operator.py
[2024-11-25T09:05:28.540+0000] {processor.py:925} INFO - DAG(s) 'example_python_operator' retrieved from /home/airflow/.local/lib/python3.12/site-packages/airflow/example_dags/example_python_operator.py
[2024-11-25T09:05:28.577+0000] {logging_mixin.py:190} INFO - [2024-11-25T09:05:28.576+0000] {dag.py:3239} INFO - Sync 1 DAGs
[2024-11-25T09:05:28.594+0000] {logging_mixin.py:190} INFO - [2024-11-25T09:05:28.594+0000] {dag.py:4180} INFO - Setting next_dagrun for example_python_operator to None, run_after=None
[2024-11-25T09:05:28.619+0000] {processor.py:208} INFO - Processing /home/airflow/.local/lib/python3.12/site-packages/airflow/example_dags/example_python_operator.py took 0.110 seconds
[2024-11-25T09:05:58.811+0000] {processor.py:186} INFO - Started process (PID=14697) to work on /home/airflow/.local/lib/python3.12/site-packages/airflow/example_dags/example_python_operator.py
[2024-11-25T09:05:58.813+0000] {processor.py:914} INFO - Processing file /home/airflow/.local/lib/python3.12/site-packages/airflow/example_dags/example_python_operator.py for tasks to queue
[2024-11-25T09:05:58.817+0000] {logging_mixin.py:190} INFO - [2024-11-25T09:05:58.816+0000] {dagbag.py:588} INFO - Filling up the DagBag from /home/airflow/.local/lib/python3.12/site-packages/airflow/example_dags/example_python_operator.py
[2024-11-25T09:05:58.832+0000] {processor.py:925} INFO - DAG(s) 'example_python_operator' retrieved from /home/airflow/.local/lib/python3.12/site-packages/airflow/example_dags/example_python_operator.py
[2024-11-25T09:05:58.864+0000] {logging_mixin.py:190} INFO - [2024-11-25T09:05:58.863+0000] {dag.py:3239} INFO - Sync 1 DAGs
[2024-11-25T09:05:59.061+0000] {logging_mixin.py:190} INFO - [2024-11-25T09:05:59.061+0000] {dag.py:4180} INFO - Setting next_dagrun for example_python_operator to None, run_after=None
[2024-11-25T09:05:59.080+0000] {processor.py:208} INFO - Processing /home/airflow/.local/lib/python3.12/site-packages/airflow/example_dags/example_python_operator.py took 0.275 seconds
[2024-11-25T09:06:29.265+0000] {processor.py:186} INFO - Started process (PID=14996) to work on /home/airflow/.local/lib/python3.12/site-packages/airflow/example_dags/example_python_operator.py
[2024-11-25T09:06:29.267+0000] {processor.py:914} INFO - Processing file /home/airflow/.local/lib/python3.12/site-packages/airflow/example_dags/example_python_operator.py for tasks to queue
[2024-11-25T09:06:29.273+0000] {logging_mixin.py:190} INFO - [2024-11-25T09:06:29.272+0000] {dagbag.py:588} INFO - Filling up the DagBag from /home/airflow/.local/lib/python3.12/site-packages/airflow/example_dags/example_python_operator.py
[2024-11-25T09:06:29.312+0000] {processor.py:925} INFO - DAG(s) 'example_python_operator' retrieved from /home/airflow/.local/lib/python3.12/site-packages/airflow/example_dags/example_python_operator.py
[2024-11-25T09:06:29.350+0000] {logging_mixin.py:190} INFO - [2024-11-25T09:06:29.349+0000] {dag.py:3239} INFO - Sync 1 DAGs
[2024-11-25T09:06:29.376+0000] {logging_mixin.py:190} INFO - [2024-11-25T09:06:29.376+0000] {dag.py:4180} INFO - Setting next_dagrun for example_python_operator to None, run_after=None
[2024-11-25T09:06:29.709+0000] {processor.py:208} INFO - Processing /home/airflow/.local/lib/python3.12/site-packages/airflow/example_dags/example_python_operator.py took 0.461 seconds
[2024-11-25T09:07:00.289+0000] {processor.py:186} INFO - Started process (PID=15294) to work on /home/airflow/.local/lib/python3.12/site-packages/airflow/example_dags/example_python_operator.py
[2024-11-25T09:07:00.290+0000] {processor.py:914} INFO - Processing file /home/airflow/.local/lib/python3.12/site-packages/airflow/example_dags/example_python_operator.py for tasks to queue
[2024-11-25T09:07:00.292+0000] {logging_mixin.py:190} INFO - [2024-11-25T09:07:00.292+0000] {dagbag.py:588} INFO - Filling up the DagBag from /home/airflow/.local/lib/python3.12/site-packages/airflow/example_dags/example_python_operator.py
[2024-11-25T09:07:00.305+0000] {processor.py:925} INFO - DAG(s) 'example_python_operator' retrieved from /home/airflow/.local/lib/python3.12/site-packages/airflow/example_dags/example_python_operator.py
[2024-11-25T09:07:00.336+0000] {logging_mixin.py:190} INFO - [2024-11-25T09:07:00.335+0000] {dag.py:3239} INFO - Sync 1 DAGs
[2024-11-25T09:07:00.352+0000] {logging_mixin.py:190} INFO - [2024-11-25T09:07:00.351+0000] {dag.py:4180} INFO - Setting next_dagrun for example_python_operator to None, run_after=None
[2024-11-25T09:07:00.373+0000] {processor.py:208} INFO - Processing /home/airflow/.local/lib/python3.12/site-packages/airflow/example_dags/example_python_operator.py took 0.090 seconds
[2024-11-25T09:07:30.601+0000] {processor.py:186} INFO - Started process (PID=15595) to work on /home/airflow/.local/lib/python3.12/site-packages/airflow/example_dags/example_python_operator.py
[2024-11-25T09:07:30.602+0000] {processor.py:914} INFO - Processing file /home/airflow/.local/lib/python3.12/site-packages/airflow/example_dags/example_python_operator.py for tasks to queue
[2024-11-25T09:07:30.607+0000] {logging_mixin.py:190} INFO - [2024-11-25T09:07:30.606+0000] {dagbag.py:588} INFO - Filling up the DagBag from /home/airflow/.local/lib/python3.12/site-packages/airflow/example_dags/example_python_operator.py
[2024-11-25T09:07:30.622+0000] {processor.py:925} INFO - DAG(s) 'example_python_operator' retrieved from /home/airflow/.local/lib/python3.12/site-packages/airflow/example_dags/example_python_operator.py
[2024-11-25T09:07:30.652+0000] {logging_mixin.py:190} INFO - [2024-11-25T09:07:30.651+0000] {dag.py:3239} INFO - Sync 1 DAGs
[2024-11-25T09:07:30.666+0000] {logging_mixin.py:190} INFO - [2024-11-25T09:07:30.666+0000] {dag.py:4180} INFO - Setting next_dagrun for example_python_operator to None, run_after=None
[2024-11-25T09:07:30.686+0000] {processor.py:208} INFO - Processing /home/airflow/.local/lib/python3.12/site-packages/airflow/example_dags/example_python_operator.py took 0.091 seconds
[2024-11-25T09:08:01.536+0000] {processor.py:186} INFO - Started process (PID=15896) to work on /home/airflow/.local/lib/python3.12/site-packages/airflow/example_dags/example_python_operator.py
[2024-11-25T09:08:01.537+0000] {processor.py:914} INFO - Processing file /home/airflow/.local/lib/python3.12/site-packages/airflow/example_dags/example_python_operator.py for tasks to queue
[2024-11-25T09:08:01.540+0000] {logging_mixin.py:190} INFO - [2024-11-25T09:08:01.539+0000] {dagbag.py:588} INFO - Filling up the DagBag from /home/airflow/.local/lib/python3.12/site-packages/airflow/example_dags/example_python_operator.py
[2024-11-25T09:08:01.552+0000] {processor.py:925} INFO - DAG(s) 'example_python_operator' retrieved from /home/airflow/.local/lib/python3.12/site-packages/airflow/example_dags/example_python_operator.py
[2024-11-25T09:08:01.587+0000] {logging_mixin.py:190} INFO - [2024-11-25T09:08:01.586+0000] {dag.py:3239} INFO - Sync 1 DAGs
[2024-11-25T09:08:01.610+0000] {logging_mixin.py:190} INFO - [2024-11-25T09:08:01.609+0000] {dag.py:4180} INFO - Setting next_dagrun for example_python_operator to None, run_after=None
[2024-11-25T09:08:01.650+0000] {processor.py:208} INFO - Processing /home/airflow/.local/lib/python3.12/site-packages/airflow/example_dags/example_python_operator.py took 0.119 seconds
[2024-11-25T09:08:31.968+0000] {processor.py:186} INFO - Started process (PID=16197) to work on /home/airflow/.local/lib/python3.12/site-packages/airflow/example_dags/example_python_operator.py
[2024-11-25T09:08:31.970+0000] {processor.py:914} INFO - Processing file /home/airflow/.local/lib/python3.12/site-packages/airflow/example_dags/example_python_operator.py for tasks to queue
[2024-11-25T09:08:31.973+0000] {logging_mixin.py:190} INFO - [2024-11-25T09:08:31.973+0000] {dagbag.py:588} INFO - Filling up the DagBag from /home/airflow/.local/lib/python3.12/site-packages/airflow/example_dags/example_python_operator.py
[2024-11-25T09:08:31.987+0000] {processor.py:925} INFO - DAG(s) 'example_python_operator' retrieved from /home/airflow/.local/lib/python3.12/site-packages/airflow/example_dags/example_python_operator.py
[2024-11-25T09:08:32.013+0000] {logging_mixin.py:190} INFO - [2024-11-25T09:08:32.013+0000] {dag.py:3239} INFO - Sync 1 DAGs
[2024-11-25T09:08:32.032+0000] {logging_mixin.py:190} INFO - [2024-11-25T09:08:32.032+0000] {dag.py:4180} INFO - Setting next_dagrun for example_python_operator to None, run_after=None
[2024-11-25T09:08:32.058+0000] {processor.py:208} INFO - Processing /home/airflow/.local/lib/python3.12/site-packages/airflow/example_dags/example_python_operator.py took 0.096 seconds
[2024-11-25T09:09:02.486+0000] {processor.py:186} INFO - Started process (PID=16498) to work on /home/airflow/.local/lib/python3.12/site-packages/airflow/example_dags/example_python_operator.py
[2024-11-25T09:09:02.487+0000] {processor.py:914} INFO - Processing file /home/airflow/.local/lib/python3.12/site-packages/airflow/example_dags/example_python_operator.py for tasks to queue
[2024-11-25T09:09:02.490+0000] {logging_mixin.py:190} INFO - [2024-11-25T09:09:02.489+0000] {dagbag.py:588} INFO - Filling up the DagBag from /home/airflow/.local/lib/python3.12/site-packages/airflow/example_dags/example_python_operator.py
[2024-11-25T09:09:02.506+0000] {processor.py:925} INFO - DAG(s) 'example_python_operator' retrieved from /home/airflow/.local/lib/python3.12/site-packages/airflow/example_dags/example_python_operator.py
[2024-11-25T09:09:02.545+0000] {logging_mixin.py:190} INFO - [2024-11-25T09:09:02.544+0000] {dag.py:3239} INFO - Sync 1 DAGs
[2024-11-25T09:09:02.561+0000] {logging_mixin.py:190} INFO - [2024-11-25T09:09:02.561+0000] {dag.py:4180} INFO - Setting next_dagrun for example_python_operator to None, run_after=None
[2024-11-25T09:09:02.590+0000] {processor.py:208} INFO - Processing /home/airflow/.local/lib/python3.12/site-packages/airflow/example_dags/example_python_operator.py took 0.110 seconds
[2024-11-25T09:09:33.579+0000] {processor.py:186} INFO - Started process (PID=16799) to work on /home/airflow/.local/lib/python3.12/site-packages/airflow/example_dags/example_python_operator.py
[2024-11-25T09:09:33.581+0000] {processor.py:914} INFO - Processing file /home/airflow/.local/lib/python3.12/site-packages/airflow/example_dags/example_python_operator.py for tasks to queue
[2024-11-25T09:09:33.584+0000] {logging_mixin.py:190} INFO - [2024-11-25T09:09:33.583+0000] {dagbag.py:588} INFO - Filling up the DagBag from /home/airflow/.local/lib/python3.12/site-packages/airflow/example_dags/example_python_operator.py
[2024-11-25T09:09:33.597+0000] {processor.py:925} INFO - DAG(s) 'example_python_operator' retrieved from /home/airflow/.local/lib/python3.12/site-packages/airflow/example_dags/example_python_operator.py
[2024-11-25T09:09:33.626+0000] {logging_mixin.py:190} INFO - [2024-11-25T09:09:33.625+0000] {dag.py:3239} INFO - Sync 1 DAGs
[2024-11-25T09:09:33.644+0000] {logging_mixin.py:190} INFO - [2024-11-25T09:09:33.643+0000] {dag.py:4180} INFO - Setting next_dagrun for example_python_operator to None, run_after=None
[2024-11-25T09:09:33.665+0000] {processor.py:208} INFO - Processing /home/airflow/.local/lib/python3.12/site-packages/airflow/example_dags/example_python_operator.py took 0.097 seconds
[2024-11-25T09:10:04.246+0000] {processor.py:186} INFO - Started process (PID=17100) to work on /home/airflow/.local/lib/python3.12/site-packages/airflow/example_dags/example_python_operator.py
[2024-11-25T09:10:04.249+0000] {processor.py:914} INFO - Processing file /home/airflow/.local/lib/python3.12/site-packages/airflow/example_dags/example_python_operator.py for tasks to queue
[2024-11-25T09:10:04.252+0000] {logging_mixin.py:190} INFO - [2024-11-25T09:10:04.251+0000] {dagbag.py:588} INFO - Filling up the DagBag from /home/airflow/.local/lib/python3.12/site-packages/airflow/example_dags/example_python_operator.py
[2024-11-25T09:10:04.269+0000] {processor.py:925} INFO - DAG(s) 'example_python_operator' retrieved from /home/airflow/.local/lib/python3.12/site-packages/airflow/example_dags/example_python_operator.py
[2024-11-25T09:10:04.304+0000] {logging_mixin.py:190} INFO - [2024-11-25T09:10:04.303+0000] {dag.py:3239} INFO - Sync 1 DAGs
[2024-11-25T09:10:04.335+0000] {logging_mixin.py:190} INFO - [2024-11-25T09:10:04.334+0000] {dag.py:4180} INFO - Setting next_dagrun for example_python_operator to None, run_after=None
[2024-11-25T09:10:04.362+0000] {processor.py:208} INFO - Processing /home/airflow/.local/lib/python3.12/site-packages/airflow/example_dags/example_python_operator.py took 0.124 seconds
[2024-11-25T09:10:34.728+0000] {processor.py:186} INFO - Started process (PID=17401) to work on /home/airflow/.local/lib/python3.12/site-packages/airflow/example_dags/example_python_operator.py
[2024-11-25T09:10:34.730+0000] {processor.py:914} INFO - Processing file /home/airflow/.local/lib/python3.12/site-packages/airflow/example_dags/example_python_operator.py for tasks to queue
[2024-11-25T09:10:34.737+0000] {logging_mixin.py:190} INFO - [2024-11-25T09:10:34.736+0000] {dagbag.py:588} INFO - Filling up the DagBag from /home/airflow/.local/lib/python3.12/site-packages/airflow/example_dags/example_python_operator.py
[2024-11-25T09:10:34.751+0000] {processor.py:925} INFO - DAG(s) 'example_python_operator' retrieved from /home/airflow/.local/lib/python3.12/site-packages/airflow/example_dags/example_python_operator.py
[2024-11-25T09:10:34.778+0000] {logging_mixin.py:190} INFO - [2024-11-25T09:10:34.778+0000] {dag.py:3239} INFO - Sync 1 DAGs
[2024-11-25T09:10:34.802+0000] {logging_mixin.py:190} INFO - [2024-11-25T09:10:34.801+0000] {dag.py:4180} INFO - Setting next_dagrun for example_python_operator to None, run_after=None
[2024-11-25T09:10:34.774+0000] {processor.py:208} INFO - Processing /home/airflow/.local/lib/python3.12/site-packages/airflow/example_dags/example_python_operator.py took 0.125 seconds
[2024-11-25T09:11:05.675+0000] {processor.py:186} INFO - Started process (PID=17702) to work on /home/airflow/.local/lib/python3.12/site-packages/airflow/example_dags/example_python_operator.py
[2024-11-25T09:11:05.676+0000] {processor.py:914} INFO - Processing file /home/airflow/.local/lib/python3.12/site-packages/airflow/example_dags/example_python_operator.py for tasks to queue
[2024-11-25T09:11:05.679+0000] {logging_mixin.py:190} INFO - [2024-11-25T09:11:05.678+0000] {dagbag.py:588} INFO - Filling up the DagBag from /home/airflow/.local/lib/python3.12/site-packages/airflow/example_dags/example_python_operator.py
[2024-11-25T09:11:05.693+0000] {processor.py:925} INFO - DAG(s) 'example_python_operator' retrieved from /home/airflow/.local/lib/python3.12/site-packages/airflow/example_dags/example_python_operator.py
[2024-11-25T09:11:05.724+0000] {logging_mixin.py:190} INFO - [2024-11-25T09:11:05.724+0000] {dag.py:3239} INFO - Sync 1 DAGs
[2024-11-25T09:11:05.744+0000] {logging_mixin.py:190} INFO - [2024-11-25T09:11:05.743+0000] {dag.py:4180} INFO - Setting next_dagrun for example_python_operator to None, run_after=None
[2024-11-25T09:11:05.770+0000] {processor.py:208} INFO - Processing /home/airflow/.local/lib/python3.12/site-packages/airflow/example_dags/example_python_operator.py took 0.101 seconds
[2024-11-25T09:11:36.087+0000] {processor.py:186} INFO - Started process (PID=18004) to work on /home/airflow/.local/lib/python3.12/site-packages/airflow/example_dags/example_python_operator.py
[2024-11-25T09:11:36.088+0000] {processor.py:914} INFO - Processing file /home/airflow/.local/lib/python3.12/site-packages/airflow/example_dags/example_python_operator.py for tasks to queue
[2024-11-25T09:11:36.091+0000] {logging_mixin.py:190} INFO - [2024-11-25T09:11:36.091+0000] {dagbag.py:588} INFO - Filling up the DagBag from /home/airflow/.local/lib/python3.12/site-packages/airflow/example_dags/example_python_operator.py
[2024-11-25T09:11:36.107+0000] {processor.py:925} INFO - DAG(s) 'example_python_operator' retrieved from /home/airflow/.local/lib/python3.12/site-packages/airflow/example_dags/example_python_operator.py
[2024-11-25T09:11:36.134+0000] {logging_mixin.py:190} INFO - [2024-11-25T09:11:36.133+0000] {dag.py:3239} INFO - Sync 1 DAGs
[2024-11-25T09:11:36.150+0000] {logging_mixin.py:190} INFO - [2024-11-25T09:11:36.149+0000] {dag.py:4180} INFO - Setting next_dagrun for example_python_operator to None, run_after=None
[2024-11-25T09:11:36.173+0000] {processor.py:208} INFO - Processing /home/airflow/.local/lib/python3.12/site-packages/airflow/example_dags/example_python_operator.py took 0.092 seconds
[2024-11-25T09:12:06.763+0000] {processor.py:186} INFO - Started process (PID=18305) to work on /home/airflow/.local/lib/python3.12/site-packages/airflow/example_dags/example_python_operator.py
[2024-11-25T09:12:06.764+0000] {processor.py:914} INFO - Processing file /home/airflow/.local/lib/python3.12/site-packages/airflow/example_dags/example_python_operator.py for tasks to queue
[2024-11-25T09:12:06.767+0000] {logging_mixin.py:190} INFO - [2024-11-25T09:12:06.766+0000] {dagbag.py:588} INFO - Filling up the DagBag from /home/airflow/.local/lib/python3.12/site-packages/airflow/example_dags/example_python_operator.py
[2024-11-25T09:12:06.781+0000] {processor.py:925} INFO - DAG(s) 'example_python_operator' retrieved from /home/airflow/.local/lib/python3.12/site-packages/airflow/example_dags/example_python_operator.py
[2024-11-25T09:12:06.818+0000] {logging_mixin.py:190} INFO - [2024-11-25T09:12:06.817+0000] {dag.py:3239} INFO - Sync 1 DAGs
[2024-11-25T09:12:06.834+0000] {logging_mixin.py:190} INFO - [2024-11-25T09:12:06.834+0000] {dag.py:4180} INFO - Setting next_dagrun for example_python_operator to None, run_after=None
[2024-11-25T09:12:06.857+0000] {processor.py:208} INFO - Processing /home/airflow/.local/lib/python3.12/site-packages/airflow/example_dags/example_python_operator.py took 0.100 seconds
[2024-11-25T09:12:37.054+0000] {processor.py:186} INFO - Started process (PID=18602) to work on /home/airflow/.local/lib/python3.12/site-packages/airflow/example_dags/example_python_operator.py
[2024-11-25T09:12:37.056+0000] {processor.py:914} INFO - Processing file /home/airflow/.local/lib/python3.12/site-packages/airflow/example_dags/example_python_operator.py for tasks to queue
[2024-11-25T09:12:37.060+0000] {logging_mixin.py:190} INFO - [2024-11-25T09:12:37.060+0000] {dagbag.py:588} INFO - Filling up the DagBag from /home/airflow/.local/lib/python3.12/site-packages/airflow/example_dags/example_python_operator.py
[2024-11-25T09:12:37.077+0000] {processor.py:925} INFO - DAG(s) 'example_python_operator' retrieved from /home/airflow/.local/lib/python3.12/site-packages/airflow/example_dags/example_python_operator.py
[2024-11-25T09:12:37.109+0000] {logging_mixin.py:190} INFO - [2024-11-25T09:12:37.109+0000] {dag.py:3239} INFO - Sync 1 DAGs
[2024-11-25T09:12:37.128+0000] {logging_mixin.py:190} INFO - [2024-11-25T09:12:37.127+0000] {dag.py:4180} INFO - Setting next_dagrun for example_python_operator to None, run_after=None
[2024-11-25T09:12:37.155+0000] {processor.py:208} INFO - Processing /home/airflow/.local/lib/python3.12/site-packages/airflow/example_dags/example_python_operator.py took 0.110 seconds
[2024-11-25T09:13:07.302+0000] {processor.py:186} INFO - Started process (PID=18903) to work on /home/airflow/.local/lib/python3.12/site-packages/airflow/example_dags/example_python_operator.py
[2024-11-25T09:13:07.303+0000] {processor.py:914} INFO - Processing file /home/airflow/.local/lib/python3.12/site-packages/airflow/example_dags/example_python_operator.py for tasks to queue
[2024-11-25T09:13:07.305+0000] {logging_mixin.py:190} INFO - [2024-11-25T09:13:07.305+0000] {dagbag.py:588} INFO - Filling up the DagBag from /home/airflow/.local/lib/python3.12/site-packages/airflow/example_dags/example_python_operator.py
[2024-11-25T09:13:07.316+0000] {processor.py:925} INFO - DAG(s) 'example_python_operator' retrieved from /home/airflow/.local/lib/python3.12/site-packages/airflow/example_dags/example_python_operator.py
[2024-11-25T09:13:07.343+0000] {logging_mixin.py:190} INFO - [2024-11-25T09:13:07.343+0000] {dag.py:3239} INFO - Sync 1 DAGs
[2024-11-25T09:13:07.361+0000] {logging_mixin.py:190} INFO - [2024-11-25T09:13:07.361+0000] {dag.py:4180} INFO - Setting next_dagrun for example_python_operator to None, run_after=None
[2024-11-25T09:13:07.380+0000] {processor.py:208} INFO - Processing /home/airflow/.local/lib/python3.12/site-packages/airflow/example_dags/example_python_operator.py took 0.083 seconds
[2024-11-25T09:13:37.540+0000] {processor.py:186} INFO - Started process (PID=19204) to work on /home/airflow/.local/lib/python3.12/site-packages/airflow/example_dags/example_python_operator.py
[2024-11-25T09:13:37.541+0000] {processor.py:914} INFO - Processing file /home/airflow/.local/lib/python3.12/site-packages/airflow/example_dags/example_python_operator.py for tasks to queue
[2024-11-25T09:13:37.544+0000] {logging_mixin.py:190} INFO - [2024-11-25T09:13:37.544+0000] {dagbag.py:588} INFO - Filling up the DagBag from /home/airflow/.local/lib/python3.12/site-packages/airflow/example_dags/example_python_operator.py
[2024-11-25T09:13:37.558+0000] {processor.py:925} INFO - DAG(s) 'example_python_operator' retrieved from /home/airflow/.local/lib/python3.12/site-packages/airflow/example_dags/example_python_operator.py
[2024-11-25T09:13:37.586+0000] {logging_mixin.py:190} INFO - [2024-11-25T09:13:37.586+0000] {dag.py:3239} INFO - Sync 1 DAGs
[2024-11-25T09:13:37.608+0000] {logging_mixin.py:190} INFO - [2024-11-25T09:13:37.608+0000] {dag.py:4180} INFO - Setting next_dagrun for example_python_operator to None, run_after=None
[2024-11-25T09:13:37.631+0000] {processor.py:208} INFO - Processing /home/airflow/.local/lib/python3.12/site-packages/airflow/example_dags/example_python_operator.py took 0.097 seconds
[2024-11-25T09:14:07.734+0000] {processor.py:186} INFO - Started process (PID=19493) to work on /home/airflow/.local/lib/python3.12/site-packages/airflow/example_dags/example_python_operator.py
[2024-11-25T09:14:07.735+0000] {processor.py:914} INFO - Processing file /home/airflow/.local/lib/python3.12/site-packages/airflow/example_dags/example_python_operator.py for tasks to queue
[2024-11-25T09:14:07.737+0000] {logging_mixin.py:190} INFO - [2024-11-25T09:14:07.737+0000] {dagbag.py:588} INFO - Filling up the DagBag from /home/airflow/.local/lib/python3.12/site-packages/airflow/example_dags/example_python_operator.py
[2024-11-25T09:14:07.750+0000] {processor.py:925} INFO - DAG(s) 'example_python_operator' retrieved from /home/airflow/.local/lib/python3.12/site-packages/airflow/example_dags/example_python_operator.py
[2024-11-25T09:14:07.788+0000] {logging_mixin.py:190} INFO - [2024-11-25T09:14:07.788+0000] {dag.py:3239} INFO - Sync 1 DAGs
[2024-11-25T09:14:07.811+0000] {logging_mixin.py:190} INFO - [2024-11-25T09:14:07.811+0000] {dag.py:4180} INFO - Setting next_dagrun for example_python_operator to None, run_after=None
[2024-11-25T09:14:07.837+0000] {processor.py:208} INFO - Processing /home/airflow/.local/lib/python3.12/site-packages/airflow/example_dags/example_python_operator.py took 0.109 seconds
[2024-11-25T09:14:38.751+0000] {processor.py:186} INFO - Started process (PID=19784) to work on /home/airflow/.local/lib/python3.12/site-packages/airflow/example_dags/example_python_operator.py
[2024-11-25T09:14:38.753+0000] {processor.py:914} INFO - Processing file /home/airflow/.local/lib/python3.12/site-packages/airflow/example_dags/example_python_operator.py for tasks to queue
[2024-11-25T09:14:38.762+0000] {logging_mixin.py:190} INFO - [2024-11-25T09:14:38.761+0000] {dagbag.py:588} INFO - Filling up the DagBag from /home/airflow/.local/lib/python3.12/site-packages/airflow/example_dags/example_python_operator.py
[2024-11-25T09:14:38.789+0000] {processor.py:925} INFO - DAG(s) 'example_python_operator' retrieved from /home/airflow/.local/lib/python3.12/site-packages/airflow/example_dags/example_python_operator.py
[2024-11-25T09:14:38.838+0000] {logging_mixin.py:190} INFO - [2024-11-25T09:14:38.837+0000] {dag.py:3239} INFO - Sync 1 DAGs
[2024-11-25T09:14:38.876+0000] {logging_mixin.py:190} INFO - [2024-11-25T09:14:38.875+0000] {dag.py:4180} INFO - Setting next_dagrun for example_python_operator to None, run_after=None
[2024-11-25T09:14:38.910+0000] {processor.py:208} INFO - Processing /home/airflow/.local/lib/python3.12/site-packages/airflow/example_dags/example_python_operator.py took 0.174 seconds
[2024-11-25T09:15:09.160+0000] {processor.py:186} INFO - Started process (PID=20085) to work on /home/airflow/.local/lib/python3.12/site-packages/airflow/example_dags/example_python_operator.py
[2024-11-25T09:15:09.163+0000] {processor.py:914} INFO - Processing file /home/airflow/.local/lib/python3.12/site-packages/airflow/example_dags/example_python_operator.py for tasks to queue
[2024-11-25T09:15:09.168+0000] {logging_mixin.py:190} INFO - [2024-11-25T09:15:09.167+0000] {dagbag.py:588} INFO - Filling up the DagBag from /home/airflow/.local/lib/python3.12/site-packages/airflow/example_dags/example_python_operator.py
[2024-11-25T09:15:09.182+0000] {processor.py:925} INFO - DAG(s) 'example_python_operator' retrieved from /home/airflow/.local/lib/python3.12/site-packages/airflow/example_dags/example_python_operator.py
[2024-11-25T09:15:09.212+0000] {logging_mixin.py:190} INFO - [2024-11-25T09:15:09.211+0000] {dag.py:3239} INFO - Sync 1 DAGs
[2024-11-25T09:15:09.229+0000] {logging_mixin.py:190} INFO - [2024-11-25T09:15:09.229+0000] {dag.py:4180} INFO - Setting next_dagrun for example_python_operator to None, run_after=None
[2024-11-25T09:15:09.255+0000] {processor.py:208} INFO - Processing /home/airflow/.local/lib/python3.12/site-packages/airflow/example_dags/example_python_operator.py took 0.102 seconds
[2024-11-25T09:15:39.746+0000] {processor.py:186} INFO - Started process (PID=20386) to work on /home/airflow/.local/lib/python3.12/site-packages/airflow/example_dags/example_python_operator.py
[2024-11-25T09:15:39.747+0000] {processor.py:914} INFO - Processing file /home/airflow/.local/lib/python3.12/site-packages/airflow/example_dags/example_python_operator.py for tasks to queue
[2024-11-25T09:15:39.749+0000] {logging_mixin.py:190} INFO - [2024-11-25T09:15:39.749+0000] {dagbag.py:588} INFO - Filling up the DagBag from /home/airflow/.local/lib/python3.12/site-packages/airflow/example_dags/example_python_operator.py
[2024-11-25T09:15:39.761+0000] {processor.py:925} INFO - DAG(s) 'example_python_operator' retrieved from /home/airflow/.local/lib/python3.12/site-packages/airflow/example_dags/example_python_operator.py
[2024-11-25T09:15:39.791+0000] {logging_mixin.py:190} INFO - [2024-11-25T09:15:39.791+0000] {dag.py:3239} INFO - Sync 1 DAGs
[2024-11-25T09:15:39.807+0000] {logging_mixin.py:190} INFO - [2024-11-25T09:15:39.807+0000] {dag.py:4180} INFO - Setting next_dagrun for example_python_operator to None, run_after=None
[2024-11-25T09:15:39.829+0000] {processor.py:208} INFO - Processing /home/airflow/.local/lib/python3.12/site-packages/airflow/example_dags/example_python_operator.py took 0.090 seconds
[2024-11-25T09:16:10.244+0000] {processor.py:186} INFO - Started process (PID=20687) to work on /home/airflow/.local/lib/python3.12/site-packages/airflow/example_dags/example_python_operator.py
[2024-11-25T09:16:10.246+0000] {processor.py:914} INFO - Processing file /home/airflow/.local/lib/python3.12/site-packages/airflow/example_dags/example_python_operator.py for tasks to queue
[2024-11-25T09:16:10.250+0000] {logging_mixin.py:190} INFO - [2024-11-25T09:16:10.249+0000] {dagbag.py:588} INFO - Filling up the DagBag from /home/airflow/.local/lib/python3.12/site-packages/airflow/example_dags/example_python_operator.py
[2024-11-25T09:16:10.269+0000] {processor.py:925} INFO - DAG(s) 'example_python_operator' retrieved from /home/airflow/.local/lib/python3.12/site-packages/airflow/example_dags/example_python_operator.py
[2024-11-25T09:16:10.307+0000] {logging_mixin.py:190} INFO - [2024-11-25T09:16:10.307+0000] {dag.py:3239} INFO - Sync 1 DAGs
[2024-11-25T09:16:10.333+0000] {logging_mixin.py:190} INFO - [2024-11-25T09:16:10.333+0000] {dag.py:4180} INFO - Setting next_dagrun for example_python_operator to None, run_after=None
[2024-11-25T09:16:10.360+0000] {processor.py:208} INFO - Processing /home/airflow/.local/lib/python3.12/site-packages/airflow/example_dags/example_python_operator.py took 0.129 seconds
[2024-11-25T09:16:40.832+0000] {processor.py:186} INFO - Started process (PID=20988) to work on /home/airflow/.local/lib/python3.12/site-packages/airflow/example_dags/example_python_operator.py
[2024-11-25T09:16:40.835+0000] {processor.py:914} INFO - Processing file /home/airflow/.local/lib/python3.12/site-packages/airflow/example_dags/example_python_operator.py for tasks to queue
[2024-11-25T09:16:40.840+0000] {logging_mixin.py:190} INFO - [2024-11-25T09:16:40.840+0000] {dagbag.py:588} INFO - Filling up the DagBag from /home/airflow/.local/lib/python3.12/site-packages/airflow/example_dags/example_python_operator.py
[2024-11-25T09:16:40.877+0000] {processor.py:925} INFO - DAG(s) 'example_python_operator' retrieved from /home/airflow/.local/lib/python3.12/site-packages/airflow/example_dags/example_python_operator.py
[2024-11-25T09:16:41.000+0000] {logging_mixin.py:190} INFO - [2024-11-25T09:16:40.999+0000] {dag.py:3239} INFO - Sync 1 DAGs
[2024-11-25T09:16:41.068+0000] {logging_mixin.py:190} INFO - [2024-11-25T09:16:41.068+0000] {dag.py:4180} INFO - Setting next_dagrun for example_python_operator to None, run_after=None
[2024-11-25T09:16:41.155+0000] {processor.py:208} INFO - Processing /home/airflow/.local/lib/python3.12/site-packages/airflow/example_dags/example_python_operator.py took 0.342 seconds
[2024-11-25T09:17:11.918+0000] {processor.py:186} INFO - Started process (PID=21289) to work on /home/airflow/.local/lib/python3.12/site-packages/airflow/example_dags/example_python_operator.py
[2024-11-25T09:17:11.920+0000] {processor.py:914} INFO - Processing file /home/airflow/.local/lib/python3.12/site-packages/airflow/example_dags/example_python_operator.py for tasks to queue
[2024-11-25T09:17:11.924+0000] {logging_mixin.py:190} INFO - [2024-11-25T09:17:11.923+0000] {dagbag.py:588} INFO - Filling up the DagBag from /home/airflow/.local/lib/python3.12/site-packages/airflow/example_dags/example_python_operator.py
[2024-11-25T09:17:11.942+0000] {processor.py:925} INFO - DAG(s) 'example_python_operator' retrieved from /home/airflow/.local/lib/python3.12/site-packages/airflow/example_dags/example_python_operator.py
[2024-11-25T09:17:11.979+0000] {logging_mixin.py:190} INFO - [2024-11-25T09:17:11.979+0000] {dag.py:3239} INFO - Sync 1 DAGs
[2024-11-25T09:17:12.002+0000] {logging_mixin.py:190} INFO - [2024-11-25T09:17:12.001+0000] {dag.py:4180} INFO - Setting next_dagrun for example_python_operator to None, run_after=None
[2024-11-25T09:17:12.033+0000] {processor.py:208} INFO - Processing /home/airflow/.local/lib/python3.12/site-packages/airflow/example_dags/example_python_operator.py took 0.124 seconds
[2024-11-25T09:17:42.103+0000] {processor.py:186} INFO - Started process (PID=21590) to work on /home/airflow/.local/lib/python3.12/site-packages/airflow/example_dags/example_python_operator.py
[2024-11-25T09:17:42.104+0000] {processor.py:914} INFO - Processing file /home/airflow/.local/lib/python3.12/site-packages/airflow/example_dags/example_python_operator.py for tasks to queue
[2024-11-25T09:17:42.106+0000] {logging_mixin.py:190} INFO - [2024-11-25T09:17:42.106+0000] {dagbag.py:588} INFO - Filling up the DagBag from /home/airflow/.local/lib/python3.12/site-packages/airflow/example_dags/example_python_operator.py
[2024-11-25T09:17:42.124+0000] {processor.py:925} INFO - DAG(s) 'example_python_operator' retrieved from /home/airflow/.local/lib/python3.12/site-packages/airflow/example_dags/example_python_operator.py
[2024-11-25T09:17:42.151+0000] {logging_mixin.py:190} INFO - [2024-11-25T09:17:42.151+0000] {dag.py:3239} INFO - Sync 1 DAGs
[2024-11-25T09:17:42.167+0000] {logging_mixin.py:190} INFO - [2024-11-25T09:17:42.167+0000] {dag.py:4180} INFO - Setting next_dagrun for example_python_operator to None, run_after=None
[2024-11-25T09:17:42.188+0000] {processor.py:208} INFO - Processing /home/airflow/.local/lib/python3.12/site-packages/airflow/example_dags/example_python_operator.py took 0.092 seconds
[2024-11-25T09:18:12.586+0000] {processor.py:186} INFO - Started process (PID=21891) to work on /home/airflow/.local/lib/python3.12/site-packages/airflow/example_dags/example_python_operator.py
[2024-11-25T09:18:12.587+0000] {processor.py:914} INFO - Processing file /home/airflow/.local/lib/python3.12/site-packages/airflow/example_dags/example_python_operator.py for tasks to queue
[2024-11-25T09:18:12.590+0000] {logging_mixin.py:190} INFO - [2024-11-25T09:18:12.590+0000] {dagbag.py:588} INFO - Filling up the DagBag from /home/airflow/.local/lib/python3.12/site-packages/airflow/example_dags/example_python_operator.py
[2024-11-25T09:18:12.603+0000] {processor.py:925} INFO - DAG(s) 'example_python_operator' retrieved from /home/airflow/.local/lib/python3.12/site-packages/airflow/example_dags/example_python_operator.py
[2024-11-25T09:18:12.630+0000] {logging_mixin.py:190} INFO - [2024-11-25T09:18:12.629+0000] {dag.py:3239} INFO - Sync 1 DAGs
[2024-11-25T09:18:12.645+0000] {logging_mixin.py:190} INFO - [2024-11-25T09:18:12.645+0000] {dag.py:4180} INFO - Setting next_dagrun for example_python_operator to None, run_after=None
[2024-11-25T09:18:12.667+0000] {processor.py:208} INFO - Processing /home/airflow/.local/lib/python3.12/site-packages/airflow/example_dags/example_python_operator.py took 0.090 seconds
[2024-11-25T09:18:42.819+0000] {processor.py:186} INFO - Started process (PID=22192) to work on /home/airflow/.local/lib/python3.12/site-packages/airflow/example_dags/example_python_operator.py
[2024-11-25T09:18:42.821+0000] {processor.py:914} INFO - Processing file /home/airflow/.local/lib/python3.12/site-packages/airflow/example_dags/example_python_operator.py for tasks to queue
[2024-11-25T09:18:42.823+0000] {logging_mixin.py:190} INFO - [2024-11-25T09:18:42.823+0000] {dagbag.py:588} INFO - Filling up the DagBag from /home/airflow/.local/lib/python3.12/site-packages/airflow/example_dags/example_python_operator.py
[2024-11-25T09:18:42.837+0000] {processor.py:925} INFO - DAG(s) 'example_python_operator' retrieved from /home/airflow/.local/lib/python3.12/site-packages/airflow/example_dags/example_python_operator.py
[2024-11-25T09:18:42.864+0000] {logging_mixin.py:190} INFO - [2024-11-25T09:18:42.864+0000] {dag.py:3239} INFO - Sync 1 DAGs
[2024-11-25T09:18:42.879+0000] {logging_mixin.py:190} INFO - [2024-11-25T09:18:42.879+0000] {dag.py:4180} INFO - Setting next_dagrun for example_python_operator to None, run_after=None
[2024-11-25T09:18:42.899+0000] {processor.py:208} INFO - Processing /home/airflow/.local/lib/python3.12/site-packages/airflow/example_dags/example_python_operator.py took 0.086 seconds
