[2024-11-25T08:41:37.957+0000] {processor.py:186} INFO - Started process (PID=367) to work on /home/airflow/.local/lib/python3.12/site-packages/airflow/example_dags/example_params_ui_tutorial.py
[2024-11-25T08:41:37.968+0000] {processor.py:914} INFO - Processing file /home/airflow/.local/lib/python3.12/site-packages/airflow/example_dags/example_params_ui_tutorial.py for tasks to queue
[2024-11-25T08:41:37.987+0000] {logging_mixin.py:190} INFO - [2024-11-25T08:41:37.986+0000] {dagbag.py:588} INFO - Filling up the DagBag from /home/airflow/.local/lib/python3.12/site-packages/airflow/example_dags/example_params_ui_tutorial.py
[2024-11-25T08:41:38.023+0000] {processor.py:925} INFO - DAG(s) 'example_params_ui_tutorial' retrieved from /home/airflow/.local/lib/python3.12/site-packages/airflow/example_dags/example_params_ui_tutorial.py
[2024-11-25T08:41:38.229+0000] {logging_mixin.py:190} INFO - [2024-11-25T08:41:38.228+0000] {override.py:1911} INFO - Created Permission View: can edit on DAG:example_params_ui_tutorial
[2024-11-25T08:41:38.250+0000] {logging_mixin.py:190} INFO - [2024-11-25T08:41:38.250+0000] {override.py:1911} INFO - Created Permission View: can delete on DAG:example_params_ui_tutorial
[2024-11-25T08:41:38.262+0000] {logging_mixin.py:190} INFO - [2024-11-25T08:41:38.262+0000] {override.py:1911} INFO - Created Permission View: can read on DAG:example_params_ui_tutorial
[2024-11-25T08:41:38.276+0000] {logging_mixin.py:190} INFO - [2024-11-25T08:41:38.275+0000] {override.py:1911} INFO - Created Permission View: can create on DAG Run:example_params_ui_tutorial
[2024-11-25T08:41:38.288+0000] {logging_mixin.py:190} INFO - [2024-11-25T08:41:38.288+0000] {override.py:1911} INFO - Created Permission View: can delete on DAG Run:example_params_ui_tutorial
[2024-11-25T08:41:38.304+0000] {logging_mixin.py:190} INFO - [2024-11-25T08:41:38.304+0000] {override.py:1911} INFO - Created Permission View: menu access on DAG Run:example_params_ui_tutorial
[2024-11-25T08:41:38.319+0000] {logging_mixin.py:190} INFO - [2024-11-25T08:41:38.318+0000] {override.py:1911} INFO - Created Permission View: can read on DAG Run:example_params_ui_tutorial
[2024-11-25T08:41:38.320+0000] {logging_mixin.py:190} INFO - [2024-11-25T08:41:38.319+0000] {dag.py:3239} INFO - Sync 1 DAGs
[2024-11-25T08:41:38.340+0000] {logging_mixin.py:190} INFO - [2024-11-25T08:41:38.340+0000] {dag.py:3262} INFO - Creating ORM DAG for example_params_ui_tutorial
[2024-11-25T08:41:38.343+0000] {logging_mixin.py:190} INFO - [2024-11-25T08:41:38.343+0000] {dag.py:4180} INFO - Setting next_dagrun for example_params_ui_tutorial to None, run_after=None
[2024-11-25T08:41:38.377+0000] {processor.py:208} INFO - Processing /home/airflow/.local/lib/python3.12/site-packages/airflow/example_dags/example_params_ui_tutorial.py took 0.457 seconds
[2024-11-25T08:42:08.503+0000] {processor.py:186} INFO - Started process (PID=671) to work on /home/airflow/.local/lib/python3.12/site-packages/airflow/example_dags/example_params_ui_tutorial.py
[2024-11-25T08:42:08.504+0000] {processor.py:914} INFO - Processing file /home/airflow/.local/lib/python3.12/site-packages/airflow/example_dags/example_params_ui_tutorial.py for tasks to queue
[2024-11-25T08:42:08.507+0000] {logging_mixin.py:190} INFO - [2024-11-25T08:42:08.506+0000] {dagbag.py:588} INFO - Filling up the DagBag from /home/airflow/.local/lib/python3.12/site-packages/airflow/example_dags/example_params_ui_tutorial.py
[2024-11-25T08:42:08.515+0000] {processor.py:925} INFO - DAG(s) 'example_params_ui_tutorial' retrieved from /home/airflow/.local/lib/python3.12/site-packages/airflow/example_dags/example_params_ui_tutorial.py
[2024-11-25T08:42:08.565+0000] {logging_mixin.py:190} INFO - [2024-11-25T08:42:08.564+0000] {dag.py:3239} INFO - Sync 1 DAGs
[2024-11-25T08:42:08.581+0000] {logging_mixin.py:190} INFO - [2024-11-25T08:42:08.581+0000] {dag.py:4180} INFO - Setting next_dagrun for example_params_ui_tutorial to None, run_after=None
[2024-11-25T08:42:08.601+0000] {processor.py:208} INFO - Processing /home/airflow/.local/lib/python3.12/site-packages/airflow/example_dags/example_params_ui_tutorial.py took 0.103 seconds
[2024-11-25T08:42:40.159+0000] {processor.py:186} INFO - Started process (PID=973) to work on /home/airflow/.local/lib/python3.12/site-packages/airflow/example_dags/example_params_ui_tutorial.py
[2024-11-25T08:42:40.165+0000] {processor.py:914} INFO - Processing file /home/airflow/.local/lib/python3.12/site-packages/airflow/example_dags/example_params_ui_tutorial.py for tasks to queue
[2024-11-25T08:42:40.171+0000] {logging_mixin.py:190} INFO - [2024-11-25T08:42:40.170+0000] {dagbag.py:588} INFO - Filling up the DagBag from /home/airflow/.local/lib/python3.12/site-packages/airflow/example_dags/example_params_ui_tutorial.py
[2024-11-25T08:42:40.208+0000] {processor.py:925} INFO - DAG(s) 'example_params_ui_tutorial' retrieved from /home/airflow/.local/lib/python3.12/site-packages/airflow/example_dags/example_params_ui_tutorial.py
[2024-11-25T08:42:40.444+0000] {logging_mixin.py:190} INFO - [2024-11-25T08:42:40.443+0000] {dag.py:3239} INFO - Sync 1 DAGs
[2024-11-25T08:42:40.559+0000] {logging_mixin.py:190} INFO - [2024-11-25T08:42:40.558+0000] {dag.py:4180} INFO - Setting next_dagrun for example_params_ui_tutorial to None, run_after=None
[2024-11-25T08:42:40.618+0000] {processor.py:208} INFO - Processing /home/airflow/.local/lib/python3.12/site-packages/airflow/example_dags/example_params_ui_tutorial.py took 0.499 seconds
[2024-11-25T08:43:10.727+0000] {processor.py:186} INFO - Started process (PID=1278) to work on /home/airflow/.local/lib/python3.12/site-packages/airflow/example_dags/example_params_ui_tutorial.py
[2024-11-25T08:43:10.728+0000] {processor.py:914} INFO - Processing file /home/airflow/.local/lib/python3.12/site-packages/airflow/example_dags/example_params_ui_tutorial.py for tasks to queue
[2024-11-25T08:43:10.730+0000] {logging_mixin.py:190} INFO - [2024-11-25T08:43:10.730+0000] {dagbag.py:588} INFO - Filling up the DagBag from /home/airflow/.local/lib/python3.12/site-packages/airflow/example_dags/example_params_ui_tutorial.py
[2024-11-25T08:43:10.739+0000] {processor.py:925} INFO - DAG(s) 'example_params_ui_tutorial' retrieved from /home/airflow/.local/lib/python3.12/site-packages/airflow/example_dags/example_params_ui_tutorial.py
[2024-11-25T08:43:10.786+0000] {logging_mixin.py:190} INFO - [2024-11-25T08:43:10.785+0000] {dag.py:3239} INFO - Sync 1 DAGs
[2024-11-25T08:43:10.803+0000] {logging_mixin.py:190} INFO - [2024-11-25T08:43:10.803+0000] {dag.py:4180} INFO - Setting next_dagrun for example_params_ui_tutorial to None, run_after=None
[2024-11-25T08:43:10.823+0000] {processor.py:208} INFO - Processing /home/airflow/.local/lib/python3.12/site-packages/airflow/example_dags/example_params_ui_tutorial.py took 0.102 seconds
[2024-11-25T08:43:41.695+0000] {processor.py:186} INFO - Started process (PID=1581) to work on /home/airflow/.local/lib/python3.12/site-packages/airflow/example_dags/example_params_ui_tutorial.py
[2024-11-25T08:43:41.696+0000] {processor.py:914} INFO - Processing file /home/airflow/.local/lib/python3.12/site-packages/airflow/example_dags/example_params_ui_tutorial.py for tasks to queue
[2024-11-25T08:43:41.698+0000] {logging_mixin.py:190} INFO - [2024-11-25T08:43:41.698+0000] {dagbag.py:588} INFO - Filling up the DagBag from /home/airflow/.local/lib/python3.12/site-packages/airflow/example_dags/example_params_ui_tutorial.py
[2024-11-25T08:43:41.707+0000] {processor.py:925} INFO - DAG(s) 'example_params_ui_tutorial' retrieved from /home/airflow/.local/lib/python3.12/site-packages/airflow/example_dags/example_params_ui_tutorial.py
[2024-11-25T08:43:41.753+0000] {logging_mixin.py:190} INFO - [2024-11-25T08:43:41.753+0000] {dag.py:3239} INFO - Sync 1 DAGs
[2024-11-25T08:43:41.768+0000] {logging_mixin.py:190} INFO - [2024-11-25T08:43:41.767+0000] {dag.py:4180} INFO - Setting next_dagrun for example_params_ui_tutorial to None, run_after=None
[2024-11-25T08:43:41.790+0000] {processor.py:208} INFO - Processing /home/airflow/.local/lib/python3.12/site-packages/airflow/example_dags/example_params_ui_tutorial.py took 0.101 seconds
[2024-11-25T08:44:12.551+0000] {processor.py:186} INFO - Started process (PID=1881) to work on /home/airflow/.local/lib/python3.12/site-packages/airflow/example_dags/example_params_ui_tutorial.py
[2024-11-25T08:44:12.552+0000] {processor.py:914} INFO - Processing file /home/airflow/.local/lib/python3.12/site-packages/airflow/example_dags/example_params_ui_tutorial.py for tasks to queue
[2024-11-25T08:44:12.555+0000] {logging_mixin.py:190} INFO - [2024-11-25T08:44:12.555+0000] {dagbag.py:588} INFO - Filling up the DagBag from /home/airflow/.local/lib/python3.12/site-packages/airflow/example_dags/example_params_ui_tutorial.py
[2024-11-25T08:44:12.567+0000] {processor.py:925} INFO - DAG(s) 'example_params_ui_tutorial' retrieved from /home/airflow/.local/lib/python3.12/site-packages/airflow/example_dags/example_params_ui_tutorial.py
[2024-11-25T08:44:12.641+0000] {logging_mixin.py:190} INFO - [2024-11-25T08:44:12.641+0000] {dag.py:3239} INFO - Sync 1 DAGs
[2024-11-25T08:44:12.660+0000] {logging_mixin.py:190} INFO - [2024-11-25T08:44:12.659+0000] {dag.py:4180} INFO - Setting next_dagrun for example_params_ui_tutorial to None, run_after=None
[2024-11-25T08:44:12.702+0000] {processor.py:208} INFO - Processing /home/airflow/.local/lib/python3.12/site-packages/airflow/example_dags/example_params_ui_tutorial.py took 0.161 seconds
[2024-11-25T08:44:42.962+0000] {processor.py:186} INFO - Started process (PID=2179) to work on /home/airflow/.local/lib/python3.12/site-packages/airflow/example_dags/example_params_ui_tutorial.py
[2024-11-25T08:44:42.963+0000] {processor.py:914} INFO - Processing file /home/airflow/.local/lib/python3.12/site-packages/airflow/example_dags/example_params_ui_tutorial.py for tasks to queue
[2024-11-25T08:44:42.967+0000] {logging_mixin.py:190} INFO - [2024-11-25T08:44:42.966+0000] {dagbag.py:588} INFO - Filling up the DagBag from /home/airflow/.local/lib/python3.12/site-packages/airflow/example_dags/example_params_ui_tutorial.py
[2024-11-25T08:44:42.982+0000] {processor.py:925} INFO - DAG(s) 'example_params_ui_tutorial' retrieved from /home/airflow/.local/lib/python3.12/site-packages/airflow/example_dags/example_params_ui_tutorial.py
[2024-11-25T08:44:43.060+0000] {logging_mixin.py:190} INFO - [2024-11-25T08:44:43.059+0000] {dag.py:3239} INFO - Sync 1 DAGs
[2024-11-25T08:44:43.076+0000] {logging_mixin.py:190} INFO - [2024-11-25T08:44:43.076+0000] {dag.py:4180} INFO - Setting next_dagrun for example_params_ui_tutorial to None, run_after=None
[2024-11-25T08:44:43.093+0000] {processor.py:208} INFO - Processing /home/airflow/.local/lib/python3.12/site-packages/airflow/example_dags/example_params_ui_tutorial.py took 0.139 seconds
[2024-11-25T08:45:13.437+0000] {processor.py:186} INFO - Started process (PID=2478) to work on /home/airflow/.local/lib/python3.12/site-packages/airflow/example_dags/example_params_ui_tutorial.py
[2024-11-25T08:45:13.439+0000] {processor.py:914} INFO - Processing file /home/airflow/.local/lib/python3.12/site-packages/airflow/example_dags/example_params_ui_tutorial.py for tasks to queue
[2024-11-25T08:45:13.443+0000] {logging_mixin.py:190} INFO - [2024-11-25T08:45:13.442+0000] {dagbag.py:588} INFO - Filling up the DagBag from /home/airflow/.local/lib/python3.12/site-packages/airflow/example_dags/example_params_ui_tutorial.py
[2024-11-25T08:45:13.457+0000] {processor.py:925} INFO - DAG(s) 'example_params_ui_tutorial' retrieved from /home/airflow/.local/lib/python3.12/site-packages/airflow/example_dags/example_params_ui_tutorial.py
[2024-11-25T08:45:13.514+0000] {logging_mixin.py:190} INFO - [2024-11-25T08:45:13.514+0000] {dag.py:3239} INFO - Sync 1 DAGs
[2024-11-25T08:45:13.541+0000] {logging_mixin.py:190} INFO - [2024-11-25T08:45:13.541+0000] {dag.py:4180} INFO - Setting next_dagrun for example_params_ui_tutorial to None, run_after=None
[2024-11-25T08:45:13.569+0000] {processor.py:208} INFO - Processing /home/airflow/.local/lib/python3.12/site-packages/airflow/example_dags/example_params_ui_tutorial.py took 0.140 seconds
[2024-11-25T08:45:43.995+0000] {processor.py:186} INFO - Started process (PID=2776) to work on /home/airflow/.local/lib/python3.12/site-packages/airflow/example_dags/example_params_ui_tutorial.py
[2024-11-25T08:45:43.997+0000] {processor.py:914} INFO - Processing file /home/airflow/.local/lib/python3.12/site-packages/airflow/example_dags/example_params_ui_tutorial.py for tasks to queue
[2024-11-25T08:45:43.999+0000] {logging_mixin.py:190} INFO - [2024-11-25T08:45:43.999+0000] {dagbag.py:588} INFO - Filling up the DagBag from /home/airflow/.local/lib/python3.12/site-packages/airflow/example_dags/example_params_ui_tutorial.py
[2024-11-25T08:45:44.008+0000] {processor.py:925} INFO - DAG(s) 'example_params_ui_tutorial' retrieved from /home/airflow/.local/lib/python3.12/site-packages/airflow/example_dags/example_params_ui_tutorial.py
[2024-11-25T08:45:44.057+0000] {logging_mixin.py:190} INFO - [2024-11-25T08:45:44.056+0000] {dag.py:3239} INFO - Sync 1 DAGs
[2024-11-25T08:45:44.075+0000] {logging_mixin.py:190} INFO - [2024-11-25T08:45:44.074+0000] {dag.py:4180} INFO - Setting next_dagrun for example_params_ui_tutorial to None, run_after=None
[2024-11-25T08:45:44.099+0000] {processor.py:208} INFO - Processing /home/airflow/.local/lib/python3.12/site-packages/airflow/example_dags/example_params_ui_tutorial.py took 0.109 seconds
[2024-11-25T08:46:14.487+0000] {processor.py:186} INFO - Started process (PID=3077) to work on /home/airflow/.local/lib/python3.12/site-packages/airflow/example_dags/example_params_ui_tutorial.py
[2024-11-25T08:46:14.489+0000] {processor.py:914} INFO - Processing file /home/airflow/.local/lib/python3.12/site-packages/airflow/example_dags/example_params_ui_tutorial.py for tasks to queue
[2024-11-25T08:46:14.492+0000] {logging_mixin.py:190} INFO - [2024-11-25T08:46:14.492+0000] {dagbag.py:588} INFO - Filling up the DagBag from /home/airflow/.local/lib/python3.12/site-packages/airflow/example_dags/example_params_ui_tutorial.py
[2024-11-25T08:46:14.502+0000] {processor.py:925} INFO - DAG(s) 'example_params_ui_tutorial' retrieved from /home/airflow/.local/lib/python3.12/site-packages/airflow/example_dags/example_params_ui_tutorial.py
[2024-11-25T08:46:14.562+0000] {logging_mixin.py:190} INFO - [2024-11-25T08:46:14.562+0000] {dag.py:3239} INFO - Sync 1 DAGs
[2024-11-25T08:46:14.579+0000] {logging_mixin.py:190} INFO - [2024-11-25T08:46:14.578+0000] {dag.py:4180} INFO - Setting next_dagrun for example_params_ui_tutorial to None, run_after=None
[2024-11-25T08:46:14.601+0000] {processor.py:208} INFO - Processing /home/airflow/.local/lib/python3.12/site-packages/airflow/example_dags/example_params_ui_tutorial.py took 0.121 seconds
[2024-11-25T08:46:50.191+0000] {processor.py:186} INFO - Started process (PID=3388) to work on /home/airflow/.local/lib/python3.12/site-packages/airflow/example_dags/example_params_ui_tutorial.py
[2024-11-25T08:46:50.195+0000] {processor.py:914} INFO - Processing file /home/airflow/.local/lib/python3.12/site-packages/airflow/example_dags/example_params_ui_tutorial.py for tasks to queue
[2024-11-25T08:46:50.201+0000] {logging_mixin.py:190} INFO - [2024-11-25T08:46:50.200+0000] {dagbag.py:588} INFO - Filling up the DagBag from /home/airflow/.local/lib/python3.12/site-packages/airflow/example_dags/example_params_ui_tutorial.py
[2024-11-25T08:46:50.232+0000] {processor.py:925} INFO - DAG(s) 'example_params_ui_tutorial' retrieved from /home/airflow/.local/lib/python3.12/site-packages/airflow/example_dags/example_params_ui_tutorial.py
[2024-11-25T08:46:50.343+0000] {logging_mixin.py:190} INFO - [2024-11-25T08:46:50.343+0000] {dag.py:3239} INFO - Sync 1 DAGs
[2024-11-25T08:46:50.373+0000] {logging_mixin.py:190} INFO - [2024-11-25T08:46:50.373+0000] {dag.py:4180} INFO - Setting next_dagrun for example_params_ui_tutorial to None, run_after=None
[2024-11-25T08:46:50.405+0000] {processor.py:208} INFO - Processing /home/airflow/.local/lib/python3.12/site-packages/airflow/example_dags/example_params_ui_tutorial.py took 0.228 seconds
[2024-11-25T08:47:20.470+0000] {processor.py:186} INFO - Started process (PID=3689) to work on /home/airflow/.local/lib/python3.12/site-packages/airflow/example_dags/example_params_ui_tutorial.py
[2024-11-25T08:47:20.474+0000] {processor.py:914} INFO - Processing file /home/airflow/.local/lib/python3.12/site-packages/airflow/example_dags/example_params_ui_tutorial.py for tasks to queue
[2024-11-25T08:47:20.477+0000] {logging_mixin.py:190} INFO - [2024-11-25T08:47:20.477+0000] {dagbag.py:588} INFO - Filling up the DagBag from /home/airflow/.local/lib/python3.12/site-packages/airflow/example_dags/example_params_ui_tutorial.py
[2024-11-25T08:47:20.486+0000] {processor.py:925} INFO - DAG(s) 'example_params_ui_tutorial' retrieved from /home/airflow/.local/lib/python3.12/site-packages/airflow/example_dags/example_params_ui_tutorial.py
[2024-11-25T08:47:20.533+0000] {logging_mixin.py:190} INFO - [2024-11-25T08:47:20.533+0000] {dag.py:3239} INFO - Sync 1 DAGs
[2024-11-25T08:47:20.548+0000] {logging_mixin.py:190} INFO - [2024-11-25T08:47:20.548+0000] {dag.py:4180} INFO - Setting next_dagrun for example_params_ui_tutorial to None, run_after=None
[2024-11-25T08:47:20.570+0000] {processor.py:208} INFO - Processing /home/airflow/.local/lib/python3.12/site-packages/airflow/example_dags/example_params_ui_tutorial.py took 0.106 seconds
[2024-11-25T08:47:51.164+0000] {processor.py:186} INFO - Started process (PID=3985) to work on /home/airflow/.local/lib/python3.12/site-packages/airflow/example_dags/example_params_ui_tutorial.py
[2024-11-25T08:47:51.165+0000] {processor.py:914} INFO - Processing file /home/airflow/.local/lib/python3.12/site-packages/airflow/example_dags/example_params_ui_tutorial.py for tasks to queue
[2024-11-25T08:47:51.167+0000] {logging_mixin.py:190} INFO - [2024-11-25T08:47:51.167+0000] {dagbag.py:588} INFO - Filling up the DagBag from /home/airflow/.local/lib/python3.12/site-packages/airflow/example_dags/example_params_ui_tutorial.py
[2024-11-25T08:47:51.177+0000] {processor.py:925} INFO - DAG(s) 'example_params_ui_tutorial' retrieved from /home/airflow/.local/lib/python3.12/site-packages/airflow/example_dags/example_params_ui_tutorial.py
[2024-11-25T08:47:51.225+0000] {logging_mixin.py:190} INFO - [2024-11-25T08:47:51.225+0000] {dag.py:3239} INFO - Sync 1 DAGs
[2024-11-25T08:47:51.244+0000] {logging_mixin.py:190} INFO - [2024-11-25T08:47:51.244+0000] {dag.py:4180} INFO - Setting next_dagrun for example_params_ui_tutorial to None, run_after=None
[2024-11-25T08:47:51.269+0000] {processor.py:208} INFO - Processing /home/airflow/.local/lib/python3.12/site-packages/airflow/example_dags/example_params_ui_tutorial.py took 0.113 seconds
[2024-11-25T08:48:22.763+0000] {processor.py:186} INFO - Started process (PID=4286) to work on /home/airflow/.local/lib/python3.12/site-packages/airflow/example_dags/example_params_ui_tutorial.py
[2024-11-25T08:48:22.765+0000] {processor.py:914} INFO - Processing file /home/airflow/.local/lib/python3.12/site-packages/airflow/example_dags/example_params_ui_tutorial.py for tasks to queue
[2024-11-25T08:48:22.771+0000] {logging_mixin.py:190} INFO - [2024-11-25T08:48:22.771+0000] {dagbag.py:588} INFO - Filling up the DagBag from /home/airflow/.local/lib/python3.12/site-packages/airflow/example_dags/example_params_ui_tutorial.py
[2024-11-25T08:48:22.799+0000] {processor.py:925} INFO - DAG(s) 'example_params_ui_tutorial' retrieved from /home/airflow/.local/lib/python3.12/site-packages/airflow/example_dags/example_params_ui_tutorial.py
[2024-11-25T08:48:22.884+0000] {logging_mixin.py:190} INFO - [2024-11-25T08:48:22.883+0000] {dag.py:3239} INFO - Sync 1 DAGs
[2024-11-25T08:48:22.916+0000] {logging_mixin.py:190} INFO - [2024-11-25T08:48:22.915+0000] {dag.py:4180} INFO - Setting next_dagrun for example_params_ui_tutorial to None, run_after=None
[2024-11-25T08:48:22.943+0000] {processor.py:208} INFO - Processing /home/airflow/.local/lib/python3.12/site-packages/airflow/example_dags/example_params_ui_tutorial.py took 0.192 seconds
[2024-11-25T08:48:54.363+0000] {processor.py:186} INFO - Started process (PID=4587) to work on /home/airflow/.local/lib/python3.12/site-packages/airflow/example_dags/example_params_ui_tutorial.py
[2024-11-25T08:48:54.364+0000] {processor.py:914} INFO - Processing file /home/airflow/.local/lib/python3.12/site-packages/airflow/example_dags/example_params_ui_tutorial.py for tasks to queue
[2024-11-25T08:48:54.368+0000] {logging_mixin.py:190} INFO - [2024-11-25T08:48:54.367+0000] {dagbag.py:588} INFO - Filling up the DagBag from /home/airflow/.local/lib/python3.12/site-packages/airflow/example_dags/example_params_ui_tutorial.py
[2024-11-25T08:48:54.384+0000] {processor.py:925} INFO - DAG(s) 'example_params_ui_tutorial' retrieved from /home/airflow/.local/lib/python3.12/site-packages/airflow/example_dags/example_params_ui_tutorial.py
[2024-11-25T08:48:54.454+0000] {logging_mixin.py:190} INFO - [2024-11-25T08:48:54.454+0000] {dag.py:3239} INFO - Sync 1 DAGs
[2024-11-25T08:48:54.474+0000] {logging_mixin.py:190} INFO - [2024-11-25T08:48:54.474+0000] {dag.py:4180} INFO - Setting next_dagrun for example_params_ui_tutorial to None, run_after=None
[2024-11-25T08:48:54.497+0000] {processor.py:208} INFO - Processing /home/airflow/.local/lib/python3.12/site-packages/airflow/example_dags/example_params_ui_tutorial.py took 0.149 seconds
[2024-11-25T08:49:24.702+0000] {processor.py:186} INFO - Started process (PID=4883) to work on /home/airflow/.local/lib/python3.12/site-packages/airflow/example_dags/example_params_ui_tutorial.py
[2024-11-25T08:49:24.704+0000] {processor.py:914} INFO - Processing file /home/airflow/.local/lib/python3.12/site-packages/airflow/example_dags/example_params_ui_tutorial.py for tasks to queue
[2024-11-25T08:49:24.708+0000] {logging_mixin.py:190} INFO - [2024-11-25T08:49:24.707+0000] {dagbag.py:588} INFO - Filling up the DagBag from /home/airflow/.local/lib/python3.12/site-packages/airflow/example_dags/example_params_ui_tutorial.py
[2024-11-25T08:49:24.721+0000] {processor.py:925} INFO - DAG(s) 'example_params_ui_tutorial' retrieved from /home/airflow/.local/lib/python3.12/site-packages/airflow/example_dags/example_params_ui_tutorial.py
[2024-11-25T08:49:24.811+0000] {logging_mixin.py:190} INFO - [2024-11-25T08:49:24.810+0000] {dag.py:3239} INFO - Sync 1 DAGs
[2024-11-25T08:49:24.840+0000] {logging_mixin.py:190} INFO - [2024-11-25T08:49:24.840+0000] {dag.py:4180} INFO - Setting next_dagrun for example_params_ui_tutorial to None, run_after=None
[2024-11-25T08:49:24.880+0000] {processor.py:208} INFO - Processing /home/airflow/.local/lib/python3.12/site-packages/airflow/example_dags/example_params_ui_tutorial.py took 0.186 seconds
[2024-11-25T08:49:55.278+0000] {processor.py:186} INFO - Started process (PID=5179) to work on /home/airflow/.local/lib/python3.12/site-packages/airflow/example_dags/example_params_ui_tutorial.py
[2024-11-25T08:49:55.282+0000] {processor.py:914} INFO - Processing file /home/airflow/.local/lib/python3.12/site-packages/airflow/example_dags/example_params_ui_tutorial.py for tasks to queue
[2024-11-25T08:49:55.288+0000] {logging_mixin.py:190} INFO - [2024-11-25T08:49:55.287+0000] {dagbag.py:588} INFO - Filling up the DagBag from /home/airflow/.local/lib/python3.12/site-packages/airflow/example_dags/example_params_ui_tutorial.py
[2024-11-25T08:49:55.324+0000] {processor.py:925} INFO - DAG(s) 'example_params_ui_tutorial' retrieved from /home/airflow/.local/lib/python3.12/site-packages/airflow/example_dags/example_params_ui_tutorial.py
[2024-11-25T08:49:55.465+0000] {logging_mixin.py:190} INFO - [2024-11-25T08:49:55.465+0000] {dag.py:3239} INFO - Sync 1 DAGs
[2024-11-25T08:49:55.512+0000] {logging_mixin.py:190} INFO - [2024-11-25T08:49:55.511+0000] {dag.py:4180} INFO - Setting next_dagrun for example_params_ui_tutorial to None, run_after=None
[2024-11-25T08:49:55.557+0000] {processor.py:208} INFO - Processing /home/airflow/.local/lib/python3.12/site-packages/airflow/example_dags/example_params_ui_tutorial.py took 0.295 seconds
[2024-11-25T08:50:26.860+0000] {processor.py:186} INFO - Started process (PID=5480) to work on /home/airflow/.local/lib/python3.12/site-packages/airflow/example_dags/example_params_ui_tutorial.py
[2024-11-25T08:50:26.865+0000] {processor.py:914} INFO - Processing file /home/airflow/.local/lib/python3.12/site-packages/airflow/example_dags/example_params_ui_tutorial.py for tasks to queue
[2024-11-25T08:50:26.881+0000] {logging_mixin.py:190} INFO - [2024-11-25T08:50:26.879+0000] {dagbag.py:588} INFO - Filling up the DagBag from /home/airflow/.local/lib/python3.12/site-packages/airflow/example_dags/example_params_ui_tutorial.py
[2024-11-25T08:50:26.913+0000] {processor.py:925} INFO - DAG(s) 'example_params_ui_tutorial' retrieved from /home/airflow/.local/lib/python3.12/site-packages/airflow/example_dags/example_params_ui_tutorial.py
[2024-11-25T08:50:27.091+0000] {logging_mixin.py:190} INFO - [2024-11-25T08:50:27.090+0000] {dag.py:3239} INFO - Sync 1 DAGs
[2024-11-25T08:50:27.144+0000] {logging_mixin.py:190} INFO - [2024-11-25T08:50:27.144+0000] {dag.py:4180} INFO - Setting next_dagrun for example_params_ui_tutorial to None, run_after=None
[2024-11-25T08:50:27.222+0000] {processor.py:208} INFO - Processing /home/airflow/.local/lib/python3.12/site-packages/airflow/example_dags/example_params_ui_tutorial.py took 0.376 seconds
[2024-11-25T08:50:58.072+0000] {processor.py:186} INFO - Started process (PID=5784) to work on /home/airflow/.local/lib/python3.12/site-packages/airflow/example_dags/example_params_ui_tutorial.py
[2024-11-25T08:50:58.073+0000] {processor.py:914} INFO - Processing file /home/airflow/.local/lib/python3.12/site-packages/airflow/example_dags/example_params_ui_tutorial.py for tasks to queue
[2024-11-25T08:50:58.075+0000] {logging_mixin.py:190} INFO - [2024-11-25T08:50:58.075+0000] {dagbag.py:588} INFO - Filling up the DagBag from /home/airflow/.local/lib/python3.12/site-packages/airflow/example_dags/example_params_ui_tutorial.py
[2024-11-25T08:50:58.086+0000] {processor.py:925} INFO - DAG(s) 'example_params_ui_tutorial' retrieved from /home/airflow/.local/lib/python3.12/site-packages/airflow/example_dags/example_params_ui_tutorial.py
[2024-11-25T08:50:58.134+0000] {logging_mixin.py:190} INFO - [2024-11-25T08:50:58.134+0000] {dag.py:3239} INFO - Sync 1 DAGs
[2024-11-25T08:50:58.149+0000] {logging_mixin.py:190} INFO - [2024-11-25T08:50:58.149+0000] {dag.py:4180} INFO - Setting next_dagrun for example_params_ui_tutorial to None, run_after=None
[2024-11-25T08:50:58.172+0000] {processor.py:208} INFO - Processing /home/airflow/.local/lib/python3.12/site-packages/airflow/example_dags/example_params_ui_tutorial.py took 0.106 seconds
[2024-11-25T08:51:28.350+0000] {processor.py:186} INFO - Started process (PID=6091) to work on /home/airflow/.local/lib/python3.12/site-packages/airflow/example_dags/example_params_ui_tutorial.py
[2024-11-25T08:51:28.351+0000] {processor.py:914} INFO - Processing file /home/airflow/.local/lib/python3.12/site-packages/airflow/example_dags/example_params_ui_tutorial.py for tasks to queue
[2024-11-25T08:51:28.354+0000] {logging_mixin.py:190} INFO - [2024-11-25T08:51:28.354+0000] {dagbag.py:588} INFO - Filling up the DagBag from /home/airflow/.local/lib/python3.12/site-packages/airflow/example_dags/example_params_ui_tutorial.py
[2024-11-25T08:51:28.364+0000] {processor.py:925} INFO - DAG(s) 'example_params_ui_tutorial' retrieved from /home/airflow/.local/lib/python3.12/site-packages/airflow/example_dags/example_params_ui_tutorial.py
[2024-11-25T08:51:28.425+0000] {logging_mixin.py:190} INFO - [2024-11-25T08:51:28.424+0000] {dag.py:3239} INFO - Sync 1 DAGs
[2024-11-25T08:51:28.441+0000] {logging_mixin.py:190} INFO - [2024-11-25T08:51:28.441+0000] {dag.py:4180} INFO - Setting next_dagrun for example_params_ui_tutorial to None, run_after=None
[2024-11-25T08:51:28.467+0000] {processor.py:208} INFO - Processing /home/airflow/.local/lib/python3.12/site-packages/airflow/example_dags/example_params_ui_tutorial.py took 0.124 seconds
[2024-11-25T08:51:59.090+0000] {processor.py:186} INFO - Started process (PID=6394) to work on /home/airflow/.local/lib/python3.12/site-packages/airflow/example_dags/example_params_ui_tutorial.py
[2024-11-25T08:51:59.091+0000] {processor.py:914} INFO - Processing file /home/airflow/.local/lib/python3.12/site-packages/airflow/example_dags/example_params_ui_tutorial.py for tasks to queue
[2024-11-25T08:51:59.098+0000] {logging_mixin.py:190} INFO - [2024-11-25T08:51:59.095+0000] {dagbag.py:588} INFO - Filling up the DagBag from /home/airflow/.local/lib/python3.12/site-packages/airflow/example_dags/example_params_ui_tutorial.py
[2024-11-25T08:51:59.124+0000] {processor.py:925} INFO - DAG(s) 'example_params_ui_tutorial' retrieved from /home/airflow/.local/lib/python3.12/site-packages/airflow/example_dags/example_params_ui_tutorial.py
[2024-11-25T08:51:59.217+0000] {logging_mixin.py:190} INFO - [2024-11-25T08:51:59.217+0000] {dag.py:3239} INFO - Sync 1 DAGs
[2024-11-25T08:51:59.232+0000] {logging_mixin.py:190} INFO - [2024-11-25T08:51:59.232+0000] {dag.py:4180} INFO - Setting next_dagrun for example_params_ui_tutorial to None, run_after=None
[2024-11-25T08:51:59.253+0000] {processor.py:208} INFO - Processing /home/airflow/.local/lib/python3.12/site-packages/airflow/example_dags/example_params_ui_tutorial.py took 0.172 seconds
[2024-11-25T08:52:29.706+0000] {processor.py:186} INFO - Started process (PID=6695) to work on /home/airflow/.local/lib/python3.12/site-packages/airflow/example_dags/example_params_ui_tutorial.py
[2024-11-25T08:52:29.707+0000] {processor.py:914} INFO - Processing file /home/airflow/.local/lib/python3.12/site-packages/airflow/example_dags/example_params_ui_tutorial.py for tasks to queue
[2024-11-25T08:52:29.709+0000] {logging_mixin.py:190} INFO - [2024-11-25T08:52:29.709+0000] {dagbag.py:588} INFO - Filling up the DagBag from /home/airflow/.local/lib/python3.12/site-packages/airflow/example_dags/example_params_ui_tutorial.py
[2024-11-25T08:52:29.718+0000] {processor.py:925} INFO - DAG(s) 'example_params_ui_tutorial' retrieved from /home/airflow/.local/lib/python3.12/site-packages/airflow/example_dags/example_params_ui_tutorial.py
[2024-11-25T08:52:29.766+0000] {logging_mixin.py:190} INFO - [2024-11-25T08:52:29.765+0000] {dag.py:3239} INFO - Sync 1 DAGs
[2024-11-25T08:52:29.780+0000] {logging_mixin.py:190} INFO - [2024-11-25T08:52:29.780+0000] {dag.py:4180} INFO - Setting next_dagrun for example_params_ui_tutorial to None, run_after=None
[2024-11-25T08:52:29.800+0000] {processor.py:208} INFO - Processing /home/airflow/.local/lib/python3.12/site-packages/airflow/example_dags/example_params_ui_tutorial.py took 0.099 seconds
[2024-11-25T08:53:00.275+0000] {processor.py:186} INFO - Started process (PID=6996) to work on /home/airflow/.local/lib/python3.12/site-packages/airflow/example_dags/example_params_ui_tutorial.py
[2024-11-25T08:53:00.277+0000] {processor.py:914} INFO - Processing file /home/airflow/.local/lib/python3.12/site-packages/airflow/example_dags/example_params_ui_tutorial.py for tasks to queue
[2024-11-25T08:53:00.280+0000] {logging_mixin.py:190} INFO - [2024-11-25T08:53:00.280+0000] {dagbag.py:588} INFO - Filling up the DagBag from /home/airflow/.local/lib/python3.12/site-packages/airflow/example_dags/example_params_ui_tutorial.py
[2024-11-25T08:53:00.291+0000] {processor.py:925} INFO - DAG(s) 'example_params_ui_tutorial' retrieved from /home/airflow/.local/lib/python3.12/site-packages/airflow/example_dags/example_params_ui_tutorial.py
[2024-11-25T08:53:00.343+0000] {logging_mixin.py:190} INFO - [2024-11-25T08:53:00.343+0000] {dag.py:3239} INFO - Sync 1 DAGs
[2024-11-25T08:53:00.359+0000] {logging_mixin.py:190} INFO - [2024-11-25T08:53:00.358+0000] {dag.py:4180} INFO - Setting next_dagrun for example_params_ui_tutorial to None, run_after=None
[2024-11-25T08:53:00.380+0000] {processor.py:208} INFO - Processing /home/airflow/.local/lib/python3.12/site-packages/airflow/example_dags/example_params_ui_tutorial.py took 0.114 seconds
[2024-11-25T08:53:30.754+0000] {processor.py:186} INFO - Started process (PID=7297) to work on /home/airflow/.local/lib/python3.12/site-packages/airflow/example_dags/example_params_ui_tutorial.py
[2024-11-25T08:53:30.755+0000] {processor.py:914} INFO - Processing file /home/airflow/.local/lib/python3.12/site-packages/airflow/example_dags/example_params_ui_tutorial.py for tasks to queue
[2024-11-25T08:53:30.757+0000] {logging_mixin.py:190} INFO - [2024-11-25T08:53:30.757+0000] {dagbag.py:588} INFO - Filling up the DagBag from /home/airflow/.local/lib/python3.12/site-packages/airflow/example_dags/example_params_ui_tutorial.py
[2024-11-25T08:53:30.767+0000] {processor.py:925} INFO - DAG(s) 'example_params_ui_tutorial' retrieved from /home/airflow/.local/lib/python3.12/site-packages/airflow/example_dags/example_params_ui_tutorial.py
[2024-11-25T08:53:30.814+0000] {logging_mixin.py:190} INFO - [2024-11-25T08:53:30.814+0000] {dag.py:3239} INFO - Sync 1 DAGs
[2024-11-25T08:53:30.839+0000] {logging_mixin.py:190} INFO - [2024-11-25T08:53:30.839+0000] {dag.py:4180} INFO - Setting next_dagrun for example_params_ui_tutorial to None, run_after=None
[2024-11-25T08:53:30.867+0000] {processor.py:208} INFO - Processing /home/airflow/.local/lib/python3.12/site-packages/airflow/example_dags/example_params_ui_tutorial.py took 0.119 seconds
[2024-11-25T08:54:01.908+0000] {processor.py:186} INFO - Started process (PID=7598) to work on /home/airflow/.local/lib/python3.12/site-packages/airflow/example_dags/example_params_ui_tutorial.py
[2024-11-25T08:54:01.910+0000] {processor.py:914} INFO - Processing file /home/airflow/.local/lib/python3.12/site-packages/airflow/example_dags/example_params_ui_tutorial.py for tasks to queue
[2024-11-25T08:54:01.914+0000] {logging_mixin.py:190} INFO - [2024-11-25T08:54:01.913+0000] {dagbag.py:588} INFO - Filling up the DagBag from /home/airflow/.local/lib/python3.12/site-packages/airflow/example_dags/example_params_ui_tutorial.py
[2024-11-25T08:54:01.933+0000] {processor.py:925} INFO - DAG(s) 'example_params_ui_tutorial' retrieved from /home/airflow/.local/lib/python3.12/site-packages/airflow/example_dags/example_params_ui_tutorial.py
[2024-11-25T08:54:02.022+0000] {logging_mixin.py:190} INFO - [2024-11-25T08:54:02.021+0000] {dag.py:3239} INFO - Sync 1 DAGs
[2024-11-25T08:54:02.052+0000] {logging_mixin.py:190} INFO - [2024-11-25T08:54:02.051+0000] {dag.py:4180} INFO - Setting next_dagrun for example_params_ui_tutorial to None, run_after=None
[2024-11-25T08:54:02.082+0000] {processor.py:208} INFO - Processing /home/airflow/.local/lib/python3.12/site-packages/airflow/example_dags/example_params_ui_tutorial.py took 0.193 seconds
[2024-11-25T08:54:32.802+0000] {processor.py:186} INFO - Started process (PID=7898) to work on /home/airflow/.local/lib/python3.12/site-packages/airflow/example_dags/example_params_ui_tutorial.py
[2024-11-25T08:54:32.803+0000] {processor.py:914} INFO - Processing file /home/airflow/.local/lib/python3.12/site-packages/airflow/example_dags/example_params_ui_tutorial.py for tasks to queue
[2024-11-25T08:54:32.806+0000] {logging_mixin.py:190} INFO - [2024-11-25T08:54:32.805+0000] {dagbag.py:588} INFO - Filling up the DagBag from /home/airflow/.local/lib/python3.12/site-packages/airflow/example_dags/example_params_ui_tutorial.py
[2024-11-25T08:54:32.815+0000] {processor.py:925} INFO - DAG(s) 'example_params_ui_tutorial' retrieved from /home/airflow/.local/lib/python3.12/site-packages/airflow/example_dags/example_params_ui_tutorial.py
[2024-11-25T08:54:32.868+0000] {logging_mixin.py:190} INFO - [2024-11-25T08:54:32.867+0000] {dag.py:3239} INFO - Sync 1 DAGs
[2024-11-25T08:54:32.882+0000] {logging_mixin.py:190} INFO - [2024-11-25T08:54:32.882+0000] {dag.py:4180} INFO - Setting next_dagrun for example_params_ui_tutorial to None, run_after=None
[2024-11-25T08:54:32.903+0000] {processor.py:208} INFO - Processing /home/airflow/.local/lib/python3.12/site-packages/airflow/example_dags/example_params_ui_tutorial.py took 0.106 seconds
[2024-11-25T08:55:03.553+0000] {processor.py:186} INFO - Started process (PID=8200) to work on /home/airflow/.local/lib/python3.12/site-packages/airflow/example_dags/example_params_ui_tutorial.py
[2024-11-25T08:55:03.555+0000] {processor.py:914} INFO - Processing file /home/airflow/.local/lib/python3.12/site-packages/airflow/example_dags/example_params_ui_tutorial.py for tasks to queue
[2024-11-25T08:55:03.559+0000] {logging_mixin.py:190} INFO - [2024-11-25T08:55:03.558+0000] {dagbag.py:588} INFO - Filling up the DagBag from /home/airflow/.local/lib/python3.12/site-packages/airflow/example_dags/example_params_ui_tutorial.py
[2024-11-25T08:55:03.574+0000] {processor.py:925} INFO - DAG(s) 'example_params_ui_tutorial' retrieved from /home/airflow/.local/lib/python3.12/site-packages/airflow/example_dags/example_params_ui_tutorial.py
[2024-11-25T08:55:03.658+0000] {logging_mixin.py:190} INFO - [2024-11-25T08:55:03.658+0000] {dag.py:3239} INFO - Sync 1 DAGs
[2024-11-25T08:55:03.696+0000] {logging_mixin.py:190} INFO - [2024-11-25T08:55:03.696+0000] {dag.py:4180} INFO - Setting next_dagrun for example_params_ui_tutorial to None, run_after=None
[2024-11-25T08:55:03.750+0000] {processor.py:208} INFO - Processing /home/airflow/.local/lib/python3.12/site-packages/airflow/example_dags/example_params_ui_tutorial.py took 0.203 seconds
[2024-11-25T08:55:33.811+0000] {processor.py:186} INFO - Started process (PID=8502) to work on /home/airflow/.local/lib/python3.12/site-packages/airflow/example_dags/example_params_ui_tutorial.py
[2024-11-25T08:55:33.812+0000] {processor.py:914} INFO - Processing file /home/airflow/.local/lib/python3.12/site-packages/airflow/example_dags/example_params_ui_tutorial.py for tasks to queue
[2024-11-25T08:55:33.815+0000] {logging_mixin.py:190} INFO - [2024-11-25T08:55:33.814+0000] {dagbag.py:588} INFO - Filling up the DagBag from /home/airflow/.local/lib/python3.12/site-packages/airflow/example_dags/example_params_ui_tutorial.py
[2024-11-25T08:55:33.823+0000] {processor.py:925} INFO - DAG(s) 'example_params_ui_tutorial' retrieved from /home/airflow/.local/lib/python3.12/site-packages/airflow/example_dags/example_params_ui_tutorial.py
[2024-11-25T08:55:33.874+0000] {logging_mixin.py:190} INFO - [2024-11-25T08:55:33.874+0000] {dag.py:3239} INFO - Sync 1 DAGs
[2024-11-25T08:55:33.892+0000] {logging_mixin.py:190} INFO - [2024-11-25T08:55:33.891+0000] {dag.py:4180} INFO - Setting next_dagrun for example_params_ui_tutorial to None, run_after=None
[2024-11-25T08:55:33.917+0000] {processor.py:208} INFO - Processing /home/airflow/.local/lib/python3.12/site-packages/airflow/example_dags/example_params_ui_tutorial.py took 0.112 seconds
[2024-11-25T08:56:04.558+0000] {processor.py:186} INFO - Started process (PID=8802) to work on /home/airflow/.local/lib/python3.12/site-packages/airflow/example_dags/example_params_ui_tutorial.py
[2024-11-25T08:56:04.559+0000] {processor.py:914} INFO - Processing file /home/airflow/.local/lib/python3.12/site-packages/airflow/example_dags/example_params_ui_tutorial.py for tasks to queue
[2024-11-25T08:56:04.562+0000] {logging_mixin.py:190} INFO - [2024-11-25T08:56:04.562+0000] {dagbag.py:588} INFO - Filling up the DagBag from /home/airflow/.local/lib/python3.12/site-packages/airflow/example_dags/example_params_ui_tutorial.py
[2024-11-25T08:56:04.573+0000] {processor.py:925} INFO - DAG(s) 'example_params_ui_tutorial' retrieved from /home/airflow/.local/lib/python3.12/site-packages/airflow/example_dags/example_params_ui_tutorial.py
[2024-11-25T08:56:04.641+0000] {logging_mixin.py:190} INFO - [2024-11-25T08:56:04.641+0000] {dag.py:3239} INFO - Sync 1 DAGs
[2024-11-25T08:56:04.669+0000] {logging_mixin.py:190} INFO - [2024-11-25T08:56:04.669+0000] {dag.py:4180} INFO - Setting next_dagrun for example_params_ui_tutorial to None, run_after=None
[2024-11-25T08:56:04.694+0000] {processor.py:208} INFO - Processing /home/airflow/.local/lib/python3.12/site-packages/airflow/example_dags/example_params_ui_tutorial.py took 0.142 seconds
[2024-11-25T08:56:34.823+0000] {processor.py:186} INFO - Started process (PID=9103) to work on /home/airflow/.local/lib/python3.12/site-packages/airflow/example_dags/example_params_ui_tutorial.py
[2024-11-25T08:56:34.824+0000] {processor.py:914} INFO - Processing file /home/airflow/.local/lib/python3.12/site-packages/airflow/example_dags/example_params_ui_tutorial.py for tasks to queue
[2024-11-25T08:56:34.829+0000] {logging_mixin.py:190} INFO - [2024-11-25T08:56:34.829+0000] {dagbag.py:588} INFO - Filling up the DagBag from /home/airflow/.local/lib/python3.12/site-packages/airflow/example_dags/example_params_ui_tutorial.py
[2024-11-25T08:56:34.842+0000] {processor.py:925} INFO - DAG(s) 'example_params_ui_tutorial' retrieved from /home/airflow/.local/lib/python3.12/site-packages/airflow/example_dags/example_params_ui_tutorial.py
[2024-11-25T08:56:34.895+0000] {logging_mixin.py:190} INFO - [2024-11-25T08:56:34.894+0000] {dag.py:3239} INFO - Sync 1 DAGs
[2024-11-25T08:56:34.912+0000] {logging_mixin.py:190} INFO - [2024-11-25T08:56:34.912+0000] {dag.py:4180} INFO - Setting next_dagrun for example_params_ui_tutorial to None, run_after=None
[2024-11-25T08:56:34.934+0000] {processor.py:208} INFO - Processing /home/airflow/.local/lib/python3.12/site-packages/airflow/example_dags/example_params_ui_tutorial.py took 0.116 seconds
[2024-11-25T08:57:05.128+0000] {processor.py:186} INFO - Started process (PID=9404) to work on /home/airflow/.local/lib/python3.12/site-packages/airflow/example_dags/example_params_ui_tutorial.py
[2024-11-25T08:57:05.130+0000] {processor.py:914} INFO - Processing file /home/airflow/.local/lib/python3.12/site-packages/airflow/example_dags/example_params_ui_tutorial.py for tasks to queue
[2024-11-25T08:57:05.132+0000] {logging_mixin.py:190} INFO - [2024-11-25T08:57:05.132+0000] {dagbag.py:588} INFO - Filling up the DagBag from /home/airflow/.local/lib/python3.12/site-packages/airflow/example_dags/example_params_ui_tutorial.py
[2024-11-25T08:57:05.141+0000] {processor.py:925} INFO - DAG(s) 'example_params_ui_tutorial' retrieved from /home/airflow/.local/lib/python3.12/site-packages/airflow/example_dags/example_params_ui_tutorial.py
[2024-11-25T08:57:05.193+0000] {logging_mixin.py:190} INFO - [2024-11-25T08:57:05.193+0000] {dag.py:3239} INFO - Sync 1 DAGs
[2024-11-25T08:57:05.212+0000] {logging_mixin.py:190} INFO - [2024-11-25T08:57:05.211+0000] {dag.py:4180} INFO - Setting next_dagrun for example_params_ui_tutorial to None, run_after=None
[2024-11-25T08:57:05.234+0000] {processor.py:208} INFO - Processing /home/airflow/.local/lib/python3.12/site-packages/airflow/example_dags/example_params_ui_tutorial.py took 0.111 seconds
[2024-11-25T08:57:35.993+0000] {processor.py:186} INFO - Started process (PID=9705) to work on /home/airflow/.local/lib/python3.12/site-packages/airflow/example_dags/example_params_ui_tutorial.py
[2024-11-25T08:57:35.994+0000] {processor.py:914} INFO - Processing file /home/airflow/.local/lib/python3.12/site-packages/airflow/example_dags/example_params_ui_tutorial.py for tasks to queue
[2024-11-25T08:57:35.997+0000] {logging_mixin.py:190} INFO - [2024-11-25T08:57:35.997+0000] {dagbag.py:588} INFO - Filling up the DagBag from /home/airflow/.local/lib/python3.12/site-packages/airflow/example_dags/example_params_ui_tutorial.py
[2024-11-25T08:57:36.012+0000] {processor.py:925} INFO - DAG(s) 'example_params_ui_tutorial' retrieved from /home/airflow/.local/lib/python3.12/site-packages/airflow/example_dags/example_params_ui_tutorial.py
[2024-11-25T08:57:36.090+0000] {logging_mixin.py:190} INFO - [2024-11-25T08:57:36.089+0000] {dag.py:3239} INFO - Sync 1 DAGs
[2024-11-25T08:57:36.119+0000] {logging_mixin.py:190} INFO - [2024-11-25T08:57:36.119+0000] {dag.py:4180} INFO - Setting next_dagrun for example_params_ui_tutorial to None, run_after=None
[2024-11-25T08:57:36.144+0000] {processor.py:208} INFO - Processing /home/airflow/.local/lib/python3.12/site-packages/airflow/example_dags/example_params_ui_tutorial.py took 0.157 seconds
[2024-11-25T08:58:06.543+0000] {processor.py:186} INFO - Started process (PID=10006) to work on /home/airflow/.local/lib/python3.12/site-packages/airflow/example_dags/example_params_ui_tutorial.py
[2024-11-25T08:58:06.544+0000] {processor.py:914} INFO - Processing file /home/airflow/.local/lib/python3.12/site-packages/airflow/example_dags/example_params_ui_tutorial.py for tasks to queue
[2024-11-25T08:58:06.546+0000] {logging_mixin.py:190} INFO - [2024-11-25T08:58:06.546+0000] {dagbag.py:588} INFO - Filling up the DagBag from /home/airflow/.local/lib/python3.12/site-packages/airflow/example_dags/example_params_ui_tutorial.py
[2024-11-25T08:58:06.558+0000] {processor.py:925} INFO - DAG(s) 'example_params_ui_tutorial' retrieved from /home/airflow/.local/lib/python3.12/site-packages/airflow/example_dags/example_params_ui_tutorial.py
[2024-11-25T08:58:06.637+0000] {logging_mixin.py:190} INFO - [2024-11-25T08:58:06.636+0000] {dag.py:3239} INFO - Sync 1 DAGs
[2024-11-25T08:58:06.666+0000] {logging_mixin.py:190} INFO - [2024-11-25T08:58:06.665+0000] {dag.py:4180} INFO - Setting next_dagrun for example_params_ui_tutorial to None, run_after=None
[2024-11-25T08:58:06.703+0000] {processor.py:208} INFO - Processing /home/airflow/.local/lib/python3.12/site-packages/airflow/example_dags/example_params_ui_tutorial.py took 0.166 seconds
[2024-11-25T08:58:36.883+0000] {processor.py:186} INFO - Started process (PID=10307) to work on /home/airflow/.local/lib/python3.12/site-packages/airflow/example_dags/example_params_ui_tutorial.py
[2024-11-25T08:58:36.887+0000] {processor.py:914} INFO - Processing file /home/airflow/.local/lib/python3.12/site-packages/airflow/example_dags/example_params_ui_tutorial.py for tasks to queue
[2024-11-25T08:58:36.893+0000] {logging_mixin.py:190} INFO - [2024-11-25T08:58:36.892+0000] {dagbag.py:588} INFO - Filling up the DagBag from /home/airflow/.local/lib/python3.12/site-packages/airflow/example_dags/example_params_ui_tutorial.py
[2024-11-25T08:58:36.910+0000] {processor.py:925} INFO - DAG(s) 'example_params_ui_tutorial' retrieved from /home/airflow/.local/lib/python3.12/site-packages/airflow/example_dags/example_params_ui_tutorial.py
[2024-11-25T08:58:36.992+0000] {logging_mixin.py:190} INFO - [2024-11-25T08:58:36.992+0000] {dag.py:3239} INFO - Sync 1 DAGs
[2024-11-25T08:58:37.011+0000] {logging_mixin.py:190} INFO - [2024-11-25T08:58:37.011+0000] {dag.py:4180} INFO - Setting next_dagrun for example_params_ui_tutorial to None, run_after=None
[2024-11-25T08:58:37.036+0000] {processor.py:208} INFO - Processing /home/airflow/.local/lib/python3.12/site-packages/airflow/example_dags/example_params_ui_tutorial.py took 0.165 seconds
[2024-11-25T08:59:07.178+0000] {processor.py:186} INFO - Started process (PID=10608) to work on /home/airflow/.local/lib/python3.12/site-packages/airflow/example_dags/example_params_ui_tutorial.py
[2024-11-25T08:59:07.179+0000] {processor.py:914} INFO - Processing file /home/airflow/.local/lib/python3.12/site-packages/airflow/example_dags/example_params_ui_tutorial.py for tasks to queue
[2024-11-25T08:59:07.181+0000] {logging_mixin.py:190} INFO - [2024-11-25T08:59:07.181+0000] {dagbag.py:588} INFO - Filling up the DagBag from /home/airflow/.local/lib/python3.12/site-packages/airflow/example_dags/example_params_ui_tutorial.py
[2024-11-25T08:59:07.192+0000] {processor.py:925} INFO - DAG(s) 'example_params_ui_tutorial' retrieved from /home/airflow/.local/lib/python3.12/site-packages/airflow/example_dags/example_params_ui_tutorial.py
[2024-11-25T08:59:07.242+0000] {logging_mixin.py:190} INFO - [2024-11-25T08:59:07.241+0000] {dag.py:3239} INFO - Sync 1 DAGs
[2024-11-25T08:59:07.261+0000] {logging_mixin.py:190} INFO - [2024-11-25T08:59:07.260+0000] {dag.py:4180} INFO - Setting next_dagrun for example_params_ui_tutorial to None, run_after=None
[2024-11-25T08:59:07.288+0000] {processor.py:208} INFO - Processing /home/airflow/.local/lib/python3.12/site-packages/airflow/example_dags/example_params_ui_tutorial.py took 0.116 seconds
[2024-11-25T08:59:37.640+0000] {processor.py:186} INFO - Started process (PID=10909) to work on /home/airflow/.local/lib/python3.12/site-packages/airflow/example_dags/example_params_ui_tutorial.py
[2024-11-25T08:59:37.641+0000] {processor.py:914} INFO - Processing file /home/airflow/.local/lib/python3.12/site-packages/airflow/example_dags/example_params_ui_tutorial.py for tasks to queue
[2024-11-25T08:59:37.645+0000] {logging_mixin.py:190} INFO - [2024-11-25T08:59:37.645+0000] {dagbag.py:588} INFO - Filling up the DagBag from /home/airflow/.local/lib/python3.12/site-packages/airflow/example_dags/example_params_ui_tutorial.py
[2024-11-25T08:59:37.659+0000] {processor.py:925} INFO - DAG(s) 'example_params_ui_tutorial' retrieved from /home/airflow/.local/lib/python3.12/site-packages/airflow/example_dags/example_params_ui_tutorial.py
[2024-11-25T08:59:37.723+0000] {logging_mixin.py:190} INFO - [2024-11-25T08:59:37.723+0000] {dag.py:3239} INFO - Sync 1 DAGs
[2024-11-25T08:59:37.739+0000] {logging_mixin.py:190} INFO - [2024-11-25T08:59:37.738+0000] {dag.py:4180} INFO - Setting next_dagrun for example_params_ui_tutorial to None, run_after=None
[2024-11-25T08:59:37.758+0000] {processor.py:208} INFO - Processing /home/airflow/.local/lib/python3.12/site-packages/airflow/example_dags/example_params_ui_tutorial.py took 0.126 seconds
[2024-11-25T09:00:08.147+0000] {processor.py:186} INFO - Started process (PID=11210) to work on /home/airflow/.local/lib/python3.12/site-packages/airflow/example_dags/example_params_ui_tutorial.py
[2024-11-25T09:00:08.148+0000] {processor.py:914} INFO - Processing file /home/airflow/.local/lib/python3.12/site-packages/airflow/example_dags/example_params_ui_tutorial.py for tasks to queue
[2024-11-25T09:00:08.150+0000] {logging_mixin.py:190} INFO - [2024-11-25T09:00:08.150+0000] {dagbag.py:588} INFO - Filling up the DagBag from /home/airflow/.local/lib/python3.12/site-packages/airflow/example_dags/example_params_ui_tutorial.py
[2024-11-25T09:00:08.160+0000] {processor.py:925} INFO - DAG(s) 'example_params_ui_tutorial' retrieved from /home/airflow/.local/lib/python3.12/site-packages/airflow/example_dags/example_params_ui_tutorial.py
[2024-11-25T09:00:08.219+0000] {logging_mixin.py:190} INFO - [2024-11-25T09:00:08.219+0000] {dag.py:3239} INFO - Sync 1 DAGs
[2024-11-25T09:00:08.241+0000] {logging_mixin.py:190} INFO - [2024-11-25T09:00:08.240+0000] {dag.py:4180} INFO - Setting next_dagrun for example_params_ui_tutorial to None, run_after=None
[2024-11-25T09:00:08.264+0000] {processor.py:208} INFO - Processing /home/airflow/.local/lib/python3.12/site-packages/airflow/example_dags/example_params_ui_tutorial.py took 0.122 seconds
[2024-11-25T09:00:38.635+0000] {processor.py:186} INFO - Started process (PID=11511) to work on /home/airflow/.local/lib/python3.12/site-packages/airflow/example_dags/example_params_ui_tutorial.py
[2024-11-25T09:00:38.637+0000] {processor.py:914} INFO - Processing file /home/airflow/.local/lib/python3.12/site-packages/airflow/example_dags/example_params_ui_tutorial.py for tasks to queue
[2024-11-25T09:00:38.639+0000] {logging_mixin.py:190} INFO - [2024-11-25T09:00:38.639+0000] {dagbag.py:588} INFO - Filling up the DagBag from /home/airflow/.local/lib/python3.12/site-packages/airflow/example_dags/example_params_ui_tutorial.py
[2024-11-25T09:00:38.651+0000] {processor.py:925} INFO - DAG(s) 'example_params_ui_tutorial' retrieved from /home/airflow/.local/lib/python3.12/site-packages/airflow/example_dags/example_params_ui_tutorial.py
[2024-11-25T09:00:38.707+0000] {logging_mixin.py:190} INFO - [2024-11-25T09:00:38.706+0000] {dag.py:3239} INFO - Sync 1 DAGs
[2024-11-25T09:00:38.726+0000] {logging_mixin.py:190} INFO - [2024-11-25T09:00:38.726+0000] {dag.py:4180} INFO - Setting next_dagrun for example_params_ui_tutorial to None, run_after=None
[2024-11-25T09:00:38.750+0000] {processor.py:208} INFO - Processing /home/airflow/.local/lib/python3.12/site-packages/airflow/example_dags/example_params_ui_tutorial.py took 0.120 seconds
[2024-11-25T09:01:09.540+0000] {processor.py:186} INFO - Started process (PID=11807) to work on /home/airflow/.local/lib/python3.12/site-packages/airflow/example_dags/example_params_ui_tutorial.py
[2024-11-25T09:01:09.541+0000] {processor.py:914} INFO - Processing file /home/airflow/.local/lib/python3.12/site-packages/airflow/example_dags/example_params_ui_tutorial.py for tasks to queue
[2024-11-25T09:01:09.544+0000] {logging_mixin.py:190} INFO - [2024-11-25T09:01:09.543+0000] {dagbag.py:588} INFO - Filling up the DagBag from /home/airflow/.local/lib/python3.12/site-packages/airflow/example_dags/example_params_ui_tutorial.py
[2024-11-25T09:01:09.552+0000] {processor.py:925} INFO - DAG(s) 'example_params_ui_tutorial' retrieved from /home/airflow/.local/lib/python3.12/site-packages/airflow/example_dags/example_params_ui_tutorial.py
[2024-11-25T09:01:09.600+0000] {logging_mixin.py:190} INFO - [2024-11-25T09:01:09.600+0000] {dag.py:3239} INFO - Sync 1 DAGs
[2024-11-25T09:01:09.625+0000] {logging_mixin.py:190} INFO - [2024-11-25T09:01:09.624+0000] {dag.py:4180} INFO - Setting next_dagrun for example_params_ui_tutorial to None, run_after=None
[2024-11-25T09:01:09.647+0000] {processor.py:208} INFO - Processing /home/airflow/.local/lib/python3.12/site-packages/airflow/example_dags/example_params_ui_tutorial.py took 0.113 seconds
[2024-11-25T09:01:39.828+0000] {processor.py:186} INFO - Started process (PID=12108) to work on /home/airflow/.local/lib/python3.12/site-packages/airflow/example_dags/example_params_ui_tutorial.py
[2024-11-25T09:01:39.830+0000] {processor.py:914} INFO - Processing file /home/airflow/.local/lib/python3.12/site-packages/airflow/example_dags/example_params_ui_tutorial.py for tasks to queue
[2024-11-25T09:01:39.833+0000] {logging_mixin.py:190} INFO - [2024-11-25T09:01:39.832+0000] {dagbag.py:588} INFO - Filling up the DagBag from /home/airflow/.local/lib/python3.12/site-packages/airflow/example_dags/example_params_ui_tutorial.py
[2024-11-25T09:01:39.848+0000] {processor.py:925} INFO - DAG(s) 'example_params_ui_tutorial' retrieved from /home/airflow/.local/lib/python3.12/site-packages/airflow/example_dags/example_params_ui_tutorial.py
[2024-11-25T09:01:39.907+0000] {logging_mixin.py:190} INFO - [2024-11-25T09:01:39.907+0000] {dag.py:3239} INFO - Sync 1 DAGs
[2024-11-25T09:01:39.929+0000] {logging_mixin.py:190} INFO - [2024-11-25T09:01:39.929+0000] {dag.py:4180} INFO - Setting next_dagrun for example_params_ui_tutorial to None, run_after=None
[2024-11-25T09:01:39.969+0000] {processor.py:208} INFO - Processing /home/airflow/.local/lib/python3.12/site-packages/airflow/example_dags/example_params_ui_tutorial.py took 0.149 seconds
[2024-11-25T09:02:10.208+0000] {processor.py:186} INFO - Started process (PID=12412) to work on /home/airflow/.local/lib/python3.12/site-packages/airflow/example_dags/example_params_ui_tutorial.py
[2024-11-25T09:02:10.209+0000] {processor.py:914} INFO - Processing file /home/airflow/.local/lib/python3.12/site-packages/airflow/example_dags/example_params_ui_tutorial.py for tasks to queue
[2024-11-25T09:02:10.212+0000] {logging_mixin.py:190} INFO - [2024-11-25T09:02:10.211+0000] {dagbag.py:588} INFO - Filling up the DagBag from /home/airflow/.local/lib/python3.12/site-packages/airflow/example_dags/example_params_ui_tutorial.py
[2024-11-25T09:02:10.222+0000] {processor.py:925} INFO - DAG(s) 'example_params_ui_tutorial' retrieved from /home/airflow/.local/lib/python3.12/site-packages/airflow/example_dags/example_params_ui_tutorial.py
[2024-11-25T09:02:10.292+0000] {logging_mixin.py:190} INFO - [2024-11-25T09:02:10.291+0000] {dag.py:3239} INFO - Sync 1 DAGs
[2024-11-25T09:02:10.319+0000] {logging_mixin.py:190} INFO - [2024-11-25T09:02:10.319+0000] {dag.py:4180} INFO - Setting next_dagrun for example_params_ui_tutorial to None, run_after=None
[2024-11-25T09:02:10.358+0000] {processor.py:208} INFO - Processing /home/airflow/.local/lib/python3.12/site-packages/airflow/example_dags/example_params_ui_tutorial.py took 0.159 seconds
[2024-11-25T09:02:40.539+0000] {processor.py:186} INFO - Started process (PID=12711) to work on /home/airflow/.local/lib/python3.12/site-packages/airflow/example_dags/example_params_ui_tutorial.py
[2024-11-25T09:02:40.540+0000] {processor.py:914} INFO - Processing file /home/airflow/.local/lib/python3.12/site-packages/airflow/example_dags/example_params_ui_tutorial.py for tasks to queue
[2024-11-25T09:02:40.544+0000] {logging_mixin.py:190} INFO - [2024-11-25T09:02:40.544+0000] {dagbag.py:588} INFO - Filling up the DagBag from /home/airflow/.local/lib/python3.12/site-packages/airflow/example_dags/example_params_ui_tutorial.py
[2024-11-25T09:02:40.556+0000] {processor.py:925} INFO - DAG(s) 'example_params_ui_tutorial' retrieved from /home/airflow/.local/lib/python3.12/site-packages/airflow/example_dags/example_params_ui_tutorial.py
[2024-11-25T09:02:40.610+0000] {logging_mixin.py:190} INFO - [2024-11-25T09:02:40.610+0000] {dag.py:3239} INFO - Sync 1 DAGs
[2024-11-25T09:02:40.631+0000] {logging_mixin.py:190} INFO - [2024-11-25T09:02:40.630+0000] {dag.py:4180} INFO - Setting next_dagrun for example_params_ui_tutorial to None, run_after=None
[2024-11-25T09:02:40.656+0000] {processor.py:208} INFO - Processing /home/airflow/.local/lib/python3.12/site-packages/airflow/example_dags/example_params_ui_tutorial.py took 0.126 seconds
[2024-11-25T09:03:10.970+0000] {processor.py:186} INFO - Started process (PID=13013) to work on /home/airflow/.local/lib/python3.12/site-packages/airflow/example_dags/example_params_ui_tutorial.py
[2024-11-25T09:03:10.971+0000] {processor.py:914} INFO - Processing file /home/airflow/.local/lib/python3.12/site-packages/airflow/example_dags/example_params_ui_tutorial.py for tasks to queue
[2024-11-25T09:03:10.975+0000] {logging_mixin.py:190} INFO - [2024-11-25T09:03:10.974+0000] {dagbag.py:588} INFO - Filling up the DagBag from /home/airflow/.local/lib/python3.12/site-packages/airflow/example_dags/example_params_ui_tutorial.py
[2024-11-25T09:03:10.984+0000] {processor.py:925} INFO - DAG(s) 'example_params_ui_tutorial' retrieved from /home/airflow/.local/lib/python3.12/site-packages/airflow/example_dags/example_params_ui_tutorial.py
[2024-11-25T09:03:11.038+0000] {logging_mixin.py:190} INFO - [2024-11-25T09:03:11.038+0000] {dag.py:3239} INFO - Sync 1 DAGs
[2024-11-25T09:03:11.054+0000] {logging_mixin.py:190} INFO - [2024-11-25T09:03:11.053+0000] {dag.py:4180} INFO - Setting next_dagrun for example_params_ui_tutorial to None, run_after=None
[2024-11-25T09:03:11.076+0000] {processor.py:208} INFO - Processing /home/airflow/.local/lib/python3.12/site-packages/airflow/example_dags/example_params_ui_tutorial.py took 0.114 seconds
[2024-11-25T09:03:42.133+0000] {processor.py:186} INFO - Started process (PID=13314) to work on /home/airflow/.local/lib/python3.12/site-packages/airflow/example_dags/example_params_ui_tutorial.py
[2024-11-25T09:03:42.134+0000] {processor.py:914} INFO - Processing file /home/airflow/.local/lib/python3.12/site-packages/airflow/example_dags/example_params_ui_tutorial.py for tasks to queue
[2024-11-25T09:03:42.136+0000] {logging_mixin.py:190} INFO - [2024-11-25T09:03:42.136+0000] {dagbag.py:588} INFO - Filling up the DagBag from /home/airflow/.local/lib/python3.12/site-packages/airflow/example_dags/example_params_ui_tutorial.py
[2024-11-25T09:03:42.145+0000] {processor.py:925} INFO - DAG(s) 'example_params_ui_tutorial' retrieved from /home/airflow/.local/lib/python3.12/site-packages/airflow/example_dags/example_params_ui_tutorial.py
[2024-11-25T09:03:42.195+0000] {logging_mixin.py:190} INFO - [2024-11-25T09:03:42.194+0000] {dag.py:3239} INFO - Sync 1 DAGs
[2024-11-25T09:03:42.210+0000] {logging_mixin.py:190} INFO - [2024-11-25T09:03:42.210+0000] {dag.py:4180} INFO - Setting next_dagrun for example_params_ui_tutorial to None, run_after=None
[2024-11-25T09:03:42.230+0000] {processor.py:208} INFO - Processing /home/airflow/.local/lib/python3.12/site-packages/airflow/example_dags/example_params_ui_tutorial.py took 0.102 seconds
[2024-11-25T09:04:12.315+0000] {processor.py:186} INFO - Started process (PID=13612) to work on /home/airflow/.local/lib/python3.12/site-packages/airflow/example_dags/example_params_ui_tutorial.py
[2024-11-25T09:04:12.316+0000] {processor.py:914} INFO - Processing file /home/airflow/.local/lib/python3.12/site-packages/airflow/example_dags/example_params_ui_tutorial.py for tasks to queue
[2024-11-25T09:04:12.319+0000] {logging_mixin.py:190} INFO - [2024-11-25T09:04:12.319+0000] {dagbag.py:588} INFO - Filling up the DagBag from /home/airflow/.local/lib/python3.12/site-packages/airflow/example_dags/example_params_ui_tutorial.py
[2024-11-25T09:04:12.331+0000] {processor.py:925} INFO - DAG(s) 'example_params_ui_tutorial' retrieved from /home/airflow/.local/lib/python3.12/site-packages/airflow/example_dags/example_params_ui_tutorial.py
[2024-11-25T09:04:12.392+0000] {logging_mixin.py:190} INFO - [2024-11-25T09:04:12.391+0000] {dag.py:3239} INFO - Sync 1 DAGs
[2024-11-25T09:04:12.408+0000] {logging_mixin.py:190} INFO - [2024-11-25T09:04:12.407+0000] {dag.py:4180} INFO - Setting next_dagrun for example_params_ui_tutorial to None, run_after=None
[2024-11-25T09:04:12.432+0000] {processor.py:208} INFO - Processing /home/airflow/.local/lib/python3.12/site-packages/airflow/example_dags/example_params_ui_tutorial.py took 0.123 seconds
[2024-11-25T09:04:42.525+0000] {processor.py:186} INFO - Started process (PID=13913) to work on /home/airflow/.local/lib/python3.12/site-packages/airflow/example_dags/example_params_ui_tutorial.py
[2024-11-25T09:04:42.527+0000] {processor.py:914} INFO - Processing file /home/airflow/.local/lib/python3.12/site-packages/airflow/example_dags/example_params_ui_tutorial.py for tasks to queue
[2024-11-25T09:04:42.530+0000] {logging_mixin.py:190} INFO - [2024-11-25T09:04:42.529+0000] {dagbag.py:588} INFO - Filling up the DagBag from /home/airflow/.local/lib/python3.12/site-packages/airflow/example_dags/example_params_ui_tutorial.py
[2024-11-25T09:04:42.543+0000] {processor.py:925} INFO - DAG(s) 'example_params_ui_tutorial' retrieved from /home/airflow/.local/lib/python3.12/site-packages/airflow/example_dags/example_params_ui_tutorial.py
[2024-11-25T09:04:42.603+0000] {logging_mixin.py:190} INFO - [2024-11-25T09:04:42.602+0000] {dag.py:3239} INFO - Sync 1 DAGs
[2024-11-25T09:04:42.618+0000] {logging_mixin.py:190} INFO - [2024-11-25T09:04:42.618+0000] {dag.py:4180} INFO - Setting next_dagrun for example_params_ui_tutorial to None, run_after=None
[2024-11-25T09:04:42.640+0000] {processor.py:208} INFO - Processing /home/airflow/.local/lib/python3.12/site-packages/airflow/example_dags/example_params_ui_tutorial.py took 0.120 seconds
[2024-11-25T09:05:13.266+0000] {processor.py:186} INFO - Started process (PID=14212) to work on /home/airflow/.local/lib/python3.12/site-packages/airflow/example_dags/example_params_ui_tutorial.py
[2024-11-25T09:05:13.268+0000] {processor.py:914} INFO - Processing file /home/airflow/.local/lib/python3.12/site-packages/airflow/example_dags/example_params_ui_tutorial.py for tasks to queue
[2024-11-25T09:05:13.272+0000] {logging_mixin.py:190} INFO - [2024-11-25T09:05:13.271+0000] {dagbag.py:588} INFO - Filling up the DagBag from /home/airflow/.local/lib/python3.12/site-packages/airflow/example_dags/example_params_ui_tutorial.py
[2024-11-25T09:05:13.287+0000] {processor.py:925} INFO - DAG(s) 'example_params_ui_tutorial' retrieved from /home/airflow/.local/lib/python3.12/site-packages/airflow/example_dags/example_params_ui_tutorial.py
[2024-11-25T09:05:13.370+0000] {logging_mixin.py:190} INFO - [2024-11-25T09:05:13.370+0000] {dag.py:3239} INFO - Sync 1 DAGs
[2024-11-25T09:05:13.397+0000] {logging_mixin.py:190} INFO - [2024-11-25T09:05:13.397+0000] {dag.py:4180} INFO - Setting next_dagrun for example_params_ui_tutorial to None, run_after=None
[2024-11-25T09:05:13.429+0000] {processor.py:208} INFO - Processing /home/airflow/.local/lib/python3.12/site-packages/airflow/example_dags/example_params_ui_tutorial.py took 0.172 seconds
[2024-11-25T09:05:44.240+0000] {processor.py:186} INFO - Started process (PID=14513) to work on /home/airflow/.local/lib/python3.12/site-packages/airflow/example_dags/example_params_ui_tutorial.py
[2024-11-25T09:05:44.242+0000] {processor.py:914} INFO - Processing file /home/airflow/.local/lib/python3.12/site-packages/airflow/example_dags/example_params_ui_tutorial.py for tasks to queue
[2024-11-25T09:05:44.244+0000] {logging_mixin.py:190} INFO - [2024-11-25T09:05:44.244+0000] {dagbag.py:588} INFO - Filling up the DagBag from /home/airflow/.local/lib/python3.12/site-packages/airflow/example_dags/example_params_ui_tutorial.py
[2024-11-25T09:05:44.253+0000] {processor.py:925} INFO - DAG(s) 'example_params_ui_tutorial' retrieved from /home/airflow/.local/lib/python3.12/site-packages/airflow/example_dags/example_params_ui_tutorial.py
[2024-11-25T09:05:44.302+0000] {logging_mixin.py:190} INFO - [2024-11-25T09:05:44.301+0000] {dag.py:3239} INFO - Sync 1 DAGs
[2024-11-25T09:05:44.317+0000] {logging_mixin.py:190} INFO - [2024-11-25T09:05:44.317+0000] {dag.py:4180} INFO - Setting next_dagrun for example_params_ui_tutorial to None, run_after=None
[2024-11-25T09:05:44.339+0000] {processor.py:208} INFO - Processing /home/airflow/.local/lib/python3.12/site-packages/airflow/example_dags/example_params_ui_tutorial.py took 0.104 seconds
[2024-11-25T09:06:15.049+0000] {processor.py:186} INFO - Started process (PID=14815) to work on /home/airflow/.local/lib/python3.12/site-packages/airflow/example_dags/example_params_ui_tutorial.py
[2024-11-25T09:06:15.050+0000] {processor.py:914} INFO - Processing file /home/airflow/.local/lib/python3.12/site-packages/airflow/example_dags/example_params_ui_tutorial.py for tasks to queue
[2024-11-25T09:06:15.052+0000] {logging_mixin.py:190} INFO - [2024-11-25T09:06:15.052+0000] {dagbag.py:588} INFO - Filling up the DagBag from /home/airflow/.local/lib/python3.12/site-packages/airflow/example_dags/example_params_ui_tutorial.py
[2024-11-25T09:06:15.061+0000] {processor.py:925} INFO - DAG(s) 'example_params_ui_tutorial' retrieved from /home/airflow/.local/lib/python3.12/site-packages/airflow/example_dags/example_params_ui_tutorial.py
[2024-11-25T09:06:15.114+0000] {logging_mixin.py:190} INFO - [2024-11-25T09:06:15.113+0000] {dag.py:3239} INFO - Sync 1 DAGs
[2024-11-25T09:06:15.141+0000] {logging_mixin.py:190} INFO - [2024-11-25T09:06:15.141+0000] {dag.py:4180} INFO - Setting next_dagrun for example_params_ui_tutorial to None, run_after=None
[2024-11-25T09:06:15.166+0000] {processor.py:208} INFO - Processing /home/airflow/.local/lib/python3.12/site-packages/airflow/example_dags/example_params_ui_tutorial.py took 0.123 seconds
[2024-11-25T09:06:45.803+0000] {processor.py:186} INFO - Started process (PID=15116) to work on /home/airflow/.local/lib/python3.12/site-packages/airflow/example_dags/example_params_ui_tutorial.py
[2024-11-25T09:06:45.804+0000] {processor.py:914} INFO - Processing file /home/airflow/.local/lib/python3.12/site-packages/airflow/example_dags/example_params_ui_tutorial.py for tasks to queue
[2024-11-25T09:06:45.807+0000] {logging_mixin.py:190} INFO - [2024-11-25T09:06:45.807+0000] {dagbag.py:588} INFO - Filling up the DagBag from /home/airflow/.local/lib/python3.12/site-packages/airflow/example_dags/example_params_ui_tutorial.py
[2024-11-25T09:06:45.819+0000] {processor.py:925} INFO - DAG(s) 'example_params_ui_tutorial' retrieved from /home/airflow/.local/lib/python3.12/site-packages/airflow/example_dags/example_params_ui_tutorial.py
[2024-11-25T09:06:45.870+0000] {logging_mixin.py:190} INFO - [2024-11-25T09:06:45.870+0000] {dag.py:3239} INFO - Sync 1 DAGs
[2024-11-25T09:06:45.891+0000] {logging_mixin.py:190} INFO - [2024-11-25T09:06:45.890+0000] {dag.py:4180} INFO - Setting next_dagrun for example_params_ui_tutorial to None, run_after=None
[2024-11-25T09:06:45.929+0000] {processor.py:208} INFO - Processing /home/airflow/.local/lib/python3.12/site-packages/airflow/example_dags/example_params_ui_tutorial.py took 0.134 seconds
[2024-11-25T09:07:16.596+0000] {processor.py:186} INFO - Started process (PID=15423) to work on /home/airflow/.local/lib/python3.12/site-packages/airflow/example_dags/example_params_ui_tutorial.py
[2024-11-25T09:07:16.597+0000] {processor.py:914} INFO - Processing file /home/airflow/.local/lib/python3.12/site-packages/airflow/example_dags/example_params_ui_tutorial.py for tasks to queue
[2024-11-25T09:07:16.600+0000] {logging_mixin.py:190} INFO - [2024-11-25T09:07:16.599+0000] {dagbag.py:588} INFO - Filling up the DagBag from /home/airflow/.local/lib/python3.12/site-packages/airflow/example_dags/example_params_ui_tutorial.py
[2024-11-25T09:07:16.614+0000] {processor.py:925} INFO - DAG(s) 'example_params_ui_tutorial' retrieved from /home/airflow/.local/lib/python3.12/site-packages/airflow/example_dags/example_params_ui_tutorial.py
[2024-11-25T09:07:16.952+0000] {logging_mixin.py:190} INFO - [2024-11-25T09:07:16.951+0000] {dag.py:3239} INFO - Sync 1 DAGs
[2024-11-25T09:07:16.965+0000] {logging_mixin.py:190} INFO - [2024-11-25T09:07:16.965+0000] {dag.py:4180} INFO - Setting next_dagrun for example_params_ui_tutorial to None, run_after=None
[2024-11-25T09:07:16.985+0000] {processor.py:208} INFO - Processing /home/airflow/.local/lib/python3.12/site-packages/airflow/example_dags/example_params_ui_tutorial.py took 0.398 seconds
[2024-11-25T09:07:47.924+0000] {processor.py:186} INFO - Started process (PID=15726) to work on /home/airflow/.local/lib/python3.12/site-packages/airflow/example_dags/example_params_ui_tutorial.py
[2024-11-25T09:07:47.934+0000] {processor.py:914} INFO - Processing file /home/airflow/.local/lib/python3.12/site-packages/airflow/example_dags/example_params_ui_tutorial.py for tasks to queue
[2024-11-25T09:07:47.955+0000] {logging_mixin.py:190} INFO - [2024-11-25T09:07:47.950+0000] {dagbag.py:588} INFO - Filling up the DagBag from /home/airflow/.local/lib/python3.12/site-packages/airflow/example_dags/example_params_ui_tutorial.py
[2024-11-25T09:07:48.003+0000] {processor.py:925} INFO - DAG(s) 'example_params_ui_tutorial' retrieved from /home/airflow/.local/lib/python3.12/site-packages/airflow/example_dags/example_params_ui_tutorial.py
[2024-11-25T09:07:48.152+0000] {logging_mixin.py:190} INFO - [2024-11-25T09:07:48.152+0000] {dag.py:3239} INFO - Sync 1 DAGs
[2024-11-25T09:07:48.170+0000] {logging_mixin.py:190} INFO - [2024-11-25T09:07:48.169+0000] {dag.py:4180} INFO - Setting next_dagrun for example_params_ui_tutorial to None, run_after=None
[2024-11-25T09:07:48.201+0000] {processor.py:208} INFO - Processing /home/airflow/.local/lib/python3.12/site-packages/airflow/example_dags/example_params_ui_tutorial.py took 0.304 seconds
[2024-11-25T09:08:18.767+0000] {processor.py:186} INFO - Started process (PID=16027) to work on /home/airflow/.local/lib/python3.12/site-packages/airflow/example_dags/example_params_ui_tutorial.py
[2024-11-25T09:08:18.768+0000] {processor.py:914} INFO - Processing file /home/airflow/.local/lib/python3.12/site-packages/airflow/example_dags/example_params_ui_tutorial.py for tasks to queue
[2024-11-25T09:08:18.771+0000] {logging_mixin.py:190} INFO - [2024-11-25T09:08:18.770+0000] {dagbag.py:588} INFO - Filling up the DagBag from /home/airflow/.local/lib/python3.12/site-packages/airflow/example_dags/example_params_ui_tutorial.py
[2024-11-25T09:08:18.779+0000] {processor.py:925} INFO - DAG(s) 'example_params_ui_tutorial' retrieved from /home/airflow/.local/lib/python3.12/site-packages/airflow/example_dags/example_params_ui_tutorial.py
[2024-11-25T09:08:18.824+0000] {logging_mixin.py:190} INFO - [2024-11-25T09:08:18.824+0000] {dag.py:3239} INFO - Sync 1 DAGs
[2024-11-25T09:08:18.842+0000] {logging_mixin.py:190} INFO - [2024-11-25T09:08:18.842+0000] {dag.py:4180} INFO - Setting next_dagrun for example_params_ui_tutorial to None, run_after=None
[2024-11-25T09:08:18.865+0000] {processor.py:208} INFO - Processing /home/airflow/.local/lib/python3.12/site-packages/airflow/example_dags/example_params_ui_tutorial.py took 0.105 seconds
[2024-11-25T09:08:49.526+0000] {processor.py:186} INFO - Started process (PID=16328) to work on /home/airflow/.local/lib/python3.12/site-packages/airflow/example_dags/example_params_ui_tutorial.py
[2024-11-25T09:08:49.527+0000] {processor.py:914} INFO - Processing file /home/airflow/.local/lib/python3.12/site-packages/airflow/example_dags/example_params_ui_tutorial.py for tasks to queue
[2024-11-25T09:08:49.530+0000] {logging_mixin.py:190} INFO - [2024-11-25T09:08:49.529+0000] {dagbag.py:588} INFO - Filling up the DagBag from /home/airflow/.local/lib/python3.12/site-packages/airflow/example_dags/example_params_ui_tutorial.py
[2024-11-25T09:08:49.539+0000] {processor.py:925} INFO - DAG(s) 'example_params_ui_tutorial' retrieved from /home/airflow/.local/lib/python3.12/site-packages/airflow/example_dags/example_params_ui_tutorial.py
[2024-11-25T09:08:49.588+0000] {logging_mixin.py:190} INFO - [2024-11-25T09:08:49.588+0000] {dag.py:3239} INFO - Sync 1 DAGs
[2024-11-25T09:08:49.604+0000] {logging_mixin.py:190} INFO - [2024-11-25T09:08:49.604+0000] {dag.py:4180} INFO - Setting next_dagrun for example_params_ui_tutorial to None, run_after=None
[2024-11-25T09:08:49.626+0000] {processor.py:208} INFO - Processing /home/airflow/.local/lib/python3.12/site-packages/airflow/example_dags/example_params_ui_tutorial.py took 0.105 seconds
[2024-11-25T09:09:19.983+0000] {processor.py:186} INFO - Started process (PID=16627) to work on /home/airflow/.local/lib/python3.12/site-packages/airflow/example_dags/example_params_ui_tutorial.py
[2024-11-25T09:09:19.984+0000] {processor.py:914} INFO - Processing file /home/airflow/.local/lib/python3.12/site-packages/airflow/example_dags/example_params_ui_tutorial.py for tasks to queue
[2024-11-25T09:09:19.987+0000] {logging_mixin.py:190} INFO - [2024-11-25T09:09:19.986+0000] {dagbag.py:588} INFO - Filling up the DagBag from /home/airflow/.local/lib/python3.12/site-packages/airflow/example_dags/example_params_ui_tutorial.py
[2024-11-25T09:09:19.999+0000] {processor.py:925} INFO - DAG(s) 'example_params_ui_tutorial' retrieved from /home/airflow/.local/lib/python3.12/site-packages/airflow/example_dags/example_params_ui_tutorial.py
[2024-11-25T09:09:20.052+0000] {logging_mixin.py:190} INFO - [2024-11-25T09:09:20.052+0000] {dag.py:3239} INFO - Sync 1 DAGs
[2024-11-25T09:09:20.073+0000] {logging_mixin.py:190} INFO - [2024-11-25T09:09:20.073+0000] {dag.py:4180} INFO - Setting next_dagrun for example_params_ui_tutorial to None, run_after=None
[2024-11-25T09:09:20.136+0000] {processor.py:208} INFO - Processing /home/airflow/.local/lib/python3.12/site-packages/airflow/example_dags/example_params_ui_tutorial.py took 0.160 seconds
[2024-11-25T09:09:50.754+0000] {processor.py:186} INFO - Started process (PID=16928) to work on /home/airflow/.local/lib/python3.12/site-packages/airflow/example_dags/example_params_ui_tutorial.py
[2024-11-25T09:09:50.755+0000] {processor.py:914} INFO - Processing file /home/airflow/.local/lib/python3.12/site-packages/airflow/example_dags/example_params_ui_tutorial.py for tasks to queue
[2024-11-25T09:09:50.757+0000] {logging_mixin.py:190} INFO - [2024-11-25T09:09:50.757+0000] {dagbag.py:588} INFO - Filling up the DagBag from /home/airflow/.local/lib/python3.12/site-packages/airflow/example_dags/example_params_ui_tutorial.py
[2024-11-25T09:09:50.768+0000] {processor.py:925} INFO - DAG(s) 'example_params_ui_tutorial' retrieved from /home/airflow/.local/lib/python3.12/site-packages/airflow/example_dags/example_params_ui_tutorial.py
[2024-11-25T09:09:50.834+0000] {logging_mixin.py:190} INFO - [2024-11-25T09:09:50.834+0000] {dag.py:3239} INFO - Sync 1 DAGs
[2024-11-25T09:09:50.852+0000] {logging_mixin.py:190} INFO - [2024-11-25T09:09:50.852+0000] {dag.py:4180} INFO - Setting next_dagrun for example_params_ui_tutorial to None, run_after=None
[2024-11-25T09:09:50.881+0000] {processor.py:208} INFO - Processing /home/airflow/.local/lib/python3.12/site-packages/airflow/example_dags/example_params_ui_tutorial.py took 0.135 seconds
[2024-11-25T09:10:21.579+0000] {processor.py:186} INFO - Started process (PID=17229) to work on /home/airflow/.local/lib/python3.12/site-packages/airflow/example_dags/example_params_ui_tutorial.py
[2024-11-25T09:10:21.580+0000] {processor.py:914} INFO - Processing file /home/airflow/.local/lib/python3.12/site-packages/airflow/example_dags/example_params_ui_tutorial.py for tasks to queue
[2024-11-25T09:10:21.583+0000] {logging_mixin.py:190} INFO - [2024-11-25T09:10:21.582+0000] {dagbag.py:588} INFO - Filling up the DagBag from /home/airflow/.local/lib/python3.12/site-packages/airflow/example_dags/example_params_ui_tutorial.py
[2024-11-25T09:10:21.593+0000] {processor.py:925} INFO - DAG(s) 'example_params_ui_tutorial' retrieved from /home/airflow/.local/lib/python3.12/site-packages/airflow/example_dags/example_params_ui_tutorial.py
[2024-11-25T09:10:21.653+0000] {logging_mixin.py:190} INFO - [2024-11-25T09:10:21.653+0000] {dag.py:3239} INFO - Sync 1 DAGs
[2024-11-25T09:10:21.668+0000] {logging_mixin.py:190} INFO - [2024-11-25T09:10:21.668+0000] {dag.py:4180} INFO - Setting next_dagrun for example_params_ui_tutorial to None, run_after=None
[2024-11-25T09:10:21.688+0000] {processor.py:208} INFO - Processing /home/airflow/.local/lib/python3.12/site-packages/airflow/example_dags/example_params_ui_tutorial.py took 0.115 seconds
[2024-11-25T09:10:52.391+0000] {processor.py:186} INFO - Started process (PID=17530) to work on /home/airflow/.local/lib/python3.12/site-packages/airflow/example_dags/example_params_ui_tutorial.py
[2024-11-25T09:10:52.393+0000] {processor.py:914} INFO - Processing file /home/airflow/.local/lib/python3.12/site-packages/airflow/example_dags/example_params_ui_tutorial.py for tasks to queue
[2024-11-25T09:10:52.395+0000] {logging_mixin.py:190} INFO - [2024-11-25T09:10:52.395+0000] {dagbag.py:588} INFO - Filling up the DagBag from /home/airflow/.local/lib/python3.12/site-packages/airflow/example_dags/example_params_ui_tutorial.py
[2024-11-25T09:10:52.406+0000] {processor.py:925} INFO - DAG(s) 'example_params_ui_tutorial' retrieved from /home/airflow/.local/lib/python3.12/site-packages/airflow/example_dags/example_params_ui_tutorial.py
[2024-11-25T09:10:52.472+0000] {logging_mixin.py:190} INFO - [2024-11-25T09:10:52.472+0000] {dag.py:3239} INFO - Sync 1 DAGs
[2024-11-25T09:10:52.504+0000] {logging_mixin.py:190} INFO - [2024-11-25T09:10:52.504+0000] {dag.py:4180} INFO - Setting next_dagrun for example_params_ui_tutorial to None, run_after=None
[2024-11-25T09:10:52.530+0000] {processor.py:208} INFO - Processing /home/airflow/.local/lib/python3.12/site-packages/airflow/example_dags/example_params_ui_tutorial.py took 0.145 seconds
[2024-11-25T09:11:23.647+0000] {processor.py:186} INFO - Started process (PID=17834) to work on /home/airflow/.local/lib/python3.12/site-packages/airflow/example_dags/example_params_ui_tutorial.py
[2024-11-25T09:11:23.649+0000] {processor.py:914} INFO - Processing file /home/airflow/.local/lib/python3.12/site-packages/airflow/example_dags/example_params_ui_tutorial.py for tasks to queue
[2024-11-25T09:11:23.652+0000] {logging_mixin.py:190} INFO - [2024-11-25T09:11:23.651+0000] {dagbag.py:588} INFO - Filling up the DagBag from /home/airflow/.local/lib/python3.12/site-packages/airflow/example_dags/example_params_ui_tutorial.py
[2024-11-25T09:11:23.667+0000] {processor.py:925} INFO - DAG(s) 'example_params_ui_tutorial' retrieved from /home/airflow/.local/lib/python3.12/site-packages/airflow/example_dags/example_params_ui_tutorial.py
[2024-11-25T09:11:23.721+0000] {logging_mixin.py:190} INFO - [2024-11-25T09:11:23.720+0000] {dag.py:3239} INFO - Sync 1 DAGs
[2024-11-25T09:11:23.743+0000] {logging_mixin.py:190} INFO - [2024-11-25T09:11:23.743+0000] {dag.py:4180} INFO - Setting next_dagrun for example_params_ui_tutorial to None, run_after=None
[2024-11-25T09:11:23.785+0000] {processor.py:208} INFO - Processing /home/airflow/.local/lib/python3.12/site-packages/airflow/example_dags/example_params_ui_tutorial.py took 0.145 seconds
[2024-11-25T09:11:54.264+0000] {processor.py:186} INFO - Started process (PID=18135) to work on /home/airflow/.local/lib/python3.12/site-packages/airflow/example_dags/example_params_ui_tutorial.py
[2024-11-25T09:11:54.265+0000] {processor.py:914} INFO - Processing file /home/airflow/.local/lib/python3.12/site-packages/airflow/example_dags/example_params_ui_tutorial.py for tasks to queue
[2024-11-25T09:11:54.268+0000] {logging_mixin.py:190} INFO - [2024-11-25T09:11:54.267+0000] {dagbag.py:588} INFO - Filling up the DagBag from /home/airflow/.local/lib/python3.12/site-packages/airflow/example_dags/example_params_ui_tutorial.py
[2024-11-25T09:11:54.277+0000] {processor.py:925} INFO - DAG(s) 'example_params_ui_tutorial' retrieved from /home/airflow/.local/lib/python3.12/site-packages/airflow/example_dags/example_params_ui_tutorial.py
[2024-11-25T09:11:54.339+0000] {logging_mixin.py:190} INFO - [2024-11-25T09:11:54.338+0000] {dag.py:3239} INFO - Sync 1 DAGs
[2024-11-25T09:11:54.366+0000] {logging_mixin.py:190} INFO - [2024-11-25T09:11:54.365+0000] {dag.py:4180} INFO - Setting next_dagrun for example_params_ui_tutorial to None, run_after=None
[2024-11-25T09:11:54.404+0000] {processor.py:208} INFO - Processing /home/airflow/.local/lib/python3.12/site-packages/airflow/example_dags/example_params_ui_tutorial.py took 0.146 seconds
[2024-11-25T09:12:25.689+0000] {processor.py:186} INFO - Started process (PID=18435) to work on /home/airflow/.local/lib/python3.12/site-packages/airflow/example_dags/example_params_ui_tutorial.py
[2024-11-25T09:12:25.690+0000] {processor.py:914} INFO - Processing file /home/airflow/.local/lib/python3.12/site-packages/airflow/example_dags/example_params_ui_tutorial.py for tasks to queue
[2024-11-25T09:12:25.693+0000] {logging_mixin.py:190} INFO - [2024-11-25T09:12:25.693+0000] {dagbag.py:588} INFO - Filling up the DagBag from /home/airflow/.local/lib/python3.12/site-packages/airflow/example_dags/example_params_ui_tutorial.py
[2024-11-25T09:12:25.706+0000] {processor.py:925} INFO - DAG(s) 'example_params_ui_tutorial' retrieved from /home/airflow/.local/lib/python3.12/site-packages/airflow/example_dags/example_params_ui_tutorial.py
[2024-11-25T09:12:25.771+0000] {logging_mixin.py:190} INFO - [2024-11-25T09:12:25.770+0000] {dag.py:3239} INFO - Sync 1 DAGs
[2024-11-25T09:12:25.792+0000] {logging_mixin.py:190} INFO - [2024-11-25T09:12:25.792+0000] {dag.py:4180} INFO - Setting next_dagrun for example_params_ui_tutorial to None, run_after=None
[2024-11-25T09:12:25.817+0000] {processor.py:208} INFO - Processing /home/airflow/.local/lib/python3.12/site-packages/airflow/example_dags/example_params_ui_tutorial.py took 0.137 seconds
[2024-11-25T09:12:56.720+0000] {processor.py:186} INFO - Started process (PID=18736) to work on /home/airflow/.local/lib/python3.12/site-packages/airflow/example_dags/example_params_ui_tutorial.py
[2024-11-25T09:12:56.723+0000] {processor.py:914} INFO - Processing file /home/airflow/.local/lib/python3.12/site-packages/airflow/example_dags/example_params_ui_tutorial.py for tasks to queue
[2024-11-25T09:12:56.727+0000] {logging_mixin.py:190} INFO - [2024-11-25T09:12:56.726+0000] {dagbag.py:588} INFO - Filling up the DagBag from /home/airflow/.local/lib/python3.12/site-packages/airflow/example_dags/example_params_ui_tutorial.py
[2024-11-25T09:12:56.745+0000] {processor.py:925} INFO - DAG(s) 'example_params_ui_tutorial' retrieved from /home/airflow/.local/lib/python3.12/site-packages/airflow/example_dags/example_params_ui_tutorial.py
[2024-11-25T09:12:56.852+0000] {logging_mixin.py:190} INFO - [2024-11-25T09:12:56.851+0000] {dag.py:3239} INFO - Sync 1 DAGs
[2024-11-25T09:12:56.878+0000] {logging_mixin.py:190} INFO - [2024-11-25T09:12:56.877+0000] {dag.py:4180} INFO - Setting next_dagrun for example_params_ui_tutorial to None, run_after=None
[2024-11-25T09:12:56.900+0000] {processor.py:208} INFO - Processing /home/airflow/.local/lib/python3.12/site-packages/airflow/example_dags/example_params_ui_tutorial.py took 0.190 seconds
[2024-11-25T09:13:27.571+0000] {processor.py:186} INFO - Started process (PID=19037) to work on /home/airflow/.local/lib/python3.12/site-packages/airflow/example_dags/example_params_ui_tutorial.py
[2024-11-25T09:13:27.572+0000] {processor.py:914} INFO - Processing file /home/airflow/.local/lib/python3.12/site-packages/airflow/example_dags/example_params_ui_tutorial.py for tasks to queue
[2024-11-25T09:13:27.574+0000] {logging_mixin.py:190} INFO - [2024-11-25T09:13:27.574+0000] {dagbag.py:588} INFO - Filling up the DagBag from /home/airflow/.local/lib/python3.12/site-packages/airflow/example_dags/example_params_ui_tutorial.py
[2024-11-25T09:13:27.584+0000] {processor.py:925} INFO - DAG(s) 'example_params_ui_tutorial' retrieved from /home/airflow/.local/lib/python3.12/site-packages/airflow/example_dags/example_params_ui_tutorial.py
[2024-11-25T09:13:27.636+0000] {logging_mixin.py:190} INFO - [2024-11-25T09:13:27.636+0000] {dag.py:3239} INFO - Sync 1 DAGs
[2024-11-25T09:13:27.656+0000] {logging_mixin.py:190} INFO - [2024-11-25T09:13:27.655+0000] {dag.py:4180} INFO - Setting next_dagrun for example_params_ui_tutorial to None, run_after=None
[2024-11-25T09:13:27.685+0000] {processor.py:208} INFO - Processing /home/airflow/.local/lib/python3.12/site-packages/airflow/example_dags/example_params_ui_tutorial.py took 0.120 seconds
[2024-11-25T09:13:58.494+0000] {processor.py:186} INFO - Started process (PID=19338) to work on /home/airflow/.local/lib/python3.12/site-packages/airflow/example_dags/example_params_ui_tutorial.py
[2024-11-25T09:13:58.495+0000] {processor.py:914} INFO - Processing file /home/airflow/.local/lib/python3.12/site-packages/airflow/example_dags/example_params_ui_tutorial.py for tasks to queue
[2024-11-25T09:13:58.498+0000] {logging_mixin.py:190} INFO - [2024-11-25T09:13:58.497+0000] {dagbag.py:588} INFO - Filling up the DagBag from /home/airflow/.local/lib/python3.12/site-packages/airflow/example_dags/example_params_ui_tutorial.py
[2024-11-25T09:13:58.507+0000] {processor.py:925} INFO - DAG(s) 'example_params_ui_tutorial' retrieved from /home/airflow/.local/lib/python3.12/site-packages/airflow/example_dags/example_params_ui_tutorial.py
[2024-11-25T09:13:58.563+0000] {logging_mixin.py:190} INFO - [2024-11-25T09:13:58.563+0000] {dag.py:3239} INFO - Sync 1 DAGs
[2024-11-25T09:13:58.587+0000] {logging_mixin.py:190} INFO - [2024-11-25T09:13:58.587+0000] {dag.py:4180} INFO - Setting next_dagrun for example_params_ui_tutorial to None, run_after=None
[2024-11-25T09:13:58.640+0000] {processor.py:208} INFO - Processing /home/airflow/.local/lib/python3.12/site-packages/airflow/example_dags/example_params_ui_tutorial.py took 0.152 seconds
[2024-11-25T09:14:29.109+0000] {processor.py:186} INFO - Started process (PID=19639) to work on /home/airflow/.local/lib/python3.12/site-packages/airflow/example_dags/example_params_ui_tutorial.py
[2024-11-25T09:14:29.110+0000] {processor.py:914} INFO - Processing file /home/airflow/.local/lib/python3.12/site-packages/airflow/example_dags/example_params_ui_tutorial.py for tasks to queue
[2024-11-25T09:14:29.114+0000] {logging_mixin.py:190} INFO - [2024-11-25T09:14:29.114+0000] {dagbag.py:588} INFO - Filling up the DagBag from /home/airflow/.local/lib/python3.12/site-packages/airflow/example_dags/example_params_ui_tutorial.py
[2024-11-25T09:14:29.125+0000] {processor.py:925} INFO - DAG(s) 'example_params_ui_tutorial' retrieved from /home/airflow/.local/lib/python3.12/site-packages/airflow/example_dags/example_params_ui_tutorial.py
[2024-11-25T09:14:29.223+0000] {logging_mixin.py:190} INFO - [2024-11-25T09:14:29.222+0000] {dag.py:3239} INFO - Sync 1 DAGs
[2024-11-25T09:14:29.243+0000] {logging_mixin.py:190} INFO - [2024-11-25T09:14:29.243+0000] {dag.py:4180} INFO - Setting next_dagrun for example_params_ui_tutorial to None, run_after=None
[2024-11-25T09:14:29.376+0000] {processor.py:208} INFO - Processing /home/airflow/.local/lib/python3.12/site-packages/airflow/example_dags/example_params_ui_tutorial.py took 0.276 seconds
[2024-11-25T09:15:00.220+0000] {processor.py:186} INFO - Started process (PID=19940) to work on /home/airflow/.local/lib/python3.12/site-packages/airflow/example_dags/example_params_ui_tutorial.py
[2024-11-25T09:15:00.221+0000] {processor.py:914} INFO - Processing file /home/airflow/.local/lib/python3.12/site-packages/airflow/example_dags/example_params_ui_tutorial.py for tasks to queue
[2024-11-25T09:15:00.231+0000] {logging_mixin.py:190} INFO - [2024-11-25T09:15:00.227+0000] {dagbag.py:588} INFO - Filling up the DagBag from /home/airflow/.local/lib/python3.12/site-packages/airflow/example_dags/example_params_ui_tutorial.py
[2024-11-25T09:15:00.278+0000] {processor.py:925} INFO - DAG(s) 'example_params_ui_tutorial' retrieved from /home/airflow/.local/lib/python3.12/site-packages/airflow/example_dags/example_params_ui_tutorial.py
[2024-11-25T09:15:00.445+0000] {logging_mixin.py:190} INFO - [2024-11-25T09:15:00.444+0000] {dag.py:3239} INFO - Sync 1 DAGs
[2024-11-25T09:15:00.504+0000] {logging_mixin.py:190} INFO - [2024-11-25T09:15:00.503+0000] {dag.py:4180} INFO - Setting next_dagrun for example_params_ui_tutorial to None, run_after=None
[2024-11-25T09:15:00.542+0000] {processor.py:208} INFO - Processing /home/airflow/.local/lib/python3.12/site-packages/airflow/example_dags/example_params_ui_tutorial.py took 0.338 seconds
[2024-11-25T09:15:31.100+0000] {processor.py:186} INFO - Started process (PID=20241) to work on /home/airflow/.local/lib/python3.12/site-packages/airflow/example_dags/example_params_ui_tutorial.py
[2024-11-25T09:15:31.102+0000] {processor.py:914} INFO - Processing file /home/airflow/.local/lib/python3.12/site-packages/airflow/example_dags/example_params_ui_tutorial.py for tasks to queue
[2024-11-25T09:15:31.105+0000] {logging_mixin.py:190} INFO - [2024-11-25T09:15:31.105+0000] {dagbag.py:588} INFO - Filling up the DagBag from /home/airflow/.local/lib/python3.12/site-packages/airflow/example_dags/example_params_ui_tutorial.py
[2024-11-25T09:15:31.119+0000] {processor.py:925} INFO - DAG(s) 'example_params_ui_tutorial' retrieved from /home/airflow/.local/lib/python3.12/site-packages/airflow/example_dags/example_params_ui_tutorial.py
[2024-11-25T09:15:31.185+0000] {logging_mixin.py:190} INFO - [2024-11-25T09:15:31.185+0000] {dag.py:3239} INFO - Sync 1 DAGs
[2024-11-25T09:15:31.218+0000] {logging_mixin.py:190} INFO - [2024-11-25T09:15:31.218+0000] {dag.py:4180} INFO - Setting next_dagrun for example_params_ui_tutorial to None, run_after=None
[2024-11-25T09:15:31.243+0000] {processor.py:208} INFO - Processing /home/airflow/.local/lib/python3.12/site-packages/airflow/example_dags/example_params_ui_tutorial.py took 0.155 seconds
[2024-11-25T09:16:02.209+0000] {processor.py:186} INFO - Started process (PID=20542) to work on /home/airflow/.local/lib/python3.12/site-packages/airflow/example_dags/example_params_ui_tutorial.py
[2024-11-25T09:16:02.211+0000] {processor.py:914} INFO - Processing file /home/airflow/.local/lib/python3.12/site-packages/airflow/example_dags/example_params_ui_tutorial.py for tasks to queue
[2024-11-25T09:16:02.219+0000] {logging_mixin.py:190} INFO - [2024-11-25T09:16:02.217+0000] {dagbag.py:588} INFO - Filling up the DagBag from /home/airflow/.local/lib/python3.12/site-packages/airflow/example_dags/example_params_ui_tutorial.py
[2024-11-25T09:16:02.239+0000] {processor.py:925} INFO - DAG(s) 'example_params_ui_tutorial' retrieved from /home/airflow/.local/lib/python3.12/site-packages/airflow/example_dags/example_params_ui_tutorial.py
[2024-11-25T09:16:02.310+0000] {logging_mixin.py:190} INFO - [2024-11-25T09:16:02.310+0000] {dag.py:3239} INFO - Sync 1 DAGs
[2024-11-25T09:16:02.327+0000] {logging_mixin.py:190} INFO - [2024-11-25T09:16:02.326+0000] {dag.py:4180} INFO - Setting next_dagrun for example_params_ui_tutorial to None, run_after=None
[2024-11-25T09:16:02.345+0000] {processor.py:208} INFO - Processing /home/airflow/.local/lib/python3.12/site-packages/airflow/example_dags/example_params_ui_tutorial.py took 0.146 seconds
[2024-11-25T09:16:35.176+0000] {processor.py:186} INFO - Started process (PID=20845) to work on /home/airflow/.local/lib/python3.12/site-packages/airflow/example_dags/example_params_ui_tutorial.py
[2024-11-25T09:16:35.178+0000] {processor.py:914} INFO - Processing file /home/airflow/.local/lib/python3.12/site-packages/airflow/example_dags/example_params_ui_tutorial.py for tasks to queue
[2024-11-25T09:16:35.182+0000] {logging_mixin.py:190} INFO - [2024-11-25T09:16:35.182+0000] {dagbag.py:588} INFO - Filling up the DagBag from /home/airflow/.local/lib/python3.12/site-packages/airflow/example_dags/example_params_ui_tutorial.py
[2024-11-25T09:16:35.193+0000] {processor.py:925} INFO - DAG(s) 'example_params_ui_tutorial' retrieved from /home/airflow/.local/lib/python3.12/site-packages/airflow/example_dags/example_params_ui_tutorial.py
[2024-11-25T09:16:35.249+0000] {logging_mixin.py:190} INFO - [2024-11-25T09:16:35.249+0000] {dag.py:3239} INFO - Sync 1 DAGs
[2024-11-25T09:16:35.271+0000] {logging_mixin.py:190} INFO - [2024-11-25T09:16:35.271+0000] {dag.py:4180} INFO - Setting next_dagrun for example_params_ui_tutorial to None, run_after=None
[2024-11-25T09:16:35.302+0000] {processor.py:208} INFO - Processing /home/airflow/.local/lib/python3.12/site-packages/airflow/example_dags/example_params_ui_tutorial.py took 0.135 seconds
[2024-11-25T09:17:05.397+0000] {processor.py:186} INFO - Started process (PID=21144) to work on /home/airflow/.local/lib/python3.12/site-packages/airflow/example_dags/example_params_ui_tutorial.py
[2024-11-25T09:17:05.399+0000] {processor.py:914} INFO - Processing file /home/airflow/.local/lib/python3.12/site-packages/airflow/example_dags/example_params_ui_tutorial.py for tasks to queue
[2024-11-25T09:17:05.402+0000] {logging_mixin.py:190} INFO - [2024-11-25T09:17:05.401+0000] {dagbag.py:588} INFO - Filling up the DagBag from /home/airflow/.local/lib/python3.12/site-packages/airflow/example_dags/example_params_ui_tutorial.py
[2024-11-25T09:17:05.415+0000] {processor.py:925} INFO - DAG(s) 'example_params_ui_tutorial' retrieved from /home/airflow/.local/lib/python3.12/site-packages/airflow/example_dags/example_params_ui_tutorial.py
[2024-11-25T09:17:05.468+0000] {logging_mixin.py:190} INFO - [2024-11-25T09:17:05.468+0000] {dag.py:3239} INFO - Sync 1 DAGs
[2024-11-25T09:17:05.490+0000] {logging_mixin.py:190} INFO - [2024-11-25T09:17:05.489+0000] {dag.py:4180} INFO - Setting next_dagrun for example_params_ui_tutorial to None, run_after=None
[2024-11-25T09:17:05.510+0000] {processor.py:208} INFO - Processing /home/airflow/.local/lib/python3.12/site-packages/airflow/example_dags/example_params_ui_tutorial.py took 0.119 seconds
[2024-11-25T09:17:35.948+0000] {processor.py:186} INFO - Started process (PID=21445) to work on /home/airflow/.local/lib/python3.12/site-packages/airflow/example_dags/example_params_ui_tutorial.py
[2024-11-25T09:17:35.949+0000] {processor.py:914} INFO - Processing file /home/airflow/.local/lib/python3.12/site-packages/airflow/example_dags/example_params_ui_tutorial.py for tasks to queue
[2024-11-25T09:17:35.951+0000] {logging_mixin.py:190} INFO - [2024-11-25T09:17:35.951+0000] {dagbag.py:588} INFO - Filling up the DagBag from /home/airflow/.local/lib/python3.12/site-packages/airflow/example_dags/example_params_ui_tutorial.py
[2024-11-25T09:17:35.962+0000] {processor.py:925} INFO - DAG(s) 'example_params_ui_tutorial' retrieved from /home/airflow/.local/lib/python3.12/site-packages/airflow/example_dags/example_params_ui_tutorial.py
[2024-11-25T09:17:36.012+0000] {logging_mixin.py:190} INFO - [2024-11-25T09:17:36.012+0000] {dag.py:3239} INFO - Sync 1 DAGs
[2024-11-25T09:17:36.027+0000] {logging_mixin.py:190} INFO - [2024-11-25T09:17:36.027+0000] {dag.py:4180} INFO - Setting next_dagrun for example_params_ui_tutorial to None, run_after=None
[2024-11-25T09:17:36.047+0000] {processor.py:208} INFO - Processing /home/airflow/.local/lib/python3.12/site-packages/airflow/example_dags/example_params_ui_tutorial.py took 0.105 seconds
[2024-11-25T09:18:06.793+0000] {processor.py:186} INFO - Started process (PID=21746) to work on /home/airflow/.local/lib/python3.12/site-packages/airflow/example_dags/example_params_ui_tutorial.py
[2024-11-25T09:18:06.794+0000] {processor.py:914} INFO - Processing file /home/airflow/.local/lib/python3.12/site-packages/airflow/example_dags/example_params_ui_tutorial.py for tasks to queue
[2024-11-25T09:18:06.798+0000] {logging_mixin.py:190} INFO - [2024-11-25T09:18:06.797+0000] {dagbag.py:588} INFO - Filling up the DagBag from /home/airflow/.local/lib/python3.12/site-packages/airflow/example_dags/example_params_ui_tutorial.py
[2024-11-25T09:18:06.812+0000] {processor.py:925} INFO - DAG(s) 'example_params_ui_tutorial' retrieved from /home/airflow/.local/lib/python3.12/site-packages/airflow/example_dags/example_params_ui_tutorial.py
[2024-11-25T09:18:06.862+0000] {logging_mixin.py:190} INFO - [2024-11-25T09:18:06.862+0000] {dag.py:3239} INFO - Sync 1 DAGs
[2024-11-25T09:18:06.877+0000] {logging_mixin.py:190} INFO - [2024-11-25T09:18:06.876+0000] {dag.py:4180} INFO - Setting next_dagrun for example_params_ui_tutorial to None, run_after=None
[2024-11-25T09:18:06.901+0000] {processor.py:208} INFO - Processing /home/airflow/.local/lib/python3.12/site-packages/airflow/example_dags/example_params_ui_tutorial.py took 0.115 seconds
[2024-11-25T09:18:37.382+0000] {processor.py:186} INFO - Started process (PID=22047) to work on /home/airflow/.local/lib/python3.12/site-packages/airflow/example_dags/example_params_ui_tutorial.py
[2024-11-25T09:18:37.383+0000] {processor.py:914} INFO - Processing file /home/airflow/.local/lib/python3.12/site-packages/airflow/example_dags/example_params_ui_tutorial.py for tasks to queue
[2024-11-25T09:18:37.386+0000] {logging_mixin.py:190} INFO - [2024-11-25T09:18:37.386+0000] {dagbag.py:588} INFO - Filling up the DagBag from /home/airflow/.local/lib/python3.12/site-packages/airflow/example_dags/example_params_ui_tutorial.py
[2024-11-25T09:18:37.397+0000] {processor.py:925} INFO - DAG(s) 'example_params_ui_tutorial' retrieved from /home/airflow/.local/lib/python3.12/site-packages/airflow/example_dags/example_params_ui_tutorial.py
[2024-11-25T09:18:37.446+0000] {logging_mixin.py:190} INFO - [2024-11-25T09:18:37.445+0000] {dag.py:3239} INFO - Sync 1 DAGs
[2024-11-25T09:18:37.461+0000] {logging_mixin.py:190} INFO - [2024-11-25T09:18:37.461+0000] {dag.py:4180} INFO - Setting next_dagrun for example_params_ui_tutorial to None, run_after=None
[2024-11-25T09:18:37.484+0000] {processor.py:208} INFO - Processing /home/airflow/.local/lib/python3.12/site-packages/airflow/example_dags/example_params_ui_tutorial.py took 0.108 seconds
