[2024-11-25T08:41:38.327+0000] {processor.py:186} INFO - Started process (PID=372) to work on /home/airflow/.local/lib/python3.12/site-packages/airflow/example_dags/example_display_name.py
[2024-11-25T08:41:38.328+0000] {processor.py:914} INFO - Processing file /home/airflow/.local/lib/python3.12/site-packages/airflow/example_dags/example_display_name.py for tasks to queue
[2024-11-25T08:41:38.332+0000] {logging_mixin.py:190} INFO - [2024-11-25T08:41:38.331+0000] {dagbag.py:588} INFO - Filling up the DagBag from /home/airflow/.local/lib/python3.12/site-packages/airflow/example_dags/example_display_name.py
[2024-11-25T08:41:38.349+0000] {processor.py:925} INFO - DAG(s) 'example_display_name' retrieved from /home/airflow/.local/lib/python3.12/site-packages/airflow/example_dags/example_display_name.py
[2024-11-25T08:41:38.538+0000] {logging_mixin.py:190} INFO - [2024-11-25T08:41:38.537+0000] {override.py:1911} INFO - Created Permission View: can edit on DAG:example_display_name
[2024-11-25T08:41:38.553+0000] {logging_mixin.py:190} INFO - [2024-11-25T08:41:38.553+0000] {override.py:1911} INFO - Created Permission View: can delete on DAG:example_display_name
[2024-11-25T08:41:38.565+0000] {logging_mixin.py:190} INFO - [2024-11-25T08:41:38.564+0000] {override.py:1911} INFO - Created Permission View: can read on DAG:example_display_name
[2024-11-25T08:41:38.580+0000] {logging_mixin.py:190} INFO - [2024-11-25T08:41:38.579+0000] {override.py:1911} INFO - Created Permission View: can create on DAG Run:example_display_name
[2024-11-25T08:41:38.590+0000] {logging_mixin.py:190} INFO - [2024-11-25T08:41:38.589+0000] {override.py:1911} INFO - Created Permission View: can delete on DAG Run:example_display_name
[2024-11-25T08:41:38.611+0000] {logging_mixin.py:190} INFO - [2024-11-25T08:41:38.610+0000] {override.py:1911} INFO - Created Permission View: menu access on DAG Run:example_display_name
[2024-11-25T08:41:38.630+0000] {logging_mixin.py:190} INFO - [2024-11-25T08:41:38.629+0000] {override.py:1911} INFO - Created Permission View: can read on DAG Run:example_display_name
[2024-11-25T08:41:38.631+0000] {logging_mixin.py:190} INFO - [2024-11-25T08:41:38.631+0000] {dag.py:3239} INFO - Sync 1 DAGs
[2024-11-25T08:41:38.646+0000] {logging_mixin.py:190} INFO - [2024-11-25T08:41:38.646+0000] {dag.py:3262} INFO - Creating ORM DAG for example_display_name
[2024-11-25T08:41:38.647+0000] {logging_mixin.py:190} INFO - [2024-11-25T08:41:38.647+0000] {dag.py:4180} INFO - Setting next_dagrun for example_display_name to None, run_after=None
[2024-11-25T08:41:38.669+0000] {processor.py:208} INFO - Processing /home/airflow/.local/lib/python3.12/site-packages/airflow/example_dags/example_display_name.py took 0.352 seconds
[2024-11-25T08:42:09.450+0000] {processor.py:186} INFO - Started process (PID=676) to work on /home/airflow/.local/lib/python3.12/site-packages/airflow/example_dags/example_display_name.py
[2024-11-25T08:42:09.451+0000] {processor.py:914} INFO - Processing file /home/airflow/.local/lib/python3.12/site-packages/airflow/example_dags/example_display_name.py for tasks to queue
[2024-11-25T08:42:09.455+0000] {logging_mixin.py:190} INFO - [2024-11-25T08:42:09.455+0000] {dagbag.py:588} INFO - Filling up the DagBag from /home/airflow/.local/lib/python3.12/site-packages/airflow/example_dags/example_display_name.py
[2024-11-25T08:42:09.467+0000] {processor.py:925} INFO - DAG(s) 'example_display_name' retrieved from /home/airflow/.local/lib/python3.12/site-packages/airflow/example_dags/example_display_name.py
[2024-11-25T08:42:09.514+0000] {logging_mixin.py:190} INFO - [2024-11-25T08:42:09.513+0000] {dag.py:3239} INFO - Sync 1 DAGs
[2024-11-25T08:42:09.549+0000] {logging_mixin.py:190} INFO - [2024-11-25T08:42:09.548+0000] {dag.py:4180} INFO - Setting next_dagrun for example_display_name to None, run_after=None
[2024-11-25T08:42:09.592+0000] {processor.py:208} INFO - Processing /home/airflow/.local/lib/python3.12/site-packages/airflow/example_dags/example_display_name.py took 0.149 seconds
[2024-11-25T08:42:40.258+0000] {processor.py:186} INFO - Started process (PID=978) to work on /home/airflow/.local/lib/python3.12/site-packages/airflow/example_dags/example_display_name.py
[2024-11-25T08:42:40.265+0000] {processor.py:914} INFO - Processing file /home/airflow/.local/lib/python3.12/site-packages/airflow/example_dags/example_display_name.py for tasks to queue
[2024-11-25T08:42:40.282+0000] {logging_mixin.py:190} INFO - [2024-11-25T08:42:40.281+0000] {dagbag.py:588} INFO - Filling up the DagBag from /home/airflow/.local/lib/python3.12/site-packages/airflow/example_dags/example_display_name.py
[2024-11-25T08:42:40.334+0000] {processor.py:925} INFO - DAG(s) 'example_display_name' retrieved from /home/airflow/.local/lib/python3.12/site-packages/airflow/example_dags/example_display_name.py
[2024-11-25T08:42:40.511+0000] {logging_mixin.py:190} INFO - [2024-11-25T08:42:40.510+0000] {dag.py:3239} INFO - Sync 1 DAGs
[2024-11-25T08:42:40.571+0000] {logging_mixin.py:190} INFO - [2024-11-25T08:42:40.566+0000] {dag.py:4180} INFO - Setting next_dagrun for example_display_name to None, run_after=None
[2024-11-25T08:42:40.622+0000] {processor.py:208} INFO - Processing /home/airflow/.local/lib/python3.12/site-packages/airflow/example_dags/example_display_name.py took 0.381 seconds
[2024-11-25T08:43:10.866+0000] {processor.py:186} INFO - Started process (PID=1283) to work on /home/airflow/.local/lib/python3.12/site-packages/airflow/example_dags/example_display_name.py
[2024-11-25T08:43:10.867+0000] {processor.py:914} INFO - Processing file /home/airflow/.local/lib/python3.12/site-packages/airflow/example_dags/example_display_name.py for tasks to queue
[2024-11-25T08:43:10.869+0000] {logging_mixin.py:190} INFO - [2024-11-25T08:43:10.869+0000] {dagbag.py:588} INFO - Filling up the DagBag from /home/airflow/.local/lib/python3.12/site-packages/airflow/example_dags/example_display_name.py
[2024-11-25T08:43:10.876+0000] {processor.py:925} INFO - DAG(s) 'example_display_name' retrieved from /home/airflow/.local/lib/python3.12/site-packages/airflow/example_dags/example_display_name.py
[2024-11-25T08:43:10.898+0000] {logging_mixin.py:190} INFO - [2024-11-25T08:43:10.897+0000] {dag.py:3239} INFO - Sync 1 DAGs
[2024-11-25T08:43:10.915+0000] {logging_mixin.py:190} INFO - [2024-11-25T08:43:10.915+0000] {dag.py:4180} INFO - Setting next_dagrun for example_display_name to None, run_after=None
[2024-11-25T08:43:10.940+0000] {processor.py:208} INFO - Processing /home/airflow/.local/lib/python3.12/site-packages/airflow/example_dags/example_display_name.py took 0.080 seconds
[2024-11-25T08:43:41.830+0000] {processor.py:186} INFO - Started process (PID=1586) to work on /home/airflow/.local/lib/python3.12/site-packages/airflow/example_dags/example_display_name.py
[2024-11-25T08:43:41.831+0000] {processor.py:914} INFO - Processing file /home/airflow/.local/lib/python3.12/site-packages/airflow/example_dags/example_display_name.py for tasks to queue
[2024-11-25T08:43:41.833+0000] {logging_mixin.py:190} INFO - [2024-11-25T08:43:41.833+0000] {dagbag.py:588} INFO - Filling up the DagBag from /home/airflow/.local/lib/python3.12/site-packages/airflow/example_dags/example_display_name.py
[2024-11-25T08:43:41.840+0000] {processor.py:925} INFO - DAG(s) 'example_display_name' retrieved from /home/airflow/.local/lib/python3.12/site-packages/airflow/example_dags/example_display_name.py
[2024-11-25T08:43:41.862+0000] {logging_mixin.py:190} INFO - [2024-11-25T08:43:41.862+0000] {dag.py:3239} INFO - Sync 1 DAGs
[2024-11-25T08:43:41.876+0000] {logging_mixin.py:190} INFO - [2024-11-25T08:43:41.876+0000] {dag.py:4180} INFO - Setting next_dagrun for example_display_name to None, run_after=None
[2024-11-25T08:43:41.896+0000] {processor.py:208} INFO - Processing /home/airflow/.local/lib/python3.12/site-packages/airflow/example_dags/example_display_name.py took 0.071 seconds
[2024-11-25T08:44:12.812+0000] {processor.py:186} INFO - Started process (PID=1886) to work on /home/airflow/.local/lib/python3.12/site-packages/airflow/example_dags/example_display_name.py
[2024-11-25T08:44:12.817+0000] {processor.py:914} INFO - Processing file /home/airflow/.local/lib/python3.12/site-packages/airflow/example_dags/example_display_name.py for tasks to queue
[2024-11-25T08:44:12.825+0000] {logging_mixin.py:190} INFO - [2024-11-25T08:44:12.823+0000] {dagbag.py:588} INFO - Filling up the DagBag from /home/airflow/.local/lib/python3.12/site-packages/airflow/example_dags/example_display_name.py
[2024-11-25T08:44:12.854+0000] {processor.py:925} INFO - DAG(s) 'example_display_name' retrieved from /home/airflow/.local/lib/python3.12/site-packages/airflow/example_dags/example_display_name.py
[2024-11-25T08:44:12.890+0000] {logging_mixin.py:190} INFO - [2024-11-25T08:44:12.890+0000] {dag.py:3239} INFO - Sync 1 DAGs
[2024-11-25T08:44:12.910+0000] {logging_mixin.py:190} INFO - [2024-11-25T08:44:12.910+0000] {dag.py:4180} INFO - Setting next_dagrun for example_display_name to None, run_after=None
[2024-11-25T08:44:12.952+0000] {processor.py:208} INFO - Processing /home/airflow/.local/lib/python3.12/site-packages/airflow/example_dags/example_display_name.py took 0.157 seconds
[2024-11-25T08:44:43.131+0000] {processor.py:186} INFO - Started process (PID=2184) to work on /home/airflow/.local/lib/python3.12/site-packages/airflow/example_dags/example_display_name.py
[2024-11-25T08:44:43.133+0000] {processor.py:914} INFO - Processing file /home/airflow/.local/lib/python3.12/site-packages/airflow/example_dags/example_display_name.py for tasks to queue
[2024-11-25T08:44:43.135+0000] {logging_mixin.py:190} INFO - [2024-11-25T08:44:43.135+0000] {dagbag.py:588} INFO - Filling up the DagBag from /home/airflow/.local/lib/python3.12/site-packages/airflow/example_dags/example_display_name.py
[2024-11-25T08:44:43.142+0000] {processor.py:925} INFO - DAG(s) 'example_display_name' retrieved from /home/airflow/.local/lib/python3.12/site-packages/airflow/example_dags/example_display_name.py
[2024-11-25T08:44:43.163+0000] {logging_mixin.py:190} INFO - [2024-11-25T08:44:43.163+0000] {dag.py:3239} INFO - Sync 1 DAGs
[2024-11-25T08:44:43.184+0000] {logging_mixin.py:190} INFO - [2024-11-25T08:44:43.183+0000] {dag.py:4180} INFO - Setting next_dagrun for example_display_name to None, run_after=None
[2024-11-25T08:44:43.203+0000] {processor.py:208} INFO - Processing /home/airflow/.local/lib/python3.12/site-packages/airflow/example_dags/example_display_name.py took 0.077 seconds
[2024-11-25T08:45:13.604+0000] {processor.py:186} INFO - Started process (PID=2483) to work on /home/airflow/.local/lib/python3.12/site-packages/airflow/example_dags/example_display_name.py
[2024-11-25T08:45:13.605+0000] {processor.py:914} INFO - Processing file /home/airflow/.local/lib/python3.12/site-packages/airflow/example_dags/example_display_name.py for tasks to queue
[2024-11-25T08:45:13.608+0000] {logging_mixin.py:190} INFO - [2024-11-25T08:45:13.607+0000] {dagbag.py:588} INFO - Filling up the DagBag from /home/airflow/.local/lib/python3.12/site-packages/airflow/example_dags/example_display_name.py
[2024-11-25T08:45:13.615+0000] {processor.py:925} INFO - DAG(s) 'example_display_name' retrieved from /home/airflow/.local/lib/python3.12/site-packages/airflow/example_dags/example_display_name.py
[2024-11-25T08:45:13.639+0000] {logging_mixin.py:190} INFO - [2024-11-25T08:45:13.639+0000] {dag.py:3239} INFO - Sync 1 DAGs
[2024-11-25T08:45:13.657+0000] {logging_mixin.py:190} INFO - [2024-11-25T08:45:13.657+0000] {dag.py:4180} INFO - Setting next_dagrun for example_display_name to None, run_after=None
[2024-11-25T08:45:13.676+0000] {processor.py:208} INFO - Processing /home/airflow/.local/lib/python3.12/site-packages/airflow/example_dags/example_display_name.py took 0.078 seconds
[2024-11-25T08:45:43.996+0000] {processor.py:186} INFO - Started process (PID=2779) to work on /home/airflow/.local/lib/python3.12/site-packages/airflow/example_dags/example_display_name.py
[2024-11-25T08:45:43.997+0000] {processor.py:914} INFO - Processing file /home/airflow/.local/lib/python3.12/site-packages/airflow/example_dags/example_display_name.py for tasks to queue
[2024-11-25T08:45:43.999+0000] {logging_mixin.py:190} INFO - [2024-11-25T08:45:43.999+0000] {dagbag.py:588} INFO - Filling up the DagBag from /home/airflow/.local/lib/python3.12/site-packages/airflow/example_dags/example_display_name.py
[2024-11-25T08:45:44.007+0000] {processor.py:925} INFO - DAG(s) 'example_display_name' retrieved from /home/airflow/.local/lib/python3.12/site-packages/airflow/example_dags/example_display_name.py
[2024-11-25T08:45:44.034+0000] {logging_mixin.py:190} INFO - [2024-11-25T08:45:44.034+0000] {dag.py:3239} INFO - Sync 1 DAGs
[2024-11-25T08:45:44.048+0000] {logging_mixin.py:190} INFO - [2024-11-25T08:45:44.048+0000] {dag.py:4180} INFO - Setting next_dagrun for example_display_name to None, run_after=None
[2024-11-25T08:45:44.070+0000] {processor.py:208} INFO - Processing /home/airflow/.local/lib/python3.12/site-packages/airflow/example_dags/example_display_name.py took 0.078 seconds
[2024-11-25T08:46:14.489+0000] {processor.py:186} INFO - Started process (PID=3080) to work on /home/airflow/.local/lib/python3.12/site-packages/airflow/example_dags/example_display_name.py
[2024-11-25T08:46:14.490+0000] {processor.py:914} INFO - Processing file /home/airflow/.local/lib/python3.12/site-packages/airflow/example_dags/example_display_name.py for tasks to queue
[2024-11-25T08:46:14.493+0000] {logging_mixin.py:190} INFO - [2024-11-25T08:46:14.492+0000] {dagbag.py:588} INFO - Filling up the DagBag from /home/airflow/.local/lib/python3.12/site-packages/airflow/example_dags/example_display_name.py
[2024-11-25T08:46:14.502+0000] {processor.py:925} INFO - DAG(s) 'example_display_name' retrieved from /home/airflow/.local/lib/python3.12/site-packages/airflow/example_dags/example_display_name.py
[2024-11-25T08:46:14.530+0000] {logging_mixin.py:190} INFO - [2024-11-25T08:46:14.530+0000] {dag.py:3239} INFO - Sync 1 DAGs
[2024-11-25T08:46:14.550+0000] {logging_mixin.py:190} INFO - [2024-11-25T08:46:14.549+0000] {dag.py:4180} INFO - Setting next_dagrun for example_display_name to None, run_after=None
[2024-11-25T08:46:14.573+0000] {processor.py:208} INFO - Processing /home/airflow/.local/lib/python3.12/site-packages/airflow/example_dags/example_display_name.py took 0.091 seconds
[2024-11-25T08:46:50.287+0000] {processor.py:186} INFO - Started process (PID=3393) to work on /home/airflow/.local/lib/python3.12/site-packages/airflow/example_dags/example_display_name.py
[2024-11-25T08:46:50.289+0000] {processor.py:914} INFO - Processing file /home/airflow/.local/lib/python3.12/site-packages/airflow/example_dags/example_display_name.py for tasks to queue
[2024-11-25T08:46:50.295+0000] {logging_mixin.py:190} INFO - [2024-11-25T08:46:50.294+0000] {dagbag.py:588} INFO - Filling up the DagBag from /home/airflow/.local/lib/python3.12/site-packages/airflow/example_dags/example_display_name.py
[2024-11-25T08:46:50.311+0000] {processor.py:925} INFO - DAG(s) 'example_display_name' retrieved from /home/airflow/.local/lib/python3.12/site-packages/airflow/example_dags/example_display_name.py
[2024-11-25T08:46:50.359+0000] {logging_mixin.py:190} INFO - [2024-11-25T08:46:50.359+0000] {dag.py:3239} INFO - Sync 1 DAGs
[2024-11-25T08:46:50.384+0000] {logging_mixin.py:190} INFO - [2024-11-25T08:46:50.384+0000] {dag.py:4180} INFO - Setting next_dagrun for example_display_name to None, run_after=None
[2024-11-25T08:46:50.418+0000] {processor.py:208} INFO - Processing /home/airflow/.local/lib/python3.12/site-packages/airflow/example_dags/example_display_name.py took 0.145 seconds
[2024-11-25T08:47:20.605+0000] {processor.py:186} INFO - Started process (PID=3694) to work on /home/airflow/.local/lib/python3.12/site-packages/airflow/example_dags/example_display_name.py
[2024-11-25T08:47:20.607+0000] {processor.py:914} INFO - Processing file /home/airflow/.local/lib/python3.12/site-packages/airflow/example_dags/example_display_name.py for tasks to queue
[2024-11-25T08:47:20.609+0000] {logging_mixin.py:190} INFO - [2024-11-25T08:47:20.609+0000] {dagbag.py:588} INFO - Filling up the DagBag from /home/airflow/.local/lib/python3.12/site-packages/airflow/example_dags/example_display_name.py
[2024-11-25T08:47:20.616+0000] {processor.py:925} INFO - DAG(s) 'example_display_name' retrieved from /home/airflow/.local/lib/python3.12/site-packages/airflow/example_dags/example_display_name.py
[2024-11-25T08:47:20.638+0000] {logging_mixin.py:190} INFO - [2024-11-25T08:47:20.638+0000] {dag.py:3239} INFO - Sync 1 DAGs
[2024-11-25T08:47:20.656+0000] {logging_mixin.py:190} INFO - [2024-11-25T08:47:20.656+0000] {dag.py:4180} INFO - Setting next_dagrun for example_display_name to None, run_after=None
[2024-11-25T08:47:20.680+0000] {processor.py:208} INFO - Processing /home/airflow/.local/lib/python3.12/site-packages/airflow/example_dags/example_display_name.py took 0.080 seconds
[2024-11-25T08:47:51.256+0000] {processor.py:186} INFO - Started process (PID=3990) to work on /home/airflow/.local/lib/python3.12/site-packages/airflow/example_dags/example_display_name.py
[2024-11-25T08:47:51.258+0000] {processor.py:914} INFO - Processing file /home/airflow/.local/lib/python3.12/site-packages/airflow/example_dags/example_display_name.py for tasks to queue
[2024-11-25T08:47:51.260+0000] {logging_mixin.py:190} INFO - [2024-11-25T08:47:51.260+0000] {dagbag.py:588} INFO - Filling up the DagBag from /home/airflow/.local/lib/python3.12/site-packages/airflow/example_dags/example_display_name.py
[2024-11-25T08:47:51.269+0000] {processor.py:925} INFO - DAG(s) 'example_display_name' retrieved from /home/airflow/.local/lib/python3.12/site-packages/airflow/example_dags/example_display_name.py
[2024-11-25T08:47:51.294+0000] {logging_mixin.py:190} INFO - [2024-11-25T08:47:51.294+0000] {dag.py:3239} INFO - Sync 1 DAGs
[2024-11-25T08:47:51.309+0000] {logging_mixin.py:190} INFO - [2024-11-25T08:47:51.308+0000] {dag.py:4180} INFO - Setting next_dagrun for example_display_name to None, run_after=None
[2024-11-25T08:47:51.333+0000] {processor.py:208} INFO - Processing /home/airflow/.local/lib/python3.12/site-packages/airflow/example_dags/example_display_name.py took 0.083 seconds
[2024-11-25T08:48:22.999+0000] {processor.py:186} INFO - Started process (PID=4296) to work on /home/airflow/.local/lib/python3.12/site-packages/airflow/example_dags/example_display_name.py
[2024-11-25T08:48:23.002+0000] {processor.py:914} INFO - Processing file /home/airflow/.local/lib/python3.12/site-packages/airflow/example_dags/example_display_name.py for tasks to queue
[2024-11-25T08:48:23.005+0000] {logging_mixin.py:190} INFO - [2024-11-25T08:48:23.005+0000] {dagbag.py:588} INFO - Filling up the DagBag from /home/airflow/.local/lib/python3.12/site-packages/airflow/example_dags/example_display_name.py
[2024-11-25T08:48:23.016+0000] {processor.py:925} INFO - DAG(s) 'example_display_name' retrieved from /home/airflow/.local/lib/python3.12/site-packages/airflow/example_dags/example_display_name.py
[2024-11-25T08:48:23.048+0000] {logging_mixin.py:190} INFO - [2024-11-25T08:48:23.048+0000] {dag.py:3239} INFO - Sync 1 DAGs
[2024-11-25T08:48:23.069+0000] {logging_mixin.py:190} INFO - [2024-11-25T08:48:23.069+0000] {dag.py:4180} INFO - Setting next_dagrun for example_display_name to None, run_after=None
[2024-11-25T08:48:23.099+0000] {processor.py:208} INFO - Processing /home/airflow/.local/lib/python3.12/site-packages/airflow/example_dags/example_display_name.py took 0.110 seconds
[2024-11-25T08:48:54.538+0000] {processor.py:186} INFO - Started process (PID=4592) to work on /home/airflow/.local/lib/python3.12/site-packages/airflow/example_dags/example_display_name.py
[2024-11-25T08:48:54.540+0000] {processor.py:914} INFO - Processing file /home/airflow/.local/lib/python3.12/site-packages/airflow/example_dags/example_display_name.py for tasks to queue
[2024-11-25T08:48:54.542+0000] {logging_mixin.py:190} INFO - [2024-11-25T08:48:54.542+0000] {dagbag.py:588} INFO - Filling up the DagBag from /home/airflow/.local/lib/python3.12/site-packages/airflow/example_dags/example_display_name.py
[2024-11-25T08:48:54.558+0000] {processor.py:925} INFO - DAG(s) 'example_display_name' retrieved from /home/airflow/.local/lib/python3.12/site-packages/airflow/example_dags/example_display_name.py
[2024-11-25T08:48:54.605+0000] {logging_mixin.py:190} INFO - [2024-11-25T08:48:54.604+0000] {dag.py:3239} INFO - Sync 1 DAGs
[2024-11-25T08:48:54.633+0000] {logging_mixin.py:190} INFO - [2024-11-25T08:48:54.633+0000] {dag.py:4180} INFO - Setting next_dagrun for example_display_name to None, run_after=None
[2024-11-25T08:48:54.679+0000] {processor.py:208} INFO - Processing /home/airflow/.local/lib/python3.12/site-packages/airflow/example_dags/example_display_name.py took 0.148 seconds
[2024-11-25T08:49:24.938+0000] {processor.py:186} INFO - Started process (PID=4888) to work on /home/airflow/.local/lib/python3.12/site-packages/airflow/example_dags/example_display_name.py
[2024-11-25T08:49:24.940+0000] {processor.py:914} INFO - Processing file /home/airflow/.local/lib/python3.12/site-packages/airflow/example_dags/example_display_name.py for tasks to queue
[2024-11-25T08:49:24.945+0000] {logging_mixin.py:190} INFO - [2024-11-25T08:49:24.944+0000] {dagbag.py:588} INFO - Filling up the DagBag from /home/airflow/.local/lib/python3.12/site-packages/airflow/example_dags/example_display_name.py
[2024-11-25T08:49:24.955+0000] {processor.py:925} INFO - DAG(s) 'example_display_name' retrieved from /home/airflow/.local/lib/python3.12/site-packages/airflow/example_dags/example_display_name.py
[2024-11-25T08:49:24.993+0000] {logging_mixin.py:190} INFO - [2024-11-25T08:49:24.993+0000] {dag.py:3239} INFO - Sync 1 DAGs
[2024-11-25T08:49:25.025+0000] {logging_mixin.py:190} INFO - [2024-11-25T08:49:25.024+0000] {dag.py:4180} INFO - Setting next_dagrun for example_display_name to None, run_after=None
[2024-11-25T08:49:25.062+0000] {processor.py:208} INFO - Processing /home/airflow/.local/lib/python3.12/site-packages/airflow/example_dags/example_display_name.py took 0.132 seconds
[2024-11-25T08:49:55.562+0000] {processor.py:186} INFO - Started process (PID=5184) to work on /home/airflow/.local/lib/python3.12/site-packages/airflow/example_dags/example_display_name.py
[2024-11-25T08:49:55.566+0000] {processor.py:914} INFO - Processing file /home/airflow/.local/lib/python3.12/site-packages/airflow/example_dags/example_display_name.py for tasks to queue
[2024-11-25T08:49:55.572+0000] {logging_mixin.py:190} INFO - [2024-11-25T08:49:55.571+0000] {dagbag.py:588} INFO - Filling up the DagBag from /home/airflow/.local/lib/python3.12/site-packages/airflow/example_dags/example_display_name.py
[2024-11-25T08:49:55.589+0000] {processor.py:925} INFO - DAG(s) 'example_display_name' retrieved from /home/airflow/.local/lib/python3.12/site-packages/airflow/example_dags/example_display_name.py
[2024-11-25T08:49:55.675+0000] {logging_mixin.py:190} INFO - [2024-11-25T08:49:55.673+0000] {dag.py:3239} INFO - Sync 1 DAGs
[2024-11-25T08:49:55.742+0000] {logging_mixin.py:190} INFO - [2024-11-25T08:49:55.741+0000] {dag.py:4180} INFO - Setting next_dagrun for example_display_name to None, run_after=None
[2024-11-25T08:49:55.797+0000] {processor.py:208} INFO - Processing /home/airflow/.local/lib/python3.12/site-packages/airflow/example_dags/example_display_name.py took 0.246 seconds
[2024-11-25T08:50:27.274+0000] {processor.py:186} INFO - Started process (PID=5485) to work on /home/airflow/.local/lib/python3.12/site-packages/airflow/example_dags/example_display_name.py
[2024-11-25T08:50:27.278+0000] {processor.py:914} INFO - Processing file /home/airflow/.local/lib/python3.12/site-packages/airflow/example_dags/example_display_name.py for tasks to queue
[2024-11-25T08:50:27.288+0000] {logging_mixin.py:190} INFO - [2024-11-25T08:50:27.287+0000] {dagbag.py:588} INFO - Filling up the DagBag from /home/airflow/.local/lib/python3.12/site-packages/airflow/example_dags/example_display_name.py
[2024-11-25T08:50:27.333+0000] {processor.py:925} INFO - DAG(s) 'example_display_name' retrieved from /home/airflow/.local/lib/python3.12/site-packages/airflow/example_dags/example_display_name.py
[2024-11-25T08:50:27.422+0000] {logging_mixin.py:190} INFO - [2024-11-25T08:50:27.421+0000] {dag.py:3239} INFO - Sync 1 DAGs
[2024-11-25T08:50:27.471+0000] {logging_mixin.py:190} INFO - [2024-11-25T08:50:27.470+0000] {dag.py:4180} INFO - Setting next_dagrun for example_display_name to None, run_after=None
[2024-11-25T08:50:27.571+0000] {processor.py:208} INFO - Processing /home/airflow/.local/lib/python3.12/site-packages/airflow/example_dags/example_display_name.py took 0.318 seconds
[2024-11-25T08:50:58.191+0000] {processor.py:186} INFO - Started process (PID=5789) to work on /home/airflow/.local/lib/python3.12/site-packages/airflow/example_dags/example_display_name.py
[2024-11-25T08:50:58.193+0000] {processor.py:914} INFO - Processing file /home/airflow/.local/lib/python3.12/site-packages/airflow/example_dags/example_display_name.py for tasks to queue
[2024-11-25T08:50:58.195+0000] {logging_mixin.py:190} INFO - [2024-11-25T08:50:58.195+0000] {dagbag.py:588} INFO - Filling up the DagBag from /home/airflow/.local/lib/python3.12/site-packages/airflow/example_dags/example_display_name.py
[2024-11-25T08:50:58.203+0000] {processor.py:925} INFO - DAG(s) 'example_display_name' retrieved from /home/airflow/.local/lib/python3.12/site-packages/airflow/example_dags/example_display_name.py
[2024-11-25T08:50:58.227+0000] {logging_mixin.py:190} INFO - [2024-11-25T08:50:58.227+0000] {dag.py:3239} INFO - Sync 1 DAGs
[2024-11-25T08:50:58.242+0000] {logging_mixin.py:190} INFO - [2024-11-25T08:50:58.242+0000] {dag.py:4180} INFO - Setting next_dagrun for example_display_name to None, run_after=None
[2024-11-25T08:50:58.263+0000] {processor.py:208} INFO - Processing /home/airflow/.local/lib/python3.12/site-packages/airflow/example_dags/example_display_name.py took 0.079 seconds
[2024-11-25T08:51:28.475+0000] {processor.py:186} INFO - Started process (PID=6096) to work on /home/airflow/.local/lib/python3.12/site-packages/airflow/example_dags/example_display_name.py
[2024-11-25T08:51:28.476+0000] {processor.py:914} INFO - Processing file /home/airflow/.local/lib/python3.12/site-packages/airflow/example_dags/example_display_name.py for tasks to queue
[2024-11-25T08:51:28.484+0000] {logging_mixin.py:190} INFO - [2024-11-25T08:51:28.483+0000] {dagbag.py:588} INFO - Filling up the DagBag from /home/airflow/.local/lib/python3.12/site-packages/airflow/example_dags/example_display_name.py
[2024-11-25T08:51:28.496+0000] {processor.py:925} INFO - DAG(s) 'example_display_name' retrieved from /home/airflow/.local/lib/python3.12/site-packages/airflow/example_dags/example_display_name.py
[2024-11-25T08:51:28.521+0000] {logging_mixin.py:190} INFO - [2024-11-25T08:51:28.521+0000] {dag.py:3239} INFO - Sync 1 DAGs
[2024-11-25T08:51:28.538+0000] {logging_mixin.py:190} INFO - [2024-11-25T08:51:28.538+0000] {dag.py:4180} INFO - Setting next_dagrun for example_display_name to None, run_after=None
[2024-11-25T08:51:28.561+0000] {processor.py:208} INFO - Processing /home/airflow/.local/lib/python3.12/site-packages/airflow/example_dags/example_display_name.py took 0.093 seconds
[2024-11-25T08:51:59.310+0000] {processor.py:186} INFO - Started process (PID=6399) to work on /home/airflow/.local/lib/python3.12/site-packages/airflow/example_dags/example_display_name.py
[2024-11-25T08:51:59.312+0000] {processor.py:914} INFO - Processing file /home/airflow/.local/lib/python3.12/site-packages/airflow/example_dags/example_display_name.py for tasks to queue
[2024-11-25T08:51:59.315+0000] {logging_mixin.py:190} INFO - [2024-11-25T08:51:59.314+0000] {dagbag.py:588} INFO - Filling up the DagBag from /home/airflow/.local/lib/python3.12/site-packages/airflow/example_dags/example_display_name.py
[2024-11-25T08:51:59.324+0000] {processor.py:925} INFO - DAG(s) 'example_display_name' retrieved from /home/airflow/.local/lib/python3.12/site-packages/airflow/example_dags/example_display_name.py
[2024-11-25T08:51:59.349+0000] {logging_mixin.py:190} INFO - [2024-11-25T08:51:59.349+0000] {dag.py:3239} INFO - Sync 1 DAGs
[2024-11-25T08:51:59.366+0000] {logging_mixin.py:190} INFO - [2024-11-25T08:51:59.366+0000] {dag.py:4180} INFO - Setting next_dagrun for example_display_name to None, run_after=None
[2024-11-25T08:51:59.394+0000] {processor.py:208} INFO - Processing /home/airflow/.local/lib/python3.12/site-packages/airflow/example_dags/example_display_name.py took 0.090 seconds
[2024-11-25T08:52:29.841+0000] {processor.py:186} INFO - Started process (PID=6700) to work on /home/airflow/.local/lib/python3.12/site-packages/airflow/example_dags/example_display_name.py
[2024-11-25T08:52:29.842+0000] {processor.py:914} INFO - Processing file /home/airflow/.local/lib/python3.12/site-packages/airflow/example_dags/example_display_name.py for tasks to queue
[2024-11-25T08:52:29.844+0000] {logging_mixin.py:190} INFO - [2024-11-25T08:52:29.844+0000] {dagbag.py:588} INFO - Filling up the DagBag from /home/airflow/.local/lib/python3.12/site-packages/airflow/example_dags/example_display_name.py
[2024-11-25T08:52:29.852+0000] {processor.py:925} INFO - DAG(s) 'example_display_name' retrieved from /home/airflow/.local/lib/python3.12/site-packages/airflow/example_dags/example_display_name.py
[2024-11-25T08:52:29.875+0000] {logging_mixin.py:190} INFO - [2024-11-25T08:52:29.875+0000] {dag.py:3239} INFO - Sync 1 DAGs
[2024-11-25T08:52:29.892+0000] {logging_mixin.py:190} INFO - [2024-11-25T08:52:29.891+0000] {dag.py:4180} INFO - Setting next_dagrun for example_display_name to None, run_after=None
[2024-11-25T08:52:29.912+0000] {processor.py:208} INFO - Processing /home/airflow/.local/lib/python3.12/site-packages/airflow/example_dags/example_display_name.py took 0.076 seconds
[2024-11-25T08:53:00.423+0000] {processor.py:186} INFO - Started process (PID=7001) to work on /home/airflow/.local/lib/python3.12/site-packages/airflow/example_dags/example_display_name.py
[2024-11-25T08:53:00.424+0000] {processor.py:914} INFO - Processing file /home/airflow/.local/lib/python3.12/site-packages/airflow/example_dags/example_display_name.py for tasks to queue
[2024-11-25T08:53:00.427+0000] {logging_mixin.py:190} INFO - [2024-11-25T08:53:00.426+0000] {dagbag.py:588} INFO - Filling up the DagBag from /home/airflow/.local/lib/python3.12/site-packages/airflow/example_dags/example_display_name.py
[2024-11-25T08:53:00.435+0000] {processor.py:925} INFO - DAG(s) 'example_display_name' retrieved from /home/airflow/.local/lib/python3.12/site-packages/airflow/example_dags/example_display_name.py
[2024-11-25T08:53:00.460+0000] {logging_mixin.py:190} INFO - [2024-11-25T08:53:00.460+0000] {dag.py:3239} INFO - Sync 1 DAGs
[2024-11-25T08:53:00.477+0000] {logging_mixin.py:190} INFO - [2024-11-25T08:53:00.477+0000] {dag.py:4180} INFO - Setting next_dagrun for example_display_name to None, run_after=None
[2024-11-25T08:53:00.509+0000] {processor.py:208} INFO - Processing /home/airflow/.local/lib/python3.12/site-packages/airflow/example_dags/example_display_name.py took 0.092 seconds
[2024-11-25T08:53:30.931+0000] {processor.py:186} INFO - Started process (PID=7302) to work on /home/airflow/.local/lib/python3.12/site-packages/airflow/example_dags/example_display_name.py
[2024-11-25T08:53:30.932+0000] {processor.py:914} INFO - Processing file /home/airflow/.local/lib/python3.12/site-packages/airflow/example_dags/example_display_name.py for tasks to queue
[2024-11-25T08:53:30.937+0000] {logging_mixin.py:190} INFO - [2024-11-25T08:53:30.936+0000] {dagbag.py:588} INFO - Filling up the DagBag from /home/airflow/.local/lib/python3.12/site-packages/airflow/example_dags/example_display_name.py
[2024-11-25T08:53:30.950+0000] {processor.py:925} INFO - DAG(s) 'example_display_name' retrieved from /home/airflow/.local/lib/python3.12/site-packages/airflow/example_dags/example_display_name.py
[2024-11-25T08:53:30.980+0000] {logging_mixin.py:190} INFO - [2024-11-25T08:53:30.979+0000] {dag.py:3239} INFO - Sync 1 DAGs
[2024-11-25T08:53:30.997+0000] {logging_mixin.py:190} INFO - [2024-11-25T08:53:30.997+0000] {dag.py:4180} INFO - Setting next_dagrun for example_display_name to None, run_after=None
[2024-11-25T08:53:31.024+0000] {processor.py:208} INFO - Processing /home/airflow/.local/lib/python3.12/site-packages/airflow/example_dags/example_display_name.py took 0.100 seconds
[2024-11-25T08:54:01.941+0000] {processor.py:186} INFO - Started process (PID=7601) to work on /home/airflow/.local/lib/python3.12/site-packages/airflow/example_dags/example_display_name.py
[2024-11-25T08:54:01.943+0000] {processor.py:914} INFO - Processing file /home/airflow/.local/lib/python3.12/site-packages/airflow/example_dags/example_display_name.py for tasks to queue
[2024-11-25T08:54:01.946+0000] {logging_mixin.py:190} INFO - [2024-11-25T08:54:01.946+0000] {dagbag.py:588} INFO - Filling up the DagBag from /home/airflow/.local/lib/python3.12/site-packages/airflow/example_dags/example_display_name.py
[2024-11-25T08:54:01.959+0000] {processor.py:925} INFO - DAG(s) 'example_display_name' retrieved from /home/airflow/.local/lib/python3.12/site-packages/airflow/example_dags/example_display_name.py
[2024-11-25T08:54:02.000+0000] {logging_mixin.py:190} INFO - [2024-11-25T08:54:01.998+0000] {dag.py:3239} INFO - Sync 1 DAGs
[2024-11-25T08:54:02.038+0000] {logging_mixin.py:190} INFO - [2024-11-25T08:54:02.037+0000] {dag.py:4180} INFO - Setting next_dagrun for example_display_name to None, run_after=None
[2024-11-25T08:54:02.068+0000] {processor.py:208} INFO - Processing /home/airflow/.local/lib/python3.12/site-packages/airflow/example_dags/example_display_name.py took 0.136 seconds
[2024-11-25T08:54:32.821+0000] {processor.py:186} INFO - Started process (PID=7902) to work on /home/airflow/.local/lib/python3.12/site-packages/airflow/example_dags/example_display_name.py
[2024-11-25T08:54:32.822+0000] {processor.py:914} INFO - Processing file /home/airflow/.local/lib/python3.12/site-packages/airflow/example_dags/example_display_name.py for tasks to queue
[2024-11-25T08:54:32.824+0000] {logging_mixin.py:190} INFO - [2024-11-25T08:54:32.823+0000] {dagbag.py:588} INFO - Filling up the DagBag from /home/airflow/.local/lib/python3.12/site-packages/airflow/example_dags/example_display_name.py
[2024-11-25T08:54:32.831+0000] {processor.py:925} INFO - DAG(s) 'example_display_name' retrieved from /home/airflow/.local/lib/python3.12/site-packages/airflow/example_dags/example_display_name.py
[2024-11-25T08:54:32.865+0000] {logging_mixin.py:190} INFO - [2024-11-25T08:54:32.864+0000] {dag.py:3239} INFO - Sync 1 DAGs
[2024-11-25T08:54:32.881+0000] {logging_mixin.py:190} INFO - [2024-11-25T08:54:32.881+0000] {dag.py:4180} INFO - Setting next_dagrun for example_display_name to None, run_after=None
[2024-11-25T08:54:32.903+0000] {processor.py:208} INFO - Processing /home/airflow/.local/lib/python3.12/site-packages/airflow/example_dags/example_display_name.py took 0.088 seconds
[2024-11-25T08:55:03.583+0000] {processor.py:186} INFO - Started process (PID=8203) to work on /home/airflow/.local/lib/python3.12/site-packages/airflow/example_dags/example_display_name.py
[2024-11-25T08:55:03.585+0000] {processor.py:914} INFO - Processing file /home/airflow/.local/lib/python3.12/site-packages/airflow/example_dags/example_display_name.py for tasks to queue
[2024-11-25T08:55:03.589+0000] {logging_mixin.py:190} INFO - [2024-11-25T08:55:03.588+0000] {dagbag.py:588} INFO - Filling up the DagBag from /home/airflow/.local/lib/python3.12/site-packages/airflow/example_dags/example_display_name.py
[2024-11-25T08:55:03.601+0000] {processor.py:925} INFO - DAG(s) 'example_display_name' retrieved from /home/airflow/.local/lib/python3.12/site-packages/airflow/example_dags/example_display_name.py
[2024-11-25T08:55:03.638+0000] {logging_mixin.py:190} INFO - [2024-11-25T08:55:03.638+0000] {dag.py:3239} INFO - Sync 1 DAGs
[2024-11-25T08:55:03.672+0000] {logging_mixin.py:190} INFO - [2024-11-25T08:55:03.671+0000] {dag.py:4180} INFO - Setting next_dagrun for example_display_name to None, run_after=None
[2024-11-25T08:55:03.724+0000] {processor.py:208} INFO - Processing /home/airflow/.local/lib/python3.12/site-packages/airflow/example_dags/example_display_name.py took 0.152 seconds
[2024-11-25T08:55:33.811+0000] {processor.py:186} INFO - Started process (PID=8505) to work on /home/airflow/.local/lib/python3.12/site-packages/airflow/example_dags/example_display_name.py
[2024-11-25T08:55:33.812+0000] {processor.py:914} INFO - Processing file /home/airflow/.local/lib/python3.12/site-packages/airflow/example_dags/example_display_name.py for tasks to queue
[2024-11-25T08:55:33.815+0000] {logging_mixin.py:190} INFO - [2024-11-25T08:55:33.814+0000] {dagbag.py:588} INFO - Filling up the DagBag from /home/airflow/.local/lib/python3.12/site-packages/airflow/example_dags/example_display_name.py
[2024-11-25T08:55:33.822+0000] {processor.py:925} INFO - DAG(s) 'example_display_name' retrieved from /home/airflow/.local/lib/python3.12/site-packages/airflow/example_dags/example_display_name.py
[2024-11-25T08:55:33.848+0000] {logging_mixin.py:190} INFO - [2024-11-25T08:55:33.848+0000] {dag.py:3239} INFO - Sync 1 DAGs
[2024-11-25T08:55:33.864+0000] {logging_mixin.py:190} INFO - [2024-11-25T08:55:33.863+0000] {dag.py:4180} INFO - Setting next_dagrun for example_display_name to None, run_after=None
[2024-11-25T08:55:33.887+0000] {processor.py:208} INFO - Processing /home/airflow/.local/lib/python3.12/site-packages/airflow/example_dags/example_display_name.py took 0.082 seconds
[2024-11-25T08:56:04.680+0000] {processor.py:186} INFO - Started process (PID=8807) to work on /home/airflow/.local/lib/python3.12/site-packages/airflow/example_dags/example_display_name.py
[2024-11-25T08:56:04.681+0000] {processor.py:914} INFO - Processing file /home/airflow/.local/lib/python3.12/site-packages/airflow/example_dags/example_display_name.py for tasks to queue
[2024-11-25T08:56:04.685+0000] {logging_mixin.py:190} INFO - [2024-11-25T08:56:04.685+0000] {dagbag.py:588} INFO - Filling up the DagBag from /home/airflow/.local/lib/python3.12/site-packages/airflow/example_dags/example_display_name.py
[2024-11-25T08:56:04.695+0000] {processor.py:925} INFO - DAG(s) 'example_display_name' retrieved from /home/airflow/.local/lib/python3.12/site-packages/airflow/example_dags/example_display_name.py
[2024-11-25T08:56:04.731+0000] {logging_mixin.py:190} INFO - [2024-11-25T08:56:04.730+0000] {dag.py:3239} INFO - Sync 1 DAGs
[2024-11-25T08:56:04.755+0000] {logging_mixin.py:190} INFO - [2024-11-25T08:56:04.754+0000] {dag.py:4180} INFO - Setting next_dagrun for example_display_name to None, run_after=None
[2024-11-25T08:56:04.781+0000] {processor.py:208} INFO - Processing /home/airflow/.local/lib/python3.12/site-packages/airflow/example_dags/example_display_name.py took 0.108 seconds
[2024-11-25T08:56:34.912+0000] {processor.py:186} INFO - Started process (PID=9108) to work on /home/airflow/.local/lib/python3.12/site-packages/airflow/example_dags/example_display_name.py
[2024-11-25T08:56:34.913+0000] {processor.py:914} INFO - Processing file /home/airflow/.local/lib/python3.12/site-packages/airflow/example_dags/example_display_name.py for tasks to queue
[2024-11-25T08:56:34.916+0000] {logging_mixin.py:190} INFO - [2024-11-25T08:56:34.916+0000] {dagbag.py:588} INFO - Filling up the DagBag from /home/airflow/.local/lib/python3.12/site-packages/airflow/example_dags/example_display_name.py
[2024-11-25T08:56:34.925+0000] {processor.py:925} INFO - DAG(s) 'example_display_name' retrieved from /home/airflow/.local/lib/python3.12/site-packages/airflow/example_dags/example_display_name.py
[2024-11-25T08:56:34.956+0000] {logging_mixin.py:190} INFO - [2024-11-25T08:56:34.956+0000] {dag.py:3239} INFO - Sync 1 DAGs
[2024-11-25T08:56:34.976+0000] {logging_mixin.py:190} INFO - [2024-11-25T08:56:34.975+0000] {dag.py:4180} INFO - Setting next_dagrun for example_display_name to None, run_after=None
[2024-11-25T08:56:34.995+0000] {processor.py:208} INFO - Processing /home/airflow/.local/lib/python3.12/site-packages/airflow/example_dags/example_display_name.py took 0.090 seconds
[2024-11-25T08:57:05.221+0000] {processor.py:186} INFO - Started process (PID=9409) to work on /home/airflow/.local/lib/python3.12/site-packages/airflow/example_dags/example_display_name.py
[2024-11-25T08:57:05.222+0000] {processor.py:914} INFO - Processing file /home/airflow/.local/lib/python3.12/site-packages/airflow/example_dags/example_display_name.py for tasks to queue
[2024-11-25T08:57:05.226+0000] {logging_mixin.py:190} INFO - [2024-11-25T08:57:05.226+0000] {dagbag.py:588} INFO - Filling up the DagBag from /home/airflow/.local/lib/python3.12/site-packages/airflow/example_dags/example_display_name.py
[2024-11-25T08:57:05.234+0000] {processor.py:925} INFO - DAG(s) 'example_display_name' retrieved from /home/airflow/.local/lib/python3.12/site-packages/airflow/example_dags/example_display_name.py
[2024-11-25T08:57:05.261+0000] {logging_mixin.py:190} INFO - [2024-11-25T08:57:05.260+0000] {dag.py:3239} INFO - Sync 1 DAGs
[2024-11-25T08:57:05.279+0000] {logging_mixin.py:190} INFO - [2024-11-25T08:57:05.279+0000] {dag.py:4180} INFO - Setting next_dagrun for example_display_name to None, run_after=None
[2024-11-25T08:57:05.299+0000] {processor.py:208} INFO - Processing /home/airflow/.local/lib/python3.12/site-packages/airflow/example_dags/example_display_name.py took 0.084 seconds
[2024-11-25T08:57:36.129+0000] {processor.py:186} INFO - Started process (PID=9710) to work on /home/airflow/.local/lib/python3.12/site-packages/airflow/example_dags/example_display_name.py
[2024-11-25T08:57:36.131+0000] {processor.py:914} INFO - Processing file /home/airflow/.local/lib/python3.12/site-packages/airflow/example_dags/example_display_name.py for tasks to queue
[2024-11-25T08:57:36.134+0000] {logging_mixin.py:190} INFO - [2024-11-25T08:57:36.134+0000] {dagbag.py:588} INFO - Filling up the DagBag from /home/airflow/.local/lib/python3.12/site-packages/airflow/example_dags/example_display_name.py
[2024-11-25T08:57:36.143+0000] {processor.py:925} INFO - DAG(s) 'example_display_name' retrieved from /home/airflow/.local/lib/python3.12/site-packages/airflow/example_dags/example_display_name.py
[2024-11-25T08:57:36.183+0000] {logging_mixin.py:190} INFO - [2024-11-25T08:57:36.183+0000] {dag.py:3239} INFO - Sync 1 DAGs
[2024-11-25T08:57:36.201+0000] {logging_mixin.py:190} INFO - [2024-11-25T08:57:36.201+0000] {dag.py:4180} INFO - Setting next_dagrun for example_display_name to None, run_after=None
[2024-11-25T08:57:36.231+0000] {processor.py:208} INFO - Processing /home/airflow/.local/lib/python3.12/site-packages/airflow/example_dags/example_display_name.py took 0.110 seconds
[2024-11-25T08:58:06.676+0000] {processor.py:186} INFO - Started process (PID=10011) to work on /home/airflow/.local/lib/python3.12/site-packages/airflow/example_dags/example_display_name.py
[2024-11-25T08:58:06.678+0000] {processor.py:914} INFO - Processing file /home/airflow/.local/lib/python3.12/site-packages/airflow/example_dags/example_display_name.py for tasks to queue
[2024-11-25T08:58:06.684+0000] {logging_mixin.py:190} INFO - [2024-11-25T08:58:06.684+0000] {dagbag.py:588} INFO - Filling up the DagBag from /home/airflow/.local/lib/python3.12/site-packages/airflow/example_dags/example_display_name.py
[2024-11-25T08:58:06.697+0000] {processor.py:925} INFO - DAG(s) 'example_display_name' retrieved from /home/airflow/.local/lib/python3.12/site-packages/airflow/example_dags/example_display_name.py
[2024-11-25T08:58:06.734+0000] {logging_mixin.py:190} INFO - [2024-11-25T08:58:06.733+0000] {dag.py:3239} INFO - Sync 1 DAGs
[2024-11-25T08:58:06.764+0000] {logging_mixin.py:190} INFO - [2024-11-25T08:58:06.763+0000] {dag.py:4180} INFO - Setting next_dagrun for example_display_name to None, run_after=None
[2024-11-25T08:58:06.793+0000] {processor.py:208} INFO - Processing /home/airflow/.local/lib/python3.12/site-packages/airflow/example_dags/example_display_name.py took 0.124 seconds
[2024-11-25T08:58:37.024+0000] {processor.py:186} INFO - Started process (PID=10312) to work on /home/airflow/.local/lib/python3.12/site-packages/airflow/example_dags/example_display_name.py
[2024-11-25T08:58:37.026+0000] {processor.py:914} INFO - Processing file /home/airflow/.local/lib/python3.12/site-packages/airflow/example_dags/example_display_name.py for tasks to queue
[2024-11-25T08:58:37.029+0000] {logging_mixin.py:190} INFO - [2024-11-25T08:58:37.028+0000] {dagbag.py:588} INFO - Filling up the DagBag from /home/airflow/.local/lib/python3.12/site-packages/airflow/example_dags/example_display_name.py
[2024-11-25T08:58:37.039+0000] {processor.py:925} INFO - DAG(s) 'example_display_name' retrieved from /home/airflow/.local/lib/python3.12/site-packages/airflow/example_dags/example_display_name.py
[2024-11-25T08:58:37.071+0000] {logging_mixin.py:190} INFO - [2024-11-25T08:58:37.071+0000] {dag.py:3239} INFO - Sync 1 DAGs
[2024-11-25T08:58:37.088+0000] {logging_mixin.py:190} INFO - [2024-11-25T08:58:37.088+0000] {dag.py:4180} INFO - Setting next_dagrun for example_display_name to None, run_after=None
[2024-11-25T08:58:37.111+0000] {processor.py:208} INFO - Processing /home/airflow/.local/lib/python3.12/site-packages/airflow/example_dags/example_display_name.py took 0.094 seconds
[2024-11-25T08:59:07.300+0000] {processor.py:186} INFO - Started process (PID=10613) to work on /home/airflow/.local/lib/python3.12/site-packages/airflow/example_dags/example_display_name.py
[2024-11-25T08:59:07.302+0000] {processor.py:914} INFO - Processing file /home/airflow/.local/lib/python3.12/site-packages/airflow/example_dags/example_display_name.py for tasks to queue
[2024-11-25T08:59:07.305+0000] {logging_mixin.py:190} INFO - [2024-11-25T08:59:07.304+0000] {dagbag.py:588} INFO - Filling up the DagBag from /home/airflow/.local/lib/python3.12/site-packages/airflow/example_dags/example_display_name.py
[2024-11-25T08:59:07.317+0000] {processor.py:925} INFO - DAG(s) 'example_display_name' retrieved from /home/airflow/.local/lib/python3.12/site-packages/airflow/example_dags/example_display_name.py
[2024-11-25T08:59:07.347+0000] {logging_mixin.py:190} INFO - [2024-11-25T08:59:07.346+0000] {dag.py:3239} INFO - Sync 1 DAGs
[2024-11-25T08:59:07.367+0000] {logging_mixin.py:190} INFO - [2024-11-25T08:59:07.366+0000] {dag.py:4180} INFO - Setting next_dagrun for example_display_name to None, run_after=None
[2024-11-25T08:59:07.404+0000] {processor.py:208} INFO - Processing /home/airflow/.local/lib/python3.12/site-packages/airflow/example_dags/example_display_name.py took 0.112 seconds
[2024-11-25T08:59:37.746+0000] {processor.py:186} INFO - Started process (PID=10914) to work on /home/airflow/.local/lib/python3.12/site-packages/airflow/example_dags/example_display_name.py
[2024-11-25T08:59:37.747+0000] {processor.py:914} INFO - Processing file /home/airflow/.local/lib/python3.12/site-packages/airflow/example_dags/example_display_name.py for tasks to queue
[2024-11-25T08:59:37.750+0000] {logging_mixin.py:190} INFO - [2024-11-25T08:59:37.749+0000] {dagbag.py:588} INFO - Filling up the DagBag from /home/airflow/.local/lib/python3.12/site-packages/airflow/example_dags/example_display_name.py
[2024-11-25T08:59:37.757+0000] {processor.py:925} INFO - DAG(s) 'example_display_name' retrieved from /home/airflow/.local/lib/python3.12/site-packages/airflow/example_dags/example_display_name.py
[2024-11-25T08:59:37.785+0000] {logging_mixin.py:190} INFO - [2024-11-25T08:59:37.785+0000] {dag.py:3239} INFO - Sync 1 DAGs
[2024-11-25T08:59:37.815+0000] {logging_mixin.py:190} INFO - [2024-11-25T08:59:37.815+0000] {dag.py:4180} INFO - Setting next_dagrun for example_display_name to None, run_after=None
[2024-11-25T08:59:37.861+0000] {processor.py:208} INFO - Processing /home/airflow/.local/lib/python3.12/site-packages/airflow/example_dags/example_display_name.py took 0.120 seconds
[2024-11-25T09:00:08.247+0000] {processor.py:186} INFO - Started process (PID=11215) to work on /home/airflow/.local/lib/python3.12/site-packages/airflow/example_dags/example_display_name.py
[2024-11-25T09:00:08.248+0000] {processor.py:914} INFO - Processing file /home/airflow/.local/lib/python3.12/site-packages/airflow/example_dags/example_display_name.py for tasks to queue
[2024-11-25T09:00:08.252+0000] {logging_mixin.py:190} INFO - [2024-11-25T09:00:08.251+0000] {dagbag.py:588} INFO - Filling up the DagBag from /home/airflow/.local/lib/python3.12/site-packages/airflow/example_dags/example_display_name.py
[2024-11-25T09:00:08.261+0000] {processor.py:925} INFO - DAG(s) 'example_display_name' retrieved from /home/airflow/.local/lib/python3.12/site-packages/airflow/example_dags/example_display_name.py
[2024-11-25T09:00:08.291+0000] {logging_mixin.py:190} INFO - [2024-11-25T09:00:08.291+0000] {dag.py:3239} INFO - Sync 1 DAGs
[2024-11-25T09:00:08.310+0000] {logging_mixin.py:190} INFO - [2024-11-25T09:00:08.309+0000] {dag.py:4180} INFO - Setting next_dagrun for example_display_name to None, run_after=None
[2024-11-25T09:00:08.333+0000] {processor.py:208} INFO - Processing /home/airflow/.local/lib/python3.12/site-packages/airflow/example_dags/example_display_name.py took 0.091 seconds
[2024-11-25T09:00:38.735+0000] {processor.py:186} INFO - Started process (PID=11516) to work on /home/airflow/.local/lib/python3.12/site-packages/airflow/example_dags/example_display_name.py
[2024-11-25T09:00:38.736+0000] {processor.py:914} INFO - Processing file /home/airflow/.local/lib/python3.12/site-packages/airflow/example_dags/example_display_name.py for tasks to queue
[2024-11-25T09:00:38.739+0000] {logging_mixin.py:190} INFO - [2024-11-25T09:00:38.738+0000] {dagbag.py:588} INFO - Filling up the DagBag from /home/airflow/.local/lib/python3.12/site-packages/airflow/example_dags/example_display_name.py
[2024-11-25T09:00:38.748+0000] {processor.py:925} INFO - DAG(s) 'example_display_name' retrieved from /home/airflow/.local/lib/python3.12/site-packages/airflow/example_dags/example_display_name.py
[2024-11-25T09:00:38.777+0000] {logging_mixin.py:190} INFO - [2024-11-25T09:00:38.776+0000] {dag.py:3239} INFO - Sync 1 DAGs
[2024-11-25T09:00:38.794+0000] {logging_mixin.py:190} INFO - [2024-11-25T09:00:38.793+0000] {dag.py:4180} INFO - Setting next_dagrun for example_display_name to None, run_after=None
[2024-11-25T09:00:38.819+0000] {processor.py:208} INFO - Processing /home/airflow/.local/lib/python3.12/site-packages/airflow/example_dags/example_display_name.py took 0.091 seconds
[2024-11-25T09:01:09.623+0000] {processor.py:186} INFO - Started process (PID=11812) to work on /home/airflow/.local/lib/python3.12/site-packages/airflow/example_dags/example_display_name.py
[2024-11-25T09:01:09.625+0000] {processor.py:914} INFO - Processing file /home/airflow/.local/lib/python3.12/site-packages/airflow/example_dags/example_display_name.py for tasks to queue
[2024-11-25T09:01:09.628+0000] {logging_mixin.py:190} INFO - [2024-11-25T09:01:09.628+0000] {dagbag.py:588} INFO - Filling up the DagBag from /home/airflow/.local/lib/python3.12/site-packages/airflow/example_dags/example_display_name.py
[2024-11-25T09:01:09.638+0000] {processor.py:925} INFO - DAG(s) 'example_display_name' retrieved from /home/airflow/.local/lib/python3.12/site-packages/airflow/example_dags/example_display_name.py
[2024-11-25T09:01:09.667+0000] {logging_mixin.py:190} INFO - [2024-11-25T09:01:09.667+0000] {dag.py:3239} INFO - Sync 1 DAGs
[2024-11-25T09:01:09.693+0000] {logging_mixin.py:190} INFO - [2024-11-25T09:01:09.693+0000] {dag.py:4180} INFO - Setting next_dagrun for example_display_name to None, run_after=None
[2024-11-25T09:01:09.735+0000] {processor.py:208} INFO - Processing /home/airflow/.local/lib/python3.12/site-packages/airflow/example_dags/example_display_name.py took 0.119 seconds
[2024-11-25T09:01:39.857+0000] {processor.py:186} INFO - Started process (PID=12113) to work on /home/airflow/.local/lib/python3.12/site-packages/airflow/example_dags/example_display_name.py
[2024-11-25T09:01:39.858+0000] {processor.py:914} INFO - Processing file /home/airflow/.local/lib/python3.12/site-packages/airflow/example_dags/example_display_name.py for tasks to queue
[2024-11-25T09:01:39.862+0000] {logging_mixin.py:190} INFO - [2024-11-25T09:01:39.861+0000] {dagbag.py:588} INFO - Filling up the DagBag from /home/airflow/.local/lib/python3.12/site-packages/airflow/example_dags/example_display_name.py
[2024-11-25T09:01:39.873+0000] {processor.py:925} INFO - DAG(s) 'example_display_name' retrieved from /home/airflow/.local/lib/python3.12/site-packages/airflow/example_dags/example_display_name.py
[2024-11-25T09:01:39.907+0000] {logging_mixin.py:190} INFO - [2024-11-25T09:01:39.907+0000] {dag.py:3239} INFO - Sync 1 DAGs
[2024-11-25T09:01:39.930+0000] {logging_mixin.py:190} INFO - [2024-11-25T09:01:39.930+0000] {dag.py:4180} INFO - Setting next_dagrun for example_display_name to None, run_after=None
[2024-11-25T09:01:39.972+0000] {processor.py:208} INFO - Processing /home/airflow/.local/lib/python3.12/site-packages/airflow/example_dags/example_display_name.py took 0.123 seconds
[2024-11-25T09:02:10.208+0000] {processor.py:186} INFO - Started process (PID=12415) to work on /home/airflow/.local/lib/python3.12/site-packages/airflow/example_dags/example_display_name.py
[2024-11-25T09:02:10.209+0000] {processor.py:914} INFO - Processing file /home/airflow/.local/lib/python3.12/site-packages/airflow/example_dags/example_display_name.py for tasks to queue
[2024-11-25T09:02:10.213+0000] {logging_mixin.py:190} INFO - [2024-11-25T09:02:10.212+0000] {dagbag.py:588} INFO - Filling up the DagBag from /home/airflow/.local/lib/python3.12/site-packages/airflow/example_dags/example_display_name.py
[2024-11-25T09:02:10.221+0000] {processor.py:925} INFO - DAG(s) 'example_display_name' retrieved from /home/airflow/.local/lib/python3.12/site-packages/airflow/example_dags/example_display_name.py
[2024-11-25T09:02:10.256+0000] {logging_mixin.py:190} INFO - [2024-11-25T09:02:10.255+0000] {dag.py:3239} INFO - Sync 1 DAGs
[2024-11-25T09:02:10.277+0000] {logging_mixin.py:190} INFO - [2024-11-25T09:02:10.277+0000] {dag.py:4180} INFO - Setting next_dagrun for example_display_name to None, run_after=None
[2024-11-25T09:02:10.308+0000] {processor.py:208} INFO - Processing /home/airflow/.local/lib/python3.12/site-packages/airflow/example_dags/example_display_name.py took 0.106 seconds
[2024-11-25T09:02:40.635+0000] {processor.py:186} INFO - Started process (PID=12716) to work on /home/airflow/.local/lib/python3.12/site-packages/airflow/example_dags/example_display_name.py
[2024-11-25T09:02:40.637+0000] {processor.py:914} INFO - Processing file /home/airflow/.local/lib/python3.12/site-packages/airflow/example_dags/example_display_name.py for tasks to queue
[2024-11-25T09:02:40.641+0000] {logging_mixin.py:190} INFO - [2024-11-25T09:02:40.640+0000] {dagbag.py:588} INFO - Filling up the DagBag from /home/airflow/.local/lib/python3.12/site-packages/airflow/example_dags/example_display_name.py
[2024-11-25T09:02:40.650+0000] {processor.py:925} INFO - DAG(s) 'example_display_name' retrieved from /home/airflow/.local/lib/python3.12/site-packages/airflow/example_dags/example_display_name.py
[2024-11-25T09:02:40.681+0000] {logging_mixin.py:190} INFO - [2024-11-25T09:02:40.681+0000] {dag.py:3239} INFO - Sync 1 DAGs
[2024-11-25T09:02:40.700+0000] {logging_mixin.py:190} INFO - [2024-11-25T09:02:40.700+0000] {dag.py:4180} INFO - Setting next_dagrun for example_display_name to None, run_after=None
[2024-11-25T09:02:40.723+0000] {processor.py:208} INFO - Processing /home/airflow/.local/lib/python3.12/site-packages/airflow/example_dags/example_display_name.py took 0.094 seconds
[2024-11-25T09:03:11.063+0000] {processor.py:186} INFO - Started process (PID=13018) to work on /home/airflow/.local/lib/python3.12/site-packages/airflow/example_dags/example_display_name.py
[2024-11-25T09:03:11.064+0000] {processor.py:914} INFO - Processing file /home/airflow/.local/lib/python3.12/site-packages/airflow/example_dags/example_display_name.py for tasks to queue
[2024-11-25T09:03:11.066+0000] {logging_mixin.py:190} INFO - [2024-11-25T09:03:11.066+0000] {dagbag.py:588} INFO - Filling up the DagBag from /home/airflow/.local/lib/python3.12/site-packages/airflow/example_dags/example_display_name.py
[2024-11-25T09:03:11.075+0000] {processor.py:925} INFO - DAG(s) 'example_display_name' retrieved from /home/airflow/.local/lib/python3.12/site-packages/airflow/example_dags/example_display_name.py
[2024-11-25T09:03:11.099+0000] {logging_mixin.py:190} INFO - [2024-11-25T09:03:11.099+0000] {dag.py:3239} INFO - Sync 1 DAGs
[2024-11-25T09:03:11.116+0000] {logging_mixin.py:190} INFO - [2024-11-25T09:03:11.116+0000] {dag.py:4180} INFO - Setting next_dagrun for example_display_name to None, run_after=None
[2024-11-25T09:03:11.139+0000] {processor.py:208} INFO - Processing /home/airflow/.local/lib/python3.12/site-packages/airflow/example_dags/example_display_name.py took 0.083 seconds
[2024-11-25T09:03:42.262+0000] {processor.py:186} INFO - Started process (PID=13319) to work on /home/airflow/.local/lib/python3.12/site-packages/airflow/example_dags/example_display_name.py
[2024-11-25T09:03:42.263+0000] {processor.py:914} INFO - Processing file /home/airflow/.local/lib/python3.12/site-packages/airflow/example_dags/example_display_name.py for tasks to queue
[2024-11-25T09:03:42.266+0000] {logging_mixin.py:190} INFO - [2024-11-25T09:03:42.266+0000] {dagbag.py:588} INFO - Filling up the DagBag from /home/airflow/.local/lib/python3.12/site-packages/airflow/example_dags/example_display_name.py
[2024-11-25T09:03:42.275+0000] {processor.py:925} INFO - DAG(s) 'example_display_name' retrieved from /home/airflow/.local/lib/python3.12/site-packages/airflow/example_dags/example_display_name.py
[2024-11-25T09:03:42.299+0000] {logging_mixin.py:190} INFO - [2024-11-25T09:03:42.299+0000] {dag.py:3239} INFO - Sync 1 DAGs
[2024-11-25T09:03:42.318+0000] {logging_mixin.py:190} INFO - [2024-11-25T09:03:42.318+0000] {dag.py:4180} INFO - Setting next_dagrun for example_display_name to None, run_after=None
[2024-11-25T09:03:42.340+0000] {processor.py:208} INFO - Processing /home/airflow/.local/lib/python3.12/site-packages/airflow/example_dags/example_display_name.py took 0.083 seconds
[2024-11-25T09:04:12.485+0000] {processor.py:186} INFO - Started process (PID=13617) to work on /home/airflow/.local/lib/python3.12/site-packages/airflow/example_dags/example_display_name.py
[2024-11-25T09:04:12.486+0000] {processor.py:914} INFO - Processing file /home/airflow/.local/lib/python3.12/site-packages/airflow/example_dags/example_display_name.py for tasks to queue
[2024-11-25T09:04:12.489+0000] {logging_mixin.py:190} INFO - [2024-11-25T09:04:12.488+0000] {dagbag.py:588} INFO - Filling up the DagBag from /home/airflow/.local/lib/python3.12/site-packages/airflow/example_dags/example_display_name.py
[2024-11-25T09:04:12.497+0000] {processor.py:925} INFO - DAG(s) 'example_display_name' retrieved from /home/airflow/.local/lib/python3.12/site-packages/airflow/example_dags/example_display_name.py
[2024-11-25T09:04:12.522+0000] {logging_mixin.py:190} INFO - [2024-11-25T09:04:12.521+0000] {dag.py:3239} INFO - Sync 1 DAGs
[2024-11-25T09:04:12.540+0000] {logging_mixin.py:190} INFO - [2024-11-25T09:04:12.540+0000] {dag.py:4180} INFO - Setting next_dagrun for example_display_name to None, run_after=None
[2024-11-25T09:04:12.564+0000] {processor.py:208} INFO - Processing /home/airflow/.local/lib/python3.12/site-packages/airflow/example_dags/example_display_name.py took 0.086 seconds
[2024-11-25T09:04:42.682+0000] {processor.py:186} INFO - Started process (PID=13918) to work on /home/airflow/.local/lib/python3.12/site-packages/airflow/example_dags/example_display_name.py
[2024-11-25T09:04:42.683+0000] {processor.py:914} INFO - Processing file /home/airflow/.local/lib/python3.12/site-packages/airflow/example_dags/example_display_name.py for tasks to queue
[2024-11-25T09:04:42.685+0000] {logging_mixin.py:190} INFO - [2024-11-25T09:04:42.685+0000] {dagbag.py:588} INFO - Filling up the DagBag from /home/airflow/.local/lib/python3.12/site-packages/airflow/example_dags/example_display_name.py
[2024-11-25T09:04:42.692+0000] {processor.py:925} INFO - DAG(s) 'example_display_name' retrieved from /home/airflow/.local/lib/python3.12/site-packages/airflow/example_dags/example_display_name.py
[2024-11-25T09:04:42.716+0000] {logging_mixin.py:190} INFO - [2024-11-25T09:04:42.716+0000] {dag.py:3239} INFO - Sync 1 DAGs
[2024-11-25T09:04:42.731+0000] {logging_mixin.py:190} INFO - [2024-11-25T09:04:42.731+0000] {dag.py:4180} INFO - Setting next_dagrun for example_display_name to None, run_after=None
[2024-11-25T09:04:42.751+0000] {processor.py:208} INFO - Processing /home/airflow/.local/lib/python3.12/site-packages/airflow/example_dags/example_display_name.py took 0.075 seconds
[2024-11-25T09:05:13.400+0000] {processor.py:186} INFO - Started process (PID=14217) to work on /home/airflow/.local/lib/python3.12/site-packages/airflow/example_dags/example_display_name.py
[2024-11-25T09:05:13.402+0000] {processor.py:914} INFO - Processing file /home/airflow/.local/lib/python3.12/site-packages/airflow/example_dags/example_display_name.py for tasks to queue
[2024-11-25T09:05:13.408+0000] {logging_mixin.py:190} INFO - [2024-11-25T09:05:13.407+0000] {dagbag.py:588} INFO - Filling up the DagBag from /home/airflow/.local/lib/python3.12/site-packages/airflow/example_dags/example_display_name.py
[2024-11-25T09:05:13.419+0000] {processor.py:925} INFO - DAG(s) 'example_display_name' retrieved from /home/airflow/.local/lib/python3.12/site-packages/airflow/example_dags/example_display_name.py
[2024-11-25T09:05:13.451+0000] {logging_mixin.py:190} INFO - [2024-11-25T09:05:13.450+0000] {dag.py:3239} INFO - Sync 1 DAGs
[2024-11-25T09:05:13.472+0000] {logging_mixin.py:190} INFO - [2024-11-25T09:05:13.472+0000] {dag.py:4180} INFO - Setting next_dagrun for example_display_name to None, run_after=None
[2024-11-25T09:05:13.496+0000] {processor.py:208} INFO - Processing /home/airflow/.local/lib/python3.12/site-packages/airflow/example_dags/example_display_name.py took 0.103 seconds
[2024-11-25T09:05:44.322+0000] {processor.py:186} INFO - Started process (PID=14518) to work on /home/airflow/.local/lib/python3.12/site-packages/airflow/example_dags/example_display_name.py
[2024-11-25T09:05:44.324+0000] {processor.py:914} INFO - Processing file /home/airflow/.local/lib/python3.12/site-packages/airflow/example_dags/example_display_name.py for tasks to queue
[2024-11-25T09:05:44.326+0000] {logging_mixin.py:190} INFO - [2024-11-25T09:05:44.326+0000] {dagbag.py:588} INFO - Filling up the DagBag from /home/airflow/.local/lib/python3.12/site-packages/airflow/example_dags/example_display_name.py
[2024-11-25T09:05:44.334+0000] {processor.py:925} INFO - DAG(s) 'example_display_name' retrieved from /home/airflow/.local/lib/python3.12/site-packages/airflow/example_dags/example_display_name.py
[2024-11-25T09:05:44.360+0000] {logging_mixin.py:190} INFO - [2024-11-25T09:05:44.360+0000] {dag.py:3239} INFO - Sync 1 DAGs
[2024-11-25T09:05:44.376+0000] {logging_mixin.py:190} INFO - [2024-11-25T09:05:44.375+0000] {dag.py:4180} INFO - Setting next_dagrun for example_display_name to None, run_after=None
[2024-11-25T09:05:44.397+0000] {processor.py:208} INFO - Processing /home/airflow/.local/lib/python3.12/site-packages/airflow/example_dags/example_display_name.py took 0.081 seconds
[2024-11-25T09:06:15.133+0000] {processor.py:186} INFO - Started process (PID=14820) to work on /home/airflow/.local/lib/python3.12/site-packages/airflow/example_dags/example_display_name.py
[2024-11-25T09:06:15.134+0000] {processor.py:914} INFO - Processing file /home/airflow/.local/lib/python3.12/site-packages/airflow/example_dags/example_display_name.py for tasks to queue
[2024-11-25T09:06:15.137+0000] {logging_mixin.py:190} INFO - [2024-11-25T09:06:15.137+0000] {dagbag.py:588} INFO - Filling up the DagBag from /home/airflow/.local/lib/python3.12/site-packages/airflow/example_dags/example_display_name.py
[2024-11-25T09:06:15.148+0000] {processor.py:925} INFO - DAG(s) 'example_display_name' retrieved from /home/airflow/.local/lib/python3.12/site-packages/airflow/example_dags/example_display_name.py
[2024-11-25T09:06:15.179+0000] {logging_mixin.py:190} INFO - [2024-11-25T09:06:15.178+0000] {dag.py:3239} INFO - Sync 1 DAGs
[2024-11-25T09:06:15.202+0000] {logging_mixin.py:190} INFO - [2024-11-25T09:06:15.201+0000] {dag.py:4180} INFO - Setting next_dagrun for example_display_name to None, run_after=None
[2024-11-25T09:06:15.232+0000] {processor.py:208} INFO - Processing /home/airflow/.local/lib/python3.12/site-packages/airflow/example_dags/example_display_name.py took 0.106 seconds
[2024-11-25T09:06:45.973+0000] {processor.py:186} INFO - Started process (PID=15121) to work on /home/airflow/.local/lib/python3.12/site-packages/airflow/example_dags/example_display_name.py
[2024-11-25T09:06:45.974+0000] {processor.py:914} INFO - Processing file /home/airflow/.local/lib/python3.12/site-packages/airflow/example_dags/example_display_name.py for tasks to queue
[2024-11-25T09:06:45.977+0000] {logging_mixin.py:190} INFO - [2024-11-25T09:06:45.977+0000] {dagbag.py:588} INFO - Filling up the DagBag from /home/airflow/.local/lib/python3.12/site-packages/airflow/example_dags/example_display_name.py
[2024-11-25T09:06:45.988+0000] {processor.py:925} INFO - DAG(s) 'example_display_name' retrieved from /home/airflow/.local/lib/python3.12/site-packages/airflow/example_dags/example_display_name.py
[2024-11-25T09:06:46.029+0000] {logging_mixin.py:190} INFO - [2024-11-25T09:06:46.028+0000] {dag.py:3239} INFO - Sync 1 DAGs
[2024-11-25T09:06:46.057+0000] {logging_mixin.py:190} INFO - [2024-11-25T09:06:46.057+0000] {dag.py:4180} INFO - Setting next_dagrun for example_display_name to None, run_after=None
[2024-11-25T09:06:46.087+0000] {processor.py:208} INFO - Processing /home/airflow/.local/lib/python3.12/site-packages/airflow/example_dags/example_display_name.py took 0.120 seconds
[2024-11-25T09:07:16.680+0000] {processor.py:186} INFO - Started process (PID=15428) to work on /home/airflow/.local/lib/python3.12/site-packages/airflow/example_dags/example_display_name.py
[2024-11-25T09:07:16.682+0000] {processor.py:914} INFO - Processing file /home/airflow/.local/lib/python3.12/site-packages/airflow/example_dags/example_display_name.py for tasks to queue
[2024-11-25T09:07:16.689+0000] {logging_mixin.py:190} INFO - [2024-11-25T09:07:16.686+0000] {dagbag.py:588} INFO - Filling up the DagBag from /home/airflow/.local/lib/python3.12/site-packages/airflow/example_dags/example_display_name.py
[2024-11-25T09:07:16.714+0000] {processor.py:925} INFO - DAG(s) 'example_display_name' retrieved from /home/airflow/.local/lib/python3.12/site-packages/airflow/example_dags/example_display_name.py
[2024-11-25T09:07:16.755+0000] {logging_mixin.py:190} INFO - [2024-11-25T09:07:16.754+0000] {dag.py:3239} INFO - Sync 1 DAGs
[2024-11-25T09:07:16.989+0000] {logging_mixin.py:190} INFO - [2024-11-25T09:07:16.988+0000] {dag.py:4180} INFO - Setting next_dagrun for example_display_name to None, run_after=None
[2024-11-25T09:07:17.008+0000] {processor.py:208} INFO - Processing /home/airflow/.local/lib/python3.12/site-packages/airflow/example_dags/example_display_name.py took 0.336 seconds
[2024-11-25T09:07:47.923+0000] {processor.py:186} INFO - Started process (PID=15729) to work on /home/airflow/.local/lib/python3.12/site-packages/airflow/example_dags/example_display_name.py
[2024-11-25T09:07:47.929+0000] {processor.py:914} INFO - Processing file /home/airflow/.local/lib/python3.12/site-packages/airflow/example_dags/example_display_name.py for tasks to queue
[2024-11-25T09:07:47.941+0000] {logging_mixin.py:190} INFO - [2024-11-25T09:07:47.940+0000] {dagbag.py:588} INFO - Filling up the DagBag from /home/airflow/.local/lib/python3.12/site-packages/airflow/example_dags/example_display_name.py
[2024-11-25T09:07:47.985+0000] {processor.py:925} INFO - DAG(s) 'example_display_name' retrieved from /home/airflow/.local/lib/python3.12/site-packages/airflow/example_dags/example_display_name.py
[2024-11-25T09:07:48.120+0000] {logging_mixin.py:190} INFO - [2024-11-25T09:07:48.119+0000] {dag.py:3239} INFO - Sync 1 DAGs
[2024-11-25T09:07:48.145+0000] {logging_mixin.py:190} INFO - [2024-11-25T09:07:48.145+0000] {dag.py:4180} INFO - Setting next_dagrun for example_display_name to None, run_after=None
[2024-11-25T09:07:48.169+0000] {processor.py:208} INFO - Processing /home/airflow/.local/lib/python3.12/site-packages/airflow/example_dags/example_display_name.py took 0.274 seconds
[2024-11-25T09:08:18.768+0000] {processor.py:186} INFO - Started process (PID=16030) to work on /home/airflow/.local/lib/python3.12/site-packages/airflow/example_dags/example_display_name.py
[2024-11-25T09:08:18.769+0000] {processor.py:914} INFO - Processing file /home/airflow/.local/lib/python3.12/site-packages/airflow/example_dags/example_display_name.py for tasks to queue
[2024-11-25T09:08:18.771+0000] {logging_mixin.py:190} INFO - [2024-11-25T09:08:18.771+0000] {dagbag.py:588} INFO - Filling up the DagBag from /home/airflow/.local/lib/python3.12/site-packages/airflow/example_dags/example_display_name.py
[2024-11-25T09:08:18.779+0000] {processor.py:925} INFO - DAG(s) 'example_display_name' retrieved from /home/airflow/.local/lib/python3.12/site-packages/airflow/example_dags/example_display_name.py
[2024-11-25T09:08:18.802+0000] {logging_mixin.py:190} INFO - [2024-11-25T09:08:18.801+0000] {dag.py:3239} INFO - Sync 1 DAGs
[2024-11-25T09:08:18.816+0000] {logging_mixin.py:190} INFO - [2024-11-25T09:08:18.816+0000] {dag.py:4180} INFO - Setting next_dagrun for example_display_name to None, run_after=None
[2024-11-25T09:08:18.839+0000] {processor.py:208} INFO - Processing /home/airflow/.local/lib/python3.12/site-packages/airflow/example_dags/example_display_name.py took 0.076 seconds
[2024-11-25T09:08:49.528+0000] {processor.py:186} INFO - Started process (PID=16331) to work on /home/airflow/.local/lib/python3.12/site-packages/airflow/example_dags/example_display_name.py
[2024-11-25T09:08:49.529+0000] {processor.py:914} INFO - Processing file /home/airflow/.local/lib/python3.12/site-packages/airflow/example_dags/example_display_name.py for tasks to queue
[2024-11-25T09:08:49.531+0000] {logging_mixin.py:190} INFO - [2024-11-25T09:08:49.531+0000] {dagbag.py:588} INFO - Filling up the DagBag from /home/airflow/.local/lib/python3.12/site-packages/airflow/example_dags/example_display_name.py
[2024-11-25T09:08:49.539+0000] {processor.py:925} INFO - DAG(s) 'example_display_name' retrieved from /home/airflow/.local/lib/python3.12/site-packages/airflow/example_dags/example_display_name.py
[2024-11-25T09:08:49.566+0000] {logging_mixin.py:190} INFO - [2024-11-25T09:08:49.565+0000] {dag.py:3239} INFO - Sync 1 DAGs
[2024-11-25T09:08:49.580+0000] {logging_mixin.py:190} INFO - [2024-11-25T09:08:49.580+0000] {dag.py:4180} INFO - Setting next_dagrun for example_display_name to None, run_after=None
[2024-11-25T09:08:49.599+0000] {processor.py:208} INFO - Processing /home/airflow/.local/lib/python3.12/site-packages/airflow/example_dags/example_display_name.py took 0.077 seconds
[2024-11-25T09:09:20.116+0000] {processor.py:186} INFO - Started process (PID=16632) to work on /home/airflow/.local/lib/python3.12/site-packages/airflow/example_dags/example_display_name.py
[2024-11-25T09:09:20.118+0000] {processor.py:914} INFO - Processing file /home/airflow/.local/lib/python3.12/site-packages/airflow/example_dags/example_display_name.py for tasks to queue
[2024-11-25T09:09:20.129+0000] {logging_mixin.py:190} INFO - [2024-11-25T09:09:20.128+0000] {dagbag.py:588} INFO - Filling up the DagBag from /home/airflow/.local/lib/python3.12/site-packages/airflow/example_dags/example_display_name.py
[2024-11-25T09:09:20.145+0000] {processor.py:925} INFO - DAG(s) 'example_display_name' retrieved from /home/airflow/.local/lib/python3.12/site-packages/airflow/example_dags/example_display_name.py
[2024-11-25T09:09:20.200+0000] {logging_mixin.py:190} INFO - [2024-11-25T09:09:20.200+0000] {dag.py:3239} INFO - Sync 1 DAGs
[2024-11-25T09:09:20.240+0000] {logging_mixin.py:190} INFO - [2024-11-25T09:09:20.239+0000] {dag.py:4180} INFO - Setting next_dagrun for example_display_name to None, run_after=None
[2024-11-25T09:09:20.268+0000] {processor.py:208} INFO - Processing /home/airflow/.local/lib/python3.12/site-packages/airflow/example_dags/example_display_name.py took 0.164 seconds
[2024-11-25T09:09:50.861+0000] {processor.py:186} INFO - Started process (PID=16933) to work on /home/airflow/.local/lib/python3.12/site-packages/airflow/example_dags/example_display_name.py
[2024-11-25T09:09:50.862+0000] {processor.py:914} INFO - Processing file /home/airflow/.local/lib/python3.12/site-packages/airflow/example_dags/example_display_name.py for tasks to queue
[2024-11-25T09:09:50.867+0000] {logging_mixin.py:190} INFO - [2024-11-25T09:09:50.866+0000] {dagbag.py:588} INFO - Filling up the DagBag from /home/airflow/.local/lib/python3.12/site-packages/airflow/example_dags/example_display_name.py
[2024-11-25T09:09:50.876+0000] {processor.py:925} INFO - DAG(s) 'example_display_name' retrieved from /home/airflow/.local/lib/python3.12/site-packages/airflow/example_dags/example_display_name.py
[2024-11-25T09:09:50.910+0000] {logging_mixin.py:190} INFO - [2024-11-25T09:09:50.909+0000] {dag.py:3239} INFO - Sync 1 DAGs
[2024-11-25T09:09:50.963+0000] {logging_mixin.py:190} INFO - [2024-11-25T09:09:50.963+0000] {dag.py:4180} INFO - Setting next_dagrun for example_display_name to None, run_after=None
[2024-11-25T09:09:51.006+0000] {processor.py:208} INFO - Processing /home/airflow/.local/lib/python3.12/site-packages/airflow/example_dags/example_display_name.py took 0.152 seconds
[2024-11-25T09:10:21.663+0000] {processor.py:186} INFO - Started process (PID=17234) to work on /home/airflow/.local/lib/python3.12/site-packages/airflow/example_dags/example_display_name.py
[2024-11-25T09:10:21.664+0000] {processor.py:914} INFO - Processing file /home/airflow/.local/lib/python3.12/site-packages/airflow/example_dags/example_display_name.py for tasks to queue
[2024-11-25T09:10:21.667+0000] {logging_mixin.py:190} INFO - [2024-11-25T09:10:21.667+0000] {dagbag.py:588} INFO - Filling up the DagBag from /home/airflow/.local/lib/python3.12/site-packages/airflow/example_dags/example_display_name.py
[2024-11-25T09:10:21.675+0000] {processor.py:925} INFO - DAG(s) 'example_display_name' retrieved from /home/airflow/.local/lib/python3.12/site-packages/airflow/example_dags/example_display_name.py
[2024-11-25T09:10:21.701+0000] {logging_mixin.py:190} INFO - [2024-11-25T09:10:21.701+0000] {dag.py:3239} INFO - Sync 1 DAGs
[2024-11-25T09:10:21.717+0000] {logging_mixin.py:190} INFO - [2024-11-25T09:10:21.717+0000] {dag.py:4180} INFO - Setting next_dagrun for example_display_name to None, run_after=None
[2024-11-25T09:10:21.741+0000] {processor.py:208} INFO - Processing /home/airflow/.local/lib/python3.12/site-packages/airflow/example_dags/example_display_name.py took 0.083 seconds
[2024-11-25T09:10:52.523+0000] {processor.py:186} INFO - Started process (PID=17535) to work on /home/airflow/.local/lib/python3.12/site-packages/airflow/example_dags/example_display_name.py
[2024-11-25T09:10:52.524+0000] {processor.py:914} INFO - Processing file /home/airflow/.local/lib/python3.12/site-packages/airflow/example_dags/example_display_name.py for tasks to queue
[2024-11-25T09:10:52.527+0000] {logging_mixin.py:190} INFO - [2024-11-25T09:10:52.526+0000] {dagbag.py:588} INFO - Filling up the DagBag from /home/airflow/.local/lib/python3.12/site-packages/airflow/example_dags/example_display_name.py
[2024-11-25T09:10:52.537+0000] {processor.py:925} INFO - DAG(s) 'example_display_name' retrieved from /home/airflow/.local/lib/python3.12/site-packages/airflow/example_dags/example_display_name.py
[2024-11-25T09:10:52.576+0000] {logging_mixin.py:190} INFO - [2024-11-25T09:10:52.576+0000] {dag.py:3239} INFO - Sync 1 DAGs
[2024-11-25T09:10:52.597+0000] {logging_mixin.py:190} INFO - [2024-11-25T09:10:52.596+0000] {dag.py:4180} INFO - Setting next_dagrun for example_display_name to None, run_after=None
[2024-11-25T09:10:52.622+0000] {processor.py:208} INFO - Processing /home/airflow/.local/lib/python3.12/site-packages/airflow/example_dags/example_display_name.py took 0.107 seconds
[2024-11-25T09:11:23.648+0000] {processor.py:186} INFO - Started process (PID=17837) to work on /home/airflow/.local/lib/python3.12/site-packages/airflow/example_dags/example_display_name.py
[2024-11-25T09:11:23.649+0000] {processor.py:914} INFO - Processing file /home/airflow/.local/lib/python3.12/site-packages/airflow/example_dags/example_display_name.py for tasks to queue
[2024-11-25T09:11:23.652+0000] {logging_mixin.py:190} INFO - [2024-11-25T09:11:23.651+0000] {dagbag.py:588} INFO - Filling up the DagBag from /home/airflow/.local/lib/python3.12/site-packages/airflow/example_dags/example_display_name.py
[2024-11-25T09:11:23.663+0000] {processor.py:925} INFO - DAG(s) 'example_display_name' retrieved from /home/airflow/.local/lib/python3.12/site-packages/airflow/example_dags/example_display_name.py
[2024-11-25T09:11:23.688+0000] {logging_mixin.py:190} INFO - [2024-11-25T09:11:23.688+0000] {dag.py:3239} INFO - Sync 1 DAGs
[2024-11-25T09:11:23.706+0000] {logging_mixin.py:190} INFO - [2024-11-25T09:11:23.706+0000] {dag.py:4180} INFO - Setting next_dagrun for example_display_name to None, run_after=None
[2024-11-25T09:11:23.738+0000] {processor.py:208} INFO - Processing /home/airflow/.local/lib/python3.12/site-packages/airflow/example_dags/example_display_name.py took 0.096 seconds
[2024-11-25T09:11:54.268+0000] {processor.py:186} INFO - Started process (PID=18138) to work on /home/airflow/.local/lib/python3.12/site-packages/airflow/example_dags/example_display_name.py
[2024-11-25T09:11:54.269+0000] {processor.py:914} INFO - Processing file /home/airflow/.local/lib/python3.12/site-packages/airflow/example_dags/example_display_name.py for tasks to queue
[2024-11-25T09:11:54.272+0000] {logging_mixin.py:190} INFO - [2024-11-25T09:11:54.271+0000] {dagbag.py:588} INFO - Filling up the DagBag from /home/airflow/.local/lib/python3.12/site-packages/airflow/example_dags/example_display_name.py
[2024-11-25T09:11:54.279+0000] {processor.py:925} INFO - DAG(s) 'example_display_name' retrieved from /home/airflow/.local/lib/python3.12/site-packages/airflow/example_dags/example_display_name.py
[2024-11-25T09:11:54.302+0000] {logging_mixin.py:190} INFO - [2024-11-25T09:11:54.301+0000] {dag.py:3239} INFO - Sync 1 DAGs
[2024-11-25T09:11:54.326+0000] {logging_mixin.py:190} INFO - [2024-11-25T09:11:54.325+0000] {dag.py:4180} INFO - Setting next_dagrun for example_display_name to None, run_after=None
[2024-11-25T09:11:54.354+0000] {processor.py:208} INFO - Processing /home/airflow/.local/lib/python3.12/site-packages/airflow/example_dags/example_display_name.py took 0.091 seconds
[2024-11-25T09:12:25.761+0000] {processor.py:186} INFO - Started process (PID=18440) to work on /home/airflow/.local/lib/python3.12/site-packages/airflow/example_dags/example_display_name.py
[2024-11-25T09:12:25.762+0000] {processor.py:914} INFO - Processing file /home/airflow/.local/lib/python3.12/site-packages/airflow/example_dags/example_display_name.py for tasks to queue
[2024-11-25T09:12:25.766+0000] {logging_mixin.py:190} INFO - [2024-11-25T09:12:25.766+0000] {dagbag.py:588} INFO - Filling up the DagBag from /home/airflow/.local/lib/python3.12/site-packages/airflow/example_dags/example_display_name.py
[2024-11-25T09:12:25.776+0000] {processor.py:925} INFO - DAG(s) 'example_display_name' retrieved from /home/airflow/.local/lib/python3.12/site-packages/airflow/example_dags/example_display_name.py
[2024-11-25T09:12:25.804+0000] {logging_mixin.py:190} INFO - [2024-11-25T09:12:25.804+0000] {dag.py:3239} INFO - Sync 1 DAGs
[2024-11-25T09:12:25.830+0000] {logging_mixin.py:190} INFO - [2024-11-25T09:12:25.829+0000] {dag.py:4180} INFO - Setting next_dagrun for example_display_name to None, run_after=None
[2024-11-25T09:12:25.861+0000] {processor.py:208} INFO - Processing /home/airflow/.local/lib/python3.12/site-packages/airflow/example_dags/example_display_name.py took 0.107 seconds
[2024-11-25T09:12:56.821+0000] {processor.py:186} INFO - Started process (PID=18741) to work on /home/airflow/.local/lib/python3.12/site-packages/airflow/example_dags/example_display_name.py
[2024-11-25T09:12:56.824+0000] {processor.py:914} INFO - Processing file /home/airflow/.local/lib/python3.12/site-packages/airflow/example_dags/example_display_name.py for tasks to queue
[2024-11-25T09:12:56.828+0000] {logging_mixin.py:190} INFO - [2024-11-25T09:12:56.827+0000] {dagbag.py:588} INFO - Filling up the DagBag from /home/airflow/.local/lib/python3.12/site-packages/airflow/example_dags/example_display_name.py
[2024-11-25T09:12:56.836+0000] {processor.py:925} INFO - DAG(s) 'example_display_name' retrieved from /home/airflow/.local/lib/python3.12/site-packages/airflow/example_dags/example_display_name.py
[2024-11-25T09:12:56.875+0000] {logging_mixin.py:190} INFO - [2024-11-25T09:12:56.874+0000] {dag.py:3239} INFO - Sync 1 DAGs
[2024-11-25T09:12:56.892+0000] {logging_mixin.py:190} INFO - [2024-11-25T09:12:56.892+0000] {dag.py:4180} INFO - Setting next_dagrun for example_display_name to None, run_after=None
[2024-11-25T09:12:56.918+0000] {processor.py:208} INFO - Processing /home/airflow/.local/lib/python3.12/site-packages/airflow/example_dags/example_display_name.py took 0.112 seconds
[2024-11-25T09:13:27.656+0000] {processor.py:186} INFO - Started process (PID=19042) to work on /home/airflow/.local/lib/python3.12/site-packages/airflow/example_dags/example_display_name.py
[2024-11-25T09:13:27.657+0000] {processor.py:914} INFO - Processing file /home/airflow/.local/lib/python3.12/site-packages/airflow/example_dags/example_display_name.py for tasks to queue
[2024-11-25T09:13:27.660+0000] {logging_mixin.py:190} INFO - [2024-11-25T09:13:27.659+0000] {dagbag.py:588} INFO - Filling up the DagBag from /home/airflow/.local/lib/python3.12/site-packages/airflow/example_dags/example_display_name.py
[2024-11-25T09:13:27.671+0000] {processor.py:925} INFO - DAG(s) 'example_display_name' retrieved from /home/airflow/.local/lib/python3.12/site-packages/airflow/example_dags/example_display_name.py
[2024-11-25T09:13:27.700+0000] {logging_mixin.py:190} INFO - [2024-11-25T09:13:27.699+0000] {dag.py:3239} INFO - Sync 1 DAGs
[2024-11-25T09:13:27.721+0000] {logging_mixin.py:190} INFO - [2024-11-25T09:13:27.721+0000] {dag.py:4180} INFO - Setting next_dagrun for example_display_name to None, run_after=None
[2024-11-25T09:13:27.747+0000] {processor.py:208} INFO - Processing /home/airflow/.local/lib/python3.12/site-packages/airflow/example_dags/example_display_name.py took 0.100 seconds
[2024-11-25T09:13:58.569+0000] {processor.py:186} INFO - Started process (PID=19343) to work on /home/airflow/.local/lib/python3.12/site-packages/airflow/example_dags/example_display_name.py
[2024-11-25T09:13:58.570+0000] {processor.py:914} INFO - Processing file /home/airflow/.local/lib/python3.12/site-packages/airflow/example_dags/example_display_name.py for tasks to queue
[2024-11-25T09:13:58.574+0000] {logging_mixin.py:190} INFO - [2024-11-25T09:13:58.573+0000] {dagbag.py:588} INFO - Filling up the DagBag from /home/airflow/.local/lib/python3.12/site-packages/airflow/example_dags/example_display_name.py
[2024-11-25T09:13:58.588+0000] {processor.py:925} INFO - DAG(s) 'example_display_name' retrieved from /home/airflow/.local/lib/python3.12/site-packages/airflow/example_dags/example_display_name.py
[2024-11-25T09:13:58.644+0000] {logging_mixin.py:190} INFO - [2024-11-25T09:13:58.643+0000] {dag.py:3239} INFO - Sync 1 DAGs
[2024-11-25T09:13:58.696+0000] {logging_mixin.py:190} INFO - [2024-11-25T09:13:58.696+0000] {dag.py:4180} INFO - Setting next_dagrun for example_display_name to None, run_after=None
[2024-11-25T09:13:58.739+0000] {processor.py:208} INFO - Processing /home/airflow/.local/lib/python3.12/site-packages/airflow/example_dags/example_display_name.py took 0.177 seconds
[2024-11-25T09:14:29.422+0000] {processor.py:186} INFO - Started process (PID=19646) to work on /home/airflow/.local/lib/python3.12/site-packages/airflow/example_dags/example_display_name.py
[2024-11-25T09:14:29.423+0000] {processor.py:914} INFO - Processing file /home/airflow/.local/lib/python3.12/site-packages/airflow/example_dags/example_display_name.py for tasks to queue
[2024-11-25T09:14:29.428+0000] {logging_mixin.py:190} INFO - [2024-11-25T09:14:29.427+0000] {dagbag.py:588} INFO - Filling up the DagBag from /home/airflow/.local/lib/python3.12/site-packages/airflow/example_dags/example_display_name.py
[2024-11-25T09:14:29.441+0000] {processor.py:925} INFO - DAG(s) 'example_display_name' retrieved from /home/airflow/.local/lib/python3.12/site-packages/airflow/example_dags/example_display_name.py
[2024-11-25T09:14:29.465+0000] {logging_mixin.py:190} INFO - [2024-11-25T09:14:29.465+0000] {dag.py:3239} INFO - Sync 1 DAGs
[2024-11-25T09:14:29.479+0000] {logging_mixin.py:190} INFO - [2024-11-25T09:14:29.479+0000] {dag.py:4180} INFO - Setting next_dagrun for example_display_name to None, run_after=None
[2024-11-25T09:14:29.497+0000] {processor.py:208} INFO - Processing /home/airflow/.local/lib/python3.12/site-packages/airflow/example_dags/example_display_name.py took 0.083 seconds
[2024-11-25T09:15:00.505+0000] {processor.py:186} INFO - Started process (PID=19945) to work on /home/airflow/.local/lib/python3.12/site-packages/airflow/example_dags/example_display_name.py
[2024-11-25T09:15:00.507+0000] {processor.py:914} INFO - Processing file /home/airflow/.local/lib/python3.12/site-packages/airflow/example_dags/example_display_name.py for tasks to queue
[2024-11-25T09:15:00.511+0000] {logging_mixin.py:190} INFO - [2024-11-25T09:15:00.511+0000] {dagbag.py:588} INFO - Filling up the DagBag from /home/airflow/.local/lib/python3.12/site-packages/airflow/example_dags/example_display_name.py
[2024-11-25T09:15:00.525+0000] {processor.py:925} INFO - DAG(s) 'example_display_name' retrieved from /home/airflow/.local/lib/python3.12/site-packages/airflow/example_dags/example_display_name.py
[2024-11-25T09:15:00.568+0000] {logging_mixin.py:190} INFO - [2024-11-25T09:15:00.568+0000] {dag.py:3239} INFO - Sync 1 DAGs
[2024-11-25T09:15:00.606+0000] {logging_mixin.py:190} INFO - [2024-11-25T09:15:00.606+0000] {dag.py:4180} INFO - Setting next_dagrun for example_display_name to None, run_after=None
[2024-11-25T09:15:00.640+0000] {processor.py:208} INFO - Processing /home/airflow/.local/lib/python3.12/site-packages/airflow/example_dags/example_display_name.py took 0.151 seconds
[2024-11-25T09:15:31.216+0000] {processor.py:186} INFO - Started process (PID=20246) to work on /home/airflow/.local/lib/python3.12/site-packages/airflow/example_dags/example_display_name.py
[2024-11-25T09:15:31.217+0000] {processor.py:914} INFO - Processing file /home/airflow/.local/lib/python3.12/site-packages/airflow/example_dags/example_display_name.py for tasks to queue
[2024-11-25T09:15:31.221+0000] {logging_mixin.py:190} INFO - [2024-11-25T09:15:31.220+0000] {dagbag.py:588} INFO - Filling up the DagBag from /home/airflow/.local/lib/python3.12/site-packages/airflow/example_dags/example_display_name.py
[2024-11-25T09:15:31.233+0000] {processor.py:925} INFO - DAG(s) 'example_display_name' retrieved from /home/airflow/.local/lib/python3.12/site-packages/airflow/example_dags/example_display_name.py
[2024-11-25T09:15:31.260+0000] {logging_mixin.py:190} INFO - [2024-11-25T09:15:31.260+0000] {dag.py:3239} INFO - Sync 1 DAGs
[2024-11-25T09:15:31.286+0000] {logging_mixin.py:190} INFO - [2024-11-25T09:15:31.285+0000] {dag.py:4180} INFO - Setting next_dagrun for example_display_name to None, run_after=None
[2024-11-25T09:15:31.321+0000] {processor.py:208} INFO - Processing /home/airflow/.local/lib/python3.12/site-packages/airflow/example_dags/example_display_name.py took 0.114 seconds
[2024-11-25T09:16:02.312+0000] {processor.py:186} INFO - Started process (PID=20547) to work on /home/airflow/.local/lib/python3.12/site-packages/airflow/example_dags/example_display_name.py
[2024-11-25T09:16:02.315+0000] {processor.py:914} INFO - Processing file /home/airflow/.local/lib/python3.12/site-packages/airflow/example_dags/example_display_name.py for tasks to queue
[2024-11-25T09:16:02.318+0000] {logging_mixin.py:190} INFO - [2024-11-25T09:16:02.317+0000] {dagbag.py:588} INFO - Filling up the DagBag from /home/airflow/.local/lib/python3.12/site-packages/airflow/example_dags/example_display_name.py
[2024-11-25T09:16:02.326+0000] {processor.py:925} INFO - DAG(s) 'example_display_name' retrieved from /home/airflow/.local/lib/python3.12/site-packages/airflow/example_dags/example_display_name.py
[2024-11-25T09:16:02.348+0000] {logging_mixin.py:190} INFO - [2024-11-25T09:16:02.347+0000] {dag.py:3239} INFO - Sync 1 DAGs
[2024-11-25T09:16:02.367+0000] {logging_mixin.py:190} INFO - [2024-11-25T09:16:02.366+0000] {dag.py:4180} INFO - Setting next_dagrun for example_display_name to None, run_after=None
[2024-11-25T09:16:02.388+0000] {processor.py:208} INFO - Processing /home/airflow/.local/lib/python3.12/site-packages/airflow/example_dags/example_display_name.py took 0.081 seconds
[2024-11-25T09:16:35.380+0000] {processor.py:186} INFO - Started process (PID=20850) to work on /home/airflow/.local/lib/python3.12/site-packages/airflow/example_dags/example_display_name.py
[2024-11-25T09:16:35.383+0000] {processor.py:914} INFO - Processing file /home/airflow/.local/lib/python3.12/site-packages/airflow/example_dags/example_display_name.py for tasks to queue
[2024-11-25T09:16:35.388+0000] {logging_mixin.py:190} INFO - [2024-11-25T09:16:35.388+0000] {dagbag.py:588} INFO - Filling up the DagBag from /home/airflow/.local/lib/python3.12/site-packages/airflow/example_dags/example_display_name.py
[2024-11-25T09:16:35.399+0000] {processor.py:925} INFO - DAG(s) 'example_display_name' retrieved from /home/airflow/.local/lib/python3.12/site-packages/airflow/example_dags/example_display_name.py
[2024-11-25T09:16:35.432+0000] {logging_mixin.py:190} INFO - [2024-11-25T09:16:35.432+0000] {dag.py:3239} INFO - Sync 1 DAGs
[2024-11-25T09:16:35.460+0000] {logging_mixin.py:190} INFO - [2024-11-25T09:16:35.460+0000] {dag.py:4180} INFO - Setting next_dagrun for example_display_name to None, run_after=None
[2024-11-25T09:16:35.503+0000] {processor.py:208} INFO - Processing /home/airflow/.local/lib/python3.12/site-packages/airflow/example_dags/example_display_name.py took 0.130 seconds
[2024-11-25T09:17:05.560+0000] {processor.py:186} INFO - Started process (PID=21151) to work on /home/airflow/.local/lib/python3.12/site-packages/airflow/example_dags/example_display_name.py
[2024-11-25T09:17:05.561+0000] {processor.py:914} INFO - Processing file /home/airflow/.local/lib/python3.12/site-packages/airflow/example_dags/example_display_name.py for tasks to queue
[2024-11-25T09:17:05.564+0000] {logging_mixin.py:190} INFO - [2024-11-25T09:17:05.563+0000] {dagbag.py:588} INFO - Filling up the DagBag from /home/airflow/.local/lib/python3.12/site-packages/airflow/example_dags/example_display_name.py
[2024-11-25T09:17:05.573+0000] {processor.py:925} INFO - DAG(s) 'example_display_name' retrieved from /home/airflow/.local/lib/python3.12/site-packages/airflow/example_dags/example_display_name.py
[2024-11-25T09:17:05.595+0000] {logging_mixin.py:190} INFO - [2024-11-25T09:17:05.595+0000] {dag.py:3239} INFO - Sync 1 DAGs
[2024-11-25T09:17:05.610+0000] {logging_mixin.py:190} INFO - [2024-11-25T09:17:05.610+0000] {dag.py:4180} INFO - Setting next_dagrun for example_display_name to None, run_after=None
[2024-11-25T09:17:05.629+0000] {processor.py:208} INFO - Processing /home/airflow/.local/lib/python3.12/site-packages/airflow/example_dags/example_display_name.py took 0.076 seconds
[2024-11-25T09:17:35.994+0000] {processor.py:186} INFO - Started process (PID=21450) to work on /home/airflow/.local/lib/python3.12/site-packages/airflow/example_dags/example_display_name.py
[2024-11-25T09:17:35.995+0000] {processor.py:914} INFO - Processing file /home/airflow/.local/lib/python3.12/site-packages/airflow/example_dags/example_display_name.py for tasks to queue
[2024-11-25T09:17:35.998+0000] {logging_mixin.py:190} INFO - [2024-11-25T09:17:35.997+0000] {dagbag.py:588} INFO - Filling up the DagBag from /home/airflow/.local/lib/python3.12/site-packages/airflow/example_dags/example_display_name.py
[2024-11-25T09:17:36.007+0000] {processor.py:925} INFO - DAG(s) 'example_display_name' retrieved from /home/airflow/.local/lib/python3.12/site-packages/airflow/example_dags/example_display_name.py
[2024-11-25T09:17:36.031+0000] {logging_mixin.py:190} INFO - [2024-11-25T09:17:36.031+0000] {dag.py:3239} INFO - Sync 1 DAGs
[2024-11-25T09:17:36.046+0000] {logging_mixin.py:190} INFO - [2024-11-25T09:17:36.046+0000] {dag.py:4180} INFO - Setting next_dagrun for example_display_name to None, run_after=None
[2024-11-25T09:17:36.067+0000] {processor.py:208} INFO - Processing /home/airflow/.local/lib/python3.12/site-packages/airflow/example_dags/example_display_name.py took 0.079 seconds
[2024-11-25T09:18:06.844+0000] {processor.py:186} INFO - Started process (PID=21751) to work on /home/airflow/.local/lib/python3.12/site-packages/airflow/example_dags/example_display_name.py
[2024-11-25T09:18:06.845+0000] {processor.py:914} INFO - Processing file /home/airflow/.local/lib/python3.12/site-packages/airflow/example_dags/example_display_name.py for tasks to queue
[2024-11-25T09:18:06.847+0000] {logging_mixin.py:190} INFO - [2024-11-25T09:18:06.847+0000] {dagbag.py:588} INFO - Filling up the DagBag from /home/airflow/.local/lib/python3.12/site-packages/airflow/example_dags/example_display_name.py
[2024-11-25T09:18:06.856+0000] {processor.py:925} INFO - DAG(s) 'example_display_name' retrieved from /home/airflow/.local/lib/python3.12/site-packages/airflow/example_dags/example_display_name.py
[2024-11-25T09:18:06.879+0000] {logging_mixin.py:190} INFO - [2024-11-25T09:18:06.879+0000] {dag.py:3239} INFO - Sync 1 DAGs
[2024-11-25T09:18:06.897+0000] {logging_mixin.py:190} INFO - [2024-11-25T09:18:06.896+0000] {dag.py:4180} INFO - Setting next_dagrun for example_display_name to None, run_after=None
[2024-11-25T09:18:06.921+0000] {processor.py:208} INFO - Processing /home/airflow/.local/lib/python3.12/site-packages/airflow/example_dags/example_display_name.py took 0.082 seconds
[2024-11-25T09:18:37.427+0000] {processor.py:186} INFO - Started process (PID=22052) to work on /home/airflow/.local/lib/python3.12/site-packages/airflow/example_dags/example_display_name.py
[2024-11-25T09:18:37.429+0000] {processor.py:914} INFO - Processing file /home/airflow/.local/lib/python3.12/site-packages/airflow/example_dags/example_display_name.py for tasks to queue
[2024-11-25T09:18:37.431+0000] {logging_mixin.py:190} INFO - [2024-11-25T09:18:37.431+0000] {dagbag.py:588} INFO - Filling up the DagBag from /home/airflow/.local/lib/python3.12/site-packages/airflow/example_dags/example_display_name.py
[2024-11-25T09:18:37.439+0000] {processor.py:925} INFO - DAG(s) 'example_display_name' retrieved from /home/airflow/.local/lib/python3.12/site-packages/airflow/example_dags/example_display_name.py
[2024-11-25T09:18:37.463+0000] {logging_mixin.py:190} INFO - [2024-11-25T09:18:37.462+0000] {dag.py:3239} INFO - Sync 1 DAGs
[2024-11-25T09:18:37.478+0000] {logging_mixin.py:190} INFO - [2024-11-25T09:18:37.478+0000] {dag.py:4180} INFO - Setting next_dagrun for example_display_name to None, run_after=None
[2024-11-25T09:18:37.500+0000] {processor.py:208} INFO - Processing /home/airflow/.local/lib/python3.12/site-packages/airflow/example_dags/example_display_name.py took 0.081 seconds
