[2024-11-25T08:41:38.449+0000] {processor.py:186} INFO - Started process (PID=377) to work on /home/airflow/.local/lib/python3.12/site-packages/airflow/example_dags/example_xcom.py
[2024-11-25T08:41:38.452+0000] {processor.py:914} INFO - Processing file /home/airflow/.local/lib/python3.12/site-packages/airflow/example_dags/example_xcom.py for tasks to queue
[2024-11-25T08:41:38.456+0000] {logging_mixin.py:190} INFO - [2024-11-25T08:41:38.455+0000] {dagbag.py:588} INFO - Filling up the DagBag from /home/airflow/.local/lib/python3.12/site-packages/airflow/example_dags/example_xcom.py
[2024-11-25T08:41:38.469+0000] {processor.py:925} INFO - DAG(s) 'example_xcom' retrieved from /home/airflow/.local/lib/python3.12/site-packages/airflow/example_dags/example_xcom.py
[2024-11-25T08:41:38.633+0000] {logging_mixin.py:190} INFO - [2024-11-25T08:41:38.632+0000] {override.py:1911} INFO - Created Permission View: can edit on DAG:example_xcom
[2024-11-25T08:41:38.647+0000] {logging_mixin.py:190} INFO - [2024-11-25T08:41:38.647+0000] {override.py:1911} INFO - Created Permission View: can delete on DAG:example_xcom
[2024-11-25T08:41:38.658+0000] {logging_mixin.py:190} INFO - [2024-11-25T08:41:38.658+0000] {override.py:1911} INFO - Created Permission View: can read on DAG:example_xcom
[2024-11-25T08:41:38.671+0000] {logging_mixin.py:190} INFO - [2024-11-25T08:41:38.670+0000] {override.py:1911} INFO - Created Permission View: can create on DAG Run:example_xcom
[2024-11-25T08:41:38.683+0000] {logging_mixin.py:190} INFO - [2024-11-25T08:41:38.682+0000] {override.py:1911} INFO - Created Permission View: can delete on DAG Run:example_xcom
[2024-11-25T08:41:38.697+0000] {logging_mixin.py:190} INFO - [2024-11-25T08:41:38.697+0000] {override.py:1911} INFO - Created Permission View: menu access on DAG Run:example_xcom
[2024-11-25T08:41:38.709+0000] {logging_mixin.py:190} INFO - [2024-11-25T08:41:38.709+0000] {override.py:1911} INFO - Created Permission View: can read on DAG Run:example_xcom
[2024-11-25T08:41:38.710+0000] {logging_mixin.py:190} INFO - [2024-11-25T08:41:38.710+0000] {dag.py:3239} INFO - Sync 1 DAGs
[2024-11-25T08:41:38.726+0000] {logging_mixin.py:190} INFO - [2024-11-25T08:41:38.726+0000] {dag.py:3262} INFO - Creating ORM DAG for example_xcom
[2024-11-25T08:41:38.742+0000] {logging_mixin.py:190} INFO - [2024-11-25T08:41:38.741+0000] {dag.py:4180} INFO - Setting next_dagrun for example_xcom to 2021-01-01 00:00:00+00:00, run_after=2021-01-01 00:00:00+00:00
[2024-11-25T08:41:38.710+0000] {processor.py:208} INFO - Processing /home/airflow/.local/lib/python3.12/site-packages/airflow/example_dags/example_xcom.py took 0.331 seconds
[2024-11-25T08:42:09.452+0000] {processor.py:186} INFO - Started process (PID=679) to work on /home/airflow/.local/lib/python3.12/site-packages/airflow/example_dags/example_xcom.py
[2024-11-25T08:42:09.454+0000] {processor.py:914} INFO - Processing file /home/airflow/.local/lib/python3.12/site-packages/airflow/example_dags/example_xcom.py for tasks to queue
[2024-11-25T08:42:09.457+0000] {logging_mixin.py:190} INFO - [2024-11-25T08:42:09.456+0000] {dagbag.py:588} INFO - Filling up the DagBag from /home/airflow/.local/lib/python3.12/site-packages/airflow/example_dags/example_xcom.py
[2024-11-25T08:42:09.470+0000] {processor.py:925} INFO - DAG(s) 'example_xcom' retrieved from /home/airflow/.local/lib/python3.12/site-packages/airflow/example_dags/example_xcom.py
[2024-11-25T08:42:09.522+0000] {logging_mixin.py:190} INFO - [2024-11-25T08:42:09.521+0000] {dag.py:3239} INFO - Sync 1 DAGs
[2024-11-25T08:42:09.571+0000] {logging_mixin.py:190} INFO - [2024-11-25T08:42:09.570+0000] {dag.py:4180} INFO - Setting next_dagrun for example_xcom to 2021-01-01 00:00:00+00:00, run_after=2021-01-01 00:00:00+00:00
[2024-11-25T08:42:09.623+0000] {processor.py:208} INFO - Processing /home/airflow/.local/lib/python3.12/site-packages/airflow/example_dags/example_xcom.py took 0.178 seconds
[2024-11-25T08:42:40.705+0000] {processor.py:186} INFO - Started process (PID=985) to work on /home/airflow/.local/lib/python3.12/site-packages/airflow/example_dags/example_xcom.py
[2024-11-25T08:42:40.709+0000] {processor.py:914} INFO - Processing file /home/airflow/.local/lib/python3.12/site-packages/airflow/example_dags/example_xcom.py for tasks to queue
[2024-11-25T08:42:40.715+0000] {logging_mixin.py:190} INFO - [2024-11-25T08:42:40.714+0000] {dagbag.py:588} INFO - Filling up the DagBag from /home/airflow/.local/lib/python3.12/site-packages/airflow/example_dags/example_xcom.py
[2024-11-25T08:42:40.737+0000] {processor.py:925} INFO - DAG(s) 'example_xcom' retrieved from /home/airflow/.local/lib/python3.12/site-packages/airflow/example_dags/example_xcom.py
[2024-11-25T08:42:40.822+0000] {logging_mixin.py:190} INFO - [2024-11-25T08:42:40.822+0000] {dag.py:3239} INFO - Sync 1 DAGs
[2024-11-25T08:42:40.944+0000] {logging_mixin.py:190} INFO - [2024-11-25T08:42:40.943+0000] {dag.py:4180} INFO - Setting next_dagrun for example_xcom to 2021-01-01 00:00:00+00:00, run_after=2021-01-01 00:00:00+00:00
[2024-11-25T08:42:41.010+0000] {processor.py:208} INFO - Processing /home/airflow/.local/lib/python3.12/site-packages/airflow/example_dags/example_xcom.py took 0.320 seconds
[2024-11-25T08:43:11.904+0000] {processor.py:186} INFO - Started process (PID=1290) to work on /home/airflow/.local/lib/python3.12/site-packages/airflow/example_dags/example_xcom.py
[2024-11-25T08:43:11.905+0000] {processor.py:914} INFO - Processing file /home/airflow/.local/lib/python3.12/site-packages/airflow/example_dags/example_xcom.py for tasks to queue
[2024-11-25T08:43:11.908+0000] {logging_mixin.py:190} INFO - [2024-11-25T08:43:11.907+0000] {dagbag.py:588} INFO - Filling up the DagBag from /home/airflow/.local/lib/python3.12/site-packages/airflow/example_dags/example_xcom.py
[2024-11-25T08:43:11.917+0000] {processor.py:925} INFO - DAG(s) 'example_xcom' retrieved from /home/airflow/.local/lib/python3.12/site-packages/airflow/example_dags/example_xcom.py
[2024-11-25T08:43:11.940+0000] {logging_mixin.py:190} INFO - [2024-11-25T08:43:11.940+0000] {dag.py:3239} INFO - Sync 1 DAGs
[2024-11-25T08:43:11.965+0000] {logging_mixin.py:190} INFO - [2024-11-25T08:43:11.964+0000] {dag.py:4180} INFO - Setting next_dagrun for example_xcom to 2021-01-01 00:00:00+00:00, run_after=2021-01-01 00:00:00+00:00
[2024-11-25T08:43:11.991+0000] {processor.py:208} INFO - Processing /home/airflow/.local/lib/python3.12/site-packages/airflow/example_dags/example_xcom.py took 0.092 seconds
[2024-11-25T08:43:42.841+0000] {processor.py:186} INFO - Started process (PID=1591) to work on /home/airflow/.local/lib/python3.12/site-packages/airflow/example_dags/example_xcom.py
[2024-11-25T08:43:42.842+0000] {processor.py:914} INFO - Processing file /home/airflow/.local/lib/python3.12/site-packages/airflow/example_dags/example_xcom.py for tasks to queue
[2024-11-25T08:43:42.844+0000] {logging_mixin.py:190} INFO - [2024-11-25T08:43:42.844+0000] {dagbag.py:588} INFO - Filling up the DagBag from /home/airflow/.local/lib/python3.12/site-packages/airflow/example_dags/example_xcom.py
[2024-11-25T08:43:42.853+0000] {processor.py:925} INFO - DAG(s) 'example_xcom' retrieved from /home/airflow/.local/lib/python3.12/site-packages/airflow/example_dags/example_xcom.py
[2024-11-25T08:43:42.877+0000] {logging_mixin.py:190} INFO - [2024-11-25T08:43:42.876+0000] {dag.py:3239} INFO - Sync 1 DAGs
[2024-11-25T08:43:42.901+0000] {logging_mixin.py:190} INFO - [2024-11-25T08:43:42.901+0000] {dag.py:4180} INFO - Setting next_dagrun for example_xcom to 2021-01-01 00:00:00+00:00, run_after=2021-01-01 00:00:00+00:00
[2024-11-25T08:43:42.922+0000] {processor.py:208} INFO - Processing /home/airflow/.local/lib/python3.12/site-packages/airflow/example_dags/example_xcom.py took 0.086 seconds
[2024-11-25T08:44:13.001+0000] {processor.py:186} INFO - Started process (PID=1891) to work on /home/airflow/.local/lib/python3.12/site-packages/airflow/example_dags/example_xcom.py
[2024-11-25T08:44:13.002+0000] {processor.py:914} INFO - Processing file /home/airflow/.local/lib/python3.12/site-packages/airflow/example_dags/example_xcom.py for tasks to queue
[2024-11-25T08:44:13.006+0000] {logging_mixin.py:190} INFO - [2024-11-25T08:44:13.006+0000] {dagbag.py:588} INFO - Filling up the DagBag from /home/airflow/.local/lib/python3.12/site-packages/airflow/example_dags/example_xcom.py
[2024-11-25T08:44:13.023+0000] {processor.py:925} INFO - DAG(s) 'example_xcom' retrieved from /home/airflow/.local/lib/python3.12/site-packages/airflow/example_dags/example_xcom.py
[2024-11-25T08:44:13.074+0000] {logging_mixin.py:190} INFO - [2024-11-25T08:44:13.074+0000] {dag.py:3239} INFO - Sync 1 DAGs
[2024-11-25T08:44:13.117+0000] {logging_mixin.py:190} INFO - [2024-11-25T08:44:13.117+0000] {dag.py:4180} INFO - Setting next_dagrun for example_xcom to 2021-01-01 00:00:00+00:00, run_after=2021-01-01 00:00:00+00:00
[2024-11-25T08:44:13.143+0000] {processor.py:208} INFO - Processing /home/airflow/.local/lib/python3.12/site-packages/airflow/example_dags/example_xcom.py took 0.152 seconds
[2024-11-25T08:44:43.249+0000] {processor.py:186} INFO - Started process (PID=2189) to work on /home/airflow/.local/lib/python3.12/site-packages/airflow/example_dags/example_xcom.py
[2024-11-25T08:44:43.251+0000] {processor.py:914} INFO - Processing file /home/airflow/.local/lib/python3.12/site-packages/airflow/example_dags/example_xcom.py for tasks to queue
[2024-11-25T08:44:43.253+0000] {logging_mixin.py:190} INFO - [2024-11-25T08:44:43.253+0000] {dagbag.py:588} INFO - Filling up the DagBag from /home/airflow/.local/lib/python3.12/site-packages/airflow/example_dags/example_xcom.py
[2024-11-25T08:44:43.263+0000] {processor.py:925} INFO - DAG(s) 'example_xcom' retrieved from /home/airflow/.local/lib/python3.12/site-packages/airflow/example_dags/example_xcom.py
[2024-11-25T08:44:43.287+0000] {logging_mixin.py:190} INFO - [2024-11-25T08:44:43.287+0000] {dag.py:3239} INFO - Sync 1 DAGs
[2024-11-25T08:44:43.309+0000] {logging_mixin.py:190} INFO - [2024-11-25T08:44:43.309+0000] {dag.py:4180} INFO - Setting next_dagrun for example_xcom to 2021-01-01 00:00:00+00:00, run_after=2021-01-01 00:00:00+00:00
[2024-11-25T08:44:43.326+0000] {processor.py:208} INFO - Processing /home/airflow/.local/lib/python3.12/site-packages/airflow/example_dags/example_xcom.py took 0.083 seconds
[2024-11-25T08:45:13.709+0000] {processor.py:186} INFO - Started process (PID=2488) to work on /home/airflow/.local/lib/python3.12/site-packages/airflow/example_dags/example_xcom.py
[2024-11-25T08:45:13.711+0000] {processor.py:914} INFO - Processing file /home/airflow/.local/lib/python3.12/site-packages/airflow/example_dags/example_xcom.py for tasks to queue
[2024-11-25T08:45:13.713+0000] {logging_mixin.py:190} INFO - [2024-11-25T08:45:13.713+0000] {dagbag.py:588} INFO - Filling up the DagBag from /home/airflow/.local/lib/python3.12/site-packages/airflow/example_dags/example_xcom.py
[2024-11-25T08:45:13.723+0000] {processor.py:925} INFO - DAG(s) 'example_xcom' retrieved from /home/airflow/.local/lib/python3.12/site-packages/airflow/example_dags/example_xcom.py
[2024-11-25T08:45:13.753+0000] {logging_mixin.py:190} INFO - [2024-11-25T08:45:13.753+0000] {dag.py:3239} INFO - Sync 1 DAGs
[2024-11-25T08:45:13.783+0000] {logging_mixin.py:190} INFO - [2024-11-25T08:45:13.783+0000] {dag.py:4180} INFO - Setting next_dagrun for example_xcom to 2021-01-01 00:00:00+00:00, run_after=2021-01-01 00:00:00+00:00
[2024-11-25T08:45:13.808+0000] {processor.py:208} INFO - Processing /home/airflow/.local/lib/python3.12/site-packages/airflow/example_dags/example_xcom.py took 0.103 seconds
[2024-11-25T08:45:44.108+0000] {processor.py:186} INFO - Started process (PID=2784) to work on /home/airflow/.local/lib/python3.12/site-packages/airflow/example_dags/example_xcom.py
[2024-11-25T08:45:44.110+0000] {processor.py:914} INFO - Processing file /home/airflow/.local/lib/python3.12/site-packages/airflow/example_dags/example_xcom.py for tasks to queue
[2024-11-25T08:45:44.113+0000] {logging_mixin.py:190} INFO - [2024-11-25T08:45:44.113+0000] {dagbag.py:588} INFO - Filling up the DagBag from /home/airflow/.local/lib/python3.12/site-packages/airflow/example_dags/example_xcom.py
[2024-11-25T08:45:44.123+0000] {processor.py:925} INFO - DAG(s) 'example_xcom' retrieved from /home/airflow/.local/lib/python3.12/site-packages/airflow/example_dags/example_xcom.py
[2024-11-25T08:45:44.150+0000] {logging_mixin.py:190} INFO - [2024-11-25T08:45:44.150+0000] {dag.py:3239} INFO - Sync 1 DAGs
[2024-11-25T08:45:44.177+0000] {logging_mixin.py:190} INFO - [2024-11-25T08:45:44.176+0000] {dag.py:4180} INFO - Setting next_dagrun for example_xcom to 2021-01-01 00:00:00+00:00, run_after=2021-01-01 00:00:00+00:00
[2024-11-25T08:45:44.197+0000] {processor.py:208} INFO - Processing /home/airflow/.local/lib/python3.12/site-packages/airflow/example_dags/example_xcom.py took 0.096 seconds
[2024-11-25T08:46:14.608+0000] {processor.py:186} INFO - Started process (PID=3085) to work on /home/airflow/.local/lib/python3.12/site-packages/airflow/example_dags/example_xcom.py
[2024-11-25T08:46:14.609+0000] {processor.py:914} INFO - Processing file /home/airflow/.local/lib/python3.12/site-packages/airflow/example_dags/example_xcom.py for tasks to queue
[2024-11-25T08:46:14.612+0000] {logging_mixin.py:190} INFO - [2024-11-25T08:46:14.612+0000] {dagbag.py:588} INFO - Filling up the DagBag from /home/airflow/.local/lib/python3.12/site-packages/airflow/example_dags/example_xcom.py
[2024-11-25T08:46:14.622+0000] {processor.py:925} INFO - DAG(s) 'example_xcom' retrieved from /home/airflow/.local/lib/python3.12/site-packages/airflow/example_dags/example_xcom.py
[2024-11-25T08:46:14.648+0000] {logging_mixin.py:190} INFO - [2024-11-25T08:46:14.648+0000] {dag.py:3239} INFO - Sync 1 DAGs
[2024-11-25T08:46:14.675+0000] {logging_mixin.py:190} INFO - [2024-11-25T08:46:14.674+0000] {dag.py:4180} INFO - Setting next_dagrun for example_xcom to 2021-01-01 00:00:00+00:00, run_after=2021-01-01 00:00:00+00:00
[2024-11-25T08:46:14.700+0000] {processor.py:208} INFO - Processing /home/airflow/.local/lib/python3.12/site-packages/airflow/example_dags/example_xcom.py took 0.098 seconds
[2024-11-25T08:46:50.477+0000] {processor.py:186} INFO - Started process (PID=3400) to work on /home/airflow/.local/lib/python3.12/site-packages/airflow/example_dags/example_xcom.py
[2024-11-25T08:46:50.482+0000] {processor.py:914} INFO - Processing file /home/airflow/.local/lib/python3.12/site-packages/airflow/example_dags/example_xcom.py for tasks to queue
[2024-11-25T08:46:50.484+0000] {logging_mixin.py:190} INFO - [2024-11-25T08:46:50.484+0000] {dagbag.py:588} INFO - Filling up the DagBag from /home/airflow/.local/lib/python3.12/site-packages/airflow/example_dags/example_xcom.py
[2024-11-25T08:46:50.495+0000] {processor.py:925} INFO - DAG(s) 'example_xcom' retrieved from /home/airflow/.local/lib/python3.12/site-packages/airflow/example_dags/example_xcom.py
[2024-11-25T08:46:50.521+0000] {logging_mixin.py:190} INFO - [2024-11-25T08:46:50.520+0000] {dag.py:3239} INFO - Sync 1 DAGs
[2024-11-25T08:46:50.550+0000] {logging_mixin.py:190} INFO - [2024-11-25T08:46:50.549+0000] {dag.py:4180} INFO - Setting next_dagrun for example_xcom to 2021-01-01 00:00:00+00:00, run_after=2021-01-01 00:00:00+00:00
[2024-11-25T08:46:50.575+0000] {processor.py:208} INFO - Processing /home/airflow/.local/lib/python3.12/site-packages/airflow/example_dags/example_xcom.py took 0.106 seconds
[2024-11-25T08:47:20.726+0000] {processor.py:186} INFO - Started process (PID=3699) to work on /home/airflow/.local/lib/python3.12/site-packages/airflow/example_dags/example_xcom.py
[2024-11-25T08:47:20.728+0000] {processor.py:914} INFO - Processing file /home/airflow/.local/lib/python3.12/site-packages/airflow/example_dags/example_xcom.py for tasks to queue
[2024-11-25T08:47:20.731+0000] {logging_mixin.py:190} INFO - [2024-11-25T08:47:20.730+0000] {dagbag.py:588} INFO - Filling up the DagBag from /home/airflow/.local/lib/python3.12/site-packages/airflow/example_dags/example_xcom.py
[2024-11-25T08:47:20.741+0000] {processor.py:925} INFO - DAG(s) 'example_xcom' retrieved from /home/airflow/.local/lib/python3.12/site-packages/airflow/example_dags/example_xcom.py
[2024-11-25T08:47:20.769+0000] {logging_mixin.py:190} INFO - [2024-11-25T08:47:20.768+0000] {dag.py:3239} INFO - Sync 1 DAGs
[2024-11-25T08:47:20.793+0000] {logging_mixin.py:190} INFO - [2024-11-25T08:47:20.792+0000] {dag.py:4180} INFO - Setting next_dagrun for example_xcom to 2021-01-01 00:00:00+00:00, run_after=2021-01-01 00:00:00+00:00
[2024-11-25T08:47:20.817+0000] {processor.py:208} INFO - Processing /home/airflow/.local/lib/python3.12/site-packages/airflow/example_dags/example_xcom.py took 0.097 seconds
[2024-11-25T08:47:51.309+0000] {processor.py:186} INFO - Started process (PID=3995) to work on /home/airflow/.local/lib/python3.12/site-packages/airflow/example_dags/example_xcom.py
[2024-11-25T08:47:51.310+0000] {processor.py:914} INFO - Processing file /home/airflow/.local/lib/python3.12/site-packages/airflow/example_dags/example_xcom.py for tasks to queue
[2024-11-25T08:47:51.313+0000] {logging_mixin.py:190} INFO - [2024-11-25T08:47:51.312+0000] {dagbag.py:588} INFO - Filling up the DagBag from /home/airflow/.local/lib/python3.12/site-packages/airflow/example_dags/example_xcom.py
[2024-11-25T08:47:51.325+0000] {processor.py:925} INFO - DAG(s) 'example_xcom' retrieved from /home/airflow/.local/lib/python3.12/site-packages/airflow/example_dags/example_xcom.py
[2024-11-25T08:47:51.361+0000] {logging_mixin.py:190} INFO - [2024-11-25T08:47:51.361+0000] {dag.py:3239} INFO - Sync 1 DAGs
[2024-11-25T08:47:51.390+0000] {logging_mixin.py:190} INFO - [2024-11-25T08:47:51.390+0000] {dag.py:4180} INFO - Setting next_dagrun for example_xcom to 2021-01-01 00:00:00+00:00, run_after=2021-01-01 00:00:00+00:00
[2024-11-25T08:47:51.415+0000] {processor.py:208} INFO - Processing /home/airflow/.local/lib/python3.12/site-packages/airflow/example_dags/example_xcom.py took 0.113 seconds
[2024-11-25T08:48:23.155+0000] {processor.py:186} INFO - Started process (PID=4301) to work on /home/airflow/.local/lib/python3.12/site-packages/airflow/example_dags/example_xcom.py
[2024-11-25T08:48:23.156+0000] {processor.py:914} INFO - Processing file /home/airflow/.local/lib/python3.12/site-packages/airflow/example_dags/example_xcom.py for tasks to queue
[2024-11-25T08:48:23.159+0000] {logging_mixin.py:190} INFO - [2024-11-25T08:48:23.158+0000] {dagbag.py:588} INFO - Filling up the DagBag from /home/airflow/.local/lib/python3.12/site-packages/airflow/example_dags/example_xcom.py
[2024-11-25T08:48:23.175+0000] {processor.py:925} INFO - DAG(s) 'example_xcom' retrieved from /home/airflow/.local/lib/python3.12/site-packages/airflow/example_dags/example_xcom.py
[2024-11-25T08:48:23.240+0000] {logging_mixin.py:190} INFO - [2024-11-25T08:48:23.239+0000] {dag.py:3239} INFO - Sync 1 DAGs
[2024-11-25T08:48:23.298+0000] {logging_mixin.py:190} INFO - [2024-11-25T08:48:23.297+0000] {dag.py:4180} INFO - Setting next_dagrun for example_xcom to 2021-01-01 00:00:00+00:00, run_after=2021-01-01 00:00:00+00:00
[2024-11-25T08:48:23.349+0000] {processor.py:208} INFO - Processing /home/airflow/.local/lib/python3.12/site-packages/airflow/example_dags/example_xcom.py took 0.203 seconds
[2024-11-25T08:48:54.757+0000] {processor.py:186} INFO - Started process (PID=4597) to work on /home/airflow/.local/lib/python3.12/site-packages/airflow/example_dags/example_xcom.py
[2024-11-25T08:48:54.759+0000] {processor.py:914} INFO - Processing file /home/airflow/.local/lib/python3.12/site-packages/airflow/example_dags/example_xcom.py for tasks to queue
[2024-11-25T08:48:54.763+0000] {logging_mixin.py:190} INFO - [2024-11-25T08:48:54.762+0000] {dagbag.py:588} INFO - Filling up the DagBag from /home/airflow/.local/lib/python3.12/site-packages/airflow/example_dags/example_xcom.py
[2024-11-25T08:48:54.779+0000] {processor.py:925} INFO - DAG(s) 'example_xcom' retrieved from /home/airflow/.local/lib/python3.12/site-packages/airflow/example_dags/example_xcom.py
[2024-11-25T08:48:54.819+0000] {logging_mixin.py:190} INFO - [2024-11-25T08:48:54.819+0000] {dag.py:3239} INFO - Sync 1 DAGs
[2024-11-25T08:48:54.860+0000] {logging_mixin.py:190} INFO - [2024-11-25T08:48:54.859+0000] {dag.py:4180} INFO - Setting next_dagrun for example_xcom to 2021-01-01 00:00:00+00:00, run_after=2021-01-01 00:00:00+00:00
[2024-11-25T08:48:54.908+0000] {processor.py:208} INFO - Processing /home/airflow/.local/lib/python3.12/site-packages/airflow/example_dags/example_xcom.py took 0.162 seconds
[2024-11-25T08:49:25.116+0000] {processor.py:186} INFO - Started process (PID=4893) to work on /home/airflow/.local/lib/python3.12/site-packages/airflow/example_dags/example_xcom.py
[2024-11-25T08:49:25.117+0000] {processor.py:914} INFO - Processing file /home/airflow/.local/lib/python3.12/site-packages/airflow/example_dags/example_xcom.py for tasks to queue
[2024-11-25T08:49:25.121+0000] {logging_mixin.py:190} INFO - [2024-11-25T08:49:25.121+0000] {dagbag.py:588} INFO - Filling up the DagBag from /home/airflow/.local/lib/python3.12/site-packages/airflow/example_dags/example_xcom.py
[2024-11-25T08:49:25.144+0000] {processor.py:925} INFO - DAG(s) 'example_xcom' retrieved from /home/airflow/.local/lib/python3.12/site-packages/airflow/example_dags/example_xcom.py
[2024-11-25T08:49:25.194+0000] {logging_mixin.py:190} INFO - [2024-11-25T08:49:25.193+0000] {dag.py:3239} INFO - Sync 1 DAGs
[2024-11-25T08:49:25.239+0000] {logging_mixin.py:190} INFO - [2024-11-25T08:49:25.238+0000] {dag.py:4180} INFO - Setting next_dagrun for example_xcom to 2021-01-01 00:00:00+00:00, run_after=2021-01-01 00:00:00+00:00
[2024-11-25T08:49:25.281+0000] {processor.py:208} INFO - Processing /home/airflow/.local/lib/python3.12/site-packages/airflow/example_dags/example_xcom.py took 0.173 seconds
[2024-11-25T08:49:55.890+0000] {processor.py:186} INFO - Started process (PID=5194) to work on /home/airflow/.local/lib/python3.12/site-packages/airflow/example_dags/example_xcom.py
[2024-11-25T08:49:55.895+0000] {processor.py:914} INFO - Processing file /home/airflow/.local/lib/python3.12/site-packages/airflow/example_dags/example_xcom.py for tasks to queue
[2024-11-25T08:49:55.902+0000] {logging_mixin.py:190} INFO - [2024-11-25T08:49:55.901+0000] {dagbag.py:588} INFO - Filling up the DagBag from /home/airflow/.local/lib/python3.12/site-packages/airflow/example_dags/example_xcom.py
[2024-11-25T08:49:55.925+0000] {processor.py:925} INFO - DAG(s) 'example_xcom' retrieved from /home/airflow/.local/lib/python3.12/site-packages/airflow/example_dags/example_xcom.py
[2024-11-25T08:49:55.984+0000] {logging_mixin.py:190} INFO - [2024-11-25T08:49:55.984+0000] {dag.py:3239} INFO - Sync 1 DAGs
[2024-11-25T08:49:56.025+0000] {logging_mixin.py:190} INFO - [2024-11-25T08:49:56.025+0000] {dag.py:4180} INFO - Setting next_dagrun for example_xcom to 2021-01-01 00:00:00+00:00, run_after=2021-01-01 00:00:00+00:00
[2024-11-25T08:49:56.046+0000] {processor.py:208} INFO - Processing /home/airflow/.local/lib/python3.12/site-packages/airflow/example_dags/example_xcom.py took 0.169 seconds
[2024-11-25T08:50:27.385+0000] {processor.py:186} INFO - Started process (PID=5490) to work on /home/airflow/.local/lib/python3.12/site-packages/airflow/example_dags/example_xcom.py
[2024-11-25T08:50:27.389+0000] {processor.py:914} INFO - Processing file /home/airflow/.local/lib/python3.12/site-packages/airflow/example_dags/example_xcom.py for tasks to queue
[2024-11-25T08:50:27.399+0000] {logging_mixin.py:190} INFO - [2024-11-25T08:50:27.397+0000] {dagbag.py:588} INFO - Filling up the DagBag from /home/airflow/.local/lib/python3.12/site-packages/airflow/example_dags/example_xcom.py
[2024-11-25T08:50:27.430+0000] {processor.py:925} INFO - DAG(s) 'example_xcom' retrieved from /home/airflow/.local/lib/python3.12/site-packages/airflow/example_dags/example_xcom.py
[2024-11-25T08:50:27.542+0000] {logging_mixin.py:190} INFO - [2024-11-25T08:50:27.541+0000] {dag.py:3239} INFO - Sync 1 DAGs
[2024-11-25T08:50:27.656+0000] {logging_mixin.py:190} INFO - [2024-11-25T08:50:27.655+0000] {dag.py:4180} INFO - Setting next_dagrun for example_xcom to 2021-01-01 00:00:00+00:00, run_after=2021-01-01 00:00:00+00:00
[2024-11-25T08:50:27.712+0000] {processor.py:208} INFO - Processing /home/airflow/.local/lib/python3.12/site-packages/airflow/example_dags/example_xcom.py took 0.363 seconds
[2024-11-25T08:50:58.213+0000] {processor.py:186} INFO - Started process (PID=5794) to work on /home/airflow/.local/lib/python3.12/site-packages/airflow/example_dags/example_xcom.py
[2024-11-25T08:50:58.215+0000] {processor.py:914} INFO - Processing file /home/airflow/.local/lib/python3.12/site-packages/airflow/example_dags/example_xcom.py for tasks to queue
[2024-11-25T08:50:58.217+0000] {logging_mixin.py:190} INFO - [2024-11-25T08:50:58.217+0000] {dagbag.py:588} INFO - Filling up the DagBag from /home/airflow/.local/lib/python3.12/site-packages/airflow/example_dags/example_xcom.py
[2024-11-25T08:50:58.228+0000] {processor.py:925} INFO - DAG(s) 'example_xcom' retrieved from /home/airflow/.local/lib/python3.12/site-packages/airflow/example_dags/example_xcom.py
[2024-11-25T08:50:58.254+0000] {logging_mixin.py:190} INFO - [2024-11-25T08:50:58.253+0000] {dag.py:3239} INFO - Sync 1 DAGs
[2024-11-25T08:50:58.278+0000] {logging_mixin.py:190} INFO - [2024-11-25T08:50:58.277+0000] {dag.py:4180} INFO - Setting next_dagrun for example_xcom to 2021-01-01 00:00:00+00:00, run_after=2021-01-01 00:00:00+00:00
[2024-11-25T08:50:58.303+0000] {processor.py:208} INFO - Processing /home/airflow/.local/lib/python3.12/site-packages/airflow/example_dags/example_xcom.py took 0.095 seconds
[2024-11-25T08:51:28.516+0000] {processor.py:186} INFO - Started process (PID=6101) to work on /home/airflow/.local/lib/python3.12/site-packages/airflow/example_dags/example_xcom.py
[2024-11-25T08:51:28.517+0000] {processor.py:914} INFO - Processing file /home/airflow/.local/lib/python3.12/site-packages/airflow/example_dags/example_xcom.py for tasks to queue
[2024-11-25T08:51:28.519+0000] {logging_mixin.py:190} INFO - [2024-11-25T08:51:28.519+0000] {dagbag.py:588} INFO - Filling up the DagBag from /home/airflow/.local/lib/python3.12/site-packages/airflow/example_dags/example_xcom.py
[2024-11-25T08:51:28.530+0000] {processor.py:925} INFO - DAG(s) 'example_xcom' retrieved from /home/airflow/.local/lib/python3.12/site-packages/airflow/example_dags/example_xcom.py
[2024-11-25T08:51:28.559+0000] {logging_mixin.py:190} INFO - [2024-11-25T08:51:28.558+0000] {dag.py:3239} INFO - Sync 1 DAGs
[2024-11-25T08:51:28.597+0000] {logging_mixin.py:190} INFO - [2024-11-25T08:51:28.596+0000] {dag.py:4180} INFO - Setting next_dagrun for example_xcom to 2021-01-01 00:00:00+00:00, run_after=2021-01-01 00:00:00+00:00
[2024-11-25T08:51:28.623+0000] {processor.py:208} INFO - Processing /home/airflow/.local/lib/python3.12/site-packages/airflow/example_dags/example_xcom.py took 0.114 seconds
[2024-11-25T08:51:59.314+0000] {processor.py:186} INFO - Started process (PID=6402) to work on /home/airflow/.local/lib/python3.12/site-packages/airflow/example_dags/example_xcom.py
[2024-11-25T08:51:59.315+0000] {processor.py:914} INFO - Processing file /home/airflow/.local/lib/python3.12/site-packages/airflow/example_dags/example_xcom.py for tasks to queue
[2024-11-25T08:51:59.319+0000] {logging_mixin.py:190} INFO - [2024-11-25T08:51:59.318+0000] {dagbag.py:588} INFO - Filling up the DagBag from /home/airflow/.local/lib/python3.12/site-packages/airflow/example_dags/example_xcom.py
[2024-11-25T08:51:59.330+0000] {processor.py:925} INFO - DAG(s) 'example_xcom' retrieved from /home/airflow/.local/lib/python3.12/site-packages/airflow/example_dags/example_xcom.py
[2024-11-25T08:51:59.363+0000] {logging_mixin.py:190} INFO - [2024-11-25T08:51:59.362+0000] {dag.py:3239} INFO - Sync 1 DAGs
[2024-11-25T08:51:59.394+0000] {logging_mixin.py:190} INFO - [2024-11-25T08:51:59.393+0000] {dag.py:4180} INFO - Setting next_dagrun for example_xcom to 2021-01-01 00:00:00+00:00, run_after=2021-01-01 00:00:00+00:00
[2024-11-25T08:51:59.433+0000] {processor.py:208} INFO - Processing /home/airflow/.local/lib/python3.12/site-packages/airflow/example_dags/example_xcom.py took 0.126 seconds
[2024-11-25T08:52:29.842+0000] {processor.py:186} INFO - Started process (PID=6703) to work on /home/airflow/.local/lib/python3.12/site-packages/airflow/example_dags/example_xcom.py
[2024-11-25T08:52:29.843+0000] {processor.py:914} INFO - Processing file /home/airflow/.local/lib/python3.12/site-packages/airflow/example_dags/example_xcom.py for tasks to queue
[2024-11-25T08:52:29.845+0000] {logging_mixin.py:190} INFO - [2024-11-25T08:52:29.845+0000] {dagbag.py:588} INFO - Filling up the DagBag from /home/airflow/.local/lib/python3.12/site-packages/airflow/example_dags/example_xcom.py
[2024-11-25T08:52:29.854+0000] {processor.py:925} INFO - DAG(s) 'example_xcom' retrieved from /home/airflow/.local/lib/python3.12/site-packages/airflow/example_dags/example_xcom.py
[2024-11-25T08:52:29.879+0000] {logging_mixin.py:190} INFO - [2024-11-25T08:52:29.879+0000] {dag.py:3239} INFO - Sync 1 DAGs
[2024-11-25T08:52:29.904+0000] {logging_mixin.py:190} INFO - [2024-11-25T08:52:29.904+0000] {dag.py:4180} INFO - Setting next_dagrun for example_xcom to 2021-01-01 00:00:00+00:00, run_after=2021-01-01 00:00:00+00:00
[2024-11-25T08:52:29.927+0000] {processor.py:208} INFO - Processing /home/airflow/.local/lib/python3.12/site-packages/airflow/example_dags/example_xcom.py took 0.091 seconds
[2024-11-25T08:53:00.424+0000] {processor.py:186} INFO - Started process (PID=7004) to work on /home/airflow/.local/lib/python3.12/site-packages/airflow/example_dags/example_xcom.py
[2024-11-25T08:53:00.426+0000] {processor.py:914} INFO - Processing file /home/airflow/.local/lib/python3.12/site-packages/airflow/example_dags/example_xcom.py for tasks to queue
[2024-11-25T08:53:00.428+0000] {logging_mixin.py:190} INFO - [2024-11-25T08:53:00.428+0000] {dagbag.py:588} INFO - Filling up the DagBag from /home/airflow/.local/lib/python3.12/site-packages/airflow/example_dags/example_xcom.py
[2024-11-25T08:53:00.439+0000] {processor.py:925} INFO - DAG(s) 'example_xcom' retrieved from /home/airflow/.local/lib/python3.12/site-packages/airflow/example_dags/example_xcom.py
[2024-11-25T08:53:00.468+0000] {logging_mixin.py:190} INFO - [2024-11-25T08:53:00.467+0000] {dag.py:3239} INFO - Sync 1 DAGs
[2024-11-25T08:53:00.501+0000] {logging_mixin.py:190} INFO - [2024-11-25T08:53:00.500+0000] {dag.py:4180} INFO - Setting next_dagrun for example_xcom to 2021-01-01 00:00:00+00:00, run_after=2021-01-01 00:00:00+00:00
[2024-11-25T08:53:00.536+0000] {processor.py:208} INFO - Processing /home/airflow/.local/lib/python3.12/site-packages/airflow/example_dags/example_xcom.py took 0.118 seconds
[2024-11-25T08:53:30.934+0000] {processor.py:186} INFO - Started process (PID=7305) to work on /home/airflow/.local/lib/python3.12/site-packages/airflow/example_dags/example_xcom.py
[2024-11-25T08:53:30.936+0000] {processor.py:914} INFO - Processing file /home/airflow/.local/lib/python3.12/site-packages/airflow/example_dags/example_xcom.py for tasks to queue
[2024-11-25T08:53:30.940+0000] {logging_mixin.py:190} INFO - [2024-11-25T08:53:30.939+0000] {dagbag.py:588} INFO - Filling up the DagBag from /home/airflow/.local/lib/python3.12/site-packages/airflow/example_dags/example_xcom.py
[2024-11-25T08:53:30.955+0000] {processor.py:925} INFO - DAG(s) 'example_xcom' retrieved from /home/airflow/.local/lib/python3.12/site-packages/airflow/example_dags/example_xcom.py
[2024-11-25T08:53:30.987+0000] {logging_mixin.py:190} INFO - [2024-11-25T08:53:30.987+0000] {dag.py:3239} INFO - Sync 1 DAGs
[2024-11-25T08:53:31.021+0000] {logging_mixin.py:190} INFO - [2024-11-25T08:53:31.020+0000] {dag.py:4180} INFO - Setting next_dagrun for example_xcom to 2021-01-01 00:00:00+00:00, run_after=2021-01-01 00:00:00+00:00
[2024-11-25T08:53:31.046+0000] {processor.py:208} INFO - Processing /home/airflow/.local/lib/python3.12/site-packages/airflow/example_dags/example_xcom.py took 0.118 seconds
[2024-11-25T08:54:02.129+0000] {processor.py:186} INFO - Started process (PID=7608) to work on /home/airflow/.local/lib/python3.12/site-packages/airflow/example_dags/example_xcom.py
[2024-11-25T08:54:02.131+0000] {processor.py:914} INFO - Processing file /home/airflow/.local/lib/python3.12/site-packages/airflow/example_dags/example_xcom.py for tasks to queue
[2024-11-25T08:54:02.138+0000] {logging_mixin.py:190} INFO - [2024-11-25T08:54:02.134+0000] {dagbag.py:588} INFO - Filling up the DagBag from /home/airflow/.local/lib/python3.12/site-packages/airflow/example_dags/example_xcom.py
[2024-11-25T08:54:02.165+0000] {processor.py:925} INFO - DAG(s) 'example_xcom' retrieved from /home/airflow/.local/lib/python3.12/site-packages/airflow/example_dags/example_xcom.py
[2024-11-25T08:54:02.283+0000] {logging_mixin.py:190} INFO - [2024-11-25T08:54:02.283+0000] {dag.py:3239} INFO - Sync 1 DAGs
[2024-11-25T08:54:02.332+0000] {logging_mixin.py:190} INFO - [2024-11-25T08:54:02.331+0000] {dag.py:4180} INFO - Setting next_dagrun for example_xcom to 2021-01-01 00:00:00+00:00, run_after=2021-01-01 00:00:00+00:00
[2024-11-25T08:54:02.357+0000] {processor.py:208} INFO - Processing /home/airflow/.local/lib/python3.12/site-packages/airflow/example_dags/example_xcom.py took 0.242 seconds
[2024-11-25T08:54:32.950+0000] {processor.py:186} INFO - Started process (PID=7909) to work on /home/airflow/.local/lib/python3.12/site-packages/airflow/example_dags/example_xcom.py
[2024-11-25T08:54:32.951+0000] {processor.py:914} INFO - Processing file /home/airflow/.local/lib/python3.12/site-packages/airflow/example_dags/example_xcom.py for tasks to queue
[2024-11-25T08:54:32.954+0000] {logging_mixin.py:190} INFO - [2024-11-25T08:54:32.954+0000] {dagbag.py:588} INFO - Filling up the DagBag from /home/airflow/.local/lib/python3.12/site-packages/airflow/example_dags/example_xcom.py
[2024-11-25T08:54:32.965+0000] {processor.py:925} INFO - DAG(s) 'example_xcom' retrieved from /home/airflow/.local/lib/python3.12/site-packages/airflow/example_dags/example_xcom.py
[2024-11-25T08:54:32.992+0000] {logging_mixin.py:190} INFO - [2024-11-25T08:54:32.992+0000] {dag.py:3239} INFO - Sync 1 DAGs
[2024-11-25T08:54:33.018+0000] {logging_mixin.py:190} INFO - [2024-11-25T08:54:33.017+0000] {dag.py:4180} INFO - Setting next_dagrun for example_xcom to 2021-01-01 00:00:00+00:00, run_after=2021-01-01 00:00:00+00:00
[2024-11-25T08:54:33.041+0000] {processor.py:208} INFO - Processing /home/airflow/.local/lib/python3.12/site-packages/airflow/example_dags/example_xcom.py took 0.101 seconds
[2024-11-25T08:55:03.793+0000] {processor.py:186} INFO - Started process (PID=8210) to work on /home/airflow/.local/lib/python3.12/site-packages/airflow/example_dags/example_xcom.py
[2024-11-25T08:55:03.794+0000] {processor.py:914} INFO - Processing file /home/airflow/.local/lib/python3.12/site-packages/airflow/example_dags/example_xcom.py for tasks to queue
[2024-11-25T08:55:03.797+0000] {logging_mixin.py:190} INFO - [2024-11-25T08:55:03.797+0000] {dagbag.py:588} INFO - Filling up the DagBag from /home/airflow/.local/lib/python3.12/site-packages/airflow/example_dags/example_xcom.py
[2024-11-25T08:55:03.807+0000] {processor.py:925} INFO - DAG(s) 'example_xcom' retrieved from /home/airflow/.local/lib/python3.12/site-packages/airflow/example_dags/example_xcom.py
[2024-11-25T08:55:03.833+0000] {logging_mixin.py:190} INFO - [2024-11-25T08:55:03.833+0000] {dag.py:3239} INFO - Sync 1 DAGs
[2024-11-25T08:55:03.857+0000] {logging_mixin.py:190} INFO - [2024-11-25T08:55:03.856+0000] {dag.py:4180} INFO - Setting next_dagrun for example_xcom to 2021-01-01 00:00:00+00:00, run_after=2021-01-01 00:00:00+00:00
[2024-11-25T08:55:03.883+0000] {processor.py:208} INFO - Processing /home/airflow/.local/lib/python3.12/site-packages/airflow/example_dags/example_xcom.py took 0.097 seconds
[2024-11-25T08:55:33.932+0000] {processor.py:186} INFO - Started process (PID=8510) to work on /home/airflow/.local/lib/python3.12/site-packages/airflow/example_dags/example_xcom.py
[2024-11-25T08:55:33.933+0000] {processor.py:914} INFO - Processing file /home/airflow/.local/lib/python3.12/site-packages/airflow/example_dags/example_xcom.py for tasks to queue
[2024-11-25T08:55:33.935+0000] {logging_mixin.py:190} INFO - [2024-11-25T08:55:33.935+0000] {dagbag.py:588} INFO - Filling up the DagBag from /home/airflow/.local/lib/python3.12/site-packages/airflow/example_dags/example_xcom.py
[2024-11-25T08:55:33.945+0000] {processor.py:925} INFO - DAG(s) 'example_xcom' retrieved from /home/airflow/.local/lib/python3.12/site-packages/airflow/example_dags/example_xcom.py
[2024-11-25T08:55:33.967+0000] {logging_mixin.py:190} INFO - [2024-11-25T08:55:33.967+0000] {dag.py:3239} INFO - Sync 1 DAGs
[2024-11-25T08:55:33.988+0000] {logging_mixin.py:190} INFO - [2024-11-25T08:55:33.988+0000] {dag.py:4180} INFO - Setting next_dagrun for example_xcom to 2021-01-01 00:00:00+00:00, run_after=2021-01-01 00:00:00+00:00
[2024-11-25T08:55:34.008+0000] {processor.py:208} INFO - Processing /home/airflow/.local/lib/python3.12/site-packages/airflow/example_dags/example_xcom.py took 0.082 seconds
[2024-11-25T08:56:04.745+0000] {processor.py:186} INFO - Started process (PID=8812) to work on /home/airflow/.local/lib/python3.12/site-packages/airflow/example_dags/example_xcom.py
[2024-11-25T08:56:04.747+0000] {processor.py:914} INFO - Processing file /home/airflow/.local/lib/python3.12/site-packages/airflow/example_dags/example_xcom.py for tasks to queue
[2024-11-25T08:56:04.749+0000] {logging_mixin.py:190} INFO - [2024-11-25T08:56:04.749+0000] {dagbag.py:588} INFO - Filling up the DagBag from /home/airflow/.local/lib/python3.12/site-packages/airflow/example_dags/example_xcom.py
[2024-11-25T08:56:04.765+0000] {processor.py:925} INFO - DAG(s) 'example_xcom' retrieved from /home/airflow/.local/lib/python3.12/site-packages/airflow/example_dags/example_xcom.py
[2024-11-25T08:56:04.799+0000] {logging_mixin.py:190} INFO - [2024-11-25T08:56:04.799+0000] {dag.py:3239} INFO - Sync 1 DAGs
[2024-11-25T08:56:04.820+0000] {logging_mixin.py:190} INFO - [2024-11-25T08:56:04.820+0000] {dag.py:4180} INFO - Setting next_dagrun for example_xcom to 2021-01-01 00:00:00+00:00, run_after=2021-01-01 00:00:00+00:00
[2024-11-25T08:56:04.837+0000] {processor.py:208} INFO - Processing /home/airflow/.local/lib/python3.12/site-packages/airflow/example_dags/example_xcom.py took 0.098 seconds
[2024-11-25T08:56:34.981+0000] {processor.py:186} INFO - Started process (PID=9113) to work on /home/airflow/.local/lib/python3.12/site-packages/airflow/example_dags/example_xcom.py
[2024-11-25T08:56:34.982+0000] {processor.py:914} INFO - Processing file /home/airflow/.local/lib/python3.12/site-packages/airflow/example_dags/example_xcom.py for tasks to queue
[2024-11-25T08:56:34.985+0000] {logging_mixin.py:190} INFO - [2024-11-25T08:56:34.984+0000] {dagbag.py:588} INFO - Filling up the DagBag from /home/airflow/.local/lib/python3.12/site-packages/airflow/example_dags/example_xcom.py
[2024-11-25T08:56:34.995+0000] {processor.py:925} INFO - DAG(s) 'example_xcom' retrieved from /home/airflow/.local/lib/python3.12/site-packages/airflow/example_dags/example_xcom.py
[2024-11-25T08:56:35.019+0000] {logging_mixin.py:190} INFO - [2024-11-25T08:56:35.019+0000] {dag.py:3239} INFO - Sync 1 DAGs
[2024-11-25T08:56:35.040+0000] {logging_mixin.py:190} INFO - [2024-11-25T08:56:35.040+0000] {dag.py:4180} INFO - Setting next_dagrun for example_xcom to 2021-01-01 00:00:00+00:00, run_after=2021-01-01 00:00:00+00:00
[2024-11-25T08:56:35.059+0000] {processor.py:208} INFO - Processing /home/airflow/.local/lib/python3.12/site-packages/airflow/example_dags/example_xcom.py took 0.083 seconds
[2024-11-25T08:57:05.277+0000] {processor.py:186} INFO - Started process (PID=9414) to work on /home/airflow/.local/lib/python3.12/site-packages/airflow/example_dags/example_xcom.py
[2024-11-25T08:57:05.278+0000] {processor.py:914} INFO - Processing file /home/airflow/.local/lib/python3.12/site-packages/airflow/example_dags/example_xcom.py for tasks to queue
[2024-11-25T08:57:05.281+0000] {logging_mixin.py:190} INFO - [2024-11-25T08:57:05.280+0000] {dagbag.py:588} INFO - Filling up the DagBag from /home/airflow/.local/lib/python3.12/site-packages/airflow/example_dags/example_xcom.py
[2024-11-25T08:57:05.290+0000] {processor.py:925} INFO - DAG(s) 'example_xcom' retrieved from /home/airflow/.local/lib/python3.12/site-packages/airflow/example_dags/example_xcom.py
[2024-11-25T08:57:05.316+0000] {logging_mixin.py:190} INFO - [2024-11-25T08:57:05.316+0000] {dag.py:3239} INFO - Sync 1 DAGs
[2024-11-25T08:57:05.339+0000] {logging_mixin.py:190} INFO - [2024-11-25T08:57:05.338+0000] {dag.py:4180} INFO - Setting next_dagrun for example_xcom to 2021-01-01 00:00:00+00:00, run_after=2021-01-01 00:00:00+00:00
[2024-11-25T08:57:05.359+0000] {processor.py:208} INFO - Processing /home/airflow/.local/lib/python3.12/site-packages/airflow/example_dags/example_xcom.py took 0.090 seconds
[2024-11-25T08:57:36.200+0000] {processor.py:186} INFO - Started process (PID=9715) to work on /home/airflow/.local/lib/python3.12/site-packages/airflow/example_dags/example_xcom.py
[2024-11-25T08:57:36.201+0000] {processor.py:914} INFO - Processing file /home/airflow/.local/lib/python3.12/site-packages/airflow/example_dags/example_xcom.py for tasks to queue
[2024-11-25T08:57:36.203+0000] {logging_mixin.py:190} INFO - [2024-11-25T08:57:36.203+0000] {dagbag.py:588} INFO - Filling up the DagBag from /home/airflow/.local/lib/python3.12/site-packages/airflow/example_dags/example_xcom.py
[2024-11-25T08:57:36.217+0000] {processor.py:925} INFO - DAG(s) 'example_xcom' retrieved from /home/airflow/.local/lib/python3.12/site-packages/airflow/example_dags/example_xcom.py
[2024-11-25T08:57:36.258+0000] {logging_mixin.py:190} INFO - [2024-11-25T08:57:36.257+0000] {dag.py:3239} INFO - Sync 1 DAGs
[2024-11-25T08:57:36.302+0000] {logging_mixin.py:190} INFO - [2024-11-25T08:57:36.301+0000] {dag.py:4180} INFO - Setting next_dagrun for example_xcom to 2021-01-01 00:00:00+00:00, run_after=2021-01-01 00:00:00+00:00
[2024-11-25T08:57:36.342+0000] {processor.py:208} INFO - Processing /home/airflow/.local/lib/python3.12/site-packages/airflow/example_dags/example_xcom.py took 0.149 seconds
[2024-11-25T08:58:06.762+0000] {processor.py:186} INFO - Started process (PID=10016) to work on /home/airflow/.local/lib/python3.12/site-packages/airflow/example_dags/example_xcom.py
[2024-11-25T08:58:06.763+0000] {processor.py:914} INFO - Processing file /home/airflow/.local/lib/python3.12/site-packages/airflow/example_dags/example_xcom.py for tasks to queue
[2024-11-25T08:58:06.767+0000] {logging_mixin.py:190} INFO - [2024-11-25T08:58:06.766+0000] {dagbag.py:588} INFO - Filling up the DagBag from /home/airflow/.local/lib/python3.12/site-packages/airflow/example_dags/example_xcom.py
[2024-11-25T08:58:06.779+0000] {processor.py:925} INFO - DAG(s) 'example_xcom' retrieved from /home/airflow/.local/lib/python3.12/site-packages/airflow/example_dags/example_xcom.py
[2024-11-25T08:58:06.813+0000] {logging_mixin.py:190} INFO - [2024-11-25T08:58:06.813+0000] {dag.py:3239} INFO - Sync 1 DAGs
[2024-11-25T08:58:06.859+0000] {logging_mixin.py:190} INFO - [2024-11-25T08:58:06.858+0000] {dag.py:4180} INFO - Setting next_dagrun for example_xcom to 2021-01-01 00:00:00+00:00, run_after=2021-01-01 00:00:00+00:00
[2024-11-25T08:58:06.894+0000] {processor.py:208} INFO - Processing /home/airflow/.local/lib/python3.12/site-packages/airflow/example_dags/example_xcom.py took 0.141 seconds
[2024-11-25T08:58:37.082+0000] {processor.py:186} INFO - Started process (PID=10317) to work on /home/airflow/.local/lib/python3.12/site-packages/airflow/example_dags/example_xcom.py
[2024-11-25T08:58:37.083+0000] {processor.py:914} INFO - Processing file /home/airflow/.local/lib/python3.12/site-packages/airflow/example_dags/example_xcom.py for tasks to queue
[2024-11-25T08:58:37.085+0000] {logging_mixin.py:190} INFO - [2024-11-25T08:58:37.085+0000] {dagbag.py:588} INFO - Filling up the DagBag from /home/airflow/.local/lib/python3.12/site-packages/airflow/example_dags/example_xcom.py
[2024-11-25T08:58:37.097+0000] {processor.py:925} INFO - DAG(s) 'example_xcom' retrieved from /home/airflow/.local/lib/python3.12/site-packages/airflow/example_dags/example_xcom.py
[2024-11-25T08:58:37.127+0000] {logging_mixin.py:190} INFO - [2024-11-25T08:58:37.127+0000] {dag.py:3239} INFO - Sync 1 DAGs
[2024-11-25T08:58:37.149+0000] {logging_mixin.py:190} INFO - [2024-11-25T08:58:37.148+0000] {dag.py:4180} INFO - Setting next_dagrun for example_xcom to 2021-01-01 00:00:00+00:00, run_after=2021-01-01 00:00:00+00:00
[2024-11-25T08:58:37.164+0000] {processor.py:208} INFO - Processing /home/airflow/.local/lib/python3.12/site-packages/airflow/example_dags/example_xcom.py took 0.089 seconds
[2024-11-25T08:59:07.341+0000] {processor.py:186} INFO - Started process (PID=10618) to work on /home/airflow/.local/lib/python3.12/site-packages/airflow/example_dags/example_xcom.py
[2024-11-25T08:59:07.342+0000] {processor.py:914} INFO - Processing file /home/airflow/.local/lib/python3.12/site-packages/airflow/example_dags/example_xcom.py for tasks to queue
[2024-11-25T08:59:07.346+0000] {logging_mixin.py:190} INFO - [2024-11-25T08:59:07.346+0000] {dagbag.py:588} INFO - Filling up the DagBag from /home/airflow/.local/lib/python3.12/site-packages/airflow/example_dags/example_xcom.py
[2024-11-25T08:59:07.361+0000] {processor.py:925} INFO - DAG(s) 'example_xcom' retrieved from /home/airflow/.local/lib/python3.12/site-packages/airflow/example_dags/example_xcom.py
[2024-11-25T08:59:07.397+0000] {logging_mixin.py:190} INFO - [2024-11-25T08:59:07.396+0000] {dag.py:3239} INFO - Sync 1 DAGs
[2024-11-25T08:59:07.441+0000] {logging_mixin.py:190} INFO - [2024-11-25T08:59:07.440+0000] {dag.py:4180} INFO - Setting next_dagrun for example_xcom to 2021-01-01 00:00:00+00:00, run_after=2021-01-01 00:00:00+00:00
[2024-11-25T08:59:07.474+0000] {processor.py:208} INFO - Processing /home/airflow/.local/lib/python3.12/site-packages/airflow/example_dags/example_xcom.py took 0.141 seconds
[2024-11-25T08:59:37.804+0000] {processor.py:186} INFO - Started process (PID=10919) to work on /home/airflow/.local/lib/python3.12/site-packages/airflow/example_dags/example_xcom.py
[2024-11-25T08:59:37.806+0000] {processor.py:914} INFO - Processing file /home/airflow/.local/lib/python3.12/site-packages/airflow/example_dags/example_xcom.py for tasks to queue
[2024-11-25T08:59:37.811+0000] {logging_mixin.py:190} INFO - [2024-11-25T08:59:37.810+0000] {dagbag.py:588} INFO - Filling up the DagBag from /home/airflow/.local/lib/python3.12/site-packages/airflow/example_dags/example_xcom.py
[2024-11-25T08:59:37.831+0000] {processor.py:925} INFO - DAG(s) 'example_xcom' retrieved from /home/airflow/.local/lib/python3.12/site-packages/airflow/example_dags/example_xcom.py
[2024-11-25T08:59:37.884+0000] {logging_mixin.py:190} INFO - [2024-11-25T08:59:37.883+0000] {dag.py:3239} INFO - Sync 1 DAGs
[2024-11-25T08:59:37.938+0000] {logging_mixin.py:190} INFO - [2024-11-25T08:59:37.937+0000] {dag.py:4180} INFO - Setting next_dagrun for example_xcom to 2021-01-01 00:00:00+00:00, run_after=2021-01-01 00:00:00+00:00
[2024-11-25T08:59:37.956+0000] {processor.py:208} INFO - Processing /home/airflow/.local/lib/python3.12/site-packages/airflow/example_dags/example_xcom.py took 0.161 seconds
[2024-11-25T09:00:08.309+0000] {processor.py:186} INFO - Started process (PID=11220) to work on /home/airflow/.local/lib/python3.12/site-packages/airflow/example_dags/example_xcom.py
[2024-11-25T09:00:08.310+0000] {processor.py:914} INFO - Processing file /home/airflow/.local/lib/python3.12/site-packages/airflow/example_dags/example_xcom.py for tasks to queue
[2024-11-25T09:00:08.313+0000] {logging_mixin.py:190} INFO - [2024-11-25T09:00:08.313+0000] {dagbag.py:588} INFO - Filling up the DagBag from /home/airflow/.local/lib/python3.12/site-packages/airflow/example_dags/example_xcom.py
[2024-11-25T09:00:08.325+0000] {processor.py:925} INFO - DAG(s) 'example_xcom' retrieved from /home/airflow/.local/lib/python3.12/site-packages/airflow/example_dags/example_xcom.py
[2024-11-25T09:00:08.354+0000] {logging_mixin.py:190} INFO - [2024-11-25T09:00:08.354+0000] {dag.py:3239} INFO - Sync 1 DAGs
[2024-11-25T09:00:08.375+0000] {logging_mixin.py:190} INFO - [2024-11-25T09:00:08.375+0000] {dag.py:4180} INFO - Setting next_dagrun for example_xcom to 2021-01-01 00:00:00+00:00, run_after=2021-01-01 00:00:00+00:00
[2024-11-25T09:00:08.400+0000] {processor.py:208} INFO - Processing /home/airflow/.local/lib/python3.12/site-packages/airflow/example_dags/example_xcom.py took 0.097 seconds
[2024-11-25T09:00:38.792+0000] {processor.py:186} INFO - Started process (PID=11521) to work on /home/airflow/.local/lib/python3.12/site-packages/airflow/example_dags/example_xcom.py
[2024-11-25T09:00:38.794+0000] {processor.py:914} INFO - Processing file /home/airflow/.local/lib/python3.12/site-packages/airflow/example_dags/example_xcom.py for tasks to queue
[2024-11-25T09:00:38.796+0000] {logging_mixin.py:190} INFO - [2024-11-25T09:00:38.796+0000] {dagbag.py:588} INFO - Filling up the DagBag from /home/airflow/.local/lib/python3.12/site-packages/airflow/example_dags/example_xcom.py
[2024-11-25T09:00:38.808+0000] {processor.py:925} INFO - DAG(s) 'example_xcom' retrieved from /home/airflow/.local/lib/python3.12/site-packages/airflow/example_dags/example_xcom.py
[2024-11-25T09:00:38.845+0000] {logging_mixin.py:190} INFO - [2024-11-25T09:00:38.845+0000] {dag.py:3239} INFO - Sync 1 DAGs
[2024-11-25T09:00:38.873+0000] {logging_mixin.py:190} INFO - [2024-11-25T09:00:38.872+0000] {dag.py:4180} INFO - Setting next_dagrun for example_xcom to 2021-01-01 00:00:00+00:00, run_after=2021-01-01 00:00:00+00:00
[2024-11-25T09:00:38.898+0000] {processor.py:208} INFO - Processing /home/airflow/.local/lib/python3.12/site-packages/airflow/example_dags/example_xcom.py took 0.112 seconds
[2024-11-25T09:01:09.694+0000] {processor.py:186} INFO - Started process (PID=11817) to work on /home/airflow/.local/lib/python3.12/site-packages/airflow/example_dags/example_xcom.py
[2024-11-25T09:01:09.696+0000] {processor.py:914} INFO - Processing file /home/airflow/.local/lib/python3.12/site-packages/airflow/example_dags/example_xcom.py for tasks to queue
[2024-11-25T09:01:09.703+0000] {logging_mixin.py:190} INFO - [2024-11-25T09:01:09.702+0000] {dagbag.py:588} INFO - Filling up the DagBag from /home/airflow/.local/lib/python3.12/site-packages/airflow/example_dags/example_xcom.py
[2024-11-25T09:01:09.721+0000] {processor.py:925} INFO - DAG(s) 'example_xcom' retrieved from /home/airflow/.local/lib/python3.12/site-packages/airflow/example_dags/example_xcom.py
[2024-11-25T09:01:09.762+0000] {logging_mixin.py:190} INFO - [2024-11-25T09:01:09.762+0000] {dag.py:3239} INFO - Sync 1 DAGs
[2024-11-25T09:01:09.790+0000] {logging_mixin.py:190} INFO - [2024-11-25T09:01:09.790+0000] {dag.py:4180} INFO - Setting next_dagrun for example_xcom to 2021-01-01 00:00:00+00:00, run_after=2021-01-01 00:00:00+00:00
[2024-11-25T09:01:09.818+0000] {processor.py:208} INFO - Processing /home/airflow/.local/lib/python3.12/site-packages/airflow/example_dags/example_xcom.py took 0.133 seconds
[2024-11-25T09:01:40.043+0000] {processor.py:186} INFO - Started process (PID=12120) to work on /home/airflow/.local/lib/python3.12/site-packages/airflow/example_dags/example_xcom.py
[2024-11-25T09:01:40.044+0000] {processor.py:914} INFO - Processing file /home/airflow/.local/lib/python3.12/site-packages/airflow/example_dags/example_xcom.py for tasks to queue
[2024-11-25T09:01:40.048+0000] {logging_mixin.py:190} INFO - [2024-11-25T09:01:40.047+0000] {dagbag.py:588} INFO - Filling up the DagBag from /home/airflow/.local/lib/python3.12/site-packages/airflow/example_dags/example_xcom.py
[2024-11-25T09:01:40.057+0000] {processor.py:925} INFO - DAG(s) 'example_xcom' retrieved from /home/airflow/.local/lib/python3.12/site-packages/airflow/example_dags/example_xcom.py
[2024-11-25T09:01:40.082+0000] {logging_mixin.py:190} INFO - [2024-11-25T09:01:40.081+0000] {dag.py:3239} INFO - Sync 1 DAGs
[2024-11-25T09:01:40.105+0000] {logging_mixin.py:190} INFO - [2024-11-25T09:01:40.105+0000] {dag.py:4180} INFO - Setting next_dagrun for example_xcom to 2021-01-01 00:00:00+00:00, run_after=2021-01-01 00:00:00+00:00
[2024-11-25T09:01:40.122+0000] {processor.py:208} INFO - Processing /home/airflow/.local/lib/python3.12/site-packages/airflow/example_dags/example_xcom.py took 0.088 seconds
[2024-11-25T09:02:10.362+0000] {processor.py:186} INFO - Started process (PID=12420) to work on /home/airflow/.local/lib/python3.12/site-packages/airflow/example_dags/example_xcom.py
[2024-11-25T09:02:10.363+0000] {processor.py:914} INFO - Processing file /home/airflow/.local/lib/python3.12/site-packages/airflow/example_dags/example_xcom.py for tasks to queue
[2024-11-25T09:02:10.366+0000] {logging_mixin.py:190} INFO - [2024-11-25T09:02:10.365+0000] {dagbag.py:588} INFO - Filling up the DagBag from /home/airflow/.local/lib/python3.12/site-packages/airflow/example_dags/example_xcom.py
[2024-11-25T09:02:10.378+0000] {processor.py:925} INFO - DAG(s) 'example_xcom' retrieved from /home/airflow/.local/lib/python3.12/site-packages/airflow/example_dags/example_xcom.py
[2024-11-25T09:02:10.402+0000] {logging_mixin.py:190} INFO - [2024-11-25T09:02:10.401+0000] {dag.py:3239} INFO - Sync 1 DAGs
[2024-11-25T09:02:10.430+0000] {logging_mixin.py:190} INFO - [2024-11-25T09:02:10.429+0000] {dag.py:4180} INFO - Setting next_dagrun for example_xcom to 2021-01-01 00:00:00+00:00, run_after=2021-01-01 00:00:00+00:00
[2024-11-25T09:02:10.454+0000] {processor.py:208} INFO - Processing /home/airflow/.local/lib/python3.12/site-packages/airflow/example_dags/example_xcom.py took 0.101 seconds
[2024-11-25T09:02:40.705+0000] {processor.py:186} INFO - Started process (PID=12721) to work on /home/airflow/.local/lib/python3.12/site-packages/airflow/example_dags/example_xcom.py
[2024-11-25T09:02:40.706+0000] {processor.py:914} INFO - Processing file /home/airflow/.local/lib/python3.12/site-packages/airflow/example_dags/example_xcom.py for tasks to queue
[2024-11-25T09:02:40.709+0000] {logging_mixin.py:190} INFO - [2024-11-25T09:02:40.709+0000] {dagbag.py:588} INFO - Filling up the DagBag from /home/airflow/.local/lib/python3.12/site-packages/airflow/example_dags/example_xcom.py
[2024-11-25T09:02:40.721+0000] {processor.py:925} INFO - DAG(s) 'example_xcom' retrieved from /home/airflow/.local/lib/python3.12/site-packages/airflow/example_dags/example_xcom.py
[2024-11-25T09:02:40.755+0000] {logging_mixin.py:190} INFO - [2024-11-25T09:02:40.754+0000] {dag.py:3239} INFO - Sync 1 DAGs
[2024-11-25T09:02:40.776+0000] {logging_mixin.py:190} INFO - [2024-11-25T09:02:40.775+0000] {dag.py:4180} INFO - Setting next_dagrun for example_xcom to 2021-01-01 00:00:00+00:00, run_after=2021-01-01 00:00:00+00:00
[2024-11-25T09:02:40.793+0000] {processor.py:208} INFO - Processing /home/airflow/.local/lib/python3.12/site-packages/airflow/example_dags/example_xcom.py took 0.095 seconds
[2024-11-25T09:03:11.116+0000] {processor.py:186} INFO - Started process (PID=13023) to work on /home/airflow/.local/lib/python3.12/site-packages/airflow/example_dags/example_xcom.py
[2024-11-25T09:03:11.117+0000] {processor.py:914} INFO - Processing file /home/airflow/.local/lib/python3.12/site-packages/airflow/example_dags/example_xcom.py for tasks to queue
[2024-11-25T09:03:11.119+0000] {logging_mixin.py:190} INFO - [2024-11-25T09:03:11.119+0000] {dagbag.py:588} INFO - Filling up the DagBag from /home/airflow/.local/lib/python3.12/site-packages/airflow/example_dags/example_xcom.py
[2024-11-25T09:03:11.129+0000] {processor.py:925} INFO - DAG(s) 'example_xcom' retrieved from /home/airflow/.local/lib/python3.12/site-packages/airflow/example_dags/example_xcom.py
[2024-11-25T09:03:11.157+0000] {logging_mixin.py:190} INFO - [2024-11-25T09:03:11.157+0000] {dag.py:3239} INFO - Sync 1 DAGs
[2024-11-25T09:03:11.179+0000] {logging_mixin.py:190} INFO - [2024-11-25T09:03:11.179+0000] {dag.py:4180} INFO - Setting next_dagrun for example_xcom to 2021-01-01 00:00:00+00:00, run_after=2021-01-01 00:00:00+00:00
[2024-11-25T09:03:11.197+0000] {processor.py:208} INFO - Processing /home/airflow/.local/lib/python3.12/site-packages/airflow/example_dags/example_xcom.py took 0.087 seconds
[2024-11-25T09:03:42.377+0000] {processor.py:186} INFO - Started process (PID=13324) to work on /home/airflow/.local/lib/python3.12/site-packages/airflow/example_dags/example_xcom.py
[2024-11-25T09:03:42.378+0000] {processor.py:914} INFO - Processing file /home/airflow/.local/lib/python3.12/site-packages/airflow/example_dags/example_xcom.py for tasks to queue
[2024-11-25T09:03:42.382+0000] {logging_mixin.py:190} INFO - [2024-11-25T09:03:42.381+0000] {dagbag.py:588} INFO - Filling up the DagBag from /home/airflow/.local/lib/python3.12/site-packages/airflow/example_dags/example_xcom.py
[2024-11-25T09:03:42.395+0000] {processor.py:925} INFO - DAG(s) 'example_xcom' retrieved from /home/airflow/.local/lib/python3.12/site-packages/airflow/example_dags/example_xcom.py
[2024-11-25T09:03:42.428+0000] {logging_mixin.py:190} INFO - [2024-11-25T09:03:42.427+0000] {dag.py:3239} INFO - Sync 1 DAGs
[2024-11-25T09:03:42.462+0000] {logging_mixin.py:190} INFO - [2024-11-25T09:03:42.461+0000] {dag.py:4180} INFO - Setting next_dagrun for example_xcom to 2021-01-01 00:00:00+00:00, run_after=2021-01-01 00:00:00+00:00
[2024-11-25T09:03:42.491+0000] {processor.py:208} INFO - Processing /home/airflow/.local/lib/python3.12/site-packages/airflow/example_dags/example_xcom.py took 0.120 seconds
[2024-11-25T09:04:12.614+0000] {processor.py:186} INFO - Started process (PID=13622) to work on /home/airflow/.local/lib/python3.12/site-packages/airflow/example_dags/example_xcom.py
[2024-11-25T09:04:12.615+0000] {processor.py:914} INFO - Processing file /home/airflow/.local/lib/python3.12/site-packages/airflow/example_dags/example_xcom.py for tasks to queue
[2024-11-25T09:04:12.617+0000] {logging_mixin.py:190} INFO - [2024-11-25T09:04:12.617+0000] {dagbag.py:588} INFO - Filling up the DagBag from /home/airflow/.local/lib/python3.12/site-packages/airflow/example_dags/example_xcom.py
[2024-11-25T09:04:12.628+0000] {processor.py:925} INFO - DAG(s) 'example_xcom' retrieved from /home/airflow/.local/lib/python3.12/site-packages/airflow/example_dags/example_xcom.py
[2024-11-25T09:04:12.660+0000] {logging_mixin.py:190} INFO - [2024-11-25T09:04:12.660+0000] {dag.py:3239} INFO - Sync 1 DAGs
[2024-11-25T09:04:12.687+0000] {logging_mixin.py:190} INFO - [2024-11-25T09:04:12.687+0000] {dag.py:4180} INFO - Setting next_dagrun for example_xcom to 2021-01-01 00:00:00+00:00, run_after=2021-01-01 00:00:00+00:00
[2024-11-25T09:04:12.711+0000] {processor.py:208} INFO - Processing /home/airflow/.local/lib/python3.12/site-packages/airflow/example_dags/example_xcom.py took 0.103 seconds
[2024-11-25T09:04:42.794+0000] {processor.py:186} INFO - Started process (PID=13923) to work on /home/airflow/.local/lib/python3.12/site-packages/airflow/example_dags/example_xcom.py
[2024-11-25T09:04:42.795+0000] {processor.py:914} INFO - Processing file /home/airflow/.local/lib/python3.12/site-packages/airflow/example_dags/example_xcom.py for tasks to queue
[2024-11-25T09:04:42.797+0000] {logging_mixin.py:190} INFO - [2024-11-25T09:04:42.797+0000] {dagbag.py:588} INFO - Filling up the DagBag from /home/airflow/.local/lib/python3.12/site-packages/airflow/example_dags/example_xcom.py
[2024-11-25T09:04:42.806+0000] {processor.py:925} INFO - DAG(s) 'example_xcom' retrieved from /home/airflow/.local/lib/python3.12/site-packages/airflow/example_dags/example_xcom.py
[2024-11-25T09:04:42.830+0000] {logging_mixin.py:190} INFO - [2024-11-25T09:04:42.830+0000] {dag.py:3239} INFO - Sync 1 DAGs
[2024-11-25T09:04:42.852+0000] {logging_mixin.py:190} INFO - [2024-11-25T09:04:42.851+0000] {dag.py:4180} INFO - Setting next_dagrun for example_xcom to 2021-01-01 00:00:00+00:00, run_after=2021-01-01 00:00:00+00:00
[2024-11-25T09:04:42.872+0000] {processor.py:208} INFO - Processing /home/airflow/.local/lib/python3.12/site-packages/airflow/example_dags/example_xcom.py took 0.083 seconds
[2024-11-25T09:05:13.476+0000] {processor.py:186} INFO - Started process (PID=14222) to work on /home/airflow/.local/lib/python3.12/site-packages/airflow/example_dags/example_xcom.py
[2024-11-25T09:05:13.477+0000] {processor.py:914} INFO - Processing file /home/airflow/.local/lib/python3.12/site-packages/airflow/example_dags/example_xcom.py for tasks to queue
[2024-11-25T09:05:13.480+0000] {logging_mixin.py:190} INFO - [2024-11-25T09:05:13.479+0000] {dagbag.py:588} INFO - Filling up the DagBag from /home/airflow/.local/lib/python3.12/site-packages/airflow/example_dags/example_xcom.py
[2024-11-25T09:05:13.491+0000] {processor.py:925} INFO - DAG(s) 'example_xcom' retrieved from /home/airflow/.local/lib/python3.12/site-packages/airflow/example_dags/example_xcom.py
[2024-11-25T09:05:13.522+0000] {logging_mixin.py:190} INFO - [2024-11-25T09:05:13.522+0000] {dag.py:3239} INFO - Sync 1 DAGs
[2024-11-25T09:05:13.551+0000] {logging_mixin.py:190} INFO - [2024-11-25T09:05:13.551+0000] {dag.py:4180} INFO - Setting next_dagrun for example_xcom to 2021-01-01 00:00:00+00:00, run_after=2021-01-01 00:00:00+00:00
[2024-11-25T09:05:13.571+0000] {processor.py:208} INFO - Processing /home/airflow/.local/lib/python3.12/site-packages/airflow/example_dags/example_xcom.py took 0.103 seconds
[2024-11-25T09:05:44.378+0000] {processor.py:186} INFO - Started process (PID=14523) to work on /home/airflow/.local/lib/python3.12/site-packages/airflow/example_dags/example_xcom.py
[2024-11-25T09:05:44.380+0000] {processor.py:914} INFO - Processing file /home/airflow/.local/lib/python3.12/site-packages/airflow/example_dags/example_xcom.py for tasks to queue
[2024-11-25T09:05:44.383+0000] {logging_mixin.py:190} INFO - [2024-11-25T09:05:44.383+0000] {dagbag.py:588} INFO - Filling up the DagBag from /home/airflow/.local/lib/python3.12/site-packages/airflow/example_dags/example_xcom.py
[2024-11-25T09:05:44.395+0000] {processor.py:925} INFO - DAG(s) 'example_xcom' retrieved from /home/airflow/.local/lib/python3.12/site-packages/airflow/example_dags/example_xcom.py
[2024-11-25T09:05:44.422+0000] {logging_mixin.py:190} INFO - [2024-11-25T09:05:44.422+0000] {dag.py:3239} INFO - Sync 1 DAGs
[2024-11-25T09:05:44.447+0000] {logging_mixin.py:190} INFO - [2024-11-25T09:05:44.447+0000] {dag.py:4180} INFO - Setting next_dagrun for example_xcom to 2021-01-01 00:00:00+00:00, run_after=2021-01-01 00:00:00+00:00
[2024-11-25T09:05:44.467+0000] {processor.py:208} INFO - Processing /home/airflow/.local/lib/python3.12/site-packages/airflow/example_dags/example_xcom.py took 0.095 seconds
[2024-11-25T09:06:15.217+0000] {processor.py:186} INFO - Started process (PID=14825) to work on /home/airflow/.local/lib/python3.12/site-packages/airflow/example_dags/example_xcom.py
[2024-11-25T09:06:15.218+0000] {processor.py:914} INFO - Processing file /home/airflow/.local/lib/python3.12/site-packages/airflow/example_dags/example_xcom.py for tasks to queue
[2024-11-25T09:06:15.221+0000] {logging_mixin.py:190} INFO - [2024-11-25T09:06:15.221+0000] {dagbag.py:588} INFO - Filling up the DagBag from /home/airflow/.local/lib/python3.12/site-packages/airflow/example_dags/example_xcom.py
[2024-11-25T09:06:15.244+0000] {processor.py:925} INFO - DAG(s) 'example_xcom' retrieved from /home/airflow/.local/lib/python3.12/site-packages/airflow/example_dags/example_xcom.py
[2024-11-25T09:06:15.286+0000] {logging_mixin.py:190} INFO - [2024-11-25T09:06:15.285+0000] {dag.py:3239} INFO - Sync 1 DAGs
[2024-11-25T09:06:15.331+0000] {logging_mixin.py:190} INFO - [2024-11-25T09:06:15.331+0000] {dag.py:4180} INFO - Setting next_dagrun for example_xcom to 2021-01-01 00:00:00+00:00, run_after=2021-01-01 00:00:00+00:00
[2024-11-25T09:06:15.353+0000] {processor.py:208} INFO - Processing /home/airflow/.local/lib/python3.12/site-packages/airflow/example_dags/example_xcom.py took 0.144 seconds
[2024-11-25T09:06:46.133+0000] {processor.py:186} INFO - Started process (PID=15128) to work on /home/airflow/.local/lib/python3.12/site-packages/airflow/example_dags/example_xcom.py
[2024-11-25T09:06:46.134+0000] {processor.py:914} INFO - Processing file /home/airflow/.local/lib/python3.12/site-packages/airflow/example_dags/example_xcom.py for tasks to queue
[2024-11-25T09:06:46.137+0000] {logging_mixin.py:190} INFO - [2024-11-25T09:06:46.136+0000] {dagbag.py:588} INFO - Filling up the DagBag from /home/airflow/.local/lib/python3.12/site-packages/airflow/example_dags/example_xcom.py
[2024-11-25T09:06:46.146+0000] {processor.py:925} INFO - DAG(s) 'example_xcom' retrieved from /home/airflow/.local/lib/python3.12/site-packages/airflow/example_dags/example_xcom.py
[2024-11-25T09:06:46.168+0000] {logging_mixin.py:190} INFO - [2024-11-25T09:06:46.167+0000] {dag.py:3239} INFO - Sync 1 DAGs
[2024-11-25T09:06:46.195+0000] {logging_mixin.py:190} INFO - [2024-11-25T09:06:46.195+0000] {dag.py:4180} INFO - Setting next_dagrun for example_xcom to 2021-01-01 00:00:00+00:00, run_after=2021-01-01 00:00:00+00:00
[2024-11-25T09:06:46.213+0000] {processor.py:208} INFO - Processing /home/airflow/.local/lib/python3.12/site-packages/airflow/example_dags/example_xcom.py took 0.088 seconds
[2024-11-25T09:07:17.034+0000] {processor.py:186} INFO - Started process (PID=15433) to work on /home/airflow/.local/lib/python3.12/site-packages/airflow/example_dags/example_xcom.py
[2024-11-25T09:07:17.035+0000] {processor.py:914} INFO - Processing file /home/airflow/.local/lib/python3.12/site-packages/airflow/example_dags/example_xcom.py for tasks to queue
[2024-11-25T09:07:17.039+0000] {logging_mixin.py:190} INFO - [2024-11-25T09:07:17.038+0000] {dagbag.py:588} INFO - Filling up the DagBag from /home/airflow/.local/lib/python3.12/site-packages/airflow/example_dags/example_xcom.py
[2024-11-25T09:07:17.049+0000] {processor.py:925} INFO - DAG(s) 'example_xcom' retrieved from /home/airflow/.local/lib/python3.12/site-packages/airflow/example_dags/example_xcom.py
[2024-11-25T09:07:17.300+0000] {logging_mixin.py:190} INFO - [2024-11-25T09:07:17.299+0000] {dag.py:3239} INFO - Sync 1 DAGs
[2024-11-25T09:07:17.320+0000] {logging_mixin.py:190} INFO - [2024-11-25T09:07:17.320+0000] {dag.py:4180} INFO - Setting next_dagrun for example_xcom to 2021-01-01 00:00:00+00:00, run_after=2021-01-01 00:00:00+00:00
[2024-11-25T09:07:17.337+0000] {processor.py:208} INFO - Processing /home/airflow/.local/lib/python3.12/site-packages/airflow/example_dags/example_xcom.py took 0.312 seconds
[2024-11-25T09:07:48.219+0000] {processor.py:186} INFO - Started process (PID=15734) to work on /home/airflow/.local/lib/python3.12/site-packages/airflow/example_dags/example_xcom.py
[2024-11-25T09:07:48.220+0000] {processor.py:914} INFO - Processing file /home/airflow/.local/lib/python3.12/site-packages/airflow/example_dags/example_xcom.py for tasks to queue
[2024-11-25T09:07:48.223+0000] {logging_mixin.py:190} INFO - [2024-11-25T09:07:48.223+0000] {dagbag.py:588} INFO - Filling up the DagBag from /home/airflow/.local/lib/python3.12/site-packages/airflow/example_dags/example_xcom.py
[2024-11-25T09:07:48.234+0000] {processor.py:925} INFO - DAG(s) 'example_xcom' retrieved from /home/airflow/.local/lib/python3.12/site-packages/airflow/example_dags/example_xcom.py
[2024-11-25T09:07:48.266+0000] {logging_mixin.py:190} INFO - [2024-11-25T09:07:48.266+0000] {dag.py:3239} INFO - Sync 1 DAGs
[2024-11-25T09:07:48.296+0000] {logging_mixin.py:190} INFO - [2024-11-25T09:07:48.296+0000] {dag.py:4180} INFO - Setting next_dagrun for example_xcom to 2021-01-01 00:00:00+00:00, run_after=2021-01-01 00:00:00+00:00
[2024-11-25T09:07:48.317+0000] {processor.py:208} INFO - Processing /home/airflow/.local/lib/python3.12/site-packages/airflow/example_dags/example_xcom.py took 0.107 seconds
[2024-11-25T09:08:18.879+0000] {processor.py:186} INFO - Started process (PID=16035) to work on /home/airflow/.local/lib/python3.12/site-packages/airflow/example_dags/example_xcom.py
[2024-11-25T09:08:18.881+0000] {processor.py:914} INFO - Processing file /home/airflow/.local/lib/python3.12/site-packages/airflow/example_dags/example_xcom.py for tasks to queue
[2024-11-25T09:08:18.883+0000] {logging_mixin.py:190} INFO - [2024-11-25T09:08:18.883+0000] {dagbag.py:588} INFO - Filling up the DagBag from /home/airflow/.local/lib/python3.12/site-packages/airflow/example_dags/example_xcom.py
[2024-11-25T09:08:18.893+0000] {processor.py:925} INFO - DAG(s) 'example_xcom' retrieved from /home/airflow/.local/lib/python3.12/site-packages/airflow/example_dags/example_xcom.py
[2024-11-25T09:08:18.917+0000] {logging_mixin.py:190} INFO - [2024-11-25T09:08:18.917+0000] {dag.py:3239} INFO - Sync 1 DAGs
[2024-11-25T09:08:18.943+0000] {logging_mixin.py:190} INFO - [2024-11-25T09:08:18.943+0000] {dag.py:4180} INFO - Setting next_dagrun for example_xcom to 2021-01-01 00:00:00+00:00, run_after=2021-01-01 00:00:00+00:00
[2024-11-25T09:08:18.964+0000] {processor.py:208} INFO - Processing /home/airflow/.local/lib/python3.12/site-packages/airflow/example_dags/example_xcom.py took 0.092 seconds
[2024-11-25T09:08:49.638+0000] {processor.py:186} INFO - Started process (PID=16336) to work on /home/airflow/.local/lib/python3.12/site-packages/airflow/example_dags/example_xcom.py
[2024-11-25T09:08:49.639+0000] {processor.py:914} INFO - Processing file /home/airflow/.local/lib/python3.12/site-packages/airflow/example_dags/example_xcom.py for tasks to queue
[2024-11-25T09:08:49.642+0000] {logging_mixin.py:190} INFO - [2024-11-25T09:08:49.641+0000] {dagbag.py:588} INFO - Filling up the DagBag from /home/airflow/.local/lib/python3.12/site-packages/airflow/example_dags/example_xcom.py
[2024-11-25T09:08:49.651+0000] {processor.py:925} INFO - DAG(s) 'example_xcom' retrieved from /home/airflow/.local/lib/python3.12/site-packages/airflow/example_dags/example_xcom.py
[2024-11-25T09:08:49.678+0000] {logging_mixin.py:190} INFO - [2024-11-25T09:08:49.678+0000] {dag.py:3239} INFO - Sync 1 DAGs
[2024-11-25T09:08:49.703+0000] {logging_mixin.py:190} INFO - [2024-11-25T09:08:49.703+0000] {dag.py:4180} INFO - Setting next_dagrun for example_xcom to 2021-01-01 00:00:00+00:00, run_after=2021-01-01 00:00:00+00:00
[2024-11-25T09:08:49.723+0000] {processor.py:208} INFO - Processing /home/airflow/.local/lib/python3.12/site-packages/airflow/example_dags/example_xcom.py took 0.092 seconds
[2024-11-25T09:09:20.217+0000] {processor.py:186} INFO - Started process (PID=16637) to work on /home/airflow/.local/lib/python3.12/site-packages/airflow/example_dags/example_xcom.py
[2024-11-25T09:09:20.219+0000] {processor.py:914} INFO - Processing file /home/airflow/.local/lib/python3.12/site-packages/airflow/example_dags/example_xcom.py for tasks to queue
[2024-11-25T09:09:20.224+0000] {logging_mixin.py:190} INFO - [2024-11-25T09:09:20.223+0000] {dagbag.py:588} INFO - Filling up the DagBag from /home/airflow/.local/lib/python3.12/site-packages/airflow/example_dags/example_xcom.py
[2024-11-25T09:09:20.244+0000] {processor.py:925} INFO - DAG(s) 'example_xcom' retrieved from /home/airflow/.local/lib/python3.12/site-packages/airflow/example_dags/example_xcom.py
[2024-11-25T09:09:20.277+0000] {logging_mixin.py:190} INFO - [2024-11-25T09:09:20.276+0000] {dag.py:3239} INFO - Sync 1 DAGs
[2024-11-25T09:09:20.305+0000] {logging_mixin.py:190} INFO - [2024-11-25T09:09:20.305+0000] {dag.py:4180} INFO - Setting next_dagrun for example_xcom to 2021-01-01 00:00:00+00:00, run_after=2021-01-01 00:00:00+00:00
[2024-11-25T09:09:20.327+0000] {processor.py:208} INFO - Processing /home/airflow/.local/lib/python3.12/site-packages/airflow/example_dags/example_xcom.py took 0.122 seconds
[2024-11-25T09:09:50.968+0000] {processor.py:186} INFO - Started process (PID=16938) to work on /home/airflow/.local/lib/python3.12/site-packages/airflow/example_dags/example_xcom.py
[2024-11-25T09:09:50.970+0000] {processor.py:914} INFO - Processing file /home/airflow/.local/lib/python3.12/site-packages/airflow/example_dags/example_xcom.py for tasks to queue
[2024-11-25T09:09:50.975+0000] {logging_mixin.py:190} INFO - [2024-11-25T09:09:50.974+0000] {dagbag.py:588} INFO - Filling up the DagBag from /home/airflow/.local/lib/python3.12/site-packages/airflow/example_dags/example_xcom.py
[2024-11-25T09:09:50.997+0000] {processor.py:925} INFO - DAG(s) 'example_xcom' retrieved from /home/airflow/.local/lib/python3.12/site-packages/airflow/example_dags/example_xcom.py
[2024-11-25T09:09:51.055+0000] {logging_mixin.py:190} INFO - [2024-11-25T09:09:51.055+0000] {dag.py:3239} INFO - Sync 1 DAGs
[2024-11-25T09:09:51.100+0000] {logging_mixin.py:190} INFO - [2024-11-25T09:09:51.099+0000] {dag.py:4180} INFO - Setting next_dagrun for example_xcom to 2021-01-01 00:00:00+00:00, run_after=2021-01-01 00:00:00+00:00
[2024-11-25T09:09:51.134+0000] {processor.py:208} INFO - Processing /home/airflow/.local/lib/python3.12/site-packages/airflow/example_dags/example_xcom.py took 0.179 seconds
[2024-11-25T09:10:21.727+0000] {processor.py:186} INFO - Started process (PID=17239) to work on /home/airflow/.local/lib/python3.12/site-packages/airflow/example_dags/example_xcom.py
[2024-11-25T09:10:21.728+0000] {processor.py:914} INFO - Processing file /home/airflow/.local/lib/python3.12/site-packages/airflow/example_dags/example_xcom.py for tasks to queue
[2024-11-25T09:10:21.731+0000] {logging_mixin.py:190} INFO - [2024-11-25T09:10:21.730+0000] {dagbag.py:588} INFO - Filling up the DagBag from /home/airflow/.local/lib/python3.12/site-packages/airflow/example_dags/example_xcom.py
[2024-11-25T09:10:21.742+0000] {processor.py:925} INFO - DAG(s) 'example_xcom' retrieved from /home/airflow/.local/lib/python3.12/site-packages/airflow/example_dags/example_xcom.py
[2024-11-25T09:10:21.769+0000] {logging_mixin.py:190} INFO - [2024-11-25T09:10:21.769+0000] {dag.py:3239} INFO - Sync 1 DAGs
[2024-11-25T09:10:21.797+0000] {logging_mixin.py:190} INFO - [2024-11-25T09:10:21.796+0000] {dag.py:4180} INFO - Setting next_dagrun for example_xcom to 2021-01-01 00:00:00+00:00, run_after=2021-01-01 00:00:00+00:00
[2024-11-25T09:10:21.821+0000] {processor.py:208} INFO - Processing /home/airflow/.local/lib/python3.12/site-packages/airflow/example_dags/example_xcom.py took 0.100 seconds
[2024-11-25T09:10:52.585+0000] {processor.py:186} INFO - Started process (PID=17540) to work on /home/airflow/.local/lib/python3.12/site-packages/airflow/example_dags/example_xcom.py
[2024-11-25T09:10:52.586+0000] {processor.py:914} INFO - Processing file /home/airflow/.local/lib/python3.12/site-packages/airflow/example_dags/example_xcom.py for tasks to queue
[2024-11-25T09:10:52.590+0000] {logging_mixin.py:190} INFO - [2024-11-25T09:10:52.589+0000] {dagbag.py:588} INFO - Filling up the DagBag from /home/airflow/.local/lib/python3.12/site-packages/airflow/example_dags/example_xcom.py
[2024-11-25T09:10:52.603+0000] {processor.py:925} INFO - DAG(s) 'example_xcom' retrieved from /home/airflow/.local/lib/python3.12/site-packages/airflow/example_dags/example_xcom.py
[2024-11-25T09:10:52.633+0000] {logging_mixin.py:190} INFO - [2024-11-25T09:10:52.632+0000] {dag.py:3239} INFO - Sync 1 DAGs
[2024-11-25T09:10:52.664+0000] {logging_mixin.py:190} INFO - [2024-11-25T09:10:52.663+0000] {dag.py:4180} INFO - Setting next_dagrun for example_xcom to 2021-01-01 00:00:00+00:00, run_after=2021-01-01 00:00:00+00:00
[2024-11-25T09:10:52.694+0000] {processor.py:208} INFO - Processing /home/airflow/.local/lib/python3.12/site-packages/airflow/example_dags/example_xcom.py took 0.116 seconds
[2024-11-25T09:11:23.814+0000] {processor.py:186} INFO - Started process (PID=17842) to work on /home/airflow/.local/lib/python3.12/site-packages/airflow/example_dags/example_xcom.py
[2024-11-25T09:11:23.816+0000] {processor.py:914} INFO - Processing file /home/airflow/.local/lib/python3.12/site-packages/airflow/example_dags/example_xcom.py for tasks to queue
[2024-11-25T09:11:23.820+0000] {logging_mixin.py:190} INFO - [2024-11-25T09:11:23.820+0000] {dagbag.py:588} INFO - Filling up the DagBag from /home/airflow/.local/lib/python3.12/site-packages/airflow/example_dags/example_xcom.py
[2024-11-25T09:11:23.834+0000] {processor.py:925} INFO - DAG(s) 'example_xcom' retrieved from /home/airflow/.local/lib/python3.12/site-packages/airflow/example_dags/example_xcom.py
[2024-11-25T09:11:23.871+0000] {logging_mixin.py:190} INFO - [2024-11-25T09:11:23.871+0000] {dag.py:3239} INFO - Sync 1 DAGs
[2024-11-25T09:11:23.911+0000] {logging_mixin.py:190} INFO - [2024-11-25T09:11:23.911+0000] {dag.py:4180} INFO - Setting next_dagrun for example_xcom to 2021-01-01 00:00:00+00:00, run_after=2021-01-01 00:00:00+00:00
[2024-11-25T09:11:23.949+0000] {processor.py:208} INFO - Processing /home/airflow/.local/lib/python3.12/site-packages/airflow/example_dags/example_xcom.py took 0.143 seconds
[2024-11-25T09:11:54.416+0000] {processor.py:186} INFO - Started process (PID=18143) to work on /home/airflow/.local/lib/python3.12/site-packages/airflow/example_dags/example_xcom.py
[2024-11-25T09:11:54.418+0000] {processor.py:914} INFO - Processing file /home/airflow/.local/lib/python3.12/site-packages/airflow/example_dags/example_xcom.py for tasks to queue
[2024-11-25T09:11:54.423+0000] {logging_mixin.py:190} INFO - [2024-11-25T09:11:54.423+0000] {dagbag.py:588} INFO - Filling up the DagBag from /home/airflow/.local/lib/python3.12/site-packages/airflow/example_dags/example_xcom.py
[2024-11-25T09:11:54.438+0000] {processor.py:925} INFO - DAG(s) 'example_xcom' retrieved from /home/airflow/.local/lib/python3.12/site-packages/airflow/example_dags/example_xcom.py
[2024-11-25T09:11:54.471+0000] {logging_mixin.py:190} INFO - [2024-11-25T09:11:54.471+0000] {dag.py:3239} INFO - Sync 1 DAGs
[2024-11-25T09:11:54.497+0000] {logging_mixin.py:190} INFO - [2024-11-25T09:11:54.496+0000] {dag.py:4180} INFO - Setting next_dagrun for example_xcom to 2021-01-01 00:00:00+00:00, run_after=2021-01-01 00:00:00+00:00
[2024-11-25T09:11:54.519+0000] {processor.py:208} INFO - Processing /home/airflow/.local/lib/python3.12/site-packages/airflow/example_dags/example_xcom.py took 0.114 seconds
[2024-11-25T09:12:25.873+0000] {processor.py:186} INFO - Started process (PID=18445) to work on /home/airflow/.local/lib/python3.12/site-packages/airflow/example_dags/example_xcom.py
[2024-11-25T09:12:25.875+0000] {processor.py:914} INFO - Processing file /home/airflow/.local/lib/python3.12/site-packages/airflow/example_dags/example_xcom.py for tasks to queue
[2024-11-25T09:12:25.879+0000] {logging_mixin.py:190} INFO - [2024-11-25T09:12:25.879+0000] {dagbag.py:588} INFO - Filling up the DagBag from /home/airflow/.local/lib/python3.12/site-packages/airflow/example_dags/example_xcom.py
[2024-11-25T09:12:25.892+0000] {processor.py:925} INFO - DAG(s) 'example_xcom' retrieved from /home/airflow/.local/lib/python3.12/site-packages/airflow/example_dags/example_xcom.py
[2024-11-25T09:12:25.928+0000] {logging_mixin.py:190} INFO - [2024-11-25T09:12:25.928+0000] {dag.py:3239} INFO - Sync 1 DAGs
[2024-11-25T09:12:25.969+0000] {logging_mixin.py:190} INFO - [2024-11-25T09:12:25.969+0000] {dag.py:4180} INFO - Setting next_dagrun for example_xcom to 2021-01-01 00:00:00+00:00, run_after=2021-01-01 00:00:00+00:00
[2024-11-25T09:12:25.996+0000] {processor.py:208} INFO - Processing /home/airflow/.local/lib/python3.12/site-packages/airflow/example_dags/example_xcom.py took 0.132 seconds
[2024-11-25T09:12:56.967+0000] {processor.py:186} INFO - Started process (PID=18748) to work on /home/airflow/.local/lib/python3.12/site-packages/airflow/example_dags/example_xcom.py
[2024-11-25T09:12:56.969+0000] {processor.py:914} INFO - Processing file /home/airflow/.local/lib/python3.12/site-packages/airflow/example_dags/example_xcom.py for tasks to queue
[2024-11-25T09:12:56.976+0000] {logging_mixin.py:190} INFO - [2024-11-25T09:12:56.975+0000] {dagbag.py:588} INFO - Filling up the DagBag from /home/airflow/.local/lib/python3.12/site-packages/airflow/example_dags/example_xcom.py
[2024-11-25T09:12:56.994+0000] {processor.py:925} INFO - DAG(s) 'example_xcom' retrieved from /home/airflow/.local/lib/python3.12/site-packages/airflow/example_dags/example_xcom.py
[2024-11-25T09:12:57.028+0000] {logging_mixin.py:190} INFO - [2024-11-25T09:12:57.028+0000] {dag.py:3239} INFO - Sync 1 DAGs
[2024-11-25T09:12:57.073+0000] {logging_mixin.py:190} INFO - [2024-11-25T09:12:57.070+0000] {dag.py:4180} INFO - Setting next_dagrun for example_xcom to 2021-01-01 00:00:00+00:00, run_after=2021-01-01 00:00:00+00:00
[2024-11-25T09:12:57.100+0000] {processor.py:208} INFO - Processing /home/airflow/.local/lib/python3.12/site-packages/airflow/example_dags/example_xcom.py took 0.149 seconds
[2024-11-25T09:13:27.732+0000] {processor.py:186} INFO - Started process (PID=19047) to work on /home/airflow/.local/lib/python3.12/site-packages/airflow/example_dags/example_xcom.py
[2024-11-25T09:13:27.734+0000] {processor.py:914} INFO - Processing file /home/airflow/.local/lib/python3.12/site-packages/airflow/example_dags/example_xcom.py for tasks to queue
[2024-11-25T09:13:27.738+0000] {logging_mixin.py:190} INFO - [2024-11-25T09:13:27.737+0000] {dagbag.py:588} INFO - Filling up the DagBag from /home/airflow/.local/lib/python3.12/site-packages/airflow/example_dags/example_xcom.py
[2024-11-25T09:13:27.749+0000] {processor.py:925} INFO - DAG(s) 'example_xcom' retrieved from /home/airflow/.local/lib/python3.12/site-packages/airflow/example_dags/example_xcom.py
[2024-11-25T09:13:27.783+0000] {logging_mixin.py:190} INFO - [2024-11-25T09:13:27.782+0000] {dag.py:3239} INFO - Sync 1 DAGs
[2024-11-25T09:13:27.813+0000] {logging_mixin.py:190} INFO - [2024-11-25T09:13:27.812+0000] {dag.py:4180} INFO - Setting next_dagrun for example_xcom to 2021-01-01 00:00:00+00:00, run_after=2021-01-01 00:00:00+00:00
[2024-11-25T09:13:27.840+0000] {processor.py:208} INFO - Processing /home/airflow/.local/lib/python3.12/site-packages/airflow/example_dags/example_xcom.py took 0.115 seconds
[2024-11-25T09:13:58.729+0000] {processor.py:186} INFO - Started process (PID=19348) to work on /home/airflow/.local/lib/python3.12/site-packages/airflow/example_dags/example_xcom.py
[2024-11-25T09:13:58.732+0000] {processor.py:914} INFO - Processing file /home/airflow/.local/lib/python3.12/site-packages/airflow/example_dags/example_xcom.py for tasks to queue
[2024-11-25T09:13:58.738+0000] {logging_mixin.py:190} INFO - [2024-11-25T09:13:58.737+0000] {dagbag.py:588} INFO - Filling up the DagBag from /home/airflow/.local/lib/python3.12/site-packages/airflow/example_dags/example_xcom.py
[2024-11-25T09:13:58.754+0000] {processor.py:925} INFO - DAG(s) 'example_xcom' retrieved from /home/airflow/.local/lib/python3.12/site-packages/airflow/example_dags/example_xcom.py
[2024-11-25T09:13:58.784+0000] {logging_mixin.py:190} INFO - [2024-11-25T09:13:58.784+0000] {dag.py:3239} INFO - Sync 1 DAGs
[2024-11-25T09:13:58.811+0000] {logging_mixin.py:190} INFO - [2024-11-25T09:13:58.810+0000] {dag.py:4180} INFO - Setting next_dagrun for example_xcom to 2021-01-01 00:00:00+00:00, run_after=2021-01-01 00:00:00+00:00
[2024-11-25T09:13:58.843+0000] {processor.py:208} INFO - Processing /home/airflow/.local/lib/python3.12/site-packages/airflow/example_dags/example_xcom.py took 0.125 seconds
[2024-11-25T09:14:29.541+0000] {processor.py:186} INFO - Started process (PID=19651) to work on /home/airflow/.local/lib/python3.12/site-packages/airflow/example_dags/example_xcom.py
[2024-11-25T09:14:29.542+0000] {processor.py:914} INFO - Processing file /home/airflow/.local/lib/python3.12/site-packages/airflow/example_dags/example_xcom.py for tasks to queue
[2024-11-25T09:14:29.545+0000] {logging_mixin.py:190} INFO - [2024-11-25T09:14:29.544+0000] {dagbag.py:588} INFO - Filling up the DagBag from /home/airflow/.local/lib/python3.12/site-packages/airflow/example_dags/example_xcom.py
[2024-11-25T09:14:29.553+0000] {processor.py:925} INFO - DAG(s) 'example_xcom' retrieved from /home/airflow/.local/lib/python3.12/site-packages/airflow/example_dags/example_xcom.py
[2024-11-25T09:14:29.577+0000] {logging_mixin.py:190} INFO - [2024-11-25T09:14:29.577+0000] {dag.py:3239} INFO - Sync 1 DAGs
[2024-11-25T09:14:29.599+0000] {logging_mixin.py:190} INFO - [2024-11-25T09:14:29.599+0000] {dag.py:4180} INFO - Setting next_dagrun for example_xcom to 2021-01-01 00:00:00+00:00, run_after=2021-01-01 00:00:00+00:00
[2024-11-25T09:14:29.619+0000] {processor.py:208} INFO - Processing /home/airflow/.local/lib/python3.12/site-packages/airflow/example_dags/example_xcom.py took 0.085 seconds
[2024-11-25T09:15:00.620+0000] {processor.py:186} INFO - Started process (PID=19950) to work on /home/airflow/.local/lib/python3.12/site-packages/airflow/example_dags/example_xcom.py
[2024-11-25T09:15:00.622+0000] {processor.py:914} INFO - Processing file /home/airflow/.local/lib/python3.12/site-packages/airflow/example_dags/example_xcom.py for tasks to queue
[2024-11-25T09:15:00.625+0000] {logging_mixin.py:190} INFO - [2024-11-25T09:15:00.625+0000] {dagbag.py:588} INFO - Filling up the DagBag from /home/airflow/.local/lib/python3.12/site-packages/airflow/example_dags/example_xcom.py
[2024-11-25T09:15:00.644+0000] {processor.py:925} INFO - DAG(s) 'example_xcom' retrieved from /home/airflow/.local/lib/python3.12/site-packages/airflow/example_dags/example_xcom.py
[2024-11-25T09:15:00.740+0000] {logging_mixin.py:190} INFO - [2024-11-25T09:15:00.739+0000] {dag.py:3239} INFO - Sync 1 DAGs
[2024-11-25T09:15:00.791+0000] {logging_mixin.py:190} INFO - [2024-11-25T09:15:00.790+0000] {dag.py:4180} INFO - Setting next_dagrun for example_xcom to 2021-01-01 00:00:00+00:00, run_after=2021-01-01 00:00:00+00:00
[2024-11-25T09:15:00.837+0000] {processor.py:208} INFO - Processing /home/airflow/.local/lib/python3.12/site-packages/airflow/example_dags/example_xcom.py took 0.228 seconds
[2024-11-25T09:15:31.305+0000] {processor.py:186} INFO - Started process (PID=20251) to work on /home/airflow/.local/lib/python3.12/site-packages/airflow/example_dags/example_xcom.py
[2024-11-25T09:15:31.306+0000] {processor.py:914} INFO - Processing file /home/airflow/.local/lib/python3.12/site-packages/airflow/example_dags/example_xcom.py for tasks to queue
[2024-11-25T09:15:31.310+0000] {logging_mixin.py:190} INFO - [2024-11-25T09:15:31.310+0000] {dagbag.py:588} INFO - Filling up the DagBag from /home/airflow/.local/lib/python3.12/site-packages/airflow/example_dags/example_xcom.py
[2024-11-25T09:15:31.326+0000] {processor.py:925} INFO - DAG(s) 'example_xcom' retrieved from /home/airflow/.local/lib/python3.12/site-packages/airflow/example_dags/example_xcom.py
[2024-11-25T09:15:31.369+0000] {logging_mixin.py:190} INFO - [2024-11-25T09:15:31.369+0000] {dag.py:3239} INFO - Sync 1 DAGs
[2024-11-25T09:15:31.405+0000] {logging_mixin.py:190} INFO - [2024-11-25T09:15:31.405+0000] {dag.py:4180} INFO - Setting next_dagrun for example_xcom to 2021-01-01 00:00:00+00:00, run_after=2021-01-01 00:00:00+00:00
[2024-11-25T09:15:31.433+0000] {processor.py:208} INFO - Processing /home/airflow/.local/lib/python3.12/site-packages/airflow/example_dags/example_xcom.py took 0.139 seconds
[2024-11-25T09:16:02.385+0000] {processor.py:186} INFO - Started process (PID=20552) to work on /home/airflow/.local/lib/python3.12/site-packages/airflow/example_dags/example_xcom.py
[2024-11-25T09:16:02.386+0000] {processor.py:914} INFO - Processing file /home/airflow/.local/lib/python3.12/site-packages/airflow/example_dags/example_xcom.py for tasks to queue
[2024-11-25T09:16:02.389+0000] {logging_mixin.py:190} INFO - [2024-11-25T09:16:02.388+0000] {dagbag.py:588} INFO - Filling up the DagBag from /home/airflow/.local/lib/python3.12/site-packages/airflow/example_dags/example_xcom.py
[2024-11-25T09:16:02.401+0000] {processor.py:925} INFO - DAG(s) 'example_xcom' retrieved from /home/airflow/.local/lib/python3.12/site-packages/airflow/example_dags/example_xcom.py
[2024-11-25T09:16:02.447+0000] {logging_mixin.py:190} INFO - [2024-11-25T09:16:02.446+0000] {dag.py:3239} INFO - Sync 1 DAGs
[2024-11-25T09:16:02.491+0000] {logging_mixin.py:190} INFO - [2024-11-25T09:16:02.491+0000] {dag.py:4180} INFO - Setting next_dagrun for example_xcom to 2021-01-01 00:00:00+00:00, run_after=2021-01-01 00:00:00+00:00
[2024-11-25T09:16:02.525+0000] {processor.py:208} INFO - Processing /home/airflow/.local/lib/python3.12/site-packages/airflow/example_dags/example_xcom.py took 0.146 seconds
[2024-11-25T09:16:36.304+0000] {processor.py:186} INFO - Started process (PID=20888) to work on /home/airflow/.local/lib/python3.12/site-packages/airflow/example_dags/example_xcom.py
[2024-11-25T09:16:36.307+0000] {processor.py:914} INFO - Processing file /home/airflow/.local/lib/python3.12/site-packages/airflow/example_dags/example_xcom.py for tasks to queue
[2024-11-25T09:16:36.311+0000] {logging_mixin.py:190} INFO - [2024-11-25T09:16:36.311+0000] {dagbag.py:588} INFO - Filling up the DagBag from /home/airflow/.local/lib/python3.12/site-packages/airflow/example_dags/example_xcom.py
[2024-11-25T09:16:36.333+0000] {processor.py:925} INFO - DAG(s) 'example_xcom' retrieved from /home/airflow/.local/lib/python3.12/site-packages/airflow/example_dags/example_xcom.py
[2024-11-25T09:16:36.372+0000] {logging_mixin.py:190} INFO - [2024-11-25T09:16:36.372+0000] {dag.py:3239} INFO - Sync 1 DAGs
[2024-11-25T09:16:36.414+0000] {logging_mixin.py:190} INFO - [2024-11-25T09:16:36.413+0000] {dag.py:4180} INFO - Setting next_dagrun for example_xcom to 2021-01-01 00:00:00+00:00, run_after=2021-01-01 00:00:00+00:00
[2024-11-25T09:16:36.495+0000] {processor.py:208} INFO - Processing /home/airflow/.local/lib/python3.12/site-packages/airflow/example_dags/example_xcom.py took 0.203 seconds
[2024-11-25T09:17:07.266+0000] {processor.py:186} INFO - Started process (PID=21191) to work on /home/airflow/.local/lib/python3.12/site-packages/airflow/example_dags/example_xcom.py
[2024-11-25T09:17:07.268+0000] {processor.py:914} INFO - Processing file /home/airflow/.local/lib/python3.12/site-packages/airflow/example_dags/example_xcom.py for tasks to queue
[2024-11-25T09:17:07.272+0000] {logging_mixin.py:190} INFO - [2024-11-25T09:17:07.271+0000] {dagbag.py:588} INFO - Filling up the DagBag from /home/airflow/.local/lib/python3.12/site-packages/airflow/example_dags/example_xcom.py
[2024-11-25T09:17:07.286+0000] {processor.py:925} INFO - DAG(s) 'example_xcom' retrieved from /home/airflow/.local/lib/python3.12/site-packages/airflow/example_dags/example_xcom.py
[2024-11-25T09:17:07.325+0000] {logging_mixin.py:190} INFO - [2024-11-25T09:17:07.325+0000] {dag.py:3239} INFO - Sync 1 DAGs
[2024-11-25T09:17:07.354+0000] {logging_mixin.py:190} INFO - [2024-11-25T09:17:07.353+0000] {dag.py:4180} INFO - Setting next_dagrun for example_xcom to 2021-01-01 00:00:00+00:00, run_after=2021-01-01 00:00:00+00:00
[2024-11-25T09:17:07.379+0000] {processor.py:208} INFO - Processing /home/airflow/.local/lib/python3.12/site-packages/airflow/example_dags/example_xcom.py took 0.124 seconds
[2024-11-25T09:17:37.600+0000] {processor.py:186} INFO - Started process (PID=21490) to work on /home/airflow/.local/lib/python3.12/site-packages/airflow/example_dags/example_xcom.py
[2024-11-25T09:17:37.601+0000] {processor.py:914} INFO - Processing file /home/airflow/.local/lib/python3.12/site-packages/airflow/example_dags/example_xcom.py for tasks to queue
[2024-11-25T09:17:37.603+0000] {logging_mixin.py:190} INFO - [2024-11-25T09:17:37.603+0000] {dagbag.py:588} INFO - Filling up the DagBag from /home/airflow/.local/lib/python3.12/site-packages/airflow/example_dags/example_xcom.py
[2024-11-25T09:17:37.614+0000] {processor.py:925} INFO - DAG(s) 'example_xcom' retrieved from /home/airflow/.local/lib/python3.12/site-packages/airflow/example_dags/example_xcom.py
[2024-11-25T09:17:37.645+0000] {logging_mixin.py:190} INFO - [2024-11-25T09:17:37.645+0000] {dag.py:3239} INFO - Sync 1 DAGs
[2024-11-25T09:17:37.673+0000] {logging_mixin.py:190} INFO - [2024-11-25T09:17:37.672+0000] {dag.py:4180} INFO - Setting next_dagrun for example_xcom to 2021-01-01 00:00:00+00:00, run_after=2021-01-01 00:00:00+00:00
[2024-11-25T09:17:37.695+0000] {processor.py:208} INFO - Processing /home/airflow/.local/lib/python3.12/site-packages/airflow/example_dags/example_xcom.py took 0.101 seconds
[2024-11-25T09:18:08.503+0000] {processor.py:186} INFO - Started process (PID=21793) to work on /home/airflow/.local/lib/python3.12/site-packages/airflow/example_dags/example_xcom.py
[2024-11-25T09:18:08.504+0000] {processor.py:914} INFO - Processing file /home/airflow/.local/lib/python3.12/site-packages/airflow/example_dags/example_xcom.py for tasks to queue
[2024-11-25T09:18:08.507+0000] {logging_mixin.py:190} INFO - [2024-11-25T09:18:08.506+0000] {dagbag.py:588} INFO - Filling up the DagBag from /home/airflow/.local/lib/python3.12/site-packages/airflow/example_dags/example_xcom.py
[2024-11-25T09:18:08.519+0000] {processor.py:925} INFO - DAG(s) 'example_xcom' retrieved from /home/airflow/.local/lib/python3.12/site-packages/airflow/example_dags/example_xcom.py
[2024-11-25T09:18:08.547+0000] {logging_mixin.py:190} INFO - [2024-11-25T09:18:08.547+0000] {dag.py:3239} INFO - Sync 1 DAGs
[2024-11-25T09:18:08.576+0000] {logging_mixin.py:190} INFO - [2024-11-25T09:18:08.576+0000] {dag.py:4180} INFO - Setting next_dagrun for example_xcom to 2021-01-01 00:00:00+00:00, run_after=2021-01-01 00:00:00+00:00
[2024-11-25T09:18:08.657+0000] {processor.py:208} INFO - Processing /home/airflow/.local/lib/python3.12/site-packages/airflow/example_dags/example_xcom.py took 0.159 seconds
[2024-11-25T09:18:39.214+0000] {processor.py:186} INFO - Started process (PID=22094) to work on /home/airflow/.local/lib/python3.12/site-packages/airflow/example_dags/example_xcom.py
[2024-11-25T09:18:39.215+0000] {processor.py:914} INFO - Processing file /home/airflow/.local/lib/python3.12/site-packages/airflow/example_dags/example_xcom.py for tasks to queue
[2024-11-25T09:18:39.217+0000] {logging_mixin.py:190} INFO - [2024-11-25T09:18:39.217+0000] {dagbag.py:588} INFO - Filling up the DagBag from /home/airflow/.local/lib/python3.12/site-packages/airflow/example_dags/example_xcom.py
[2024-11-25T09:18:39.226+0000] {processor.py:925} INFO - DAG(s) 'example_xcom' retrieved from /home/airflow/.local/lib/python3.12/site-packages/airflow/example_dags/example_xcom.py
[2024-11-25T09:18:39.250+0000] {logging_mixin.py:190} INFO - [2024-11-25T09:18:39.250+0000] {dag.py:3239} INFO - Sync 1 DAGs
[2024-11-25T09:18:39.275+0000] {logging_mixin.py:190} INFO - [2024-11-25T09:18:39.275+0000] {dag.py:4180} INFO - Setting next_dagrun for example_xcom to 2021-01-01 00:00:00+00:00, run_after=2021-01-01 00:00:00+00:00
[2024-11-25T09:18:39.311+0000] {processor.py:208} INFO - Processing /home/airflow/.local/lib/python3.12/site-packages/airflow/example_dags/example_xcom.py took 0.104 seconds
