[2024-11-25T08:41:43.029+0000] {processor.py:186} INFO - Started process (PID=442) to work on /home/airflow/.local/lib/python3.12/site-packages/airflow/example_dags/example_trigger_target_dag.py
[2024-11-25T08:41:43.033+0000] {processor.py:914} INFO - Processing file /home/airflow/.local/lib/python3.12/site-packages/airflow/example_dags/example_trigger_target_dag.py for tasks to queue
[2024-11-25T08:41:43.047+0000] {logging_mixin.py:190} INFO - [2024-11-25T08:41:43.046+0000] {dagbag.py:588} INFO - Filling up the DagBag from /home/airflow/.local/lib/python3.12/site-packages/airflow/example_dags/example_trigger_target_dag.py
[2024-11-25T08:41:43.091+0000] {processor.py:925} INFO - DAG(s) 'example_trigger_target_dag' retrieved from /home/airflow/.local/lib/python3.12/site-packages/airflow/example_dags/example_trigger_target_dag.py
[2024-11-25T08:41:43.394+0000] {logging_mixin.py:190} INFO - [2024-11-25T08:41:43.389+0000] {override.py:1911} INFO - Created Permission View: can edit on DAG:example_trigger_target_dag
[2024-11-25T08:41:43.439+0000] {logging_mixin.py:190} INFO - [2024-11-25T08:41:43.436+0000] {override.py:1911} INFO - Created Permission View: can delete on DAG:example_trigger_target_dag
[2024-11-25T08:41:43.464+0000] {logging_mixin.py:190} INFO - [2024-11-25T08:41:43.463+0000] {override.py:1911} INFO - Created Permission View: can read on DAG:example_trigger_target_dag
[2024-11-25T08:41:43.494+0000] {logging_mixin.py:190} INFO - [2024-11-25T08:41:43.493+0000] {override.py:1911} INFO - Created Permission View: can create on DAG Run:example_trigger_target_dag
[2024-11-25T08:41:43.514+0000] {logging_mixin.py:190} INFO - [2024-11-25T08:41:43.513+0000] {override.py:1911} INFO - Created Permission View: can delete on DAG Run:example_trigger_target_dag
[2024-11-25T08:41:43.545+0000] {logging_mixin.py:190} INFO - [2024-11-25T08:41:43.543+0000] {override.py:1911} INFO - Created Permission View: menu access on DAG Run:example_trigger_target_dag
[2024-11-25T08:41:43.589+0000] {logging_mixin.py:190} INFO - [2024-11-25T08:41:43.588+0000] {override.py:1911} INFO - Created Permission View: can read on DAG Run:example_trigger_target_dag
[2024-11-25T08:41:43.592+0000] {logging_mixin.py:190} INFO - [2024-11-25T08:41:43.591+0000] {dag.py:3239} INFO - Sync 1 DAGs
[2024-11-25T08:41:43.633+0000] {logging_mixin.py:190} INFO - [2024-11-25T08:41:43.633+0000] {dag.py:3262} INFO - Creating ORM DAG for example_trigger_target_dag
[2024-11-25T08:41:43.635+0000] {logging_mixin.py:190} INFO - [2024-11-25T08:41:43.635+0000] {dag.py:4180} INFO - Setting next_dagrun for example_trigger_target_dag to None, run_after=None
[2024-11-25T08:41:43.659+0000] {processor.py:208} INFO - Processing /home/airflow/.local/lib/python3.12/site-packages/airflow/example_dags/example_trigger_target_dag.py took 0.652 seconds
[2024-11-25T08:42:14.477+0000] {processor.py:186} INFO - Started process (PID=744) to work on /home/airflow/.local/lib/python3.12/site-packages/airflow/example_dags/example_trigger_target_dag.py
[2024-11-25T08:42:14.481+0000] {processor.py:914} INFO - Processing file /home/airflow/.local/lib/python3.12/site-packages/airflow/example_dags/example_trigger_target_dag.py for tasks to queue
[2024-11-25T08:42:14.484+0000] {logging_mixin.py:190} INFO - [2024-11-25T08:42:14.484+0000] {dagbag.py:588} INFO - Filling up the DagBag from /home/airflow/.local/lib/python3.12/site-packages/airflow/example_dags/example_trigger_target_dag.py
[2024-11-25T08:42:14.499+0000] {processor.py:925} INFO - DAG(s) 'example_trigger_target_dag' retrieved from /home/airflow/.local/lib/python3.12/site-packages/airflow/example_dags/example_trigger_target_dag.py
[2024-11-25T08:42:14.533+0000] {logging_mixin.py:190} INFO - [2024-11-25T08:42:14.532+0000] {dag.py:3239} INFO - Sync 1 DAGs
[2024-11-25T08:42:14.552+0000] {logging_mixin.py:190} INFO - [2024-11-25T08:42:14.551+0000] {dag.py:4180} INFO - Setting next_dagrun for example_trigger_target_dag to None, run_after=None
[2024-11-25T08:42:14.580+0000] {processor.py:208} INFO - Processing /home/airflow/.local/lib/python3.12/site-packages/airflow/example_dags/example_trigger_target_dag.py took 0.111 seconds
[2024-11-25T08:42:45.279+0000] {processor.py:186} INFO - Started process (PID=1052) to work on /home/airflow/.local/lib/python3.12/site-packages/airflow/example_dags/example_trigger_target_dag.py
[2024-11-25T08:42:45.281+0000] {processor.py:914} INFO - Processing file /home/airflow/.local/lib/python3.12/site-packages/airflow/example_dags/example_trigger_target_dag.py for tasks to queue
[2024-11-25T08:42:45.287+0000] {logging_mixin.py:190} INFO - [2024-11-25T08:42:45.285+0000] {dagbag.py:588} INFO - Filling up the DagBag from /home/airflow/.local/lib/python3.12/site-packages/airflow/example_dags/example_trigger_target_dag.py
[2024-11-25T08:42:45.303+0000] {processor.py:925} INFO - DAG(s) 'example_trigger_target_dag' retrieved from /home/airflow/.local/lib/python3.12/site-packages/airflow/example_dags/example_trigger_target_dag.py
[2024-11-25T08:42:45.345+0000] {logging_mixin.py:190} INFO - [2024-11-25T08:42:45.345+0000] {dag.py:3239} INFO - Sync 1 DAGs
[2024-11-25T08:42:45.364+0000] {logging_mixin.py:190} INFO - [2024-11-25T08:42:45.363+0000] {dag.py:4180} INFO - Setting next_dagrun for example_trigger_target_dag to None, run_after=None
[2024-11-25T08:42:45.391+0000] {processor.py:208} INFO - Processing /home/airflow/.local/lib/python3.12/site-packages/airflow/example_dags/example_trigger_target_dag.py took 0.122 seconds
[2024-11-25T08:43:15.592+0000] {processor.py:186} INFO - Started process (PID=1350) to work on /home/airflow/.local/lib/python3.12/site-packages/airflow/example_dags/example_trigger_target_dag.py
[2024-11-25T08:43:15.594+0000] {processor.py:914} INFO - Processing file /home/airflow/.local/lib/python3.12/site-packages/airflow/example_dags/example_trigger_target_dag.py for tasks to queue
[2024-11-25T08:43:15.596+0000] {logging_mixin.py:190} INFO - [2024-11-25T08:43:15.596+0000] {dagbag.py:588} INFO - Filling up the DagBag from /home/airflow/.local/lib/python3.12/site-packages/airflow/example_dags/example_trigger_target_dag.py
[2024-11-25T08:43:15.603+0000] {processor.py:925} INFO - DAG(s) 'example_trigger_target_dag' retrieved from /home/airflow/.local/lib/python3.12/site-packages/airflow/example_dags/example_trigger_target_dag.py
[2024-11-25T08:43:15.631+0000] {logging_mixin.py:190} INFO - [2024-11-25T08:43:15.630+0000] {dag.py:3239} INFO - Sync 1 DAGs
[2024-11-25T08:43:15.653+0000] {logging_mixin.py:190} INFO - [2024-11-25T08:43:15.653+0000] {dag.py:4180} INFO - Setting next_dagrun for example_trigger_target_dag to None, run_after=None
[2024-11-25T08:43:15.687+0000] {processor.py:208} INFO - Processing /home/airflow/.local/lib/python3.12/site-packages/airflow/example_dags/example_trigger_target_dag.py took 0.100 seconds
[2024-11-25T08:43:45.865+0000] {processor.py:186} INFO - Started process (PID=1651) to work on /home/airflow/.local/lib/python3.12/site-packages/airflow/example_dags/example_trigger_target_dag.py
[2024-11-25T08:43:45.867+0000] {processor.py:914} INFO - Processing file /home/airflow/.local/lib/python3.12/site-packages/airflow/example_dags/example_trigger_target_dag.py for tasks to queue
[2024-11-25T08:43:45.870+0000] {logging_mixin.py:190} INFO - [2024-11-25T08:43:45.870+0000] {dagbag.py:588} INFO - Filling up the DagBag from /home/airflow/.local/lib/python3.12/site-packages/airflow/example_dags/example_trigger_target_dag.py
[2024-11-25T08:43:45.881+0000] {processor.py:925} INFO - DAG(s) 'example_trigger_target_dag' retrieved from /home/airflow/.local/lib/python3.12/site-packages/airflow/example_dags/example_trigger_target_dag.py
[2024-11-25T08:43:45.912+0000] {logging_mixin.py:190} INFO - [2024-11-25T08:43:45.912+0000] {dag.py:3239} INFO - Sync 1 DAGs
[2024-11-25T08:43:45.932+0000] {logging_mixin.py:190} INFO - [2024-11-25T08:43:45.932+0000] {dag.py:4180} INFO - Setting next_dagrun for example_trigger_target_dag to None, run_after=None
[2024-11-25T08:43:45.975+0000] {processor.py:208} INFO - Processing /home/airflow/.local/lib/python3.12/site-packages/airflow/example_dags/example_trigger_target_dag.py took 0.124 seconds
[2024-11-25T08:44:16.617+0000] {processor.py:186} INFO - Started process (PID=1959) to work on /home/airflow/.local/lib/python3.12/site-packages/airflow/example_dags/example_trigger_target_dag.py
[2024-11-25T08:44:16.619+0000] {processor.py:914} INFO - Processing file /home/airflow/.local/lib/python3.12/site-packages/airflow/example_dags/example_trigger_target_dag.py for tasks to queue
[2024-11-25T08:44:16.624+0000] {logging_mixin.py:190} INFO - [2024-11-25T08:44:16.623+0000] {dagbag.py:588} INFO - Filling up the DagBag from /home/airflow/.local/lib/python3.12/site-packages/airflow/example_dags/example_trigger_target_dag.py
[2024-11-25T08:44:16.649+0000] {processor.py:925} INFO - DAG(s) 'example_trigger_target_dag' retrieved from /home/airflow/.local/lib/python3.12/site-packages/airflow/example_dags/example_trigger_target_dag.py
[2024-11-25T08:44:16.697+0000] {logging_mixin.py:190} INFO - [2024-11-25T08:44:16.696+0000] {dag.py:3239} INFO - Sync 1 DAGs
[2024-11-25T08:44:16.729+0000] {logging_mixin.py:190} INFO - [2024-11-25T08:44:16.729+0000] {dag.py:4180} INFO - Setting next_dagrun for example_trigger_target_dag to None, run_after=None
[2024-11-25T08:44:16.760+0000] {processor.py:208} INFO - Processing /home/airflow/.local/lib/python3.12/site-packages/airflow/example_dags/example_trigger_target_dag.py took 0.156 seconds
[2024-11-25T08:44:48.112+0000] {processor.py:186} INFO - Started process (PID=2260) to work on /home/airflow/.local/lib/python3.12/site-packages/airflow/example_dags/example_trigger_target_dag.py
[2024-11-25T08:44:48.113+0000] {processor.py:914} INFO - Processing file /home/airflow/.local/lib/python3.12/site-packages/airflow/example_dags/example_trigger_target_dag.py for tasks to queue
[2024-11-25T08:44:48.116+0000] {logging_mixin.py:190} INFO - [2024-11-25T08:44:48.116+0000] {dagbag.py:588} INFO - Filling up the DagBag from /home/airflow/.local/lib/python3.12/site-packages/airflow/example_dags/example_trigger_target_dag.py
[2024-11-25T08:44:48.138+0000] {processor.py:925} INFO - DAG(s) 'example_trigger_target_dag' retrieved from /home/airflow/.local/lib/python3.12/site-packages/airflow/example_dags/example_trigger_target_dag.py
[2024-11-25T08:44:48.174+0000] {logging_mixin.py:190} INFO - [2024-11-25T08:44:48.174+0000] {dag.py:3239} INFO - Sync 1 DAGs
[2024-11-25T08:44:48.193+0000] {logging_mixin.py:190} INFO - [2024-11-25T08:44:48.192+0000] {dag.py:4180} INFO - Setting next_dagrun for example_trigger_target_dag to None, run_after=None
[2024-11-25T08:44:48.221+0000] {processor.py:208} INFO - Processing /home/airflow/.local/lib/python3.12/site-packages/airflow/example_dags/example_trigger_target_dag.py took 0.116 seconds
[2024-11-25T08:45:19.097+0000] {processor.py:186} INFO - Started process (PID=2561) to work on /home/airflow/.local/lib/python3.12/site-packages/airflow/example_dags/example_trigger_target_dag.py
[2024-11-25T08:45:19.099+0000] {processor.py:914} INFO - Processing file /home/airflow/.local/lib/python3.12/site-packages/airflow/example_dags/example_trigger_target_dag.py for tasks to queue
[2024-11-25T08:45:19.108+0000] {logging_mixin.py:190} INFO - [2024-11-25T08:45:19.107+0000] {dagbag.py:588} INFO - Filling up the DagBag from /home/airflow/.local/lib/python3.12/site-packages/airflow/example_dags/example_trigger_target_dag.py
[2024-11-25T08:45:19.139+0000] {processor.py:925} INFO - DAG(s) 'example_trigger_target_dag' retrieved from /home/airflow/.local/lib/python3.12/site-packages/airflow/example_dags/example_trigger_target_dag.py
[2024-11-25T08:45:19.213+0000] {logging_mixin.py:190} INFO - [2024-11-25T08:45:19.213+0000] {dag.py:3239} INFO - Sync 1 DAGs
[2024-11-25T08:45:19.256+0000] {logging_mixin.py:190} INFO - [2024-11-25T08:45:19.255+0000] {dag.py:4180} INFO - Setting next_dagrun for example_trigger_target_dag to None, run_after=None
[2024-11-25T08:45:19.298+0000] {processor.py:208} INFO - Processing /home/airflow/.local/lib/python3.12/site-packages/airflow/example_dags/example_trigger_target_dag.py took 0.219 seconds
[2024-11-25T08:45:50.006+0000] {processor.py:186} INFO - Started process (PID=2862) to work on /home/airflow/.local/lib/python3.12/site-packages/airflow/example_dags/example_trigger_target_dag.py
[2024-11-25T08:45:50.007+0000] {processor.py:914} INFO - Processing file /home/airflow/.local/lib/python3.12/site-packages/airflow/example_dags/example_trigger_target_dag.py for tasks to queue
[2024-11-25T08:45:50.010+0000] {logging_mixin.py:190} INFO - [2024-11-25T08:45:50.009+0000] {dagbag.py:588} INFO - Filling up the DagBag from /home/airflow/.local/lib/python3.12/site-packages/airflow/example_dags/example_trigger_target_dag.py
[2024-11-25T08:45:50.017+0000] {processor.py:925} INFO - DAG(s) 'example_trigger_target_dag' retrieved from /home/airflow/.local/lib/python3.12/site-packages/airflow/example_dags/example_trigger_target_dag.py
[2024-11-25T08:45:50.041+0000] {logging_mixin.py:190} INFO - [2024-11-25T08:45:50.041+0000] {dag.py:3239} INFO - Sync 1 DAGs
[2024-11-25T08:45:50.061+0000] {logging_mixin.py:190} INFO - [2024-11-25T08:45:50.061+0000] {dag.py:4180} INFO - Setting next_dagrun for example_trigger_target_dag to None, run_after=None
[2024-11-25T08:45:50.082+0000] {processor.py:208} INFO - Processing /home/airflow/.local/lib/python3.12/site-packages/airflow/example_dags/example_trigger_target_dag.py took 0.082 seconds
[2024-11-25T08:46:20.844+0000] {processor.py:186} INFO - Started process (PID=3163) to work on /home/airflow/.local/lib/python3.12/site-packages/airflow/example_dags/example_trigger_target_dag.py
[2024-11-25T08:46:20.846+0000] {processor.py:914} INFO - Processing file /home/airflow/.local/lib/python3.12/site-packages/airflow/example_dags/example_trigger_target_dag.py for tasks to queue
[2024-11-25T08:46:20.850+0000] {logging_mixin.py:190} INFO - [2024-11-25T08:46:20.850+0000] {dagbag.py:588} INFO - Filling up the DagBag from /home/airflow/.local/lib/python3.12/site-packages/airflow/example_dags/example_trigger_target_dag.py
[2024-11-25T08:46:20.862+0000] {processor.py:925} INFO - DAG(s) 'example_trigger_target_dag' retrieved from /home/airflow/.local/lib/python3.12/site-packages/airflow/example_dags/example_trigger_target_dag.py
[2024-11-25T08:46:20.896+0000] {logging_mixin.py:190} INFO - [2024-11-25T08:46:20.896+0000] {dag.py:3239} INFO - Sync 1 DAGs
[2024-11-25T08:46:20.916+0000] {logging_mixin.py:190} INFO - [2024-11-25T08:46:20.916+0000] {dag.py:4180} INFO - Setting next_dagrun for example_trigger_target_dag to None, run_after=None
[2024-11-25T08:46:20.939+0000] {processor.py:208} INFO - Processing /home/airflow/.local/lib/python3.12/site-packages/airflow/example_dags/example_trigger_target_dag.py took 0.102 seconds
[2024-11-25T08:46:51.791+0000] {processor.py:186} INFO - Started process (PID=3463) to work on /home/airflow/.local/lib/python3.12/site-packages/airflow/example_dags/example_trigger_target_dag.py
[2024-11-25T08:46:51.792+0000] {processor.py:914} INFO - Processing file /home/airflow/.local/lib/python3.12/site-packages/airflow/example_dags/example_trigger_target_dag.py for tasks to queue
[2024-11-25T08:46:51.795+0000] {logging_mixin.py:190} INFO - [2024-11-25T08:46:51.795+0000] {dagbag.py:588} INFO - Filling up the DagBag from /home/airflow/.local/lib/python3.12/site-packages/airflow/example_dags/example_trigger_target_dag.py
[2024-11-25T08:46:51.808+0000] {processor.py:925} INFO - DAG(s) 'example_trigger_target_dag' retrieved from /home/airflow/.local/lib/python3.12/site-packages/airflow/example_dags/example_trigger_target_dag.py
[2024-11-25T08:46:51.839+0000] {logging_mixin.py:190} INFO - [2024-11-25T08:46:51.839+0000] {dag.py:3239} INFO - Sync 1 DAGs
[2024-11-25T08:46:51.863+0000] {logging_mixin.py:190} INFO - [2024-11-25T08:46:51.862+0000] {dag.py:4180} INFO - Setting next_dagrun for example_trigger_target_dag to None, run_after=None
[2024-11-25T08:46:51.896+0000] {processor.py:208} INFO - Processing /home/airflow/.local/lib/python3.12/site-packages/airflow/example_dags/example_trigger_target_dag.py took 0.112 seconds
[2024-11-25T08:47:22.831+0000] {processor.py:186} INFO - Started process (PID=3764) to work on /home/airflow/.local/lib/python3.12/site-packages/airflow/example_dags/example_trigger_target_dag.py
[2024-11-25T08:47:22.832+0000] {processor.py:914} INFO - Processing file /home/airflow/.local/lib/python3.12/site-packages/airflow/example_dags/example_trigger_target_dag.py for tasks to queue
[2024-11-25T08:47:22.834+0000] {logging_mixin.py:190} INFO - [2024-11-25T08:47:22.834+0000] {dagbag.py:588} INFO - Filling up the DagBag from /home/airflow/.local/lib/python3.12/site-packages/airflow/example_dags/example_trigger_target_dag.py
[2024-11-25T08:47:22.845+0000] {processor.py:925} INFO - DAG(s) 'example_trigger_target_dag' retrieved from /home/airflow/.local/lib/python3.12/site-packages/airflow/example_dags/example_trigger_target_dag.py
[2024-11-25T08:47:22.869+0000] {logging_mixin.py:190} INFO - [2024-11-25T08:47:22.869+0000] {dag.py:3239} INFO - Sync 1 DAGs
[2024-11-25T08:47:22.884+0000] {logging_mixin.py:190} INFO - [2024-11-25T08:47:22.884+0000] {dag.py:4180} INFO - Setting next_dagrun for example_trigger_target_dag to None, run_after=None
[2024-11-25T08:47:22.909+0000] {processor.py:208} INFO - Processing /home/airflow/.local/lib/python3.12/site-packages/airflow/example_dags/example_trigger_target_dag.py took 0.084 seconds
[2024-11-25T08:47:53.632+0000] {processor.py:186} INFO - Started process (PID=4065) to work on /home/airflow/.local/lib/python3.12/site-packages/airflow/example_dags/example_trigger_target_dag.py
[2024-11-25T08:47:53.633+0000] {processor.py:914} INFO - Processing file /home/airflow/.local/lib/python3.12/site-packages/airflow/example_dags/example_trigger_target_dag.py for tasks to queue
[2024-11-25T08:47:53.636+0000] {logging_mixin.py:190} INFO - [2024-11-25T08:47:53.635+0000] {dagbag.py:588} INFO - Filling up the DagBag from /home/airflow/.local/lib/python3.12/site-packages/airflow/example_dags/example_trigger_target_dag.py
[2024-11-25T08:47:53.643+0000] {processor.py:925} INFO - DAG(s) 'example_trigger_target_dag' retrieved from /home/airflow/.local/lib/python3.12/site-packages/airflow/example_dags/example_trigger_target_dag.py
[2024-11-25T08:47:53.671+0000] {logging_mixin.py:190} INFO - [2024-11-25T08:47:53.671+0000] {dag.py:3239} INFO - Sync 1 DAGs
[2024-11-25T08:47:53.692+0000] {logging_mixin.py:190} INFO - [2024-11-25T08:47:53.691+0000] {dag.py:4180} INFO - Setting next_dagrun for example_trigger_target_dag to None, run_after=None
[2024-11-25T08:47:53.717+0000] {processor.py:208} INFO - Processing /home/airflow/.local/lib/python3.12/site-packages/airflow/example_dags/example_trigger_target_dag.py took 0.090 seconds
[2024-11-25T08:48:24.783+0000] {processor.py:186} INFO - Started process (PID=4366) to work on /home/airflow/.local/lib/python3.12/site-packages/airflow/example_dags/example_trigger_target_dag.py
[2024-11-25T08:48:24.785+0000] {processor.py:914} INFO - Processing file /home/airflow/.local/lib/python3.12/site-packages/airflow/example_dags/example_trigger_target_dag.py for tasks to queue
[2024-11-25T08:48:24.788+0000] {logging_mixin.py:190} INFO - [2024-11-25T08:48:24.788+0000] {dagbag.py:588} INFO - Filling up the DagBag from /home/airflow/.local/lib/python3.12/site-packages/airflow/example_dags/example_trigger_target_dag.py
[2024-11-25T08:48:24.803+0000] {processor.py:925} INFO - DAG(s) 'example_trigger_target_dag' retrieved from /home/airflow/.local/lib/python3.12/site-packages/airflow/example_dags/example_trigger_target_dag.py
[2024-11-25T08:48:24.851+0000] {logging_mixin.py:190} INFO - [2024-11-25T08:48:24.849+0000] {dag.py:3239} INFO - Sync 1 DAGs
[2024-11-25T08:48:24.896+0000] {logging_mixin.py:190} INFO - [2024-11-25T08:48:24.896+0000] {dag.py:4180} INFO - Setting next_dagrun for example_trigger_target_dag to None, run_after=None
[2024-11-25T08:48:24.980+0000] {processor.py:208} INFO - Processing /home/airflow/.local/lib/python3.12/site-packages/airflow/example_dags/example_trigger_target_dag.py took 0.205 seconds
[2024-11-25T08:48:57.297+0000] {processor.py:186} INFO - Started process (PID=4664) to work on /home/airflow/.local/lib/python3.12/site-packages/airflow/example_dags/example_trigger_target_dag.py
[2024-11-25T08:48:57.299+0000] {processor.py:914} INFO - Processing file /home/airflow/.local/lib/python3.12/site-packages/airflow/example_dags/example_trigger_target_dag.py for tasks to queue
[2024-11-25T08:48:57.302+0000] {logging_mixin.py:190} INFO - [2024-11-25T08:48:57.301+0000] {dagbag.py:588} INFO - Filling up the DagBag from /home/airflow/.local/lib/python3.12/site-packages/airflow/example_dags/example_trigger_target_dag.py
[2024-11-25T08:48:57.314+0000] {processor.py:925} INFO - DAG(s) 'example_trigger_target_dag' retrieved from /home/airflow/.local/lib/python3.12/site-packages/airflow/example_dags/example_trigger_target_dag.py
[2024-11-25T08:48:57.352+0000] {logging_mixin.py:190} INFO - [2024-11-25T08:48:57.352+0000] {dag.py:3239} INFO - Sync 1 DAGs
[2024-11-25T08:48:57.377+0000] {logging_mixin.py:190} INFO - [2024-11-25T08:48:57.376+0000] {dag.py:4180} INFO - Setting next_dagrun for example_trigger_target_dag to None, run_after=None
[2024-11-25T08:48:57.407+0000] {processor.py:208} INFO - Processing /home/airflow/.local/lib/python3.12/site-packages/airflow/example_dags/example_trigger_target_dag.py took 0.117 seconds
[2024-11-25T08:49:27.979+0000] {processor.py:186} INFO - Started process (PID=4965) to work on /home/airflow/.local/lib/python3.12/site-packages/airflow/example_dags/example_trigger_target_dag.py
[2024-11-25T08:49:27.980+0000] {processor.py:914} INFO - Processing file /home/airflow/.local/lib/python3.12/site-packages/airflow/example_dags/example_trigger_target_dag.py for tasks to queue
[2024-11-25T08:49:27.984+0000] {logging_mixin.py:190} INFO - [2024-11-25T08:49:27.983+0000] {dagbag.py:588} INFO - Filling up the DagBag from /home/airflow/.local/lib/python3.12/site-packages/airflow/example_dags/example_trigger_target_dag.py
[2024-11-25T08:49:27.999+0000] {processor.py:925} INFO - DAG(s) 'example_trigger_target_dag' retrieved from /home/airflow/.local/lib/python3.12/site-packages/airflow/example_dags/example_trigger_target_dag.py
[2024-11-25T08:49:28.088+0000] {logging_mixin.py:190} INFO - [2024-11-25T08:49:28.087+0000] {dag.py:3239} INFO - Sync 1 DAGs
[2024-11-25T08:49:28.110+0000] {logging_mixin.py:190} INFO - [2024-11-25T08:49:28.109+0000] {dag.py:4180} INFO - Setting next_dagrun for example_trigger_target_dag to None, run_after=None
[2024-11-25T08:49:28.151+0000] {processor.py:208} INFO - Processing /home/airflow/.local/lib/python3.12/site-packages/airflow/example_dags/example_trigger_target_dag.py took 0.180 seconds
[2024-11-25T08:49:59.446+0000] {processor.py:186} INFO - Started process (PID=5264) to work on /home/airflow/.local/lib/python3.12/site-packages/airflow/example_dags/example_trigger_target_dag.py
[2024-11-25T08:49:59.447+0000] {processor.py:914} INFO - Processing file /home/airflow/.local/lib/python3.12/site-packages/airflow/example_dags/example_trigger_target_dag.py for tasks to queue
[2024-11-25T08:49:59.451+0000] {logging_mixin.py:190} INFO - [2024-11-25T08:49:59.450+0000] {dagbag.py:588} INFO - Filling up the DagBag from /home/airflow/.local/lib/python3.12/site-packages/airflow/example_dags/example_trigger_target_dag.py
[2024-11-25T08:49:59.464+0000] {processor.py:925} INFO - DAG(s) 'example_trigger_target_dag' retrieved from /home/airflow/.local/lib/python3.12/site-packages/airflow/example_dags/example_trigger_target_dag.py
[2024-11-25T08:49:59.499+0000] {logging_mixin.py:190} INFO - [2024-11-25T08:49:59.499+0000] {dag.py:3239} INFO - Sync 1 DAGs
[2024-11-25T08:49:59.516+0000] {logging_mixin.py:190} INFO - [2024-11-25T08:49:59.515+0000] {dag.py:4180} INFO - Setting next_dagrun for example_trigger_target_dag to None, run_after=None
[2024-11-25T08:49:59.536+0000] {processor.py:208} INFO - Processing /home/airflow/.local/lib/python3.12/site-packages/airflow/example_dags/example_trigger_target_dag.py took 0.097 seconds
[2024-11-25T08:50:35.241+0000] {processor.py:186} INFO - Started process (PID=5570) to work on /home/airflow/.local/lib/python3.12/site-packages/airflow/example_dags/example_trigger_target_dag.py
[2024-11-25T08:50:35.249+0000] {processor.py:914} INFO - Processing file /home/airflow/.local/lib/python3.12/site-packages/airflow/example_dags/example_trigger_target_dag.py for tasks to queue
[2024-11-25T08:50:35.254+0000] {logging_mixin.py:190} INFO - [2024-11-25T08:50:35.253+0000] {dagbag.py:588} INFO - Filling up the DagBag from /home/airflow/.local/lib/python3.12/site-packages/airflow/example_dags/example_trigger_target_dag.py
[2024-11-25T08:50:35.271+0000] {processor.py:925} INFO - DAG(s) 'example_trigger_target_dag' retrieved from /home/airflow/.local/lib/python3.12/site-packages/airflow/example_dags/example_trigger_target_dag.py
[2024-11-25T08:50:35.314+0000] {logging_mixin.py:190} INFO - [2024-11-25T08:50:35.314+0000] {dag.py:3239} INFO - Sync 1 DAGs
[2024-11-25T08:50:35.355+0000] {logging_mixin.py:190} INFO - [2024-11-25T08:50:35.354+0000] {dag.py:4180} INFO - Setting next_dagrun for example_trigger_target_dag to None, run_after=None
[2024-11-25T08:50:35.393+0000] {processor.py:208} INFO - Processing /home/airflow/.local/lib/python3.12/site-packages/airflow/example_dags/example_trigger_target_dag.py took 0.177 seconds
[2024-11-25T08:51:07.393+0000] {processor.py:186} INFO - Started process (PID=5874) to work on /home/airflow/.local/lib/python3.12/site-packages/airflow/example_dags/example_trigger_target_dag.py
[2024-11-25T08:51:07.395+0000] {processor.py:914} INFO - Processing file /home/airflow/.local/lib/python3.12/site-packages/airflow/example_dags/example_trigger_target_dag.py for tasks to queue
[2024-11-25T08:51:07.399+0000] {logging_mixin.py:190} INFO - [2024-11-25T08:51:07.399+0000] {dagbag.py:588} INFO - Filling up the DagBag from /home/airflow/.local/lib/python3.12/site-packages/airflow/example_dags/example_trigger_target_dag.py
[2024-11-25T08:51:07.416+0000] {processor.py:925} INFO - DAG(s) 'example_trigger_target_dag' retrieved from /home/airflow/.local/lib/python3.12/site-packages/airflow/example_dags/example_trigger_target_dag.py
[2024-11-25T08:51:07.453+0000] {logging_mixin.py:190} INFO - [2024-11-25T08:51:07.453+0000] {dag.py:3239} INFO - Sync 1 DAGs
[2024-11-25T08:51:07.479+0000] {logging_mixin.py:190} INFO - [2024-11-25T08:51:07.478+0000] {dag.py:4180} INFO - Setting next_dagrun for example_trigger_target_dag to None, run_after=None
[2024-11-25T08:51:07.514+0000] {processor.py:208} INFO - Processing /home/airflow/.local/lib/python3.12/site-packages/airflow/example_dags/example_trigger_target_dag.py took 0.136 seconds
[2024-11-25T08:51:37.671+0000] {processor.py:186} INFO - Started process (PID=6176) to work on /home/airflow/.local/lib/python3.12/site-packages/airflow/example_dags/example_trigger_target_dag.py
[2024-11-25T08:51:37.675+0000] {processor.py:914} INFO - Processing file /home/airflow/.local/lib/python3.12/site-packages/airflow/example_dags/example_trigger_target_dag.py for tasks to queue
[2024-11-25T08:51:37.680+0000] {logging_mixin.py:190} INFO - [2024-11-25T08:51:37.679+0000] {dagbag.py:588} INFO - Filling up the DagBag from /home/airflow/.local/lib/python3.12/site-packages/airflow/example_dags/example_trigger_target_dag.py
[2024-11-25T08:51:37.696+0000] {processor.py:925} INFO - DAG(s) 'example_trigger_target_dag' retrieved from /home/airflow/.local/lib/python3.12/site-packages/airflow/example_dags/example_trigger_target_dag.py
[2024-11-25T08:51:37.733+0000] {logging_mixin.py:190} INFO - [2024-11-25T08:51:37.733+0000] {dag.py:3239} INFO - Sync 1 DAGs
[2024-11-25T08:51:37.754+0000] {logging_mixin.py:190} INFO - [2024-11-25T08:51:37.754+0000] {dag.py:4180} INFO - Setting next_dagrun for example_trigger_target_dag to None, run_after=None
[2024-11-25T08:51:37.780+0000] {processor.py:208} INFO - Processing /home/airflow/.local/lib/python3.12/site-packages/airflow/example_dags/example_trigger_target_dag.py took 0.122 seconds
[2024-11-25T08:52:08.141+0000] {processor.py:186} INFO - Started process (PID=6474) to work on /home/airflow/.local/lib/python3.12/site-packages/airflow/example_dags/example_trigger_target_dag.py
[2024-11-25T08:52:08.142+0000] {processor.py:914} INFO - Processing file /home/airflow/.local/lib/python3.12/site-packages/airflow/example_dags/example_trigger_target_dag.py for tasks to queue
[2024-11-25T08:52:08.144+0000] {logging_mixin.py:190} INFO - [2024-11-25T08:52:08.144+0000] {dagbag.py:588} INFO - Filling up the DagBag from /home/airflow/.local/lib/python3.12/site-packages/airflow/example_dags/example_trigger_target_dag.py
[2024-11-25T08:52:08.151+0000] {processor.py:925} INFO - DAG(s) 'example_trigger_target_dag' retrieved from /home/airflow/.local/lib/python3.12/site-packages/airflow/example_dags/example_trigger_target_dag.py
[2024-11-25T08:52:08.173+0000] {logging_mixin.py:190} INFO - [2024-11-25T08:52:08.173+0000] {dag.py:3239} INFO - Sync 1 DAGs
[2024-11-25T08:52:08.187+0000] {logging_mixin.py:190} INFO - [2024-11-25T08:52:08.187+0000] {dag.py:4180} INFO - Setting next_dagrun for example_trigger_target_dag to None, run_after=None
[2024-11-25T08:52:08.206+0000] {processor.py:208} INFO - Processing /home/airflow/.local/lib/python3.12/site-packages/airflow/example_dags/example_trigger_target_dag.py took 0.071 seconds
[2024-11-25T08:52:38.721+0000] {processor.py:186} INFO - Started process (PID=6773) to work on /home/airflow/.local/lib/python3.12/site-packages/airflow/example_dags/example_trigger_target_dag.py
[2024-11-25T08:52:38.723+0000] {processor.py:914} INFO - Processing file /home/airflow/.local/lib/python3.12/site-packages/airflow/example_dags/example_trigger_target_dag.py for tasks to queue
[2024-11-25T08:52:38.728+0000] {logging_mixin.py:190} INFO - [2024-11-25T08:52:38.727+0000] {dagbag.py:588} INFO - Filling up the DagBag from /home/airflow/.local/lib/python3.12/site-packages/airflow/example_dags/example_trigger_target_dag.py
[2024-11-25T08:52:38.739+0000] {processor.py:925} INFO - DAG(s) 'example_trigger_target_dag' retrieved from /home/airflow/.local/lib/python3.12/site-packages/airflow/example_dags/example_trigger_target_dag.py
[2024-11-25T08:52:38.774+0000] {logging_mixin.py:190} INFO - [2024-11-25T08:52:38.774+0000] {dag.py:3239} INFO - Sync 1 DAGs
[2024-11-25T08:52:38.805+0000] {logging_mixin.py:190} INFO - [2024-11-25T08:52:38.805+0000] {dag.py:4180} INFO - Setting next_dagrun for example_trigger_target_dag to None, run_after=None
[2024-11-25T08:52:38.856+0000] {processor.py:208} INFO - Processing /home/airflow/.local/lib/python3.12/site-packages/airflow/example_dags/example_trigger_target_dag.py took 0.146 seconds
[2024-11-25T08:53:09.088+0000] {processor.py:186} INFO - Started process (PID=7071) to work on /home/airflow/.local/lib/python3.12/site-packages/airflow/example_dags/example_trigger_target_dag.py
[2024-11-25T08:53:09.090+0000] {processor.py:914} INFO - Processing file /home/airflow/.local/lib/python3.12/site-packages/airflow/example_dags/example_trigger_target_dag.py for tasks to queue
[2024-11-25T08:53:09.092+0000] {logging_mixin.py:190} INFO - [2024-11-25T08:53:09.092+0000] {dagbag.py:588} INFO - Filling up the DagBag from /home/airflow/.local/lib/python3.12/site-packages/airflow/example_dags/example_trigger_target_dag.py
[2024-11-25T08:53:09.101+0000] {processor.py:925} INFO - DAG(s) 'example_trigger_target_dag' retrieved from /home/airflow/.local/lib/python3.12/site-packages/airflow/example_dags/example_trigger_target_dag.py
[2024-11-25T08:53:09.124+0000] {logging_mixin.py:190} INFO - [2024-11-25T08:53:09.123+0000] {dag.py:3239} INFO - Sync 1 DAGs
[2024-11-25T08:53:09.138+0000] {logging_mixin.py:190} INFO - [2024-11-25T08:53:09.138+0000] {dag.py:4180} INFO - Setting next_dagrun for example_trigger_target_dag to None, run_after=None
[2024-11-25T08:53:09.159+0000] {processor.py:208} INFO - Processing /home/airflow/.local/lib/python3.12/site-packages/airflow/example_dags/example_trigger_target_dag.py took 0.078 seconds
[2024-11-25T08:53:39.367+0000] {processor.py:186} INFO - Started process (PID=7372) to work on /home/airflow/.local/lib/python3.12/site-packages/airflow/example_dags/example_trigger_target_dag.py
[2024-11-25T08:53:39.368+0000] {processor.py:914} INFO - Processing file /home/airflow/.local/lib/python3.12/site-packages/airflow/example_dags/example_trigger_target_dag.py for tasks to queue
[2024-11-25T08:53:39.370+0000] {logging_mixin.py:190} INFO - [2024-11-25T08:53:39.370+0000] {dagbag.py:588} INFO - Filling up the DagBag from /home/airflow/.local/lib/python3.12/site-packages/airflow/example_dags/example_trigger_target_dag.py
[2024-11-25T08:53:39.377+0000] {processor.py:925} INFO - DAG(s) 'example_trigger_target_dag' retrieved from /home/airflow/.local/lib/python3.12/site-packages/airflow/example_dags/example_trigger_target_dag.py
[2024-11-25T08:53:39.401+0000] {logging_mixin.py:190} INFO - [2024-11-25T08:53:39.400+0000] {dag.py:3239} INFO - Sync 1 DAGs
[2024-11-25T08:53:39.418+0000] {logging_mixin.py:190} INFO - [2024-11-25T08:53:39.418+0000] {dag.py:4180} INFO - Setting next_dagrun for example_trigger_target_dag to None, run_after=None
[2024-11-25T08:53:39.438+0000] {processor.py:208} INFO - Processing /home/airflow/.local/lib/python3.12/site-packages/airflow/example_dags/example_trigger_target_dag.py took 0.077 seconds
[2024-11-25T08:54:09.521+0000] {processor.py:186} INFO - Started process (PID=7673) to work on /home/airflow/.local/lib/python3.12/site-packages/airflow/example_dags/example_trigger_target_dag.py
[2024-11-25T08:54:09.522+0000] {processor.py:914} INFO - Processing file /home/airflow/.local/lib/python3.12/site-packages/airflow/example_dags/example_trigger_target_dag.py for tasks to queue
[2024-11-25T08:54:09.524+0000] {logging_mixin.py:190} INFO - [2024-11-25T08:54:09.524+0000] {dagbag.py:588} INFO - Filling up the DagBag from /home/airflow/.local/lib/python3.12/site-packages/airflow/example_dags/example_trigger_target_dag.py
[2024-11-25T08:54:09.532+0000] {processor.py:925} INFO - DAG(s) 'example_trigger_target_dag' retrieved from /home/airflow/.local/lib/python3.12/site-packages/airflow/example_dags/example_trigger_target_dag.py
[2024-11-25T08:54:09.554+0000] {logging_mixin.py:190} INFO - [2024-11-25T08:54:09.553+0000] {dag.py:3239} INFO - Sync 1 DAGs
[2024-11-25T08:54:09.571+0000] {logging_mixin.py:190} INFO - [2024-11-25T08:54:09.570+0000] {dag.py:4180} INFO - Setting next_dagrun for example_trigger_target_dag to None, run_after=None
[2024-11-25T08:54:09.590+0000] {processor.py:208} INFO - Processing /home/airflow/.local/lib/python3.12/site-packages/airflow/example_dags/example_trigger_target_dag.py took 0.075 seconds
[2024-11-25T08:54:39.638+0000] {processor.py:186} INFO - Started process (PID=7972) to work on /home/airflow/.local/lib/python3.12/site-packages/airflow/example_dags/example_trigger_target_dag.py
[2024-11-25T08:54:39.640+0000] {processor.py:914} INFO - Processing file /home/airflow/.local/lib/python3.12/site-packages/airflow/example_dags/example_trigger_target_dag.py for tasks to queue
[2024-11-25T08:54:39.644+0000] {logging_mixin.py:190} INFO - [2024-11-25T08:54:39.643+0000] {dagbag.py:588} INFO - Filling up the DagBag from /home/airflow/.local/lib/python3.12/site-packages/airflow/example_dags/example_trigger_target_dag.py
[2024-11-25T08:54:39.652+0000] {processor.py:925} INFO - DAG(s) 'example_trigger_target_dag' retrieved from /home/airflow/.local/lib/python3.12/site-packages/airflow/example_dags/example_trigger_target_dag.py
[2024-11-25T08:54:39.682+0000] {logging_mixin.py:190} INFO - [2024-11-25T08:54:39.682+0000] {dag.py:3239} INFO - Sync 1 DAGs
[2024-11-25T08:54:39.698+0000] {logging_mixin.py:190} INFO - [2024-11-25T08:54:39.698+0000] {dag.py:4180} INFO - Setting next_dagrun for example_trigger_target_dag to None, run_after=None
[2024-11-25T08:54:39.728+0000] {processor.py:208} INFO - Processing /home/airflow/.local/lib/python3.12/site-packages/airflow/example_dags/example_trigger_target_dag.py took 0.096 seconds
[2024-11-25T08:55:10.267+0000] {processor.py:186} INFO - Started process (PID=8268) to work on /home/airflow/.local/lib/python3.12/site-packages/airflow/example_dags/example_trigger_target_dag.py
[2024-11-25T08:55:10.268+0000] {processor.py:914} INFO - Processing file /home/airflow/.local/lib/python3.12/site-packages/airflow/example_dags/example_trigger_target_dag.py for tasks to queue
[2024-11-25T08:55:10.272+0000] {logging_mixin.py:190} INFO - [2024-11-25T08:55:10.271+0000] {dagbag.py:588} INFO - Filling up the DagBag from /home/airflow/.local/lib/python3.12/site-packages/airflow/example_dags/example_trigger_target_dag.py
[2024-11-25T08:55:10.289+0000] {processor.py:925} INFO - DAG(s) 'example_trigger_target_dag' retrieved from /home/airflow/.local/lib/python3.12/site-packages/airflow/example_dags/example_trigger_target_dag.py
[2024-11-25T08:55:10.337+0000] {logging_mixin.py:190} INFO - [2024-11-25T08:55:10.336+0000] {dag.py:3239} INFO - Sync 1 DAGs
[2024-11-25T08:55:10.364+0000] {logging_mixin.py:190} INFO - [2024-11-25T08:55:10.363+0000] {dag.py:4180} INFO - Setting next_dagrun for example_trigger_target_dag to None, run_after=None
[2024-11-25T08:55:10.389+0000] {processor.py:208} INFO - Processing /home/airflow/.local/lib/python3.12/site-packages/airflow/example_dags/example_trigger_target_dag.py took 0.132 seconds
[2024-11-25T08:55:40.663+0000] {processor.py:186} INFO - Started process (PID=8570) to work on /home/airflow/.local/lib/python3.12/site-packages/airflow/example_dags/example_trigger_target_dag.py
[2024-11-25T08:55:40.665+0000] {processor.py:914} INFO - Processing file /home/airflow/.local/lib/python3.12/site-packages/airflow/example_dags/example_trigger_target_dag.py for tasks to queue
[2024-11-25T08:55:40.668+0000] {logging_mixin.py:190} INFO - [2024-11-25T08:55:40.668+0000] {dagbag.py:588} INFO - Filling up the DagBag from /home/airflow/.local/lib/python3.12/site-packages/airflow/example_dags/example_trigger_target_dag.py
[2024-11-25T08:55:40.681+0000] {processor.py:925} INFO - DAG(s) 'example_trigger_target_dag' retrieved from /home/airflow/.local/lib/python3.12/site-packages/airflow/example_dags/example_trigger_target_dag.py
[2024-11-25T08:55:40.719+0000] {logging_mixin.py:190} INFO - [2024-11-25T08:55:40.718+0000] {dag.py:3239} INFO - Sync 1 DAGs
[2024-11-25T08:55:40.749+0000] {logging_mixin.py:190} INFO - [2024-11-25T08:55:40.749+0000] {dag.py:4180} INFO - Setting next_dagrun for example_trigger_target_dag to None, run_after=None
[2024-11-25T08:55:40.780+0000] {processor.py:208} INFO - Processing /home/airflow/.local/lib/python3.12/site-packages/airflow/example_dags/example_trigger_target_dag.py took 0.129 seconds
[2024-11-25T08:56:11.359+0000] {processor.py:186} INFO - Started process (PID=8872) to work on /home/airflow/.local/lib/python3.12/site-packages/airflow/example_dags/example_trigger_target_dag.py
[2024-11-25T08:56:11.361+0000] {processor.py:914} INFO - Processing file /home/airflow/.local/lib/python3.12/site-packages/airflow/example_dags/example_trigger_target_dag.py for tasks to queue
[2024-11-25T08:56:11.365+0000] {logging_mixin.py:190} INFO - [2024-11-25T08:56:11.364+0000] {dagbag.py:588} INFO - Filling up the DagBag from /home/airflow/.local/lib/python3.12/site-packages/airflow/example_dags/example_trigger_target_dag.py
[2024-11-25T08:56:11.376+0000] {processor.py:925} INFO - DAG(s) 'example_trigger_target_dag' retrieved from /home/airflow/.local/lib/python3.12/site-packages/airflow/example_dags/example_trigger_target_dag.py
[2024-11-25T08:56:11.403+0000] {logging_mixin.py:190} INFO - [2024-11-25T08:56:11.402+0000] {dag.py:3239} INFO - Sync 1 DAGs
[2024-11-25T08:56:11.419+0000] {logging_mixin.py:190} INFO - [2024-11-25T08:56:11.419+0000] {dag.py:4180} INFO - Setting next_dagrun for example_trigger_target_dag to None, run_after=None
[2024-11-25T08:56:11.441+0000] {processor.py:208} INFO - Processing /home/airflow/.local/lib/python3.12/site-packages/airflow/example_dags/example_trigger_target_dag.py took 0.091 seconds
[2024-11-25T08:56:41.686+0000] {processor.py:186} INFO - Started process (PID=9173) to work on /home/airflow/.local/lib/python3.12/site-packages/airflow/example_dags/example_trigger_target_dag.py
[2024-11-25T08:56:41.687+0000] {processor.py:914} INFO - Processing file /home/airflow/.local/lib/python3.12/site-packages/airflow/example_dags/example_trigger_target_dag.py for tasks to queue
[2024-11-25T08:56:41.690+0000] {logging_mixin.py:190} INFO - [2024-11-25T08:56:41.689+0000] {dagbag.py:588} INFO - Filling up the DagBag from /home/airflow/.local/lib/python3.12/site-packages/airflow/example_dags/example_trigger_target_dag.py
[2024-11-25T08:56:41.699+0000] {processor.py:925} INFO - DAG(s) 'example_trigger_target_dag' retrieved from /home/airflow/.local/lib/python3.12/site-packages/airflow/example_dags/example_trigger_target_dag.py
[2024-11-25T08:56:41.729+0000] {logging_mixin.py:190} INFO - [2024-11-25T08:56:41.728+0000] {dag.py:3239} INFO - Sync 1 DAGs
[2024-11-25T08:56:41.745+0000] {logging_mixin.py:190} INFO - [2024-11-25T08:56:41.745+0000] {dag.py:4180} INFO - Setting next_dagrun for example_trigger_target_dag to None, run_after=None
[2024-11-25T08:56:41.767+0000] {processor.py:208} INFO - Processing /home/airflow/.local/lib/python3.12/site-packages/airflow/example_dags/example_trigger_target_dag.py took 0.090 seconds
[2024-11-25T08:57:11.919+0000] {processor.py:186} INFO - Started process (PID=9474) to work on /home/airflow/.local/lib/python3.12/site-packages/airflow/example_dags/example_trigger_target_dag.py
[2024-11-25T08:57:11.920+0000] {processor.py:914} INFO - Processing file /home/airflow/.local/lib/python3.12/site-packages/airflow/example_dags/example_trigger_target_dag.py for tasks to queue
[2024-11-25T08:57:11.922+0000] {logging_mixin.py:190} INFO - [2024-11-25T08:57:11.922+0000] {dagbag.py:588} INFO - Filling up the DagBag from /home/airflow/.local/lib/python3.12/site-packages/airflow/example_dags/example_trigger_target_dag.py
[2024-11-25T08:57:11.930+0000] {processor.py:925} INFO - DAG(s) 'example_trigger_target_dag' retrieved from /home/airflow/.local/lib/python3.12/site-packages/airflow/example_dags/example_trigger_target_dag.py
[2024-11-25T08:57:11.955+0000] {logging_mixin.py:190} INFO - [2024-11-25T08:57:11.955+0000] {dag.py:3239} INFO - Sync 1 DAGs
[2024-11-25T08:57:11.970+0000] {logging_mixin.py:190} INFO - [2024-11-25T08:57:11.970+0000] {dag.py:4180} INFO - Setting next_dagrun for example_trigger_target_dag to None, run_after=None
[2024-11-25T08:57:11.994+0000] {processor.py:208} INFO - Processing /home/airflow/.local/lib/python3.12/site-packages/airflow/example_dags/example_trigger_target_dag.py took 0.080 seconds
[2024-11-25T08:57:42.212+0000] {processor.py:186} INFO - Started process (PID=9775) to work on /home/airflow/.local/lib/python3.12/site-packages/airflow/example_dags/example_trigger_target_dag.py
[2024-11-25T08:57:42.213+0000] {processor.py:914} INFO - Processing file /home/airflow/.local/lib/python3.12/site-packages/airflow/example_dags/example_trigger_target_dag.py for tasks to queue
[2024-11-25T08:57:42.216+0000] {logging_mixin.py:190} INFO - [2024-11-25T08:57:42.215+0000] {dagbag.py:588} INFO - Filling up the DagBag from /home/airflow/.local/lib/python3.12/site-packages/airflow/example_dags/example_trigger_target_dag.py
[2024-11-25T08:57:42.227+0000] {processor.py:925} INFO - DAG(s) 'example_trigger_target_dag' retrieved from /home/airflow/.local/lib/python3.12/site-packages/airflow/example_dags/example_trigger_target_dag.py
[2024-11-25T08:57:42.252+0000] {logging_mixin.py:190} INFO - [2024-11-25T08:57:42.252+0000] {dag.py:3239} INFO - Sync 1 DAGs
[2024-11-25T08:57:42.268+0000] {logging_mixin.py:190} INFO - [2024-11-25T08:57:42.268+0000] {dag.py:4180} INFO - Setting next_dagrun for example_trigger_target_dag to None, run_after=None
[2024-11-25T08:57:42.292+0000] {processor.py:208} INFO - Processing /home/airflow/.local/lib/python3.12/site-packages/airflow/example_dags/example_trigger_target_dag.py took 0.085 seconds
[2024-11-25T08:58:12.574+0000] {processor.py:186} INFO - Started process (PID=10076) to work on /home/airflow/.local/lib/python3.12/site-packages/airflow/example_dags/example_trigger_target_dag.py
[2024-11-25T08:58:12.575+0000] {processor.py:914} INFO - Processing file /home/airflow/.local/lib/python3.12/site-packages/airflow/example_dags/example_trigger_target_dag.py for tasks to queue
[2024-11-25T08:58:12.577+0000] {logging_mixin.py:190} INFO - [2024-11-25T08:58:12.577+0000] {dagbag.py:588} INFO - Filling up the DagBag from /home/airflow/.local/lib/python3.12/site-packages/airflow/example_dags/example_trigger_target_dag.py
[2024-11-25T08:58:12.585+0000] {processor.py:925} INFO - DAG(s) 'example_trigger_target_dag' retrieved from /home/airflow/.local/lib/python3.12/site-packages/airflow/example_dags/example_trigger_target_dag.py
[2024-11-25T08:58:12.610+0000] {logging_mixin.py:190} INFO - [2024-11-25T08:58:12.610+0000] {dag.py:3239} INFO - Sync 1 DAGs
[2024-11-25T08:58:12.628+0000] {logging_mixin.py:190} INFO - [2024-11-25T08:58:12.628+0000] {dag.py:4180} INFO - Setting next_dagrun for example_trigger_target_dag to None, run_after=None
[2024-11-25T08:58:12.648+0000] {processor.py:208} INFO - Processing /home/airflow/.local/lib/python3.12/site-packages/airflow/example_dags/example_trigger_target_dag.py took 0.080 seconds
[2024-11-25T08:58:42.977+0000] {processor.py:186} INFO - Started process (PID=10377) to work on /home/airflow/.local/lib/python3.12/site-packages/airflow/example_dags/example_trigger_target_dag.py
[2024-11-25T08:58:42.978+0000] {processor.py:914} INFO - Processing file /home/airflow/.local/lib/python3.12/site-packages/airflow/example_dags/example_trigger_target_dag.py for tasks to queue
[2024-11-25T08:58:42.981+0000] {logging_mixin.py:190} INFO - [2024-11-25T08:58:42.980+0000] {dagbag.py:588} INFO - Filling up the DagBag from /home/airflow/.local/lib/python3.12/site-packages/airflow/example_dags/example_trigger_target_dag.py
[2024-11-25T08:58:42.991+0000] {processor.py:925} INFO - DAG(s) 'example_trigger_target_dag' retrieved from /home/airflow/.local/lib/python3.12/site-packages/airflow/example_dags/example_trigger_target_dag.py
[2024-11-25T08:58:43.021+0000] {logging_mixin.py:190} INFO - [2024-11-25T08:58:43.020+0000] {dag.py:3239} INFO - Sync 1 DAGs
[2024-11-25T08:58:43.038+0000] {logging_mixin.py:190} INFO - [2024-11-25T08:58:43.038+0000] {dag.py:4180} INFO - Setting next_dagrun for example_trigger_target_dag to None, run_after=None
[2024-11-25T08:58:43.064+0000] {processor.py:208} INFO - Processing /home/airflow/.local/lib/python3.12/site-packages/airflow/example_dags/example_trigger_target_dag.py took 0.094 seconds
[2024-11-25T08:59:13.302+0000] {processor.py:186} INFO - Started process (PID=10678) to work on /home/airflow/.local/lib/python3.12/site-packages/airflow/example_dags/example_trigger_target_dag.py
[2024-11-25T08:59:13.303+0000] {processor.py:914} INFO - Processing file /home/airflow/.local/lib/python3.12/site-packages/airflow/example_dags/example_trigger_target_dag.py for tasks to queue
[2024-11-25T08:59:13.305+0000] {logging_mixin.py:190} INFO - [2024-11-25T08:59:13.305+0000] {dagbag.py:588} INFO - Filling up the DagBag from /home/airflow/.local/lib/python3.12/site-packages/airflow/example_dags/example_trigger_target_dag.py
[2024-11-25T08:59:13.313+0000] {processor.py:925} INFO - DAG(s) 'example_trigger_target_dag' retrieved from /home/airflow/.local/lib/python3.12/site-packages/airflow/example_dags/example_trigger_target_dag.py
[2024-11-25T08:59:13.341+0000] {logging_mixin.py:190} INFO - [2024-11-25T08:59:13.341+0000] {dag.py:3239} INFO - Sync 1 DAGs
[2024-11-25T08:59:13.358+0000] {logging_mixin.py:190} INFO - [2024-11-25T08:59:13.358+0000] {dag.py:4180} INFO - Setting next_dagrun for example_trigger_target_dag to None, run_after=None
[2024-11-25T08:59:13.382+0000] {processor.py:208} INFO - Processing /home/airflow/.local/lib/python3.12/site-packages/airflow/example_dags/example_trigger_target_dag.py took 0.085 seconds
[2024-11-25T08:59:44.030+0000] {processor.py:186} INFO - Started process (PID=10979) to work on /home/airflow/.local/lib/python3.12/site-packages/airflow/example_dags/example_trigger_target_dag.py
[2024-11-25T08:59:44.034+0000] {processor.py:914} INFO - Processing file /home/airflow/.local/lib/python3.12/site-packages/airflow/example_dags/example_trigger_target_dag.py for tasks to queue
[2024-11-25T08:59:44.037+0000] {logging_mixin.py:190} INFO - [2024-11-25T08:59:44.037+0000] {dagbag.py:588} INFO - Filling up the DagBag from /home/airflow/.local/lib/python3.12/site-packages/airflow/example_dags/example_trigger_target_dag.py
[2024-11-25T08:59:44.046+0000] {processor.py:925} INFO - DAG(s) 'example_trigger_target_dag' retrieved from /home/airflow/.local/lib/python3.12/site-packages/airflow/example_dags/example_trigger_target_dag.py
[2024-11-25T08:59:44.077+0000] {logging_mixin.py:190} INFO - [2024-11-25T08:59:44.077+0000] {dag.py:3239} INFO - Sync 1 DAGs
[2024-11-25T08:59:44.100+0000] {logging_mixin.py:190} INFO - [2024-11-25T08:59:44.100+0000] {dag.py:4180} INFO - Setting next_dagrun for example_trigger_target_dag to None, run_after=None
[2024-11-25T08:59:44.142+0000] {processor.py:208} INFO - Processing /home/airflow/.local/lib/python3.12/site-packages/airflow/example_dags/example_trigger_target_dag.py took 0.124 seconds
[2024-11-25T09:00:14.275+0000] {processor.py:186} INFO - Started process (PID=11280) to work on /home/airflow/.local/lib/python3.12/site-packages/airflow/example_dags/example_trigger_target_dag.py
[2024-11-25T09:00:14.276+0000] {processor.py:914} INFO - Processing file /home/airflow/.local/lib/python3.12/site-packages/airflow/example_dags/example_trigger_target_dag.py for tasks to queue
[2024-11-25T09:00:14.279+0000] {logging_mixin.py:190} INFO - [2024-11-25T09:00:14.279+0000] {dagbag.py:588} INFO - Filling up the DagBag from /home/airflow/.local/lib/python3.12/site-packages/airflow/example_dags/example_trigger_target_dag.py
[2024-11-25T09:00:14.287+0000] {processor.py:925} INFO - DAG(s) 'example_trigger_target_dag' retrieved from /home/airflow/.local/lib/python3.12/site-packages/airflow/example_dags/example_trigger_target_dag.py
[2024-11-25T09:00:14.319+0000] {logging_mixin.py:190} INFO - [2024-11-25T09:00:14.319+0000] {dag.py:3239} INFO - Sync 1 DAGs
[2024-11-25T09:00:14.337+0000] {logging_mixin.py:190} INFO - [2024-11-25T09:00:14.337+0000] {dag.py:4180} INFO - Setting next_dagrun for example_trigger_target_dag to None, run_after=None
[2024-11-25T09:00:14.358+0000] {processor.py:208} INFO - Processing /home/airflow/.local/lib/python3.12/site-packages/airflow/example_dags/example_trigger_target_dag.py took 0.088 seconds
[2024-11-25T09:00:44.889+0000] {processor.py:186} INFO - Started process (PID=11581) to work on /home/airflow/.local/lib/python3.12/site-packages/airflow/example_dags/example_trigger_target_dag.py
[2024-11-25T09:00:44.891+0000] {processor.py:914} INFO - Processing file /home/airflow/.local/lib/python3.12/site-packages/airflow/example_dags/example_trigger_target_dag.py for tasks to queue
[2024-11-25T09:00:44.895+0000] {logging_mixin.py:190} INFO - [2024-11-25T09:00:44.895+0000] {dagbag.py:588} INFO - Filling up the DagBag from /home/airflow/.local/lib/python3.12/site-packages/airflow/example_dags/example_trigger_target_dag.py
[2024-11-25T09:00:44.903+0000] {processor.py:925} INFO - DAG(s) 'example_trigger_target_dag' retrieved from /home/airflow/.local/lib/python3.12/site-packages/airflow/example_dags/example_trigger_target_dag.py
[2024-11-25T09:00:44.931+0000] {logging_mixin.py:190} INFO - [2024-11-25T09:00:44.931+0000] {dag.py:3239} INFO - Sync 1 DAGs
[2024-11-25T09:00:44.956+0000] {logging_mixin.py:190} INFO - [2024-11-25T09:00:44.956+0000] {dag.py:4180} INFO - Setting next_dagrun for example_trigger_target_dag to None, run_after=None
[2024-11-25T09:00:44.986+0000] {processor.py:208} INFO - Processing /home/airflow/.local/lib/python3.12/site-packages/airflow/example_dags/example_trigger_target_dag.py took 0.103 seconds
[2024-11-25T09:01:15.355+0000] {processor.py:186} INFO - Started process (PID=11882) to work on /home/airflow/.local/lib/python3.12/site-packages/airflow/example_dags/example_trigger_target_dag.py
[2024-11-25T09:01:15.357+0000] {processor.py:914} INFO - Processing file /home/airflow/.local/lib/python3.12/site-packages/airflow/example_dags/example_trigger_target_dag.py for tasks to queue
[2024-11-25T09:01:15.359+0000] {logging_mixin.py:190} INFO - [2024-11-25T09:01:15.359+0000] {dagbag.py:588} INFO - Filling up the DagBag from /home/airflow/.local/lib/python3.12/site-packages/airflow/example_dags/example_trigger_target_dag.py
[2024-11-25T09:01:15.370+0000] {processor.py:925} INFO - DAG(s) 'example_trigger_target_dag' retrieved from /home/airflow/.local/lib/python3.12/site-packages/airflow/example_dags/example_trigger_target_dag.py
[2024-11-25T09:01:15.393+0000] {logging_mixin.py:190} INFO - [2024-11-25T09:01:15.393+0000] {dag.py:3239} INFO - Sync 1 DAGs
[2024-11-25T09:01:15.408+0000] {logging_mixin.py:190} INFO - [2024-11-25T09:01:15.407+0000] {dag.py:4180} INFO - Setting next_dagrun for example_trigger_target_dag to None, run_after=None
[2024-11-25T09:01:15.436+0000] {processor.py:208} INFO - Processing /home/airflow/.local/lib/python3.12/site-packages/airflow/example_dags/example_trigger_target_dag.py took 0.087 seconds
[2024-11-25T09:01:45.720+0000] {processor.py:186} INFO - Started process (PID=12183) to work on /home/airflow/.local/lib/python3.12/site-packages/airflow/example_dags/example_trigger_target_dag.py
[2024-11-25T09:01:45.722+0000] {processor.py:914} INFO - Processing file /home/airflow/.local/lib/python3.12/site-packages/airflow/example_dags/example_trigger_target_dag.py for tasks to queue
[2024-11-25T09:01:45.729+0000] {logging_mixin.py:190} INFO - [2024-11-25T09:01:45.729+0000] {dagbag.py:588} INFO - Filling up the DagBag from /home/airflow/.local/lib/python3.12/site-packages/airflow/example_dags/example_trigger_target_dag.py
[2024-11-25T09:01:45.747+0000] {processor.py:925} INFO - DAG(s) 'example_trigger_target_dag' retrieved from /home/airflow/.local/lib/python3.12/site-packages/airflow/example_dags/example_trigger_target_dag.py
[2024-11-25T09:01:45.782+0000] {logging_mixin.py:190} INFO - [2024-11-25T09:01:45.781+0000] {dag.py:3239} INFO - Sync 1 DAGs
[2024-11-25T09:01:45.804+0000] {logging_mixin.py:190} INFO - [2024-11-25T09:01:45.804+0000] {dag.py:4180} INFO - Setting next_dagrun for example_trigger_target_dag to None, run_after=None
[2024-11-25T09:01:45.843+0000] {processor.py:208} INFO - Processing /home/airflow/.local/lib/python3.12/site-packages/airflow/example_dags/example_trigger_target_dag.py took 0.135 seconds
[2024-11-25T09:02:16.029+0000] {processor.py:186} INFO - Started process (PID=12485) to work on /home/airflow/.local/lib/python3.12/site-packages/airflow/example_dags/example_trigger_target_dag.py
[2024-11-25T09:02:16.030+0000] {processor.py:914} INFO - Processing file /home/airflow/.local/lib/python3.12/site-packages/airflow/example_dags/example_trigger_target_dag.py for tasks to queue
[2024-11-25T09:02:16.033+0000] {logging_mixin.py:190} INFO - [2024-11-25T09:02:16.032+0000] {dagbag.py:588} INFO - Filling up the DagBag from /home/airflow/.local/lib/python3.12/site-packages/airflow/example_dags/example_trigger_target_dag.py
[2024-11-25T09:02:16.043+0000] {processor.py:925} INFO - DAG(s) 'example_trigger_target_dag' retrieved from /home/airflow/.local/lib/python3.12/site-packages/airflow/example_dags/example_trigger_target_dag.py
[2024-11-25T09:02:16.067+0000] {logging_mixin.py:190} INFO - [2024-11-25T09:02:16.067+0000] {dag.py:3239} INFO - Sync 1 DAGs
[2024-11-25T09:02:16.084+0000] {logging_mixin.py:190} INFO - [2024-11-25T09:02:16.084+0000] {dag.py:4180} INFO - Setting next_dagrun for example_trigger_target_dag to None, run_after=None
[2024-11-25T09:02:16.104+0000] {processor.py:208} INFO - Processing /home/airflow/.local/lib/python3.12/site-packages/airflow/example_dags/example_trigger_target_dag.py took 0.083 seconds
[2024-11-25T09:02:46.615+0000] {processor.py:186} INFO - Started process (PID=12786) to work on /home/airflow/.local/lib/python3.12/site-packages/airflow/example_dags/example_trigger_target_dag.py
[2024-11-25T09:02:46.616+0000] {processor.py:914} INFO - Processing file /home/airflow/.local/lib/python3.12/site-packages/airflow/example_dags/example_trigger_target_dag.py for tasks to queue
[2024-11-25T09:02:46.620+0000] {logging_mixin.py:190} INFO - [2024-11-25T09:02:46.620+0000] {dagbag.py:588} INFO - Filling up the DagBag from /home/airflow/.local/lib/python3.12/site-packages/airflow/example_dags/example_trigger_target_dag.py
[2024-11-25T09:02:46.635+0000] {processor.py:925} INFO - DAG(s) 'example_trigger_target_dag' retrieved from /home/airflow/.local/lib/python3.12/site-packages/airflow/example_dags/example_trigger_target_dag.py
[2024-11-25T09:02:46.670+0000] {logging_mixin.py:190} INFO - [2024-11-25T09:02:46.670+0000] {dag.py:3239} INFO - Sync 1 DAGs
[2024-11-25T09:02:46.696+0000] {logging_mixin.py:190} INFO - [2024-11-25T09:02:46.695+0000] {dag.py:4180} INFO - Setting next_dagrun for example_trigger_target_dag to None, run_after=None
[2024-11-25T09:02:46.723+0000] {processor.py:208} INFO - Processing /home/airflow/.local/lib/python3.12/site-packages/airflow/example_dags/example_trigger_target_dag.py took 0.117 seconds
[2024-11-25T09:03:16.960+0000] {processor.py:186} INFO - Started process (PID=13094) to work on /home/airflow/.local/lib/python3.12/site-packages/airflow/example_dags/example_trigger_target_dag.py
[2024-11-25T09:03:16.961+0000] {processor.py:914} INFO - Processing file /home/airflow/.local/lib/python3.12/site-packages/airflow/example_dags/example_trigger_target_dag.py for tasks to queue
[2024-11-25T09:03:16.964+0000] {logging_mixin.py:190} INFO - [2024-11-25T09:03:16.963+0000] {dagbag.py:588} INFO - Filling up the DagBag from /home/airflow/.local/lib/python3.12/site-packages/airflow/example_dags/example_trigger_target_dag.py
[2024-11-25T09:03:16.972+0000] {processor.py:925} INFO - DAG(s) 'example_trigger_target_dag' retrieved from /home/airflow/.local/lib/python3.12/site-packages/airflow/example_dags/example_trigger_target_dag.py
[2024-11-25T09:03:17.000+0000] {logging_mixin.py:190} INFO - [2024-11-25T09:03:16.999+0000] {dag.py:3239} INFO - Sync 1 DAGs
[2024-11-25T09:03:17.018+0000] {logging_mixin.py:190} INFO - [2024-11-25T09:03:17.018+0000] {dag.py:4180} INFO - Setting next_dagrun for example_trigger_target_dag to None, run_after=None
[2024-11-25T09:03:17.045+0000] {processor.py:208} INFO - Processing /home/airflow/.local/lib/python3.12/site-packages/airflow/example_dags/example_trigger_target_dag.py took 0.091 seconds
[2024-11-25T09:03:47.315+0000] {processor.py:186} INFO - Started process (PID=13395) to work on /home/airflow/.local/lib/python3.12/site-packages/airflow/example_dags/example_trigger_target_dag.py
[2024-11-25T09:03:47.316+0000] {processor.py:914} INFO - Processing file /home/airflow/.local/lib/python3.12/site-packages/airflow/example_dags/example_trigger_target_dag.py for tasks to queue
[2024-11-25T09:03:47.321+0000] {logging_mixin.py:190} INFO - [2024-11-25T09:03:47.320+0000] {dagbag.py:588} INFO - Filling up the DagBag from /home/airflow/.local/lib/python3.12/site-packages/airflow/example_dags/example_trigger_target_dag.py
[2024-11-25T09:03:47.331+0000] {processor.py:925} INFO - DAG(s) 'example_trigger_target_dag' retrieved from /home/airflow/.local/lib/python3.12/site-packages/airflow/example_dags/example_trigger_target_dag.py
[2024-11-25T09:03:47.357+0000] {logging_mixin.py:190} INFO - [2024-11-25T09:03:47.356+0000] {dag.py:3239} INFO - Sync 1 DAGs
[2024-11-25T09:03:47.372+0000] {logging_mixin.py:190} INFO - [2024-11-25T09:03:47.372+0000] {dag.py:4180} INFO - Setting next_dagrun for example_trigger_target_dag to None, run_after=None
[2024-11-25T09:03:47.399+0000] {processor.py:208} INFO - Processing /home/airflow/.local/lib/python3.12/site-packages/airflow/example_dags/example_trigger_target_dag.py took 0.091 seconds
[2024-11-25T09:04:17.480+0000] {processor.py:186} INFO - Started process (PID=13691) to work on /home/airflow/.local/lib/python3.12/site-packages/airflow/example_dags/example_trigger_target_dag.py
[2024-11-25T09:04:17.481+0000] {processor.py:914} INFO - Processing file /home/airflow/.local/lib/python3.12/site-packages/airflow/example_dags/example_trigger_target_dag.py for tasks to queue
[2024-11-25T09:04:17.483+0000] {logging_mixin.py:190} INFO - [2024-11-25T09:04:17.483+0000] {dagbag.py:588} INFO - Filling up the DagBag from /home/airflow/.local/lib/python3.12/site-packages/airflow/example_dags/example_trigger_target_dag.py
[2024-11-25T09:04:17.492+0000] {processor.py:925} INFO - DAG(s) 'example_trigger_target_dag' retrieved from /home/airflow/.local/lib/python3.12/site-packages/airflow/example_dags/example_trigger_target_dag.py
[2024-11-25T09:04:17.523+0000] {logging_mixin.py:190} INFO - [2024-11-25T09:04:17.523+0000] {dag.py:3239} INFO - Sync 1 DAGs
[2024-11-25T09:04:17.541+0000] {logging_mixin.py:190} INFO - [2024-11-25T09:04:17.540+0000] {dag.py:4180} INFO - Setting next_dagrun for example_trigger_target_dag to None, run_after=None
[2024-11-25T09:04:17.566+0000] {processor.py:208} INFO - Processing /home/airflow/.local/lib/python3.12/site-packages/airflow/example_dags/example_trigger_target_dag.py took 0.093 seconds
[2024-11-25T09:04:48.310+0000] {processor.py:186} INFO - Started process (PID=13992) to work on /home/airflow/.local/lib/python3.12/site-packages/airflow/example_dags/example_trigger_target_dag.py
[2024-11-25T09:04:48.311+0000] {processor.py:914} INFO - Processing file /home/airflow/.local/lib/python3.12/site-packages/airflow/example_dags/example_trigger_target_dag.py for tasks to queue
[2024-11-25T09:04:48.314+0000] {logging_mixin.py:190} INFO - [2024-11-25T09:04:48.313+0000] {dagbag.py:588} INFO - Filling up the DagBag from /home/airflow/.local/lib/python3.12/site-packages/airflow/example_dags/example_trigger_target_dag.py
[2024-11-25T09:04:48.325+0000] {processor.py:925} INFO - DAG(s) 'example_trigger_target_dag' retrieved from /home/airflow/.local/lib/python3.12/site-packages/airflow/example_dags/example_trigger_target_dag.py
[2024-11-25T09:04:48.376+0000] {logging_mixin.py:190} INFO - [2024-11-25T09:04:48.375+0000] {dag.py:3239} INFO - Sync 1 DAGs
[2024-11-25T09:04:48.403+0000] {logging_mixin.py:190} INFO - [2024-11-25T09:04:48.402+0000] {dag.py:4180} INFO - Setting next_dagrun for example_trigger_target_dag to None, run_after=None
[2024-11-25T09:04:48.435+0000] {processor.py:208} INFO - Processing /home/airflow/.local/lib/python3.12/site-packages/airflow/example_dags/example_trigger_target_dag.py took 0.131 seconds
[2024-11-25T09:05:18.679+0000] {processor.py:186} INFO - Started process (PID=14293) to work on /home/airflow/.local/lib/python3.12/site-packages/airflow/example_dags/example_trigger_target_dag.py
[2024-11-25T09:05:18.681+0000] {processor.py:914} INFO - Processing file /home/airflow/.local/lib/python3.12/site-packages/airflow/example_dags/example_trigger_target_dag.py for tasks to queue
[2024-11-25T09:05:18.684+0000] {logging_mixin.py:190} INFO - [2024-11-25T09:05:18.684+0000] {dagbag.py:588} INFO - Filling up the DagBag from /home/airflow/.local/lib/python3.12/site-packages/airflow/example_dags/example_trigger_target_dag.py
[2024-11-25T09:05:18.698+0000] {processor.py:925} INFO - DAG(s) 'example_trigger_target_dag' retrieved from /home/airflow/.local/lib/python3.12/site-packages/airflow/example_dags/example_trigger_target_dag.py
[2024-11-25T09:05:18.740+0000] {logging_mixin.py:190} INFO - [2024-11-25T09:05:18.739+0000] {dag.py:3239} INFO - Sync 1 DAGs
[2024-11-25T09:05:18.763+0000] {logging_mixin.py:190} INFO - [2024-11-25T09:05:18.763+0000] {dag.py:4180} INFO - Setting next_dagrun for example_trigger_target_dag to None, run_after=None
[2024-11-25T09:05:18.792+0000] {processor.py:208} INFO - Processing /home/airflow/.local/lib/python3.12/site-packages/airflow/example_dags/example_trigger_target_dag.py took 0.120 seconds
[2024-11-25T09:05:48.932+0000] {processor.py:186} INFO - Started process (PID=14595) to work on /home/airflow/.local/lib/python3.12/site-packages/airflow/example_dags/example_trigger_target_dag.py
[2024-11-25T09:05:48.934+0000] {processor.py:914} INFO - Processing file /home/airflow/.local/lib/python3.12/site-packages/airflow/example_dags/example_trigger_target_dag.py for tasks to queue
[2024-11-25T09:05:48.937+0000] {logging_mixin.py:190} INFO - [2024-11-25T09:05:48.936+0000] {dagbag.py:588} INFO - Filling up the DagBag from /home/airflow/.local/lib/python3.12/site-packages/airflow/example_dags/example_trigger_target_dag.py
[2024-11-25T09:05:48.945+0000] {processor.py:925} INFO - DAG(s) 'example_trigger_target_dag' retrieved from /home/airflow/.local/lib/python3.12/site-packages/airflow/example_dags/example_trigger_target_dag.py
[2024-11-25T09:05:48.972+0000] {logging_mixin.py:190} INFO - [2024-11-25T09:05:48.972+0000] {dag.py:3239} INFO - Sync 1 DAGs
[2024-11-25T09:05:48.987+0000] {logging_mixin.py:190} INFO - [2024-11-25T09:05:48.987+0000] {dag.py:4180} INFO - Setting next_dagrun for example_trigger_target_dag to None, run_after=None
[2024-11-25T09:05:49.009+0000] {processor.py:208} INFO - Processing /home/airflow/.local/lib/python3.12/site-packages/airflow/example_dags/example_trigger_target_dag.py took 0.083 seconds
[2024-11-25T09:06:19.554+0000] {processor.py:186} INFO - Started process (PID=14898) to work on /home/airflow/.local/lib/python3.12/site-packages/airflow/example_dags/example_trigger_target_dag.py
[2024-11-25T09:06:19.555+0000] {processor.py:914} INFO - Processing file /home/airflow/.local/lib/python3.12/site-packages/airflow/example_dags/example_trigger_target_dag.py for tasks to queue
[2024-11-25T09:06:19.560+0000] {logging_mixin.py:190} INFO - [2024-11-25T09:06:19.559+0000] {dagbag.py:588} INFO - Filling up the DagBag from /home/airflow/.local/lib/python3.12/site-packages/airflow/example_dags/example_trigger_target_dag.py
[2024-11-25T09:06:19.580+0000] {processor.py:925} INFO - DAG(s) 'example_trigger_target_dag' retrieved from /home/airflow/.local/lib/python3.12/site-packages/airflow/example_dags/example_trigger_target_dag.py
[2024-11-25T09:06:19.643+0000] {logging_mixin.py:190} INFO - [2024-11-25T09:06:19.642+0000] {dag.py:3239} INFO - Sync 1 DAGs
[2024-11-25T09:06:19.692+0000] {logging_mixin.py:190} INFO - [2024-11-25T09:06:19.691+0000] {dag.py:4180} INFO - Setting next_dagrun for example_trigger_target_dag to None, run_after=None
[2024-11-25T09:06:19.816+0000] {processor.py:208} INFO - Processing /home/airflow/.local/lib/python3.12/site-packages/airflow/example_dags/example_trigger_target_dag.py took 0.268 seconds
[2024-11-25T09:06:50.108+0000] {processor.py:186} INFO - Started process (PID=15197) to work on /home/airflow/.local/lib/python3.12/site-packages/airflow/example_dags/example_trigger_target_dag.py
[2024-11-25T09:06:50.109+0000] {processor.py:914} INFO - Processing file /home/airflow/.local/lib/python3.12/site-packages/airflow/example_dags/example_trigger_target_dag.py for tasks to queue
[2024-11-25T09:06:50.112+0000] {logging_mixin.py:190} INFO - [2024-11-25T09:06:50.111+0000] {dagbag.py:588} INFO - Filling up the DagBag from /home/airflow/.local/lib/python3.12/site-packages/airflow/example_dags/example_trigger_target_dag.py
[2024-11-25T09:06:50.120+0000] {processor.py:925} INFO - DAG(s) 'example_trigger_target_dag' retrieved from /home/airflow/.local/lib/python3.12/site-packages/airflow/example_dags/example_trigger_target_dag.py
[2024-11-25T09:06:50.148+0000] {logging_mixin.py:190} INFO - [2024-11-25T09:06:50.148+0000] {dag.py:3239} INFO - Sync 1 DAGs
[2024-11-25T09:06:50.169+0000] {logging_mixin.py:190} INFO - [2024-11-25T09:06:50.168+0000] {dag.py:4180} INFO - Setting next_dagrun for example_trigger_target_dag to None, run_after=None
[2024-11-25T09:06:50.191+0000] {processor.py:208} INFO - Processing /home/airflow/.local/lib/python3.12/site-packages/airflow/example_dags/example_trigger_target_dag.py took 0.090 seconds
[2024-11-25T09:07:20.770+0000] {processor.py:186} INFO - Started process (PID=15495) to work on /home/airflow/.local/lib/python3.12/site-packages/airflow/example_dags/example_trigger_target_dag.py
[2024-11-25T09:07:20.771+0000] {processor.py:914} INFO - Processing file /home/airflow/.local/lib/python3.12/site-packages/airflow/example_dags/example_trigger_target_dag.py for tasks to queue
[2024-11-25T09:07:20.774+0000] {logging_mixin.py:190} INFO - [2024-11-25T09:07:20.773+0000] {dagbag.py:588} INFO - Filling up the DagBag from /home/airflow/.local/lib/python3.12/site-packages/airflow/example_dags/example_trigger_target_dag.py
[2024-11-25T09:07:20.782+0000] {processor.py:925} INFO - DAG(s) 'example_trigger_target_dag' retrieved from /home/airflow/.local/lib/python3.12/site-packages/airflow/example_dags/example_trigger_target_dag.py
[2024-11-25T09:07:20.957+0000] {logging_mixin.py:190} INFO - [2024-11-25T09:07:20.957+0000] {dag.py:3239} INFO - Sync 1 DAGs
[2024-11-25T09:07:20.971+0000] {logging_mixin.py:190} INFO - [2024-11-25T09:07:20.971+0000] {dag.py:4180} INFO - Setting next_dagrun for example_trigger_target_dag to None, run_after=None
[2024-11-25T09:07:20.990+0000] {processor.py:208} INFO - Processing /home/airflow/.local/lib/python3.12/site-packages/airflow/example_dags/example_trigger_target_dag.py took 0.226 seconds
[2024-11-25T09:07:51.330+0000] {processor.py:186} INFO - Started process (PID=15796) to work on /home/airflow/.local/lib/python3.12/site-packages/airflow/example_dags/example_trigger_target_dag.py
[2024-11-25T09:07:51.331+0000] {processor.py:914} INFO - Processing file /home/airflow/.local/lib/python3.12/site-packages/airflow/example_dags/example_trigger_target_dag.py for tasks to queue
[2024-11-25T09:07:51.333+0000] {logging_mixin.py:190} INFO - [2024-11-25T09:07:51.333+0000] {dagbag.py:588} INFO - Filling up the DagBag from /home/airflow/.local/lib/python3.12/site-packages/airflow/example_dags/example_trigger_target_dag.py
[2024-11-25T09:07:51.341+0000] {processor.py:925} INFO - DAG(s) 'example_trigger_target_dag' retrieved from /home/airflow/.local/lib/python3.12/site-packages/airflow/example_dags/example_trigger_target_dag.py
[2024-11-25T09:07:51.363+0000] {logging_mixin.py:190} INFO - [2024-11-25T09:07:51.363+0000] {dag.py:3239} INFO - Sync 1 DAGs
[2024-11-25T09:07:51.379+0000] {logging_mixin.py:190} INFO - [2024-11-25T09:07:51.378+0000] {dag.py:4180} INFO - Setting next_dagrun for example_trigger_target_dag to None, run_after=None
[2024-11-25T09:07:51.400+0000] {processor.py:208} INFO - Processing /home/airflow/.local/lib/python3.12/site-packages/airflow/example_dags/example_trigger_target_dag.py took 0.076 seconds
[2024-11-25T09:08:21.765+0000] {processor.py:186} INFO - Started process (PID=16097) to work on /home/airflow/.local/lib/python3.12/site-packages/airflow/example_dags/example_trigger_target_dag.py
[2024-11-25T09:08:21.766+0000] {processor.py:914} INFO - Processing file /home/airflow/.local/lib/python3.12/site-packages/airflow/example_dags/example_trigger_target_dag.py for tasks to queue
[2024-11-25T09:08:21.769+0000] {logging_mixin.py:190} INFO - [2024-11-25T09:08:21.769+0000] {dagbag.py:588} INFO - Filling up the DagBag from /home/airflow/.local/lib/python3.12/site-packages/airflow/example_dags/example_trigger_target_dag.py
[2024-11-25T09:08:21.777+0000] {processor.py:925} INFO - DAG(s) 'example_trigger_target_dag' retrieved from /home/airflow/.local/lib/python3.12/site-packages/airflow/example_dags/example_trigger_target_dag.py
[2024-11-25T09:08:21.802+0000] {logging_mixin.py:190} INFO - [2024-11-25T09:08:21.802+0000] {dag.py:3239} INFO - Sync 1 DAGs
[2024-11-25T09:08:21.816+0000] {logging_mixin.py:190} INFO - [2024-11-25T09:08:21.816+0000] {dag.py:4180} INFO - Setting next_dagrun for example_trigger_target_dag to None, run_after=None
[2024-11-25T09:08:21.836+0000] {processor.py:208} INFO - Processing /home/airflow/.local/lib/python3.12/site-packages/airflow/example_dags/example_trigger_target_dag.py took 0.076 seconds
[2024-11-25T09:08:52.458+0000] {processor.py:186} INFO - Started process (PID=16398) to work on /home/airflow/.local/lib/python3.12/site-packages/airflow/example_dags/example_trigger_target_dag.py
[2024-11-25T09:08:52.459+0000] {processor.py:914} INFO - Processing file /home/airflow/.local/lib/python3.12/site-packages/airflow/example_dags/example_trigger_target_dag.py for tasks to queue
[2024-11-25T09:08:52.462+0000] {logging_mixin.py:190} INFO - [2024-11-25T09:08:52.462+0000] {dagbag.py:588} INFO - Filling up the DagBag from /home/airflow/.local/lib/python3.12/site-packages/airflow/example_dags/example_trigger_target_dag.py
[2024-11-25T09:08:52.469+0000] {processor.py:925} INFO - DAG(s) 'example_trigger_target_dag' retrieved from /home/airflow/.local/lib/python3.12/site-packages/airflow/example_dags/example_trigger_target_dag.py
[2024-11-25T09:08:52.491+0000] {logging_mixin.py:190} INFO - [2024-11-25T09:08:52.491+0000] {dag.py:3239} INFO - Sync 1 DAGs
[2024-11-25T09:08:52.505+0000] {logging_mixin.py:190} INFO - [2024-11-25T09:08:52.505+0000] {dag.py:4180} INFO - Setting next_dagrun for example_trigger_target_dag to None, run_after=None
[2024-11-25T09:08:52.525+0000] {processor.py:208} INFO - Processing /home/airflow/.local/lib/python3.12/site-packages/airflow/example_dags/example_trigger_target_dag.py took 0.073 seconds
[2024-11-25T09:09:23.139+0000] {processor.py:186} INFO - Started process (PID=16699) to work on /home/airflow/.local/lib/python3.12/site-packages/airflow/example_dags/example_trigger_target_dag.py
[2024-11-25T09:09:23.140+0000] {processor.py:914} INFO - Processing file /home/airflow/.local/lib/python3.12/site-packages/airflow/example_dags/example_trigger_target_dag.py for tasks to queue
[2024-11-25T09:09:23.143+0000] {logging_mixin.py:190} INFO - [2024-11-25T09:09:23.143+0000] {dagbag.py:588} INFO - Filling up the DagBag from /home/airflow/.local/lib/python3.12/site-packages/airflow/example_dags/example_trigger_target_dag.py
[2024-11-25T09:09:23.152+0000] {processor.py:925} INFO - DAG(s) 'example_trigger_target_dag' retrieved from /home/airflow/.local/lib/python3.12/site-packages/airflow/example_dags/example_trigger_target_dag.py
[2024-11-25T09:09:23.177+0000] {logging_mixin.py:190} INFO - [2024-11-25T09:09:23.177+0000] {dag.py:3239} INFO - Sync 1 DAGs
[2024-11-25T09:09:23.207+0000] {logging_mixin.py:190} INFO - [2024-11-25T09:09:23.206+0000] {dag.py:4180} INFO - Setting next_dagrun for example_trigger_target_dag to None, run_after=None
[2024-11-25T09:09:23.244+0000] {processor.py:208} INFO - Processing /home/airflow/.local/lib/python3.12/site-packages/airflow/example_dags/example_trigger_target_dag.py took 0.110 seconds
[2024-11-25T09:09:54.024+0000] {processor.py:186} INFO - Started process (PID=17000) to work on /home/airflow/.local/lib/python3.12/site-packages/airflow/example_dags/example_trigger_target_dag.py
[2024-11-25T09:09:54.025+0000] {processor.py:914} INFO - Processing file /home/airflow/.local/lib/python3.12/site-packages/airflow/example_dags/example_trigger_target_dag.py for tasks to queue
[2024-11-25T09:09:54.028+0000] {logging_mixin.py:190} INFO - [2024-11-25T09:09:54.028+0000] {dagbag.py:588} INFO - Filling up the DagBag from /home/airflow/.local/lib/python3.12/site-packages/airflow/example_dags/example_trigger_target_dag.py
[2024-11-25T09:09:54.036+0000] {processor.py:925} INFO - DAG(s) 'example_trigger_target_dag' retrieved from /home/airflow/.local/lib/python3.12/site-packages/airflow/example_dags/example_trigger_target_dag.py
[2024-11-25T09:09:54.058+0000] {logging_mixin.py:190} INFO - [2024-11-25T09:09:54.058+0000] {dag.py:3239} INFO - Sync 1 DAGs
[2024-11-25T09:09:54.072+0000] {logging_mixin.py:190} INFO - [2024-11-25T09:09:54.071+0000] {dag.py:4180} INFO - Setting next_dagrun for example_trigger_target_dag to None, run_after=None
[2024-11-25T09:09:54.090+0000] {processor.py:208} INFO - Processing /home/airflow/.local/lib/python3.12/site-packages/airflow/example_dags/example_trigger_target_dag.py took 0.072 seconds
[2024-11-25T09:10:24.612+0000] {processor.py:186} INFO - Started process (PID=17301) to work on /home/airflow/.local/lib/python3.12/site-packages/airflow/example_dags/example_trigger_target_dag.py
[2024-11-25T09:10:24.613+0000] {processor.py:914} INFO - Processing file /home/airflow/.local/lib/python3.12/site-packages/airflow/example_dags/example_trigger_target_dag.py for tasks to queue
[2024-11-25T09:10:24.616+0000] {logging_mixin.py:190} INFO - [2024-11-25T09:10:24.615+0000] {dagbag.py:588} INFO - Filling up the DagBag from /home/airflow/.local/lib/python3.12/site-packages/airflow/example_dags/example_trigger_target_dag.py
[2024-11-25T09:10:24.623+0000] {processor.py:925} INFO - DAG(s) 'example_trigger_target_dag' retrieved from /home/airflow/.local/lib/python3.12/site-packages/airflow/example_dags/example_trigger_target_dag.py
[2024-11-25T09:10:24.646+0000] {logging_mixin.py:190} INFO - [2024-11-25T09:10:24.646+0000] {dag.py:3239} INFO - Sync 1 DAGs
[2024-11-25T09:10:24.670+0000] {logging_mixin.py:190} INFO - [2024-11-25T09:10:24.669+0000] {dag.py:4180} INFO - Setting next_dagrun for example_trigger_target_dag to None, run_after=None
[2024-11-25T09:10:24.703+0000] {processor.py:208} INFO - Processing /home/airflow/.local/lib/python3.12/site-packages/airflow/example_dags/example_trigger_target_dag.py took 0.097 seconds
[2024-11-25T09:10:55.485+0000] {processor.py:186} INFO - Started process (PID=17602) to work on /home/airflow/.local/lib/python3.12/site-packages/airflow/example_dags/example_trigger_target_dag.py
[2024-11-25T09:10:55.486+0000] {processor.py:914} INFO - Processing file /home/airflow/.local/lib/python3.12/site-packages/airflow/example_dags/example_trigger_target_dag.py for tasks to queue
[2024-11-25T09:10:55.489+0000] {logging_mixin.py:190} INFO - [2024-11-25T09:10:55.489+0000] {dagbag.py:588} INFO - Filling up the DagBag from /home/airflow/.local/lib/python3.12/site-packages/airflow/example_dags/example_trigger_target_dag.py
[2024-11-25T09:10:55.496+0000] {processor.py:925} INFO - DAG(s) 'example_trigger_target_dag' retrieved from /home/airflow/.local/lib/python3.12/site-packages/airflow/example_dags/example_trigger_target_dag.py
[2024-11-25T09:10:55.519+0000] {logging_mixin.py:190} INFO - [2024-11-25T09:10:55.519+0000] {dag.py:3239} INFO - Sync 1 DAGs
[2024-11-25T09:10:55.536+0000] {logging_mixin.py:190} INFO - [2024-11-25T09:10:55.535+0000] {dag.py:4180} INFO - Setting next_dagrun for example_trigger_target_dag to None, run_after=None
[2024-11-25T09:10:55.555+0000] {processor.py:208} INFO - Processing /home/airflow/.local/lib/python3.12/site-packages/airflow/example_dags/example_trigger_target_dag.py took 0.075 seconds
[2024-11-25T09:11:25.918+0000] {processor.py:186} INFO - Started process (PID=17903) to work on /home/airflow/.local/lib/python3.12/site-packages/airflow/example_dags/example_trigger_target_dag.py
[2024-11-25T09:11:25.919+0000] {processor.py:914} INFO - Processing file /home/airflow/.local/lib/python3.12/site-packages/airflow/example_dags/example_trigger_target_dag.py for tasks to queue
[2024-11-25T09:11:25.921+0000] {logging_mixin.py:190} INFO - [2024-11-25T09:11:25.921+0000] {dagbag.py:588} INFO - Filling up the DagBag from /home/airflow/.local/lib/python3.12/site-packages/airflow/example_dags/example_trigger_target_dag.py
[2024-11-25T09:11:25.929+0000] {processor.py:925} INFO - DAG(s) 'example_trigger_target_dag' retrieved from /home/airflow/.local/lib/python3.12/site-packages/airflow/example_dags/example_trigger_target_dag.py
[2024-11-25T09:11:25.950+0000] {logging_mixin.py:190} INFO - [2024-11-25T09:11:25.950+0000] {dag.py:3239} INFO - Sync 1 DAGs
[2024-11-25T09:11:25.970+0000] {logging_mixin.py:190} INFO - [2024-11-25T09:11:25.969+0000] {dag.py:4180} INFO - Setting next_dagrun for example_trigger_target_dag to None, run_after=None
[2024-11-25T09:11:25.993+0000] {processor.py:208} INFO - Processing /home/airflow/.local/lib/python3.12/site-packages/airflow/example_dags/example_trigger_target_dag.py took 0.080 seconds
[2024-11-25T09:11:57.405+0000] {processor.py:186} INFO - Started process (PID=18205) to work on /home/airflow/.local/lib/python3.12/site-packages/airflow/example_dags/example_trigger_target_dag.py
[2024-11-25T09:11:57.406+0000] {processor.py:914} INFO - Processing file /home/airflow/.local/lib/python3.12/site-packages/airflow/example_dags/example_trigger_target_dag.py for tasks to queue
[2024-11-25T09:11:57.409+0000] {logging_mixin.py:190} INFO - [2024-11-25T09:11:57.408+0000] {dagbag.py:588} INFO - Filling up the DagBag from /home/airflow/.local/lib/python3.12/site-packages/airflow/example_dags/example_trigger_target_dag.py
[2024-11-25T09:11:57.416+0000] {processor.py:925} INFO - DAG(s) 'example_trigger_target_dag' retrieved from /home/airflow/.local/lib/python3.12/site-packages/airflow/example_dags/example_trigger_target_dag.py
[2024-11-25T09:11:57.438+0000] {logging_mixin.py:190} INFO - [2024-11-25T09:11:57.437+0000] {dag.py:3239} INFO - Sync 1 DAGs
[2024-11-25T09:11:57.453+0000] {logging_mixin.py:190} INFO - [2024-11-25T09:11:57.452+0000] {dag.py:4180} INFO - Setting next_dagrun for example_trigger_target_dag to None, run_after=None
[2024-11-25T09:11:57.472+0000] {processor.py:208} INFO - Processing /home/airflow/.local/lib/python3.12/site-packages/airflow/example_dags/example_trigger_target_dag.py took 0.073 seconds
[2024-11-25T09:12:28.078+0000] {processor.py:186} INFO - Started process (PID=18507) to work on /home/airflow/.local/lib/python3.12/site-packages/airflow/example_dags/example_trigger_target_dag.py
[2024-11-25T09:12:28.080+0000] {processor.py:914} INFO - Processing file /home/airflow/.local/lib/python3.12/site-packages/airflow/example_dags/example_trigger_target_dag.py for tasks to queue
[2024-11-25T09:12:28.085+0000] {logging_mixin.py:190} INFO - [2024-11-25T09:12:28.084+0000] {dagbag.py:588} INFO - Filling up the DagBag from /home/airflow/.local/lib/python3.12/site-packages/airflow/example_dags/example_trigger_target_dag.py
[2024-11-25T09:12:28.101+0000] {processor.py:925} INFO - DAG(s) 'example_trigger_target_dag' retrieved from /home/airflow/.local/lib/python3.12/site-packages/airflow/example_dags/example_trigger_target_dag.py
[2024-11-25T09:12:28.128+0000] {logging_mixin.py:190} INFO - [2024-11-25T09:12:28.128+0000] {dag.py:3239} INFO - Sync 1 DAGs
[2024-11-25T09:12:28.149+0000] {logging_mixin.py:190} INFO - [2024-11-25T09:12:28.149+0000] {dag.py:4180} INFO - Setting next_dagrun for example_trigger_target_dag to None, run_after=None
[2024-11-25T09:12:28.174+0000] {processor.py:208} INFO - Processing /home/airflow/.local/lib/python3.12/site-packages/airflow/example_dags/example_trigger_target_dag.py took 0.105 seconds
[2024-11-25T09:12:58.252+0000] {processor.py:186} INFO - Started process (PID=18808) to work on /home/airflow/.local/lib/python3.12/site-packages/airflow/example_dags/example_trigger_target_dag.py
[2024-11-25T09:12:58.253+0000] {processor.py:914} INFO - Processing file /home/airflow/.local/lib/python3.12/site-packages/airflow/example_dags/example_trigger_target_dag.py for tasks to queue
[2024-11-25T09:12:58.256+0000] {logging_mixin.py:190} INFO - [2024-11-25T09:12:58.255+0000] {dagbag.py:588} INFO - Filling up the DagBag from /home/airflow/.local/lib/python3.12/site-packages/airflow/example_dags/example_trigger_target_dag.py
[2024-11-25T09:12:58.265+0000] {processor.py:925} INFO - DAG(s) 'example_trigger_target_dag' retrieved from /home/airflow/.local/lib/python3.12/site-packages/airflow/example_dags/example_trigger_target_dag.py
[2024-11-25T09:12:58.290+0000] {logging_mixin.py:190} INFO - [2024-11-25T09:12:58.290+0000] {dag.py:3239} INFO - Sync 1 DAGs
[2024-11-25T09:12:58.305+0000] {logging_mixin.py:190} INFO - [2024-11-25T09:12:58.305+0000] {dag.py:4180} INFO - Setting next_dagrun for example_trigger_target_dag to None, run_after=None
[2024-11-25T09:12:58.325+0000] {processor.py:208} INFO - Processing /home/airflow/.local/lib/python3.12/site-packages/airflow/example_dags/example_trigger_target_dag.py took 0.081 seconds
[2024-11-25T09:13:28.695+0000] {processor.py:186} INFO - Started process (PID=19107) to work on /home/airflow/.local/lib/python3.12/site-packages/airflow/example_dags/example_trigger_target_dag.py
[2024-11-25T09:13:28.697+0000] {processor.py:914} INFO - Processing file /home/airflow/.local/lib/python3.12/site-packages/airflow/example_dags/example_trigger_target_dag.py for tasks to queue
[2024-11-25T09:13:28.707+0000] {logging_mixin.py:190} INFO - [2024-11-25T09:13:28.705+0000] {dagbag.py:588} INFO - Filling up the DagBag from /home/airflow/.local/lib/python3.12/site-packages/airflow/example_dags/example_trigger_target_dag.py
[2024-11-25T09:13:28.719+0000] {processor.py:925} INFO - DAG(s) 'example_trigger_target_dag' retrieved from /home/airflow/.local/lib/python3.12/site-packages/airflow/example_dags/example_trigger_target_dag.py
[2024-11-25T09:13:28.747+0000] {logging_mixin.py:190} INFO - [2024-11-25T09:13:28.746+0000] {dag.py:3239} INFO - Sync 1 DAGs
[2024-11-25T09:13:28.764+0000] {logging_mixin.py:190} INFO - [2024-11-25T09:13:28.764+0000] {dag.py:4180} INFO - Setting next_dagrun for example_trigger_target_dag to None, run_after=None
[2024-11-25T09:13:28.783+0000] {processor.py:208} INFO - Processing /home/airflow/.local/lib/python3.12/site-packages/airflow/example_dags/example_trigger_target_dag.py took 0.096 seconds
[2024-11-25T09:13:59.656+0000] {processor.py:186} INFO - Started process (PID=19408) to work on /home/airflow/.local/lib/python3.12/site-packages/airflow/example_dags/example_trigger_target_dag.py
[2024-11-25T09:13:59.658+0000] {processor.py:914} INFO - Processing file /home/airflow/.local/lib/python3.12/site-packages/airflow/example_dags/example_trigger_target_dag.py for tasks to queue
[2024-11-25T09:13:59.662+0000] {logging_mixin.py:190} INFO - [2024-11-25T09:13:59.661+0000] {dagbag.py:588} INFO - Filling up the DagBag from /home/airflow/.local/lib/python3.12/site-packages/airflow/example_dags/example_trigger_target_dag.py
[2024-11-25T09:13:59.672+0000] {processor.py:925} INFO - DAG(s) 'example_trigger_target_dag' retrieved from /home/airflow/.local/lib/python3.12/site-packages/airflow/example_dags/example_trigger_target_dag.py
[2024-11-25T09:13:59.699+0000] {logging_mixin.py:190} INFO - [2024-11-25T09:13:59.699+0000] {dag.py:3239} INFO - Sync 1 DAGs
[2024-11-25T09:13:59.718+0000] {logging_mixin.py:190} INFO - [2024-11-25T09:13:59.717+0000] {dag.py:4180} INFO - Setting next_dagrun for example_trigger_target_dag to None, run_after=None
[2024-11-25T09:13:59.737+0000] {processor.py:208} INFO - Processing /home/airflow/.local/lib/python3.12/site-packages/airflow/example_dags/example_trigger_target_dag.py took 0.089 seconds
[2024-11-25T09:14:30.501+0000] {processor.py:186} INFO - Started process (PID=19709) to work on /home/airflow/.local/lib/python3.12/site-packages/airflow/example_dags/example_trigger_target_dag.py
[2024-11-25T09:14:30.502+0000] {processor.py:914} INFO - Processing file /home/airflow/.local/lib/python3.12/site-packages/airflow/example_dags/example_trigger_target_dag.py for tasks to queue
[2024-11-25T09:14:30.505+0000] {logging_mixin.py:190} INFO - [2024-11-25T09:14:30.504+0000] {dagbag.py:588} INFO - Filling up the DagBag from /home/airflow/.local/lib/python3.12/site-packages/airflow/example_dags/example_trigger_target_dag.py
[2024-11-25T09:14:30.514+0000] {processor.py:925} INFO - DAG(s) 'example_trigger_target_dag' retrieved from /home/airflow/.local/lib/python3.12/site-packages/airflow/example_dags/example_trigger_target_dag.py
[2024-11-25T09:14:30.539+0000] {logging_mixin.py:190} INFO - [2024-11-25T09:14:30.539+0000] {dag.py:3239} INFO - Sync 1 DAGs
[2024-11-25T09:14:30.554+0000] {logging_mixin.py:190} INFO - [2024-11-25T09:14:30.554+0000] {dag.py:4180} INFO - Setting next_dagrun for example_trigger_target_dag to None, run_after=None
[2024-11-25T09:14:30.575+0000] {processor.py:208} INFO - Processing /home/airflow/.local/lib/python3.12/site-packages/airflow/example_dags/example_trigger_target_dag.py took 0.081 seconds
[2024-11-25T09:15:01.941+0000] {processor.py:186} INFO - Started process (PID=20010) to work on /home/airflow/.local/lib/python3.12/site-packages/airflow/example_dags/example_trigger_target_dag.py
[2024-11-25T09:15:01.945+0000] {processor.py:914} INFO - Processing file /home/airflow/.local/lib/python3.12/site-packages/airflow/example_dags/example_trigger_target_dag.py for tasks to queue
[2024-11-25T09:15:01.951+0000] {logging_mixin.py:190} INFO - [2024-11-25T09:15:01.949+0000] {dagbag.py:588} INFO - Filling up the DagBag from /home/airflow/.local/lib/python3.12/site-packages/airflow/example_dags/example_trigger_target_dag.py
[2024-11-25T09:15:01.965+0000] {processor.py:925} INFO - DAG(s) 'example_trigger_target_dag' retrieved from /home/airflow/.local/lib/python3.12/site-packages/airflow/example_dags/example_trigger_target_dag.py
[2024-11-25T09:15:02.011+0000] {logging_mixin.py:190} INFO - [2024-11-25T09:15:02.009+0000] {dag.py:3239} INFO - Sync 1 DAGs
[2024-11-25T09:15:02.049+0000] {logging_mixin.py:190} INFO - [2024-11-25T09:15:02.049+0000] {dag.py:4180} INFO - Setting next_dagrun for example_trigger_target_dag to None, run_after=None
[2024-11-25T09:15:02.088+0000] {processor.py:208} INFO - Processing /home/airflow/.local/lib/python3.12/site-packages/airflow/example_dags/example_trigger_target_dag.py took 0.161 seconds
[2024-11-25T09:15:32.581+0000] {processor.py:186} INFO - Started process (PID=20316) to work on /home/airflow/.local/lib/python3.12/site-packages/airflow/example_dags/example_trigger_target_dag.py
[2024-11-25T09:15:32.583+0000] {processor.py:914} INFO - Processing file /home/airflow/.local/lib/python3.12/site-packages/airflow/example_dags/example_trigger_target_dag.py for tasks to queue
[2024-11-25T09:15:32.588+0000] {logging_mixin.py:190} INFO - [2024-11-25T09:15:32.588+0000] {dagbag.py:588} INFO - Filling up the DagBag from /home/airflow/.local/lib/python3.12/site-packages/airflow/example_dags/example_trigger_target_dag.py
[2024-11-25T09:15:32.604+0000] {processor.py:925} INFO - DAG(s) 'example_trigger_target_dag' retrieved from /home/airflow/.local/lib/python3.12/site-packages/airflow/example_dags/example_trigger_target_dag.py
[2024-11-25T09:15:32.645+0000] {logging_mixin.py:190} INFO - [2024-11-25T09:15:32.645+0000] {dag.py:3239} INFO - Sync 1 DAGs
[2024-11-25T09:15:32.669+0000] {logging_mixin.py:190} INFO - [2024-11-25T09:15:32.668+0000] {dag.py:4180} INFO - Setting next_dagrun for example_trigger_target_dag to None, run_after=None
[2024-11-25T09:15:32.698+0000] {processor.py:208} INFO - Processing /home/airflow/.local/lib/python3.12/site-packages/airflow/example_dags/example_trigger_target_dag.py took 0.126 seconds
[2024-11-25T09:16:04.070+0000] {processor.py:186} INFO - Started process (PID=20622) to work on /home/airflow/.local/lib/python3.12/site-packages/airflow/example_dags/example_trigger_target_dag.py
[2024-11-25T09:16:04.072+0000] {processor.py:914} INFO - Processing file /home/airflow/.local/lib/python3.12/site-packages/airflow/example_dags/example_trigger_target_dag.py for tasks to queue
[2024-11-25T09:16:04.076+0000] {logging_mixin.py:190} INFO - [2024-11-25T09:16:04.075+0000] {dagbag.py:588} INFO - Filling up the DagBag from /home/airflow/.local/lib/python3.12/site-packages/airflow/example_dags/example_trigger_target_dag.py
[2024-11-25T09:16:04.090+0000] {processor.py:925} INFO - DAG(s) 'example_trigger_target_dag' retrieved from /home/airflow/.local/lib/python3.12/site-packages/airflow/example_dags/example_trigger_target_dag.py
[2024-11-25T09:16:04.120+0000] {logging_mixin.py:190} INFO - [2024-11-25T09:16:04.119+0000] {dag.py:3239} INFO - Sync 1 DAGs
[2024-11-25T09:16:04.143+0000] {logging_mixin.py:190} INFO - [2024-11-25T09:16:04.143+0000] {dag.py:4180} INFO - Setting next_dagrun for example_trigger_target_dag to None, run_after=None
[2024-11-25T09:16:04.187+0000] {processor.py:208} INFO - Processing /home/airflow/.local/lib/python3.12/site-packages/airflow/example_dags/example_trigger_target_dag.py took 0.125 seconds
[2024-11-25T09:16:37.650+0000] {processor.py:186} INFO - Started process (PID=20948) to work on /home/airflow/.local/lib/python3.12/site-packages/airflow/example_dags/example_trigger_target_dag.py
[2024-11-25T09:16:37.652+0000] {processor.py:914} INFO - Processing file /home/airflow/.local/lib/python3.12/site-packages/airflow/example_dags/example_trigger_target_dag.py for tasks to queue
[2024-11-25T09:16:37.657+0000] {logging_mixin.py:190} INFO - [2024-11-25T09:16:37.656+0000] {dagbag.py:588} INFO - Filling up the DagBag from /home/airflow/.local/lib/python3.12/site-packages/airflow/example_dags/example_trigger_target_dag.py
[2024-11-25T09:16:37.669+0000] {processor.py:925} INFO - DAG(s) 'example_trigger_target_dag' retrieved from /home/airflow/.local/lib/python3.12/site-packages/airflow/example_dags/example_trigger_target_dag.py
[2024-11-25T09:16:37.708+0000] {logging_mixin.py:190} INFO - [2024-11-25T09:16:37.708+0000] {dag.py:3239} INFO - Sync 1 DAGs
[2024-11-25T09:16:37.759+0000] {logging_mixin.py:190} INFO - [2024-11-25T09:16:37.758+0000] {dag.py:4180} INFO - Setting next_dagrun for example_trigger_target_dag to None, run_after=None
[2024-11-25T09:16:37.844+0000] {processor.py:208} INFO - Processing /home/airflow/.local/lib/python3.12/site-packages/airflow/example_dags/example_trigger_target_dag.py took 0.203 seconds
[2024-11-25T09:17:08.437+0000] {processor.py:186} INFO - Started process (PID=21259) to work on /home/airflow/.local/lib/python3.12/site-packages/airflow/example_dags/example_trigger_target_dag.py
[2024-11-25T09:17:08.440+0000] {processor.py:914} INFO - Processing file /home/airflow/.local/lib/python3.12/site-packages/airflow/example_dags/example_trigger_target_dag.py for tasks to queue
[2024-11-25T09:17:08.446+0000] {logging_mixin.py:190} INFO - [2024-11-25T09:17:08.445+0000] {dagbag.py:588} INFO - Filling up the DagBag from /home/airflow/.local/lib/python3.12/site-packages/airflow/example_dags/example_trigger_target_dag.py
[2024-11-25T09:17:08.466+0000] {processor.py:925} INFO - DAG(s) 'example_trigger_target_dag' retrieved from /home/airflow/.local/lib/python3.12/site-packages/airflow/example_dags/example_trigger_target_dag.py
[2024-11-25T09:17:08.503+0000] {logging_mixin.py:190} INFO - [2024-11-25T09:17:08.502+0000] {dag.py:3239} INFO - Sync 1 DAGs
[2024-11-25T09:17:08.532+0000] {logging_mixin.py:190} INFO - [2024-11-25T09:17:08.531+0000] {dag.py:4180} INFO - Setting next_dagrun for example_trigger_target_dag to None, run_after=None
[2024-11-25T09:17:08.569+0000] {processor.py:208} INFO - Processing /home/airflow/.local/lib/python3.12/site-packages/airflow/example_dags/example_trigger_target_dag.py took 0.144 seconds
[2024-11-25T09:17:38.651+0000] {processor.py:186} INFO - Started process (PID=21560) to work on /home/airflow/.local/lib/python3.12/site-packages/airflow/example_dags/example_trigger_target_dag.py
[2024-11-25T09:17:38.652+0000] {processor.py:914} INFO - Processing file /home/airflow/.local/lib/python3.12/site-packages/airflow/example_dags/example_trigger_target_dag.py for tasks to queue
[2024-11-25T09:17:38.654+0000] {logging_mixin.py:190} INFO - [2024-11-25T09:17:38.654+0000] {dagbag.py:588} INFO - Filling up the DagBag from /home/airflow/.local/lib/python3.12/site-packages/airflow/example_dags/example_trigger_target_dag.py
[2024-11-25T09:17:38.661+0000] {processor.py:925} INFO - DAG(s) 'example_trigger_target_dag' retrieved from /home/airflow/.local/lib/python3.12/site-packages/airflow/example_dags/example_trigger_target_dag.py
[2024-11-25T09:17:38.695+0000] {logging_mixin.py:190} INFO - [2024-11-25T09:17:38.695+0000] {dag.py:3239} INFO - Sync 1 DAGs
[2024-11-25T09:17:38.713+0000] {logging_mixin.py:190} INFO - [2024-11-25T09:17:38.712+0000] {dag.py:4180} INFO - Setting next_dagrun for example_trigger_target_dag to None, run_after=None
[2024-11-25T09:17:38.736+0000] {processor.py:208} INFO - Processing /home/airflow/.local/lib/python3.12/site-packages/airflow/example_dags/example_trigger_target_dag.py took 0.094 seconds
[2024-11-25T09:18:10.177+0000] {processor.py:186} INFO - Started process (PID=21861) to work on /home/airflow/.local/lib/python3.12/site-packages/airflow/example_dags/example_trigger_target_dag.py
[2024-11-25T09:18:10.178+0000] {processor.py:914} INFO - Processing file /home/airflow/.local/lib/python3.12/site-packages/airflow/example_dags/example_trigger_target_dag.py for tasks to queue
[2024-11-25T09:18:10.181+0000] {logging_mixin.py:190} INFO - [2024-11-25T09:18:10.180+0000] {dagbag.py:588} INFO - Filling up the DagBag from /home/airflow/.local/lib/python3.12/site-packages/airflow/example_dags/example_trigger_target_dag.py
[2024-11-25T09:18:10.189+0000] {processor.py:925} INFO - DAG(s) 'example_trigger_target_dag' retrieved from /home/airflow/.local/lib/python3.12/site-packages/airflow/example_dags/example_trigger_target_dag.py
[2024-11-25T09:18:10.224+0000] {logging_mixin.py:190} INFO - [2024-11-25T09:18:10.223+0000] {dag.py:3239} INFO - Sync 1 DAGs
[2024-11-25T09:18:10.295+0000] {logging_mixin.py:190} INFO - [2024-11-25T09:18:10.292+0000] {dag.py:4180} INFO - Setting next_dagrun for example_trigger_target_dag to None, run_after=None
[2024-11-25T09:18:10.329+0000] {processor.py:208} INFO - Processing /home/airflow/.local/lib/python3.12/site-packages/airflow/example_dags/example_trigger_target_dag.py took 0.159 seconds
[2024-11-25T09:18:40.419+0000] {processor.py:186} INFO - Started process (PID=22162) to work on /home/airflow/.local/lib/python3.12/site-packages/airflow/example_dags/example_trigger_target_dag.py
[2024-11-25T09:18:40.420+0000] {processor.py:914} INFO - Processing file /home/airflow/.local/lib/python3.12/site-packages/airflow/example_dags/example_trigger_target_dag.py for tasks to queue
[2024-11-25T09:18:40.423+0000] {logging_mixin.py:190} INFO - [2024-11-25T09:18:40.422+0000] {dagbag.py:588} INFO - Filling up the DagBag from /home/airflow/.local/lib/python3.12/site-packages/airflow/example_dags/example_trigger_target_dag.py
[2024-11-25T09:18:40.431+0000] {processor.py:925} INFO - DAG(s) 'example_trigger_target_dag' retrieved from /home/airflow/.local/lib/python3.12/site-packages/airflow/example_dags/example_trigger_target_dag.py
[2024-11-25T09:18:40.455+0000] {logging_mixin.py:190} INFO - [2024-11-25T09:18:40.455+0000] {dag.py:3239} INFO - Sync 1 DAGs
[2024-11-25T09:18:40.475+0000] {logging_mixin.py:190} INFO - [2024-11-25T09:18:40.474+0000] {dag.py:4180} INFO - Setting next_dagrun for example_trigger_target_dag to None, run_after=None
[2024-11-25T09:18:40.501+0000] {processor.py:208} INFO - Processing /home/airflow/.local/lib/python3.12/site-packages/airflow/example_dags/example_trigger_target_dag.py took 0.088 seconds
