[2024-11-25T08:41:26.398+0000] {processor.py:186} INFO - Started process (PID=249) to work on /home/airflow/.local/lib/python3.12/site-packages/airflow/example_dags/example_python_decorator.py
[2024-11-25T08:41:26.400+0000] {processor.py:914} INFO - Processing file /home/airflow/.local/lib/python3.12/site-packages/airflow/example_dags/example_python_decorator.py for tasks to queue
[2024-11-25T08:41:26.402+0000] {logging_mixin.py:190} INFO - [2024-11-25T08:41:26.402+0000] {dagbag.py:588} INFO - Filling up the DagBag from /home/airflow/.local/lib/python3.12/site-packages/airflow/example_dags/example_python_decorator.py
[2024-11-25T08:41:26.439+0000] {processor.py:925} INFO - DAG(s) 'example_python_decorator' retrieved from /home/airflow/.local/lib/python3.12/site-packages/airflow/example_dags/example_python_decorator.py
[2024-11-25T08:41:26.570+0000] {logging_mixin.py:190} INFO - [2024-11-25T08:41:26.569+0000] {override.py:1911} INFO - Created Permission View: can edit on DAG:example_python_decorator
[2024-11-25T08:41:26.583+0000] {logging_mixin.py:190} INFO - [2024-11-25T08:41:26.582+0000] {override.py:1911} INFO - Created Permission View: can delete on DAG:example_python_decorator
[2024-11-25T08:41:26.591+0000] {logging_mixin.py:190} INFO - [2024-11-25T08:41:26.591+0000] {override.py:1911} INFO - Created Permission View: can read on DAG:example_python_decorator
[2024-11-25T08:41:26.600+0000] {logging_mixin.py:190} INFO - [2024-11-25T08:41:26.600+0000] {override.py:1911} INFO - Created Permission View: can create on DAG Run:example_python_decorator
[2024-11-25T08:41:26.612+0000] {logging_mixin.py:190} INFO - [2024-11-25T08:41:26.612+0000] {override.py:1911} INFO - Created Permission View: can delete on DAG Run:example_python_decorator
[2024-11-25T08:41:26.623+0000] {logging_mixin.py:190} INFO - [2024-11-25T08:41:26.623+0000] {override.py:1911} INFO - Created Permission View: menu access on DAG Run:example_python_decorator
[2024-11-25T08:41:26.636+0000] {logging_mixin.py:190} INFO - [2024-11-25T08:41:26.636+0000] {override.py:1911} INFO - Created Permission View: can read on DAG Run:example_python_decorator
[2024-11-25T08:41:26.637+0000] {logging_mixin.py:190} INFO - [2024-11-25T08:41:26.637+0000] {dag.py:3239} INFO - Sync 1 DAGs
[2024-11-25T08:41:26.662+0000] {logging_mixin.py:190} INFO - [2024-11-25T08:41:26.661+0000] {dag.py:3262} INFO - Creating ORM DAG for example_python_decorator
[2024-11-25T08:41:26.664+0000] {logging_mixin.py:190} INFO - [2024-11-25T08:41:26.663+0000] {dag.py:4180} INFO - Setting next_dagrun for example_python_decorator to None, run_after=None
[2024-11-25T08:41:26.691+0000] {processor.py:208} INFO - Processing /home/airflow/.local/lib/python3.12/site-packages/airflow/example_dags/example_python_decorator.py took 0.300 seconds
[2024-11-25T08:41:56.840+0000] {processor.py:186} INFO - Started process (PID=551) to work on /home/airflow/.local/lib/python3.12/site-packages/airflow/example_dags/example_python_decorator.py
[2024-11-25T08:41:56.841+0000] {processor.py:914} INFO - Processing file /home/airflow/.local/lib/python3.12/site-packages/airflow/example_dags/example_python_decorator.py for tasks to queue
[2024-11-25T08:41:56.846+0000] {logging_mixin.py:190} INFO - [2024-11-25T08:41:56.845+0000] {dagbag.py:588} INFO - Filling up the DagBag from /home/airflow/.local/lib/python3.12/site-packages/airflow/example_dags/example_python_decorator.py
[2024-11-25T08:41:56.864+0000] {processor.py:925} INFO - DAG(s) 'example_python_decorator' retrieved from /home/airflow/.local/lib/python3.12/site-packages/airflow/example_dags/example_python_decorator.py
[2024-11-25T08:41:56.904+0000] {logging_mixin.py:190} INFO - [2024-11-25T08:41:56.904+0000] {dag.py:3239} INFO - Sync 1 DAGs
[2024-11-25T08:41:56.928+0000] {logging_mixin.py:190} INFO - [2024-11-25T08:41:56.928+0000] {dag.py:4180} INFO - Setting next_dagrun for example_python_decorator to None, run_after=None
[2024-11-25T08:41:56.958+0000] {processor.py:208} INFO - Processing /home/airflow/.local/lib/python3.12/site-packages/airflow/example_dags/example_python_decorator.py took 0.125 seconds
[2024-11-25T08:42:27.147+0000] {processor.py:186} INFO - Started process (PID=851) to work on /home/airflow/.local/lib/python3.12/site-packages/airflow/example_dags/example_python_decorator.py
[2024-11-25T08:42:27.148+0000] {processor.py:914} INFO - Processing file /home/airflow/.local/lib/python3.12/site-packages/airflow/example_dags/example_python_decorator.py for tasks to queue
[2024-11-25T08:42:27.151+0000] {logging_mixin.py:190} INFO - [2024-11-25T08:42:27.150+0000] {dagbag.py:588} INFO - Filling up the DagBag from /home/airflow/.local/lib/python3.12/site-packages/airflow/example_dags/example_python_decorator.py
[2024-11-25T08:42:27.168+0000] {processor.py:925} INFO - DAG(s) 'example_python_decorator' retrieved from /home/airflow/.local/lib/python3.12/site-packages/airflow/example_dags/example_python_decorator.py
[2024-11-25T08:42:27.191+0000] {logging_mixin.py:190} INFO - [2024-11-25T08:42:27.191+0000] {dag.py:3239} INFO - Sync 1 DAGs
[2024-11-25T08:42:27.205+0000] {logging_mixin.py:190} INFO - [2024-11-25T08:42:27.204+0000] {dag.py:4180} INFO - Setting next_dagrun for example_python_decorator to None, run_after=None
[2024-11-25T08:42:27.223+0000] {processor.py:208} INFO - Processing /home/airflow/.local/lib/python3.12/site-packages/airflow/example_dags/example_python_decorator.py took 0.082 seconds
[2024-11-25T08:42:58.049+0000] {processor.py:186} INFO - Started process (PID=1160) to work on /home/airflow/.local/lib/python3.12/site-packages/airflow/example_dags/example_python_decorator.py
[2024-11-25T08:42:58.051+0000] {processor.py:914} INFO - Processing file /home/airflow/.local/lib/python3.12/site-packages/airflow/example_dags/example_python_decorator.py for tasks to queue
[2024-11-25T08:42:58.054+0000] {logging_mixin.py:190} INFO - [2024-11-25T08:42:58.054+0000] {dagbag.py:588} INFO - Filling up the DagBag from /home/airflow/.local/lib/python3.12/site-packages/airflow/example_dags/example_python_decorator.py
[2024-11-25T08:42:58.080+0000] {processor.py:925} INFO - DAG(s) 'example_python_decorator' retrieved from /home/airflow/.local/lib/python3.12/site-packages/airflow/example_dags/example_python_decorator.py
[2024-11-25T08:42:58.118+0000] {logging_mixin.py:190} INFO - [2024-11-25T08:42:58.118+0000] {dag.py:3239} INFO - Sync 1 DAGs
[2024-11-25T08:42:58.140+0000] {logging_mixin.py:190} INFO - [2024-11-25T08:42:58.139+0000] {dag.py:4180} INFO - Setting next_dagrun for example_python_decorator to None, run_after=None
[2024-11-25T08:42:58.165+0000] {processor.py:208} INFO - Processing /home/airflow/.local/lib/python3.12/site-packages/airflow/example_dags/example_python_decorator.py took 0.123 seconds
[2024-11-25T08:43:28.246+0000] {processor.py:186} INFO - Started process (PID=1459) to work on /home/airflow/.local/lib/python3.12/site-packages/airflow/example_dags/example_python_decorator.py
[2024-11-25T08:43:28.247+0000] {processor.py:914} INFO - Processing file /home/airflow/.local/lib/python3.12/site-packages/airflow/example_dags/example_python_decorator.py for tasks to queue
[2024-11-25T08:43:28.250+0000] {logging_mixin.py:190} INFO - [2024-11-25T08:43:28.249+0000] {dagbag.py:588} INFO - Filling up the DagBag from /home/airflow/.local/lib/python3.12/site-packages/airflow/example_dags/example_python_decorator.py
[2024-11-25T08:43:28.265+0000] {processor.py:925} INFO - DAG(s) 'example_python_decorator' retrieved from /home/airflow/.local/lib/python3.12/site-packages/airflow/example_dags/example_python_decorator.py
[2024-11-25T08:43:28.291+0000] {logging_mixin.py:190} INFO - [2024-11-25T08:43:28.290+0000] {dag.py:3239} INFO - Sync 1 DAGs
[2024-11-25T08:43:28.308+0000] {logging_mixin.py:190} INFO - [2024-11-25T08:43:28.307+0000] {dag.py:4180} INFO - Setting next_dagrun for example_python_decorator to None, run_after=None
[2024-11-25T08:43:28.327+0000] {processor.py:208} INFO - Processing /home/airflow/.local/lib/python3.12/site-packages/airflow/example_dags/example_python_decorator.py took 0.087 seconds
[2024-11-25T08:43:59.192+0000] {processor.py:186} INFO - Started process (PID=1761) to work on /home/airflow/.local/lib/python3.12/site-packages/airflow/example_dags/example_python_decorator.py
[2024-11-25T08:43:59.194+0000] {processor.py:914} INFO - Processing file /home/airflow/.local/lib/python3.12/site-packages/airflow/example_dags/example_python_decorator.py for tasks to queue
[2024-11-25T08:43:59.199+0000] {logging_mixin.py:190} INFO - [2024-11-25T08:43:59.199+0000] {dagbag.py:588} INFO - Filling up the DagBag from /home/airflow/.local/lib/python3.12/site-packages/airflow/example_dags/example_python_decorator.py
[2024-11-25T08:43:59.231+0000] {processor.py:925} INFO - DAG(s) 'example_python_decorator' retrieved from /home/airflow/.local/lib/python3.12/site-packages/airflow/example_dags/example_python_decorator.py
[2024-11-25T08:43:59.262+0000] {logging_mixin.py:190} INFO - [2024-11-25T08:43:59.261+0000] {dag.py:3239} INFO - Sync 1 DAGs
[2024-11-25T08:43:59.276+0000] {logging_mixin.py:190} INFO - [2024-11-25T08:43:59.276+0000] {dag.py:4180} INFO - Setting next_dagrun for example_python_decorator to None, run_after=None
[2024-11-25T08:43:59.293+0000] {processor.py:208} INFO - Processing /home/airflow/.local/lib/python3.12/site-packages/airflow/example_dags/example_python_decorator.py took 0.115 seconds
[2024-11-25T08:44:29.944+0000] {processor.py:186} INFO - Started process (PID=2062) to work on /home/airflow/.local/lib/python3.12/site-packages/airflow/example_dags/example_python_decorator.py
[2024-11-25T08:44:29.945+0000] {processor.py:914} INFO - Processing file /home/airflow/.local/lib/python3.12/site-packages/airflow/example_dags/example_python_decorator.py for tasks to queue
[2024-11-25T08:44:29.948+0000] {logging_mixin.py:190} INFO - [2024-11-25T08:44:29.947+0000] {dagbag.py:588} INFO - Filling up the DagBag from /home/airflow/.local/lib/python3.12/site-packages/airflow/example_dags/example_python_decorator.py
[2024-11-25T08:44:29.962+0000] {processor.py:925} INFO - DAG(s) 'example_python_decorator' retrieved from /home/airflow/.local/lib/python3.12/site-packages/airflow/example_dags/example_python_decorator.py
[2024-11-25T08:44:29.985+0000] {logging_mixin.py:190} INFO - [2024-11-25T08:44:29.984+0000] {dag.py:3239} INFO - Sync 1 DAGs
[2024-11-25T08:44:29.998+0000] {logging_mixin.py:190} INFO - [2024-11-25T08:44:29.998+0000] {dag.py:4180} INFO - Setting next_dagrun for example_python_decorator to None, run_after=None
[2024-11-25T08:44:30.018+0000] {processor.py:208} INFO - Processing /home/airflow/.local/lib/python3.12/site-packages/airflow/example_dags/example_python_decorator.py took 0.082 seconds
[2024-11-25T08:45:00.972+0000] {processor.py:186} INFO - Started process (PID=2363) to work on /home/airflow/.local/lib/python3.12/site-packages/airflow/example_dags/example_python_decorator.py
[2024-11-25T08:45:00.974+0000] {processor.py:914} INFO - Processing file /home/airflow/.local/lib/python3.12/site-packages/airflow/example_dags/example_python_decorator.py for tasks to queue
[2024-11-25T08:45:00.976+0000] {logging_mixin.py:190} INFO - [2024-11-25T08:45:00.976+0000] {dagbag.py:588} INFO - Filling up the DagBag from /home/airflow/.local/lib/python3.12/site-packages/airflow/example_dags/example_python_decorator.py
[2024-11-25T08:45:00.990+0000] {processor.py:925} INFO - DAG(s) 'example_python_decorator' retrieved from /home/airflow/.local/lib/python3.12/site-packages/airflow/example_dags/example_python_decorator.py
[2024-11-25T08:45:01.015+0000] {logging_mixin.py:190} INFO - [2024-11-25T08:45:01.015+0000] {dag.py:3239} INFO - Sync 1 DAGs
[2024-11-25T08:45:01.030+0000] {logging_mixin.py:190} INFO - [2024-11-25T08:45:01.029+0000] {dag.py:4180} INFO - Setting next_dagrun for example_python_decorator to None, run_after=None
[2024-11-25T08:45:01.046+0000] {processor.py:208} INFO - Processing /home/airflow/.local/lib/python3.12/site-packages/airflow/example_dags/example_python_decorator.py took 0.080 seconds
[2024-11-25T08:45:31.532+0000] {processor.py:186} INFO - Started process (PID=2664) to work on /home/airflow/.local/lib/python3.12/site-packages/airflow/example_dags/example_python_decorator.py
[2024-11-25T08:45:31.533+0000] {processor.py:914} INFO - Processing file /home/airflow/.local/lib/python3.12/site-packages/airflow/example_dags/example_python_decorator.py for tasks to queue
[2024-11-25T08:45:31.536+0000] {logging_mixin.py:190} INFO - [2024-11-25T08:45:31.535+0000] {dagbag.py:588} INFO - Filling up the DagBag from /home/airflow/.local/lib/python3.12/site-packages/airflow/example_dags/example_python_decorator.py
[2024-11-25T08:45:31.558+0000] {processor.py:925} INFO - DAG(s) 'example_python_decorator' retrieved from /home/airflow/.local/lib/python3.12/site-packages/airflow/example_dags/example_python_decorator.py
[2024-11-25T08:45:31.595+0000] {logging_mixin.py:190} INFO - [2024-11-25T08:45:31.594+0000] {dag.py:3239} INFO - Sync 1 DAGs
[2024-11-25T08:45:31.611+0000] {logging_mixin.py:190} INFO - [2024-11-25T08:45:31.610+0000] {dag.py:4180} INFO - Setting next_dagrun for example_python_decorator to None, run_after=None
[2024-11-25T08:45:31.630+0000] {processor.py:208} INFO - Processing /home/airflow/.local/lib/python3.12/site-packages/airflow/example_dags/example_python_decorator.py took 0.106 seconds
[2024-11-25T08:46:02.012+0000] {processor.py:186} INFO - Started process (PID=2967) to work on /home/airflow/.local/lib/python3.12/site-packages/airflow/example_dags/example_python_decorator.py
[2024-11-25T08:46:02.013+0000] {processor.py:914} INFO - Processing file /home/airflow/.local/lib/python3.12/site-packages/airflow/example_dags/example_python_decorator.py for tasks to queue
[2024-11-25T08:46:02.016+0000] {logging_mixin.py:190} INFO - [2024-11-25T08:46:02.015+0000] {dagbag.py:588} INFO - Filling up the DagBag from /home/airflow/.local/lib/python3.12/site-packages/airflow/example_dags/example_python_decorator.py
[2024-11-25T08:46:02.033+0000] {processor.py:925} INFO - DAG(s) 'example_python_decorator' retrieved from /home/airflow/.local/lib/python3.12/site-packages/airflow/example_dags/example_python_decorator.py
[2024-11-25T08:46:02.063+0000] {logging_mixin.py:190} INFO - [2024-11-25T08:46:02.062+0000] {dag.py:3239} INFO - Sync 1 DAGs
[2024-11-25T08:46:02.084+0000] {logging_mixin.py:190} INFO - [2024-11-25T08:46:02.084+0000] {dag.py:4180} INFO - Setting next_dagrun for example_python_decorator to None, run_after=None
[2024-11-25T08:46:02.109+0000] {processor.py:208} INFO - Processing /home/airflow/.local/lib/python3.12/site-packages/airflow/example_dags/example_python_decorator.py took 0.102 seconds
[2024-11-25T08:46:33.126+0000] {processor.py:186} INFO - Started process (PID=3266) to work on /home/airflow/.local/lib/python3.12/site-packages/airflow/example_dags/example_python_decorator.py
[2024-11-25T08:46:33.129+0000] {processor.py:914} INFO - Processing file /home/airflow/.local/lib/python3.12/site-packages/airflow/example_dags/example_python_decorator.py for tasks to queue
[2024-11-25T08:46:33.137+0000] {logging_mixin.py:190} INFO - [2024-11-25T08:46:33.135+0000] {dagbag.py:588} INFO - Filling up the DagBag from /home/airflow/.local/lib/python3.12/site-packages/airflow/example_dags/example_python_decorator.py
[2024-11-25T08:46:33.213+0000] {processor.py:925} INFO - DAG(s) 'example_python_decorator' retrieved from /home/airflow/.local/lib/python3.12/site-packages/airflow/example_dags/example_python_decorator.py
[2024-11-25T08:46:33.349+0000] {logging_mixin.py:190} INFO - [2024-11-25T08:46:33.348+0000] {dag.py:3239} INFO - Sync 1 DAGs
[2024-11-25T08:46:33.405+0000] {logging_mixin.py:190} INFO - [2024-11-25T08:46:33.404+0000] {dag.py:4180} INFO - Setting next_dagrun for example_python_decorator to None, run_after=None
[2024-11-25T08:46:33.457+0000] {processor.py:208} INFO - Processing /home/airflow/.local/lib/python3.12/site-packages/airflow/example_dags/example_python_decorator.py took 0.350 seconds
[2024-11-25T08:47:03.715+0000] {processor.py:186} INFO - Started process (PID=3570) to work on /home/airflow/.local/lib/python3.12/site-packages/airflow/example_dags/example_python_decorator.py
[2024-11-25T08:47:03.716+0000] {processor.py:914} INFO - Processing file /home/airflow/.local/lib/python3.12/site-packages/airflow/example_dags/example_python_decorator.py for tasks to queue
[2024-11-25T08:47:03.719+0000] {logging_mixin.py:190} INFO - [2024-11-25T08:47:03.718+0000] {dagbag.py:588} INFO - Filling up the DagBag from /home/airflow/.local/lib/python3.12/site-packages/airflow/example_dags/example_python_decorator.py
[2024-11-25T08:47:03.734+0000] {processor.py:925} INFO - DAG(s) 'example_python_decorator' retrieved from /home/airflow/.local/lib/python3.12/site-packages/airflow/example_dags/example_python_decorator.py
[2024-11-25T08:47:03.759+0000] {logging_mixin.py:190} INFO - [2024-11-25T08:47:03.759+0000] {dag.py:3239} INFO - Sync 1 DAGs
[2024-11-25T08:47:03.777+0000] {logging_mixin.py:190} INFO - [2024-11-25T08:47:03.777+0000] {dag.py:4180} INFO - Setting next_dagrun for example_python_decorator to None, run_after=None
[2024-11-25T08:47:03.796+0000] {processor.py:208} INFO - Processing /home/airflow/.local/lib/python3.12/site-packages/airflow/example_dags/example_python_decorator.py took 0.087 seconds
[2024-11-25T08:47:34.248+0000] {processor.py:186} INFO - Started process (PID=3869) to work on /home/airflow/.local/lib/python3.12/site-packages/airflow/example_dags/example_python_decorator.py
[2024-11-25T08:47:34.249+0000] {processor.py:914} INFO - Processing file /home/airflow/.local/lib/python3.12/site-packages/airflow/example_dags/example_python_decorator.py for tasks to queue
[2024-11-25T08:47:34.252+0000] {logging_mixin.py:190} INFO - [2024-11-25T08:47:34.252+0000] {dagbag.py:588} INFO - Filling up the DagBag from /home/airflow/.local/lib/python3.12/site-packages/airflow/example_dags/example_python_decorator.py
[2024-11-25T08:47:34.275+0000] {processor.py:925} INFO - DAG(s) 'example_python_decorator' retrieved from /home/airflow/.local/lib/python3.12/site-packages/airflow/example_dags/example_python_decorator.py
[2024-11-25T08:47:34.304+0000] {logging_mixin.py:190} INFO - [2024-11-25T08:47:34.303+0000] {dag.py:3239} INFO - Sync 1 DAGs
[2024-11-25T08:47:34.321+0000] {logging_mixin.py:190} INFO - [2024-11-25T08:47:34.321+0000] {dag.py:4180} INFO - Setting next_dagrun for example_python_decorator to None, run_after=None
[2024-11-25T08:47:34.346+0000] {processor.py:208} INFO - Processing /home/airflow/.local/lib/python3.12/site-packages/airflow/example_dags/example_python_decorator.py took 0.105 seconds
[2024-11-25T08:48:05.168+0000] {processor.py:186} INFO - Started process (PID=4172) to work on /home/airflow/.local/lib/python3.12/site-packages/airflow/example_dags/example_python_decorator.py
[2024-11-25T08:48:05.169+0000] {processor.py:914} INFO - Processing file /home/airflow/.local/lib/python3.12/site-packages/airflow/example_dags/example_python_decorator.py for tasks to queue
[2024-11-25T08:48:05.172+0000] {logging_mixin.py:190} INFO - [2024-11-25T08:48:05.172+0000] {dagbag.py:588} INFO - Filling up the DagBag from /home/airflow/.local/lib/python3.12/site-packages/airflow/example_dags/example_python_decorator.py
[2024-11-25T08:48:05.187+0000] {processor.py:925} INFO - DAG(s) 'example_python_decorator' retrieved from /home/airflow/.local/lib/python3.12/site-packages/airflow/example_dags/example_python_decorator.py
[2024-11-25T08:48:05.214+0000] {logging_mixin.py:190} INFO - [2024-11-25T08:48:05.214+0000] {dag.py:3239} INFO - Sync 1 DAGs
[2024-11-25T08:48:05.233+0000] {logging_mixin.py:190} INFO - [2024-11-25T08:48:05.233+0000] {dag.py:4180} INFO - Setting next_dagrun for example_python_decorator to None, run_after=None
[2024-11-25T08:48:05.257+0000] {processor.py:208} INFO - Processing /home/airflow/.local/lib/python3.12/site-packages/airflow/example_dags/example_python_decorator.py took 0.096 seconds
[2024-11-25T08:48:35.494+0000] {processor.py:186} INFO - Started process (PID=4471) to work on /home/airflow/.local/lib/python3.12/site-packages/airflow/example_dags/example_python_decorator.py
[2024-11-25T08:48:35.496+0000] {processor.py:914} INFO - Processing file /home/airflow/.local/lib/python3.12/site-packages/airflow/example_dags/example_python_decorator.py for tasks to queue
[2024-11-25T08:48:35.500+0000] {logging_mixin.py:190} INFO - [2024-11-25T08:48:35.499+0000] {dagbag.py:588} INFO - Filling up the DagBag from /home/airflow/.local/lib/python3.12/site-packages/airflow/example_dags/example_python_decorator.py
[2024-11-25T08:48:35.533+0000] {processor.py:925} INFO - DAG(s) 'example_python_decorator' retrieved from /home/airflow/.local/lib/python3.12/site-packages/airflow/example_dags/example_python_decorator.py
[2024-11-25T08:48:35.583+0000] {logging_mixin.py:190} INFO - [2024-11-25T08:48:35.583+0000] {dag.py:3239} INFO - Sync 1 DAGs
[2024-11-25T08:48:35.613+0000] {logging_mixin.py:190} INFO - [2024-11-25T08:48:35.613+0000] {dag.py:4180} INFO - Setting next_dagrun for example_python_decorator to None, run_after=None
[2024-11-25T08:48:35.651+0000] {processor.py:208} INFO - Processing /home/airflow/.local/lib/python3.12/site-packages/airflow/example_dags/example_python_decorator.py took 0.167 seconds
[2024-11-25T08:49:05.943+0000] {processor.py:186} INFO - Started process (PID=4774) to work on /home/airflow/.local/lib/python3.12/site-packages/airflow/example_dags/example_python_decorator.py
[2024-11-25T08:49:05.944+0000] {processor.py:914} INFO - Processing file /home/airflow/.local/lib/python3.12/site-packages/airflow/example_dags/example_python_decorator.py for tasks to queue
[2024-11-25T08:49:05.947+0000] {logging_mixin.py:190} INFO - [2024-11-25T08:49:05.947+0000] {dagbag.py:588} INFO - Filling up the DagBag from /home/airflow/.local/lib/python3.12/site-packages/airflow/example_dags/example_python_decorator.py
[2024-11-25T08:49:05.962+0000] {processor.py:925} INFO - DAG(s) 'example_python_decorator' retrieved from /home/airflow/.local/lib/python3.12/site-packages/airflow/example_dags/example_python_decorator.py
[2024-11-25T08:49:05.995+0000] {logging_mixin.py:190} INFO - [2024-11-25T08:49:05.994+0000] {dag.py:3239} INFO - Sync 1 DAGs
[2024-11-25T08:49:06.017+0000] {logging_mixin.py:190} INFO - [2024-11-25T08:49:06.017+0000] {dag.py:4180} INFO - Setting next_dagrun for example_python_decorator to None, run_after=None
[2024-11-25T08:49:06.046+0000] {processor.py:208} INFO - Processing /home/airflow/.local/lib/python3.12/site-packages/airflow/example_dags/example_python_decorator.py took 0.111 seconds
[2024-11-25T08:49:36.513+0000] {processor.py:186} INFO - Started process (PID=5075) to work on /home/airflow/.local/lib/python3.12/site-packages/airflow/example_dags/example_python_decorator.py
[2024-11-25T08:49:36.514+0000] {processor.py:914} INFO - Processing file /home/airflow/.local/lib/python3.12/site-packages/airflow/example_dags/example_python_decorator.py for tasks to queue
[2024-11-25T08:49:36.517+0000] {logging_mixin.py:190} INFO - [2024-11-25T08:49:36.516+0000] {dagbag.py:588} INFO - Filling up the DagBag from /home/airflow/.local/lib/python3.12/site-packages/airflow/example_dags/example_python_decorator.py
[2024-11-25T08:49:36.530+0000] {processor.py:925} INFO - DAG(s) 'example_python_decorator' retrieved from /home/airflow/.local/lib/python3.12/site-packages/airflow/example_dags/example_python_decorator.py
[2024-11-25T08:49:36.566+0000] {logging_mixin.py:190} INFO - [2024-11-25T08:49:36.566+0000] {dag.py:3239} INFO - Sync 1 DAGs
[2024-11-25T08:49:36.589+0000] {logging_mixin.py:190} INFO - [2024-11-25T08:49:36.589+0000] {dag.py:4180} INFO - Setting next_dagrun for example_python_decorator to None, run_after=None
[2024-11-25T08:49:36.617+0000] {processor.py:208} INFO - Processing /home/airflow/.local/lib/python3.12/site-packages/airflow/example_dags/example_python_decorator.py took 0.109 seconds
[2024-11-25T08:50:07.288+0000] {processor.py:186} INFO - Started process (PID=5369) to work on /home/airflow/.local/lib/python3.12/site-packages/airflow/example_dags/example_python_decorator.py
[2024-11-25T08:50:07.290+0000] {processor.py:914} INFO - Processing file /home/airflow/.local/lib/python3.12/site-packages/airflow/example_dags/example_python_decorator.py for tasks to queue
[2024-11-25T08:50:07.298+0000] {logging_mixin.py:190} INFO - [2024-11-25T08:50:07.297+0000] {dagbag.py:588} INFO - Filling up the DagBag from /home/airflow/.local/lib/python3.12/site-packages/airflow/example_dags/example_python_decorator.py
[2024-11-25T08:50:07.353+0000] {processor.py:925} INFO - DAG(s) 'example_python_decorator' retrieved from /home/airflow/.local/lib/python3.12/site-packages/airflow/example_dags/example_python_decorator.py
[2024-11-25T08:50:07.445+0000] {logging_mixin.py:190} INFO - [2024-11-25T08:50:07.444+0000] {dag.py:3239} INFO - Sync 1 DAGs
[2024-11-25T08:50:07.528+0000] {logging_mixin.py:190} INFO - [2024-11-25T08:50:07.527+0000] {dag.py:4180} INFO - Setting next_dagrun for example_python_decorator to None, run_after=None
[2024-11-25T08:50:07.521+0000] {processor.py:208} INFO - Processing /home/airflow/.local/lib/python3.12/site-packages/airflow/example_dags/example_python_decorator.py took 0.318 seconds
[2024-11-25T08:50:38.237+0000] {processor.py:186} INFO - Started process (PID=5670) to work on /home/airflow/.local/lib/python3.12/site-packages/airflow/example_dags/example_python_decorator.py
[2024-11-25T08:50:38.239+0000] {processor.py:914} INFO - Processing file /home/airflow/.local/lib/python3.12/site-packages/airflow/example_dags/example_python_decorator.py for tasks to queue
[2024-11-25T08:50:38.247+0000] {logging_mixin.py:190} INFO - [2024-11-25T08:50:38.245+0000] {dagbag.py:588} INFO - Filling up the DagBag from /home/airflow/.local/lib/python3.12/site-packages/airflow/example_dags/example_python_decorator.py
[2024-11-25T08:50:38.299+0000] {processor.py:925} INFO - DAG(s) 'example_python_decorator' retrieved from /home/airflow/.local/lib/python3.12/site-packages/airflow/example_dags/example_python_decorator.py
[2024-11-25T08:50:38.397+0000] {logging_mixin.py:190} INFO - [2024-11-25T08:50:38.397+0000] {dag.py:3239} INFO - Sync 1 DAGs
[2024-11-25T08:50:38.466+0000] {logging_mixin.py:190} INFO - [2024-11-25T08:50:38.465+0000] {dag.py:4180} INFO - Setting next_dagrun for example_python_decorator to None, run_after=None
[2024-11-25T08:50:38.563+0000] {processor.py:208} INFO - Processing /home/airflow/.local/lib/python3.12/site-packages/airflow/example_dags/example_python_decorator.py took 0.343 seconds
[2024-11-25T08:51:09.080+0000] {processor.py:186} INFO - Started process (PID=5974) to work on /home/airflow/.local/lib/python3.12/site-packages/airflow/example_dags/example_python_decorator.py
[2024-11-25T08:51:09.083+0000] {processor.py:914} INFO - Processing file /home/airflow/.local/lib/python3.12/site-packages/airflow/example_dags/example_python_decorator.py for tasks to queue
[2024-11-25T08:51:09.088+0000] {logging_mixin.py:190} INFO - [2024-11-25T08:51:09.087+0000] {dagbag.py:588} INFO - Filling up the DagBag from /home/airflow/.local/lib/python3.12/site-packages/airflow/example_dags/example_python_decorator.py
[2024-11-25T08:51:09.131+0000] {processor.py:925} INFO - DAG(s) 'example_python_decorator' retrieved from /home/airflow/.local/lib/python3.12/site-packages/airflow/example_dags/example_python_decorator.py
[2024-11-25T08:51:09.204+0000] {logging_mixin.py:190} INFO - [2024-11-25T08:51:09.203+0000] {dag.py:3239} INFO - Sync 1 DAGs
[2024-11-25T08:51:09.246+0000] {logging_mixin.py:190} INFO - [2024-11-25T08:51:09.246+0000] {dag.py:4180} INFO - Setting next_dagrun for example_python_decorator to None, run_after=None
[2024-11-25T08:51:09.287+0000] {processor.py:208} INFO - Processing /home/airflow/.local/lib/python3.12/site-packages/airflow/example_dags/example_python_decorator.py took 0.223 seconds
[2024-11-25T08:51:39.971+0000] {processor.py:186} INFO - Started process (PID=6266) to work on /home/airflow/.local/lib/python3.12/site-packages/airflow/example_dags/example_python_decorator.py
[2024-11-25T08:51:39.973+0000] {processor.py:914} INFO - Processing file /home/airflow/.local/lib/python3.12/site-packages/airflow/example_dags/example_python_decorator.py for tasks to queue
[2024-11-25T08:51:39.976+0000] {logging_mixin.py:190} INFO - [2024-11-25T08:51:39.976+0000] {dagbag.py:588} INFO - Filling up the DagBag from /home/airflow/.local/lib/python3.12/site-packages/airflow/example_dags/example_python_decorator.py
[2024-11-25T08:51:39.997+0000] {processor.py:925} INFO - DAG(s) 'example_python_decorator' retrieved from /home/airflow/.local/lib/python3.12/site-packages/airflow/example_dags/example_python_decorator.py
[2024-11-25T08:51:40.041+0000] {logging_mixin.py:190} INFO - [2024-11-25T08:51:40.040+0000] {dag.py:3239} INFO - Sync 1 DAGs
[2024-11-25T08:51:40.065+0000] {logging_mixin.py:190} INFO - [2024-11-25T08:51:40.064+0000] {dag.py:4180} INFO - Setting next_dagrun for example_python_decorator to None, run_after=None
[2024-11-25T08:51:40.094+0000] {processor.py:208} INFO - Processing /home/airflow/.local/lib/python3.12/site-packages/airflow/example_dags/example_python_decorator.py took 0.131 seconds
[2024-11-25T08:52:10.593+0000] {processor.py:186} INFO - Started process (PID=6527) to work on /home/airflow/.local/lib/python3.12/site-packages/airflow/example_dags/example_python_decorator.py
[2024-11-25T08:52:10.594+0000] {processor.py:914} INFO - Processing file /home/airflow/.local/lib/python3.12/site-packages/airflow/example_dags/example_python_decorator.py for tasks to queue
[2024-11-25T08:52:10.597+0000] {logging_mixin.py:190} INFO - [2024-11-25T08:52:10.597+0000] {dagbag.py:588} INFO - Filling up the DagBag from /home/airflow/.local/lib/python3.12/site-packages/airflow/example_dags/example_python_decorator.py
[2024-11-25T08:52:10.620+0000] {processor.py:925} INFO - DAG(s) 'example_python_decorator' retrieved from /home/airflow/.local/lib/python3.12/site-packages/airflow/example_dags/example_python_decorator.py
[2024-11-25T08:52:10.668+0000] {logging_mixin.py:190} INFO - [2024-11-25T08:52:10.668+0000] {dag.py:3239} INFO - Sync 1 DAGs
[2024-11-25T08:52:10.703+0000] {logging_mixin.py:190} INFO - [2024-11-25T08:52:10.702+0000] {dag.py:4180} INFO - Setting next_dagrun for example_python_decorator to None, run_after=None
[2024-11-25T08:52:10.748+0000] {processor.py:208} INFO - Processing /home/airflow/.local/lib/python3.12/site-packages/airflow/example_dags/example_python_decorator.py took 0.165 seconds
[2024-11-25T08:52:41.906+0000] {processor.py:186} INFO - Started process (PID=6828) to work on /home/airflow/.local/lib/python3.12/site-packages/airflow/example_dags/example_python_decorator.py
[2024-11-25T08:52:41.908+0000] {processor.py:914} INFO - Processing file /home/airflow/.local/lib/python3.12/site-packages/airflow/example_dags/example_python_decorator.py for tasks to queue
[2024-11-25T08:52:41.911+0000] {logging_mixin.py:190} INFO - [2024-11-25T08:52:41.910+0000] {dagbag.py:588} INFO - Filling up the DagBag from /home/airflow/.local/lib/python3.12/site-packages/airflow/example_dags/example_python_decorator.py
[2024-11-25T08:52:41.929+0000] {processor.py:925} INFO - DAG(s) 'example_python_decorator' retrieved from /home/airflow/.local/lib/python3.12/site-packages/airflow/example_dags/example_python_decorator.py
[2024-11-25T08:52:41.960+0000] {logging_mixin.py:190} INFO - [2024-11-25T08:52:41.960+0000] {dag.py:3239} INFO - Sync 1 DAGs
[2024-11-25T08:52:41.981+0000] {logging_mixin.py:190} INFO - [2024-11-25T08:52:41.981+0000] {dag.py:4180} INFO - Setting next_dagrun for example_python_decorator to None, run_after=None
[2024-11-25T08:52:42.006+0000] {processor.py:208} INFO - Processing /home/airflow/.local/lib/python3.12/site-packages/airflow/example_dags/example_python_decorator.py took 0.107 seconds
[2024-11-25T08:53:12.513+0000] {processor.py:186} INFO - Started process (PID=7119) to work on /home/airflow/.local/lib/python3.12/site-packages/airflow/example_dags/example_python_decorator.py
[2024-11-25T08:53:12.514+0000] {processor.py:914} INFO - Processing file /home/airflow/.local/lib/python3.12/site-packages/airflow/example_dags/example_python_decorator.py for tasks to queue
[2024-11-25T08:53:12.518+0000] {logging_mixin.py:190} INFO - [2024-11-25T08:53:12.518+0000] {dagbag.py:588} INFO - Filling up the DagBag from /home/airflow/.local/lib/python3.12/site-packages/airflow/example_dags/example_python_decorator.py
[2024-11-25T08:53:12.535+0000] {processor.py:925} INFO - DAG(s) 'example_python_decorator' retrieved from /home/airflow/.local/lib/python3.12/site-packages/airflow/example_dags/example_python_decorator.py
[2024-11-25T08:53:12.562+0000] {logging_mixin.py:190} INFO - [2024-11-25T08:53:12.561+0000] {dag.py:3239} INFO - Sync 1 DAGs
[2024-11-25T08:53:12.576+0000] {logging_mixin.py:190} INFO - [2024-11-25T08:53:12.575+0000] {dag.py:4180} INFO - Setting next_dagrun for example_python_decorator to None, run_after=None
[2024-11-25T08:53:12.598+0000] {processor.py:208} INFO - Processing /home/airflow/.local/lib/python3.12/site-packages/airflow/example_dags/example_python_decorator.py took 0.094 seconds
[2024-11-25T08:53:43.507+0000] {processor.py:186} INFO - Started process (PID=7420) to work on /home/airflow/.local/lib/python3.12/site-packages/airflow/example_dags/example_python_decorator.py
[2024-11-25T08:53:43.509+0000] {processor.py:914} INFO - Processing file /home/airflow/.local/lib/python3.12/site-packages/airflow/example_dags/example_python_decorator.py for tasks to queue
[2024-11-25T08:53:43.514+0000] {logging_mixin.py:190} INFO - [2024-11-25T08:53:43.513+0000] {dagbag.py:588} INFO - Filling up the DagBag from /home/airflow/.local/lib/python3.12/site-packages/airflow/example_dags/example_python_decorator.py
[2024-11-25T08:53:43.546+0000] {processor.py:925} INFO - DAG(s) 'example_python_decorator' retrieved from /home/airflow/.local/lib/python3.12/site-packages/airflow/example_dags/example_python_decorator.py
[2024-11-25T08:53:43.595+0000] {logging_mixin.py:190} INFO - [2024-11-25T08:53:43.594+0000] {dag.py:3239} INFO - Sync 1 DAGs
[2024-11-25T08:53:43.616+0000] {logging_mixin.py:190} INFO - [2024-11-25T08:53:43.616+0000] {dag.py:4180} INFO - Setting next_dagrun for example_python_decorator to None, run_after=None
[2024-11-25T08:53:43.648+0000] {processor.py:208} INFO - Processing /home/airflow/.local/lib/python3.12/site-packages/airflow/example_dags/example_python_decorator.py took 0.152 seconds
[2024-11-25T08:54:14.018+0000] {processor.py:186} INFO - Started process (PID=7721) to work on /home/airflow/.local/lib/python3.12/site-packages/airflow/example_dags/example_python_decorator.py
[2024-11-25T08:54:14.019+0000] {processor.py:914} INFO - Processing file /home/airflow/.local/lib/python3.12/site-packages/airflow/example_dags/example_python_decorator.py for tasks to queue
[2024-11-25T08:54:14.021+0000] {logging_mixin.py:190} INFO - [2024-11-25T08:54:14.021+0000] {dagbag.py:588} INFO - Filling up the DagBag from /home/airflow/.local/lib/python3.12/site-packages/airflow/example_dags/example_python_decorator.py
[2024-11-25T08:54:14.040+0000] {processor.py:925} INFO - DAG(s) 'example_python_decorator' retrieved from /home/airflow/.local/lib/python3.12/site-packages/airflow/example_dags/example_python_decorator.py
[2024-11-25T08:54:14.069+0000] {logging_mixin.py:190} INFO - [2024-11-25T08:54:14.069+0000] {dag.py:3239} INFO - Sync 1 DAGs
[2024-11-25T08:54:14.091+0000] {logging_mixin.py:190} INFO - [2024-11-25T08:54:14.091+0000] {dag.py:4180} INFO - Setting next_dagrun for example_python_decorator to None, run_after=None
[2024-11-25T08:54:14.114+0000] {processor.py:208} INFO - Processing /home/airflow/.local/lib/python3.12/site-packages/airflow/example_dags/example_python_decorator.py took 0.102 seconds
[2024-11-25T08:54:44.174+0000] {processor.py:186} INFO - Started process (PID=8017) to work on /home/airflow/.local/lib/python3.12/site-packages/airflow/example_dags/example_python_decorator.py
[2024-11-25T08:54:44.175+0000] {processor.py:914} INFO - Processing file /home/airflow/.local/lib/python3.12/site-packages/airflow/example_dags/example_python_decorator.py for tasks to queue
[2024-11-25T08:54:44.178+0000] {logging_mixin.py:190} INFO - [2024-11-25T08:54:44.178+0000] {dagbag.py:588} INFO - Filling up the DagBag from /home/airflow/.local/lib/python3.12/site-packages/airflow/example_dags/example_python_decorator.py
[2024-11-25T08:54:44.195+0000] {processor.py:925} INFO - DAG(s) 'example_python_decorator' retrieved from /home/airflow/.local/lib/python3.12/site-packages/airflow/example_dags/example_python_decorator.py
[2024-11-25T08:54:44.223+0000] {logging_mixin.py:190} INFO - [2024-11-25T08:54:44.223+0000] {dag.py:3239} INFO - Sync 1 DAGs
[2024-11-25T08:54:44.239+0000] {logging_mixin.py:190} INFO - [2024-11-25T08:54:44.239+0000] {dag.py:4180} INFO - Setting next_dagrun for example_python_decorator to None, run_after=None
[2024-11-25T08:54:44.261+0000] {processor.py:208} INFO - Processing /home/airflow/.local/lib/python3.12/site-packages/airflow/example_dags/example_python_decorator.py took 0.095 seconds
[2024-11-25T08:55:14.434+0000] {processor.py:186} INFO - Started process (PID=8318) to work on /home/airflow/.local/lib/python3.12/site-packages/airflow/example_dags/example_python_decorator.py
[2024-11-25T08:55:14.435+0000] {processor.py:914} INFO - Processing file /home/airflow/.local/lib/python3.12/site-packages/airflow/example_dags/example_python_decorator.py for tasks to queue
[2024-11-25T08:55:14.437+0000] {logging_mixin.py:190} INFO - [2024-11-25T08:55:14.437+0000] {dagbag.py:588} INFO - Filling up the DagBag from /home/airflow/.local/lib/python3.12/site-packages/airflow/example_dags/example_python_decorator.py
[2024-11-25T08:55:14.456+0000] {processor.py:925} INFO - DAG(s) 'example_python_decorator' retrieved from /home/airflow/.local/lib/python3.12/site-packages/airflow/example_dags/example_python_decorator.py
[2024-11-25T08:55:14.497+0000] {logging_mixin.py:190} INFO - [2024-11-25T08:55:14.496+0000] {dag.py:3239} INFO - Sync 1 DAGs
[2024-11-25T08:55:14.520+0000] {logging_mixin.py:190} INFO - [2024-11-25T08:55:14.520+0000] {dag.py:4180} INFO - Setting next_dagrun for example_python_decorator to None, run_after=None
[2024-11-25T08:55:14.543+0000] {processor.py:208} INFO - Processing /home/airflow/.local/lib/python3.12/site-packages/airflow/example_dags/example_python_decorator.py took 0.114 seconds
[2024-11-25T08:55:45.159+0000] {processor.py:186} INFO - Started process (PID=8620) to work on /home/airflow/.local/lib/python3.12/site-packages/airflow/example_dags/example_python_decorator.py
[2024-11-25T08:55:45.160+0000] {processor.py:914} INFO - Processing file /home/airflow/.local/lib/python3.12/site-packages/airflow/example_dags/example_python_decorator.py for tasks to queue
[2024-11-25T08:55:45.166+0000] {logging_mixin.py:190} INFO - [2024-11-25T08:55:45.165+0000] {dagbag.py:588} INFO - Filling up the DagBag from /home/airflow/.local/lib/python3.12/site-packages/airflow/example_dags/example_python_decorator.py
[2024-11-25T08:55:45.190+0000] {processor.py:925} INFO - DAG(s) 'example_python_decorator' retrieved from /home/airflow/.local/lib/python3.12/site-packages/airflow/example_dags/example_python_decorator.py
[2024-11-25T08:55:45.228+0000] {logging_mixin.py:190} INFO - [2024-11-25T08:55:45.227+0000] {dag.py:3239} INFO - Sync 1 DAGs
[2024-11-25T08:55:45.244+0000] {logging_mixin.py:190} INFO - [2024-11-25T08:55:45.243+0000] {dag.py:4180} INFO - Setting next_dagrun for example_python_decorator to None, run_after=None
[2024-11-25T08:55:45.266+0000] {processor.py:208} INFO - Processing /home/airflow/.local/lib/python3.12/site-packages/airflow/example_dags/example_python_decorator.py took 0.114 seconds
[2024-11-25T08:56:15.757+0000] {processor.py:186} INFO - Started process (PID=8922) to work on /home/airflow/.local/lib/python3.12/site-packages/airflow/example_dags/example_python_decorator.py
[2024-11-25T08:56:15.758+0000] {processor.py:914} INFO - Processing file /home/airflow/.local/lib/python3.12/site-packages/airflow/example_dags/example_python_decorator.py for tasks to queue
[2024-11-25T08:56:15.760+0000] {logging_mixin.py:190} INFO - [2024-11-25T08:56:15.760+0000] {dagbag.py:588} INFO - Filling up the DagBag from /home/airflow/.local/lib/python3.12/site-packages/airflow/example_dags/example_python_decorator.py
[2024-11-25T08:56:15.775+0000] {processor.py:925} INFO - DAG(s) 'example_python_decorator' retrieved from /home/airflow/.local/lib/python3.12/site-packages/airflow/example_dags/example_python_decorator.py
[2024-11-25T08:56:15.802+0000] {logging_mixin.py:190} INFO - [2024-11-25T08:56:15.802+0000] {dag.py:3239} INFO - Sync 1 DAGs
[2024-11-25T08:56:15.817+0000] {logging_mixin.py:190} INFO - [2024-11-25T08:56:15.817+0000] {dag.py:4180} INFO - Setting next_dagrun for example_python_decorator to None, run_after=None
[2024-11-25T08:56:15.838+0000] {processor.py:208} INFO - Processing /home/airflow/.local/lib/python3.12/site-packages/airflow/example_dags/example_python_decorator.py took 0.086 seconds
[2024-11-25T08:56:45.976+0000] {processor.py:186} INFO - Started process (PID=9223) to work on /home/airflow/.local/lib/python3.12/site-packages/airflow/example_dags/example_python_decorator.py
[2024-11-25T08:56:45.977+0000] {processor.py:914} INFO - Processing file /home/airflow/.local/lib/python3.12/site-packages/airflow/example_dags/example_python_decorator.py for tasks to queue
[2024-11-25T08:56:45.980+0000] {logging_mixin.py:190} INFO - [2024-11-25T08:56:45.980+0000] {dagbag.py:588} INFO - Filling up the DagBag from /home/airflow/.local/lib/python3.12/site-packages/airflow/example_dags/example_python_decorator.py
[2024-11-25T08:56:45.996+0000] {processor.py:925} INFO - DAG(s) 'example_python_decorator' retrieved from /home/airflow/.local/lib/python3.12/site-packages/airflow/example_dags/example_python_decorator.py
[2024-11-25T08:56:46.022+0000] {logging_mixin.py:190} INFO - [2024-11-25T08:56:46.022+0000] {dag.py:3239} INFO - Sync 1 DAGs
[2024-11-25T08:56:46.038+0000] {logging_mixin.py:190} INFO - [2024-11-25T08:56:46.038+0000] {dag.py:4180} INFO - Setting next_dagrun for example_python_decorator to None, run_after=None
[2024-11-25T08:56:46.064+0000] {processor.py:208} INFO - Processing /home/airflow/.local/lib/python3.12/site-packages/airflow/example_dags/example_python_decorator.py took 0.094 seconds
[2024-11-25T08:57:16.475+0000] {processor.py:186} INFO - Started process (PID=9519) to work on /home/airflow/.local/lib/python3.12/site-packages/airflow/example_dags/example_python_decorator.py
[2024-11-25T08:57:16.476+0000] {processor.py:914} INFO - Processing file /home/airflow/.local/lib/python3.12/site-packages/airflow/example_dags/example_python_decorator.py for tasks to queue
[2024-11-25T08:57:16.478+0000] {logging_mixin.py:190} INFO - [2024-11-25T08:57:16.478+0000] {dagbag.py:588} INFO - Filling up the DagBag from /home/airflow/.local/lib/python3.12/site-packages/airflow/example_dags/example_python_decorator.py
[2024-11-25T08:57:16.492+0000] {processor.py:925} INFO - DAG(s) 'example_python_decorator' retrieved from /home/airflow/.local/lib/python3.12/site-packages/airflow/example_dags/example_python_decorator.py
[2024-11-25T08:57:16.517+0000] {logging_mixin.py:190} INFO - [2024-11-25T08:57:16.516+0000] {dag.py:3239} INFO - Sync 1 DAGs
[2024-11-25T08:57:16.530+0000] {logging_mixin.py:190} INFO - [2024-11-25T08:57:16.530+0000] {dag.py:4180} INFO - Setting next_dagrun for example_python_decorator to None, run_after=None
[2024-11-25T08:57:16.551+0000] {processor.py:208} INFO - Processing /home/airflow/.local/lib/python3.12/site-packages/airflow/example_dags/example_python_decorator.py took 0.080 seconds
[2024-11-25T08:57:46.852+0000] {processor.py:186} INFO - Started process (PID=9826) to work on /home/airflow/.local/lib/python3.12/site-packages/airflow/example_dags/example_python_decorator.py
[2024-11-25T08:57:46.853+0000] {processor.py:914} INFO - Processing file /home/airflow/.local/lib/python3.12/site-packages/airflow/example_dags/example_python_decorator.py for tasks to queue
[2024-11-25T08:57:46.855+0000] {logging_mixin.py:190} INFO - [2024-11-25T08:57:46.855+0000] {dagbag.py:588} INFO - Filling up the DagBag from /home/airflow/.local/lib/python3.12/site-packages/airflow/example_dags/example_python_decorator.py
[2024-11-25T08:57:46.870+0000] {processor.py:925} INFO - DAG(s) 'example_python_decorator' retrieved from /home/airflow/.local/lib/python3.12/site-packages/airflow/example_dags/example_python_decorator.py
[2024-11-25T08:57:46.897+0000] {logging_mixin.py:190} INFO - [2024-11-25T08:57:46.896+0000] {dag.py:3239} INFO - Sync 1 DAGs
[2024-11-25T08:57:46.912+0000] {logging_mixin.py:190} INFO - [2024-11-25T08:57:46.912+0000] {dag.py:4180} INFO - Setting next_dagrun for example_python_decorator to None, run_after=None
[2024-11-25T08:57:46.936+0000] {processor.py:208} INFO - Processing /home/airflow/.local/lib/python3.12/site-packages/airflow/example_dags/example_python_decorator.py took 0.092 seconds
[2024-11-25T08:58:17.093+0000] {processor.py:186} INFO - Started process (PID=10127) to work on /home/airflow/.local/lib/python3.12/site-packages/airflow/example_dags/example_python_decorator.py
[2024-11-25T08:58:17.095+0000] {processor.py:914} INFO - Processing file /home/airflow/.local/lib/python3.12/site-packages/airflow/example_dags/example_python_decorator.py for tasks to queue
[2024-11-25T08:58:17.099+0000] {logging_mixin.py:190} INFO - [2024-11-25T08:58:17.099+0000] {dagbag.py:588} INFO - Filling up the DagBag from /home/airflow/.local/lib/python3.12/site-packages/airflow/example_dags/example_python_decorator.py
[2024-11-25T08:58:17.118+0000] {processor.py:925} INFO - DAG(s) 'example_python_decorator' retrieved from /home/airflow/.local/lib/python3.12/site-packages/airflow/example_dags/example_python_decorator.py
[2024-11-25T08:58:17.152+0000] {logging_mixin.py:190} INFO - [2024-11-25T08:58:17.152+0000] {dag.py:3239} INFO - Sync 1 DAGs
[2024-11-25T08:58:17.171+0000] {logging_mixin.py:190} INFO - [2024-11-25T08:58:17.171+0000] {dag.py:4180} INFO - Setting next_dagrun for example_python_decorator to None, run_after=None
[2024-11-25T08:58:17.213+0000] {processor.py:208} INFO - Processing /home/airflow/.local/lib/python3.12/site-packages/airflow/example_dags/example_python_decorator.py took 0.128 seconds
[2024-11-25T08:58:47.458+0000] {processor.py:186} INFO - Started process (PID=10428) to work on /home/airflow/.local/lib/python3.12/site-packages/airflow/example_dags/example_python_decorator.py
[2024-11-25T08:58:47.460+0000] {processor.py:914} INFO - Processing file /home/airflow/.local/lib/python3.12/site-packages/airflow/example_dags/example_python_decorator.py for tasks to queue
[2024-11-25T08:58:47.465+0000] {logging_mixin.py:190} INFO - [2024-11-25T08:58:47.464+0000] {dagbag.py:588} INFO - Filling up the DagBag from /home/airflow/.local/lib/python3.12/site-packages/airflow/example_dags/example_python_decorator.py
[2024-11-25T08:58:47.490+0000] {processor.py:925} INFO - DAG(s) 'example_python_decorator' retrieved from /home/airflow/.local/lib/python3.12/site-packages/airflow/example_dags/example_python_decorator.py
[2024-11-25T08:58:47.518+0000] {logging_mixin.py:190} INFO - [2024-11-25T08:58:47.518+0000] {dag.py:3239} INFO - Sync 1 DAGs
[2024-11-25T08:58:47.537+0000] {logging_mixin.py:190} INFO - [2024-11-25T08:58:47.536+0000] {dag.py:4180} INFO - Setting next_dagrun for example_python_decorator to None, run_after=None
[2024-11-25T08:58:47.558+0000] {processor.py:208} INFO - Processing /home/airflow/.local/lib/python3.12/site-packages/airflow/example_dags/example_python_decorator.py took 0.110 seconds
[2024-11-25T08:59:18.043+0000] {processor.py:186} INFO - Started process (PID=10729) to work on /home/airflow/.local/lib/python3.12/site-packages/airflow/example_dags/example_python_decorator.py
[2024-11-25T08:59:18.045+0000] {processor.py:914} INFO - Processing file /home/airflow/.local/lib/python3.12/site-packages/airflow/example_dags/example_python_decorator.py for tasks to queue
[2024-11-25T08:59:18.048+0000] {logging_mixin.py:190} INFO - [2024-11-25T08:59:18.048+0000] {dagbag.py:588} INFO - Filling up the DagBag from /home/airflow/.local/lib/python3.12/site-packages/airflow/example_dags/example_python_decorator.py
[2024-11-25T08:59:18.066+0000] {processor.py:925} INFO - DAG(s) 'example_python_decorator' retrieved from /home/airflow/.local/lib/python3.12/site-packages/airflow/example_dags/example_python_decorator.py
[2024-11-25T08:59:18.093+0000] {logging_mixin.py:190} INFO - [2024-11-25T08:59:18.092+0000] {dag.py:3239} INFO - Sync 1 DAGs
[2024-11-25T08:59:18.109+0000] {logging_mixin.py:190} INFO - [2024-11-25T08:59:18.109+0000] {dag.py:4180} INFO - Setting next_dagrun for example_python_decorator to None, run_after=None
[2024-11-25T08:59:18.135+0000] {processor.py:208} INFO - Processing /home/airflow/.local/lib/python3.12/site-packages/airflow/example_dags/example_python_decorator.py took 0.103 seconds
[2024-11-25T08:59:48.779+0000] {processor.py:186} INFO - Started process (PID=11030) to work on /home/airflow/.local/lib/python3.12/site-packages/airflow/example_dags/example_python_decorator.py
[2024-11-25T08:59:48.782+0000] {processor.py:914} INFO - Processing file /home/airflow/.local/lib/python3.12/site-packages/airflow/example_dags/example_python_decorator.py for tasks to queue
[2024-11-25T08:59:48.786+0000] {logging_mixin.py:190} INFO - [2024-11-25T08:59:48.785+0000] {dagbag.py:588} INFO - Filling up the DagBag from /home/airflow/.local/lib/python3.12/site-packages/airflow/example_dags/example_python_decorator.py
[2024-11-25T08:59:48.813+0000] {processor.py:925} INFO - DAG(s) 'example_python_decorator' retrieved from /home/airflow/.local/lib/python3.12/site-packages/airflow/example_dags/example_python_decorator.py
[2024-11-25T08:59:48.862+0000] {logging_mixin.py:190} INFO - [2024-11-25T08:59:48.862+0000] {dag.py:3239} INFO - Sync 1 DAGs
[2024-11-25T08:59:48.883+0000] {logging_mixin.py:190} INFO - [2024-11-25T08:59:48.883+0000] {dag.py:4180} INFO - Setting next_dagrun for example_python_decorator to None, run_after=None
[2024-11-25T08:59:48.914+0000] {processor.py:208} INFO - Processing /home/airflow/.local/lib/python3.12/site-packages/airflow/example_dags/example_python_decorator.py took 0.143 seconds
[2024-11-25T09:00:19.102+0000] {processor.py:186} INFO - Started process (PID=11331) to work on /home/airflow/.local/lib/python3.12/site-packages/airflow/example_dags/example_python_decorator.py
[2024-11-25T09:00:19.104+0000] {processor.py:914} INFO - Processing file /home/airflow/.local/lib/python3.12/site-packages/airflow/example_dags/example_python_decorator.py for tasks to queue
[2024-11-25T09:00:19.106+0000] {logging_mixin.py:190} INFO - [2024-11-25T09:00:19.106+0000] {dagbag.py:588} INFO - Filling up the DagBag from /home/airflow/.local/lib/python3.12/site-packages/airflow/example_dags/example_python_decorator.py
[2024-11-25T09:00:19.134+0000] {processor.py:925} INFO - DAG(s) 'example_python_decorator' retrieved from /home/airflow/.local/lib/python3.12/site-packages/airflow/example_dags/example_python_decorator.py
[2024-11-25T09:00:19.181+0000] {logging_mixin.py:190} INFO - [2024-11-25T09:00:19.179+0000] {dag.py:3239} INFO - Sync 1 DAGs
[2024-11-25T09:00:19.205+0000] {logging_mixin.py:190} INFO - [2024-11-25T09:00:19.205+0000] {dag.py:4180} INFO - Setting next_dagrun for example_python_decorator to None, run_after=None
[2024-11-25T09:00:19.231+0000] {processor.py:208} INFO - Processing /home/airflow/.local/lib/python3.12/site-packages/airflow/example_dags/example_python_decorator.py took 0.135 seconds
[2024-11-25T09:00:49.922+0000] {processor.py:186} INFO - Started process (PID=11632) to work on /home/airflow/.local/lib/python3.12/site-packages/airflow/example_dags/example_python_decorator.py
[2024-11-25T09:00:49.923+0000] {processor.py:914} INFO - Processing file /home/airflow/.local/lib/python3.12/site-packages/airflow/example_dags/example_python_decorator.py for tasks to queue
[2024-11-25T09:00:49.925+0000] {logging_mixin.py:190} INFO - [2024-11-25T09:00:49.925+0000] {dagbag.py:588} INFO - Filling up the DagBag from /home/airflow/.local/lib/python3.12/site-packages/airflow/example_dags/example_python_decorator.py
[2024-11-25T09:00:49.941+0000] {processor.py:925} INFO - DAG(s) 'example_python_decorator' retrieved from /home/airflow/.local/lib/python3.12/site-packages/airflow/example_dags/example_python_decorator.py
[2024-11-25T09:00:49.968+0000] {logging_mixin.py:190} INFO - [2024-11-25T09:00:49.968+0000] {dag.py:3239} INFO - Sync 1 DAGs
[2024-11-25T09:00:49.985+0000] {logging_mixin.py:190} INFO - [2024-11-25T09:00:49.985+0000] {dag.py:4180} INFO - Setting next_dagrun for example_python_decorator to None, run_after=None
[2024-11-25T09:00:50.005+0000] {processor.py:208} INFO - Processing /home/airflow/.local/lib/python3.12/site-packages/airflow/example_dags/example_python_decorator.py took 0.092 seconds
[2024-11-25T09:01:20.187+0000] {processor.py:186} INFO - Started process (PID=11933) to work on /home/airflow/.local/lib/python3.12/site-packages/airflow/example_dags/example_python_decorator.py
[2024-11-25T09:01:20.189+0000] {processor.py:914} INFO - Processing file /home/airflow/.local/lib/python3.12/site-packages/airflow/example_dags/example_python_decorator.py for tasks to queue
[2024-11-25T09:01:20.193+0000] {logging_mixin.py:190} INFO - [2024-11-25T09:01:20.192+0000] {dagbag.py:588} INFO - Filling up the DagBag from /home/airflow/.local/lib/python3.12/site-packages/airflow/example_dags/example_python_decorator.py
[2024-11-25T09:01:20.221+0000] {processor.py:925} INFO - DAG(s) 'example_python_decorator' retrieved from /home/airflow/.local/lib/python3.12/site-packages/airflow/example_dags/example_python_decorator.py
[2024-11-25T09:01:20.268+0000] {logging_mixin.py:190} INFO - [2024-11-25T09:01:20.268+0000] {dag.py:3239} INFO - Sync 1 DAGs
[2024-11-25T09:01:20.302+0000] {logging_mixin.py:190} INFO - [2024-11-25T09:01:20.301+0000] {dag.py:4180} INFO - Setting next_dagrun for example_python_decorator to None, run_after=None
[2024-11-25T09:01:20.349+0000] {processor.py:208} INFO - Processing /home/airflow/.local/lib/python3.12/site-packages/airflow/example_dags/example_python_decorator.py took 0.173 seconds
[2024-11-25T09:01:50.468+0000] {processor.py:186} INFO - Started process (PID=12235) to work on /home/airflow/.local/lib/python3.12/site-packages/airflow/example_dags/example_python_decorator.py
[2024-11-25T09:01:50.469+0000] {processor.py:914} INFO - Processing file /home/airflow/.local/lib/python3.12/site-packages/airflow/example_dags/example_python_decorator.py for tasks to queue
[2024-11-25T09:01:50.471+0000] {logging_mixin.py:190} INFO - [2024-11-25T09:01:50.471+0000] {dagbag.py:588} INFO - Filling up the DagBag from /home/airflow/.local/lib/python3.12/site-packages/airflow/example_dags/example_python_decorator.py
[2024-11-25T09:01:50.487+0000] {processor.py:925} INFO - DAG(s) 'example_python_decorator' retrieved from /home/airflow/.local/lib/python3.12/site-packages/airflow/example_dags/example_python_decorator.py
[2024-11-25T09:01:50.516+0000] {logging_mixin.py:190} INFO - [2024-11-25T09:01:50.516+0000] {dag.py:3239} INFO - Sync 1 DAGs
[2024-11-25T09:01:50.535+0000] {logging_mixin.py:190} INFO - [2024-11-25T09:01:50.534+0000] {dag.py:4180} INFO - Setting next_dagrun for example_python_decorator to None, run_after=None
[2024-11-25T09:01:50.562+0000] {processor.py:208} INFO - Processing /home/airflow/.local/lib/python3.12/site-packages/airflow/example_dags/example_python_decorator.py took 0.100 seconds
[2024-11-25T09:02:20.669+0000] {processor.py:186} INFO - Started process (PID=12536) to work on /home/airflow/.local/lib/python3.12/site-packages/airflow/example_dags/example_python_decorator.py
[2024-11-25T09:02:20.670+0000] {processor.py:914} INFO - Processing file /home/airflow/.local/lib/python3.12/site-packages/airflow/example_dags/example_python_decorator.py for tasks to queue
[2024-11-25T09:02:20.672+0000] {logging_mixin.py:190} INFO - [2024-11-25T09:02:20.672+0000] {dagbag.py:588} INFO - Filling up the DagBag from /home/airflow/.local/lib/python3.12/site-packages/airflow/example_dags/example_python_decorator.py
[2024-11-25T09:02:20.689+0000] {processor.py:925} INFO - DAG(s) 'example_python_decorator' retrieved from /home/airflow/.local/lib/python3.12/site-packages/airflow/example_dags/example_python_decorator.py
[2024-11-25T09:02:20.719+0000] {logging_mixin.py:190} INFO - [2024-11-25T09:02:20.718+0000] {dag.py:3239} INFO - Sync 1 DAGs
[2024-11-25T09:02:20.737+0000] {logging_mixin.py:190} INFO - [2024-11-25T09:02:20.737+0000] {dag.py:4180} INFO - Setting next_dagrun for example_python_decorator to None, run_after=None
[2024-11-25T09:02:20.761+0000] {processor.py:208} INFO - Processing /home/airflow/.local/lib/python3.12/site-packages/airflow/example_dags/example_python_decorator.py took 0.098 seconds
[2024-11-25T09:02:51.257+0000] {processor.py:186} INFO - Started process (PID=12838) to work on /home/airflow/.local/lib/python3.12/site-packages/airflow/example_dags/example_python_decorator.py
[2024-11-25T09:02:51.258+0000] {processor.py:914} INFO - Processing file /home/airflow/.local/lib/python3.12/site-packages/airflow/example_dags/example_python_decorator.py for tasks to queue
[2024-11-25T09:02:51.261+0000] {logging_mixin.py:190} INFO - [2024-11-25T09:02:51.261+0000] {dagbag.py:588} INFO - Filling up the DagBag from /home/airflow/.local/lib/python3.12/site-packages/airflow/example_dags/example_python_decorator.py
[2024-11-25T09:02:51.279+0000] {processor.py:925} INFO - DAG(s) 'example_python_decorator' retrieved from /home/airflow/.local/lib/python3.12/site-packages/airflow/example_dags/example_python_decorator.py
[2024-11-25T09:02:51.315+0000] {logging_mixin.py:190} INFO - [2024-11-25T09:02:51.314+0000] {dag.py:3239} INFO - Sync 1 DAGs
[2024-11-25T09:02:51.340+0000] {logging_mixin.py:190} INFO - [2024-11-25T09:02:51.339+0000] {dag.py:4180} INFO - Setting next_dagrun for example_python_decorator to None, run_after=None
[2024-11-25T09:02:51.368+0000] {processor.py:208} INFO - Processing /home/airflow/.local/lib/python3.12/site-packages/airflow/example_dags/example_python_decorator.py took 0.117 seconds
[2024-11-25T09:03:21.459+0000] {processor.py:186} INFO - Started process (PID=13139) to work on /home/airflow/.local/lib/python3.12/site-packages/airflow/example_dags/example_python_decorator.py
[2024-11-25T09:03:21.460+0000] {processor.py:914} INFO - Processing file /home/airflow/.local/lib/python3.12/site-packages/airflow/example_dags/example_python_decorator.py for tasks to queue
[2024-11-25T09:03:21.463+0000] {logging_mixin.py:190} INFO - [2024-11-25T09:03:21.462+0000] {dagbag.py:588} INFO - Filling up the DagBag from /home/airflow/.local/lib/python3.12/site-packages/airflow/example_dags/example_python_decorator.py
[2024-11-25T09:03:21.478+0000] {processor.py:925} INFO - DAG(s) 'example_python_decorator' retrieved from /home/airflow/.local/lib/python3.12/site-packages/airflow/example_dags/example_python_decorator.py
[2024-11-25T09:03:21.506+0000] {logging_mixin.py:190} INFO - [2024-11-25T09:03:21.506+0000] {dag.py:3239} INFO - Sync 1 DAGs
[2024-11-25T09:03:21.524+0000] {logging_mixin.py:190} INFO - [2024-11-25T09:03:21.524+0000] {dag.py:4180} INFO - Setting next_dagrun for example_python_decorator to None, run_after=None
[2024-11-25T09:03:21.549+0000] {processor.py:208} INFO - Processing /home/airflow/.local/lib/python3.12/site-packages/airflow/example_dags/example_python_decorator.py took 0.097 seconds
[2024-11-25T09:03:51.977+0000] {processor.py:186} INFO - Started process (PID=13440) to work on /home/airflow/.local/lib/python3.12/site-packages/airflow/example_dags/example_python_decorator.py
[2024-11-25T09:03:51.978+0000] {processor.py:914} INFO - Processing file /home/airflow/.local/lib/python3.12/site-packages/airflow/example_dags/example_python_decorator.py for tasks to queue
[2024-11-25T09:03:51.982+0000] {logging_mixin.py:190} INFO - [2024-11-25T09:03:51.981+0000] {dagbag.py:588} INFO - Filling up the DagBag from /home/airflow/.local/lib/python3.12/site-packages/airflow/example_dags/example_python_decorator.py
[2024-11-25T09:03:52.001+0000] {processor.py:925} INFO - DAG(s) 'example_python_decorator' retrieved from /home/airflow/.local/lib/python3.12/site-packages/airflow/example_dags/example_python_decorator.py
[2024-11-25T09:03:52.033+0000] {logging_mixin.py:190} INFO - [2024-11-25T09:03:52.033+0000] {dag.py:3239} INFO - Sync 1 DAGs
[2024-11-25T09:03:52.056+0000] {logging_mixin.py:190} INFO - [2024-11-25T09:03:52.056+0000] {dag.py:4180} INFO - Setting next_dagrun for example_python_decorator to None, run_after=None
[2024-11-25T09:03:52.081+0000] {processor.py:208} INFO - Processing /home/airflow/.local/lib/python3.12/site-packages/airflow/example_dags/example_python_decorator.py took 0.112 seconds
[2024-11-25T09:04:22.280+0000] {processor.py:186} INFO - Started process (PID=13741) to work on /home/airflow/.local/lib/python3.12/site-packages/airflow/example_dags/example_python_decorator.py
[2024-11-25T09:04:22.281+0000] {processor.py:914} INFO - Processing file /home/airflow/.local/lib/python3.12/site-packages/airflow/example_dags/example_python_decorator.py for tasks to queue
[2024-11-25T09:04:22.284+0000] {logging_mixin.py:190} INFO - [2024-11-25T09:04:22.284+0000] {dagbag.py:588} INFO - Filling up the DagBag from /home/airflow/.local/lib/python3.12/site-packages/airflow/example_dags/example_python_decorator.py
[2024-11-25T09:04:22.300+0000] {processor.py:925} INFO - DAG(s) 'example_python_decorator' retrieved from /home/airflow/.local/lib/python3.12/site-packages/airflow/example_dags/example_python_decorator.py
[2024-11-25T09:04:22.328+0000] {logging_mixin.py:190} INFO - [2024-11-25T09:04:22.327+0000] {dag.py:3239} INFO - Sync 1 DAGs
[2024-11-25T09:04:22.346+0000] {logging_mixin.py:190} INFO - [2024-11-25T09:04:22.346+0000] {dag.py:4180} INFO - Setting next_dagrun for example_python_decorator to None, run_after=None
[2024-11-25T09:04:22.369+0000] {processor.py:208} INFO - Processing /home/airflow/.local/lib/python3.12/site-packages/airflow/example_dags/example_python_decorator.py took 0.096 seconds
[2024-11-25T09:04:52.881+0000] {processor.py:186} INFO - Started process (PID=14042) to work on /home/airflow/.local/lib/python3.12/site-packages/airflow/example_dags/example_python_decorator.py
[2024-11-25T09:04:52.882+0000] {processor.py:914} INFO - Processing file /home/airflow/.local/lib/python3.12/site-packages/airflow/example_dags/example_python_decorator.py for tasks to queue
[2024-11-25T09:04:52.885+0000] {logging_mixin.py:190} INFO - [2024-11-25T09:04:52.885+0000] {dagbag.py:588} INFO - Filling up the DagBag from /home/airflow/.local/lib/python3.12/site-packages/airflow/example_dags/example_python_decorator.py
[2024-11-25T09:04:52.904+0000] {processor.py:925} INFO - DAG(s) 'example_python_decorator' retrieved from /home/airflow/.local/lib/python3.12/site-packages/airflow/example_dags/example_python_decorator.py
[2024-11-25T09:04:52.935+0000] {logging_mixin.py:190} INFO - [2024-11-25T09:04:52.934+0000] {dag.py:3239} INFO - Sync 1 DAGs
[2024-11-25T09:04:52.953+0000] {logging_mixin.py:190} INFO - [2024-11-25T09:04:52.953+0000] {dag.py:4180} INFO - Setting next_dagrun for example_python_decorator to None, run_after=None
[2024-11-25T09:04:52.978+0000] {processor.py:208} INFO - Processing /home/airflow/.local/lib/python3.12/site-packages/airflow/example_dags/example_python_decorator.py took 0.104 seconds
[2024-11-25T09:05:23.547+0000] {processor.py:186} INFO - Started process (PID=14343) to work on /home/airflow/.local/lib/python3.12/site-packages/airflow/example_dags/example_python_decorator.py
[2024-11-25T09:05:23.548+0000] {processor.py:914} INFO - Processing file /home/airflow/.local/lib/python3.12/site-packages/airflow/example_dags/example_python_decorator.py for tasks to queue
[2024-11-25T09:05:23.552+0000] {logging_mixin.py:190} INFO - [2024-11-25T09:05:23.551+0000] {dagbag.py:588} INFO - Filling up the DagBag from /home/airflow/.local/lib/python3.12/site-packages/airflow/example_dags/example_python_decorator.py
[2024-11-25T09:05:23.576+0000] {processor.py:925} INFO - DAG(s) 'example_python_decorator' retrieved from /home/airflow/.local/lib/python3.12/site-packages/airflow/example_dags/example_python_decorator.py
[2024-11-25T09:05:23.618+0000] {logging_mixin.py:190} INFO - [2024-11-25T09:05:23.618+0000] {dag.py:3239} INFO - Sync 1 DAGs
[2024-11-25T09:05:23.643+0000] {logging_mixin.py:190} INFO - [2024-11-25T09:05:23.643+0000] {dag.py:4180} INFO - Setting next_dagrun for example_python_decorator to None, run_after=None
[2024-11-25T09:05:23.898+0000] {processor.py:208} INFO - Processing /home/airflow/.local/lib/python3.12/site-packages/airflow/example_dags/example_python_decorator.py took 0.359 seconds
[2024-11-25T09:05:54.219+0000] {processor.py:186} INFO - Started process (PID=14645) to work on /home/airflow/.local/lib/python3.12/site-packages/airflow/example_dags/example_python_decorator.py
[2024-11-25T09:05:54.221+0000] {processor.py:914} INFO - Processing file /home/airflow/.local/lib/python3.12/site-packages/airflow/example_dags/example_python_decorator.py for tasks to queue
[2024-11-25T09:05:54.225+0000] {logging_mixin.py:190} INFO - [2024-11-25T09:05:54.224+0000] {dagbag.py:588} INFO - Filling up the DagBag from /home/airflow/.local/lib/python3.12/site-packages/airflow/example_dags/example_python_decorator.py
[2024-11-25T09:05:54.248+0000] {processor.py:925} INFO - DAG(s) 'example_python_decorator' retrieved from /home/airflow/.local/lib/python3.12/site-packages/airflow/example_dags/example_python_decorator.py
[2024-11-25T09:05:54.283+0000] {logging_mixin.py:190} INFO - [2024-11-25T09:05:54.283+0000] {dag.py:3239} INFO - Sync 1 DAGs
[2024-11-25T09:05:54.302+0000] {logging_mixin.py:190} INFO - [2024-11-25T09:05:54.302+0000] {dag.py:4180} INFO - Setting next_dagrun for example_python_decorator to None, run_after=None
[2024-11-25T09:05:54.327+0000] {processor.py:208} INFO - Processing /home/airflow/.local/lib/python3.12/site-packages/airflow/example_dags/example_python_decorator.py took 0.118 seconds
[2024-11-25T09:06:24.921+0000] {processor.py:186} INFO - Started process (PID=14946) to work on /home/airflow/.local/lib/python3.12/site-packages/airflow/example_dags/example_python_decorator.py
[2024-11-25T09:06:24.922+0000] {processor.py:914} INFO - Processing file /home/airflow/.local/lib/python3.12/site-packages/airflow/example_dags/example_python_decorator.py for tasks to queue
[2024-11-25T09:06:24.924+0000] {logging_mixin.py:190} INFO - [2024-11-25T09:06:24.924+0000] {dagbag.py:588} INFO - Filling up the DagBag from /home/airflow/.local/lib/python3.12/site-packages/airflow/example_dags/example_python_decorator.py
[2024-11-25T09:06:24.944+0000] {processor.py:925} INFO - DAG(s) 'example_python_decorator' retrieved from /home/airflow/.local/lib/python3.12/site-packages/airflow/example_dags/example_python_decorator.py
[2024-11-25T09:06:24.970+0000] {logging_mixin.py:190} INFO - [2024-11-25T09:06:24.970+0000] {dag.py:3239} INFO - Sync 1 DAGs
[2024-11-25T09:06:24.987+0000] {logging_mixin.py:190} INFO - [2024-11-25T09:06:24.986+0000] {dag.py:4180} INFO - Setting next_dagrun for example_python_decorator to None, run_after=None
[2024-11-25T09:06:25.010+0000] {processor.py:208} INFO - Processing /home/airflow/.local/lib/python3.12/site-packages/airflow/example_dags/example_python_decorator.py took 0.094 seconds
[2024-11-25T09:06:55.504+0000] {processor.py:186} INFO - Started process (PID=15247) to work on /home/airflow/.local/lib/python3.12/site-packages/airflow/example_dags/example_python_decorator.py
[2024-11-25T09:06:55.505+0000] {processor.py:914} INFO - Processing file /home/airflow/.local/lib/python3.12/site-packages/airflow/example_dags/example_python_decorator.py for tasks to queue
[2024-11-25T09:06:55.508+0000] {logging_mixin.py:190} INFO - [2024-11-25T09:06:55.508+0000] {dagbag.py:588} INFO - Filling up the DagBag from /home/airflow/.local/lib/python3.12/site-packages/airflow/example_dags/example_python_decorator.py
[2024-11-25T09:06:55.525+0000] {processor.py:925} INFO - DAG(s) 'example_python_decorator' retrieved from /home/airflow/.local/lib/python3.12/site-packages/airflow/example_dags/example_python_decorator.py
[2024-11-25T09:06:55.554+0000] {logging_mixin.py:190} INFO - [2024-11-25T09:06:55.554+0000] {dag.py:3239} INFO - Sync 1 DAGs
[2024-11-25T09:06:55.570+0000] {logging_mixin.py:190} INFO - [2024-11-25T09:06:55.570+0000] {dag.py:4180} INFO - Setting next_dagrun for example_python_decorator to None, run_after=None
[2024-11-25T09:06:55.597+0000] {processor.py:208} INFO - Processing /home/airflow/.local/lib/python3.12/site-packages/airflow/example_dags/example_python_decorator.py took 0.104 seconds
[2024-11-25T09:07:26.403+0000] {processor.py:186} INFO - Started process (PID=15543) to work on /home/airflow/.local/lib/python3.12/site-packages/airflow/example_dags/example_python_decorator.py
[2024-11-25T09:07:26.404+0000] {processor.py:914} INFO - Processing file /home/airflow/.local/lib/python3.12/site-packages/airflow/example_dags/example_python_decorator.py for tasks to queue
[2024-11-25T09:07:26.407+0000] {logging_mixin.py:190} INFO - [2024-11-25T09:07:26.406+0000] {dagbag.py:588} INFO - Filling up the DagBag from /home/airflow/.local/lib/python3.12/site-packages/airflow/example_dags/example_python_decorator.py
[2024-11-25T09:07:26.421+0000] {processor.py:925} INFO - DAG(s) 'example_python_decorator' retrieved from /home/airflow/.local/lib/python3.12/site-packages/airflow/example_dags/example_python_decorator.py
[2024-11-25T09:07:26.449+0000] {logging_mixin.py:190} INFO - [2024-11-25T09:07:26.449+0000] {dag.py:3239} INFO - Sync 1 DAGs
[2024-11-25T09:07:26.463+0000] {logging_mixin.py:190} INFO - [2024-11-25T09:07:26.463+0000] {dag.py:4180} INFO - Setting next_dagrun for example_python_decorator to None, run_after=None
[2024-11-25T09:07:26.485+0000] {processor.py:208} INFO - Processing /home/airflow/.local/lib/python3.12/site-packages/airflow/example_dags/example_python_decorator.py took 0.087 seconds
[2024-11-25T09:07:56.978+0000] {processor.py:186} INFO - Started process (PID=15844) to work on /home/airflow/.local/lib/python3.12/site-packages/airflow/example_dags/example_python_decorator.py
[2024-11-25T09:07:56.979+0000] {processor.py:914} INFO - Processing file /home/airflow/.local/lib/python3.12/site-packages/airflow/example_dags/example_python_decorator.py for tasks to queue
[2024-11-25T09:07:56.981+0000] {logging_mixin.py:190} INFO - [2024-11-25T09:07:56.981+0000] {dagbag.py:588} INFO - Filling up the DagBag from /home/airflow/.local/lib/python3.12/site-packages/airflow/example_dags/example_python_decorator.py
[2024-11-25T09:07:56.996+0000] {processor.py:925} INFO - DAG(s) 'example_python_decorator' retrieved from /home/airflow/.local/lib/python3.12/site-packages/airflow/example_dags/example_python_decorator.py
[2024-11-25T09:07:57.025+0000] {logging_mixin.py:190} INFO - [2024-11-25T09:07:57.025+0000] {dag.py:3239} INFO - Sync 1 DAGs
[2024-11-25T09:07:57.045+0000] {logging_mixin.py:190} INFO - [2024-11-25T09:07:57.045+0000] {dag.py:4180} INFO - Setting next_dagrun for example_python_decorator to None, run_after=None
[2024-11-25T09:07:57.067+0000] {processor.py:208} INFO - Processing /home/airflow/.local/lib/python3.12/site-packages/airflow/example_dags/example_python_decorator.py took 0.096 seconds
[2024-11-25T09:08:27.300+0000] {processor.py:186} INFO - Started process (PID=16145) to work on /home/airflow/.local/lib/python3.12/site-packages/airflow/example_dags/example_python_decorator.py
[2024-11-25T09:08:27.301+0000] {processor.py:914} INFO - Processing file /home/airflow/.local/lib/python3.12/site-packages/airflow/example_dags/example_python_decorator.py for tasks to queue
[2024-11-25T09:08:27.303+0000] {logging_mixin.py:190} INFO - [2024-11-25T09:08:27.303+0000] {dagbag.py:588} INFO - Filling up the DagBag from /home/airflow/.local/lib/python3.12/site-packages/airflow/example_dags/example_python_decorator.py
[2024-11-25T09:08:27.318+0000] {processor.py:925} INFO - DAG(s) 'example_python_decorator' retrieved from /home/airflow/.local/lib/python3.12/site-packages/airflow/example_dags/example_python_decorator.py
[2024-11-25T09:08:27.342+0000] {logging_mixin.py:190} INFO - [2024-11-25T09:08:27.342+0000] {dag.py:3239} INFO - Sync 1 DAGs
[2024-11-25T09:08:27.357+0000] {logging_mixin.py:190} INFO - [2024-11-25T09:08:27.356+0000] {dag.py:4180} INFO - Setting next_dagrun for example_python_decorator to None, run_after=None
[2024-11-25T09:08:27.377+0000] {processor.py:208} INFO - Processing /home/airflow/.local/lib/python3.12/site-packages/airflow/example_dags/example_python_decorator.py took 0.082 seconds
[2024-11-25T09:08:57.679+0000] {processor.py:186} INFO - Started process (PID=16446) to work on /home/airflow/.local/lib/python3.12/site-packages/airflow/example_dags/example_python_decorator.py
[2024-11-25T09:08:57.680+0000] {processor.py:914} INFO - Processing file /home/airflow/.local/lib/python3.12/site-packages/airflow/example_dags/example_python_decorator.py for tasks to queue
[2024-11-25T09:08:57.682+0000] {logging_mixin.py:190} INFO - [2024-11-25T09:08:57.682+0000] {dagbag.py:588} INFO - Filling up the DagBag from /home/airflow/.local/lib/python3.12/site-packages/airflow/example_dags/example_python_decorator.py
[2024-11-25T09:08:57.696+0000] {processor.py:925} INFO - DAG(s) 'example_python_decorator' retrieved from /home/airflow/.local/lib/python3.12/site-packages/airflow/example_dags/example_python_decorator.py
[2024-11-25T09:08:57.724+0000] {logging_mixin.py:190} INFO - [2024-11-25T09:08:57.724+0000] {dag.py:3239} INFO - Sync 1 DAGs
[2024-11-25T09:08:57.739+0000] {logging_mixin.py:190} INFO - [2024-11-25T09:08:57.739+0000] {dag.py:4180} INFO - Setting next_dagrun for example_python_decorator to None, run_after=None
[2024-11-25T09:08:57.762+0000] {processor.py:208} INFO - Processing /home/airflow/.local/lib/python3.12/site-packages/airflow/example_dags/example_python_decorator.py took 0.089 seconds
[2024-11-25T09:09:28.264+0000] {processor.py:186} INFO - Started process (PID=16747) to work on /home/airflow/.local/lib/python3.12/site-packages/airflow/example_dags/example_python_decorator.py
[2024-11-25T09:09:28.265+0000] {processor.py:914} INFO - Processing file /home/airflow/.local/lib/python3.12/site-packages/airflow/example_dags/example_python_decorator.py for tasks to queue
[2024-11-25T09:09:28.267+0000] {logging_mixin.py:190} INFO - [2024-11-25T09:09:28.267+0000] {dagbag.py:588} INFO - Filling up the DagBag from /home/airflow/.local/lib/python3.12/site-packages/airflow/example_dags/example_python_decorator.py
[2024-11-25T09:09:28.281+0000] {processor.py:925} INFO - DAG(s) 'example_python_decorator' retrieved from /home/airflow/.local/lib/python3.12/site-packages/airflow/example_dags/example_python_decorator.py
[2024-11-25T09:09:28.306+0000] {logging_mixin.py:190} INFO - [2024-11-25T09:09:28.306+0000] {dag.py:3239} INFO - Sync 1 DAGs
[2024-11-25T09:09:28.320+0000] {logging_mixin.py:190} INFO - [2024-11-25T09:09:28.320+0000] {dag.py:4180} INFO - Setting next_dagrun for example_python_decorator to None, run_after=None
[2024-11-25T09:09:28.344+0000] {processor.py:208} INFO - Processing /home/airflow/.local/lib/python3.12/site-packages/airflow/example_dags/example_python_decorator.py took 0.087 seconds
[2024-11-25T09:09:58.787+0000] {processor.py:186} INFO - Started process (PID=17048) to work on /home/airflow/.local/lib/python3.12/site-packages/airflow/example_dags/example_python_decorator.py
[2024-11-25T09:09:58.788+0000] {processor.py:914} INFO - Processing file /home/airflow/.local/lib/python3.12/site-packages/airflow/example_dags/example_python_decorator.py for tasks to queue
[2024-11-25T09:09:58.791+0000] {logging_mixin.py:190} INFO - [2024-11-25T09:09:58.790+0000] {dagbag.py:588} INFO - Filling up the DagBag from /home/airflow/.local/lib/python3.12/site-packages/airflow/example_dags/example_python_decorator.py
[2024-11-25T09:09:58.810+0000] {processor.py:925} INFO - DAG(s) 'example_python_decorator' retrieved from /home/airflow/.local/lib/python3.12/site-packages/airflow/example_dags/example_python_decorator.py
[2024-11-25T09:09:58.841+0000] {logging_mixin.py:190} INFO - [2024-11-25T09:09:58.840+0000] {dag.py:3239} INFO - Sync 1 DAGs
[2024-11-25T09:09:58.860+0000] {logging_mixin.py:190} INFO - [2024-11-25T09:09:58.859+0000] {dag.py:4180} INFO - Setting next_dagrun for example_python_decorator to None, run_after=None
[2024-11-25T09:09:58.898+0000] {processor.py:208} INFO - Processing /home/airflow/.local/lib/python3.12/site-packages/airflow/example_dags/example_python_decorator.py took 0.118 seconds
[2024-11-25T09:10:29.277+0000] {processor.py:186} INFO - Started process (PID=17349) to work on /home/airflow/.local/lib/python3.12/site-packages/airflow/example_dags/example_python_decorator.py
[2024-11-25T09:10:29.278+0000] {processor.py:914} INFO - Processing file /home/airflow/.local/lib/python3.12/site-packages/airflow/example_dags/example_python_decorator.py for tasks to queue
[2024-11-25T09:10:29.281+0000] {logging_mixin.py:190} INFO - [2024-11-25T09:10:29.280+0000] {dagbag.py:588} INFO - Filling up the DagBag from /home/airflow/.local/lib/python3.12/site-packages/airflow/example_dags/example_python_decorator.py
[2024-11-25T09:10:29.298+0000] {processor.py:925} INFO - DAG(s) 'example_python_decorator' retrieved from /home/airflow/.local/lib/python3.12/site-packages/airflow/example_dags/example_python_decorator.py
[2024-11-25T09:10:29.331+0000] {logging_mixin.py:190} INFO - [2024-11-25T09:10:29.330+0000] {dag.py:3239} INFO - Sync 1 DAGs
[2024-11-25T09:10:29.347+0000] {logging_mixin.py:190} INFO - [2024-11-25T09:10:29.347+0000] {dag.py:4180} INFO - Setting next_dagrun for example_python_decorator to None, run_after=None
[2024-11-25T09:10:29.376+0000] {processor.py:208} INFO - Processing /home/airflow/.local/lib/python3.12/site-packages/airflow/example_dags/example_python_decorator.py took 0.105 seconds
[2024-11-25T09:10:59.790+0000] {processor.py:186} INFO - Started process (PID=17650) to work on /home/airflow/.local/lib/python3.12/site-packages/airflow/example_dags/example_python_decorator.py
[2024-11-25T09:10:59.792+0000] {processor.py:914} INFO - Processing file /home/airflow/.local/lib/python3.12/site-packages/airflow/example_dags/example_python_decorator.py for tasks to queue
[2024-11-25T09:10:59.797+0000] {logging_mixin.py:190} INFO - [2024-11-25T09:10:59.796+0000] {dagbag.py:588} INFO - Filling up the DagBag from /home/airflow/.local/lib/python3.12/site-packages/airflow/example_dags/example_python_decorator.py
[2024-11-25T09:10:59.825+0000] {processor.py:925} INFO - DAG(s) 'example_python_decorator' retrieved from /home/airflow/.local/lib/python3.12/site-packages/airflow/example_dags/example_python_decorator.py
[2024-11-25T09:10:59.854+0000] {logging_mixin.py:190} INFO - [2024-11-25T09:10:59.854+0000] {dag.py:3239} INFO - Sync 1 DAGs
[2024-11-25T09:10:59.870+0000] {logging_mixin.py:190} INFO - [2024-11-25T09:10:59.870+0000] {dag.py:4180} INFO - Setting next_dagrun for example_python_decorator to None, run_after=None
[2024-11-25T09:10:59.891+0000] {processor.py:208} INFO - Processing /home/airflow/.local/lib/python3.12/site-packages/airflow/example_dags/example_python_decorator.py took 0.111 seconds
[2024-11-25T09:11:30.461+0000] {processor.py:186} INFO - Started process (PID=17947) to work on /home/airflow/.local/lib/python3.12/site-packages/airflow/example_dags/example_python_decorator.py
[2024-11-25T09:11:30.462+0000] {processor.py:914} INFO - Processing file /home/airflow/.local/lib/python3.12/site-packages/airflow/example_dags/example_python_decorator.py for tasks to queue
[2024-11-25T09:11:30.465+0000] {logging_mixin.py:190} INFO - [2024-11-25T09:11:30.464+0000] {dagbag.py:588} INFO - Filling up the DagBag from /home/airflow/.local/lib/python3.12/site-packages/airflow/example_dags/example_python_decorator.py
[2024-11-25T09:11:30.489+0000] {processor.py:925} INFO - DAG(s) 'example_python_decorator' retrieved from /home/airflow/.local/lib/python3.12/site-packages/airflow/example_dags/example_python_decorator.py
[2024-11-25T09:11:30.521+0000] {logging_mixin.py:190} INFO - [2024-11-25T09:11:30.520+0000] {dag.py:3239} INFO - Sync 1 DAGs
[2024-11-25T09:11:30.539+0000] {logging_mixin.py:190} INFO - [2024-11-25T09:11:30.539+0000] {dag.py:4180} INFO - Setting next_dagrun for example_python_decorator to None, run_after=None
[2024-11-25T09:11:30.563+0000] {processor.py:208} INFO - Processing /home/airflow/.local/lib/python3.12/site-packages/airflow/example_dags/example_python_decorator.py took 0.109 seconds
[2024-11-25T09:12:00.951+0000] {processor.py:186} INFO - Started process (PID=18248) to work on /home/airflow/.local/lib/python3.12/site-packages/airflow/example_dags/example_python_decorator.py
[2024-11-25T09:12:00.952+0000] {processor.py:914} INFO - Processing file /home/airflow/.local/lib/python3.12/site-packages/airflow/example_dags/example_python_decorator.py for tasks to queue
[2024-11-25T09:12:00.955+0000] {logging_mixin.py:190} INFO - [2024-11-25T09:12:00.955+0000] {dagbag.py:588} INFO - Filling up the DagBag from /home/airflow/.local/lib/python3.12/site-packages/airflow/example_dags/example_python_decorator.py
[2024-11-25T09:12:00.970+0000] {processor.py:925} INFO - DAG(s) 'example_python_decorator' retrieved from /home/airflow/.local/lib/python3.12/site-packages/airflow/example_dags/example_python_decorator.py
[2024-11-25T09:12:01.001+0000] {logging_mixin.py:190} INFO - [2024-11-25T09:12:01.001+0000] {dag.py:3239} INFO - Sync 1 DAGs
[2024-11-25T09:12:01.019+0000] {logging_mixin.py:190} INFO - [2024-11-25T09:12:01.019+0000] {dag.py:4180} INFO - Setting next_dagrun for example_python_decorator to None, run_after=None
[2024-11-25T09:12:01.039+0000] {processor.py:208} INFO - Processing /home/airflow/.local/lib/python3.12/site-packages/airflow/example_dags/example_python_decorator.py took 0.095 seconds
[2024-11-25T09:12:31.579+0000] {processor.py:186} INFO - Started process (PID=18550) to work on /home/airflow/.local/lib/python3.12/site-packages/airflow/example_dags/example_python_decorator.py
[2024-11-25T09:12:31.580+0000] {processor.py:914} INFO - Processing file /home/airflow/.local/lib/python3.12/site-packages/airflow/example_dags/example_python_decorator.py for tasks to queue
[2024-11-25T09:12:31.583+0000] {logging_mixin.py:190} INFO - [2024-11-25T09:12:31.582+0000] {dagbag.py:588} INFO - Filling up the DagBag from /home/airflow/.local/lib/python3.12/site-packages/airflow/example_dags/example_python_decorator.py
[2024-11-25T09:12:31.600+0000] {processor.py:925} INFO - DAG(s) 'example_python_decorator' retrieved from /home/airflow/.local/lib/python3.12/site-packages/airflow/example_dags/example_python_decorator.py
[2024-11-25T09:12:31.627+0000] {logging_mixin.py:190} INFO - [2024-11-25T09:12:31.627+0000] {dag.py:3239} INFO - Sync 1 DAGs
[2024-11-25T09:12:31.645+0000] {logging_mixin.py:190} INFO - [2024-11-25T09:12:31.645+0000] {dag.py:4180} INFO - Setting next_dagrun for example_python_decorator to None, run_after=None
[2024-11-25T09:12:31.666+0000] {processor.py:208} INFO - Processing /home/airflow/.local/lib/python3.12/site-packages/airflow/example_dags/example_python_decorator.py took 0.094 seconds
[2024-11-25T09:13:01.992+0000] {processor.py:186} INFO - Started process (PID=18851) to work on /home/airflow/.local/lib/python3.12/site-packages/airflow/example_dags/example_python_decorator.py
[2024-11-25T09:13:01.993+0000] {processor.py:914} INFO - Processing file /home/airflow/.local/lib/python3.12/site-packages/airflow/example_dags/example_python_decorator.py for tasks to queue
[2024-11-25T09:13:01.996+0000] {logging_mixin.py:190} INFO - [2024-11-25T09:13:01.995+0000] {dagbag.py:588} INFO - Filling up the DagBag from /home/airflow/.local/lib/python3.12/site-packages/airflow/example_dags/example_python_decorator.py
[2024-11-25T09:13:02.013+0000] {processor.py:925} INFO - DAG(s) 'example_python_decorator' retrieved from /home/airflow/.local/lib/python3.12/site-packages/airflow/example_dags/example_python_decorator.py
[2024-11-25T09:13:02.044+0000] {logging_mixin.py:190} INFO - [2024-11-25T09:13:02.043+0000] {dag.py:3239} INFO - Sync 1 DAGs
[2024-11-25T09:13:02.060+0000] {logging_mixin.py:190} INFO - [2024-11-25T09:13:02.060+0000] {dag.py:4180} INFO - Setting next_dagrun for example_python_decorator to None, run_after=None
[2024-11-25T09:13:02.080+0000] {processor.py:208} INFO - Processing /home/airflow/.local/lib/python3.12/site-packages/airflow/example_dags/example_python_decorator.py took 0.095 seconds
[2024-11-25T09:13:32.372+0000] {processor.py:186} INFO - Started process (PID=19152) to work on /home/airflow/.local/lib/python3.12/site-packages/airflow/example_dags/example_python_decorator.py
[2024-11-25T09:13:32.373+0000] {processor.py:914} INFO - Processing file /home/airflow/.local/lib/python3.12/site-packages/airflow/example_dags/example_python_decorator.py for tasks to queue
[2024-11-25T09:13:32.375+0000] {logging_mixin.py:190} INFO - [2024-11-25T09:13:32.375+0000] {dagbag.py:588} INFO - Filling up the DagBag from /home/airflow/.local/lib/python3.12/site-packages/airflow/example_dags/example_python_decorator.py
[2024-11-25T09:13:32.389+0000] {processor.py:925} INFO - DAG(s) 'example_python_decorator' retrieved from /home/airflow/.local/lib/python3.12/site-packages/airflow/example_dags/example_python_decorator.py
[2024-11-25T09:13:32.417+0000] {logging_mixin.py:190} INFO - [2024-11-25T09:13:32.416+0000] {dag.py:3239} INFO - Sync 1 DAGs
[2024-11-25T09:13:32.432+0000] {logging_mixin.py:190} INFO - [2024-11-25T09:13:32.432+0000] {dag.py:4180} INFO - Setting next_dagrun for example_python_decorator to None, run_after=None
[2024-11-25T09:13:32.455+0000] {processor.py:208} INFO - Processing /home/airflow/.local/lib/python3.12/site-packages/airflow/example_dags/example_python_decorator.py took 0.089 seconds
[2024-11-25T09:14:03.159+0000] {processor.py:186} INFO - Started process (PID=19453) to work on /home/airflow/.local/lib/python3.12/site-packages/airflow/example_dags/example_python_decorator.py
[2024-11-25T09:14:03.160+0000] {processor.py:914} INFO - Processing file /home/airflow/.local/lib/python3.12/site-packages/airflow/example_dags/example_python_decorator.py for tasks to queue
[2024-11-25T09:14:03.163+0000] {logging_mixin.py:190} INFO - [2024-11-25T09:14:03.163+0000] {dagbag.py:588} INFO - Filling up the DagBag from /home/airflow/.local/lib/python3.12/site-packages/airflow/example_dags/example_python_decorator.py
[2024-11-25T09:14:03.188+0000] {processor.py:925} INFO - DAG(s) 'example_python_decorator' retrieved from /home/airflow/.local/lib/python3.12/site-packages/airflow/example_dags/example_python_decorator.py
[2024-11-25T09:14:03.223+0000] {logging_mixin.py:190} INFO - [2024-11-25T09:14:03.223+0000] {dag.py:3239} INFO - Sync 1 DAGs
[2024-11-25T09:14:03.242+0000] {logging_mixin.py:190} INFO - [2024-11-25T09:14:03.242+0000] {dag.py:4180} INFO - Setting next_dagrun for example_python_decorator to None, run_after=None
[2024-11-25T09:14:03.270+0000] {processor.py:208} INFO - Processing /home/airflow/.local/lib/python3.12/site-packages/airflow/example_dags/example_python_decorator.py took 0.119 seconds
[2024-11-25T09:14:34.163+0000] {processor.py:186} INFO - Started process (PID=19754) to work on /home/airflow/.local/lib/python3.12/site-packages/airflow/example_dags/example_python_decorator.py
[2024-11-25T09:14:34.164+0000] {processor.py:914} INFO - Processing file /home/airflow/.local/lib/python3.12/site-packages/airflow/example_dags/example_python_decorator.py for tasks to queue
[2024-11-25T09:14:34.168+0000] {logging_mixin.py:190} INFO - [2024-11-25T09:14:34.167+0000] {dagbag.py:588} INFO - Filling up the DagBag from /home/airflow/.local/lib/python3.12/site-packages/airflow/example_dags/example_python_decorator.py
[2024-11-25T09:14:34.184+0000] {processor.py:925} INFO - DAG(s) 'example_python_decorator' retrieved from /home/airflow/.local/lib/python3.12/site-packages/airflow/example_dags/example_python_decorator.py
[2024-11-25T09:14:34.215+0000] {logging_mixin.py:190} INFO - [2024-11-25T09:14:34.214+0000] {dag.py:3239} INFO - Sync 1 DAGs
[2024-11-25T09:14:34.231+0000] {logging_mixin.py:190} INFO - [2024-11-25T09:14:34.230+0000] {dag.py:4180} INFO - Setting next_dagrun for example_python_decorator to None, run_after=None
[2024-11-25T09:14:34.254+0000] {processor.py:208} INFO - Processing /home/airflow/.local/lib/python3.12/site-packages/airflow/example_dags/example_python_decorator.py took 0.099 seconds
[2024-11-25T09:15:04.754+0000] {processor.py:186} INFO - Started process (PID=20055) to work on /home/airflow/.local/lib/python3.12/site-packages/airflow/example_dags/example_python_decorator.py
[2024-11-25T09:15:04.756+0000] {processor.py:914} INFO - Processing file /home/airflow/.local/lib/python3.12/site-packages/airflow/example_dags/example_python_decorator.py for tasks to queue
[2024-11-25T09:15:04.760+0000] {logging_mixin.py:190} INFO - [2024-11-25T09:15:04.759+0000] {dagbag.py:588} INFO - Filling up the DagBag from /home/airflow/.local/lib/python3.12/site-packages/airflow/example_dags/example_python_decorator.py
[2024-11-25T09:15:04.783+0000] {processor.py:925} INFO - DAG(s) 'example_python_decorator' retrieved from /home/airflow/.local/lib/python3.12/site-packages/airflow/example_dags/example_python_decorator.py
[2024-11-25T09:15:04.813+0000] {logging_mixin.py:190} INFO - [2024-11-25T09:15:04.813+0000] {dag.py:3239} INFO - Sync 1 DAGs
[2024-11-25T09:15:04.838+0000] {logging_mixin.py:190} INFO - [2024-11-25T09:15:04.837+0000] {dag.py:4180} INFO - Setting next_dagrun for example_python_decorator to None, run_after=None
[2024-11-25T09:15:04.862+0000] {processor.py:208} INFO - Processing /home/airflow/.local/lib/python3.12/site-packages/airflow/example_dags/example_python_decorator.py took 0.118 seconds
[2024-11-25T09:15:35.085+0000] {processor.py:186} INFO - Started process (PID=20356) to work on /home/airflow/.local/lib/python3.12/site-packages/airflow/example_dags/example_python_decorator.py
[2024-11-25T09:15:35.086+0000] {processor.py:914} INFO - Processing file /home/airflow/.local/lib/python3.12/site-packages/airflow/example_dags/example_python_decorator.py for tasks to queue
[2024-11-25T09:15:35.090+0000] {logging_mixin.py:190} INFO - [2024-11-25T09:15:35.089+0000] {dagbag.py:588} INFO - Filling up the DagBag from /home/airflow/.local/lib/python3.12/site-packages/airflow/example_dags/example_python_decorator.py
[2024-11-25T09:15:35.125+0000] {processor.py:925} INFO - DAG(s) 'example_python_decorator' retrieved from /home/airflow/.local/lib/python3.12/site-packages/airflow/example_dags/example_python_decorator.py
[2024-11-25T09:15:35.163+0000] {logging_mixin.py:190} INFO - [2024-11-25T09:15:35.163+0000] {dag.py:3239} INFO - Sync 1 DAGs
[2024-11-25T09:15:35.186+0000] {logging_mixin.py:190} INFO - [2024-11-25T09:15:35.185+0000] {dag.py:4180} INFO - Setting next_dagrun for example_python_decorator to None, run_after=None
[2024-11-25T09:15:35.223+0000] {processor.py:208} INFO - Processing /home/airflow/.local/lib/python3.12/site-packages/airflow/example_dags/example_python_decorator.py took 0.149 seconds
[2024-11-25T09:16:05.603+0000] {processor.py:186} INFO - Started process (PID=20657) to work on /home/airflow/.local/lib/python3.12/site-packages/airflow/example_dags/example_python_decorator.py
[2024-11-25T09:16:05.607+0000] {processor.py:914} INFO - Processing file /home/airflow/.local/lib/python3.12/site-packages/airflow/example_dags/example_python_decorator.py for tasks to queue
[2024-11-25T09:16:05.612+0000] {logging_mixin.py:190} INFO - [2024-11-25T09:16:05.611+0000] {dagbag.py:588} INFO - Filling up the DagBag from /home/airflow/.local/lib/python3.12/site-packages/airflow/example_dags/example_python_decorator.py
[2024-11-25T09:16:05.638+0000] {processor.py:925} INFO - DAG(s) 'example_python_decorator' retrieved from /home/airflow/.local/lib/python3.12/site-packages/airflow/example_dags/example_python_decorator.py
[2024-11-25T09:16:05.668+0000] {logging_mixin.py:190} INFO - [2024-11-25T09:16:05.668+0000] {dag.py:3239} INFO - Sync 1 DAGs
[2024-11-25T09:16:05.687+0000] {logging_mixin.py:190} INFO - [2024-11-25T09:16:05.687+0000] {dag.py:4180} INFO - Setting next_dagrun for example_python_decorator to None, run_after=None
[2024-11-25T09:16:05.717+0000] {processor.py:208} INFO - Processing /home/airflow/.local/lib/python3.12/site-packages/airflow/example_dags/example_python_decorator.py took 0.131 seconds
[2024-11-25T09:16:37.932+0000] {processor.py:186} INFO - Started process (PID=20958) to work on /home/airflow/.local/lib/python3.12/site-packages/airflow/example_dags/example_python_decorator.py
[2024-11-25T09:16:37.934+0000] {processor.py:914} INFO - Processing file /home/airflow/.local/lib/python3.12/site-packages/airflow/example_dags/example_python_decorator.py for tasks to queue
[2024-11-25T09:16:37.937+0000] {logging_mixin.py:190} INFO - [2024-11-25T09:16:37.937+0000] {dagbag.py:588} INFO - Filling up the DagBag from /home/airflow/.local/lib/python3.12/site-packages/airflow/example_dags/example_python_decorator.py
[2024-11-25T09:16:37.970+0000] {processor.py:925} INFO - DAG(s) 'example_python_decorator' retrieved from /home/airflow/.local/lib/python3.12/site-packages/airflow/example_dags/example_python_decorator.py
[2024-11-25T09:16:38.021+0000] {logging_mixin.py:190} INFO - [2024-11-25T09:16:38.020+0000] {dag.py:3239} INFO - Sync 1 DAGs
[2024-11-25T09:16:38.070+0000] {logging_mixin.py:190} INFO - [2024-11-25T09:16:38.070+0000] {dag.py:4180} INFO - Setting next_dagrun for example_python_decorator to None, run_after=None
[2024-11-25T09:16:38.123+0000] {processor.py:208} INFO - Processing /home/airflow/.local/lib/python3.12/site-packages/airflow/example_dags/example_python_decorator.py took 0.200 seconds
[2024-11-25T09:17:08.370+0000] {processor.py:186} INFO - Started process (PID=21254) to work on /home/airflow/.local/lib/python3.12/site-packages/airflow/example_dags/example_python_decorator.py
[2024-11-25T09:17:08.372+0000] {processor.py:914} INFO - Processing file /home/airflow/.local/lib/python3.12/site-packages/airflow/example_dags/example_python_decorator.py for tasks to queue
[2024-11-25T09:17:08.375+0000] {logging_mixin.py:190} INFO - [2024-11-25T09:17:08.375+0000] {dagbag.py:588} INFO - Filling up the DagBag from /home/airflow/.local/lib/python3.12/site-packages/airflow/example_dags/example_python_decorator.py
[2024-11-25T09:17:08.403+0000] {processor.py:925} INFO - DAG(s) 'example_python_decorator' retrieved from /home/airflow/.local/lib/python3.12/site-packages/airflow/example_dags/example_python_decorator.py
[2024-11-25T09:17:08.464+0000] {logging_mixin.py:190} INFO - [2024-11-25T09:17:08.464+0000] {dag.py:3239} INFO - Sync 1 DAGs
[2024-11-25T09:17:08.495+0000] {logging_mixin.py:190} INFO - [2024-11-25T09:17:08.495+0000] {dag.py:4180} INFO - Setting next_dagrun for example_python_decorator to None, run_after=None
[2024-11-25T09:17:08.534+0000] {processor.py:208} INFO - Processing /home/airflow/.local/lib/python3.12/site-packages/airflow/example_dags/example_python_decorator.py took 0.173 seconds
[2024-11-25T09:17:38.647+0000] {processor.py:186} INFO - Started process (PID=21557) to work on /home/airflow/.local/lib/python3.12/site-packages/airflow/example_dags/example_python_decorator.py
[2024-11-25T09:17:38.649+0000] {processor.py:914} INFO - Processing file /home/airflow/.local/lib/python3.12/site-packages/airflow/example_dags/example_python_decorator.py for tasks to queue
[2024-11-25T09:17:38.652+0000] {logging_mixin.py:190} INFO - [2024-11-25T09:17:38.652+0000] {dagbag.py:588} INFO - Filling up the DagBag from /home/airflow/.local/lib/python3.12/site-packages/airflow/example_dags/example_python_decorator.py
[2024-11-25T09:17:38.672+0000] {processor.py:925} INFO - DAG(s) 'example_python_decorator' retrieved from /home/airflow/.local/lib/python3.12/site-packages/airflow/example_dags/example_python_decorator.py
[2024-11-25T09:17:38.704+0000] {logging_mixin.py:190} INFO - [2024-11-25T09:17:38.704+0000] {dag.py:3239} INFO - Sync 1 DAGs
[2024-11-25T09:17:38.722+0000] {logging_mixin.py:190} INFO - [2024-11-25T09:17:38.722+0000] {dag.py:4180} INFO - Setting next_dagrun for example_python_decorator to None, run_after=None
[2024-11-25T09:17:38.753+0000] {processor.py:208} INFO - Processing /home/airflow/.local/lib/python3.12/site-packages/airflow/example_dags/example_python_decorator.py took 0.112 seconds
[2024-11-25T09:18:09.181+0000] {processor.py:186} INFO - Started process (PID=21811) to work on /home/airflow/.local/lib/python3.12/site-packages/airflow/example_dags/example_python_decorator.py
[2024-11-25T09:18:09.182+0000] {processor.py:914} INFO - Processing file /home/airflow/.local/lib/python3.12/site-packages/airflow/example_dags/example_python_decorator.py for tasks to queue
[2024-11-25T09:18:09.185+0000] {logging_mixin.py:190} INFO - [2024-11-25T09:18:09.184+0000] {dagbag.py:588} INFO - Filling up the DagBag from /home/airflow/.local/lib/python3.12/site-packages/airflow/example_dags/example_python_decorator.py
[2024-11-25T09:18:09.203+0000] {processor.py:925} INFO - DAG(s) 'example_python_decorator' retrieved from /home/airflow/.local/lib/python3.12/site-packages/airflow/example_dags/example_python_decorator.py
[2024-11-25T09:18:09.232+0000] {logging_mixin.py:190} INFO - [2024-11-25T09:18:09.232+0000] {dag.py:3239} INFO - Sync 1 DAGs
[2024-11-25T09:18:09.254+0000] {logging_mixin.py:190} INFO - [2024-11-25T09:18:09.254+0000] {dag.py:4180} INFO - Setting next_dagrun for example_python_decorator to None, run_after=None
[2024-11-25T09:18:09.288+0000] {processor.py:208} INFO - Processing /home/airflow/.local/lib/python3.12/site-packages/airflow/example_dags/example_python_decorator.py took 0.115 seconds
[2024-11-25T09:18:39.496+0000] {processor.py:186} INFO - Started process (PID=22112) to work on /home/airflow/.local/lib/python3.12/site-packages/airflow/example_dags/example_python_decorator.py
[2024-11-25T09:18:39.497+0000] {processor.py:914} INFO - Processing file /home/airflow/.local/lib/python3.12/site-packages/airflow/example_dags/example_python_decorator.py for tasks to queue
[2024-11-25T09:18:39.500+0000] {logging_mixin.py:190} INFO - [2024-11-25T09:18:39.499+0000] {dagbag.py:588} INFO - Filling up the DagBag from /home/airflow/.local/lib/python3.12/site-packages/airflow/example_dags/example_python_decorator.py
[2024-11-25T09:18:39.514+0000] {processor.py:925} INFO - DAG(s) 'example_python_decorator' retrieved from /home/airflow/.local/lib/python3.12/site-packages/airflow/example_dags/example_python_decorator.py
[2024-11-25T09:18:39.546+0000] {logging_mixin.py:190} INFO - [2024-11-25T09:18:39.545+0000] {dag.py:3239} INFO - Sync 1 DAGs
[2024-11-25T09:18:39.562+0000] {logging_mixin.py:190} INFO - [2024-11-25T09:18:39.562+0000] {dag.py:4180} INFO - Setting next_dagrun for example_python_decorator to None, run_after=None
[2024-11-25T09:18:39.584+0000] {processor.py:208} INFO - Processing /home/airflow/.local/lib/python3.12/site-packages/airflow/example_dags/example_python_decorator.py took 0.096 seconds
