[2024-11-25T08:41:28.391+0000] {processor.py:186} INFO - Started process (PID=277) to work on /home/airflow/.local/lib/python3.12/site-packages/airflow/example_dags/example_setup_teardown.py
[2024-11-25T08:41:28.392+0000] {processor.py:914} INFO - Processing file /home/airflow/.local/lib/python3.12/site-packages/airflow/example_dags/example_setup_teardown.py for tasks to queue
[2024-11-25T08:41:28.395+0000] {logging_mixin.py:190} INFO - [2024-11-25T08:41:28.395+0000] {dagbag.py:588} INFO - Filling up the DagBag from /home/airflow/.local/lib/python3.12/site-packages/airflow/example_dags/example_setup_teardown.py
[2024-11-25T08:41:28.409+0000] {processor.py:925} INFO - DAG(s) 'example_setup_teardown' retrieved from /home/airflow/.local/lib/python3.12/site-packages/airflow/example_dags/example_setup_teardown.py
[2024-11-25T08:41:28.563+0000] {logging_mixin.py:190} INFO - [2024-11-25T08:41:28.562+0000] {override.py:1911} INFO - Created Permission View: can edit on DAG:example_setup_teardown
[2024-11-25T08:41:28.583+0000] {logging_mixin.py:190} INFO - [2024-11-25T08:41:28.582+0000] {override.py:1911} INFO - Created Permission View: can delete on DAG:example_setup_teardown
[2024-11-25T08:41:28.597+0000] {logging_mixin.py:190} INFO - [2024-11-25T08:41:28.597+0000] {override.py:1911} INFO - Created Permission View: can read on DAG:example_setup_teardown
[2024-11-25T08:41:28.614+0000] {logging_mixin.py:190} INFO - [2024-11-25T08:41:28.614+0000] {override.py:1911} INFO - Created Permission View: can create on DAG Run:example_setup_teardown
[2024-11-25T08:41:28.652+0000] {logging_mixin.py:190} INFO - [2024-11-25T08:41:28.651+0000] {override.py:1911} INFO - Created Permission View: can delete on DAG Run:example_setup_teardown
[2024-11-25T08:41:28.706+0000] {logging_mixin.py:190} INFO - [2024-11-25T08:41:28.705+0000] {override.py:1911} INFO - Created Permission View: menu access on DAG Run:example_setup_teardown
[2024-11-25T08:41:28.721+0000] {logging_mixin.py:190} INFO - [2024-11-25T08:41:28.721+0000] {override.py:1911} INFO - Created Permission View: can read on DAG Run:example_setup_teardown
[2024-11-25T08:41:28.722+0000] {logging_mixin.py:190} INFO - [2024-11-25T08:41:28.722+0000] {dag.py:3239} INFO - Sync 1 DAGs
[2024-11-25T08:41:28.755+0000] {logging_mixin.py:190} INFO - [2024-11-25T08:41:28.754+0000] {dag.py:3262} INFO - Creating ORM DAG for example_setup_teardown
[2024-11-25T08:41:28.757+0000] {logging_mixin.py:190} INFO - [2024-11-25T08:41:28.756+0000] {dag.py:4180} INFO - Setting next_dagrun for example_setup_teardown to None, run_after=None
[2024-11-25T08:41:28.797+0000] {processor.py:208} INFO - Processing /home/airflow/.local/lib/python3.12/site-packages/airflow/example_dags/example_setup_teardown.py took 0.414 seconds
[2024-11-25T08:41:59.272+0000] {processor.py:186} INFO - Started process (PID=574) to work on /home/airflow/.local/lib/python3.12/site-packages/airflow/example_dags/example_setup_teardown.py
[2024-11-25T08:41:59.274+0000] {processor.py:914} INFO - Processing file /home/airflow/.local/lib/python3.12/site-packages/airflow/example_dags/example_setup_teardown.py for tasks to queue
[2024-11-25T08:41:59.281+0000] {logging_mixin.py:190} INFO - [2024-11-25T08:41:59.280+0000] {dagbag.py:588} INFO - Filling up the DagBag from /home/airflow/.local/lib/python3.12/site-packages/airflow/example_dags/example_setup_teardown.py
[2024-11-25T08:41:59.308+0000] {processor.py:925} INFO - DAG(s) 'example_setup_teardown' retrieved from /home/airflow/.local/lib/python3.12/site-packages/airflow/example_dags/example_setup_teardown.py
[2024-11-25T08:41:59.364+0000] {logging_mixin.py:190} INFO - [2024-11-25T08:41:59.363+0000] {dag.py:3239} INFO - Sync 1 DAGs
[2024-11-25T08:41:59.417+0000] {logging_mixin.py:190} INFO - [2024-11-25T08:41:59.416+0000] {dag.py:4180} INFO - Setting next_dagrun for example_setup_teardown to None, run_after=None
[2024-11-25T08:41:59.471+0000] {processor.py:208} INFO - Processing /home/airflow/.local/lib/python3.12/site-packages/airflow/example_dags/example_setup_teardown.py took 0.213 seconds
[2024-11-25T08:42:30.560+0000] {processor.py:186} INFO - Started process (PID=876) to work on /home/airflow/.local/lib/python3.12/site-packages/airflow/example_dags/example_setup_teardown.py
[2024-11-25T08:42:30.564+0000] {processor.py:914} INFO - Processing file /home/airflow/.local/lib/python3.12/site-packages/airflow/example_dags/example_setup_teardown.py for tasks to queue
[2024-11-25T08:42:30.571+0000] {logging_mixin.py:190} INFO - [2024-11-25T08:42:30.570+0000] {dagbag.py:588} INFO - Filling up the DagBag from /home/airflow/.local/lib/python3.12/site-packages/airflow/example_dags/example_setup_teardown.py
[2024-11-25T08:42:30.595+0000] {processor.py:925} INFO - DAG(s) 'example_setup_teardown' retrieved from /home/airflow/.local/lib/python3.12/site-packages/airflow/example_dags/example_setup_teardown.py
[2024-11-25T08:42:30.684+0000] {logging_mixin.py:190} INFO - [2024-11-25T08:42:30.683+0000] {dag.py:3239} INFO - Sync 1 DAGs
[2024-11-25T08:42:30.739+0000] {logging_mixin.py:190} INFO - [2024-11-25T08:42:30.738+0000] {dag.py:4180} INFO - Setting next_dagrun for example_setup_teardown to None, run_after=None
[2024-11-25T08:42:30.808+0000] {processor.py:208} INFO - Processing /home/airflow/.local/lib/python3.12/site-packages/airflow/example_dags/example_setup_teardown.py took 0.270 seconds
[2024-11-25T08:43:01.285+0000] {processor.py:186} INFO - Started process (PID=1183) to work on /home/airflow/.local/lib/python3.12/site-packages/airflow/example_dags/example_setup_teardown.py
[2024-11-25T08:43:01.286+0000] {processor.py:914} INFO - Processing file /home/airflow/.local/lib/python3.12/site-packages/airflow/example_dags/example_setup_teardown.py for tasks to queue
[2024-11-25T08:43:01.288+0000] {logging_mixin.py:190} INFO - [2024-11-25T08:43:01.288+0000] {dagbag.py:588} INFO - Filling up the DagBag from /home/airflow/.local/lib/python3.12/site-packages/airflow/example_dags/example_setup_teardown.py
[2024-11-25T08:43:01.297+0000] {processor.py:925} INFO - DAG(s) 'example_setup_teardown' retrieved from /home/airflow/.local/lib/python3.12/site-packages/airflow/example_dags/example_setup_teardown.py
[2024-11-25T08:43:01.324+0000] {logging_mixin.py:190} INFO - [2024-11-25T08:43:01.324+0000] {dag.py:3239} INFO - Sync 1 DAGs
[2024-11-25T08:43:01.346+0000] {logging_mixin.py:190} INFO - [2024-11-25T08:43:01.346+0000] {dag.py:4180} INFO - Setting next_dagrun for example_setup_teardown to None, run_after=None
[2024-11-25T08:43:01.367+0000] {processor.py:208} INFO - Processing /home/airflow/.local/lib/python3.12/site-packages/airflow/example_dags/example_setup_teardown.py took 0.089 seconds
[2024-11-25T08:43:31.667+0000] {processor.py:186} INFO - Started process (PID=1484) to work on /home/airflow/.local/lib/python3.12/site-packages/airflow/example_dags/example_setup_teardown.py
[2024-11-25T08:43:31.669+0000] {processor.py:914} INFO - Processing file /home/airflow/.local/lib/python3.12/site-packages/airflow/example_dags/example_setup_teardown.py for tasks to queue
[2024-11-25T08:43:31.671+0000] {logging_mixin.py:190} INFO - [2024-11-25T08:43:31.671+0000] {dagbag.py:588} INFO - Filling up the DagBag from /home/airflow/.local/lib/python3.12/site-packages/airflow/example_dags/example_setup_teardown.py
[2024-11-25T08:43:31.680+0000] {processor.py:925} INFO - DAG(s) 'example_setup_teardown' retrieved from /home/airflow/.local/lib/python3.12/site-packages/airflow/example_dags/example_setup_teardown.py
[2024-11-25T08:43:31.705+0000] {logging_mixin.py:190} INFO - [2024-11-25T08:43:31.705+0000] {dag.py:3239} INFO - Sync 1 DAGs
[2024-11-25T08:43:31.727+0000] {logging_mixin.py:190} INFO - [2024-11-25T08:43:31.727+0000] {dag.py:4180} INFO - Setting next_dagrun for example_setup_teardown to None, run_after=None
[2024-11-25T08:43:31.749+0000] {processor.py:208} INFO - Processing /home/airflow/.local/lib/python3.12/site-packages/airflow/example_dags/example_setup_teardown.py took 0.089 seconds
[2024-11-25T08:44:02.542+0000] {processor.py:186} INFO - Started process (PID=1786) to work on /home/airflow/.local/lib/python3.12/site-packages/airflow/example_dags/example_setup_teardown.py
[2024-11-25T08:44:02.543+0000] {processor.py:914} INFO - Processing file /home/airflow/.local/lib/python3.12/site-packages/airflow/example_dags/example_setup_teardown.py for tasks to queue
[2024-11-25T08:44:02.546+0000] {logging_mixin.py:190} INFO - [2024-11-25T08:44:02.545+0000] {dagbag.py:588} INFO - Filling up the DagBag from /home/airflow/.local/lib/python3.12/site-packages/airflow/example_dags/example_setup_teardown.py
[2024-11-25T08:44:02.555+0000] {processor.py:925} INFO - DAG(s) 'example_setup_teardown' retrieved from /home/airflow/.local/lib/python3.12/site-packages/airflow/example_dags/example_setup_teardown.py
[2024-11-25T08:44:02.579+0000] {logging_mixin.py:190} INFO - [2024-11-25T08:44:02.579+0000] {dag.py:3239} INFO - Sync 1 DAGs
[2024-11-25T08:44:02.594+0000] {logging_mixin.py:190} INFO - [2024-11-25T08:44:02.593+0000] {dag.py:4180} INFO - Setting next_dagrun for example_setup_teardown to None, run_after=None
[2024-11-25T08:44:02.615+0000] {processor.py:208} INFO - Processing /home/airflow/.local/lib/python3.12/site-packages/airflow/example_dags/example_setup_teardown.py took 0.078 seconds
[2024-11-25T08:44:33.209+0000] {processor.py:186} INFO - Started process (PID=2087) to work on /home/airflow/.local/lib/python3.12/site-packages/airflow/example_dags/example_setup_teardown.py
[2024-11-25T08:44:33.211+0000] {processor.py:914} INFO - Processing file /home/airflow/.local/lib/python3.12/site-packages/airflow/example_dags/example_setup_teardown.py for tasks to queue
[2024-11-25T08:44:33.215+0000] {logging_mixin.py:190} INFO - [2024-11-25T08:44:33.214+0000] {dagbag.py:588} INFO - Filling up the DagBag from /home/airflow/.local/lib/python3.12/site-packages/airflow/example_dags/example_setup_teardown.py
[2024-11-25T08:44:33.228+0000] {processor.py:925} INFO - DAG(s) 'example_setup_teardown' retrieved from /home/airflow/.local/lib/python3.12/site-packages/airflow/example_dags/example_setup_teardown.py
[2024-11-25T08:44:33.263+0000] {logging_mixin.py:190} INFO - [2024-11-25T08:44:33.262+0000] {dag.py:3239} INFO - Sync 1 DAGs
[2024-11-25T08:44:33.278+0000] {logging_mixin.py:190} INFO - [2024-11-25T08:44:33.278+0000] {dag.py:4180} INFO - Setting next_dagrun for example_setup_teardown to None, run_after=None
[2024-11-25T08:44:33.297+0000] {processor.py:208} INFO - Processing /home/airflow/.local/lib/python3.12/site-packages/airflow/example_dags/example_setup_teardown.py took 0.096 seconds
[2024-11-25T08:45:04.242+0000] {processor.py:186} INFO - Started process (PID=2388) to work on /home/airflow/.local/lib/python3.12/site-packages/airflow/example_dags/example_setup_teardown.py
[2024-11-25T08:45:04.244+0000] {processor.py:914} INFO - Processing file /home/airflow/.local/lib/python3.12/site-packages/airflow/example_dags/example_setup_teardown.py for tasks to queue
[2024-11-25T08:45:04.247+0000] {logging_mixin.py:190} INFO - [2024-11-25T08:45:04.246+0000] {dagbag.py:588} INFO - Filling up the DagBag from /home/airflow/.local/lib/python3.12/site-packages/airflow/example_dags/example_setup_teardown.py
[2024-11-25T08:45:04.258+0000] {processor.py:925} INFO - DAG(s) 'example_setup_teardown' retrieved from /home/airflow/.local/lib/python3.12/site-packages/airflow/example_dags/example_setup_teardown.py
[2024-11-25T08:45:04.283+0000] {logging_mixin.py:190} INFO - [2024-11-25T08:45:04.283+0000] {dag.py:3239} INFO - Sync 1 DAGs
[2024-11-25T08:45:04.298+0000] {logging_mixin.py:190} INFO - [2024-11-25T08:45:04.298+0000] {dag.py:4180} INFO - Setting next_dagrun for example_setup_teardown to None, run_after=None
[2024-11-25T08:45:04.317+0000] {processor.py:208} INFO - Processing /home/airflow/.local/lib/python3.12/site-packages/airflow/example_dags/example_setup_teardown.py took 0.082 seconds
[2024-11-25T08:45:34.854+0000] {processor.py:186} INFO - Started process (PID=2689) to work on /home/airflow/.local/lib/python3.12/site-packages/airflow/example_dags/example_setup_teardown.py
[2024-11-25T08:45:34.855+0000] {processor.py:914} INFO - Processing file /home/airflow/.local/lib/python3.12/site-packages/airflow/example_dags/example_setup_teardown.py for tasks to queue
[2024-11-25T08:45:34.859+0000] {logging_mixin.py:190} INFO - [2024-11-25T08:45:34.858+0000] {dagbag.py:588} INFO - Filling up the DagBag from /home/airflow/.local/lib/python3.12/site-packages/airflow/example_dags/example_setup_teardown.py
[2024-11-25T08:45:34.867+0000] {processor.py:925} INFO - DAG(s) 'example_setup_teardown' retrieved from /home/airflow/.local/lib/python3.12/site-packages/airflow/example_dags/example_setup_teardown.py
[2024-11-25T08:45:34.891+0000] {logging_mixin.py:190} INFO - [2024-11-25T08:45:34.891+0000] {dag.py:3239} INFO - Sync 1 DAGs
[2024-11-25T08:45:34.906+0000] {logging_mixin.py:190} INFO - [2024-11-25T08:45:34.905+0000] {dag.py:4180} INFO - Setting next_dagrun for example_setup_teardown to None, run_after=None
[2024-11-25T08:45:34.928+0000] {processor.py:208} INFO - Processing /home/airflow/.local/lib/python3.12/site-packages/airflow/example_dags/example_setup_teardown.py took 0.081 seconds
[2024-11-25T08:46:05.327+0000] {processor.py:186} INFO - Started process (PID=2990) to work on /home/airflow/.local/lib/python3.12/site-packages/airflow/example_dags/example_setup_teardown.py
[2024-11-25T08:46:05.328+0000] {processor.py:914} INFO - Processing file /home/airflow/.local/lib/python3.12/site-packages/airflow/example_dags/example_setup_teardown.py for tasks to queue
[2024-11-25T08:46:05.331+0000] {logging_mixin.py:190} INFO - [2024-11-25T08:46:05.330+0000] {dagbag.py:588} INFO - Filling up the DagBag from /home/airflow/.local/lib/python3.12/site-packages/airflow/example_dags/example_setup_teardown.py
[2024-11-25T08:46:05.340+0000] {processor.py:925} INFO - DAG(s) 'example_setup_teardown' retrieved from /home/airflow/.local/lib/python3.12/site-packages/airflow/example_dags/example_setup_teardown.py
[2024-11-25T08:46:05.364+0000] {logging_mixin.py:190} INFO - [2024-11-25T08:46:05.364+0000] {dag.py:3239} INFO - Sync 1 DAGs
[2024-11-25T08:46:05.378+0000] {logging_mixin.py:190} INFO - [2024-11-25T08:46:05.378+0000] {dag.py:4180} INFO - Setting next_dagrun for example_setup_teardown to None, run_after=None
[2024-11-25T08:46:05.397+0000] {processor.py:208} INFO - Processing /home/airflow/.local/lib/python3.12/site-packages/airflow/example_dags/example_setup_teardown.py took 0.079 seconds
[2024-11-25T08:46:36.432+0000] {processor.py:186} INFO - Started process (PID=3291) to work on /home/airflow/.local/lib/python3.12/site-packages/airflow/example_dags/example_setup_teardown.py
[2024-11-25T08:46:36.459+0000] {processor.py:914} INFO - Processing file /home/airflow/.local/lib/python3.12/site-packages/airflow/example_dags/example_setup_teardown.py for tasks to queue
[2024-11-25T08:46:36.477+0000] {logging_mixin.py:190} INFO - [2024-11-25T08:46:36.472+0000] {dagbag.py:588} INFO - Filling up the DagBag from /home/airflow/.local/lib/python3.12/site-packages/airflow/example_dags/example_setup_teardown.py
[2024-11-25T08:46:36.521+0000] {processor.py:925} INFO - DAG(s) 'example_setup_teardown' retrieved from /home/airflow/.local/lib/python3.12/site-packages/airflow/example_dags/example_setup_teardown.py
[2024-11-25T08:46:36.650+0000] {logging_mixin.py:190} INFO - [2024-11-25T08:46:36.649+0000] {dag.py:3239} INFO - Sync 1 DAGs
[2024-11-25T08:46:36.761+0000] {logging_mixin.py:190} INFO - [2024-11-25T08:46:36.760+0000] {dag.py:4180} INFO - Setting next_dagrun for example_setup_teardown to None, run_after=None
[2024-11-25T08:46:36.889+0000] {processor.py:208} INFO - Processing /home/airflow/.local/lib/python3.12/site-packages/airflow/example_dags/example_setup_teardown.py took 0.484 seconds
[2024-11-25T08:47:07.039+0000] {processor.py:186} INFO - Started process (PID=3593) to work on /home/airflow/.local/lib/python3.12/site-packages/airflow/example_dags/example_setup_teardown.py
[2024-11-25T08:47:07.041+0000] {processor.py:914} INFO - Processing file /home/airflow/.local/lib/python3.12/site-packages/airflow/example_dags/example_setup_teardown.py for tasks to queue
[2024-11-25T08:47:07.045+0000] {logging_mixin.py:190} INFO - [2024-11-25T08:47:07.045+0000] {dagbag.py:588} INFO - Filling up the DagBag from /home/airflow/.local/lib/python3.12/site-packages/airflow/example_dags/example_setup_teardown.py
[2024-11-25T08:47:07.062+0000] {processor.py:925} INFO - DAG(s) 'example_setup_teardown' retrieved from /home/airflow/.local/lib/python3.12/site-packages/airflow/example_dags/example_setup_teardown.py
[2024-11-25T08:47:07.106+0000] {logging_mixin.py:190} INFO - [2024-11-25T08:47:07.105+0000] {dag.py:3239} INFO - Sync 1 DAGs
[2024-11-25T08:47:07.139+0000] {logging_mixin.py:190} INFO - [2024-11-25T08:47:07.139+0000] {dag.py:4180} INFO - Setting next_dagrun for example_setup_teardown to None, run_after=None
[2024-11-25T08:47:07.183+0000] {processor.py:208} INFO - Processing /home/airflow/.local/lib/python3.12/site-packages/airflow/example_dags/example_setup_teardown.py took 0.152 seconds
[2024-11-25T08:47:37.570+0000] {processor.py:186} INFO - Started process (PID=3894) to work on /home/airflow/.local/lib/python3.12/site-packages/airflow/example_dags/example_setup_teardown.py
[2024-11-25T08:47:37.571+0000] {processor.py:914} INFO - Processing file /home/airflow/.local/lib/python3.12/site-packages/airflow/example_dags/example_setup_teardown.py for tasks to queue
[2024-11-25T08:47:37.574+0000] {logging_mixin.py:190} INFO - [2024-11-25T08:47:37.573+0000] {dagbag.py:588} INFO - Filling up the DagBag from /home/airflow/.local/lib/python3.12/site-packages/airflow/example_dags/example_setup_teardown.py
[2024-11-25T08:47:37.583+0000] {processor.py:925} INFO - DAG(s) 'example_setup_teardown' retrieved from /home/airflow/.local/lib/python3.12/site-packages/airflow/example_dags/example_setup_teardown.py
[2024-11-25T08:47:37.606+0000] {logging_mixin.py:190} INFO - [2024-11-25T08:47:37.606+0000] {dag.py:3239} INFO - Sync 1 DAGs
[2024-11-25T08:47:37.624+0000] {logging_mixin.py:190} INFO - [2024-11-25T08:47:37.624+0000] {dag.py:4180} INFO - Setting next_dagrun for example_setup_teardown to None, run_after=None
[2024-11-25T08:47:37.651+0000] {processor.py:208} INFO - Processing /home/airflow/.local/lib/python3.12/site-packages/airflow/example_dags/example_setup_teardown.py took 0.086 seconds
[2024-11-25T08:48:08.418+0000] {processor.py:186} INFO - Started process (PID=4195) to work on /home/airflow/.local/lib/python3.12/site-packages/airflow/example_dags/example_setup_teardown.py
[2024-11-25T08:48:08.419+0000] {processor.py:914} INFO - Processing file /home/airflow/.local/lib/python3.12/site-packages/airflow/example_dags/example_setup_teardown.py for tasks to queue
[2024-11-25T08:48:08.422+0000] {logging_mixin.py:190} INFO - [2024-11-25T08:48:08.422+0000] {dagbag.py:588} INFO - Filling up the DagBag from /home/airflow/.local/lib/python3.12/site-packages/airflow/example_dags/example_setup_teardown.py
[2024-11-25T08:48:08.435+0000] {processor.py:925} INFO - DAG(s) 'example_setup_teardown' retrieved from /home/airflow/.local/lib/python3.12/site-packages/airflow/example_dags/example_setup_teardown.py
[2024-11-25T08:48:08.459+0000] {logging_mixin.py:190} INFO - [2024-11-25T08:48:08.459+0000] {dag.py:3239} INFO - Sync 1 DAGs
[2024-11-25T08:48:08.474+0000] {logging_mixin.py:190} INFO - [2024-11-25T08:48:08.474+0000] {dag.py:4180} INFO - Setting next_dagrun for example_setup_teardown to None, run_after=None
[2024-11-25T08:48:08.505+0000] {processor.py:208} INFO - Processing /home/airflow/.local/lib/python3.12/site-packages/airflow/example_dags/example_setup_teardown.py took 0.095 seconds
[2024-11-25T08:48:38.917+0000] {processor.py:186} INFO - Started process (PID=4496) to work on /home/airflow/.local/lib/python3.12/site-packages/airflow/example_dags/example_setup_teardown.py
[2024-11-25T08:48:38.918+0000] {processor.py:914} INFO - Processing file /home/airflow/.local/lib/python3.12/site-packages/airflow/example_dags/example_setup_teardown.py for tasks to queue
[2024-11-25T08:48:38.923+0000] {logging_mixin.py:190} INFO - [2024-11-25T08:48:38.922+0000] {dagbag.py:588} INFO - Filling up the DagBag from /home/airflow/.local/lib/python3.12/site-packages/airflow/example_dags/example_setup_teardown.py
[2024-11-25T08:48:38.943+0000] {processor.py:925} INFO - DAG(s) 'example_setup_teardown' retrieved from /home/airflow/.local/lib/python3.12/site-packages/airflow/example_dags/example_setup_teardown.py
[2024-11-25T08:48:38.978+0000] {logging_mixin.py:190} INFO - [2024-11-25T08:48:38.978+0000] {dag.py:3239} INFO - Sync 1 DAGs
[2024-11-25T08:48:39.004+0000] {logging_mixin.py:190} INFO - [2024-11-25T08:48:39.003+0000] {dag.py:4180} INFO - Setting next_dagrun for example_setup_teardown to None, run_after=None
[2024-11-25T08:48:39.037+0000] {processor.py:208} INFO - Processing /home/airflow/.local/lib/python3.12/site-packages/airflow/example_dags/example_setup_teardown.py took 0.135 seconds
[2024-11-25T08:49:09.269+0000] {processor.py:186} INFO - Started process (PID=4797) to work on /home/airflow/.local/lib/python3.12/site-packages/airflow/example_dags/example_setup_teardown.py
[2024-11-25T08:49:09.270+0000] {processor.py:914} INFO - Processing file /home/airflow/.local/lib/python3.12/site-packages/airflow/example_dags/example_setup_teardown.py for tasks to queue
[2024-11-25T08:49:09.274+0000] {logging_mixin.py:190} INFO - [2024-11-25T08:49:09.273+0000] {dagbag.py:588} INFO - Filling up the DagBag from /home/airflow/.local/lib/python3.12/site-packages/airflow/example_dags/example_setup_teardown.py
[2024-11-25T08:49:09.287+0000] {processor.py:925} INFO - DAG(s) 'example_setup_teardown' retrieved from /home/airflow/.local/lib/python3.12/site-packages/airflow/example_dags/example_setup_teardown.py
[2024-11-25T08:49:09.325+0000] {logging_mixin.py:190} INFO - [2024-11-25T08:49:09.325+0000] {dag.py:3239} INFO - Sync 1 DAGs
[2024-11-25T08:49:09.355+0000] {logging_mixin.py:190} INFO - [2024-11-25T08:49:09.355+0000] {dag.py:4180} INFO - Setting next_dagrun for example_setup_teardown to None, run_after=None
[2024-11-25T08:49:09.401+0000] {processor.py:208} INFO - Processing /home/airflow/.local/lib/python3.12/site-packages/airflow/example_dags/example_setup_teardown.py took 0.142 seconds
[2024-11-25T08:49:39.825+0000] {processor.py:186} INFO - Started process (PID=5098) to work on /home/airflow/.local/lib/python3.12/site-packages/airflow/example_dags/example_setup_teardown.py
[2024-11-25T08:49:39.826+0000] {processor.py:914} INFO - Processing file /home/airflow/.local/lib/python3.12/site-packages/airflow/example_dags/example_setup_teardown.py for tasks to queue
[2024-11-25T08:49:39.829+0000] {logging_mixin.py:190} INFO - [2024-11-25T08:49:39.828+0000] {dagbag.py:588} INFO - Filling up the DagBag from /home/airflow/.local/lib/python3.12/site-packages/airflow/example_dags/example_setup_teardown.py
[2024-11-25T08:49:39.838+0000] {processor.py:925} INFO - DAG(s) 'example_setup_teardown' retrieved from /home/airflow/.local/lib/python3.12/site-packages/airflow/example_dags/example_setup_teardown.py
[2024-11-25T08:49:39.861+0000] {logging_mixin.py:190} INFO - [2024-11-25T08:49:39.861+0000] {dag.py:3239} INFO - Sync 1 DAGs
[2024-11-25T08:49:39.875+0000] {logging_mixin.py:190} INFO - [2024-11-25T08:49:39.875+0000] {dag.py:4180} INFO - Setting next_dagrun for example_setup_teardown to None, run_after=None
[2024-11-25T08:49:39.898+0000] {processor.py:208} INFO - Processing /home/airflow/.local/lib/python3.12/site-packages/airflow/example_dags/example_setup_teardown.py took 0.079 seconds
[2024-11-25T08:50:10.096+0000] {processor.py:186} INFO - Started process (PID=5399) to work on /home/airflow/.local/lib/python3.12/site-packages/airflow/example_dags/example_setup_teardown.py
[2024-11-25T08:50:10.098+0000] {processor.py:914} INFO - Processing file /home/airflow/.local/lib/python3.12/site-packages/airflow/example_dags/example_setup_teardown.py for tasks to queue
[2024-11-25T08:50:10.101+0000] {logging_mixin.py:190} INFO - [2024-11-25T08:50:10.101+0000] {dagbag.py:588} INFO - Filling up the DagBag from /home/airflow/.local/lib/python3.12/site-packages/airflow/example_dags/example_setup_teardown.py
[2024-11-25T08:50:10.114+0000] {processor.py:925} INFO - DAG(s) 'example_setup_teardown' retrieved from /home/airflow/.local/lib/python3.12/site-packages/airflow/example_dags/example_setup_teardown.py
[2024-11-25T08:50:10.142+0000] {logging_mixin.py:190} INFO - [2024-11-25T08:50:10.142+0000] {dag.py:3239} INFO - Sync 1 DAGs
[2024-11-25T08:50:10.164+0000] {logging_mixin.py:190} INFO - [2024-11-25T08:50:10.163+0000] {dag.py:4180} INFO - Setting next_dagrun for example_setup_teardown to None, run_after=None
[2024-11-25T08:50:10.196+0000] {processor.py:208} INFO - Processing /home/airflow/.local/lib/python3.12/site-packages/airflow/example_dags/example_setup_teardown.py took 0.106 seconds
[2024-11-25T08:50:40.266+0000] {processor.py:186} INFO - Started process (PID=5696) to work on /home/airflow/.local/lib/python3.12/site-packages/airflow/example_dags/example_setup_teardown.py
[2024-11-25T08:50:40.268+0000] {processor.py:914} INFO - Processing file /home/airflow/.local/lib/python3.12/site-packages/airflow/example_dags/example_setup_teardown.py for tasks to queue
[2024-11-25T08:50:40.274+0000] {logging_mixin.py:190} INFO - [2024-11-25T08:50:40.273+0000] {dagbag.py:588} INFO - Filling up the DagBag from /home/airflow/.local/lib/python3.12/site-packages/airflow/example_dags/example_setup_teardown.py
[2024-11-25T08:50:40.303+0000] {processor.py:925} INFO - DAG(s) 'example_setup_teardown' retrieved from /home/airflow/.local/lib/python3.12/site-packages/airflow/example_dags/example_setup_teardown.py
[2024-11-25T08:50:40.753+0000] {logging_mixin.py:190} INFO - [2024-11-25T08:50:40.752+0000] {dag.py:3239} INFO - Sync 1 DAGs
[2024-11-25T08:50:40.936+0000] {logging_mixin.py:190} INFO - [2024-11-25T08:50:40.936+0000] {dag.py:4180} INFO - Setting next_dagrun for example_setup_teardown to None, run_after=None
[2024-11-25T08:50:41.102+0000] {processor.py:208} INFO - Processing /home/airflow/.local/lib/python3.12/site-packages/airflow/example_dags/example_setup_teardown.py took 0.848 seconds
[2024-11-25T08:51:11.661+0000] {processor.py:186} INFO - Started process (PID=5996) to work on /home/airflow/.local/lib/python3.12/site-packages/airflow/example_dags/example_setup_teardown.py
[2024-11-25T08:51:11.663+0000] {processor.py:914} INFO - Processing file /home/airflow/.local/lib/python3.12/site-packages/airflow/example_dags/example_setup_teardown.py for tasks to queue
[2024-11-25T08:51:11.673+0000] {logging_mixin.py:190} INFO - [2024-11-25T08:51:11.673+0000] {dagbag.py:588} INFO - Filling up the DagBag from /home/airflow/.local/lib/python3.12/site-packages/airflow/example_dags/example_setup_teardown.py
[2024-11-25T08:51:11.691+0000] {processor.py:925} INFO - DAG(s) 'example_setup_teardown' retrieved from /home/airflow/.local/lib/python3.12/site-packages/airflow/example_dags/example_setup_teardown.py
[2024-11-25T08:51:11.721+0000] {logging_mixin.py:190} INFO - [2024-11-25T08:51:11.721+0000] {dag.py:3239} INFO - Sync 1 DAGs
[2024-11-25T08:51:11.746+0000] {logging_mixin.py:190} INFO - [2024-11-25T08:51:11.746+0000] {dag.py:4180} INFO - Setting next_dagrun for example_setup_teardown to None, run_after=None
[2024-11-25T08:51:11.766+0000] {processor.py:208} INFO - Processing /home/airflow/.local/lib/python3.12/site-packages/airflow/example_dags/example_setup_teardown.py took 0.112 seconds
[2024-11-25T08:51:42.545+0000] {processor.py:186} INFO - Started process (PID=6303) to work on /home/airflow/.local/lib/python3.12/site-packages/airflow/example_dags/example_setup_teardown.py
[2024-11-25T08:51:42.547+0000] {processor.py:914} INFO - Processing file /home/airflow/.local/lib/python3.12/site-packages/airflow/example_dags/example_setup_teardown.py for tasks to queue
[2024-11-25T08:51:42.550+0000] {logging_mixin.py:190} INFO - [2024-11-25T08:51:42.549+0000] {dagbag.py:588} INFO - Filling up the DagBag from /home/airflow/.local/lib/python3.12/site-packages/airflow/example_dags/example_setup_teardown.py
[2024-11-25T08:51:42.564+0000] {processor.py:925} INFO - DAG(s) 'example_setup_teardown' retrieved from /home/airflow/.local/lib/python3.12/site-packages/airflow/example_dags/example_setup_teardown.py
[2024-11-25T08:51:42.602+0000] {logging_mixin.py:190} INFO - [2024-11-25T08:51:42.602+0000] {dag.py:3239} INFO - Sync 1 DAGs
[2024-11-25T08:51:42.631+0000] {logging_mixin.py:190} INFO - [2024-11-25T08:51:42.631+0000] {dag.py:4180} INFO - Setting next_dagrun for example_setup_teardown to None, run_after=None
[2024-11-25T08:51:42.665+0000] {processor.py:208} INFO - Processing /home/airflow/.local/lib/python3.12/site-packages/airflow/example_dags/example_setup_teardown.py took 0.127 seconds
[2024-11-25T08:52:13.297+0000] {processor.py:186} INFO - Started process (PID=6604) to work on /home/airflow/.local/lib/python3.12/site-packages/airflow/example_dags/example_setup_teardown.py
[2024-11-25T08:52:13.300+0000] {processor.py:914} INFO - Processing file /home/airflow/.local/lib/python3.12/site-packages/airflow/example_dags/example_setup_teardown.py for tasks to queue
[2024-11-25T08:52:13.308+0000] {logging_mixin.py:190} INFO - [2024-11-25T08:52:13.307+0000] {dagbag.py:588} INFO - Filling up the DagBag from /home/airflow/.local/lib/python3.12/site-packages/airflow/example_dags/example_setup_teardown.py
[2024-11-25T08:52:13.344+0000] {processor.py:925} INFO - DAG(s) 'example_setup_teardown' retrieved from /home/airflow/.local/lib/python3.12/site-packages/airflow/example_dags/example_setup_teardown.py
[2024-11-25T08:52:13.408+0000] {logging_mixin.py:190} INFO - [2024-11-25T08:52:13.407+0000] {dag.py:3239} INFO - Sync 1 DAGs
[2024-11-25T08:52:13.468+0000] {logging_mixin.py:190} INFO - [2024-11-25T08:52:13.467+0000] {dag.py:4180} INFO - Setting next_dagrun for example_setup_teardown to None, run_after=None
[2024-11-25T08:52:13.602+0000] {processor.py:208} INFO - Processing /home/airflow/.local/lib/python3.12/site-packages/airflow/example_dags/example_setup_teardown.py took 0.317 seconds
[2024-11-25T08:52:44.078+0000] {processor.py:186} INFO - Started process (PID=6905) to work on /home/airflow/.local/lib/python3.12/site-packages/airflow/example_dags/example_setup_teardown.py
[2024-11-25T08:52:44.079+0000] {processor.py:914} INFO - Processing file /home/airflow/.local/lib/python3.12/site-packages/airflow/example_dags/example_setup_teardown.py for tasks to queue
[2024-11-25T08:52:44.081+0000] {logging_mixin.py:190} INFO - [2024-11-25T08:52:44.081+0000] {dagbag.py:588} INFO - Filling up the DagBag from /home/airflow/.local/lib/python3.12/site-packages/airflow/example_dags/example_setup_teardown.py
[2024-11-25T08:52:44.089+0000] {processor.py:925} INFO - DAG(s) 'example_setup_teardown' retrieved from /home/airflow/.local/lib/python3.12/site-packages/airflow/example_dags/example_setup_teardown.py
[2024-11-25T08:52:44.115+0000] {logging_mixin.py:190} INFO - [2024-11-25T08:52:44.115+0000] {dag.py:3239} INFO - Sync 1 DAGs
[2024-11-25T08:52:44.131+0000] {logging_mixin.py:190} INFO - [2024-11-25T08:52:44.130+0000] {dag.py:4180} INFO - Setting next_dagrun for example_setup_teardown to None, run_after=None
[2024-11-25T08:52:44.153+0000] {processor.py:208} INFO - Processing /home/airflow/.local/lib/python3.12/site-packages/airflow/example_dags/example_setup_teardown.py took 0.081 seconds
[2024-11-25T08:53:14.471+0000] {processor.py:186} INFO - Started process (PID=7179) to work on /home/airflow/.local/lib/python3.12/site-packages/airflow/example_dags/example_setup_teardown.py
[2024-11-25T08:53:14.472+0000] {processor.py:914} INFO - Processing file /home/airflow/.local/lib/python3.12/site-packages/airflow/example_dags/example_setup_teardown.py for tasks to queue
[2024-11-25T08:53:14.475+0000] {logging_mixin.py:190} INFO - [2024-11-25T08:53:14.475+0000] {dagbag.py:588} INFO - Filling up the DagBag from /home/airflow/.local/lib/python3.12/site-packages/airflow/example_dags/example_setup_teardown.py
[2024-11-25T08:53:14.487+0000] {processor.py:925} INFO - DAG(s) 'example_setup_teardown' retrieved from /home/airflow/.local/lib/python3.12/site-packages/airflow/example_dags/example_setup_teardown.py
[2024-11-25T08:53:14.527+0000] {logging_mixin.py:190} INFO - [2024-11-25T08:53:14.526+0000] {dag.py:3239} INFO - Sync 1 DAGs
[2024-11-25T08:53:14.546+0000] {logging_mixin.py:190} INFO - [2024-11-25T08:53:14.545+0000] {dag.py:4180} INFO - Setting next_dagrun for example_setup_teardown to None, run_after=None
[2024-11-25T08:53:14.570+0000] {processor.py:208} INFO - Processing /home/airflow/.local/lib/python3.12/site-packages/airflow/example_dags/example_setup_teardown.py took 0.106 seconds
[2024-11-25T08:53:44.922+0000] {processor.py:186} INFO - Started process (PID=7480) to work on /home/airflow/.local/lib/python3.12/site-packages/airflow/example_dags/example_setup_teardown.py
[2024-11-25T08:53:44.924+0000] {processor.py:914} INFO - Processing file /home/airflow/.local/lib/python3.12/site-packages/airflow/example_dags/example_setup_teardown.py for tasks to queue
[2024-11-25T08:53:44.927+0000] {logging_mixin.py:190} INFO - [2024-11-25T08:53:44.927+0000] {dagbag.py:588} INFO - Filling up the DagBag from /home/airflow/.local/lib/python3.12/site-packages/airflow/example_dags/example_setup_teardown.py
[2024-11-25T08:53:44.937+0000] {processor.py:925} INFO - DAG(s) 'example_setup_teardown' retrieved from /home/airflow/.local/lib/python3.12/site-packages/airflow/example_dags/example_setup_teardown.py
[2024-11-25T08:53:44.964+0000] {logging_mixin.py:190} INFO - [2024-11-25T08:53:44.963+0000] {dag.py:3239} INFO - Sync 1 DAGs
[2024-11-25T08:53:44.978+0000] {logging_mixin.py:190} INFO - [2024-11-25T08:53:44.978+0000] {dag.py:4180} INFO - Setting next_dagrun for example_setup_teardown to None, run_after=None
[2024-11-25T08:53:45.001+0000] {processor.py:208} INFO - Processing /home/airflow/.local/lib/python3.12/site-packages/airflow/example_dags/example_setup_teardown.py took 0.088 seconds
[2024-11-25T08:54:15.366+0000] {processor.py:186} INFO - Started process (PID=7776) to work on /home/airflow/.local/lib/python3.12/site-packages/airflow/example_dags/example_setup_teardown.py
[2024-11-25T08:54:15.368+0000] {processor.py:914} INFO - Processing file /home/airflow/.local/lib/python3.12/site-packages/airflow/example_dags/example_setup_teardown.py for tasks to queue
[2024-11-25T08:54:15.375+0000] {logging_mixin.py:190} INFO - [2024-11-25T08:54:15.374+0000] {dagbag.py:588} INFO - Filling up the DagBag from /home/airflow/.local/lib/python3.12/site-packages/airflow/example_dags/example_setup_teardown.py
[2024-11-25T08:54:15.406+0000] {processor.py:925} INFO - DAG(s) 'example_setup_teardown' retrieved from /home/airflow/.local/lib/python3.12/site-packages/airflow/example_dags/example_setup_teardown.py
[2024-11-25T08:54:15.454+0000] {logging_mixin.py:190} INFO - [2024-11-25T08:54:15.453+0000] {dag.py:3239} INFO - Sync 1 DAGs
[2024-11-25T08:54:15.483+0000] {logging_mixin.py:190} INFO - [2024-11-25T08:54:15.482+0000] {dag.py:4180} INFO - Setting next_dagrun for example_setup_teardown to None, run_after=None
[2024-11-25T08:54:15.513+0000] {processor.py:208} INFO - Processing /home/airflow/.local/lib/python3.12/site-packages/airflow/example_dags/example_setup_teardown.py took 0.162 seconds
[2024-11-25T08:54:45.676+0000] {processor.py:186} INFO - Started process (PID=8074) to work on /home/airflow/.local/lib/python3.12/site-packages/airflow/example_dags/example_setup_teardown.py
[2024-11-25T08:54:45.677+0000] {processor.py:914} INFO - Processing file /home/airflow/.local/lib/python3.12/site-packages/airflow/example_dags/example_setup_teardown.py for tasks to queue
[2024-11-25T08:54:45.679+0000] {logging_mixin.py:190} INFO - [2024-11-25T08:54:45.679+0000] {dagbag.py:588} INFO - Filling up the DagBag from /home/airflow/.local/lib/python3.12/site-packages/airflow/example_dags/example_setup_teardown.py
[2024-11-25T08:54:45.688+0000] {processor.py:925} INFO - DAG(s) 'example_setup_teardown' retrieved from /home/airflow/.local/lib/python3.12/site-packages/airflow/example_dags/example_setup_teardown.py
[2024-11-25T08:54:45.713+0000] {logging_mixin.py:190} INFO - [2024-11-25T08:54:45.712+0000] {dag.py:3239} INFO - Sync 1 DAGs
[2024-11-25T08:54:45.727+0000] {logging_mixin.py:190} INFO - [2024-11-25T08:54:45.727+0000] {dag.py:4180} INFO - Setting next_dagrun for example_setup_teardown to None, run_after=None
[2024-11-25T08:54:45.749+0000] {processor.py:208} INFO - Processing /home/airflow/.local/lib/python3.12/site-packages/airflow/example_dags/example_setup_teardown.py took 0.078 seconds
[2024-11-25T08:55:16.980+0000] {processor.py:186} INFO - Started process (PID=8372) to work on /home/airflow/.local/lib/python3.12/site-packages/airflow/example_dags/example_setup_teardown.py
[2024-11-25T08:55:16.982+0000] {processor.py:914} INFO - Processing file /home/airflow/.local/lib/python3.12/site-packages/airflow/example_dags/example_setup_teardown.py for tasks to queue
[2024-11-25T08:55:16.984+0000] {logging_mixin.py:190} INFO - [2024-11-25T08:55:16.984+0000] {dagbag.py:588} INFO - Filling up the DagBag from /home/airflow/.local/lib/python3.12/site-packages/airflow/example_dags/example_setup_teardown.py
[2024-11-25T08:55:16.994+0000] {processor.py:925} INFO - DAG(s) 'example_setup_teardown' retrieved from /home/airflow/.local/lib/python3.12/site-packages/airflow/example_dags/example_setup_teardown.py
[2024-11-25T08:55:17.024+0000] {logging_mixin.py:190} INFO - [2024-11-25T08:55:17.024+0000] {dag.py:3239} INFO - Sync 1 DAGs
[2024-11-25T08:55:17.042+0000] {logging_mixin.py:190} INFO - [2024-11-25T08:55:17.042+0000] {dag.py:4180} INFO - Setting next_dagrun for example_setup_teardown to None, run_after=None
[2024-11-25T08:55:17.078+0000] {processor.py:208} INFO - Processing /home/airflow/.local/lib/python3.12/site-packages/airflow/example_dags/example_setup_teardown.py took 0.104 seconds
[2024-11-25T08:55:47.348+0000] {processor.py:186} INFO - Started process (PID=8672) to work on /home/airflow/.local/lib/python3.12/site-packages/airflow/example_dags/example_setup_teardown.py
[2024-11-25T08:55:47.352+0000] {processor.py:914} INFO - Processing file /home/airflow/.local/lib/python3.12/site-packages/airflow/example_dags/example_setup_teardown.py for tasks to queue
[2024-11-25T08:55:47.355+0000] {logging_mixin.py:190} INFO - [2024-11-25T08:55:47.354+0000] {dagbag.py:588} INFO - Filling up the DagBag from /home/airflow/.local/lib/python3.12/site-packages/airflow/example_dags/example_setup_teardown.py
[2024-11-25T08:55:47.366+0000] {processor.py:925} INFO - DAG(s) 'example_setup_teardown' retrieved from /home/airflow/.local/lib/python3.12/site-packages/airflow/example_dags/example_setup_teardown.py
[2024-11-25T08:55:47.394+0000] {logging_mixin.py:190} INFO - [2024-11-25T08:55:47.393+0000] {dag.py:3239} INFO - Sync 1 DAGs
[2024-11-25T08:55:47.412+0000] {logging_mixin.py:190} INFO - [2024-11-25T08:55:47.412+0000] {dag.py:4180} INFO - Setting next_dagrun for example_setup_teardown to None, run_after=None
[2024-11-25T08:55:47.430+0000] {processor.py:208} INFO - Processing /home/airflow/.local/lib/python3.12/site-packages/airflow/example_dags/example_setup_teardown.py took 0.091 seconds
[2024-11-25T08:56:17.751+0000] {processor.py:186} INFO - Started process (PID=8973) to work on /home/airflow/.local/lib/python3.12/site-packages/airflow/example_dags/example_setup_teardown.py
[2024-11-25T08:56:17.753+0000] {processor.py:914} INFO - Processing file /home/airflow/.local/lib/python3.12/site-packages/airflow/example_dags/example_setup_teardown.py for tasks to queue
[2024-11-25T08:56:17.757+0000] {logging_mixin.py:190} INFO - [2024-11-25T08:56:17.756+0000] {dagbag.py:588} INFO - Filling up the DagBag from /home/airflow/.local/lib/python3.12/site-packages/airflow/example_dags/example_setup_teardown.py
[2024-11-25T08:56:17.769+0000] {processor.py:925} INFO - DAG(s) 'example_setup_teardown' retrieved from /home/airflow/.local/lib/python3.12/site-packages/airflow/example_dags/example_setup_teardown.py
[2024-11-25T08:56:17.806+0000] {logging_mixin.py:190} INFO - [2024-11-25T08:56:17.805+0000] {dag.py:3239} INFO - Sync 1 DAGs
[2024-11-25T08:56:17.822+0000] {logging_mixin.py:190} INFO - [2024-11-25T08:56:17.822+0000] {dag.py:4180} INFO - Setting next_dagrun for example_setup_teardown to None, run_after=None
[2024-11-25T08:56:17.845+0000] {processor.py:208} INFO - Processing /home/airflow/.local/lib/python3.12/site-packages/airflow/example_dags/example_setup_teardown.py took 0.105 seconds
[2024-11-25T08:56:47.902+0000] {processor.py:186} INFO - Started process (PID=9271) to work on /home/airflow/.local/lib/python3.12/site-packages/airflow/example_dags/example_setup_teardown.py
[2024-11-25T08:56:47.903+0000] {processor.py:914} INFO - Processing file /home/airflow/.local/lib/python3.12/site-packages/airflow/example_dags/example_setup_teardown.py for tasks to queue
[2024-11-25T08:56:47.905+0000] {logging_mixin.py:190} INFO - [2024-11-25T08:56:47.905+0000] {dagbag.py:588} INFO - Filling up the DagBag from /home/airflow/.local/lib/python3.12/site-packages/airflow/example_dags/example_setup_teardown.py
[2024-11-25T08:56:47.915+0000] {processor.py:925} INFO - DAG(s) 'example_setup_teardown' retrieved from /home/airflow/.local/lib/python3.12/site-packages/airflow/example_dags/example_setup_teardown.py
[2024-11-25T08:56:47.942+0000] {logging_mixin.py:190} INFO - [2024-11-25T08:56:47.942+0000] {dag.py:3239} INFO - Sync 1 DAGs
[2024-11-25T08:56:47.956+0000] {logging_mixin.py:190} INFO - [2024-11-25T08:56:47.956+0000] {dag.py:4180} INFO - Setting next_dagrun for example_setup_teardown to None, run_after=None
[2024-11-25T08:56:47.977+0000] {processor.py:208} INFO - Processing /home/airflow/.local/lib/python3.12/site-packages/airflow/example_dags/example_setup_teardown.py took 0.081 seconds
[2024-11-25T08:57:18.336+0000] {processor.py:186} INFO - Started process (PID=9572) to work on /home/airflow/.local/lib/python3.12/site-packages/airflow/example_dags/example_setup_teardown.py
[2024-11-25T08:57:18.336+0000] {processor.py:914} INFO - Processing file /home/airflow/.local/lib/python3.12/site-packages/airflow/example_dags/example_setup_teardown.py for tasks to queue
[2024-11-25T08:57:18.338+0000] {logging_mixin.py:190} INFO - [2024-11-25T08:57:18.338+0000] {dagbag.py:588} INFO - Filling up the DagBag from /home/airflow/.local/lib/python3.12/site-packages/airflow/example_dags/example_setup_teardown.py
[2024-11-25T08:57:18.348+0000] {processor.py:925} INFO - DAG(s) 'example_setup_teardown' retrieved from /home/airflow/.local/lib/python3.12/site-packages/airflow/example_dags/example_setup_teardown.py
[2024-11-25T08:57:18.378+0000] {logging_mixin.py:190} INFO - [2024-11-25T08:57:18.377+0000] {dag.py:3239} INFO - Sync 1 DAGs
[2024-11-25T08:57:18.395+0000] {logging_mixin.py:190} INFO - [2024-11-25T08:57:18.395+0000] {dag.py:4180} INFO - Setting next_dagrun for example_setup_teardown to None, run_after=None
[2024-11-25T08:57:18.417+0000] {processor.py:208} INFO - Processing /home/airflow/.local/lib/python3.12/site-packages/airflow/example_dags/example_setup_teardown.py took 0.086 seconds
[2024-11-25T08:57:48.880+0000] {processor.py:186} INFO - Started process (PID=9871) to work on /home/airflow/.local/lib/python3.12/site-packages/airflow/example_dags/example_setup_teardown.py
[2024-11-25T08:57:48.882+0000] {processor.py:914} INFO - Processing file /home/airflow/.local/lib/python3.12/site-packages/airflow/example_dags/example_setup_teardown.py for tasks to queue
[2024-11-25T08:57:48.884+0000] {logging_mixin.py:190} INFO - [2024-11-25T08:57:48.884+0000] {dagbag.py:588} INFO - Filling up the DagBag from /home/airflow/.local/lib/python3.12/site-packages/airflow/example_dags/example_setup_teardown.py
[2024-11-25T08:57:48.894+0000] {processor.py:925} INFO - DAG(s) 'example_setup_teardown' retrieved from /home/airflow/.local/lib/python3.12/site-packages/airflow/example_dags/example_setup_teardown.py
[2024-11-25T08:57:48.926+0000] {logging_mixin.py:190} INFO - [2024-11-25T08:57:48.926+0000] {dag.py:3239} INFO - Sync 1 DAGs
[2024-11-25T08:57:48.943+0000] {logging_mixin.py:190} INFO - [2024-11-25T08:57:48.942+0000] {dag.py:4180} INFO - Setting next_dagrun for example_setup_teardown to None, run_after=None
[2024-11-25T08:57:48.967+0000] {processor.py:208} INFO - Processing /home/airflow/.local/lib/python3.12/site-packages/airflow/example_dags/example_setup_teardown.py took 0.093 seconds
[2024-11-25T08:58:19.541+0000] {processor.py:186} INFO - Started process (PID=10164) to work on /home/airflow/.local/lib/python3.12/site-packages/airflow/example_dags/example_setup_teardown.py
[2024-11-25T08:58:19.542+0000] {processor.py:914} INFO - Processing file /home/airflow/.local/lib/python3.12/site-packages/airflow/example_dags/example_setup_teardown.py for tasks to queue
[2024-11-25T08:58:19.544+0000] {logging_mixin.py:190} INFO - [2024-11-25T08:58:19.544+0000] {dagbag.py:588} INFO - Filling up the DagBag from /home/airflow/.local/lib/python3.12/site-packages/airflow/example_dags/example_setup_teardown.py
[2024-11-25T08:58:19.555+0000] {processor.py:925} INFO - DAG(s) 'example_setup_teardown' retrieved from /home/airflow/.local/lib/python3.12/site-packages/airflow/example_dags/example_setup_teardown.py
[2024-11-25T08:58:19.583+0000] {logging_mixin.py:190} INFO - [2024-11-25T08:58:19.583+0000] {dag.py:3239} INFO - Sync 1 DAGs
[2024-11-25T08:58:19.605+0000] {logging_mixin.py:190} INFO - [2024-11-25T08:58:19.604+0000] {dag.py:4180} INFO - Setting next_dagrun for example_setup_teardown to None, run_after=None
[2024-11-25T08:58:19.628+0000] {processor.py:208} INFO - Processing /home/airflow/.local/lib/python3.12/site-packages/airflow/example_dags/example_setup_teardown.py took 0.094 seconds
[2024-11-25T08:58:50.079+0000] {processor.py:186} INFO - Started process (PID=10463) to work on /home/airflow/.local/lib/python3.12/site-packages/airflow/example_dags/example_setup_teardown.py
[2024-11-25T08:58:50.081+0000] {processor.py:914} INFO - Processing file /home/airflow/.local/lib/python3.12/site-packages/airflow/example_dags/example_setup_teardown.py for tasks to queue
[2024-11-25T08:58:50.084+0000] {logging_mixin.py:190} INFO - [2024-11-25T08:58:50.084+0000] {dagbag.py:588} INFO - Filling up the DagBag from /home/airflow/.local/lib/python3.12/site-packages/airflow/example_dags/example_setup_teardown.py
[2024-11-25T08:58:50.095+0000] {processor.py:925} INFO - DAG(s) 'example_setup_teardown' retrieved from /home/airflow/.local/lib/python3.12/site-packages/airflow/example_dags/example_setup_teardown.py
[2024-11-25T08:58:50.134+0000] {logging_mixin.py:190} INFO - [2024-11-25T08:58:50.133+0000] {dag.py:3239} INFO - Sync 1 DAGs
[2024-11-25T08:58:50.160+0000] {logging_mixin.py:190} INFO - [2024-11-25T08:58:50.159+0000] {dag.py:4180} INFO - Setting next_dagrun for example_setup_teardown to None, run_after=None
[2024-11-25T08:58:50.199+0000] {processor.py:208} INFO - Processing /home/airflow/.local/lib/python3.12/site-packages/airflow/example_dags/example_setup_teardown.py took 0.126 seconds
[2024-11-25T08:59:20.607+0000] {processor.py:186} INFO - Started process (PID=10761) to work on /home/airflow/.local/lib/python3.12/site-packages/airflow/example_dags/example_setup_teardown.py
[2024-11-25T08:59:20.608+0000] {processor.py:914} INFO - Processing file /home/airflow/.local/lib/python3.12/site-packages/airflow/example_dags/example_setup_teardown.py for tasks to queue
[2024-11-25T08:59:20.610+0000] {logging_mixin.py:190} INFO - [2024-11-25T08:59:20.610+0000] {dagbag.py:588} INFO - Filling up the DagBag from /home/airflow/.local/lib/python3.12/site-packages/airflow/example_dags/example_setup_teardown.py
[2024-11-25T08:59:20.619+0000] {processor.py:925} INFO - DAG(s) 'example_setup_teardown' retrieved from /home/airflow/.local/lib/python3.12/site-packages/airflow/example_dags/example_setup_teardown.py
[2024-11-25T08:59:20.656+0000] {logging_mixin.py:190} INFO - [2024-11-25T08:59:20.655+0000] {dag.py:3239} INFO - Sync 1 DAGs
[2024-11-25T08:59:20.675+0000] {logging_mixin.py:190} INFO - [2024-11-25T08:59:20.674+0000] {dag.py:4180} INFO - Setting next_dagrun for example_setup_teardown to None, run_after=None
[2024-11-25T08:59:20.708+0000] {processor.py:208} INFO - Processing /home/airflow/.local/lib/python3.12/site-packages/airflow/example_dags/example_setup_teardown.py took 0.109 seconds
[2024-11-25T08:59:51.480+0000] {processor.py:186} INFO - Started process (PID=11062) to work on /home/airflow/.local/lib/python3.12/site-packages/airflow/example_dags/example_setup_teardown.py
[2024-11-25T08:59:51.482+0000] {processor.py:914} INFO - Processing file /home/airflow/.local/lib/python3.12/site-packages/airflow/example_dags/example_setup_teardown.py for tasks to queue
[2024-11-25T08:59:51.485+0000] {logging_mixin.py:190} INFO - [2024-11-25T08:59:51.485+0000] {dagbag.py:588} INFO - Filling up the DagBag from /home/airflow/.local/lib/python3.12/site-packages/airflow/example_dags/example_setup_teardown.py
[2024-11-25T08:59:51.497+0000] {processor.py:925} INFO - DAG(s) 'example_setup_teardown' retrieved from /home/airflow/.local/lib/python3.12/site-packages/airflow/example_dags/example_setup_teardown.py
[2024-11-25T08:59:51.563+0000] {logging_mixin.py:190} INFO - [2024-11-25T08:59:51.562+0000] {dag.py:3239} INFO - Sync 1 DAGs
[2024-11-25T08:59:51.593+0000] {logging_mixin.py:190} INFO - [2024-11-25T08:59:51.593+0000] {dag.py:4180} INFO - Setting next_dagrun for example_setup_teardown to None, run_after=None
[2024-11-25T08:59:51.621+0000] {processor.py:208} INFO - Processing /home/airflow/.local/lib/python3.12/site-packages/airflow/example_dags/example_setup_teardown.py took 0.150 seconds
[2024-11-25T09:00:21.684+0000] {processor.py:186} INFO - Started process (PID=11363) to work on /home/airflow/.local/lib/python3.12/site-packages/airflow/example_dags/example_setup_teardown.py
[2024-11-25T09:00:21.686+0000] {processor.py:914} INFO - Processing file /home/airflow/.local/lib/python3.12/site-packages/airflow/example_dags/example_setup_teardown.py for tasks to queue
[2024-11-25T09:00:21.690+0000] {logging_mixin.py:190} INFO - [2024-11-25T09:00:21.689+0000] {dagbag.py:588} INFO - Filling up the DagBag from /home/airflow/.local/lib/python3.12/site-packages/airflow/example_dags/example_setup_teardown.py
[2024-11-25T09:00:21.700+0000] {processor.py:925} INFO - DAG(s) 'example_setup_teardown' retrieved from /home/airflow/.local/lib/python3.12/site-packages/airflow/example_dags/example_setup_teardown.py
[2024-11-25T09:00:21.732+0000] {logging_mixin.py:190} INFO - [2024-11-25T09:00:21.732+0000] {dag.py:3239} INFO - Sync 1 DAGs
[2024-11-25T09:00:21.751+0000] {logging_mixin.py:190} INFO - [2024-11-25T09:00:21.751+0000] {dag.py:4180} INFO - Setting next_dagrun for example_setup_teardown to None, run_after=None
[2024-11-25T09:00:21.776+0000] {processor.py:208} INFO - Processing /home/airflow/.local/lib/python3.12/site-packages/airflow/example_dags/example_setup_teardown.py took 0.102 seconds
[2024-11-25T09:00:52.606+0000] {processor.py:186} INFO - Started process (PID=11664) to work on /home/airflow/.local/lib/python3.12/site-packages/airflow/example_dags/example_setup_teardown.py
[2024-11-25T09:00:52.608+0000] {processor.py:914} INFO - Processing file /home/airflow/.local/lib/python3.12/site-packages/airflow/example_dags/example_setup_teardown.py for tasks to queue
[2024-11-25T09:00:52.612+0000] {logging_mixin.py:190} INFO - [2024-11-25T09:00:52.611+0000] {dagbag.py:588} INFO - Filling up the DagBag from /home/airflow/.local/lib/python3.12/site-packages/airflow/example_dags/example_setup_teardown.py
[2024-11-25T09:00:52.631+0000] {processor.py:925} INFO - DAG(s) 'example_setup_teardown' retrieved from /home/airflow/.local/lib/python3.12/site-packages/airflow/example_dags/example_setup_teardown.py
[2024-11-25T09:00:52.674+0000] {logging_mixin.py:190} INFO - [2024-11-25T09:00:52.673+0000] {dag.py:3239} INFO - Sync 1 DAGs
[2024-11-25T09:00:52.693+0000] {logging_mixin.py:190} INFO - [2024-11-25T09:00:52.693+0000] {dag.py:4180} INFO - Setting next_dagrun for example_setup_teardown to None, run_after=None
[2024-11-25T09:00:52.720+0000] {processor.py:208} INFO - Processing /home/airflow/.local/lib/python3.12/site-packages/airflow/example_dags/example_setup_teardown.py took 0.128 seconds
[2024-11-25T09:01:22.852+0000] {processor.py:186} INFO - Started process (PID=11965) to work on /home/airflow/.local/lib/python3.12/site-packages/airflow/example_dags/example_setup_teardown.py
[2024-11-25T09:01:22.855+0000] {processor.py:914} INFO - Processing file /home/airflow/.local/lib/python3.12/site-packages/airflow/example_dags/example_setup_teardown.py for tasks to queue
[2024-11-25T09:01:22.858+0000] {logging_mixin.py:190} INFO - [2024-11-25T09:01:22.857+0000] {dagbag.py:588} INFO - Filling up the DagBag from /home/airflow/.local/lib/python3.12/site-packages/airflow/example_dags/example_setup_teardown.py
[2024-11-25T09:01:22.873+0000] {processor.py:925} INFO - DAG(s) 'example_setup_teardown' retrieved from /home/airflow/.local/lib/python3.12/site-packages/airflow/example_dags/example_setup_teardown.py
[2024-11-25T09:01:22.912+0000] {logging_mixin.py:190} INFO - [2024-11-25T09:01:22.912+0000] {dag.py:3239} INFO - Sync 1 DAGs
[2024-11-25T09:01:22.929+0000] {logging_mixin.py:190} INFO - [2024-11-25T09:01:22.929+0000] {dag.py:4180} INFO - Setting next_dagrun for example_setup_teardown to None, run_after=None
[2024-11-25T09:01:22.966+0000] {processor.py:208} INFO - Processing /home/airflow/.local/lib/python3.12/site-packages/airflow/example_dags/example_setup_teardown.py took 0.120 seconds
[2024-11-25T09:01:53.053+0000] {processor.py:186} INFO - Started process (PID=12267) to work on /home/airflow/.local/lib/python3.12/site-packages/airflow/example_dags/example_setup_teardown.py
[2024-11-25T09:01:53.055+0000] {processor.py:914} INFO - Processing file /home/airflow/.local/lib/python3.12/site-packages/airflow/example_dags/example_setup_teardown.py for tasks to queue
[2024-11-25T09:01:53.057+0000] {logging_mixin.py:190} INFO - [2024-11-25T09:01:53.057+0000] {dagbag.py:588} INFO - Filling up the DagBag from /home/airflow/.local/lib/python3.12/site-packages/airflow/example_dags/example_setup_teardown.py
[2024-11-25T09:01:53.066+0000] {processor.py:925} INFO - DAG(s) 'example_setup_teardown' retrieved from /home/airflow/.local/lib/python3.12/site-packages/airflow/example_dags/example_setup_teardown.py
[2024-11-25T09:01:53.091+0000] {logging_mixin.py:190} INFO - [2024-11-25T09:01:53.091+0000] {dag.py:3239} INFO - Sync 1 DAGs
[2024-11-25T09:01:53.106+0000] {logging_mixin.py:190} INFO - [2024-11-25T09:01:53.106+0000] {dag.py:4180} INFO - Setting next_dagrun for example_setup_teardown to None, run_after=None
[2024-11-25T09:01:53.127+0000] {processor.py:208} INFO - Processing /home/airflow/.local/lib/python3.12/site-packages/airflow/example_dags/example_setup_teardown.py took 0.079 seconds
[2024-11-25T09:02:23.199+0000] {processor.py:186} INFO - Started process (PID=12568) to work on /home/airflow/.local/lib/python3.12/site-packages/airflow/example_dags/example_setup_teardown.py
[2024-11-25T09:02:23.200+0000] {processor.py:914} INFO - Processing file /home/airflow/.local/lib/python3.12/site-packages/airflow/example_dags/example_setup_teardown.py for tasks to queue
[2024-11-25T09:02:23.203+0000] {logging_mixin.py:190} INFO - [2024-11-25T09:02:23.203+0000] {dagbag.py:588} INFO - Filling up the DagBag from /home/airflow/.local/lib/python3.12/site-packages/airflow/example_dags/example_setup_teardown.py
[2024-11-25T09:02:23.212+0000] {processor.py:925} INFO - DAG(s) 'example_setup_teardown' retrieved from /home/airflow/.local/lib/python3.12/site-packages/airflow/example_dags/example_setup_teardown.py
[2024-11-25T09:02:23.236+0000] {logging_mixin.py:190} INFO - [2024-11-25T09:02:23.235+0000] {dag.py:3239} INFO - Sync 1 DAGs
[2024-11-25T09:02:23.250+0000] {logging_mixin.py:190} INFO - [2024-11-25T09:02:23.250+0000] {dag.py:4180} INFO - Setting next_dagrun for example_setup_teardown to None, run_after=None
[2024-11-25T09:02:23.272+0000] {processor.py:208} INFO - Processing /home/airflow/.local/lib/python3.12/site-packages/airflow/example_dags/example_setup_teardown.py took 0.080 seconds
[2024-11-25T09:02:53.564+0000] {processor.py:186} INFO - Started process (PID=12858) to work on /home/airflow/.local/lib/python3.12/site-packages/airflow/example_dags/example_setup_teardown.py
[2024-11-25T09:02:53.566+0000] {processor.py:914} INFO - Processing file /home/airflow/.local/lib/python3.12/site-packages/airflow/example_dags/example_setup_teardown.py for tasks to queue
[2024-11-25T09:02:53.569+0000] {logging_mixin.py:190} INFO - [2024-11-25T09:02:53.569+0000] {dagbag.py:588} INFO - Filling up the DagBag from /home/airflow/.local/lib/python3.12/site-packages/airflow/example_dags/example_setup_teardown.py
[2024-11-25T09:02:53.583+0000] {processor.py:925} INFO - DAG(s) 'example_setup_teardown' retrieved from /home/airflow/.local/lib/python3.12/site-packages/airflow/example_dags/example_setup_teardown.py
[2024-11-25T09:02:53.610+0000] {logging_mixin.py:190} INFO - [2024-11-25T09:02:53.610+0000] {dag.py:3239} INFO - Sync 1 DAGs
[2024-11-25T09:02:53.626+0000] {logging_mixin.py:190} INFO - [2024-11-25T09:02:53.626+0000] {dag.py:4180} INFO - Setting next_dagrun for example_setup_teardown to None, run_after=None
[2024-11-25T09:02:53.647+0000] {processor.py:208} INFO - Processing /home/airflow/.local/lib/python3.12/site-packages/airflow/example_dags/example_setup_teardown.py took 0.091 seconds
[2024-11-25T09:03:23.761+0000] {processor.py:186} INFO - Started process (PID=13159) to work on /home/airflow/.local/lib/python3.12/site-packages/airflow/example_dags/example_setup_teardown.py
[2024-11-25T09:03:23.763+0000] {processor.py:914} INFO - Processing file /home/airflow/.local/lib/python3.12/site-packages/airflow/example_dags/example_setup_teardown.py for tasks to queue
[2024-11-25T09:03:23.765+0000] {logging_mixin.py:190} INFO - [2024-11-25T09:03:23.765+0000] {dagbag.py:588} INFO - Filling up the DagBag from /home/airflow/.local/lib/python3.12/site-packages/airflow/example_dags/example_setup_teardown.py
[2024-11-25T09:03:23.776+0000] {processor.py:925} INFO - DAG(s) 'example_setup_teardown' retrieved from /home/airflow/.local/lib/python3.12/site-packages/airflow/example_dags/example_setup_teardown.py
[2024-11-25T09:03:23.805+0000] {logging_mixin.py:190} INFO - [2024-11-25T09:03:23.805+0000] {dag.py:3239} INFO - Sync 1 DAGs
[2024-11-25T09:03:23.823+0000] {logging_mixin.py:190} INFO - [2024-11-25T09:03:23.823+0000] {dag.py:4180} INFO - Setting next_dagrun for example_setup_teardown to None, run_after=None
[2024-11-25T09:03:23.848+0000] {processor.py:208} INFO - Processing /home/airflow/.local/lib/python3.12/site-packages/airflow/example_dags/example_setup_teardown.py took 0.093 seconds
[2024-11-25T09:03:54.307+0000] {processor.py:186} INFO - Started process (PID=13460) to work on /home/airflow/.local/lib/python3.12/site-packages/airflow/example_dags/example_setup_teardown.py
[2024-11-25T09:03:54.308+0000] {processor.py:914} INFO - Processing file /home/airflow/.local/lib/python3.12/site-packages/airflow/example_dags/example_setup_teardown.py for tasks to queue
[2024-11-25T09:03:54.311+0000] {logging_mixin.py:190} INFO - [2024-11-25T09:03:54.311+0000] {dagbag.py:588} INFO - Filling up the DagBag from /home/airflow/.local/lib/python3.12/site-packages/airflow/example_dags/example_setup_teardown.py
[2024-11-25T09:03:54.320+0000] {processor.py:925} INFO - DAG(s) 'example_setup_teardown' retrieved from /home/airflow/.local/lib/python3.12/site-packages/airflow/example_dags/example_setup_teardown.py
[2024-11-25T09:03:54.344+0000] {logging_mixin.py:190} INFO - [2024-11-25T09:03:54.343+0000] {dag.py:3239} INFO - Sync 1 DAGs
[2024-11-25T09:03:54.362+0000] {logging_mixin.py:190} INFO - [2024-11-25T09:03:54.361+0000] {dag.py:4180} INFO - Setting next_dagrun for example_setup_teardown to None, run_after=None
[2024-11-25T09:03:54.384+0000] {processor.py:208} INFO - Processing /home/airflow/.local/lib/python3.12/site-packages/airflow/example_dags/example_setup_teardown.py took 0.083 seconds
[2024-11-25T09:04:24.485+0000] {processor.py:186} INFO - Started process (PID=13761) to work on /home/airflow/.local/lib/python3.12/site-packages/airflow/example_dags/example_setup_teardown.py
[2024-11-25T09:04:24.486+0000] {processor.py:914} INFO - Processing file /home/airflow/.local/lib/python3.12/site-packages/airflow/example_dags/example_setup_teardown.py for tasks to queue
[2024-11-25T09:04:24.490+0000] {logging_mixin.py:190} INFO - [2024-11-25T09:04:24.490+0000] {dagbag.py:588} INFO - Filling up the DagBag from /home/airflow/.local/lib/python3.12/site-packages/airflow/example_dags/example_setup_teardown.py
[2024-11-25T09:04:24.500+0000] {processor.py:925} INFO - DAG(s) 'example_setup_teardown' retrieved from /home/airflow/.local/lib/python3.12/site-packages/airflow/example_dags/example_setup_teardown.py
[2024-11-25T09:04:24.526+0000] {logging_mixin.py:190} INFO - [2024-11-25T09:04:24.526+0000] {dag.py:3239} INFO - Sync 1 DAGs
[2024-11-25T09:04:24.544+0000] {logging_mixin.py:190} INFO - [2024-11-25T09:04:24.543+0000] {dag.py:4180} INFO - Setting next_dagrun for example_setup_teardown to None, run_after=None
[2024-11-25T09:04:24.566+0000] {processor.py:208} INFO - Processing /home/airflow/.local/lib/python3.12/site-packages/airflow/example_dags/example_setup_teardown.py took 0.087 seconds
[2024-11-25T09:04:55.133+0000] {processor.py:186} INFO - Started process (PID=14062) to work on /home/airflow/.local/lib/python3.12/site-packages/airflow/example_dags/example_setup_teardown.py
[2024-11-25T09:04:55.134+0000] {processor.py:914} INFO - Processing file /home/airflow/.local/lib/python3.12/site-packages/airflow/example_dags/example_setup_teardown.py for tasks to queue
[2024-11-25T09:04:55.140+0000] {logging_mixin.py:190} INFO - [2024-11-25T09:04:55.139+0000] {dagbag.py:588} INFO - Filling up the DagBag from /home/airflow/.local/lib/python3.12/site-packages/airflow/example_dags/example_setup_teardown.py
[2024-11-25T09:04:55.153+0000] {processor.py:925} INFO - DAG(s) 'example_setup_teardown' retrieved from /home/airflow/.local/lib/python3.12/site-packages/airflow/example_dags/example_setup_teardown.py
[2024-11-25T09:04:55.190+0000] {logging_mixin.py:190} INFO - [2024-11-25T09:04:55.189+0000] {dag.py:3239} INFO - Sync 1 DAGs
[2024-11-25T09:04:55.217+0000] {logging_mixin.py:190} INFO - [2024-11-25T09:04:55.216+0000] {dag.py:4180} INFO - Setting next_dagrun for example_setup_teardown to None, run_after=None
[2024-11-25T09:04:55.260+0000] {processor.py:208} INFO - Processing /home/airflow/.local/lib/python3.12/site-packages/airflow/example_dags/example_setup_teardown.py took 0.133 seconds
[2024-11-25T09:05:26.190+0000] {processor.py:186} INFO - Started process (PID=14363) to work on /home/airflow/.local/lib/python3.12/site-packages/airflow/example_dags/example_setup_teardown.py
[2024-11-25T09:05:26.191+0000] {processor.py:914} INFO - Processing file /home/airflow/.local/lib/python3.12/site-packages/airflow/example_dags/example_setup_teardown.py for tasks to queue
[2024-11-25T09:05:26.195+0000] {logging_mixin.py:190} INFO - [2024-11-25T09:05:26.194+0000] {dagbag.py:588} INFO - Filling up the DagBag from /home/airflow/.local/lib/python3.12/site-packages/airflow/example_dags/example_setup_teardown.py
[2024-11-25T09:05:26.203+0000] {processor.py:925} INFO - DAG(s) 'example_setup_teardown' retrieved from /home/airflow/.local/lib/python3.12/site-packages/airflow/example_dags/example_setup_teardown.py
[2024-11-25T09:05:26.227+0000] {logging_mixin.py:190} INFO - [2024-11-25T09:05:26.227+0000] {dag.py:3239} INFO - Sync 1 DAGs
[2024-11-25T09:05:26.245+0000] {logging_mixin.py:190} INFO - [2024-11-25T09:05:26.244+0000] {dag.py:4180} INFO - Setting next_dagrun for example_setup_teardown to None, run_after=None
[2024-11-25T09:05:26.515+0000] {processor.py:208} INFO - Processing /home/airflow/.local/lib/python3.12/site-packages/airflow/example_dags/example_setup_teardown.py took 0.331 seconds
[2024-11-25T09:05:56.633+0000] {processor.py:186} INFO - Started process (PID=14665) to work on /home/airflow/.local/lib/python3.12/site-packages/airflow/example_dags/example_setup_teardown.py
[2024-11-25T09:05:56.635+0000] {processor.py:914} INFO - Processing file /home/airflow/.local/lib/python3.12/site-packages/airflow/example_dags/example_setup_teardown.py for tasks to queue
[2024-11-25T09:05:56.640+0000] {logging_mixin.py:190} INFO - [2024-11-25T09:05:56.639+0000] {dagbag.py:588} INFO - Filling up the DagBag from /home/airflow/.local/lib/python3.12/site-packages/airflow/example_dags/example_setup_teardown.py
[2024-11-25T09:05:56.653+0000] {processor.py:925} INFO - DAG(s) 'example_setup_teardown' retrieved from /home/airflow/.local/lib/python3.12/site-packages/airflow/example_dags/example_setup_teardown.py
[2024-11-25T09:05:56.699+0000] {logging_mixin.py:190} INFO - [2024-11-25T09:05:56.699+0000] {dag.py:3239} INFO - Sync 1 DAGs
[2024-11-25T09:05:56.731+0000] {logging_mixin.py:190} INFO - [2024-11-25T09:05:56.731+0000] {dag.py:4180} INFO - Setting next_dagrun for example_setup_teardown to None, run_after=None
[2024-11-25T09:05:56.771+0000] {processor.py:208} INFO - Processing /home/airflow/.local/lib/python3.12/site-packages/airflow/example_dags/example_setup_teardown.py took 0.146 seconds
[2024-11-25T09:06:27.373+0000] {processor.py:186} INFO - Started process (PID=14961) to work on /home/airflow/.local/lib/python3.12/site-packages/airflow/example_dags/example_setup_teardown.py
[2024-11-25T09:06:27.375+0000] {processor.py:914} INFO - Processing file /home/airflow/.local/lib/python3.12/site-packages/airflow/example_dags/example_setup_teardown.py for tasks to queue
[2024-11-25T09:06:27.380+0000] {logging_mixin.py:190} INFO - [2024-11-25T09:06:27.380+0000] {dagbag.py:588} INFO - Filling up the DagBag from /home/airflow/.local/lib/python3.12/site-packages/airflow/example_dags/example_setup_teardown.py
[2024-11-25T09:06:27.395+0000] {processor.py:925} INFO - DAG(s) 'example_setup_teardown' retrieved from /home/airflow/.local/lib/python3.12/site-packages/airflow/example_dags/example_setup_teardown.py
[2024-11-25T09:06:27.482+0000] {logging_mixin.py:190} INFO - [2024-11-25T09:06:27.481+0000] {dag.py:3239} INFO - Sync 1 DAGs
[2024-11-25T09:06:27.573+0000] {logging_mixin.py:190} INFO - [2024-11-25T09:06:27.573+0000] {dag.py:4180} INFO - Setting next_dagrun for example_setup_teardown to None, run_after=None
[2024-11-25T09:06:27.624+0000] {processor.py:208} INFO - Processing /home/airflow/.local/lib/python3.12/site-packages/airflow/example_dags/example_setup_teardown.py took 0.268 seconds
[2024-11-25T09:06:57.700+0000] {processor.py:186} INFO - Started process (PID=15259) to work on /home/airflow/.local/lib/python3.12/site-packages/airflow/example_dags/example_setup_teardown.py
[2024-11-25T09:06:57.702+0000] {processor.py:914} INFO - Processing file /home/airflow/.local/lib/python3.12/site-packages/airflow/example_dags/example_setup_teardown.py for tasks to queue
[2024-11-25T09:06:57.705+0000] {logging_mixin.py:190} INFO - [2024-11-25T09:06:57.705+0000] {dagbag.py:588} INFO - Filling up the DagBag from /home/airflow/.local/lib/python3.12/site-packages/airflow/example_dags/example_setup_teardown.py
[2024-11-25T09:06:57.715+0000] {processor.py:925} INFO - DAG(s) 'example_setup_teardown' retrieved from /home/airflow/.local/lib/python3.12/site-packages/airflow/example_dags/example_setup_teardown.py
[2024-11-25T09:06:57.739+0000] {logging_mixin.py:190} INFO - [2024-11-25T09:06:57.738+0000] {dag.py:3239} INFO - Sync 1 DAGs
[2024-11-25T09:06:57.753+0000] {logging_mixin.py:190} INFO - [2024-11-25T09:06:57.753+0000] {dag.py:4180} INFO - Setting next_dagrun for example_setup_teardown to None, run_after=None
[2024-11-25T09:06:57.771+0000] {processor.py:208} INFO - Processing /home/airflow/.local/lib/python3.12/site-packages/airflow/example_dags/example_setup_teardown.py took 0.078 seconds
[2024-11-25T09:07:28.039+0000] {processor.py:186} INFO - Started process (PID=15558) to work on /home/airflow/.local/lib/python3.12/site-packages/airflow/example_dags/example_setup_teardown.py
[2024-11-25T09:07:28.040+0000] {processor.py:914} INFO - Processing file /home/airflow/.local/lib/python3.12/site-packages/airflow/example_dags/example_setup_teardown.py for tasks to queue
[2024-11-25T09:07:28.043+0000] {logging_mixin.py:190} INFO - [2024-11-25T09:07:28.042+0000] {dagbag.py:588} INFO - Filling up the DagBag from /home/airflow/.local/lib/python3.12/site-packages/airflow/example_dags/example_setup_teardown.py
[2024-11-25T09:07:28.051+0000] {processor.py:925} INFO - DAG(s) 'example_setup_teardown' retrieved from /home/airflow/.local/lib/python3.12/site-packages/airflow/example_dags/example_setup_teardown.py
[2024-11-25T09:07:28.078+0000] {logging_mixin.py:190} INFO - [2024-11-25T09:07:28.077+0000] {dag.py:3239} INFO - Sync 1 DAGs
[2024-11-25T09:07:28.096+0000] {logging_mixin.py:190} INFO - [2024-11-25T09:07:28.096+0000] {dag.py:4180} INFO - Setting next_dagrun for example_setup_teardown to None, run_after=None
[2024-11-25T09:07:28.121+0000] {processor.py:208} INFO - Processing /home/airflow/.local/lib/python3.12/site-packages/airflow/example_dags/example_setup_teardown.py took 0.087 seconds
[2024-11-25T09:07:58.722+0000] {processor.py:186} INFO - Started process (PID=15859) to work on /home/airflow/.local/lib/python3.12/site-packages/airflow/example_dags/example_setup_teardown.py
[2024-11-25T09:07:58.723+0000] {processor.py:914} INFO - Processing file /home/airflow/.local/lib/python3.12/site-packages/airflow/example_dags/example_setup_teardown.py for tasks to queue
[2024-11-25T09:07:58.726+0000] {logging_mixin.py:190} INFO - [2024-11-25T09:07:58.726+0000] {dagbag.py:588} INFO - Filling up the DagBag from /home/airflow/.local/lib/python3.12/site-packages/airflow/example_dags/example_setup_teardown.py
[2024-11-25T09:07:58.737+0000] {processor.py:925} INFO - DAG(s) 'example_setup_teardown' retrieved from /home/airflow/.local/lib/python3.12/site-packages/airflow/example_dags/example_setup_teardown.py
[2024-11-25T09:07:58.775+0000] {logging_mixin.py:190} INFO - [2024-11-25T09:07:58.774+0000] {dag.py:3239} INFO - Sync 1 DAGs
[2024-11-25T09:07:58.798+0000] {logging_mixin.py:190} INFO - [2024-11-25T09:07:58.798+0000] {dag.py:4180} INFO - Setting next_dagrun for example_setup_teardown to None, run_after=None
[2024-11-25T09:07:58.831+0000] {processor.py:208} INFO - Processing /home/airflow/.local/lib/python3.12/site-packages/airflow/example_dags/example_setup_teardown.py took 0.115 seconds
[2024-11-25T09:08:29.479+0000] {processor.py:186} INFO - Started process (PID=16160) to work on /home/airflow/.local/lib/python3.12/site-packages/airflow/example_dags/example_setup_teardown.py
[2024-11-25T09:08:29.480+0000] {processor.py:914} INFO - Processing file /home/airflow/.local/lib/python3.12/site-packages/airflow/example_dags/example_setup_teardown.py for tasks to queue
[2024-11-25T09:08:29.483+0000] {logging_mixin.py:190} INFO - [2024-11-25T09:08:29.482+0000] {dagbag.py:588} INFO - Filling up the DagBag from /home/airflow/.local/lib/python3.12/site-packages/airflow/example_dags/example_setup_teardown.py
[2024-11-25T09:08:29.493+0000] {processor.py:925} INFO - DAG(s) 'example_setup_teardown' retrieved from /home/airflow/.local/lib/python3.12/site-packages/airflow/example_dags/example_setup_teardown.py
[2024-11-25T09:08:29.520+0000] {logging_mixin.py:190} INFO - [2024-11-25T09:08:29.520+0000] {dag.py:3239} INFO - Sync 1 DAGs
[2024-11-25T09:08:29.535+0000] {logging_mixin.py:190} INFO - [2024-11-25T09:08:29.535+0000] {dag.py:4180} INFO - Setting next_dagrun for example_setup_teardown to None, run_after=None
[2024-11-25T09:08:29.555+0000] {processor.py:208} INFO - Processing /home/airflow/.local/lib/python3.12/site-packages/airflow/example_dags/example_setup_teardown.py took 0.081 seconds
[2024-11-25T09:08:59.887+0000] {processor.py:186} INFO - Started process (PID=16461) to work on /home/airflow/.local/lib/python3.12/site-packages/airflow/example_dags/example_setup_teardown.py
[2024-11-25T09:08:59.888+0000] {processor.py:914} INFO - Processing file /home/airflow/.local/lib/python3.12/site-packages/airflow/example_dags/example_setup_teardown.py for tasks to queue
[2024-11-25T09:08:59.890+0000] {logging_mixin.py:190} INFO - [2024-11-25T09:08:59.890+0000] {dagbag.py:588} INFO - Filling up the DagBag from /home/airflow/.local/lib/python3.12/site-packages/airflow/example_dags/example_setup_teardown.py
[2024-11-25T09:08:59.899+0000] {processor.py:925} INFO - DAG(s) 'example_setup_teardown' retrieved from /home/airflow/.local/lib/python3.12/site-packages/airflow/example_dags/example_setup_teardown.py
[2024-11-25T09:08:59.923+0000] {logging_mixin.py:190} INFO - [2024-11-25T09:08:59.923+0000] {dag.py:3239} INFO - Sync 1 DAGs
[2024-11-25T09:08:59.937+0000] {logging_mixin.py:190} INFO - [2024-11-25T09:08:59.937+0000] {dag.py:4180} INFO - Setting next_dagrun for example_setup_teardown to None, run_after=None
[2024-11-25T09:08:59.963+0000] {processor.py:208} INFO - Processing /home/airflow/.local/lib/python3.12/site-packages/airflow/example_dags/example_setup_teardown.py took 0.082 seconds
[2024-11-25T09:09:30.028+0000] {processor.py:186} INFO - Started process (PID=16762) to work on /home/airflow/.local/lib/python3.12/site-packages/airflow/example_dags/example_setup_teardown.py
[2024-11-25T09:09:30.029+0000] {processor.py:914} INFO - Processing file /home/airflow/.local/lib/python3.12/site-packages/airflow/example_dags/example_setup_teardown.py for tasks to queue
[2024-11-25T09:09:30.032+0000] {logging_mixin.py:190} INFO - [2024-11-25T09:09:30.031+0000] {dagbag.py:588} INFO - Filling up the DagBag from /home/airflow/.local/lib/python3.12/site-packages/airflow/example_dags/example_setup_teardown.py
[2024-11-25T09:09:30.042+0000] {processor.py:925} INFO - DAG(s) 'example_setup_teardown' retrieved from /home/airflow/.local/lib/python3.12/site-packages/airflow/example_dags/example_setup_teardown.py
[2024-11-25T09:09:30.068+0000] {logging_mixin.py:190} INFO - [2024-11-25T09:09:30.068+0000] {dag.py:3239} INFO - Sync 1 DAGs
[2024-11-25T09:09:30.083+0000] {logging_mixin.py:190} INFO - [2024-11-25T09:09:30.083+0000] {dag.py:4180} INFO - Setting next_dagrun for example_setup_teardown to None, run_after=None
[2024-11-25T09:09:30.103+0000] {processor.py:208} INFO - Processing /home/airflow/.local/lib/python3.12/site-packages/airflow/example_dags/example_setup_teardown.py took 0.083 seconds
[2024-11-25T09:10:00.824+0000] {processor.py:186} INFO - Started process (PID=17058) to work on /home/airflow/.local/lib/python3.12/site-packages/airflow/example_dags/example_setup_teardown.py
[2024-11-25T09:10:00.825+0000] {processor.py:914} INFO - Processing file /home/airflow/.local/lib/python3.12/site-packages/airflow/example_dags/example_setup_teardown.py for tasks to queue
[2024-11-25T09:10:00.827+0000] {logging_mixin.py:190} INFO - [2024-11-25T09:10:00.827+0000] {dagbag.py:588} INFO - Filling up the DagBag from /home/airflow/.local/lib/python3.12/site-packages/airflow/example_dags/example_setup_teardown.py
[2024-11-25T09:10:00.837+0000] {processor.py:925} INFO - DAG(s) 'example_setup_teardown' retrieved from /home/airflow/.local/lib/python3.12/site-packages/airflow/example_dags/example_setup_teardown.py
[2024-11-25T09:10:00.870+0000] {logging_mixin.py:190} INFO - [2024-11-25T09:10:00.870+0000] {dag.py:3239} INFO - Sync 1 DAGs
[2024-11-25T09:10:00.891+0000] {logging_mixin.py:190} INFO - [2024-11-25T09:10:00.890+0000] {dag.py:4180} INFO - Setting next_dagrun for example_setup_teardown to None, run_after=None
[2024-11-25T09:10:00.920+0000] {processor.py:208} INFO - Processing /home/airflow/.local/lib/python3.12/site-packages/airflow/example_dags/example_setup_teardown.py took 0.103 seconds
[2024-11-25T09:10:31.430+0000] {processor.py:186} INFO - Started process (PID=17359) to work on /home/airflow/.local/lib/python3.12/site-packages/airflow/example_dags/example_setup_teardown.py
[2024-11-25T09:10:31.432+0000] {processor.py:914} INFO - Processing file /home/airflow/.local/lib/python3.12/site-packages/airflow/example_dags/example_setup_teardown.py for tasks to queue
[2024-11-25T09:10:31.434+0000] {logging_mixin.py:190} INFO - [2024-11-25T09:10:31.434+0000] {dagbag.py:588} INFO - Filling up the DagBag from /home/airflow/.local/lib/python3.12/site-packages/airflow/example_dags/example_setup_teardown.py
[2024-11-25T09:10:31.442+0000] {processor.py:925} INFO - DAG(s) 'example_setup_teardown' retrieved from /home/airflow/.local/lib/python3.12/site-packages/airflow/example_dags/example_setup_teardown.py
[2024-11-25T09:10:31.469+0000] {logging_mixin.py:190} INFO - [2024-11-25T09:10:31.469+0000] {dag.py:3239} INFO - Sync 1 DAGs
[2024-11-25T09:10:31.489+0000] {logging_mixin.py:190} INFO - [2024-11-25T09:10:31.489+0000] {dag.py:4180} INFO - Setting next_dagrun for example_setup_teardown to None, run_after=None
[2024-11-25T09:10:31.527+0000] {processor.py:208} INFO - Processing /home/airflow/.local/lib/python3.12/site-packages/airflow/example_dags/example_setup_teardown.py took 0.103 seconds
[2024-11-25T09:11:01.973+0000] {processor.py:186} INFO - Started process (PID=17660) to work on /home/airflow/.local/lib/python3.12/site-packages/airflow/example_dags/example_setup_teardown.py
[2024-11-25T09:11:01.975+0000] {processor.py:914} INFO - Processing file /home/airflow/.local/lib/python3.12/site-packages/airflow/example_dags/example_setup_teardown.py for tasks to queue
[2024-11-25T09:11:01.977+0000] {logging_mixin.py:190} INFO - [2024-11-25T09:11:01.977+0000] {dagbag.py:588} INFO - Filling up the DagBag from /home/airflow/.local/lib/python3.12/site-packages/airflow/example_dags/example_setup_teardown.py
[2024-11-25T09:11:01.986+0000] {processor.py:925} INFO - DAG(s) 'example_setup_teardown' retrieved from /home/airflow/.local/lib/python3.12/site-packages/airflow/example_dags/example_setup_teardown.py
[2024-11-25T09:11:02.022+0000] {logging_mixin.py:190} INFO - [2024-11-25T09:11:02.021+0000] {dag.py:3239} INFO - Sync 1 DAGs
[2024-11-25T09:11:02.042+0000] {logging_mixin.py:190} INFO - [2024-11-25T09:11:02.042+0000] {dag.py:4180} INFO - Setting next_dagrun for example_setup_teardown to None, run_after=None
[2024-11-25T09:11:02.072+0000] {processor.py:208} INFO - Processing /home/airflow/.local/lib/python3.12/site-packages/airflow/example_dags/example_setup_teardown.py took 0.104 seconds
[2024-11-25T09:11:32.282+0000] {processor.py:186} INFO - Started process (PID=17962) to work on /home/airflow/.local/lib/python3.12/site-packages/airflow/example_dags/example_setup_teardown.py
[2024-11-25T09:11:32.283+0000] {processor.py:914} INFO - Processing file /home/airflow/.local/lib/python3.12/site-packages/airflow/example_dags/example_setup_teardown.py for tasks to queue
[2024-11-25T09:11:32.287+0000] {logging_mixin.py:190} INFO - [2024-11-25T09:11:32.287+0000] {dagbag.py:588} INFO - Filling up the DagBag from /home/airflow/.local/lib/python3.12/site-packages/airflow/example_dags/example_setup_teardown.py
[2024-11-25T09:11:32.299+0000] {processor.py:925} INFO - DAG(s) 'example_setup_teardown' retrieved from /home/airflow/.local/lib/python3.12/site-packages/airflow/example_dags/example_setup_teardown.py
[2024-11-25T09:11:32.340+0000] {logging_mixin.py:190} INFO - [2024-11-25T09:11:32.339+0000] {dag.py:3239} INFO - Sync 1 DAGs
[2024-11-25T09:11:32.365+0000] {logging_mixin.py:190} INFO - [2024-11-25T09:11:32.365+0000] {dag.py:4180} INFO - Setting next_dagrun for example_setup_teardown to None, run_after=None
[2024-11-25T09:11:32.392+0000] {processor.py:208} INFO - Processing /home/airflow/.local/lib/python3.12/site-packages/airflow/example_dags/example_setup_teardown.py took 0.118 seconds
[2024-11-25T09:12:02.927+0000] {processor.py:186} INFO - Started process (PID=18263) to work on /home/airflow/.local/lib/python3.12/site-packages/airflow/example_dags/example_setup_teardown.py
[2024-11-25T09:12:02.929+0000] {processor.py:914} INFO - Processing file /home/airflow/.local/lib/python3.12/site-packages/airflow/example_dags/example_setup_teardown.py for tasks to queue
[2024-11-25T09:12:02.934+0000] {logging_mixin.py:190} INFO - [2024-11-25T09:12:02.933+0000] {dagbag.py:588} INFO - Filling up the DagBag from /home/airflow/.local/lib/python3.12/site-packages/airflow/example_dags/example_setup_teardown.py
[2024-11-25T09:12:02.947+0000] {processor.py:925} INFO - DAG(s) 'example_setup_teardown' retrieved from /home/airflow/.local/lib/python3.12/site-packages/airflow/example_dags/example_setup_teardown.py
[2024-11-25T09:12:02.980+0000] {logging_mixin.py:190} INFO - [2024-11-25T09:12:02.979+0000] {dag.py:3239} INFO - Sync 1 DAGs
[2024-11-25T09:12:03.003+0000] {logging_mixin.py:190} INFO - [2024-11-25T09:12:03.002+0000] {dag.py:4180} INFO - Setting next_dagrun for example_setup_teardown to None, run_after=None
[2024-11-25T09:12:03.029+0000] {processor.py:208} INFO - Processing /home/airflow/.local/lib/python3.12/site-packages/airflow/example_dags/example_setup_teardown.py took 0.114 seconds
[2024-11-25T09:12:33.810+0000] {processor.py:186} INFO - Started process (PID=18560) to work on /home/airflow/.local/lib/python3.12/site-packages/airflow/example_dags/example_setup_teardown.py
[2024-11-25T09:12:33.812+0000] {processor.py:914} INFO - Processing file /home/airflow/.local/lib/python3.12/site-packages/airflow/example_dags/example_setup_teardown.py for tasks to queue
[2024-11-25T09:12:33.815+0000] {logging_mixin.py:190} INFO - [2024-11-25T09:12:33.814+0000] {dagbag.py:588} INFO - Filling up the DagBag from /home/airflow/.local/lib/python3.12/site-packages/airflow/example_dags/example_setup_teardown.py
[2024-11-25T09:12:33.831+0000] {processor.py:925} INFO - DAG(s) 'example_setup_teardown' retrieved from /home/airflow/.local/lib/python3.12/site-packages/airflow/example_dags/example_setup_teardown.py
[2024-11-25T09:12:33.861+0000] {logging_mixin.py:190} INFO - [2024-11-25T09:12:33.861+0000] {dag.py:3239} INFO - Sync 1 DAGs
[2024-11-25T09:12:33.879+0000] {logging_mixin.py:190} INFO - [2024-11-25T09:12:33.878+0000] {dag.py:4180} INFO - Setting next_dagrun for example_setup_teardown to None, run_after=None
[2024-11-25T09:12:33.908+0000] {processor.py:208} INFO - Processing /home/airflow/.local/lib/python3.12/site-packages/airflow/example_dags/example_setup_teardown.py took 0.106 seconds
[2024-11-25T09:13:04.155+0000] {processor.py:186} INFO - Started process (PID=18861) to work on /home/airflow/.local/lib/python3.12/site-packages/airflow/example_dags/example_setup_teardown.py
[2024-11-25T09:13:04.156+0000] {processor.py:914} INFO - Processing file /home/airflow/.local/lib/python3.12/site-packages/airflow/example_dags/example_setup_teardown.py for tasks to queue
[2024-11-25T09:13:04.159+0000] {logging_mixin.py:190} INFO - [2024-11-25T09:13:04.159+0000] {dagbag.py:588} INFO - Filling up the DagBag from /home/airflow/.local/lib/python3.12/site-packages/airflow/example_dags/example_setup_teardown.py
[2024-11-25T09:13:04.170+0000] {processor.py:925} INFO - DAG(s) 'example_setup_teardown' retrieved from /home/airflow/.local/lib/python3.12/site-packages/airflow/example_dags/example_setup_teardown.py
[2024-11-25T09:13:04.209+0000] {logging_mixin.py:190} INFO - [2024-11-25T09:13:04.209+0000] {dag.py:3239} INFO - Sync 1 DAGs
[2024-11-25T09:13:04.229+0000] {logging_mixin.py:190} INFO - [2024-11-25T09:13:04.228+0000] {dag.py:4180} INFO - Setting next_dagrun for example_setup_teardown to None, run_after=None
[2024-11-25T09:13:04.262+0000] {processor.py:208} INFO - Processing /home/airflow/.local/lib/python3.12/site-packages/airflow/example_dags/example_setup_teardown.py took 0.115 seconds
[2024-11-25T09:13:34.514+0000] {processor.py:186} INFO - Started process (PID=19162) to work on /home/airflow/.local/lib/python3.12/site-packages/airflow/example_dags/example_setup_teardown.py
[2024-11-25T09:13:34.519+0000] {processor.py:914} INFO - Processing file /home/airflow/.local/lib/python3.12/site-packages/airflow/example_dags/example_setup_teardown.py for tasks to queue
[2024-11-25T09:13:34.526+0000] {logging_mixin.py:190} INFO - [2024-11-25T09:13:34.525+0000] {dagbag.py:588} INFO - Filling up the DagBag from /home/airflow/.local/lib/python3.12/site-packages/airflow/example_dags/example_setup_teardown.py
[2024-11-25T09:13:34.552+0000] {processor.py:925} INFO - DAG(s) 'example_setup_teardown' retrieved from /home/airflow/.local/lib/python3.12/site-packages/airflow/example_dags/example_setup_teardown.py
[2024-11-25T09:13:34.595+0000] {logging_mixin.py:190} INFO - [2024-11-25T09:13:34.595+0000] {dag.py:3239} INFO - Sync 1 DAGs
[2024-11-25T09:13:34.614+0000] {logging_mixin.py:190} INFO - [2024-11-25T09:13:34.614+0000] {dag.py:4180} INFO - Setting next_dagrun for example_setup_teardown to None, run_after=None
[2024-11-25T09:13:34.636+0000] {processor.py:208} INFO - Processing /home/airflow/.local/lib/python3.12/site-packages/airflow/example_dags/example_setup_teardown.py took 0.132 seconds
[2024-11-25T09:14:05.236+0000] {processor.py:186} INFO - Started process (PID=19463) to work on /home/airflow/.local/lib/python3.12/site-packages/airflow/example_dags/example_setup_teardown.py
[2024-11-25T09:14:05.237+0000] {processor.py:914} INFO - Processing file /home/airflow/.local/lib/python3.12/site-packages/airflow/example_dags/example_setup_teardown.py for tasks to queue
[2024-11-25T09:14:05.240+0000] {logging_mixin.py:190} INFO - [2024-11-25T09:14:05.239+0000] {dagbag.py:588} INFO - Filling up the DagBag from /home/airflow/.local/lib/python3.12/site-packages/airflow/example_dags/example_setup_teardown.py
[2024-11-25T09:14:05.249+0000] {processor.py:925} INFO - DAG(s) 'example_setup_teardown' retrieved from /home/airflow/.local/lib/python3.12/site-packages/airflow/example_dags/example_setup_teardown.py
[2024-11-25T09:14:05.273+0000] {logging_mixin.py:190} INFO - [2024-11-25T09:14:05.273+0000] {dag.py:3239} INFO - Sync 1 DAGs
[2024-11-25T09:14:05.289+0000] {logging_mixin.py:190} INFO - [2024-11-25T09:14:05.289+0000] {dag.py:4180} INFO - Setting next_dagrun for example_setup_teardown to None, run_after=None
[2024-11-25T09:14:05.309+0000] {processor.py:208} INFO - Processing /home/airflow/.local/lib/python3.12/site-packages/airflow/example_dags/example_setup_teardown.py took 0.081 seconds
[2024-11-25T09:14:36.220+0000] {processor.py:186} INFO - Started process (PID=19764) to work on /home/airflow/.local/lib/python3.12/site-packages/airflow/example_dags/example_setup_teardown.py
[2024-11-25T09:14:36.222+0000] {processor.py:914} INFO - Processing file /home/airflow/.local/lib/python3.12/site-packages/airflow/example_dags/example_setup_teardown.py for tasks to queue
[2024-11-25T09:14:36.226+0000] {logging_mixin.py:190} INFO - [2024-11-25T09:14:36.226+0000] {dagbag.py:588} INFO - Filling up the DagBag from /home/airflow/.local/lib/python3.12/site-packages/airflow/example_dags/example_setup_teardown.py
[2024-11-25T09:14:36.235+0000] {processor.py:925} INFO - DAG(s) 'example_setup_teardown' retrieved from /home/airflow/.local/lib/python3.12/site-packages/airflow/example_dags/example_setup_teardown.py
[2024-11-25T09:14:36.263+0000] {logging_mixin.py:190} INFO - [2024-11-25T09:14:36.263+0000] {dag.py:3239} INFO - Sync 1 DAGs
[2024-11-25T09:14:36.288+0000] {logging_mixin.py:190} INFO - [2024-11-25T09:14:36.287+0000] {dag.py:4180} INFO - Setting next_dagrun for example_setup_teardown to None, run_after=None
[2024-11-25T09:14:36.308+0000] {processor.py:208} INFO - Processing /home/airflow/.local/lib/python3.12/site-packages/airflow/example_dags/example_setup_teardown.py took 0.098 seconds
[2024-11-25T09:15:06.937+0000] {processor.py:186} INFO - Started process (PID=20065) to work on /home/airflow/.local/lib/python3.12/site-packages/airflow/example_dags/example_setup_teardown.py
[2024-11-25T09:15:06.939+0000] {processor.py:914} INFO - Processing file /home/airflow/.local/lib/python3.12/site-packages/airflow/example_dags/example_setup_teardown.py for tasks to queue
[2024-11-25T09:15:06.942+0000] {logging_mixin.py:190} INFO - [2024-11-25T09:15:06.942+0000] {dagbag.py:588} INFO - Filling up the DagBag from /home/airflow/.local/lib/python3.12/site-packages/airflow/example_dags/example_setup_teardown.py
[2024-11-25T09:15:06.954+0000] {processor.py:925} INFO - DAG(s) 'example_setup_teardown' retrieved from /home/airflow/.local/lib/python3.12/site-packages/airflow/example_dags/example_setup_teardown.py
[2024-11-25T09:15:06.990+0000] {logging_mixin.py:190} INFO - [2024-11-25T09:15:06.990+0000] {dag.py:3239} INFO - Sync 1 DAGs
[2024-11-25T09:15:07.028+0000] {logging_mixin.py:190} INFO - [2024-11-25T09:15:07.027+0000] {dag.py:4180} INFO - Setting next_dagrun for example_setup_teardown to None, run_after=None
[2024-11-25T09:15:07.080+0000] {processor.py:208} INFO - Processing /home/airflow/.local/lib/python3.12/site-packages/airflow/example_dags/example_setup_teardown.py took 0.155 seconds
[2024-11-25T09:15:37.307+0000] {processor.py:186} INFO - Started process (PID=20366) to work on /home/airflow/.local/lib/python3.12/site-packages/airflow/example_dags/example_setup_teardown.py
[2024-11-25T09:15:37.308+0000] {processor.py:914} INFO - Processing file /home/airflow/.local/lib/python3.12/site-packages/airflow/example_dags/example_setup_teardown.py for tasks to queue
[2024-11-25T09:15:37.313+0000] {logging_mixin.py:190} INFO - [2024-11-25T09:15:37.312+0000] {dagbag.py:588} INFO - Filling up the DagBag from /home/airflow/.local/lib/python3.12/site-packages/airflow/example_dags/example_setup_teardown.py
[2024-11-25T09:15:37.323+0000] {processor.py:925} INFO - DAG(s) 'example_setup_teardown' retrieved from /home/airflow/.local/lib/python3.12/site-packages/airflow/example_dags/example_setup_teardown.py
[2024-11-25T09:15:37.355+0000] {logging_mixin.py:190} INFO - [2024-11-25T09:15:37.355+0000] {dag.py:3239} INFO - Sync 1 DAGs
[2024-11-25T09:15:37.388+0000] {logging_mixin.py:190} INFO - [2024-11-25T09:15:37.388+0000] {dag.py:4180} INFO - Setting next_dagrun for example_setup_teardown to None, run_after=None
[2024-11-25T09:15:37.461+0000] {processor.py:208} INFO - Processing /home/airflow/.local/lib/python3.12/site-packages/airflow/example_dags/example_setup_teardown.py took 0.166 seconds
[2024-11-25T09:16:07.817+0000] {processor.py:186} INFO - Started process (PID=20667) to work on /home/airflow/.local/lib/python3.12/site-packages/airflow/example_dags/example_setup_teardown.py
[2024-11-25T09:16:07.818+0000] {processor.py:914} INFO - Processing file /home/airflow/.local/lib/python3.12/site-packages/airflow/example_dags/example_setup_teardown.py for tasks to queue
[2024-11-25T09:16:07.821+0000] {logging_mixin.py:190} INFO - [2024-11-25T09:16:07.821+0000] {dagbag.py:588} INFO - Filling up the DagBag from /home/airflow/.local/lib/python3.12/site-packages/airflow/example_dags/example_setup_teardown.py
[2024-11-25T09:16:07.832+0000] {processor.py:925} INFO - DAG(s) 'example_setup_teardown' retrieved from /home/airflow/.local/lib/python3.12/site-packages/airflow/example_dags/example_setup_teardown.py
[2024-11-25T09:16:07.872+0000] {logging_mixin.py:190} INFO - [2024-11-25T09:16:07.872+0000] {dag.py:3239} INFO - Sync 1 DAGs
[2024-11-25T09:16:07.902+0000] {logging_mixin.py:190} INFO - [2024-11-25T09:16:07.902+0000] {dag.py:4180} INFO - Setting next_dagrun for example_setup_teardown to None, run_after=None
[2024-11-25T09:16:07.941+0000] {processor.py:208} INFO - Processing /home/airflow/.local/lib/python3.12/site-packages/airflow/example_dags/example_setup_teardown.py took 0.133 seconds
[2024-11-25T09:16:38.206+0000] {processor.py:186} INFO - Started process (PID=20968) to work on /home/airflow/.local/lib/python3.12/site-packages/airflow/example_dags/example_setup_teardown.py
[2024-11-25T09:16:38.209+0000] {processor.py:914} INFO - Processing file /home/airflow/.local/lib/python3.12/site-packages/airflow/example_dags/example_setup_teardown.py for tasks to queue
[2024-11-25T09:16:38.215+0000] {logging_mixin.py:190} INFO - [2024-11-25T09:16:38.214+0000] {dagbag.py:588} INFO - Filling up the DagBag from /home/airflow/.local/lib/python3.12/site-packages/airflow/example_dags/example_setup_teardown.py
[2024-11-25T09:16:38.232+0000] {processor.py:925} INFO - DAG(s) 'example_setup_teardown' retrieved from /home/airflow/.local/lib/python3.12/site-packages/airflow/example_dags/example_setup_teardown.py
[2024-11-25T09:16:38.274+0000] {logging_mixin.py:190} INFO - [2024-11-25T09:16:38.273+0000] {dag.py:3239} INFO - Sync 1 DAGs
[2024-11-25T09:16:38.301+0000] {logging_mixin.py:190} INFO - [2024-11-25T09:16:38.300+0000] {dag.py:4180} INFO - Setting next_dagrun for example_setup_teardown to None, run_after=None
[2024-11-25T09:16:38.341+0000] {processor.py:208} INFO - Processing /home/airflow/.local/lib/python3.12/site-packages/airflow/example_dags/example_setup_teardown.py took 0.145 seconds
[2024-11-25T09:17:08.638+0000] {processor.py:186} INFO - Started process (PID=21269) to work on /home/airflow/.local/lib/python3.12/site-packages/airflow/example_dags/example_setup_teardown.py
[2024-11-25T09:17:08.640+0000] {processor.py:914} INFO - Processing file /home/airflow/.local/lib/python3.12/site-packages/airflow/example_dags/example_setup_teardown.py for tasks to queue
[2024-11-25T09:17:08.646+0000] {logging_mixin.py:190} INFO - [2024-11-25T09:17:08.645+0000] {dagbag.py:588} INFO - Filling up the DagBag from /home/airflow/.local/lib/python3.12/site-packages/airflow/example_dags/example_setup_teardown.py
[2024-11-25T09:17:08.664+0000] {processor.py:925} INFO - DAG(s) 'example_setup_teardown' retrieved from /home/airflow/.local/lib/python3.12/site-packages/airflow/example_dags/example_setup_teardown.py
[2024-11-25T09:17:08.709+0000] {logging_mixin.py:190} INFO - [2024-11-25T09:17:08.708+0000] {dag.py:3239} INFO - Sync 1 DAGs
[2024-11-25T09:17:08.743+0000] {logging_mixin.py:190} INFO - [2024-11-25T09:17:08.742+0000] {dag.py:4180} INFO - Setting next_dagrun for example_setup_teardown to None, run_after=None
[2024-11-25T09:17:08.775+0000] {processor.py:208} INFO - Processing /home/airflow/.local/lib/python3.12/site-packages/airflow/example_dags/example_setup_teardown.py took 0.150 seconds
[2024-11-25T09:17:39.809+0000] {processor.py:186} INFO - Started process (PID=21570) to work on /home/airflow/.local/lib/python3.12/site-packages/airflow/example_dags/example_setup_teardown.py
[2024-11-25T09:17:39.810+0000] {processor.py:914} INFO - Processing file /home/airflow/.local/lib/python3.12/site-packages/airflow/example_dags/example_setup_teardown.py for tasks to queue
[2024-11-25T09:17:39.813+0000] {logging_mixin.py:190} INFO - [2024-11-25T09:17:39.813+0000] {dagbag.py:588} INFO - Filling up the DagBag from /home/airflow/.local/lib/python3.12/site-packages/airflow/example_dags/example_setup_teardown.py
[2024-11-25T09:17:39.822+0000] {processor.py:925} INFO - DAG(s) 'example_setup_teardown' retrieved from /home/airflow/.local/lib/python3.12/site-packages/airflow/example_dags/example_setup_teardown.py
[2024-11-25T09:17:39.847+0000] {logging_mixin.py:190} INFO - [2024-11-25T09:17:39.847+0000] {dag.py:3239} INFO - Sync 1 DAGs
[2024-11-25T09:17:39.861+0000] {logging_mixin.py:190} INFO - [2024-11-25T09:17:39.861+0000] {dag.py:4180} INFO - Setting next_dagrun for example_setup_teardown to None, run_after=None
[2024-11-25T09:17:39.885+0000] {processor.py:208} INFO - Processing /home/airflow/.local/lib/python3.12/site-packages/airflow/example_dags/example_setup_teardown.py took 0.082 seconds
[2024-11-25T09:18:10.370+0000] {processor.py:186} INFO - Started process (PID=21871) to work on /home/airflow/.local/lib/python3.12/site-packages/airflow/example_dags/example_setup_teardown.py
[2024-11-25T09:18:10.371+0000] {processor.py:914} INFO - Processing file /home/airflow/.local/lib/python3.12/site-packages/airflow/example_dags/example_setup_teardown.py for tasks to queue
[2024-11-25T09:18:10.373+0000] {logging_mixin.py:190} INFO - [2024-11-25T09:18:10.373+0000] {dagbag.py:588} INFO - Filling up the DagBag from /home/airflow/.local/lib/python3.12/site-packages/airflow/example_dags/example_setup_teardown.py
[2024-11-25T09:18:10.383+0000] {processor.py:925} INFO - DAG(s) 'example_setup_teardown' retrieved from /home/airflow/.local/lib/python3.12/site-packages/airflow/example_dags/example_setup_teardown.py
[2024-11-25T09:18:10.409+0000] {logging_mixin.py:190} INFO - [2024-11-25T09:18:10.409+0000] {dag.py:3239} INFO - Sync 1 DAGs
[2024-11-25T09:18:10.424+0000] {logging_mixin.py:190} INFO - [2024-11-25T09:18:10.424+0000] {dag.py:4180} INFO - Setting next_dagrun for example_setup_teardown to None, run_after=None
[2024-11-25T09:18:10.447+0000] {processor.py:208} INFO - Processing /home/airflow/.local/lib/python3.12/site-packages/airflow/example_dags/example_setup_teardown.py took 0.086 seconds
[2024-11-25T09:18:40.548+0000] {processor.py:186} INFO - Started process (PID=22172) to work on /home/airflow/.local/lib/python3.12/site-packages/airflow/example_dags/example_setup_teardown.py
[2024-11-25T09:18:40.549+0000] {processor.py:914} INFO - Processing file /home/airflow/.local/lib/python3.12/site-packages/airflow/example_dags/example_setup_teardown.py for tasks to queue
[2024-11-25T09:18:40.552+0000] {logging_mixin.py:190} INFO - [2024-11-25T09:18:40.552+0000] {dagbag.py:588} INFO - Filling up the DagBag from /home/airflow/.local/lib/python3.12/site-packages/airflow/example_dags/example_setup_teardown.py
[2024-11-25T09:18:40.561+0000] {processor.py:925} INFO - DAG(s) 'example_setup_teardown' retrieved from /home/airflow/.local/lib/python3.12/site-packages/airflow/example_dags/example_setup_teardown.py
[2024-11-25T09:18:40.586+0000] {logging_mixin.py:190} INFO - [2024-11-25T09:18:40.585+0000] {dag.py:3239} INFO - Sync 1 DAGs
[2024-11-25T09:18:40.601+0000] {logging_mixin.py:190} INFO - [2024-11-25T09:18:40.601+0000] {dag.py:4180} INFO - Setting next_dagrun for example_setup_teardown to None, run_after=None
[2024-11-25T09:18:40.620+0000] {processor.py:208} INFO - Processing /home/airflow/.local/lib/python3.12/site-packages/airflow/example_dags/example_setup_teardown.py took 0.078 seconds
