[2024-11-25T08:41:40.832+0000] {processor.py:186} INFO - Started process (PID=427) to work on /home/airflow/.local/lib/python3.12/site-packages/airflow/example_dags/example_bash_operator.py
[2024-11-25T08:41:40.833+0000] {processor.py:914} INFO - Processing file /home/airflow/.local/lib/python3.12/site-packages/airflow/example_dags/example_bash_operator.py for tasks to queue
[2024-11-25T08:41:40.837+0000] {logging_mixin.py:190} INFO - [2024-11-25T08:41:40.836+0000] {dagbag.py:588} INFO - Filling up the DagBag from /home/airflow/.local/lib/python3.12/site-packages/airflow/example_dags/example_bash_operator.py
[2024-11-25T08:41:40.857+0000] {processor.py:925} INFO - DAG(s) 'example_bash_operator' retrieved from /home/airflow/.local/lib/python3.12/site-packages/airflow/example_dags/example_bash_operator.py
[2024-11-25T08:41:41.124+0000] {logging_mixin.py:190} INFO - [2024-11-25T08:41:41.121+0000] {override.py:1911} INFO - Created Permission View: can edit on DAG:example_bash_operator
[2024-11-25T08:41:41.161+0000] {logging_mixin.py:190} INFO - [2024-11-25T08:41:41.160+0000] {override.py:1911} INFO - Created Permission View: can delete on DAG:example_bash_operator
[2024-11-25T08:41:41.177+0000] {logging_mixin.py:190} INFO - [2024-11-25T08:41:41.176+0000] {override.py:1911} INFO - Created Permission View: can read on DAG:example_bash_operator
[2024-11-25T08:41:41.197+0000] {logging_mixin.py:190} INFO - [2024-11-25T08:41:41.197+0000] {override.py:1911} INFO - Created Permission View: can create on DAG Run:example_bash_operator
[2024-11-25T08:41:41.209+0000] {logging_mixin.py:190} INFO - [2024-11-25T08:41:41.208+0000] {override.py:1911} INFO - Created Permission View: can delete on DAG Run:example_bash_operator
[2024-11-25T08:41:41.224+0000] {logging_mixin.py:190} INFO - [2024-11-25T08:41:41.223+0000] {override.py:1911} INFO - Created Permission View: menu access on DAG Run:example_bash_operator
[2024-11-25T08:41:41.239+0000] {logging_mixin.py:190} INFO - [2024-11-25T08:41:41.238+0000] {override.py:1911} INFO - Created Permission View: can read on DAG Run:example_bash_operator
[2024-11-25T08:41:41.241+0000] {logging_mixin.py:190} INFO - [2024-11-25T08:41:41.240+0000] {dag.py:3239} INFO - Sync 1 DAGs
[2024-11-25T08:41:41.268+0000] {logging_mixin.py:190} INFO - [2024-11-25T08:41:41.268+0000] {dag.py:3262} INFO - Creating ORM DAG for example_bash_operator
[2024-11-25T08:41:41.295+0000] {logging_mixin.py:190} INFO - [2024-11-25T08:41:41.294+0000] {dag.py:4180} INFO - Setting next_dagrun for example_bash_operator to 2024-11-24 00:00:00+00:00, run_after=2024-11-25 00:00:00+00:00
[2024-11-25T08:41:41.336+0000] {processor.py:208} INFO - Processing /home/airflow/.local/lib/python3.12/site-packages/airflow/example_dags/example_bash_operator.py took 0.516 seconds
[2024-11-25T08:42:12.291+0000] {processor.py:186} INFO - Started process (PID=726) to work on /home/airflow/.local/lib/python3.12/site-packages/airflow/example_dags/example_bash_operator.py
[2024-11-25T08:42:12.293+0000] {processor.py:914} INFO - Processing file /home/airflow/.local/lib/python3.12/site-packages/airflow/example_dags/example_bash_operator.py for tasks to queue
[2024-11-25T08:42:12.296+0000] {logging_mixin.py:190} INFO - [2024-11-25T08:42:12.296+0000] {dagbag.py:588} INFO - Filling up the DagBag from /home/airflow/.local/lib/python3.12/site-packages/airflow/example_dags/example_bash_operator.py
[2024-11-25T08:42:12.310+0000] {processor.py:925} INFO - DAG(s) 'example_bash_operator' retrieved from /home/airflow/.local/lib/python3.12/site-packages/airflow/example_dags/example_bash_operator.py
[2024-11-25T08:42:12.342+0000] {logging_mixin.py:190} INFO - [2024-11-25T08:42:12.341+0000] {dag.py:3239} INFO - Sync 1 DAGs
[2024-11-25T08:42:12.366+0000] {logging_mixin.py:190} INFO - [2024-11-25T08:42:12.366+0000] {dag.py:4180} INFO - Setting next_dagrun for example_bash_operator to 2024-11-24 00:00:00+00:00, run_after=2024-11-25 00:00:00+00:00
[2024-11-25T08:42:12.388+0000] {processor.py:208} INFO - Processing /home/airflow/.local/lib/python3.12/site-packages/airflow/example_dags/example_bash_operator.py took 0.105 seconds
[2024-11-25T08:42:42.795+0000] {processor.py:186} INFO - Started process (PID=1030) to work on /home/airflow/.local/lib/python3.12/site-packages/airflow/example_dags/example_bash_operator.py
[2024-11-25T08:42:42.797+0000] {processor.py:914} INFO - Processing file /home/airflow/.local/lib/python3.12/site-packages/airflow/example_dags/example_bash_operator.py for tasks to queue
[2024-11-25T08:42:42.802+0000] {logging_mixin.py:190} INFO - [2024-11-25T08:42:42.801+0000] {dagbag.py:588} INFO - Filling up the DagBag from /home/airflow/.local/lib/python3.12/site-packages/airflow/example_dags/example_bash_operator.py
[2024-11-25T08:42:42.827+0000] {processor.py:925} INFO - DAG(s) 'example_bash_operator' retrieved from /home/airflow/.local/lib/python3.12/site-packages/airflow/example_dags/example_bash_operator.py
[2024-11-25T08:42:42.880+0000] {logging_mixin.py:190} INFO - [2024-11-25T08:42:42.879+0000] {dag.py:3239} INFO - Sync 1 DAGs
[2024-11-25T08:42:42.926+0000] {logging_mixin.py:190} INFO - [2024-11-25T08:42:42.925+0000] {dag.py:4180} INFO - Setting next_dagrun for example_bash_operator to 2024-11-24 00:00:00+00:00, run_after=2024-11-25 00:00:00+00:00
[2024-11-25T08:42:42.973+0000] {processor.py:208} INFO - Processing /home/airflow/.local/lib/python3.12/site-packages/airflow/example_dags/example_bash_operator.py took 0.188 seconds
[2024-11-25T08:43:13.559+0000] {processor.py:186} INFO - Started process (PID=1335) to work on /home/airflow/.local/lib/python3.12/site-packages/airflow/example_dags/example_bash_operator.py
[2024-11-25T08:43:13.560+0000] {processor.py:914} INFO - Processing file /home/airflow/.local/lib/python3.12/site-packages/airflow/example_dags/example_bash_operator.py for tasks to queue
[2024-11-25T08:43:13.562+0000] {logging_mixin.py:190} INFO - [2024-11-25T08:43:13.562+0000] {dagbag.py:588} INFO - Filling up the DagBag from /home/airflow/.local/lib/python3.12/site-packages/airflow/example_dags/example_bash_operator.py
[2024-11-25T08:43:13.574+0000] {processor.py:925} INFO - DAG(s) 'example_bash_operator' retrieved from /home/airflow/.local/lib/python3.12/site-packages/airflow/example_dags/example_bash_operator.py
[2024-11-25T08:43:13.602+0000] {logging_mixin.py:190} INFO - [2024-11-25T08:43:13.602+0000] {dag.py:3239} INFO - Sync 1 DAGs
[2024-11-25T08:43:13.626+0000] {logging_mixin.py:190} INFO - [2024-11-25T08:43:13.626+0000] {dag.py:4180} INFO - Setting next_dagrun for example_bash_operator to 2024-11-24 00:00:00+00:00, run_after=2024-11-25 00:00:00+00:00
[2024-11-25T08:43:13.646+0000] {processor.py:208} INFO - Processing /home/airflow/.local/lib/python3.12/site-packages/airflow/example_dags/example_bash_operator.py took 0.092 seconds
[2024-11-25T08:43:44.523+0000] {processor.py:186} INFO - Started process (PID=1634) to work on /home/airflow/.local/lib/python3.12/site-packages/airflow/example_dags/example_bash_operator.py
[2024-11-25T08:43:44.524+0000] {processor.py:914} INFO - Processing file /home/airflow/.local/lib/python3.12/site-packages/airflow/example_dags/example_bash_operator.py for tasks to queue
[2024-11-25T08:43:44.526+0000] {logging_mixin.py:190} INFO - [2024-11-25T08:43:44.526+0000] {dagbag.py:588} INFO - Filling up the DagBag from /home/airflow/.local/lib/python3.12/site-packages/airflow/example_dags/example_bash_operator.py
[2024-11-25T08:43:44.539+0000] {processor.py:925} INFO - DAG(s) 'example_bash_operator' retrieved from /home/airflow/.local/lib/python3.12/site-packages/airflow/example_dags/example_bash_operator.py
[2024-11-25T08:43:44.578+0000] {logging_mixin.py:190} INFO - [2024-11-25T08:43:44.578+0000] {dag.py:3239} INFO - Sync 1 DAGs
[2024-11-25T08:43:44.604+0000] {logging_mixin.py:190} INFO - [2024-11-25T08:43:44.603+0000] {dag.py:4180} INFO - Setting next_dagrun for example_bash_operator to 2024-11-24 00:00:00+00:00, run_after=2024-11-25 00:00:00+00:00
[2024-11-25T08:43:44.627+0000] {processor.py:208} INFO - Processing /home/airflow/.local/lib/python3.12/site-packages/airflow/example_dags/example_bash_operator.py took 0.110 seconds
[2024-11-25T08:44:15.170+0000] {processor.py:186} INFO - Started process (PID=1936) to work on /home/airflow/.local/lib/python3.12/site-packages/airflow/example_dags/example_bash_operator.py
[2024-11-25T08:44:15.171+0000] {processor.py:914} INFO - Processing file /home/airflow/.local/lib/python3.12/site-packages/airflow/example_dags/example_bash_operator.py for tasks to queue
[2024-11-25T08:44:15.176+0000] {logging_mixin.py:190} INFO - [2024-11-25T08:44:15.175+0000] {dagbag.py:588} INFO - Filling up the DagBag from /home/airflow/.local/lib/python3.12/site-packages/airflow/example_dags/example_bash_operator.py
[2024-11-25T08:44:15.195+0000] {processor.py:925} INFO - DAG(s) 'example_bash_operator' retrieved from /home/airflow/.local/lib/python3.12/site-packages/airflow/example_dags/example_bash_operator.py
[2024-11-25T08:44:15.275+0000] {logging_mixin.py:190} INFO - [2024-11-25T08:44:15.275+0000] {dag.py:3239} INFO - Sync 1 DAGs
[2024-11-25T08:44:15.342+0000] {logging_mixin.py:190} INFO - [2024-11-25T08:44:15.341+0000] {dag.py:4180} INFO - Setting next_dagrun for example_bash_operator to 2024-11-24 00:00:00+00:00, run_after=2024-11-25 00:00:00+00:00
[2024-11-25T08:44:15.402+0000] {processor.py:208} INFO - Processing /home/airflow/.local/lib/python3.12/site-packages/airflow/example_dags/example_bash_operator.py took 0.241 seconds
[2024-11-25T08:44:46.070+0000] {processor.py:186} INFO - Started process (PID=2239) to work on /home/airflow/.local/lib/python3.12/site-packages/airflow/example_dags/example_bash_operator.py
[2024-11-25T08:44:46.074+0000] {processor.py:914} INFO - Processing file /home/airflow/.local/lib/python3.12/site-packages/airflow/example_dags/example_bash_operator.py for tasks to queue
[2024-11-25T08:44:46.083+0000] {logging_mixin.py:190} INFO - [2024-11-25T08:44:46.082+0000] {dagbag.py:588} INFO - Filling up the DagBag from /home/airflow/.local/lib/python3.12/site-packages/airflow/example_dags/example_bash_operator.py
[2024-11-25T08:44:46.124+0000] {processor.py:925} INFO - DAG(s) 'example_bash_operator' retrieved from /home/airflow/.local/lib/python3.12/site-packages/airflow/example_dags/example_bash_operator.py
[2024-11-25T08:44:46.213+0000] {logging_mixin.py:190} INFO - [2024-11-25T08:44:46.213+0000] {dag.py:3239} INFO - Sync 1 DAGs
[2024-11-25T08:44:46.285+0000] {logging_mixin.py:190} INFO - [2024-11-25T08:44:46.285+0000] {dag.py:4180} INFO - Setting next_dagrun for example_bash_operator to 2024-11-24 00:00:00+00:00, run_after=2024-11-25 00:00:00+00:00
[2024-11-25T08:44:46.316+0000] {processor.py:208} INFO - Processing /home/airflow/.local/lib/python3.12/site-packages/airflow/example_dags/example_bash_operator.py took 0.259 seconds
[2024-11-25T08:45:16.749+0000] {processor.py:186} INFO - Started process (PID=2544) to work on /home/airflow/.local/lib/python3.12/site-packages/airflow/example_dags/example_bash_operator.py
[2024-11-25T08:45:16.750+0000] {processor.py:914} INFO - Processing file /home/airflow/.local/lib/python3.12/site-packages/airflow/example_dags/example_bash_operator.py for tasks to queue
[2024-11-25T08:45:16.753+0000] {logging_mixin.py:190} INFO - [2024-11-25T08:45:16.753+0000] {dagbag.py:588} INFO - Filling up the DagBag from /home/airflow/.local/lib/python3.12/site-packages/airflow/example_dags/example_bash_operator.py
[2024-11-25T08:45:16.765+0000] {processor.py:925} INFO - DAG(s) 'example_bash_operator' retrieved from /home/airflow/.local/lib/python3.12/site-packages/airflow/example_dags/example_bash_operator.py
[2024-11-25T08:45:16.796+0000] {logging_mixin.py:190} INFO - [2024-11-25T08:45:16.796+0000] {dag.py:3239} INFO - Sync 1 DAGs
[2024-11-25T08:45:16.820+0000] {logging_mixin.py:190} INFO - [2024-11-25T08:45:16.820+0000] {dag.py:4180} INFO - Setting next_dagrun for example_bash_operator to 2024-11-24 00:00:00+00:00, run_after=2024-11-25 00:00:00+00:00
[2024-11-25T08:45:16.844+0000] {processor.py:208} INFO - Processing /home/airflow/.local/lib/python3.12/site-packages/airflow/example_dags/example_bash_operator.py took 0.101 seconds
[2024-11-25T08:45:46.918+0000] {processor.py:186} INFO - Started process (PID=2840) to work on /home/airflow/.local/lib/python3.12/site-packages/airflow/example_dags/example_bash_operator.py
[2024-11-25T08:45:46.920+0000] {processor.py:914} INFO - Processing file /home/airflow/.local/lib/python3.12/site-packages/airflow/example_dags/example_bash_operator.py for tasks to queue
[2024-11-25T08:45:46.923+0000] {logging_mixin.py:190} INFO - [2024-11-25T08:45:46.923+0000] {dagbag.py:588} INFO - Filling up the DagBag from /home/airflow/.local/lib/python3.12/site-packages/airflow/example_dags/example_bash_operator.py
[2024-11-25T08:45:46.943+0000] {processor.py:925} INFO - DAG(s) 'example_bash_operator' retrieved from /home/airflow/.local/lib/python3.12/site-packages/airflow/example_dags/example_bash_operator.py
[2024-11-25T08:45:46.982+0000] {logging_mixin.py:190} INFO - [2024-11-25T08:45:46.982+0000] {dag.py:3239} INFO - Sync 1 DAGs
[2024-11-25T08:45:47.012+0000] {logging_mixin.py:190} INFO - [2024-11-25T08:45:47.012+0000] {dag.py:4180} INFO - Setting next_dagrun for example_bash_operator to 2024-11-24 00:00:00+00:00, run_after=2024-11-25 00:00:00+00:00
[2024-11-25T08:45:47.036+0000] {processor.py:208} INFO - Processing /home/airflow/.local/lib/python3.12/site-packages/airflow/example_dags/example_bash_operator.py took 0.126 seconds
[2024-11-25T08:46:17.355+0000] {processor.py:186} INFO - Started process (PID=3141) to work on /home/airflow/.local/lib/python3.12/site-packages/airflow/example_dags/example_bash_operator.py
[2024-11-25T08:46:17.356+0000] {processor.py:914} INFO - Processing file /home/airflow/.local/lib/python3.12/site-packages/airflow/example_dags/example_bash_operator.py for tasks to queue
[2024-11-25T08:46:17.359+0000] {logging_mixin.py:190} INFO - [2024-11-25T08:46:17.359+0000] {dagbag.py:588} INFO - Filling up the DagBag from /home/airflow/.local/lib/python3.12/site-packages/airflow/example_dags/example_bash_operator.py
[2024-11-25T08:46:17.385+0000] {processor.py:925} INFO - DAG(s) 'example_bash_operator' retrieved from /home/airflow/.local/lib/python3.12/site-packages/airflow/example_dags/example_bash_operator.py
[2024-11-25T08:46:17.432+0000] {logging_mixin.py:190} INFO - [2024-11-25T08:46:17.431+0000] {dag.py:3239} INFO - Sync 1 DAGs
[2024-11-25T08:46:17.483+0000] {logging_mixin.py:190} INFO - [2024-11-25T08:46:17.482+0000] {dag.py:4180} INFO - Setting next_dagrun for example_bash_operator to 2024-11-24 00:00:00+00:00, run_after=2024-11-25 00:00:00+00:00
[2024-11-25T08:46:17.535+0000] {processor.py:208} INFO - Processing /home/airflow/.local/lib/python3.12/site-packages/airflow/example_dags/example_bash_operator.py took 0.187 seconds
[2024-11-25T08:46:51.320+0000] {processor.py:186} INFO - Started process (PID=3443) to work on /home/airflow/.local/lib/python3.12/site-packages/airflow/example_dags/example_bash_operator.py
[2024-11-25T08:46:51.325+0000] {processor.py:914} INFO - Processing file /home/airflow/.local/lib/python3.12/site-packages/airflow/example_dags/example_bash_operator.py for tasks to queue
[2024-11-25T08:46:51.337+0000] {logging_mixin.py:190} INFO - [2024-11-25T08:46:51.336+0000] {dagbag.py:588} INFO - Filling up the DagBag from /home/airflow/.local/lib/python3.12/site-packages/airflow/example_dags/example_bash_operator.py
[2024-11-25T08:46:51.373+0000] {processor.py:925} INFO - DAG(s) 'example_bash_operator' retrieved from /home/airflow/.local/lib/python3.12/site-packages/airflow/example_dags/example_bash_operator.py
[2024-11-25T08:46:51.420+0000] {logging_mixin.py:190} INFO - [2024-11-25T08:46:51.420+0000] {dag.py:3239} INFO - Sync 1 DAGs
[2024-11-25T08:46:51.458+0000] {logging_mixin.py:190} INFO - [2024-11-25T08:46:51.457+0000] {dag.py:4180} INFO - Setting next_dagrun for example_bash_operator to 2024-11-24 00:00:00+00:00, run_after=2024-11-25 00:00:00+00:00
[2024-11-25T08:46:51.497+0000] {processor.py:208} INFO - Processing /home/airflow/.local/lib/python3.12/site-packages/airflow/example_dags/example_bash_operator.py took 0.198 seconds
[2024-11-25T08:47:21.554+0000] {processor.py:186} INFO - Started process (PID=3746) to work on /home/airflow/.local/lib/python3.12/site-packages/airflow/example_dags/example_bash_operator.py
[2024-11-25T08:47:21.556+0000] {processor.py:914} INFO - Processing file /home/airflow/.local/lib/python3.12/site-packages/airflow/example_dags/example_bash_operator.py for tasks to queue
[2024-11-25T08:47:21.558+0000] {logging_mixin.py:190} INFO - [2024-11-25T08:47:21.558+0000] {dagbag.py:588} INFO - Filling up the DagBag from /home/airflow/.local/lib/python3.12/site-packages/airflow/example_dags/example_bash_operator.py
[2024-11-25T08:47:21.570+0000] {processor.py:925} INFO - DAG(s) 'example_bash_operator' retrieved from /home/airflow/.local/lib/python3.12/site-packages/airflow/example_dags/example_bash_operator.py
[2024-11-25T08:47:21.601+0000] {logging_mixin.py:190} INFO - [2024-11-25T08:47:21.601+0000] {dag.py:3239} INFO - Sync 1 DAGs
[2024-11-25T08:47:21.624+0000] {logging_mixin.py:190} INFO - [2024-11-25T08:47:21.624+0000] {dag.py:4180} INFO - Setting next_dagrun for example_bash_operator to 2024-11-24 00:00:00+00:00, run_after=2024-11-25 00:00:00+00:00
[2024-11-25T08:47:21.647+0000] {processor.py:208} INFO - Processing /home/airflow/.local/lib/python3.12/site-packages/airflow/example_dags/example_bash_operator.py took 0.097 seconds
[2024-11-25T08:47:52.301+0000] {processor.py:186} INFO - Started process (PID=4045) to work on /home/airflow/.local/lib/python3.12/site-packages/airflow/example_dags/example_bash_operator.py
[2024-11-25T08:47:52.302+0000] {processor.py:914} INFO - Processing file /home/airflow/.local/lib/python3.12/site-packages/airflow/example_dags/example_bash_operator.py for tasks to queue
[2024-11-25T08:47:52.305+0000] {logging_mixin.py:190} INFO - [2024-11-25T08:47:52.305+0000] {dagbag.py:588} INFO - Filling up the DagBag from /home/airflow/.local/lib/python3.12/site-packages/airflow/example_dags/example_bash_operator.py
[2024-11-25T08:47:52.322+0000] {processor.py:925} INFO - DAG(s) 'example_bash_operator' retrieved from /home/airflow/.local/lib/python3.12/site-packages/airflow/example_dags/example_bash_operator.py
[2024-11-25T08:47:52.360+0000] {logging_mixin.py:190} INFO - [2024-11-25T08:47:52.359+0000] {dag.py:3239} INFO - Sync 1 DAGs
[2024-11-25T08:47:52.385+0000] {logging_mixin.py:190} INFO - [2024-11-25T08:47:52.385+0000] {dag.py:4180} INFO - Setting next_dagrun for example_bash_operator to 2024-11-24 00:00:00+00:00, run_after=2024-11-25 00:00:00+00:00
[2024-11-25T08:47:52.408+0000] {processor.py:208} INFO - Processing /home/airflow/.local/lib/python3.12/site-packages/airflow/example_dags/example_bash_operator.py took 0.113 seconds
[2024-11-25T08:48:24.453+0000] {processor.py:186} INFO - Started process (PID=4346) to work on /home/airflow/.local/lib/python3.12/site-packages/airflow/example_dags/example_bash_operator.py
[2024-11-25T08:48:24.454+0000] {processor.py:914} INFO - Processing file /home/airflow/.local/lib/python3.12/site-packages/airflow/example_dags/example_bash_operator.py for tasks to queue
[2024-11-25T08:48:24.457+0000] {logging_mixin.py:190} INFO - [2024-11-25T08:48:24.456+0000] {dagbag.py:588} INFO - Filling up the DagBag from /home/airflow/.local/lib/python3.12/site-packages/airflow/example_dags/example_bash_operator.py
[2024-11-25T08:48:24.473+0000] {processor.py:925} INFO - DAG(s) 'example_bash_operator' retrieved from /home/airflow/.local/lib/python3.12/site-packages/airflow/example_dags/example_bash_operator.py
[2024-11-25T08:48:24.516+0000] {logging_mixin.py:190} INFO - [2024-11-25T08:48:24.515+0000] {dag.py:3239} INFO - Sync 1 DAGs
[2024-11-25T08:48:24.549+0000] {logging_mixin.py:190} INFO - [2024-11-25T08:48:24.549+0000] {dag.py:4180} INFO - Setting next_dagrun for example_bash_operator to 2024-11-24 00:00:00+00:00, run_after=2024-11-25 00:00:00+00:00
[2024-11-25T08:48:24.572+0000] {processor.py:208} INFO - Processing /home/airflow/.local/lib/python3.12/site-packages/airflow/example_dags/example_bash_operator.py took 0.127 seconds
[2024-11-25T08:48:56.909+0000] {processor.py:186} INFO - Started process (PID=4647) to work on /home/airflow/.local/lib/python3.12/site-packages/airflow/example_dags/example_bash_operator.py
[2024-11-25T08:48:56.911+0000] {processor.py:914} INFO - Processing file /home/airflow/.local/lib/python3.12/site-packages/airflow/example_dags/example_bash_operator.py for tasks to queue
[2024-11-25T08:48:56.916+0000] {logging_mixin.py:190} INFO - [2024-11-25T08:48:56.916+0000] {dagbag.py:588} INFO - Filling up the DagBag from /home/airflow/.local/lib/python3.12/site-packages/airflow/example_dags/example_bash_operator.py
[2024-11-25T08:48:56.935+0000] {processor.py:925} INFO - DAG(s) 'example_bash_operator' retrieved from /home/airflow/.local/lib/python3.12/site-packages/airflow/example_dags/example_bash_operator.py
[2024-11-25T08:48:56.980+0000] {logging_mixin.py:190} INFO - [2024-11-25T08:48:56.980+0000] {dag.py:3239} INFO - Sync 1 DAGs
[2024-11-25T08:48:57.020+0000] {logging_mixin.py:190} INFO - [2024-11-25T08:48:57.019+0000] {dag.py:4180} INFO - Setting next_dagrun for example_bash_operator to 2024-11-24 00:00:00+00:00, run_after=2024-11-25 00:00:00+00:00
[2024-11-25T08:48:57.049+0000] {processor.py:208} INFO - Processing /home/airflow/.local/lib/python3.12/site-packages/airflow/example_dags/example_bash_operator.py took 0.148 seconds
[2024-11-25T08:49:27.503+0000] {processor.py:186} INFO - Started process (PID=4948) to work on /home/airflow/.local/lib/python3.12/site-packages/airflow/example_dags/example_bash_operator.py
[2024-11-25T08:49:27.504+0000] {processor.py:914} INFO - Processing file /home/airflow/.local/lib/python3.12/site-packages/airflow/example_dags/example_bash_operator.py for tasks to queue
[2024-11-25T08:49:27.507+0000] {logging_mixin.py:190} INFO - [2024-11-25T08:49:27.507+0000] {dagbag.py:588} INFO - Filling up the DagBag from /home/airflow/.local/lib/python3.12/site-packages/airflow/example_dags/example_bash_operator.py
[2024-11-25T08:49:27.521+0000] {processor.py:925} INFO - DAG(s) 'example_bash_operator' retrieved from /home/airflow/.local/lib/python3.12/site-packages/airflow/example_dags/example_bash_operator.py
[2024-11-25T08:49:27.561+0000] {logging_mixin.py:190} INFO - [2024-11-25T08:49:27.560+0000] {dag.py:3239} INFO - Sync 1 DAGs
[2024-11-25T08:49:27.594+0000] {logging_mixin.py:190} INFO - [2024-11-25T08:49:27.594+0000] {dag.py:4180} INFO - Setting next_dagrun for example_bash_operator to 2024-11-24 00:00:00+00:00, run_after=2024-11-25 00:00:00+00:00
[2024-11-25T08:49:27.622+0000] {processor.py:208} INFO - Processing /home/airflow/.local/lib/python3.12/site-packages/airflow/example_dags/example_bash_operator.py took 0.126 seconds
[2024-11-25T08:49:58.538+0000] {processor.py:186} INFO - Started process (PID=5249) to work on /home/airflow/.local/lib/python3.12/site-packages/airflow/example_dags/example_bash_operator.py
[2024-11-25T08:49:58.539+0000] {processor.py:914} INFO - Processing file /home/airflow/.local/lib/python3.12/site-packages/airflow/example_dags/example_bash_operator.py for tasks to queue
[2024-11-25T08:49:58.543+0000] {logging_mixin.py:190} INFO - [2024-11-25T08:49:58.542+0000] {dagbag.py:588} INFO - Filling up the DagBag from /home/airflow/.local/lib/python3.12/site-packages/airflow/example_dags/example_bash_operator.py
[2024-11-25T08:49:58.563+0000] {processor.py:925} INFO - DAG(s) 'example_bash_operator' retrieved from /home/airflow/.local/lib/python3.12/site-packages/airflow/example_dags/example_bash_operator.py
[2024-11-25T08:49:58.609+0000] {logging_mixin.py:190} INFO - [2024-11-25T08:49:58.608+0000] {dag.py:3239} INFO - Sync 1 DAGs
[2024-11-25T08:49:58.652+0000] {logging_mixin.py:190} INFO - [2024-11-25T08:49:58.652+0000] {dag.py:4180} INFO - Setting next_dagrun for example_bash_operator to 2024-11-24 00:00:00+00:00, run_after=2024-11-25 00:00:00+00:00
[2024-11-25T08:49:58.690+0000] {processor.py:208} INFO - Processing /home/airflow/.local/lib/python3.12/site-packages/airflow/example_dags/example_bash_operator.py took 0.161 seconds
[2024-11-25T08:50:32.992+0000] {processor.py:186} INFO - Started process (PID=5545) to work on /home/airflow/.local/lib/python3.12/site-packages/airflow/example_dags/example_bash_operator.py
[2024-11-25T08:50:32.995+0000] {processor.py:914} INFO - Processing file /home/airflow/.local/lib/python3.12/site-packages/airflow/example_dags/example_bash_operator.py for tasks to queue
[2024-11-25T08:50:33.028+0000] {logging_mixin.py:190} INFO - [2024-11-25T08:50:33.027+0000] {dagbag.py:588} INFO - Filling up the DagBag from /home/airflow/.local/lib/python3.12/site-packages/airflow/example_dags/example_bash_operator.py
[2024-11-25T08:50:33.123+0000] {processor.py:925} INFO - DAG(s) 'example_bash_operator' retrieved from /home/airflow/.local/lib/python3.12/site-packages/airflow/example_dags/example_bash_operator.py
[2024-11-25T08:50:33.275+0000] {logging_mixin.py:190} INFO - [2024-11-25T08:50:33.274+0000] {dag.py:3239} INFO - Sync 1 DAGs
[2024-11-25T08:50:33.364+0000] {logging_mixin.py:190} INFO - [2024-11-25T08:50:33.363+0000] {dag.py:4180} INFO - Setting next_dagrun for example_bash_operator to 2024-11-24 00:00:00+00:00, run_after=2024-11-25 00:00:00+00:00
[2024-11-25T08:50:33.419+0000] {processor.py:208} INFO - Processing /home/airflow/.local/lib/python3.12/site-packages/airflow/example_dags/example_bash_operator.py took 0.448 seconds
[2024-11-25T08:51:03.625+0000] {processor.py:186} INFO - Started process (PID=5849) to work on /home/airflow/.local/lib/python3.12/site-packages/airflow/example_dags/example_bash_operator.py
[2024-11-25T08:51:03.627+0000] {processor.py:914} INFO - Processing file /home/airflow/.local/lib/python3.12/site-packages/airflow/example_dags/example_bash_operator.py for tasks to queue
[2024-11-25T08:51:03.629+0000] {logging_mixin.py:190} INFO - [2024-11-25T08:51:03.629+0000] {dagbag.py:588} INFO - Filling up the DagBag from /home/airflow/.local/lib/python3.12/site-packages/airflow/example_dags/example_bash_operator.py
[2024-11-25T08:51:03.650+0000] {processor.py:925} INFO - DAG(s) 'example_bash_operator' retrieved from /home/airflow/.local/lib/python3.12/site-packages/airflow/example_dags/example_bash_operator.py
[2024-11-25T08:51:03.690+0000] {logging_mixin.py:190} INFO - [2024-11-25T08:51:03.690+0000] {dag.py:3239} INFO - Sync 1 DAGs
[2024-11-25T08:51:03.734+0000] {logging_mixin.py:190} INFO - [2024-11-25T08:51:03.734+0000] {dag.py:4180} INFO - Setting next_dagrun for example_bash_operator to 2024-11-24 00:00:00+00:00, run_after=2024-11-25 00:00:00+00:00
[2024-11-25T08:51:03.769+0000] {processor.py:208} INFO - Processing /home/airflow/.local/lib/python3.12/site-packages/airflow/example_dags/example_bash_operator.py took 0.154 seconds
[2024-11-25T08:51:34.860+0000] {processor.py:186} INFO - Started process (PID=6156) to work on /home/airflow/.local/lib/python3.12/site-packages/airflow/example_dags/example_bash_operator.py
[2024-11-25T08:51:34.861+0000] {processor.py:914} INFO - Processing file /home/airflow/.local/lib/python3.12/site-packages/airflow/example_dags/example_bash_operator.py for tasks to queue
[2024-11-25T08:51:34.865+0000] {logging_mixin.py:190} INFO - [2024-11-25T08:51:34.864+0000] {dagbag.py:588} INFO - Filling up the DagBag from /home/airflow/.local/lib/python3.12/site-packages/airflow/example_dags/example_bash_operator.py
[2024-11-25T08:51:34.886+0000] {processor.py:925} INFO - DAG(s) 'example_bash_operator' retrieved from /home/airflow/.local/lib/python3.12/site-packages/airflow/example_dags/example_bash_operator.py
[2024-11-25T08:51:34.954+0000] {logging_mixin.py:190} INFO - [2024-11-25T08:51:34.954+0000] {dag.py:3239} INFO - Sync 1 DAGs
[2024-11-25T08:51:35.025+0000] {logging_mixin.py:190} INFO - [2024-11-25T08:51:35.023+0000] {dag.py:4180} INFO - Setting next_dagrun for example_bash_operator to 2024-11-24 00:00:00+00:00, run_after=2024-11-25 00:00:00+00:00
[2024-11-25T08:51:35.084+0000] {processor.py:208} INFO - Processing /home/airflow/.local/lib/python3.12/site-packages/airflow/example_dags/example_bash_operator.py took 0.236 seconds
[2024-11-25T08:52:05.195+0000] {processor.py:186} INFO - Started process (PID=6452) to work on /home/airflow/.local/lib/python3.12/site-packages/airflow/example_dags/example_bash_operator.py
[2024-11-25T08:52:05.196+0000] {processor.py:914} INFO - Processing file /home/airflow/.local/lib/python3.12/site-packages/airflow/example_dags/example_bash_operator.py for tasks to queue
[2024-11-25T08:52:05.198+0000] {logging_mixin.py:190} INFO - [2024-11-25T08:52:05.198+0000] {dagbag.py:588} INFO - Filling up the DagBag from /home/airflow/.local/lib/python3.12/site-packages/airflow/example_dags/example_bash_operator.py
[2024-11-25T08:52:05.214+0000] {processor.py:925} INFO - DAG(s) 'example_bash_operator' retrieved from /home/airflow/.local/lib/python3.12/site-packages/airflow/example_dags/example_bash_operator.py
[2024-11-25T08:52:05.254+0000] {logging_mixin.py:190} INFO - [2024-11-25T08:52:05.253+0000] {dag.py:3239} INFO - Sync 1 DAGs
[2024-11-25T08:52:05.285+0000] {logging_mixin.py:190} INFO - [2024-11-25T08:52:05.285+0000] {dag.py:4180} INFO - Setting next_dagrun for example_bash_operator to 2024-11-24 00:00:00+00:00, run_after=2024-11-25 00:00:00+00:00
[2024-11-25T08:52:05.306+0000] {processor.py:208} INFO - Processing /home/airflow/.local/lib/python3.12/site-packages/airflow/example_dags/example_bash_operator.py took 0.119 seconds
[2024-11-25T08:52:35.578+0000] {processor.py:186} INFO - Started process (PID=6753) to work on /home/airflow/.local/lib/python3.12/site-packages/airflow/example_dags/example_bash_operator.py
[2024-11-25T08:52:35.580+0000] {processor.py:914} INFO - Processing file /home/airflow/.local/lib/python3.12/site-packages/airflow/example_dags/example_bash_operator.py for tasks to queue
[2024-11-25T08:52:35.583+0000] {logging_mixin.py:190} INFO - [2024-11-25T08:52:35.583+0000] {dagbag.py:588} INFO - Filling up the DagBag from /home/airflow/.local/lib/python3.12/site-packages/airflow/example_dags/example_bash_operator.py
[2024-11-25T08:52:35.599+0000] {processor.py:925} INFO - DAG(s) 'example_bash_operator' retrieved from /home/airflow/.local/lib/python3.12/site-packages/airflow/example_dags/example_bash_operator.py
[2024-11-25T08:52:35.642+0000] {logging_mixin.py:190} INFO - [2024-11-25T08:52:35.641+0000] {dag.py:3239} INFO - Sync 1 DAGs
[2024-11-25T08:52:35.668+0000] {logging_mixin.py:190} INFO - [2024-11-25T08:52:35.668+0000] {dag.py:4180} INFO - Setting next_dagrun for example_bash_operator to 2024-11-24 00:00:00+00:00, run_after=2024-11-25 00:00:00+00:00
[2024-11-25T08:52:35.690+0000] {processor.py:208} INFO - Processing /home/airflow/.local/lib/python3.12/site-packages/airflow/example_dags/example_bash_operator.py took 0.120 seconds
[2024-11-25T08:53:05.950+0000] {processor.py:186} INFO - Started process (PID=7049) to work on /home/airflow/.local/lib/python3.12/site-packages/airflow/example_dags/example_bash_operator.py
[2024-11-25T08:53:05.952+0000] {processor.py:914} INFO - Processing file /home/airflow/.local/lib/python3.12/site-packages/airflow/example_dags/example_bash_operator.py for tasks to queue
[2024-11-25T08:53:05.955+0000] {logging_mixin.py:190} INFO - [2024-11-25T08:53:05.955+0000] {dagbag.py:588} INFO - Filling up the DagBag from /home/airflow/.local/lib/python3.12/site-packages/airflow/example_dags/example_bash_operator.py
[2024-11-25T08:53:05.969+0000] {processor.py:925} INFO - DAG(s) 'example_bash_operator' retrieved from /home/airflow/.local/lib/python3.12/site-packages/airflow/example_dags/example_bash_operator.py
[2024-11-25T08:53:06.003+0000] {logging_mixin.py:190} INFO - [2024-11-25T08:53:06.003+0000] {dag.py:3239} INFO - Sync 1 DAGs
[2024-11-25T08:53:06.035+0000] {logging_mixin.py:190} INFO - [2024-11-25T08:53:06.035+0000] {dag.py:4180} INFO - Setting next_dagrun for example_bash_operator to 2024-11-24 00:00:00+00:00, run_after=2024-11-25 00:00:00+00:00
[2024-11-25T08:53:06.061+0000] {processor.py:208} INFO - Processing /home/airflow/.local/lib/python3.12/site-packages/airflow/example_dags/example_bash_operator.py took 0.119 seconds
[2024-11-25T08:53:36.420+0000] {processor.py:186} INFO - Started process (PID=7350) to work on /home/airflow/.local/lib/python3.12/site-packages/airflow/example_dags/example_bash_operator.py
[2024-11-25T08:53:36.421+0000] {processor.py:914} INFO - Processing file /home/airflow/.local/lib/python3.12/site-packages/airflow/example_dags/example_bash_operator.py for tasks to queue
[2024-11-25T08:53:36.425+0000] {logging_mixin.py:190} INFO - [2024-11-25T08:53:36.425+0000] {dagbag.py:588} INFO - Filling up the DagBag from /home/airflow/.local/lib/python3.12/site-packages/airflow/example_dags/example_bash_operator.py
[2024-11-25T08:53:36.446+0000] {processor.py:925} INFO - DAG(s) 'example_bash_operator' retrieved from /home/airflow/.local/lib/python3.12/site-packages/airflow/example_dags/example_bash_operator.py
[2024-11-25T08:53:36.480+0000] {logging_mixin.py:190} INFO - [2024-11-25T08:53:36.480+0000] {dag.py:3239} INFO - Sync 1 DAGs
[2024-11-25T08:53:36.509+0000] {logging_mixin.py:190} INFO - [2024-11-25T08:53:36.509+0000] {dag.py:4180} INFO - Setting next_dagrun for example_bash_operator to 2024-11-24 00:00:00+00:00, run_after=2024-11-25 00:00:00+00:00
[2024-11-25T08:53:36.536+0000] {processor.py:208} INFO - Processing /home/airflow/.local/lib/python3.12/site-packages/airflow/example_dags/example_bash_operator.py took 0.123 seconds
[2024-11-25T08:54:06.721+0000] {processor.py:186} INFO - Started process (PID=7651) to work on /home/airflow/.local/lib/python3.12/site-packages/airflow/example_dags/example_bash_operator.py
[2024-11-25T08:54:06.722+0000] {processor.py:914} INFO - Processing file /home/airflow/.local/lib/python3.12/site-packages/airflow/example_dags/example_bash_operator.py for tasks to queue
[2024-11-25T08:54:06.725+0000] {logging_mixin.py:190} INFO - [2024-11-25T08:54:06.724+0000] {dagbag.py:588} INFO - Filling up the DagBag from /home/airflow/.local/lib/python3.12/site-packages/airflow/example_dags/example_bash_operator.py
[2024-11-25T08:54:06.738+0000] {processor.py:925} INFO - DAG(s) 'example_bash_operator' retrieved from /home/airflow/.local/lib/python3.12/site-packages/airflow/example_dags/example_bash_operator.py
[2024-11-25T08:54:06.775+0000] {logging_mixin.py:190} INFO - [2024-11-25T08:54:06.775+0000] {dag.py:3239} INFO - Sync 1 DAGs
[2024-11-25T08:54:06.801+0000] {logging_mixin.py:190} INFO - [2024-11-25T08:54:06.801+0000] {dag.py:4180} INFO - Setting next_dagrun for example_bash_operator to 2024-11-24 00:00:00+00:00, run_after=2024-11-25 00:00:00+00:00
[2024-11-25T08:54:06.828+0000] {processor.py:208} INFO - Processing /home/airflow/.local/lib/python3.12/site-packages/airflow/example_dags/example_bash_operator.py took 0.112 seconds
[2024-11-25T08:54:37.322+0000] {processor.py:186} INFO - Started process (PID=7952) to work on /home/airflow/.local/lib/python3.12/site-packages/airflow/example_dags/example_bash_operator.py
[2024-11-25T08:54:37.324+0000] {processor.py:914} INFO - Processing file /home/airflow/.local/lib/python3.12/site-packages/airflow/example_dags/example_bash_operator.py for tasks to queue
[2024-11-25T08:54:37.327+0000] {logging_mixin.py:190} INFO - [2024-11-25T08:54:37.327+0000] {dagbag.py:588} INFO - Filling up the DagBag from /home/airflow/.local/lib/python3.12/site-packages/airflow/example_dags/example_bash_operator.py
[2024-11-25T08:54:37.349+0000] {processor.py:925} INFO - DAG(s) 'example_bash_operator' retrieved from /home/airflow/.local/lib/python3.12/site-packages/airflow/example_dags/example_bash_operator.py
[2024-11-25T08:54:37.397+0000] {logging_mixin.py:190} INFO - [2024-11-25T08:54:37.397+0000] {dag.py:3239} INFO - Sync 1 DAGs
[2024-11-25T08:54:37.431+0000] {logging_mixin.py:190} INFO - [2024-11-25T08:54:37.431+0000] {dag.py:4180} INFO - Setting next_dagrun for example_bash_operator to 2024-11-24 00:00:00+00:00, run_after=2024-11-25 00:00:00+00:00
[2024-11-25T08:54:37.451+0000] {processor.py:208} INFO - Processing /home/airflow/.local/lib/python3.12/site-packages/airflow/example_dags/example_bash_operator.py took 0.139 seconds
[2024-11-25T08:55:07.883+0000] {processor.py:186} INFO - Started process (PID=8253) to work on /home/airflow/.local/lib/python3.12/site-packages/airflow/example_dags/example_bash_operator.py
[2024-11-25T08:55:07.884+0000] {processor.py:914} INFO - Processing file /home/airflow/.local/lib/python3.12/site-packages/airflow/example_dags/example_bash_operator.py for tasks to queue
[2024-11-25T08:55:07.888+0000] {logging_mixin.py:190} INFO - [2024-11-25T08:55:07.887+0000] {dagbag.py:588} INFO - Filling up the DagBag from /home/airflow/.local/lib/python3.12/site-packages/airflow/example_dags/example_bash_operator.py
[2024-11-25T08:55:07.909+0000] {processor.py:925} INFO - DAG(s) 'example_bash_operator' retrieved from /home/airflow/.local/lib/python3.12/site-packages/airflow/example_dags/example_bash_operator.py
[2024-11-25T08:55:07.987+0000] {logging_mixin.py:190} INFO - [2024-11-25T08:55:07.985+0000] {dag.py:3239} INFO - Sync 1 DAGs
[2024-11-25T08:55:08.086+0000] {logging_mixin.py:190} INFO - [2024-11-25T08:55:08.086+0000] {dag.py:4180} INFO - Setting next_dagrun for example_bash_operator to 2024-11-24 00:00:00+00:00, run_after=2024-11-25 00:00:00+00:00
[2024-11-25T08:55:08.153+0000] {processor.py:208} INFO - Processing /home/airflow/.local/lib/python3.12/site-packages/airflow/example_dags/example_bash_operator.py took 0.281 seconds
[2024-11-25T08:55:38.349+0000] {processor.py:186} INFO - Started process (PID=8555) to work on /home/airflow/.local/lib/python3.12/site-packages/airflow/example_dags/example_bash_operator.py
[2024-11-25T08:55:38.352+0000] {processor.py:914} INFO - Processing file /home/airflow/.local/lib/python3.12/site-packages/airflow/example_dags/example_bash_operator.py for tasks to queue
[2024-11-25T08:55:38.361+0000] {logging_mixin.py:190} INFO - [2024-11-25T08:55:38.358+0000] {dagbag.py:588} INFO - Filling up the DagBag from /home/airflow/.local/lib/python3.12/site-packages/airflow/example_dags/example_bash_operator.py
[2024-11-25T08:55:38.402+0000] {processor.py:925} INFO - DAG(s) 'example_bash_operator' retrieved from /home/airflow/.local/lib/python3.12/site-packages/airflow/example_dags/example_bash_operator.py
[2024-11-25T08:55:38.459+0000] {logging_mixin.py:190} INFO - [2024-11-25T08:55:38.459+0000] {dag.py:3239} INFO - Sync 1 DAGs
[2024-11-25T08:55:38.510+0000] {logging_mixin.py:190} INFO - [2024-11-25T08:55:38.510+0000] {dag.py:4180} INFO - Setting next_dagrun for example_bash_operator to 2024-11-24 00:00:00+00:00, run_after=2024-11-25 00:00:00+00:00
[2024-11-25T08:55:38.548+0000] {processor.py:208} INFO - Processing /home/airflow/.local/lib/python3.12/site-packages/airflow/example_dags/example_bash_operator.py took 0.215 seconds
[2024-11-25T08:56:09.196+0000] {processor.py:186} INFO - Started process (PID=8857) to work on /home/airflow/.local/lib/python3.12/site-packages/airflow/example_dags/example_bash_operator.py
[2024-11-25T08:56:09.197+0000] {processor.py:914} INFO - Processing file /home/airflow/.local/lib/python3.12/site-packages/airflow/example_dags/example_bash_operator.py for tasks to queue
[2024-11-25T08:56:09.201+0000] {logging_mixin.py:190} INFO - [2024-11-25T08:56:09.200+0000] {dagbag.py:588} INFO - Filling up the DagBag from /home/airflow/.local/lib/python3.12/site-packages/airflow/example_dags/example_bash_operator.py
[2024-11-25T08:56:09.215+0000] {processor.py:925} INFO - DAG(s) 'example_bash_operator' retrieved from /home/airflow/.local/lib/python3.12/site-packages/airflow/example_dags/example_bash_operator.py
[2024-11-25T08:56:09.247+0000] {logging_mixin.py:190} INFO - [2024-11-25T08:56:09.246+0000] {dag.py:3239} INFO - Sync 1 DAGs
[2024-11-25T08:56:09.275+0000] {logging_mixin.py:190} INFO - [2024-11-25T08:56:09.275+0000] {dag.py:4180} INFO - Setting next_dagrun for example_bash_operator to 2024-11-24 00:00:00+00:00, run_after=2024-11-25 00:00:00+00:00
[2024-11-25T08:56:09.299+0000] {processor.py:208} INFO - Processing /home/airflow/.local/lib/python3.12/site-packages/airflow/example_dags/example_bash_operator.py took 0.110 seconds
[2024-11-25T08:56:39.509+0000] {processor.py:186} INFO - Started process (PID=9158) to work on /home/airflow/.local/lib/python3.12/site-packages/airflow/example_dags/example_bash_operator.py
[2024-11-25T08:56:39.511+0000] {processor.py:914} INFO - Processing file /home/airflow/.local/lib/python3.12/site-packages/airflow/example_dags/example_bash_operator.py for tasks to queue
[2024-11-25T08:56:39.513+0000] {logging_mixin.py:190} INFO - [2024-11-25T08:56:39.513+0000] {dagbag.py:588} INFO - Filling up the DagBag from /home/airflow/.local/lib/python3.12/site-packages/airflow/example_dags/example_bash_operator.py
[2024-11-25T08:56:39.531+0000] {processor.py:925} INFO - DAG(s) 'example_bash_operator' retrieved from /home/airflow/.local/lib/python3.12/site-packages/airflow/example_dags/example_bash_operator.py
[2024-11-25T08:56:39.564+0000] {logging_mixin.py:190} INFO - [2024-11-25T08:56:39.564+0000] {dag.py:3239} INFO - Sync 1 DAGs
[2024-11-25T08:56:39.589+0000] {logging_mixin.py:190} INFO - [2024-11-25T08:56:39.589+0000] {dag.py:4180} INFO - Setting next_dagrun for example_bash_operator to 2024-11-24 00:00:00+00:00, run_after=2024-11-25 00:00:00+00:00
[2024-11-25T08:56:39.615+0000] {processor.py:208} INFO - Processing /home/airflow/.local/lib/python3.12/site-packages/airflow/example_dags/example_bash_operator.py took 0.115 seconds
[2024-11-25T08:57:09.747+0000] {processor.py:186} INFO - Started process (PID=9459) to work on /home/airflow/.local/lib/python3.12/site-packages/airflow/example_dags/example_bash_operator.py
[2024-11-25T08:57:09.748+0000] {processor.py:914} INFO - Processing file /home/airflow/.local/lib/python3.12/site-packages/airflow/example_dags/example_bash_operator.py for tasks to queue
[2024-11-25T08:57:09.751+0000] {logging_mixin.py:190} INFO - [2024-11-25T08:57:09.751+0000] {dagbag.py:588} INFO - Filling up the DagBag from /home/airflow/.local/lib/python3.12/site-packages/airflow/example_dags/example_bash_operator.py
[2024-11-25T08:57:09.773+0000] {processor.py:925} INFO - DAG(s) 'example_bash_operator' retrieved from /home/airflow/.local/lib/python3.12/site-packages/airflow/example_dags/example_bash_operator.py
[2024-11-25T08:57:09.806+0000] {logging_mixin.py:190} INFO - [2024-11-25T08:57:09.805+0000] {dag.py:3239} INFO - Sync 1 DAGs
[2024-11-25T08:57:09.836+0000] {logging_mixin.py:190} INFO - [2024-11-25T08:57:09.835+0000] {dag.py:4180} INFO - Setting next_dagrun for example_bash_operator to 2024-11-24 00:00:00+00:00, run_after=2024-11-25 00:00:00+00:00
[2024-11-25T08:57:09.856+0000] {processor.py:208} INFO - Processing /home/airflow/.local/lib/python3.12/site-packages/airflow/example_dags/example_bash_operator.py took 0.116 seconds
[2024-11-25T08:57:40.017+0000] {processor.py:186} INFO - Started process (PID=9760) to work on /home/airflow/.local/lib/python3.12/site-packages/airflow/example_dags/example_bash_operator.py
[2024-11-25T08:57:40.019+0000] {processor.py:914} INFO - Processing file /home/airflow/.local/lib/python3.12/site-packages/airflow/example_dags/example_bash_operator.py for tasks to queue
[2024-11-25T08:57:40.022+0000] {logging_mixin.py:190} INFO - [2024-11-25T08:57:40.022+0000] {dagbag.py:588} INFO - Filling up the DagBag from /home/airflow/.local/lib/python3.12/site-packages/airflow/example_dags/example_bash_operator.py
[2024-11-25T08:57:40.036+0000] {processor.py:925} INFO - DAG(s) 'example_bash_operator' retrieved from /home/airflow/.local/lib/python3.12/site-packages/airflow/example_dags/example_bash_operator.py
[2024-11-25T08:57:40.076+0000] {logging_mixin.py:190} INFO - [2024-11-25T08:57:40.076+0000] {dag.py:3239} INFO - Sync 1 DAGs
[2024-11-25T08:57:40.104+0000] {logging_mixin.py:190} INFO - [2024-11-25T08:57:40.103+0000] {dag.py:4180} INFO - Setting next_dagrun for example_bash_operator to 2024-11-24 00:00:00+00:00, run_after=2024-11-25 00:00:00+00:00
[2024-11-25T08:57:40.126+0000] {processor.py:208} INFO - Processing /home/airflow/.local/lib/python3.12/site-packages/airflow/example_dags/example_bash_operator.py took 0.114 seconds
[2024-11-25T08:58:10.396+0000] {processor.py:186} INFO - Started process (PID=10061) to work on /home/airflow/.local/lib/python3.12/site-packages/airflow/example_dags/example_bash_operator.py
[2024-11-25T08:58:10.397+0000] {processor.py:914} INFO - Processing file /home/airflow/.local/lib/python3.12/site-packages/airflow/example_dags/example_bash_operator.py for tasks to queue
[2024-11-25T08:58:10.400+0000] {logging_mixin.py:190} INFO - [2024-11-25T08:58:10.400+0000] {dagbag.py:588} INFO - Filling up the DagBag from /home/airflow/.local/lib/python3.12/site-packages/airflow/example_dags/example_bash_operator.py
[2024-11-25T08:58:10.412+0000] {processor.py:925} INFO - DAG(s) 'example_bash_operator' retrieved from /home/airflow/.local/lib/python3.12/site-packages/airflow/example_dags/example_bash_operator.py
[2024-11-25T08:58:10.444+0000] {logging_mixin.py:190} INFO - [2024-11-25T08:58:10.444+0000] {dag.py:3239} INFO - Sync 1 DAGs
[2024-11-25T08:58:10.476+0000] {logging_mixin.py:190} INFO - [2024-11-25T08:58:10.476+0000] {dag.py:4180} INFO - Setting next_dagrun for example_bash_operator to 2024-11-24 00:00:00+00:00, run_after=2024-11-25 00:00:00+00:00
[2024-11-25T08:58:10.503+0000] {processor.py:208} INFO - Processing /home/airflow/.local/lib/python3.12/site-packages/airflow/example_dags/example_bash_operator.py took 0.112 seconds
[2024-11-25T08:58:40.761+0000] {processor.py:186} INFO - Started process (PID=10362) to work on /home/airflow/.local/lib/python3.12/site-packages/airflow/example_dags/example_bash_operator.py
[2024-11-25T08:58:40.763+0000] {processor.py:914} INFO - Processing file /home/airflow/.local/lib/python3.12/site-packages/airflow/example_dags/example_bash_operator.py for tasks to queue
[2024-11-25T08:58:40.769+0000] {logging_mixin.py:190} INFO - [2024-11-25T08:58:40.769+0000] {dagbag.py:588} INFO - Filling up the DagBag from /home/airflow/.local/lib/python3.12/site-packages/airflow/example_dags/example_bash_operator.py
[2024-11-25T08:58:40.793+0000] {processor.py:925} INFO - DAG(s) 'example_bash_operator' retrieved from /home/airflow/.local/lib/python3.12/site-packages/airflow/example_dags/example_bash_operator.py
[2024-11-25T08:58:40.833+0000] {logging_mixin.py:190} INFO - [2024-11-25T08:58:40.833+0000] {dag.py:3239} INFO - Sync 1 DAGs
[2024-11-25T08:58:40.866+0000] {logging_mixin.py:190} INFO - [2024-11-25T08:58:40.866+0000] {dag.py:4180} INFO - Setting next_dagrun for example_bash_operator to 2024-11-24 00:00:00+00:00, run_after=2024-11-25 00:00:00+00:00
[2024-11-25T08:58:40.903+0000] {processor.py:208} INFO - Processing /home/airflow/.local/lib/python3.12/site-packages/airflow/example_dags/example_bash_operator.py took 0.149 seconds
[2024-11-25T08:59:11.126+0000] {processor.py:186} INFO - Started process (PID=10663) to work on /home/airflow/.local/lib/python3.12/site-packages/airflow/example_dags/example_bash_operator.py
[2024-11-25T08:59:11.127+0000] {processor.py:914} INFO - Processing file /home/airflow/.local/lib/python3.12/site-packages/airflow/example_dags/example_bash_operator.py for tasks to queue
[2024-11-25T08:59:11.131+0000] {logging_mixin.py:190} INFO - [2024-11-25T08:59:11.130+0000] {dagbag.py:588} INFO - Filling up the DagBag from /home/airflow/.local/lib/python3.12/site-packages/airflow/example_dags/example_bash_operator.py
[2024-11-25T08:59:11.150+0000] {processor.py:925} INFO - DAG(s) 'example_bash_operator' retrieved from /home/airflow/.local/lib/python3.12/site-packages/airflow/example_dags/example_bash_operator.py
[2024-11-25T08:59:11.186+0000] {logging_mixin.py:190} INFO - [2024-11-25T08:59:11.186+0000] {dag.py:3239} INFO - Sync 1 DAGs
[2024-11-25T08:59:11.216+0000] {logging_mixin.py:190} INFO - [2024-11-25T08:59:11.216+0000] {dag.py:4180} INFO - Setting next_dagrun for example_bash_operator to 2024-11-24 00:00:00+00:00, run_after=2024-11-25 00:00:00+00:00
[2024-11-25T08:59:11.237+0000] {processor.py:208} INFO - Processing /home/airflow/.local/lib/python3.12/site-packages/airflow/example_dags/example_bash_operator.py took 0.117 seconds
[2024-11-25T08:59:41.733+0000] {processor.py:186} INFO - Started process (PID=10964) to work on /home/airflow/.local/lib/python3.12/site-packages/airflow/example_dags/example_bash_operator.py
[2024-11-25T08:59:41.735+0000] {processor.py:914} INFO - Processing file /home/airflow/.local/lib/python3.12/site-packages/airflow/example_dags/example_bash_operator.py for tasks to queue
[2024-11-25T08:59:41.740+0000] {logging_mixin.py:190} INFO - [2024-11-25T08:59:41.739+0000] {dagbag.py:588} INFO - Filling up the DagBag from /home/airflow/.local/lib/python3.12/site-packages/airflow/example_dags/example_bash_operator.py
[2024-11-25T08:59:41.770+0000] {processor.py:925} INFO - DAG(s) 'example_bash_operator' retrieved from /home/airflow/.local/lib/python3.12/site-packages/airflow/example_dags/example_bash_operator.py
[2024-11-25T08:59:41.823+0000] {logging_mixin.py:190} INFO - [2024-11-25T08:59:41.823+0000] {dag.py:3239} INFO - Sync 1 DAGs
[2024-11-25T08:59:41.872+0000] {logging_mixin.py:190} INFO - [2024-11-25T08:59:41.871+0000] {dag.py:4180} INFO - Setting next_dagrun for example_bash_operator to 2024-11-24 00:00:00+00:00, run_after=2024-11-25 00:00:00+00:00
[2024-11-25T08:59:41.915+0000] {processor.py:208} INFO - Processing /home/airflow/.local/lib/python3.12/site-packages/airflow/example_dags/example_bash_operator.py took 0.190 seconds
[2024-11-25T09:00:12.117+0000] {processor.py:186} INFO - Started process (PID=11267) to work on /home/airflow/.local/lib/python3.12/site-packages/airflow/example_dags/example_bash_operator.py
[2024-11-25T09:00:12.118+0000] {processor.py:914} INFO - Processing file /home/airflow/.local/lib/python3.12/site-packages/airflow/example_dags/example_bash_operator.py for tasks to queue
[2024-11-25T09:00:12.120+0000] {logging_mixin.py:190} INFO - [2024-11-25T09:00:12.120+0000] {dagbag.py:588} INFO - Filling up the DagBag from /home/airflow/.local/lib/python3.12/site-packages/airflow/example_dags/example_bash_operator.py
[2024-11-25T09:00:12.132+0000] {processor.py:925} INFO - DAG(s) 'example_bash_operator' retrieved from /home/airflow/.local/lib/python3.12/site-packages/airflow/example_dags/example_bash_operator.py
[2024-11-25T09:00:12.160+0000] {logging_mixin.py:190} INFO - [2024-11-25T09:00:12.160+0000] {dag.py:3239} INFO - Sync 1 DAGs
[2024-11-25T09:00:12.187+0000] {logging_mixin.py:190} INFO - [2024-11-25T09:00:12.187+0000] {dag.py:4180} INFO - Setting next_dagrun for example_bash_operator to 2024-11-24 00:00:00+00:00, run_after=2024-11-25 00:00:00+00:00
[2024-11-25T09:00:12.206+0000] {processor.py:208} INFO - Processing /home/airflow/.local/lib/python3.12/site-packages/airflow/example_dags/example_bash_operator.py took 0.094 seconds
[2024-11-25T09:00:42.695+0000] {processor.py:186} INFO - Started process (PID=11566) to work on /home/airflow/.local/lib/python3.12/site-packages/airflow/example_dags/example_bash_operator.py
[2024-11-25T09:00:42.696+0000] {processor.py:914} INFO - Processing file /home/airflow/.local/lib/python3.12/site-packages/airflow/example_dags/example_bash_operator.py for tasks to queue
[2024-11-25T09:00:42.699+0000] {logging_mixin.py:190} INFO - [2024-11-25T09:00:42.699+0000] {dagbag.py:588} INFO - Filling up the DagBag from /home/airflow/.local/lib/python3.12/site-packages/airflow/example_dags/example_bash_operator.py
[2024-11-25T09:00:42.715+0000] {processor.py:925} INFO - DAG(s) 'example_bash_operator' retrieved from /home/airflow/.local/lib/python3.12/site-packages/airflow/example_dags/example_bash_operator.py
[2024-11-25T09:00:42.750+0000] {logging_mixin.py:190} INFO - [2024-11-25T09:00:42.749+0000] {dag.py:3239} INFO - Sync 1 DAGs
[2024-11-25T09:00:42.781+0000] {logging_mixin.py:190} INFO - [2024-11-25T09:00:42.781+0000] {dag.py:4180} INFO - Setting next_dagrun for example_bash_operator to 2024-11-24 00:00:00+00:00, run_after=2024-11-25 00:00:00+00:00
[2024-11-25T09:00:42.807+0000] {processor.py:208} INFO - Processing /home/airflow/.local/lib/python3.12/site-packages/airflow/example_dags/example_bash_operator.py took 0.119 seconds
[2024-11-25T09:01:13.123+0000] {processor.py:186} INFO - Started process (PID=11867) to work on /home/airflow/.local/lib/python3.12/site-packages/airflow/example_dags/example_bash_operator.py
[2024-11-25T09:01:13.125+0000] {processor.py:914} INFO - Processing file /home/airflow/.local/lib/python3.12/site-packages/airflow/example_dags/example_bash_operator.py for tasks to queue
[2024-11-25T09:01:13.128+0000] {logging_mixin.py:190} INFO - [2024-11-25T09:01:13.128+0000] {dagbag.py:588} INFO - Filling up the DagBag from /home/airflow/.local/lib/python3.12/site-packages/airflow/example_dags/example_bash_operator.py
[2024-11-25T09:01:13.143+0000] {processor.py:925} INFO - DAG(s) 'example_bash_operator' retrieved from /home/airflow/.local/lib/python3.12/site-packages/airflow/example_dags/example_bash_operator.py
[2024-11-25T09:01:13.185+0000] {logging_mixin.py:190} INFO - [2024-11-25T09:01:13.185+0000] {dag.py:3239} INFO - Sync 1 DAGs
[2024-11-25T09:01:13.230+0000] {logging_mixin.py:190} INFO - [2024-11-25T09:01:13.229+0000] {dag.py:4180} INFO - Setting next_dagrun for example_bash_operator to 2024-11-24 00:00:00+00:00, run_after=2024-11-25 00:00:00+00:00
[2024-11-25T09:01:13.277+0000] {processor.py:208} INFO - Processing /home/airflow/.local/lib/python3.12/site-packages/airflow/example_dags/example_bash_operator.py took 0.160 seconds
[2024-11-25T09:01:43.476+0000] {processor.py:186} INFO - Started process (PID=12168) to work on /home/airflow/.local/lib/python3.12/site-packages/airflow/example_dags/example_bash_operator.py
[2024-11-25T09:01:43.477+0000] {processor.py:914} INFO - Processing file /home/airflow/.local/lib/python3.12/site-packages/airflow/example_dags/example_bash_operator.py for tasks to queue
[2024-11-25T09:01:43.481+0000] {logging_mixin.py:190} INFO - [2024-11-25T09:01:43.480+0000] {dagbag.py:588} INFO - Filling up the DagBag from /home/airflow/.local/lib/python3.12/site-packages/airflow/example_dags/example_bash_operator.py
[2024-11-25T09:01:43.495+0000] {processor.py:925} INFO - DAG(s) 'example_bash_operator' retrieved from /home/airflow/.local/lib/python3.12/site-packages/airflow/example_dags/example_bash_operator.py
[2024-11-25T09:01:43.525+0000] {logging_mixin.py:190} INFO - [2024-11-25T09:01:43.525+0000] {dag.py:3239} INFO - Sync 1 DAGs
[2024-11-25T09:01:43.553+0000] {logging_mixin.py:190} INFO - [2024-11-25T09:01:43.553+0000] {dag.py:4180} INFO - Setting next_dagrun for example_bash_operator to 2024-11-24 00:00:00+00:00, run_after=2024-11-25 00:00:00+00:00
[2024-11-25T09:01:43.574+0000] {processor.py:208} INFO - Processing /home/airflow/.local/lib/python3.12/site-packages/airflow/example_dags/example_bash_operator.py took 0.104 seconds
[2024-11-25T09:02:13.840+0000] {processor.py:186} INFO - Started process (PID=12470) to work on /home/airflow/.local/lib/python3.12/site-packages/airflow/example_dags/example_bash_operator.py
[2024-11-25T09:02:13.841+0000] {processor.py:914} INFO - Processing file /home/airflow/.local/lib/python3.12/site-packages/airflow/example_dags/example_bash_operator.py for tasks to queue
[2024-11-25T09:02:13.843+0000] {logging_mixin.py:190} INFO - [2024-11-25T09:02:13.843+0000] {dagbag.py:588} INFO - Filling up the DagBag from /home/airflow/.local/lib/python3.12/site-packages/airflow/example_dags/example_bash_operator.py
[2024-11-25T09:02:13.857+0000] {processor.py:925} INFO - DAG(s) 'example_bash_operator' retrieved from /home/airflow/.local/lib/python3.12/site-packages/airflow/example_dags/example_bash_operator.py
[2024-11-25T09:02:13.888+0000] {logging_mixin.py:190} INFO - [2024-11-25T09:02:13.887+0000] {dag.py:3239} INFO - Sync 1 DAGs
[2024-11-25T09:02:13.914+0000] {logging_mixin.py:190} INFO - [2024-11-25T09:02:13.913+0000] {dag.py:4180} INFO - Setting next_dagrun for example_bash_operator to 2024-11-24 00:00:00+00:00, run_after=2024-11-25 00:00:00+00:00
[2024-11-25T09:02:13.941+0000] {processor.py:208} INFO - Processing /home/airflow/.local/lib/python3.12/site-packages/airflow/example_dags/example_bash_operator.py took 0.108 seconds
[2024-11-25T09:02:44.396+0000] {processor.py:186} INFO - Started process (PID=12771) to work on /home/airflow/.local/lib/python3.12/site-packages/airflow/example_dags/example_bash_operator.py
[2024-11-25T09:02:44.397+0000] {processor.py:914} INFO - Processing file /home/airflow/.local/lib/python3.12/site-packages/airflow/example_dags/example_bash_operator.py for tasks to queue
[2024-11-25T09:02:44.400+0000] {logging_mixin.py:190} INFO - [2024-11-25T09:02:44.399+0000] {dagbag.py:588} INFO - Filling up the DagBag from /home/airflow/.local/lib/python3.12/site-packages/airflow/example_dags/example_bash_operator.py
[2024-11-25T09:02:44.414+0000] {processor.py:925} INFO - DAG(s) 'example_bash_operator' retrieved from /home/airflow/.local/lib/python3.12/site-packages/airflow/example_dags/example_bash_operator.py
[2024-11-25T09:02:44.454+0000] {logging_mixin.py:190} INFO - [2024-11-25T09:02:44.454+0000] {dag.py:3239} INFO - Sync 1 DAGs
[2024-11-25T09:02:44.497+0000] {logging_mixin.py:190} INFO - [2024-11-25T09:02:44.497+0000] {dag.py:4180} INFO - Setting next_dagrun for example_bash_operator to 2024-11-24 00:00:00+00:00, run_after=2024-11-25 00:00:00+00:00
[2024-11-25T09:02:44.532+0000] {processor.py:208} INFO - Processing /home/airflow/.local/lib/python3.12/site-packages/airflow/example_dags/example_bash_operator.py took 0.142 seconds
[2024-11-25T09:03:14.667+0000] {processor.py:186} INFO - Started process (PID=13068) to work on /home/airflow/.local/lib/python3.12/site-packages/airflow/example_dags/example_bash_operator.py
[2024-11-25T09:03:14.669+0000] {processor.py:914} INFO - Processing file /home/airflow/.local/lib/python3.12/site-packages/airflow/example_dags/example_bash_operator.py for tasks to queue
[2024-11-25T09:03:14.673+0000] {logging_mixin.py:190} INFO - [2024-11-25T09:03:14.673+0000] {dagbag.py:588} INFO - Filling up the DagBag from /home/airflow/.local/lib/python3.12/site-packages/airflow/example_dags/example_bash_operator.py
[2024-11-25T09:03:14.694+0000] {processor.py:925} INFO - DAG(s) 'example_bash_operator' retrieved from /home/airflow/.local/lib/python3.12/site-packages/airflow/example_dags/example_bash_operator.py
[2024-11-25T09:03:14.731+0000] {logging_mixin.py:190} INFO - [2024-11-25T09:03:14.731+0000] {dag.py:3239} INFO - Sync 1 DAGs
[2024-11-25T09:03:14.772+0000] {logging_mixin.py:190} INFO - [2024-11-25T09:03:14.771+0000] {dag.py:4180} INFO - Setting next_dagrun for example_bash_operator to 2024-11-24 00:00:00+00:00, run_after=2024-11-25 00:00:00+00:00
[2024-11-25T09:03:14.802+0000] {processor.py:208} INFO - Processing /home/airflow/.local/lib/python3.12/site-packages/airflow/example_dags/example_bash_operator.py took 0.145 seconds
[2024-11-25T09:03:45.002+0000] {processor.py:186} INFO - Started process (PID=13369) to work on /home/airflow/.local/lib/python3.12/site-packages/airflow/example_dags/example_bash_operator.py
[2024-11-25T09:03:45.003+0000] {processor.py:914} INFO - Processing file /home/airflow/.local/lib/python3.12/site-packages/airflow/example_dags/example_bash_operator.py for tasks to queue
[2024-11-25T09:03:45.005+0000] {logging_mixin.py:190} INFO - [2024-11-25T09:03:45.005+0000] {dagbag.py:588} INFO - Filling up the DagBag from /home/airflow/.local/lib/python3.12/site-packages/airflow/example_dags/example_bash_operator.py
[2024-11-25T09:03:45.022+0000] {processor.py:925} INFO - DAG(s) 'example_bash_operator' retrieved from /home/airflow/.local/lib/python3.12/site-packages/airflow/example_dags/example_bash_operator.py
[2024-11-25T09:03:45.054+0000] {logging_mixin.py:190} INFO - [2024-11-25T09:03:45.054+0000] {dag.py:3239} INFO - Sync 1 DAGs
[2024-11-25T09:03:45.082+0000] {logging_mixin.py:190} INFO - [2024-11-25T09:03:45.081+0000] {dag.py:4180} INFO - Setting next_dagrun for example_bash_operator to 2024-11-24 00:00:00+00:00, run_after=2024-11-25 00:00:00+00:00
[2024-11-25T09:03:45.104+0000] {processor.py:208} INFO - Processing /home/airflow/.local/lib/python3.12/site-packages/airflow/example_dags/example_bash_operator.py took 0.109 seconds
[2024-11-25T09:04:15.944+0000] {processor.py:186} INFO - Started process (PID=13670) to work on /home/airflow/.local/lib/python3.12/site-packages/airflow/example_dags/example_bash_operator.py
[2024-11-25T09:04:15.946+0000] {processor.py:914} INFO - Processing file /home/airflow/.local/lib/python3.12/site-packages/airflow/example_dags/example_bash_operator.py for tasks to queue
[2024-11-25T09:04:15.952+0000] {logging_mixin.py:190} INFO - [2024-11-25T09:04:15.951+0000] {dagbag.py:588} INFO - Filling up the DagBag from /home/airflow/.local/lib/python3.12/site-packages/airflow/example_dags/example_bash_operator.py
[2024-11-25T09:04:15.968+0000] {processor.py:925} INFO - DAG(s) 'example_bash_operator' retrieved from /home/airflow/.local/lib/python3.12/site-packages/airflow/example_dags/example_bash_operator.py
[2024-11-25T09:04:16.000+0000] {logging_mixin.py:190} INFO - [2024-11-25T09:04:16.000+0000] {dag.py:3239} INFO - Sync 1 DAGs
[2024-11-25T09:04:16.026+0000] {logging_mixin.py:190} INFO - [2024-11-25T09:04:16.026+0000] {dag.py:4180} INFO - Setting next_dagrun for example_bash_operator to 2024-11-24 00:00:00+00:00, run_after=2024-11-25 00:00:00+00:00
[2024-11-25T09:04:16.215+0000] {processor.py:208} INFO - Processing /home/airflow/.local/lib/python3.12/site-packages/airflow/example_dags/example_bash_operator.py took 0.281 seconds
[2024-11-25T09:04:47.110+0000] {processor.py:186} INFO - Started process (PID=13979) to work on /home/airflow/.local/lib/python3.12/site-packages/airflow/example_dags/example_bash_operator.py
[2024-11-25T09:04:47.111+0000] {processor.py:914} INFO - Processing file /home/airflow/.local/lib/python3.12/site-packages/airflow/example_dags/example_bash_operator.py for tasks to queue
[2024-11-25T09:04:47.115+0000] {logging_mixin.py:190} INFO - [2024-11-25T09:04:47.115+0000] {dagbag.py:588} INFO - Filling up the DagBag from /home/airflow/.local/lib/python3.12/site-packages/airflow/example_dags/example_bash_operator.py
[2024-11-25T09:04:47.153+0000] {processor.py:925} INFO - DAG(s) 'example_bash_operator' retrieved from /home/airflow/.local/lib/python3.12/site-packages/airflow/example_dags/example_bash_operator.py
[2024-11-25T09:04:47.205+0000] {logging_mixin.py:190} INFO - [2024-11-25T09:04:47.204+0000] {dag.py:3239} INFO - Sync 1 DAGs
[2024-11-25T09:04:47.245+0000] {logging_mixin.py:190} INFO - [2024-11-25T09:04:47.245+0000] {dag.py:4180} INFO - Setting next_dagrun for example_bash_operator to 2024-11-24 00:00:00+00:00, run_after=2024-11-25 00:00:00+00:00
[2024-11-25T09:04:47.511+0000] {processor.py:208} INFO - Processing /home/airflow/.local/lib/python3.12/site-packages/airflow/example_dags/example_bash_operator.py took 0.409 seconds
[2024-11-25T09:05:17.659+0000] {processor.py:186} INFO - Started process (PID=14285) to work on /home/airflow/.local/lib/python3.12/site-packages/airflow/example_dags/example_bash_operator.py
[2024-11-25T09:05:17.660+0000] {processor.py:914} INFO - Processing file /home/airflow/.local/lib/python3.12/site-packages/airflow/example_dags/example_bash_operator.py for tasks to queue
[2024-11-25T09:05:17.663+0000] {logging_mixin.py:190} INFO - [2024-11-25T09:05:17.663+0000] {dagbag.py:588} INFO - Filling up the DagBag from /home/airflow/.local/lib/python3.12/site-packages/airflow/example_dags/example_bash_operator.py
[2024-11-25T09:05:17.679+0000] {processor.py:925} INFO - DAG(s) 'example_bash_operator' retrieved from /home/airflow/.local/lib/python3.12/site-packages/airflow/example_dags/example_bash_operator.py
[2024-11-25T09:05:17.742+0000] {logging_mixin.py:190} INFO - [2024-11-25T09:05:17.741+0000] {dag.py:3239} INFO - Sync 1 DAGs
[2024-11-25T09:05:17.796+0000] {logging_mixin.py:190} INFO - [2024-11-25T09:05:17.795+0000] {dag.py:4180} INFO - Setting next_dagrun for example_bash_operator to 2024-11-24 00:00:00+00:00, run_after=2024-11-25 00:00:00+00:00
[2024-11-25T09:05:17.844+0000] {processor.py:208} INFO - Processing /home/airflow/.local/lib/python3.12/site-packages/airflow/example_dags/example_bash_operator.py took 0.191 seconds
[2024-11-25T09:05:47.902+0000] {processor.py:186} INFO - Started process (PID=14587) to work on /home/airflow/.local/lib/python3.12/site-packages/airflow/example_dags/example_bash_operator.py
[2024-11-25T09:05:47.903+0000] {processor.py:914} INFO - Processing file /home/airflow/.local/lib/python3.12/site-packages/airflow/example_dags/example_bash_operator.py for tasks to queue
[2024-11-25T09:05:47.906+0000] {logging_mixin.py:190} INFO - [2024-11-25T09:05:47.906+0000] {dagbag.py:588} INFO - Filling up the DagBag from /home/airflow/.local/lib/python3.12/site-packages/airflow/example_dags/example_bash_operator.py
[2024-11-25T09:05:47.923+0000] {processor.py:925} INFO - DAG(s) 'example_bash_operator' retrieved from /home/airflow/.local/lib/python3.12/site-packages/airflow/example_dags/example_bash_operator.py
[2024-11-25T09:05:47.954+0000] {logging_mixin.py:190} INFO - [2024-11-25T09:05:47.954+0000] {dag.py:3239} INFO - Sync 1 DAGs
[2024-11-25T09:05:47.980+0000] {logging_mixin.py:190} INFO - [2024-11-25T09:05:47.980+0000] {dag.py:4180} INFO - Setting next_dagrun for example_bash_operator to 2024-11-24 00:00:00+00:00, run_after=2024-11-25 00:00:00+00:00
[2024-11-25T09:05:48.006+0000] {processor.py:208} INFO - Processing /home/airflow/.local/lib/python3.12/site-packages/airflow/example_dags/example_bash_operator.py took 0.110 seconds
[2024-11-25T09:06:18.101+0000] {processor.py:186} INFO - Started process (PID=14881) to work on /home/airflow/.local/lib/python3.12/site-packages/airflow/example_dags/example_bash_operator.py
[2024-11-25T09:06:18.105+0000] {processor.py:914} INFO - Processing file /home/airflow/.local/lib/python3.12/site-packages/airflow/example_dags/example_bash_operator.py for tasks to queue
[2024-11-25T09:06:18.109+0000] {logging_mixin.py:190} INFO - [2024-11-25T09:06:18.108+0000] {dagbag.py:588} INFO - Filling up the DagBag from /home/airflow/.local/lib/python3.12/site-packages/airflow/example_dags/example_bash_operator.py
[2024-11-25T09:06:18.129+0000] {processor.py:925} INFO - DAG(s) 'example_bash_operator' retrieved from /home/airflow/.local/lib/python3.12/site-packages/airflow/example_dags/example_bash_operator.py
[2024-11-25T09:06:18.178+0000] {logging_mixin.py:190} INFO - [2024-11-25T09:06:18.177+0000] {dag.py:3239} INFO - Sync 1 DAGs
[2024-11-25T09:06:18.212+0000] {logging_mixin.py:190} INFO - [2024-11-25T09:06:18.212+0000] {dag.py:4180} INFO - Setting next_dagrun for example_bash_operator to 2024-11-24 00:00:00+00:00, run_after=2024-11-25 00:00:00+00:00
[2024-11-25T09:06:18.237+0000] {processor.py:208} INFO - Processing /home/airflow/.local/lib/python3.12/site-packages/airflow/example_dags/example_bash_operator.py took 0.148 seconds
[2024-11-25T09:06:48.756+0000] {processor.py:186} INFO - Started process (PID=15179) to work on /home/airflow/.local/lib/python3.12/site-packages/airflow/example_dags/example_bash_operator.py
[2024-11-25T09:06:48.757+0000] {processor.py:914} INFO - Processing file /home/airflow/.local/lib/python3.12/site-packages/airflow/example_dags/example_bash_operator.py for tasks to queue
[2024-11-25T09:06:48.759+0000] {logging_mixin.py:190} INFO - [2024-11-25T09:06:48.759+0000] {dagbag.py:588} INFO - Filling up the DagBag from /home/airflow/.local/lib/python3.12/site-packages/airflow/example_dags/example_bash_operator.py
[2024-11-25T09:06:48.775+0000] {processor.py:925} INFO - DAG(s) 'example_bash_operator' retrieved from /home/airflow/.local/lib/python3.12/site-packages/airflow/example_dags/example_bash_operator.py
[2024-11-25T09:06:48.807+0000] {logging_mixin.py:190} INFO - [2024-11-25T09:06:48.807+0000] {dag.py:3239} INFO - Sync 1 DAGs
[2024-11-25T09:06:48.830+0000] {logging_mixin.py:190} INFO - [2024-11-25T09:06:48.830+0000] {dag.py:4180} INFO - Setting next_dagrun for example_bash_operator to 2024-11-24 00:00:00+00:00, run_after=2024-11-25 00:00:00+00:00
[2024-11-25T09:06:48.851+0000] {processor.py:208} INFO - Processing /home/airflow/.local/lib/python3.12/site-packages/airflow/example_dags/example_bash_operator.py took 0.102 seconds
[2024-11-25T09:07:19.294+0000] {processor.py:186} INFO - Started process (PID=15478) to work on /home/airflow/.local/lib/python3.12/site-packages/airflow/example_dags/example_bash_operator.py
[2024-11-25T09:07:19.296+0000] {processor.py:914} INFO - Processing file /home/airflow/.local/lib/python3.12/site-packages/airflow/example_dags/example_bash_operator.py for tasks to queue
[2024-11-25T09:07:19.302+0000] {logging_mixin.py:190} INFO - [2024-11-25T09:07:19.302+0000] {dagbag.py:588} INFO - Filling up the DagBag from /home/airflow/.local/lib/python3.12/site-packages/airflow/example_dags/example_bash_operator.py
[2024-11-25T09:07:19.330+0000] {processor.py:925} INFO - DAG(s) 'example_bash_operator' retrieved from /home/airflow/.local/lib/python3.12/site-packages/airflow/example_dags/example_bash_operator.py
[2024-11-25T09:07:19.608+0000] {logging_mixin.py:190} INFO - [2024-11-25T09:07:19.608+0000] {dag.py:3239} INFO - Sync 1 DAGs
[2024-11-25T09:07:19.632+0000] {logging_mixin.py:190} INFO - [2024-11-25T09:07:19.631+0000] {dag.py:4180} INFO - Setting next_dagrun for example_bash_operator to 2024-11-24 00:00:00+00:00, run_after=2024-11-25 00:00:00+00:00
[2024-11-25T09:07:19.684+0000] {processor.py:208} INFO - Processing /home/airflow/.local/lib/python3.12/site-packages/airflow/example_dags/example_bash_operator.py took 0.401 seconds
[2024-11-25T09:07:50.197+0000] {processor.py:186} INFO - Started process (PID=15781) to work on /home/airflow/.local/lib/python3.12/site-packages/airflow/example_dags/example_bash_operator.py
[2024-11-25T09:07:50.198+0000] {processor.py:914} INFO - Processing file /home/airflow/.local/lib/python3.12/site-packages/airflow/example_dags/example_bash_operator.py for tasks to queue
[2024-11-25T09:07:50.201+0000] {logging_mixin.py:190} INFO - [2024-11-25T09:07:50.201+0000] {dagbag.py:588} INFO - Filling up the DagBag from /home/airflow/.local/lib/python3.12/site-packages/airflow/example_dags/example_bash_operator.py
[2024-11-25T09:07:50.214+0000] {processor.py:925} INFO - DAG(s) 'example_bash_operator' retrieved from /home/airflow/.local/lib/python3.12/site-packages/airflow/example_dags/example_bash_operator.py
[2024-11-25T09:07:50.246+0000] {logging_mixin.py:190} INFO - [2024-11-25T09:07:50.245+0000] {dag.py:3239} INFO - Sync 1 DAGs
[2024-11-25T09:07:50.268+0000] {logging_mixin.py:190} INFO - [2024-11-25T09:07:50.268+0000] {dag.py:4180} INFO - Setting next_dagrun for example_bash_operator to 2024-11-24 00:00:00+00:00, run_after=2024-11-25 00:00:00+00:00
[2024-11-25T09:07:50.287+0000] {processor.py:208} INFO - Processing /home/airflow/.local/lib/python3.12/site-packages/airflow/example_dags/example_bash_operator.py took 0.095 seconds
[2024-11-25T09:08:20.584+0000] {processor.py:186} INFO - Started process (PID=16082) to work on /home/airflow/.local/lib/python3.12/site-packages/airflow/example_dags/example_bash_operator.py
[2024-11-25T09:08:20.585+0000] {processor.py:914} INFO - Processing file /home/airflow/.local/lib/python3.12/site-packages/airflow/example_dags/example_bash_operator.py for tasks to queue
[2024-11-25T09:08:20.587+0000] {logging_mixin.py:190} INFO - [2024-11-25T09:08:20.587+0000] {dagbag.py:588} INFO - Filling up the DagBag from /home/airflow/.local/lib/python3.12/site-packages/airflow/example_dags/example_bash_operator.py
[2024-11-25T09:08:20.600+0000] {processor.py:925} INFO - DAG(s) 'example_bash_operator' retrieved from /home/airflow/.local/lib/python3.12/site-packages/airflow/example_dags/example_bash_operator.py
[2024-11-25T09:08:20.631+0000] {logging_mixin.py:190} INFO - [2024-11-25T09:08:20.631+0000] {dag.py:3239} INFO - Sync 1 DAGs
[2024-11-25T09:08:20.660+0000] {logging_mixin.py:190} INFO - [2024-11-25T09:08:20.660+0000] {dag.py:4180} INFO - Setting next_dagrun for example_bash_operator to 2024-11-24 00:00:00+00:00, run_after=2024-11-25 00:00:00+00:00
[2024-11-25T09:08:20.685+0000] {processor.py:208} INFO - Processing /home/airflow/.local/lib/python3.12/site-packages/airflow/example_dags/example_bash_operator.py took 0.108 seconds
[2024-11-25T09:08:51.299+0000] {processor.py:186} INFO - Started process (PID=16383) to work on /home/airflow/.local/lib/python3.12/site-packages/airflow/example_dags/example_bash_operator.py
[2024-11-25T09:08:51.300+0000] {processor.py:914} INFO - Processing file /home/airflow/.local/lib/python3.12/site-packages/airflow/example_dags/example_bash_operator.py for tasks to queue
[2024-11-25T09:08:51.302+0000] {logging_mixin.py:190} INFO - [2024-11-25T09:08:51.302+0000] {dagbag.py:588} INFO - Filling up the DagBag from /home/airflow/.local/lib/python3.12/site-packages/airflow/example_dags/example_bash_operator.py
[2024-11-25T09:08:51.315+0000] {processor.py:925} INFO - DAG(s) 'example_bash_operator' retrieved from /home/airflow/.local/lib/python3.12/site-packages/airflow/example_dags/example_bash_operator.py
[2024-11-25T09:08:51.344+0000] {logging_mixin.py:190} INFO - [2024-11-25T09:08:51.344+0000] {dag.py:3239} INFO - Sync 1 DAGs
[2024-11-25T09:08:51.368+0000] {logging_mixin.py:190} INFO - [2024-11-25T09:08:51.367+0000] {dag.py:4180} INFO - Setting next_dagrun for example_bash_operator to 2024-11-24 00:00:00+00:00, run_after=2024-11-25 00:00:00+00:00
[2024-11-25T09:08:51.386+0000] {processor.py:208} INFO - Processing /home/airflow/.local/lib/python3.12/site-packages/airflow/example_dags/example_bash_operator.py took 0.092 seconds
[2024-11-25T09:09:21.981+0000] {processor.py:186} INFO - Started process (PID=16684) to work on /home/airflow/.local/lib/python3.12/site-packages/airflow/example_dags/example_bash_operator.py
[2024-11-25T09:09:21.982+0000] {processor.py:914} INFO - Processing file /home/airflow/.local/lib/python3.12/site-packages/airflow/example_dags/example_bash_operator.py for tasks to queue
[2024-11-25T09:09:21.985+0000] {logging_mixin.py:190} INFO - [2024-11-25T09:09:21.984+0000] {dagbag.py:588} INFO - Filling up the DagBag from /home/airflow/.local/lib/python3.12/site-packages/airflow/example_dags/example_bash_operator.py
[2024-11-25T09:09:22.000+0000] {processor.py:925} INFO - DAG(s) 'example_bash_operator' retrieved from /home/airflow/.local/lib/python3.12/site-packages/airflow/example_dags/example_bash_operator.py
[2024-11-25T09:09:22.032+0000] {logging_mixin.py:190} INFO - [2024-11-25T09:09:22.031+0000] {dag.py:3239} INFO - Sync 1 DAGs
[2024-11-25T09:09:22.058+0000] {logging_mixin.py:190} INFO - [2024-11-25T09:09:22.058+0000] {dag.py:4180} INFO - Setting next_dagrun for example_bash_operator to 2024-11-24 00:00:00+00:00, run_after=2024-11-25 00:00:00+00:00
[2024-11-25T09:09:22.078+0000] {processor.py:208} INFO - Processing /home/airflow/.local/lib/python3.12/site-packages/airflow/example_dags/example_bash_operator.py took 0.104 seconds
[2024-11-25T09:09:52.881+0000] {processor.py:186} INFO - Started process (PID=16985) to work on /home/airflow/.local/lib/python3.12/site-packages/airflow/example_dags/example_bash_operator.py
[2024-11-25T09:09:52.882+0000] {processor.py:914} INFO - Processing file /home/airflow/.local/lib/python3.12/site-packages/airflow/example_dags/example_bash_operator.py for tasks to queue
[2024-11-25T09:09:52.888+0000] {logging_mixin.py:190} INFO - [2024-11-25T09:09:52.887+0000] {dagbag.py:588} INFO - Filling up the DagBag from /home/airflow/.local/lib/python3.12/site-packages/airflow/example_dags/example_bash_operator.py
[2024-11-25T09:09:52.903+0000] {processor.py:925} INFO - DAG(s) 'example_bash_operator' retrieved from /home/airflow/.local/lib/python3.12/site-packages/airflow/example_dags/example_bash_operator.py
[2024-11-25T09:09:52.939+0000] {logging_mixin.py:190} INFO - [2024-11-25T09:09:52.939+0000] {dag.py:3239} INFO - Sync 1 DAGs
[2024-11-25T09:09:52.967+0000] {logging_mixin.py:190} INFO - [2024-11-25T09:09:52.967+0000] {dag.py:4180} INFO - Setting next_dagrun for example_bash_operator to 2024-11-24 00:00:00+00:00, run_after=2024-11-25 00:00:00+00:00
[2024-11-25T09:09:52.987+0000] {processor.py:208} INFO - Processing /home/airflow/.local/lib/python3.12/site-packages/airflow/example_dags/example_bash_operator.py took 0.112 seconds
[2024-11-25T09:10:23.392+0000] {processor.py:186} INFO - Started process (PID=17286) to work on /home/airflow/.local/lib/python3.12/site-packages/airflow/example_dags/example_bash_operator.py
[2024-11-25T09:10:23.393+0000] {processor.py:914} INFO - Processing file /home/airflow/.local/lib/python3.12/site-packages/airflow/example_dags/example_bash_operator.py for tasks to queue
[2024-11-25T09:10:23.396+0000] {logging_mixin.py:190} INFO - [2024-11-25T09:10:23.395+0000] {dagbag.py:588} INFO - Filling up the DagBag from /home/airflow/.local/lib/python3.12/site-packages/airflow/example_dags/example_bash_operator.py
[2024-11-25T09:10:23.409+0000] {processor.py:925} INFO - DAG(s) 'example_bash_operator' retrieved from /home/airflow/.local/lib/python3.12/site-packages/airflow/example_dags/example_bash_operator.py
[2024-11-25T09:10:23.442+0000] {logging_mixin.py:190} INFO - [2024-11-25T09:10:23.442+0000] {dag.py:3239} INFO - Sync 1 DAGs
[2024-11-25T09:10:23.470+0000] {logging_mixin.py:190} INFO - [2024-11-25T09:10:23.470+0000] {dag.py:4180} INFO - Setting next_dagrun for example_bash_operator to 2024-11-24 00:00:00+00:00, run_after=2024-11-25 00:00:00+00:00
[2024-11-25T09:10:23.496+0000] {processor.py:208} INFO - Processing /home/airflow/.local/lib/python3.12/site-packages/airflow/example_dags/example_bash_operator.py took 0.113 seconds
[2024-11-25T09:10:54.285+0000] {processor.py:186} INFO - Started process (PID=17587) to work on /home/airflow/.local/lib/python3.12/site-packages/airflow/example_dags/example_bash_operator.py
[2024-11-25T09:10:54.286+0000] {processor.py:914} INFO - Processing file /home/airflow/.local/lib/python3.12/site-packages/airflow/example_dags/example_bash_operator.py for tasks to queue
[2024-11-25T09:10:54.288+0000] {logging_mixin.py:190} INFO - [2024-11-25T09:10:54.288+0000] {dagbag.py:588} INFO - Filling up the DagBag from /home/airflow/.local/lib/python3.12/site-packages/airflow/example_dags/example_bash_operator.py
[2024-11-25T09:10:54.303+0000] {processor.py:925} INFO - DAG(s) 'example_bash_operator' retrieved from /home/airflow/.local/lib/python3.12/site-packages/airflow/example_dags/example_bash_operator.py
[2024-11-25T09:10:54.334+0000] {logging_mixin.py:190} INFO - [2024-11-25T09:10:54.333+0000] {dag.py:3239} INFO - Sync 1 DAGs
[2024-11-25T09:10:54.358+0000] {logging_mixin.py:190} INFO - [2024-11-25T09:10:54.358+0000] {dag.py:4180} INFO - Setting next_dagrun for example_bash_operator to 2024-11-24 00:00:00+00:00, run_after=2024-11-25 00:00:00+00:00
[2024-11-25T09:10:54.394+0000] {processor.py:208} INFO - Processing /home/airflow/.local/lib/python3.12/site-packages/airflow/example_dags/example_bash_operator.py took 0.115 seconds
[2024-11-25T09:11:24.780+0000] {processor.py:186} INFO - Started process (PID=17889) to work on /home/airflow/.local/lib/python3.12/site-packages/airflow/example_dags/example_bash_operator.py
[2024-11-25T09:11:24.781+0000] {processor.py:914} INFO - Processing file /home/airflow/.local/lib/python3.12/site-packages/airflow/example_dags/example_bash_operator.py for tasks to queue
[2024-11-25T09:11:24.783+0000] {logging_mixin.py:190} INFO - [2024-11-25T09:11:24.783+0000] {dagbag.py:588} INFO - Filling up the DagBag from /home/airflow/.local/lib/python3.12/site-packages/airflow/example_dags/example_bash_operator.py
[2024-11-25T09:11:24.796+0000] {processor.py:925} INFO - DAG(s) 'example_bash_operator' retrieved from /home/airflow/.local/lib/python3.12/site-packages/airflow/example_dags/example_bash_operator.py
[2024-11-25T09:11:24.824+0000] {logging_mixin.py:190} INFO - [2024-11-25T09:11:24.823+0000] {dag.py:3239} INFO - Sync 1 DAGs
[2024-11-25T09:11:24.850+0000] {logging_mixin.py:190} INFO - [2024-11-25T09:11:24.850+0000] {dag.py:4180} INFO - Setting next_dagrun for example_bash_operator to 2024-11-24 00:00:00+00:00, run_after=2024-11-25 00:00:00+00:00
[2024-11-25T09:11:24.880+0000] {processor.py:208} INFO - Processing /home/airflow/.local/lib/python3.12/site-packages/airflow/example_dags/example_bash_operator.py took 0.106 seconds
[2024-11-25T09:11:55.372+0000] {processor.py:186} INFO - Started process (PID=18190) to work on /home/airflow/.local/lib/python3.12/site-packages/airflow/example_dags/example_bash_operator.py
[2024-11-25T09:11:55.373+0000] {processor.py:914} INFO - Processing file /home/airflow/.local/lib/python3.12/site-packages/airflow/example_dags/example_bash_operator.py for tasks to queue
[2024-11-25T09:11:55.375+0000] {logging_mixin.py:190} INFO - [2024-11-25T09:11:55.375+0000] {dagbag.py:588} INFO - Filling up the DagBag from /home/airflow/.local/lib/python3.12/site-packages/airflow/example_dags/example_bash_operator.py
[2024-11-25T09:11:55.388+0000] {processor.py:925} INFO - DAG(s) 'example_bash_operator' retrieved from /home/airflow/.local/lib/python3.12/site-packages/airflow/example_dags/example_bash_operator.py
[2024-11-25T09:11:55.416+0000] {logging_mixin.py:190} INFO - [2024-11-25T09:11:55.416+0000] {dag.py:3239} INFO - Sync 1 DAGs
[2024-11-25T09:11:55.438+0000] {logging_mixin.py:190} INFO - [2024-11-25T09:11:55.438+0000] {dag.py:4180} INFO - Setting next_dagrun for example_bash_operator to 2024-11-24 00:00:00+00:00, run_after=2024-11-25 00:00:00+00:00
[2024-11-25T09:11:55.455+0000] {processor.py:208} INFO - Processing /home/airflow/.local/lib/python3.12/site-packages/airflow/example_dags/example_bash_operator.py took 0.089 seconds
[2024-11-25T09:12:26.795+0000] {processor.py:186} INFO - Started process (PID=18490) to work on /home/airflow/.local/lib/python3.12/site-packages/airflow/example_dags/example_bash_operator.py
[2024-11-25T09:12:26.798+0000] {processor.py:914} INFO - Processing file /home/airflow/.local/lib/python3.12/site-packages/airflow/example_dags/example_bash_operator.py for tasks to queue
[2024-11-25T09:12:26.803+0000] {logging_mixin.py:190} INFO - [2024-11-25T09:12:26.803+0000] {dagbag.py:588} INFO - Filling up the DagBag from /home/airflow/.local/lib/python3.12/site-packages/airflow/example_dags/example_bash_operator.py
[2024-11-25T09:12:26.828+0000] {processor.py:925} INFO - DAG(s) 'example_bash_operator' retrieved from /home/airflow/.local/lib/python3.12/site-packages/airflow/example_dags/example_bash_operator.py
[2024-11-25T09:12:26.862+0000] {logging_mixin.py:190} INFO - [2024-11-25T09:12:26.861+0000] {dag.py:3239} INFO - Sync 1 DAGs
[2024-11-25T09:12:26.886+0000] {logging_mixin.py:190} INFO - [2024-11-25T09:12:26.886+0000] {dag.py:4180} INFO - Setting next_dagrun for example_bash_operator to 2024-11-24 00:00:00+00:00, run_after=2024-11-25 00:00:00+00:00
[2024-11-25T09:12:26.907+0000] {processor.py:208} INFO - Processing /home/airflow/.local/lib/python3.12/site-packages/airflow/example_dags/example_bash_operator.py took 0.123 seconds
[2024-11-25T09:12:57.904+0000] {processor.py:186} INFO - Started process (PID=18791) to work on /home/airflow/.local/lib/python3.12/site-packages/airflow/example_dags/example_bash_operator.py
[2024-11-25T09:12:57.905+0000] {processor.py:914} INFO - Processing file /home/airflow/.local/lib/python3.12/site-packages/airflow/example_dags/example_bash_operator.py for tasks to queue
[2024-11-25T09:12:57.908+0000] {logging_mixin.py:190} INFO - [2024-11-25T09:12:57.908+0000] {dagbag.py:588} INFO - Filling up the DagBag from /home/airflow/.local/lib/python3.12/site-packages/airflow/example_dags/example_bash_operator.py
[2024-11-25T09:12:57.929+0000] {processor.py:925} INFO - DAG(s) 'example_bash_operator' retrieved from /home/airflow/.local/lib/python3.12/site-packages/airflow/example_dags/example_bash_operator.py
[2024-11-25T09:12:57.972+0000] {logging_mixin.py:190} INFO - [2024-11-25T09:12:57.972+0000] {dag.py:3239} INFO - Sync 1 DAGs
[2024-11-25T09:12:58.003+0000] {logging_mixin.py:190} INFO - [2024-11-25T09:12:58.002+0000] {dag.py:4180} INFO - Setting next_dagrun for example_bash_operator to 2024-11-24 00:00:00+00:00, run_after=2024-11-25 00:00:00+00:00
[2024-11-25T09:12:58.029+0000] {processor.py:208} INFO - Processing /home/airflow/.local/lib/python3.12/site-packages/airflow/example_dags/example_bash_operator.py took 0.133 seconds
[2024-11-25T09:13:28.427+0000] {processor.py:186} INFO - Started process (PID=19092) to work on /home/airflow/.local/lib/python3.12/site-packages/airflow/example_dags/example_bash_operator.py
[2024-11-25T09:13:28.429+0000] {processor.py:914} INFO - Processing file /home/airflow/.local/lib/python3.12/site-packages/airflow/example_dags/example_bash_operator.py for tasks to queue
[2024-11-25T09:13:28.432+0000] {logging_mixin.py:190} INFO - [2024-11-25T09:13:28.431+0000] {dagbag.py:588} INFO - Filling up the DagBag from /home/airflow/.local/lib/python3.12/site-packages/airflow/example_dags/example_bash_operator.py
[2024-11-25T09:13:28.445+0000] {processor.py:925} INFO - DAG(s) 'example_bash_operator' retrieved from /home/airflow/.local/lib/python3.12/site-packages/airflow/example_dags/example_bash_operator.py
[2024-11-25T09:13:28.481+0000] {logging_mixin.py:190} INFO - [2024-11-25T09:13:28.481+0000] {dag.py:3239} INFO - Sync 1 DAGs
[2024-11-25T09:13:28.514+0000] {logging_mixin.py:190} INFO - [2024-11-25T09:13:28.514+0000] {dag.py:4180} INFO - Setting next_dagrun for example_bash_operator to 2024-11-24 00:00:00+00:00, run_after=2024-11-25 00:00:00+00:00
[2024-11-25T09:13:28.543+0000] {processor.py:208} INFO - Processing /home/airflow/.local/lib/python3.12/site-packages/airflow/example_dags/example_bash_operator.py took 0.121 seconds
[2024-11-25T09:13:59.441+0000] {processor.py:186} INFO - Started process (PID=19393) to work on /home/airflow/.local/lib/python3.12/site-packages/airflow/example_dags/example_bash_operator.py
[2024-11-25T09:13:59.442+0000] {processor.py:914} INFO - Processing file /home/airflow/.local/lib/python3.12/site-packages/airflow/example_dags/example_bash_operator.py for tasks to queue
[2024-11-25T09:13:59.444+0000] {logging_mixin.py:190} INFO - [2024-11-25T09:13:59.444+0000] {dagbag.py:588} INFO - Filling up the DagBag from /home/airflow/.local/lib/python3.12/site-packages/airflow/example_dags/example_bash_operator.py
[2024-11-25T09:13:59.457+0000] {processor.py:925} INFO - DAG(s) 'example_bash_operator' retrieved from /home/airflow/.local/lib/python3.12/site-packages/airflow/example_dags/example_bash_operator.py
[2024-11-25T09:13:59.489+0000] {logging_mixin.py:190} INFO - [2024-11-25T09:13:59.488+0000] {dag.py:3239} INFO - Sync 1 DAGs
[2024-11-25T09:13:59.515+0000] {logging_mixin.py:190} INFO - [2024-11-25T09:13:59.515+0000] {dag.py:4180} INFO - Setting next_dagrun for example_bash_operator to 2024-11-24 00:00:00+00:00, run_after=2024-11-25 00:00:00+00:00
[2024-11-25T09:13:59.537+0000] {processor.py:208} INFO - Processing /home/airflow/.local/lib/python3.12/site-packages/airflow/example_dags/example_bash_operator.py took 0.103 seconds
[2024-11-25T09:14:30.274+0000] {processor.py:186} INFO - Started process (PID=19694) to work on /home/airflow/.local/lib/python3.12/site-packages/airflow/example_dags/example_bash_operator.py
[2024-11-25T09:14:30.275+0000] {processor.py:914} INFO - Processing file /home/airflow/.local/lib/python3.12/site-packages/airflow/example_dags/example_bash_operator.py for tasks to queue
[2024-11-25T09:14:30.278+0000] {logging_mixin.py:190} INFO - [2024-11-25T09:14:30.277+0000] {dagbag.py:588} INFO - Filling up the DagBag from /home/airflow/.local/lib/python3.12/site-packages/airflow/example_dags/example_bash_operator.py
[2024-11-25T09:14:30.298+0000] {processor.py:925} INFO - DAG(s) 'example_bash_operator' retrieved from /home/airflow/.local/lib/python3.12/site-packages/airflow/example_dags/example_bash_operator.py
[2024-11-25T09:14:30.342+0000] {logging_mixin.py:190} INFO - [2024-11-25T09:14:30.342+0000] {dag.py:3239} INFO - Sync 1 DAGs
[2024-11-25T09:14:30.381+0000] {logging_mixin.py:190} INFO - [2024-11-25T09:14:30.381+0000] {dag.py:4180} INFO - Setting next_dagrun for example_bash_operator to 2024-11-24 00:00:00+00:00, run_after=2024-11-25 00:00:00+00:00
[2024-11-25T09:14:30.407+0000] {processor.py:208} INFO - Processing /home/airflow/.local/lib/python3.12/site-packages/airflow/example_dags/example_bash_operator.py took 0.140 seconds
[2024-11-25T09:15:01.600+0000] {processor.py:186} INFO - Started process (PID=19995) to work on /home/airflow/.local/lib/python3.12/site-packages/airflow/example_dags/example_bash_operator.py
[2024-11-25T09:15:01.602+0000] {processor.py:914} INFO - Processing file /home/airflow/.local/lib/python3.12/site-packages/airflow/example_dags/example_bash_operator.py for tasks to queue
[2024-11-25T09:15:01.611+0000] {logging_mixin.py:190} INFO - [2024-11-25T09:15:01.611+0000] {dagbag.py:588} INFO - Filling up the DagBag from /home/airflow/.local/lib/python3.12/site-packages/airflow/example_dags/example_bash_operator.py
[2024-11-25T09:15:01.637+0000] {processor.py:925} INFO - DAG(s) 'example_bash_operator' retrieved from /home/airflow/.local/lib/python3.12/site-packages/airflow/example_dags/example_bash_operator.py
[2024-11-25T09:15:01.708+0000] {logging_mixin.py:190} INFO - [2024-11-25T09:15:01.707+0000] {dag.py:3239} INFO - Sync 1 DAGs
[2024-11-25T09:15:01.751+0000] {logging_mixin.py:190} INFO - [2024-11-25T09:15:01.751+0000] {dag.py:4180} INFO - Setting next_dagrun for example_bash_operator to 2024-11-24 00:00:00+00:00, run_after=2024-11-25 00:00:00+00:00
[2024-11-25T09:15:01.785+0000] {processor.py:208} INFO - Processing /home/airflow/.local/lib/python3.12/site-packages/airflow/example_dags/example_bash_operator.py took 0.195 seconds
[2024-11-25T09:15:32.120+0000] {processor.py:186} INFO - Started process (PID=20296) to work on /home/airflow/.local/lib/python3.12/site-packages/airflow/example_dags/example_bash_operator.py
[2024-11-25T09:15:32.122+0000] {processor.py:914} INFO - Processing file /home/airflow/.local/lib/python3.12/site-packages/airflow/example_dags/example_bash_operator.py for tasks to queue
[2024-11-25T09:15:32.124+0000] {logging_mixin.py:190} INFO - [2024-11-25T09:15:32.124+0000] {dagbag.py:588} INFO - Filling up the DagBag from /home/airflow/.local/lib/python3.12/site-packages/airflow/example_dags/example_bash_operator.py
[2024-11-25T09:15:32.147+0000] {processor.py:925} INFO - DAG(s) 'example_bash_operator' retrieved from /home/airflow/.local/lib/python3.12/site-packages/airflow/example_dags/example_bash_operator.py
[2024-11-25T09:15:32.192+0000] {logging_mixin.py:190} INFO - [2024-11-25T09:15:32.192+0000] {dag.py:3239} INFO - Sync 1 DAGs
[2024-11-25T09:15:32.235+0000] {logging_mixin.py:190} INFO - [2024-11-25T09:15:32.234+0000] {dag.py:4180} INFO - Setting next_dagrun for example_bash_operator to 2024-11-24 00:00:00+00:00, run_after=2024-11-25 00:00:00+00:00
[2024-11-25T09:15:32.285+0000] {processor.py:208} INFO - Processing /home/airflow/.local/lib/python3.12/site-packages/airflow/example_dags/example_bash_operator.py took 0.174 seconds
[2024-11-25T09:16:03.887+0000] {processor.py:186} INFO - Started process (PID=20609) to work on /home/airflow/.local/lib/python3.12/site-packages/airflow/example_dags/example_bash_operator.py
[2024-11-25T09:16:03.888+0000] {processor.py:914} INFO - Processing file /home/airflow/.local/lib/python3.12/site-packages/airflow/example_dags/example_bash_operator.py for tasks to queue
[2024-11-25T09:16:03.891+0000] {logging_mixin.py:190} INFO - [2024-11-25T09:16:03.891+0000] {dagbag.py:588} INFO - Filling up the DagBag from /home/airflow/.local/lib/python3.12/site-packages/airflow/example_dags/example_bash_operator.py
[2024-11-25T09:16:03.919+0000] {processor.py:925} INFO - DAG(s) 'example_bash_operator' retrieved from /home/airflow/.local/lib/python3.12/site-packages/airflow/example_dags/example_bash_operator.py
[2024-11-25T09:16:03.993+0000] {logging_mixin.py:190} INFO - [2024-11-25T09:16:03.992+0000] {dag.py:3239} INFO - Sync 1 DAGs
[2024-11-25T09:16:04.042+0000] {logging_mixin.py:190} INFO - [2024-11-25T09:16:04.041+0000] {dag.py:4180} INFO - Setting next_dagrun for example_bash_operator to 2024-11-24 00:00:00+00:00, run_after=2024-11-25 00:00:00+00:00
[2024-11-25T09:16:04.013+0000] {processor.py:208} INFO - Processing /home/airflow/.local/lib/python3.12/site-packages/airflow/example_dags/example_bash_operator.py took 0.198 seconds
[2024-11-25T09:16:37.382+0000] {processor.py:186} INFO - Started process (PID=20933) to work on /home/airflow/.local/lib/python3.12/site-packages/airflow/example_dags/example_bash_operator.py
[2024-11-25T09:16:37.387+0000] {processor.py:914} INFO - Processing file /home/airflow/.local/lib/python3.12/site-packages/airflow/example_dags/example_bash_operator.py for tasks to queue
[2024-11-25T09:16:37.392+0000] {logging_mixin.py:190} INFO - [2024-11-25T09:16:37.392+0000] {dagbag.py:588} INFO - Filling up the DagBag from /home/airflow/.local/lib/python3.12/site-packages/airflow/example_dags/example_bash_operator.py
[2024-11-25T09:16:37.416+0000] {processor.py:925} INFO - DAG(s) 'example_bash_operator' retrieved from /home/airflow/.local/lib/python3.12/site-packages/airflow/example_dags/example_bash_operator.py
[2024-11-25T09:16:37.459+0000] {logging_mixin.py:190} INFO - [2024-11-25T09:16:37.458+0000] {dag.py:3239} INFO - Sync 1 DAGs
[2024-11-25T09:16:37.488+0000] {logging_mixin.py:190} INFO - [2024-11-25T09:16:37.487+0000] {dag.py:4180} INFO - Setting next_dagrun for example_bash_operator to 2024-11-24 00:00:00+00:00, run_after=2024-11-25 00:00:00+00:00
[2024-11-25T09:16:37.521+0000] {processor.py:208} INFO - Processing /home/airflow/.local/lib/python3.12/site-packages/airflow/example_dags/example_bash_operator.py took 0.149 seconds
[2024-11-25T09:17:07.987+0000] {processor.py:186} INFO - Started process (PID=21234) to work on /home/airflow/.local/lib/python3.12/site-packages/airflow/example_dags/example_bash_operator.py
[2024-11-25T09:17:07.989+0000] {processor.py:914} INFO - Processing file /home/airflow/.local/lib/python3.12/site-packages/airflow/example_dags/example_bash_operator.py for tasks to queue
[2024-11-25T09:17:07.996+0000] {logging_mixin.py:190} INFO - [2024-11-25T09:17:07.995+0000] {dagbag.py:588} INFO - Filling up the DagBag from /home/airflow/.local/lib/python3.12/site-packages/airflow/example_dags/example_bash_operator.py
[2024-11-25T09:17:08.017+0000] {processor.py:925} INFO - DAG(s) 'example_bash_operator' retrieved from /home/airflow/.local/lib/python3.12/site-packages/airflow/example_dags/example_bash_operator.py
[2024-11-25T09:17:08.070+0000] {logging_mixin.py:190} INFO - [2024-11-25T09:17:08.069+0000] {dag.py:3239} INFO - Sync 1 DAGs
[2024-11-25T09:17:08.107+0000] {logging_mixin.py:190} INFO - [2024-11-25T09:17:08.107+0000] {dag.py:4180} INFO - Setting next_dagrun for example_bash_operator to 2024-11-24 00:00:00+00:00, run_after=2024-11-25 00:00:00+00:00
[2024-11-25T09:17:08.136+0000] {processor.py:208} INFO - Processing /home/airflow/.local/lib/python3.12/site-packages/airflow/example_dags/example_bash_operator.py took 0.155 seconds
[2024-11-25T09:17:38.220+0000] {processor.py:186} INFO - Started process (PID=21535) to work on /home/airflow/.local/lib/python3.12/site-packages/airflow/example_dags/example_bash_operator.py
[2024-11-25T09:17:38.221+0000] {processor.py:914} INFO - Processing file /home/airflow/.local/lib/python3.12/site-packages/airflow/example_dags/example_bash_operator.py for tasks to queue
[2024-11-25T09:17:38.223+0000] {logging_mixin.py:190} INFO - [2024-11-25T09:17:38.223+0000] {dagbag.py:588} INFO - Filling up the DagBag from /home/airflow/.local/lib/python3.12/site-packages/airflow/example_dags/example_bash_operator.py
[2024-11-25T09:17:38.237+0000] {processor.py:925} INFO - DAG(s) 'example_bash_operator' retrieved from /home/airflow/.local/lib/python3.12/site-packages/airflow/example_dags/example_bash_operator.py
[2024-11-25T09:17:38.271+0000] {logging_mixin.py:190} INFO - [2024-11-25T09:17:38.270+0000] {dag.py:3239} INFO - Sync 1 DAGs
[2024-11-25T09:17:38.296+0000] {logging_mixin.py:190} INFO - [2024-11-25T09:17:38.296+0000] {dag.py:4180} INFO - Setting next_dagrun for example_bash_operator to 2024-11-24 00:00:00+00:00, run_after=2024-11-25 00:00:00+00:00
[2024-11-25T09:17:38.318+0000] {processor.py:208} INFO - Processing /home/airflow/.local/lib/python3.12/site-packages/airflow/example_dags/example_bash_operator.py took 0.104 seconds
[2024-11-25T09:18:09.950+0000] {processor.py:186} INFO - Started process (PID=21848) to work on /home/airflow/.local/lib/python3.12/site-packages/airflow/example_dags/example_bash_operator.py
[2024-11-25T09:18:09.952+0000] {processor.py:914} INFO - Processing file /home/airflow/.local/lib/python3.12/site-packages/airflow/example_dags/example_bash_operator.py for tasks to queue
[2024-11-25T09:18:09.955+0000] {logging_mixin.py:190} INFO - [2024-11-25T09:18:09.955+0000] {dagbag.py:588} INFO - Filling up the DagBag from /home/airflow/.local/lib/python3.12/site-packages/airflow/example_dags/example_bash_operator.py
[2024-11-25T09:18:10.004+0000] {processor.py:925} INFO - DAG(s) 'example_bash_operator' retrieved from /home/airflow/.local/lib/python3.12/site-packages/airflow/example_dags/example_bash_operator.py
[2024-11-25T09:18:10.059+0000] {logging_mixin.py:190} INFO - [2024-11-25T09:18:10.059+0000] {dag.py:3239} INFO - Sync 1 DAGs
[2024-11-25T09:18:10.100+0000] {logging_mixin.py:190} INFO - [2024-11-25T09:18:10.100+0000] {dag.py:4180} INFO - Setting next_dagrun for example_bash_operator to 2024-11-24 00:00:00+00:00, run_after=2024-11-25 00:00:00+00:00
[2024-11-25T09:18:10.125+0000] {processor.py:208} INFO - Processing /home/airflow/.local/lib/python3.12/site-packages/airflow/example_dags/example_bash_operator.py took 0.184 seconds
[2024-11-25T09:18:40.281+0000] {processor.py:186} INFO - Started process (PID=22154) to work on /home/airflow/.local/lib/python3.12/site-packages/airflow/example_dags/example_bash_operator.py
[2024-11-25T09:18:40.281+0000] {processor.py:914} INFO - Processing file /home/airflow/.local/lib/python3.12/site-packages/airflow/example_dags/example_bash_operator.py for tasks to queue
[2024-11-25T09:18:40.284+0000] {logging_mixin.py:190} INFO - [2024-11-25T09:18:40.283+0000] {dagbag.py:588} INFO - Filling up the DagBag from /home/airflow/.local/lib/python3.12/site-packages/airflow/example_dags/example_bash_operator.py
[2024-11-25T09:18:40.296+0000] {processor.py:925} INFO - DAG(s) 'example_bash_operator' retrieved from /home/airflow/.local/lib/python3.12/site-packages/airflow/example_dags/example_bash_operator.py
[2024-11-25T09:18:40.328+0000] {logging_mixin.py:190} INFO - [2024-11-25T09:18:40.328+0000] {dag.py:3239} INFO - Sync 1 DAGs
[2024-11-25T09:18:40.352+0000] {logging_mixin.py:190} INFO - [2024-11-25T09:18:40.351+0000] {dag.py:4180} INFO - Setting next_dagrun for example_bash_operator to 2024-11-24 00:00:00+00:00, run_after=2024-11-25 00:00:00+00:00
[2024-11-25T09:18:40.375+0000] {processor.py:208} INFO - Processing /home/airflow/.local/lib/python3.12/site-packages/airflow/example_dags/example_bash_operator.py took 0.100 seconds
