[2024-11-25T08:41:37.462+0000] {processor.py:186} INFO - Started process (PID=357) to work on /home/airflow/.local/lib/python3.12/site-packages/airflow/example_dags/tutorial_taskflow_api.py
[2024-11-25T08:41:37.464+0000] {processor.py:914} INFO - Processing file /home/airflow/.local/lib/python3.12/site-packages/airflow/example_dags/tutorial_taskflow_api.py for tasks to queue
[2024-11-25T08:41:37.468+0000] {logging_mixin.py:190} INFO - [2024-11-25T08:41:37.467+0000] {dagbag.py:588} INFO - Filling up the DagBag from /home/airflow/.local/lib/python3.12/site-packages/airflow/example_dags/tutorial_taskflow_api.py
[2024-11-25T08:41:37.481+0000] {processor.py:925} INFO - DAG(s) 'tutorial_taskflow_api' retrieved from /home/airflow/.local/lib/python3.12/site-packages/airflow/example_dags/tutorial_taskflow_api.py
[2024-11-25T08:41:37.670+0000] {logging_mixin.py:190} INFO - [2024-11-25T08:41:37.669+0000] {override.py:1911} INFO - Created Permission View: can edit on DAG:tutorial_taskflow_api
[2024-11-25T08:41:37.688+0000] {logging_mixin.py:190} INFO - [2024-11-25T08:41:37.688+0000] {override.py:1911} INFO - Created Permission View: can delete on DAG:tutorial_taskflow_api
[2024-11-25T08:41:37.701+0000] {logging_mixin.py:190} INFO - [2024-11-25T08:41:37.700+0000] {override.py:1911} INFO - Created Permission View: can read on DAG:tutorial_taskflow_api
[2024-11-25T08:41:37.720+0000] {logging_mixin.py:190} INFO - [2024-11-25T08:41:37.719+0000] {override.py:1911} INFO - Created Permission View: can create on DAG Run:tutorial_taskflow_api
[2024-11-25T08:41:37.737+0000] {logging_mixin.py:190} INFO - [2024-11-25T08:41:37.735+0000] {override.py:1911} INFO - Created Permission View: can delete on DAG Run:tutorial_taskflow_api
[2024-11-25T08:41:37.758+0000] {logging_mixin.py:190} INFO - [2024-11-25T08:41:37.755+0000] {override.py:1911} INFO - Created Permission View: menu access on DAG Run:tutorial_taskflow_api
[2024-11-25T08:41:37.780+0000] {logging_mixin.py:190} INFO - [2024-11-25T08:41:37.779+0000] {override.py:1911} INFO - Created Permission View: can read on DAG Run:tutorial_taskflow_api
[2024-11-25T08:41:37.781+0000] {logging_mixin.py:190} INFO - [2024-11-25T08:41:37.781+0000] {dag.py:3239} INFO - Sync 1 DAGs
[2024-11-25T08:41:37.810+0000] {logging_mixin.py:190} INFO - [2024-11-25T08:41:37.809+0000] {dag.py:3262} INFO - Creating ORM DAG for tutorial_taskflow_api
[2024-11-25T08:41:37.811+0000] {logging_mixin.py:190} INFO - [2024-11-25T08:41:37.811+0000] {dag.py:4180} INFO - Setting next_dagrun for tutorial_taskflow_api to None, run_after=None
[2024-11-25T08:41:37.841+0000] {processor.py:208} INFO - Processing /home/airflow/.local/lib/python3.12/site-packages/airflow/example_dags/tutorial_taskflow_api.py took 0.389 seconds
[2024-11-25T08:42:08.217+0000] {processor.py:186} INFO - Started process (PID=659) to work on /home/airflow/.local/lib/python3.12/site-packages/airflow/example_dags/tutorial_taskflow_api.py
[2024-11-25T08:42:08.218+0000] {processor.py:914} INFO - Processing file /home/airflow/.local/lib/python3.12/site-packages/airflow/example_dags/tutorial_taskflow_api.py for tasks to queue
[2024-11-25T08:42:08.222+0000] {logging_mixin.py:190} INFO - [2024-11-25T08:42:08.222+0000] {dagbag.py:588} INFO - Filling up the DagBag from /home/airflow/.local/lib/python3.12/site-packages/airflow/example_dags/tutorial_taskflow_api.py
[2024-11-25T08:42:08.235+0000] {processor.py:925} INFO - DAG(s) 'tutorial_taskflow_api' retrieved from /home/airflow/.local/lib/python3.12/site-packages/airflow/example_dags/tutorial_taskflow_api.py
[2024-11-25T08:42:08.265+0000] {logging_mixin.py:190} INFO - [2024-11-25T08:42:08.264+0000] {dag.py:3239} INFO - Sync 1 DAGs
[2024-11-25T08:42:08.284+0000] {logging_mixin.py:190} INFO - [2024-11-25T08:42:08.284+0000] {dag.py:4180} INFO - Setting next_dagrun for tutorial_taskflow_api to None, run_after=None
[2024-11-25T08:42:08.309+0000] {processor.py:208} INFO - Processing /home/airflow/.local/lib/python3.12/site-packages/airflow/example_dags/tutorial_taskflow_api.py took 0.100 seconds
[2024-11-25T08:42:39.590+0000] {processor.py:186} INFO - Started process (PID=963) to work on /home/airflow/.local/lib/python3.12/site-packages/airflow/example_dags/tutorial_taskflow_api.py
[2024-11-25T08:42:39.600+0000] {processor.py:914} INFO - Processing file /home/airflow/.local/lib/python3.12/site-packages/airflow/example_dags/tutorial_taskflow_api.py for tasks to queue
[2024-11-25T08:42:39.609+0000] {logging_mixin.py:190} INFO - [2024-11-25T08:42:39.609+0000] {dagbag.py:588} INFO - Filling up the DagBag from /home/airflow/.local/lib/python3.12/site-packages/airflow/example_dags/tutorial_taskflow_api.py
[2024-11-25T08:42:39.638+0000] {processor.py:925} INFO - DAG(s) 'tutorial_taskflow_api' retrieved from /home/airflow/.local/lib/python3.12/site-packages/airflow/example_dags/tutorial_taskflow_api.py
[2024-11-25T08:42:39.751+0000] {logging_mixin.py:190} INFO - [2024-11-25T08:42:39.750+0000] {dag.py:3239} INFO - Sync 1 DAGs
[2024-11-25T08:42:39.797+0000] {logging_mixin.py:190} INFO - [2024-11-25T08:42:39.796+0000] {dag.py:4180} INFO - Setting next_dagrun for tutorial_taskflow_api to None, run_after=None
[2024-11-25T08:42:39.929+0000] {processor.py:208} INFO - Processing /home/airflow/.local/lib/python3.12/site-packages/airflow/example_dags/tutorial_taskflow_api.py took 0.359 seconds
[2024-11-25T08:43:10.437+0000] {processor.py:186} INFO - Started process (PID=1268) to work on /home/airflow/.local/lib/python3.12/site-packages/airflow/example_dags/tutorial_taskflow_api.py
[2024-11-25T08:43:10.439+0000] {processor.py:914} INFO - Processing file /home/airflow/.local/lib/python3.12/site-packages/airflow/example_dags/tutorial_taskflow_api.py for tasks to queue
[2024-11-25T08:43:10.442+0000] {logging_mixin.py:190} INFO - [2024-11-25T08:43:10.441+0000] {dagbag.py:588} INFO - Filling up the DagBag from /home/airflow/.local/lib/python3.12/site-packages/airflow/example_dags/tutorial_taskflow_api.py
[2024-11-25T08:43:10.452+0000] {processor.py:925} INFO - DAG(s) 'tutorial_taskflow_api' retrieved from /home/airflow/.local/lib/python3.12/site-packages/airflow/example_dags/tutorial_taskflow_api.py
[2024-11-25T08:43:10.489+0000] {logging_mixin.py:190} INFO - [2024-11-25T08:43:10.489+0000] {dag.py:3239} INFO - Sync 1 DAGs
[2024-11-25T08:43:10.517+0000] {logging_mixin.py:190} INFO - [2024-11-25T08:43:10.517+0000] {dag.py:4180} INFO - Setting next_dagrun for tutorial_taskflow_api to None, run_after=None
[2024-11-25T08:43:10.554+0000] {processor.py:208} INFO - Processing /home/airflow/.local/lib/python3.12/site-packages/airflow/example_dags/tutorial_taskflow_api.py took 0.126 seconds
[2024-11-25T08:43:40.837+0000] {processor.py:186} INFO - Started process (PID=1566) to work on /home/airflow/.local/lib/python3.12/site-packages/airflow/example_dags/tutorial_taskflow_api.py
[2024-11-25T08:43:40.839+0000] {processor.py:914} INFO - Processing file /home/airflow/.local/lib/python3.12/site-packages/airflow/example_dags/tutorial_taskflow_api.py for tasks to queue
[2024-11-25T08:43:40.842+0000] {logging_mixin.py:190} INFO - [2024-11-25T08:43:40.841+0000] {dagbag.py:588} INFO - Filling up the DagBag from /home/airflow/.local/lib/python3.12/site-packages/airflow/example_dags/tutorial_taskflow_api.py
[2024-11-25T08:43:40.852+0000] {processor.py:925} INFO - DAG(s) 'tutorial_taskflow_api' retrieved from /home/airflow/.local/lib/python3.12/site-packages/airflow/example_dags/tutorial_taskflow_api.py
[2024-11-25T08:43:40.879+0000] {logging_mixin.py:190} INFO - [2024-11-25T08:43:40.878+0000] {dag.py:3239} INFO - Sync 1 DAGs
[2024-11-25T08:43:40.896+0000] {logging_mixin.py:190} INFO - [2024-11-25T08:43:40.896+0000] {dag.py:4180} INFO - Setting next_dagrun for tutorial_taskflow_api to None, run_after=None
[2024-11-25T08:43:40.919+0000] {processor.py:208} INFO - Processing /home/airflow/.local/lib/python3.12/site-packages/airflow/example_dags/tutorial_taskflow_api.py took 0.089 seconds
[2024-11-25T08:44:11.218+0000] {processor.py:186} INFO - Started process (PID=1866) to work on /home/airflow/.local/lib/python3.12/site-packages/airflow/example_dags/tutorial_taskflow_api.py
[2024-11-25T08:44:11.219+0000] {processor.py:914} INFO - Processing file /home/airflow/.local/lib/python3.12/site-packages/airflow/example_dags/tutorial_taskflow_api.py for tasks to queue
[2024-11-25T08:44:11.222+0000] {logging_mixin.py:190} INFO - [2024-11-25T08:44:11.222+0000] {dagbag.py:588} INFO - Filling up the DagBag from /home/airflow/.local/lib/python3.12/site-packages/airflow/example_dags/tutorial_taskflow_api.py
[2024-11-25T08:44:11.234+0000] {processor.py:925} INFO - DAG(s) 'tutorial_taskflow_api' retrieved from /home/airflow/.local/lib/python3.12/site-packages/airflow/example_dags/tutorial_taskflow_api.py
[2024-11-25T08:44:11.267+0000] {logging_mixin.py:190} INFO - [2024-11-25T08:44:11.267+0000] {dag.py:3239} INFO - Sync 1 DAGs
[2024-11-25T08:44:11.289+0000] {logging_mixin.py:190} INFO - [2024-11-25T08:44:11.289+0000] {dag.py:4180} INFO - Setting next_dagrun for tutorial_taskflow_api to None, run_after=None
[2024-11-25T08:44:11.323+0000] {processor.py:208} INFO - Processing /home/airflow/.local/lib/python3.12/site-packages/airflow/example_dags/tutorial_taskflow_api.py took 0.113 seconds
[2024-11-25T08:44:41.678+0000] {processor.py:186} INFO - Started process (PID=2162) to work on /home/airflow/.local/lib/python3.12/site-packages/airflow/example_dags/tutorial_taskflow_api.py
[2024-11-25T08:44:41.679+0000] {processor.py:914} INFO - Processing file /home/airflow/.local/lib/python3.12/site-packages/airflow/example_dags/tutorial_taskflow_api.py for tasks to queue
[2024-11-25T08:44:41.681+0000] {logging_mixin.py:190} INFO - [2024-11-25T08:44:41.681+0000] {dagbag.py:588} INFO - Filling up the DagBag from /home/airflow/.local/lib/python3.12/site-packages/airflow/example_dags/tutorial_taskflow_api.py
[2024-11-25T08:44:41.690+0000] {processor.py:925} INFO - DAG(s) 'tutorial_taskflow_api' retrieved from /home/airflow/.local/lib/python3.12/site-packages/airflow/example_dags/tutorial_taskflow_api.py
[2024-11-25T08:44:41.713+0000] {logging_mixin.py:190} INFO - [2024-11-25T08:44:41.713+0000] {dag.py:3239} INFO - Sync 1 DAGs
[2024-11-25T08:44:41.728+0000] {logging_mixin.py:190} INFO - [2024-11-25T08:44:41.727+0000] {dag.py:4180} INFO - Setting next_dagrun for tutorial_taskflow_api to None, run_after=None
[2024-11-25T08:44:41.752+0000] {processor.py:208} INFO - Processing /home/airflow/.local/lib/python3.12/site-packages/airflow/example_dags/tutorial_taskflow_api.py took 0.079 seconds
[2024-11-25T08:45:12.276+0000] {processor.py:186} INFO - Started process (PID=2465) to work on /home/airflow/.local/lib/python3.12/site-packages/airflow/example_dags/tutorial_taskflow_api.py
[2024-11-25T08:45:12.277+0000] {processor.py:914} INFO - Processing file /home/airflow/.local/lib/python3.12/site-packages/airflow/example_dags/tutorial_taskflow_api.py for tasks to queue
[2024-11-25T08:45:12.279+0000] {logging_mixin.py:190} INFO - [2024-11-25T08:45:12.279+0000] {dagbag.py:588} INFO - Filling up the DagBag from /home/airflow/.local/lib/python3.12/site-packages/airflow/example_dags/tutorial_taskflow_api.py
[2024-11-25T08:45:12.287+0000] {processor.py:925} INFO - DAG(s) 'tutorial_taskflow_api' retrieved from /home/airflow/.local/lib/python3.12/site-packages/airflow/example_dags/tutorial_taskflow_api.py
[2024-11-25T08:45:12.311+0000] {logging_mixin.py:190} INFO - [2024-11-25T08:45:12.311+0000] {dag.py:3239} INFO - Sync 1 DAGs
[2024-11-25T08:45:12.327+0000] {logging_mixin.py:190} INFO - [2024-11-25T08:45:12.327+0000] {dag.py:4180} INFO - Setting next_dagrun for tutorial_taskflow_api to None, run_after=None
[2024-11-25T08:45:12.354+0000] {processor.py:208} INFO - Processing /home/airflow/.local/lib/python3.12/site-packages/airflow/example_dags/tutorial_taskflow_api.py took 0.084 seconds
[2024-11-25T08:45:42.791+0000] {processor.py:186} INFO - Started process (PID=2766) to work on /home/airflow/.local/lib/python3.12/site-packages/airflow/example_dags/tutorial_taskflow_api.py
[2024-11-25T08:45:42.793+0000] {processor.py:914} INFO - Processing file /home/airflow/.local/lib/python3.12/site-packages/airflow/example_dags/tutorial_taskflow_api.py for tasks to queue
[2024-11-25T08:45:42.799+0000] {logging_mixin.py:190} INFO - [2024-11-25T08:45:42.798+0000] {dagbag.py:588} INFO - Filling up the DagBag from /home/airflow/.local/lib/python3.12/site-packages/airflow/example_dags/tutorial_taskflow_api.py
[2024-11-25T08:45:42.819+0000] {processor.py:925} INFO - DAG(s) 'tutorial_taskflow_api' retrieved from /home/airflow/.local/lib/python3.12/site-packages/airflow/example_dags/tutorial_taskflow_api.py
[2024-11-25T08:45:42.875+0000] {logging_mixin.py:190} INFO - [2024-11-25T08:45:42.874+0000] {dag.py:3239} INFO - Sync 1 DAGs
[2024-11-25T08:45:42.905+0000] {logging_mixin.py:190} INFO - [2024-11-25T08:45:42.905+0000] {dag.py:4180} INFO - Setting next_dagrun for tutorial_taskflow_api to None, run_after=None
[2024-11-25T08:45:42.945+0000] {processor.py:208} INFO - Processing /home/airflow/.local/lib/python3.12/site-packages/airflow/example_dags/tutorial_taskflow_api.py took 0.164 seconds
[2024-11-25T08:46:13.330+0000] {processor.py:186} INFO - Started process (PID=3065) to work on /home/airflow/.local/lib/python3.12/site-packages/airflow/example_dags/tutorial_taskflow_api.py
[2024-11-25T08:46:13.332+0000] {processor.py:914} INFO - Processing file /home/airflow/.local/lib/python3.12/site-packages/airflow/example_dags/tutorial_taskflow_api.py for tasks to queue
[2024-11-25T08:46:13.336+0000] {logging_mixin.py:190} INFO - [2024-11-25T08:46:13.335+0000] {dagbag.py:588} INFO - Filling up the DagBag from /home/airflow/.local/lib/python3.12/site-packages/airflow/example_dags/tutorial_taskflow_api.py
[2024-11-25T08:46:13.350+0000] {processor.py:925} INFO - DAG(s) 'tutorial_taskflow_api' retrieved from /home/airflow/.local/lib/python3.12/site-packages/airflow/example_dags/tutorial_taskflow_api.py
[2024-11-25T08:46:13.378+0000] {logging_mixin.py:190} INFO - [2024-11-25T08:46:13.377+0000] {dag.py:3239} INFO - Sync 1 DAGs
[2024-11-25T08:46:13.398+0000] {logging_mixin.py:190} INFO - [2024-11-25T08:46:13.398+0000] {dag.py:4180} INFO - Setting next_dagrun for tutorial_taskflow_api to None, run_after=None
[2024-11-25T08:46:13.423+0000] {processor.py:208} INFO - Processing /home/airflow/.local/lib/python3.12/site-packages/airflow/example_dags/tutorial_taskflow_api.py took 0.102 seconds
[2024-11-25T08:46:49.348+0000] {processor.py:186} INFO - Started process (PID=3378) to work on /home/airflow/.local/lib/python3.12/site-packages/airflow/example_dags/tutorial_taskflow_api.py
[2024-11-25T08:46:49.351+0000] {processor.py:914} INFO - Processing file /home/airflow/.local/lib/python3.12/site-packages/airflow/example_dags/tutorial_taskflow_api.py for tasks to queue
[2024-11-25T08:46:49.356+0000] {logging_mixin.py:190} INFO - [2024-11-25T08:46:49.356+0000] {dagbag.py:588} INFO - Filling up the DagBag from /home/airflow/.local/lib/python3.12/site-packages/airflow/example_dags/tutorial_taskflow_api.py
[2024-11-25T08:46:49.369+0000] {processor.py:925} INFO - DAG(s) 'tutorial_taskflow_api' retrieved from /home/airflow/.local/lib/python3.12/site-packages/airflow/example_dags/tutorial_taskflow_api.py
[2024-11-25T08:46:49.403+0000] {logging_mixin.py:190} INFO - [2024-11-25T08:46:49.402+0000] {dag.py:3239} INFO - Sync 1 DAGs
[2024-11-25T08:46:49.436+0000] {logging_mixin.py:190} INFO - [2024-11-25T08:46:49.435+0000] {dag.py:4180} INFO - Setting next_dagrun for tutorial_taskflow_api to None, run_after=None
[2024-11-25T08:46:49.525+0000] {processor.py:208} INFO - Processing /home/airflow/.local/lib/python3.12/site-packages/airflow/example_dags/tutorial_taskflow_api.py took 0.192 seconds
[2024-11-25T08:47:20.228+0000] {processor.py:186} INFO - Started process (PID=3674) to work on /home/airflow/.local/lib/python3.12/site-packages/airflow/example_dags/tutorial_taskflow_api.py
[2024-11-25T08:47:20.230+0000] {processor.py:914} INFO - Processing file /home/airflow/.local/lib/python3.12/site-packages/airflow/example_dags/tutorial_taskflow_api.py for tasks to queue
[2024-11-25T08:47:20.233+0000] {logging_mixin.py:190} INFO - [2024-11-25T08:47:20.232+0000] {dagbag.py:588} INFO - Filling up the DagBag from /home/airflow/.local/lib/python3.12/site-packages/airflow/example_dags/tutorial_taskflow_api.py
[2024-11-25T08:47:20.241+0000] {processor.py:925} INFO - DAG(s) 'tutorial_taskflow_api' retrieved from /home/airflow/.local/lib/python3.12/site-packages/airflow/example_dags/tutorial_taskflow_api.py
[2024-11-25T08:47:20.264+0000] {logging_mixin.py:190} INFO - [2024-11-25T08:47:20.264+0000] {dag.py:3239} INFO - Sync 1 DAGs
[2024-11-25T08:47:20.281+0000] {logging_mixin.py:190} INFO - [2024-11-25T08:47:20.281+0000] {dag.py:4180} INFO - Setting next_dagrun for tutorial_taskflow_api to None, run_after=None
[2024-11-25T08:47:20.311+0000] {processor.py:208} INFO - Processing /home/airflow/.local/lib/python3.12/site-packages/airflow/example_dags/tutorial_taskflow_api.py took 0.089 seconds
[2024-11-25T08:47:51.017+0000] {processor.py:186} INFO - Started process (PID=3975) to work on /home/airflow/.local/lib/python3.12/site-packages/airflow/example_dags/tutorial_taskflow_api.py
[2024-11-25T08:47:51.018+0000] {processor.py:914} INFO - Processing file /home/airflow/.local/lib/python3.12/site-packages/airflow/example_dags/tutorial_taskflow_api.py for tasks to queue
[2024-11-25T08:47:51.022+0000] {logging_mixin.py:190} INFO - [2024-11-25T08:47:51.021+0000] {dagbag.py:588} INFO - Filling up the DagBag from /home/airflow/.local/lib/python3.12/site-packages/airflow/example_dags/tutorial_taskflow_api.py
[2024-11-25T08:47:51.031+0000] {processor.py:925} INFO - DAG(s) 'tutorial_taskflow_api' retrieved from /home/airflow/.local/lib/python3.12/site-packages/airflow/example_dags/tutorial_taskflow_api.py
[2024-11-25T08:47:51.056+0000] {logging_mixin.py:190} INFO - [2024-11-25T08:47:51.056+0000] {dag.py:3239} INFO - Sync 1 DAGs
[2024-11-25T08:47:51.071+0000] {logging_mixin.py:190} INFO - [2024-11-25T08:47:51.071+0000] {dag.py:4180} INFO - Setting next_dagrun for tutorial_taskflow_api to None, run_after=None
[2024-11-25T08:47:51.093+0000] {processor.py:208} INFO - Processing /home/airflow/.local/lib/python3.12/site-packages/airflow/example_dags/tutorial_taskflow_api.py took 0.083 seconds
[2024-11-25T08:48:22.423+0000] {processor.py:186} INFO - Started process (PID=4276) to work on /home/airflow/.local/lib/python3.12/site-packages/airflow/example_dags/tutorial_taskflow_api.py
[2024-11-25T08:48:22.425+0000] {processor.py:914} INFO - Processing file /home/airflow/.local/lib/python3.12/site-packages/airflow/example_dags/tutorial_taskflow_api.py for tasks to queue
[2024-11-25T08:48:22.428+0000] {logging_mixin.py:190} INFO - [2024-11-25T08:48:22.427+0000] {dagbag.py:588} INFO - Filling up the DagBag from /home/airflow/.local/lib/python3.12/site-packages/airflow/example_dags/tutorial_taskflow_api.py
[2024-11-25T08:48:22.440+0000] {processor.py:925} INFO - DAG(s) 'tutorial_taskflow_api' retrieved from /home/airflow/.local/lib/python3.12/site-packages/airflow/example_dags/tutorial_taskflow_api.py
[2024-11-25T08:48:22.471+0000] {logging_mixin.py:190} INFO - [2024-11-25T08:48:22.470+0000] {dag.py:3239} INFO - Sync 1 DAGs
[2024-11-25T08:48:22.492+0000] {logging_mixin.py:190} INFO - [2024-11-25T08:48:22.492+0000] {dag.py:4180} INFO - Setting next_dagrun for tutorial_taskflow_api to None, run_after=None
[2024-11-25T08:48:22.521+0000] {processor.py:208} INFO - Processing /home/airflow/.local/lib/python3.12/site-packages/airflow/example_dags/tutorial_taskflow_api.py took 0.106 seconds
[2024-11-25T08:48:53.366+0000] {processor.py:186} INFO - Started process (PID=4572) to work on /home/airflow/.local/lib/python3.12/site-packages/airflow/example_dags/tutorial_taskflow_api.py
[2024-11-25T08:48:53.369+0000] {processor.py:914} INFO - Processing file /home/airflow/.local/lib/python3.12/site-packages/airflow/example_dags/tutorial_taskflow_api.py for tasks to queue
[2024-11-25T08:48:53.375+0000] {logging_mixin.py:190} INFO - [2024-11-25T08:48:53.375+0000] {dagbag.py:588} INFO - Filling up the DagBag from /home/airflow/.local/lib/python3.12/site-packages/airflow/example_dags/tutorial_taskflow_api.py
[2024-11-25T08:48:53.393+0000] {processor.py:925} INFO - DAG(s) 'tutorial_taskflow_api' retrieved from /home/airflow/.local/lib/python3.12/site-packages/airflow/example_dags/tutorial_taskflow_api.py
[2024-11-25T08:48:53.475+0000] {logging_mixin.py:190} INFO - [2024-11-25T08:48:53.474+0000] {dag.py:3239} INFO - Sync 1 DAGs
[2024-11-25T08:48:53.559+0000] {logging_mixin.py:190} INFO - [2024-11-25T08:48:53.559+0000] {dag.py:4180} INFO - Setting next_dagrun for tutorial_taskflow_api to None, run_after=None
[2024-11-25T08:48:53.640+0000] {processor.py:208} INFO - Processing /home/airflow/.local/lib/python3.12/site-packages/airflow/example_dags/tutorial_taskflow_api.py took 0.287 seconds
[2024-11-25T08:49:24.379+0000] {processor.py:186} INFO - Started process (PID=4873) to work on /home/airflow/.local/lib/python3.12/site-packages/airflow/example_dags/tutorial_taskflow_api.py
[2024-11-25T08:49:24.380+0000] {processor.py:914} INFO - Processing file /home/airflow/.local/lib/python3.12/site-packages/airflow/example_dags/tutorial_taskflow_api.py for tasks to queue
[2024-11-25T08:49:24.384+0000] {logging_mixin.py:190} INFO - [2024-11-25T08:49:24.383+0000] {dagbag.py:588} INFO - Filling up the DagBag from /home/airflow/.local/lib/python3.12/site-packages/airflow/example_dags/tutorial_taskflow_api.py
[2024-11-25T08:49:24.395+0000] {processor.py:925} INFO - DAG(s) 'tutorial_taskflow_api' retrieved from /home/airflow/.local/lib/python3.12/site-packages/airflow/example_dags/tutorial_taskflow_api.py
[2024-11-25T08:49:24.431+0000] {logging_mixin.py:190} INFO - [2024-11-25T08:49:24.431+0000] {dag.py:3239} INFO - Sync 1 DAGs
[2024-11-25T08:49:24.454+0000] {logging_mixin.py:190} INFO - [2024-11-25T08:49:24.453+0000] {dag.py:4180} INFO - Setting next_dagrun for tutorial_taskflow_api to None, run_after=None
[2024-11-25T08:49:24.485+0000] {processor.py:208} INFO - Processing /home/airflow/.local/lib/python3.12/site-packages/airflow/example_dags/tutorial_taskflow_api.py took 0.114 seconds
[2024-11-25T08:49:54.808+0000] {processor.py:186} INFO - Started process (PID=5169) to work on /home/airflow/.local/lib/python3.12/site-packages/airflow/example_dags/tutorial_taskflow_api.py
[2024-11-25T08:49:54.812+0000] {processor.py:914} INFO - Processing file /home/airflow/.local/lib/python3.12/site-packages/airflow/example_dags/tutorial_taskflow_api.py for tasks to queue
[2024-11-25T08:49:54.820+0000] {logging_mixin.py:190} INFO - [2024-11-25T08:49:54.820+0000] {dagbag.py:588} INFO - Filling up the DagBag from /home/airflow/.local/lib/python3.12/site-packages/airflow/example_dags/tutorial_taskflow_api.py
[2024-11-25T08:49:54.853+0000] {processor.py:925} INFO - DAG(s) 'tutorial_taskflow_api' retrieved from /home/airflow/.local/lib/python3.12/site-packages/airflow/example_dags/tutorial_taskflow_api.py
[2024-11-25T08:49:54.914+0000] {logging_mixin.py:190} INFO - [2024-11-25T08:49:54.913+0000] {dag.py:3239} INFO - Sync 1 DAGs
[2024-11-25T08:49:54.961+0000] {logging_mixin.py:190} INFO - [2024-11-25T08:49:54.961+0000] {dag.py:4180} INFO - Setting next_dagrun for tutorial_taskflow_api to None, run_after=None
[2024-11-25T08:49:55.027+0000] {processor.py:208} INFO - Processing /home/airflow/.local/lib/python3.12/site-packages/airflow/example_dags/tutorial_taskflow_api.py took 0.233 seconds
[2024-11-25T08:50:26.448+0000] {processor.py:186} INFO - Started process (PID=5472) to work on /home/airflow/.local/lib/python3.12/site-packages/airflow/example_dags/tutorial_taskflow_api.py
[2024-11-25T08:50:26.451+0000] {processor.py:914} INFO - Processing file /home/airflow/.local/lib/python3.12/site-packages/airflow/example_dags/tutorial_taskflow_api.py for tasks to queue
[2024-11-25T08:50:26.456+0000] {logging_mixin.py:190} INFO - [2024-11-25T08:50:26.456+0000] {dagbag.py:588} INFO - Filling up the DagBag from /home/airflow/.local/lib/python3.12/site-packages/airflow/example_dags/tutorial_taskflow_api.py
[2024-11-25T08:50:26.469+0000] {processor.py:925} INFO - DAG(s) 'tutorial_taskflow_api' retrieved from /home/airflow/.local/lib/python3.12/site-packages/airflow/example_dags/tutorial_taskflow_api.py
[2024-11-25T08:50:26.516+0000] {logging_mixin.py:190} INFO - [2024-11-25T08:50:26.516+0000] {dag.py:3239} INFO - Sync 1 DAGs
[2024-11-25T08:50:26.576+0000] {logging_mixin.py:190} INFO - [2024-11-25T08:50:26.575+0000] {dag.py:4180} INFO - Setting next_dagrun for tutorial_taskflow_api to None, run_after=None
[2024-11-25T08:50:26.661+0000] {processor.py:208} INFO - Processing /home/airflow/.local/lib/python3.12/site-packages/airflow/example_dags/tutorial_taskflow_api.py took 0.225 seconds
[2024-11-25T08:50:57.054+0000] {processor.py:186} INFO - Started process (PID=5776) to work on /home/airflow/.local/lib/python3.12/site-packages/airflow/example_dags/tutorial_taskflow_api.py
[2024-11-25T08:50:57.055+0000] {processor.py:914} INFO - Processing file /home/airflow/.local/lib/python3.12/site-packages/airflow/example_dags/tutorial_taskflow_api.py for tasks to queue
[2024-11-25T08:50:57.058+0000] {logging_mixin.py:190} INFO - [2024-11-25T08:50:57.057+0000] {dagbag.py:588} INFO - Filling up the DagBag from /home/airflow/.local/lib/python3.12/site-packages/airflow/example_dags/tutorial_taskflow_api.py
[2024-11-25T08:50:57.065+0000] {processor.py:925} INFO - DAG(s) 'tutorial_taskflow_api' retrieved from /home/airflow/.local/lib/python3.12/site-packages/airflow/example_dags/tutorial_taskflow_api.py
[2024-11-25T08:50:57.092+0000] {logging_mixin.py:190} INFO - [2024-11-25T08:50:57.092+0000] {dag.py:3239} INFO - Sync 1 DAGs
[2024-11-25T08:50:57.111+0000] {logging_mixin.py:190} INFO - [2024-11-25T08:50:57.110+0000] {dag.py:4180} INFO - Setting next_dagrun for tutorial_taskflow_api to None, run_after=None
[2024-11-25T08:50:57.145+0000] {processor.py:208} INFO - Processing /home/airflow/.local/lib/python3.12/site-packages/airflow/example_dags/tutorial_taskflow_api.py took 0.097 seconds
[2024-11-25T08:51:28.174+0000] {processor.py:186} INFO - Started process (PID=6083) to work on /home/airflow/.local/lib/python3.12/site-packages/airflow/example_dags/tutorial_taskflow_api.py
[2024-11-25T08:51:28.178+0000] {processor.py:914} INFO - Processing file /home/airflow/.local/lib/python3.12/site-packages/airflow/example_dags/tutorial_taskflow_api.py for tasks to queue
[2024-11-25T08:51:28.190+0000] {logging_mixin.py:190} INFO - [2024-11-25T08:51:28.189+0000] {dagbag.py:588} INFO - Filling up the DagBag from /home/airflow/.local/lib/python3.12/site-packages/airflow/example_dags/tutorial_taskflow_api.py
[2024-11-25T08:51:28.210+0000] {processor.py:925} INFO - DAG(s) 'tutorial_taskflow_api' retrieved from /home/airflow/.local/lib/python3.12/site-packages/airflow/example_dags/tutorial_taskflow_api.py
[2024-11-25T08:51:28.238+0000] {logging_mixin.py:190} INFO - [2024-11-25T08:51:28.238+0000] {dag.py:3239} INFO - Sync 1 DAGs
[2024-11-25T08:51:28.266+0000] {logging_mixin.py:190} INFO - [2024-11-25T08:51:28.265+0000] {dag.py:4180} INFO - Setting next_dagrun for tutorial_taskflow_api to None, run_after=None
[2024-11-25T08:51:28.299+0000] {processor.py:208} INFO - Processing /home/airflow/.local/lib/python3.12/site-packages/airflow/example_dags/tutorial_taskflow_api.py took 0.139 seconds
[2024-11-25T08:51:58.906+0000] {processor.py:186} INFO - Started process (PID=6384) to work on /home/airflow/.local/lib/python3.12/site-packages/airflow/example_dags/tutorial_taskflow_api.py
[2024-11-25T08:51:58.908+0000] {processor.py:914} INFO - Processing file /home/airflow/.local/lib/python3.12/site-packages/airflow/example_dags/tutorial_taskflow_api.py for tasks to queue
[2024-11-25T08:51:58.911+0000] {logging_mixin.py:190} INFO - [2024-11-25T08:51:58.911+0000] {dagbag.py:588} INFO - Filling up the DagBag from /home/airflow/.local/lib/python3.12/site-packages/airflow/example_dags/tutorial_taskflow_api.py
[2024-11-25T08:51:58.926+0000] {processor.py:925} INFO - DAG(s) 'tutorial_taskflow_api' retrieved from /home/airflow/.local/lib/python3.12/site-packages/airflow/example_dags/tutorial_taskflow_api.py
[2024-11-25T08:51:58.955+0000] {logging_mixin.py:190} INFO - [2024-11-25T08:51:58.955+0000] {dag.py:3239} INFO - Sync 1 DAGs
[2024-11-25T08:51:58.971+0000] {logging_mixin.py:190} INFO - [2024-11-25T08:51:58.971+0000] {dag.py:4180} INFO - Setting next_dagrun for tutorial_taskflow_api to None, run_after=None
[2024-11-25T08:51:58.999+0000] {processor.py:208} INFO - Processing /home/airflow/.local/lib/python3.12/site-packages/airflow/example_dags/tutorial_taskflow_api.py took 0.098 seconds
[2024-11-25T08:52:29.578+0000] {processor.py:186} INFO - Started process (PID=6685) to work on /home/airflow/.local/lib/python3.12/site-packages/airflow/example_dags/tutorial_taskflow_api.py
[2024-11-25T08:52:29.579+0000] {processor.py:914} INFO - Processing file /home/airflow/.local/lib/python3.12/site-packages/airflow/example_dags/tutorial_taskflow_api.py for tasks to queue
[2024-11-25T08:52:29.585+0000] {logging_mixin.py:190} INFO - [2024-11-25T08:52:29.584+0000] {dagbag.py:588} INFO - Filling up the DagBag from /home/airflow/.local/lib/python3.12/site-packages/airflow/example_dags/tutorial_taskflow_api.py
[2024-11-25T08:52:29.597+0000] {processor.py:925} INFO - DAG(s) 'tutorial_taskflow_api' retrieved from /home/airflow/.local/lib/python3.12/site-packages/airflow/example_dags/tutorial_taskflow_api.py
[2024-11-25T08:52:29.623+0000] {logging_mixin.py:190} INFO - [2024-11-25T08:52:29.623+0000] {dag.py:3239} INFO - Sync 1 DAGs
[2024-11-25T08:52:29.639+0000] {logging_mixin.py:190} INFO - [2024-11-25T08:52:29.639+0000] {dag.py:4180} INFO - Setting next_dagrun for tutorial_taskflow_api to None, run_after=None
[2024-11-25T08:52:29.659+0000] {processor.py:208} INFO - Processing /home/airflow/.local/lib/python3.12/site-packages/airflow/example_dags/tutorial_taskflow_api.py took 0.090 seconds
[2024-11-25T08:53:00.135+0000] {processor.py:186} INFO - Started process (PID=6986) to work on /home/airflow/.local/lib/python3.12/site-packages/airflow/example_dags/tutorial_taskflow_api.py
[2024-11-25T08:53:00.136+0000] {processor.py:914} INFO - Processing file /home/airflow/.local/lib/python3.12/site-packages/airflow/example_dags/tutorial_taskflow_api.py for tasks to queue
[2024-11-25T08:53:00.138+0000] {logging_mixin.py:190} INFO - [2024-11-25T08:53:00.138+0000] {dagbag.py:588} INFO - Filling up the DagBag from /home/airflow/.local/lib/python3.12/site-packages/airflow/example_dags/tutorial_taskflow_api.py
[2024-11-25T08:53:00.146+0000] {processor.py:925} INFO - DAG(s) 'tutorial_taskflow_api' retrieved from /home/airflow/.local/lib/python3.12/site-packages/airflow/example_dags/tutorial_taskflow_api.py
[2024-11-25T08:53:00.171+0000] {logging_mixin.py:190} INFO - [2024-11-25T08:53:00.171+0000] {dag.py:3239} INFO - Sync 1 DAGs
[2024-11-25T08:53:00.187+0000] {logging_mixin.py:190} INFO - [2024-11-25T08:53:00.187+0000] {dag.py:4180} INFO - Setting next_dagrun for tutorial_taskflow_api to None, run_after=None
[2024-11-25T08:53:00.211+0000] {processor.py:208} INFO - Processing /home/airflow/.local/lib/python3.12/site-packages/airflow/example_dags/tutorial_taskflow_api.py took 0.081 seconds
[2024-11-25T08:53:30.630+0000] {processor.py:186} INFO - Started process (PID=7287) to work on /home/airflow/.local/lib/python3.12/site-packages/airflow/example_dags/tutorial_taskflow_api.py
[2024-11-25T08:53:30.631+0000] {processor.py:914} INFO - Processing file /home/airflow/.local/lib/python3.12/site-packages/airflow/example_dags/tutorial_taskflow_api.py for tasks to queue
[2024-11-25T08:53:30.633+0000] {logging_mixin.py:190} INFO - [2024-11-25T08:53:30.633+0000] {dagbag.py:588} INFO - Filling up the DagBag from /home/airflow/.local/lib/python3.12/site-packages/airflow/example_dags/tutorial_taskflow_api.py
[2024-11-25T08:53:30.642+0000] {processor.py:925} INFO - DAG(s) 'tutorial_taskflow_api' retrieved from /home/airflow/.local/lib/python3.12/site-packages/airflow/example_dags/tutorial_taskflow_api.py
[2024-11-25T08:53:30.667+0000] {logging_mixin.py:190} INFO - [2024-11-25T08:53:30.666+0000] {dag.py:3239} INFO - Sync 1 DAGs
[2024-11-25T08:53:30.681+0000] {logging_mixin.py:190} INFO - [2024-11-25T08:53:30.681+0000] {dag.py:4180} INFO - Setting next_dagrun for tutorial_taskflow_api to None, run_after=None
[2024-11-25T08:53:30.701+0000] {processor.py:208} INFO - Processing /home/airflow/.local/lib/python3.12/site-packages/airflow/example_dags/tutorial_taskflow_api.py took 0.076 seconds
[2024-11-25T08:54:01.648+0000] {processor.py:186} INFO - Started process (PID=7588) to work on /home/airflow/.local/lib/python3.12/site-packages/airflow/example_dags/tutorial_taskflow_api.py
[2024-11-25T08:54:01.649+0000] {processor.py:914} INFO - Processing file /home/airflow/.local/lib/python3.12/site-packages/airflow/example_dags/tutorial_taskflow_api.py for tasks to queue
[2024-11-25T08:54:01.657+0000] {logging_mixin.py:190} INFO - [2024-11-25T08:54:01.656+0000] {dagbag.py:588} INFO - Filling up the DagBag from /home/airflow/.local/lib/python3.12/site-packages/airflow/example_dags/tutorial_taskflow_api.py
[2024-11-25T08:54:01.677+0000] {processor.py:925} INFO - DAG(s) 'tutorial_taskflow_api' retrieved from /home/airflow/.local/lib/python3.12/site-packages/airflow/example_dags/tutorial_taskflow_api.py
[2024-11-25T08:54:01.720+0000] {logging_mixin.py:190} INFO - [2024-11-25T08:54:01.719+0000] {dag.py:3239} INFO - Sync 1 DAGs
[2024-11-25T08:54:01.757+0000] {logging_mixin.py:190} INFO - [2024-11-25T08:54:01.757+0000] {dag.py:4180} INFO - Setting next_dagrun for tutorial_taskflow_api to None, run_after=None
[2024-11-25T08:54:01.810+0000] {processor.py:208} INFO - Processing /home/airflow/.local/lib/python3.12/site-packages/airflow/example_dags/tutorial_taskflow_api.py took 0.172 seconds
[2024-11-25T08:54:32.670+0000] {processor.py:186} INFO - Started process (PID=7889) to work on /home/airflow/.local/lib/python3.12/site-packages/airflow/example_dags/tutorial_taskflow_api.py
[2024-11-25T08:54:32.671+0000] {processor.py:914} INFO - Processing file /home/airflow/.local/lib/python3.12/site-packages/airflow/example_dags/tutorial_taskflow_api.py for tasks to queue
[2024-11-25T08:54:32.674+0000] {logging_mixin.py:190} INFO - [2024-11-25T08:54:32.674+0000] {dagbag.py:588} INFO - Filling up the DagBag from /home/airflow/.local/lib/python3.12/site-packages/airflow/example_dags/tutorial_taskflow_api.py
[2024-11-25T08:54:32.684+0000] {processor.py:925} INFO - DAG(s) 'tutorial_taskflow_api' retrieved from /home/airflow/.local/lib/python3.12/site-packages/airflow/example_dags/tutorial_taskflow_api.py
[2024-11-25T08:54:32.713+0000] {logging_mixin.py:190} INFO - [2024-11-25T08:54:32.713+0000] {dag.py:3239} INFO - Sync 1 DAGs
[2024-11-25T08:54:32.733+0000] {logging_mixin.py:190} INFO - [2024-11-25T08:54:32.733+0000] {dag.py:4180} INFO - Setting next_dagrun for tutorial_taskflow_api to None, run_after=None
[2024-11-25T08:54:32.758+0000] {processor.py:208} INFO - Processing /home/airflow/.local/lib/python3.12/site-packages/airflow/example_dags/tutorial_taskflow_api.py took 0.095 seconds
[2024-11-25T08:55:03.380+0000] {processor.py:186} INFO - Started process (PID=8190) to work on /home/airflow/.local/lib/python3.12/site-packages/airflow/example_dags/tutorial_taskflow_api.py
[2024-11-25T08:55:03.381+0000] {processor.py:914} INFO - Processing file /home/airflow/.local/lib/python3.12/site-packages/airflow/example_dags/tutorial_taskflow_api.py for tasks to queue
[2024-11-25T08:55:03.384+0000] {logging_mixin.py:190} INFO - [2024-11-25T08:55:03.383+0000] {dagbag.py:588} INFO - Filling up the DagBag from /home/airflow/.local/lib/python3.12/site-packages/airflow/example_dags/tutorial_taskflow_api.py
[2024-11-25T08:55:03.395+0000] {processor.py:925} INFO - DAG(s) 'tutorial_taskflow_api' retrieved from /home/airflow/.local/lib/python3.12/site-packages/airflow/example_dags/tutorial_taskflow_api.py
[2024-11-25T08:55:03.425+0000] {logging_mixin.py:190} INFO - [2024-11-25T08:55:03.425+0000] {dag.py:3239} INFO - Sync 1 DAGs
[2024-11-25T08:55:03.454+0000] {logging_mixin.py:190} INFO - [2024-11-25T08:55:03.454+0000] {dag.py:4180} INFO - Setting next_dagrun for tutorial_taskflow_api to None, run_after=None
[2024-11-25T08:55:03.493+0000] {processor.py:208} INFO - Processing /home/airflow/.local/lib/python3.12/site-packages/airflow/example_dags/tutorial_taskflow_api.py took 0.119 seconds
[2024-11-25T08:55:33.594+0000] {processor.py:186} INFO - Started process (PID=8490) to work on /home/airflow/.local/lib/python3.12/site-packages/airflow/example_dags/tutorial_taskflow_api.py
[2024-11-25T08:55:33.595+0000] {processor.py:914} INFO - Processing file /home/airflow/.local/lib/python3.12/site-packages/airflow/example_dags/tutorial_taskflow_api.py for tasks to queue
[2024-11-25T08:55:33.598+0000] {logging_mixin.py:190} INFO - [2024-11-25T08:55:33.597+0000] {dagbag.py:588} INFO - Filling up the DagBag from /home/airflow/.local/lib/python3.12/site-packages/airflow/example_dags/tutorial_taskflow_api.py
[2024-11-25T08:55:33.608+0000] {processor.py:925} INFO - DAG(s) 'tutorial_taskflow_api' retrieved from /home/airflow/.local/lib/python3.12/site-packages/airflow/example_dags/tutorial_taskflow_api.py
[2024-11-25T08:55:33.641+0000] {logging_mixin.py:190} INFO - [2024-11-25T08:55:33.641+0000] {dag.py:3239} INFO - Sync 1 DAGs
[2024-11-25T08:55:33.664+0000] {logging_mixin.py:190} INFO - [2024-11-25T08:55:33.663+0000] {dag.py:4180} INFO - Setting next_dagrun for tutorial_taskflow_api to None, run_after=None
[2024-11-25T08:55:33.698+0000] {processor.py:208} INFO - Processing /home/airflow/.local/lib/python3.12/site-packages/airflow/example_dags/tutorial_taskflow_api.py took 0.111 seconds
[2024-11-25T08:56:04.387+0000] {processor.py:186} INFO - Started process (PID=8792) to work on /home/airflow/.local/lib/python3.12/site-packages/airflow/example_dags/tutorial_taskflow_api.py
[2024-11-25T08:56:04.388+0000] {processor.py:914} INFO - Processing file /home/airflow/.local/lib/python3.12/site-packages/airflow/example_dags/tutorial_taskflow_api.py for tasks to queue
[2024-11-25T08:56:04.390+0000] {logging_mixin.py:190} INFO - [2024-11-25T08:56:04.390+0000] {dagbag.py:588} INFO - Filling up the DagBag from /home/airflow/.local/lib/python3.12/site-packages/airflow/example_dags/tutorial_taskflow_api.py
[2024-11-25T08:56:04.399+0000] {processor.py:925} INFO - DAG(s) 'tutorial_taskflow_api' retrieved from /home/airflow/.local/lib/python3.12/site-packages/airflow/example_dags/tutorial_taskflow_api.py
[2024-11-25T08:56:04.429+0000] {logging_mixin.py:190} INFO - [2024-11-25T08:56:04.429+0000] {dag.py:3239} INFO - Sync 1 DAGs
[2024-11-25T08:56:04.449+0000] {logging_mixin.py:190} INFO - [2024-11-25T08:56:04.449+0000] {dag.py:4180} INFO - Setting next_dagrun for tutorial_taskflow_api to None, run_after=None
[2024-11-25T08:56:04.469+0000] {processor.py:208} INFO - Processing /home/airflow/.local/lib/python3.12/site-packages/airflow/example_dags/tutorial_taskflow_api.py took 0.089 seconds
[2024-11-25T08:56:34.679+0000] {processor.py:186} INFO - Started process (PID=9093) to work on /home/airflow/.local/lib/python3.12/site-packages/airflow/example_dags/tutorial_taskflow_api.py
[2024-11-25T08:56:34.680+0000] {processor.py:914} INFO - Processing file /home/airflow/.local/lib/python3.12/site-packages/airflow/example_dags/tutorial_taskflow_api.py for tasks to queue
[2024-11-25T08:56:34.682+0000] {logging_mixin.py:190} INFO - [2024-11-25T08:56:34.682+0000] {dagbag.py:588} INFO - Filling up the DagBag from /home/airflow/.local/lib/python3.12/site-packages/airflow/example_dags/tutorial_taskflow_api.py
[2024-11-25T08:56:34.691+0000] {processor.py:925} INFO - DAG(s) 'tutorial_taskflow_api' retrieved from /home/airflow/.local/lib/python3.12/site-packages/airflow/example_dags/tutorial_taskflow_api.py
[2024-11-25T08:56:34.714+0000] {logging_mixin.py:190} INFO - [2024-11-25T08:56:34.713+0000] {dag.py:3239} INFO - Sync 1 DAGs
[2024-11-25T08:56:34.731+0000] {logging_mixin.py:190} INFO - [2024-11-25T08:56:34.730+0000] {dag.py:4180} INFO - Setting next_dagrun for tutorial_taskflow_api to None, run_after=None
[2024-11-25T08:56:34.753+0000] {processor.py:208} INFO - Processing /home/airflow/.local/lib/python3.12/site-packages/airflow/example_dags/tutorial_taskflow_api.py took 0.080 seconds
[2024-11-25T08:57:04.905+0000] {processor.py:186} INFO - Started process (PID=9394) to work on /home/airflow/.local/lib/python3.12/site-packages/airflow/example_dags/tutorial_taskflow_api.py
[2024-11-25T08:57:04.935+0000] {processor.py:914} INFO - Processing file /home/airflow/.local/lib/python3.12/site-packages/airflow/example_dags/tutorial_taskflow_api.py for tasks to queue
[2024-11-25T08:57:04.942+0000] {logging_mixin.py:190} INFO - [2024-11-25T08:57:04.941+0000] {dagbag.py:588} INFO - Filling up the DagBag from /home/airflow/.local/lib/python3.12/site-packages/airflow/example_dags/tutorial_taskflow_api.py
[2024-11-25T08:57:04.965+0000] {processor.py:925} INFO - DAG(s) 'tutorial_taskflow_api' retrieved from /home/airflow/.local/lib/python3.12/site-packages/airflow/example_dags/tutorial_taskflow_api.py
[2024-11-25T08:57:05.011+0000] {logging_mixin.py:190} INFO - [2024-11-25T08:57:05.011+0000] {dag.py:3239} INFO - Sync 1 DAGs
[2024-11-25T08:57:05.035+0000] {logging_mixin.py:190} INFO - [2024-11-25T08:57:05.035+0000] {dag.py:4180} INFO - Setting next_dagrun for tutorial_taskflow_api to None, run_after=None
[2024-11-25T08:57:05.065+0000] {processor.py:208} INFO - Processing /home/airflow/.local/lib/python3.12/site-packages/airflow/example_dags/tutorial_taskflow_api.py took 0.179 seconds
[2024-11-25T08:57:35.836+0000] {processor.py:186} INFO - Started process (PID=9695) to work on /home/airflow/.local/lib/python3.12/site-packages/airflow/example_dags/tutorial_taskflow_api.py
[2024-11-25T08:57:35.837+0000] {processor.py:914} INFO - Processing file /home/airflow/.local/lib/python3.12/site-packages/airflow/example_dags/tutorial_taskflow_api.py for tasks to queue
[2024-11-25T08:57:35.840+0000] {logging_mixin.py:190} INFO - [2024-11-25T08:57:35.839+0000] {dagbag.py:588} INFO - Filling up the DagBag from /home/airflow/.local/lib/python3.12/site-packages/airflow/example_dags/tutorial_taskflow_api.py
[2024-11-25T08:57:35.851+0000] {processor.py:925} INFO - DAG(s) 'tutorial_taskflow_api' retrieved from /home/airflow/.local/lib/python3.12/site-packages/airflow/example_dags/tutorial_taskflow_api.py
[2024-11-25T08:57:35.876+0000] {logging_mixin.py:190} INFO - [2024-11-25T08:57:35.875+0000] {dag.py:3239} INFO - Sync 1 DAGs
[2024-11-25T08:57:35.895+0000] {logging_mixin.py:190} INFO - [2024-11-25T08:57:35.894+0000] {dag.py:4180} INFO - Setting next_dagrun for tutorial_taskflow_api to None, run_after=None
[2024-11-25T08:57:35.917+0000] {processor.py:208} INFO - Processing /home/airflow/.local/lib/python3.12/site-packages/airflow/example_dags/tutorial_taskflow_api.py took 0.087 seconds
[2024-11-25T08:58:06.391+0000] {processor.py:186} INFO - Started process (PID=9996) to work on /home/airflow/.local/lib/python3.12/site-packages/airflow/example_dags/tutorial_taskflow_api.py
[2024-11-25T08:58:06.393+0000] {processor.py:914} INFO - Processing file /home/airflow/.local/lib/python3.12/site-packages/airflow/example_dags/tutorial_taskflow_api.py for tasks to queue
[2024-11-25T08:58:06.396+0000] {logging_mixin.py:190} INFO - [2024-11-25T08:58:06.395+0000] {dagbag.py:588} INFO - Filling up the DagBag from /home/airflow/.local/lib/python3.12/site-packages/airflow/example_dags/tutorial_taskflow_api.py
[2024-11-25T08:58:06.405+0000] {processor.py:925} INFO - DAG(s) 'tutorial_taskflow_api' retrieved from /home/airflow/.local/lib/python3.12/site-packages/airflow/example_dags/tutorial_taskflow_api.py
[2024-11-25T08:58:06.435+0000] {logging_mixin.py:190} INFO - [2024-11-25T08:58:06.435+0000] {dag.py:3239} INFO - Sync 1 DAGs
[2024-11-25T08:58:06.454+0000] {logging_mixin.py:190} INFO - [2024-11-25T08:58:06.454+0000] {dag.py:4180} INFO - Setting next_dagrun for tutorial_taskflow_api to None, run_after=None
[2024-11-25T08:58:06.476+0000] {processor.py:208} INFO - Processing /home/airflow/.local/lib/python3.12/site-packages/airflow/example_dags/tutorial_taskflow_api.py took 0.093 seconds
[2024-11-25T08:58:36.546+0000] {processor.py:186} INFO - Started process (PID=10297) to work on /home/airflow/.local/lib/python3.12/site-packages/airflow/example_dags/tutorial_taskflow_api.py
[2024-11-25T08:58:36.547+0000] {processor.py:914} INFO - Processing file /home/airflow/.local/lib/python3.12/site-packages/airflow/example_dags/tutorial_taskflow_api.py for tasks to queue
[2024-11-25T08:58:36.549+0000] {logging_mixin.py:190} INFO - [2024-11-25T08:58:36.548+0000] {dagbag.py:588} INFO - Filling up the DagBag from /home/airflow/.local/lib/python3.12/site-packages/airflow/example_dags/tutorial_taskflow_api.py
[2024-11-25T08:58:36.557+0000] {processor.py:925} INFO - DAG(s) 'tutorial_taskflow_api' retrieved from /home/airflow/.local/lib/python3.12/site-packages/airflow/example_dags/tutorial_taskflow_api.py
[2024-11-25T08:58:36.589+0000] {logging_mixin.py:190} INFO - [2024-11-25T08:58:36.589+0000] {dag.py:3239} INFO - Sync 1 DAGs
[2024-11-25T08:58:36.614+0000] {logging_mixin.py:190} INFO - [2024-11-25T08:58:36.614+0000] {dag.py:4180} INFO - Setting next_dagrun for tutorial_taskflow_api to None, run_after=None
[2024-11-25T08:58:36.649+0000] {processor.py:208} INFO - Processing /home/airflow/.local/lib/python3.12/site-packages/airflow/example_dags/tutorial_taskflow_api.py took 0.110 seconds
[2024-11-25T08:59:07.020+0000] {processor.py:186} INFO - Started process (PID=10598) to work on /home/airflow/.local/lib/python3.12/site-packages/airflow/example_dags/tutorial_taskflow_api.py
[2024-11-25T08:59:07.021+0000] {processor.py:914} INFO - Processing file /home/airflow/.local/lib/python3.12/site-packages/airflow/example_dags/tutorial_taskflow_api.py for tasks to queue
[2024-11-25T08:59:07.025+0000] {logging_mixin.py:190} INFO - [2024-11-25T08:59:07.024+0000] {dagbag.py:588} INFO - Filling up the DagBag from /home/airflow/.local/lib/python3.12/site-packages/airflow/example_dags/tutorial_taskflow_api.py
[2024-11-25T08:59:07.039+0000] {processor.py:925} INFO - DAG(s) 'tutorial_taskflow_api' retrieved from /home/airflow/.local/lib/python3.12/site-packages/airflow/example_dags/tutorial_taskflow_api.py
[2024-11-25T08:59:07.075+0000] {logging_mixin.py:190} INFO - [2024-11-25T08:59:07.074+0000] {dag.py:3239} INFO - Sync 1 DAGs
[2024-11-25T08:59:07.094+0000] {logging_mixin.py:190} INFO - [2024-11-25T08:59:07.094+0000] {dag.py:4180} INFO - Setting next_dagrun for tutorial_taskflow_api to None, run_after=None
[2024-11-25T08:59:07.117+0000] {processor.py:208} INFO - Processing /home/airflow/.local/lib/python3.12/site-packages/airflow/example_dags/tutorial_taskflow_api.py took 0.112 seconds
[2024-11-25T08:59:37.379+0000] {processor.py:186} INFO - Started process (PID=10899) to work on /home/airflow/.local/lib/python3.12/site-packages/airflow/example_dags/tutorial_taskflow_api.py
[2024-11-25T08:59:37.380+0000] {processor.py:914} INFO - Processing file /home/airflow/.local/lib/python3.12/site-packages/airflow/example_dags/tutorial_taskflow_api.py for tasks to queue
[2024-11-25T08:59:37.383+0000] {logging_mixin.py:190} INFO - [2024-11-25T08:59:37.383+0000] {dagbag.py:588} INFO - Filling up the DagBag from /home/airflow/.local/lib/python3.12/site-packages/airflow/example_dags/tutorial_taskflow_api.py
[2024-11-25T08:59:37.397+0000] {processor.py:925} INFO - DAG(s) 'tutorial_taskflow_api' retrieved from /home/airflow/.local/lib/python3.12/site-packages/airflow/example_dags/tutorial_taskflow_api.py
[2024-11-25T08:59:37.432+0000] {logging_mixin.py:190} INFO - [2024-11-25T08:59:37.431+0000] {dag.py:3239} INFO - Sync 1 DAGs
[2024-11-25T08:59:37.459+0000] {logging_mixin.py:190} INFO - [2024-11-25T08:59:37.458+0000] {dag.py:4180} INFO - Setting next_dagrun for tutorial_taskflow_api to None, run_after=None
[2024-11-25T08:59:37.493+0000] {processor.py:208} INFO - Processing /home/airflow/.local/lib/python3.12/site-packages/airflow/example_dags/tutorial_taskflow_api.py took 0.123 seconds
[2024-11-25T09:00:07.986+0000] {processor.py:186} INFO - Started process (PID=11200) to work on /home/airflow/.local/lib/python3.12/site-packages/airflow/example_dags/tutorial_taskflow_api.py
[2024-11-25T09:00:07.987+0000] {processor.py:914} INFO - Processing file /home/airflow/.local/lib/python3.12/site-packages/airflow/example_dags/tutorial_taskflow_api.py for tasks to queue
[2024-11-25T09:00:07.990+0000] {logging_mixin.py:190} INFO - [2024-11-25T09:00:07.990+0000] {dagbag.py:588} INFO - Filling up the DagBag from /home/airflow/.local/lib/python3.12/site-packages/airflow/example_dags/tutorial_taskflow_api.py
[2024-11-25T09:00:07.999+0000] {processor.py:925} INFO - DAG(s) 'tutorial_taskflow_api' retrieved from /home/airflow/.local/lib/python3.12/site-packages/airflow/example_dags/tutorial_taskflow_api.py
[2024-11-25T09:00:08.026+0000] {logging_mixin.py:190} INFO - [2024-11-25T09:00:08.026+0000] {dag.py:3239} INFO - Sync 1 DAGs
[2024-11-25T09:00:08.054+0000] {logging_mixin.py:190} INFO - [2024-11-25T09:00:08.053+0000] {dag.py:4180} INFO - Setting next_dagrun for tutorial_taskflow_api to None, run_after=None
[2024-11-25T09:00:08.082+0000] {processor.py:208} INFO - Processing /home/airflow/.local/lib/python3.12/site-packages/airflow/example_dags/tutorial_taskflow_api.py took 0.104 seconds
[2024-11-25T09:00:38.477+0000] {processor.py:186} INFO - Started process (PID=11501) to work on /home/airflow/.local/lib/python3.12/site-packages/airflow/example_dags/tutorial_taskflow_api.py
[2024-11-25T09:00:38.478+0000] {processor.py:914} INFO - Processing file /home/airflow/.local/lib/python3.12/site-packages/airflow/example_dags/tutorial_taskflow_api.py for tasks to queue
[2024-11-25T09:00:38.480+0000] {logging_mixin.py:190} INFO - [2024-11-25T09:00:38.480+0000] {dagbag.py:588} INFO - Filling up the DagBag from /home/airflow/.local/lib/python3.12/site-packages/airflow/example_dags/tutorial_taskflow_api.py
[2024-11-25T09:00:38.488+0000] {processor.py:925} INFO - DAG(s) 'tutorial_taskflow_api' retrieved from /home/airflow/.local/lib/python3.12/site-packages/airflow/example_dags/tutorial_taskflow_api.py
[2024-11-25T09:00:38.513+0000] {logging_mixin.py:190} INFO - [2024-11-25T09:00:38.513+0000] {dag.py:3239} INFO - Sync 1 DAGs
[2024-11-25T09:00:38.531+0000] {logging_mixin.py:190} INFO - [2024-11-25T09:00:38.530+0000] {dag.py:4180} INFO - Setting next_dagrun for tutorial_taskflow_api to None, run_after=None
[2024-11-25T09:00:38.558+0000] {processor.py:208} INFO - Processing /home/airflow/.local/lib/python3.12/site-packages/airflow/example_dags/tutorial_taskflow_api.py took 0.087 seconds
[2024-11-25T09:01:09.350+0000] {processor.py:186} INFO - Started process (PID=11797) to work on /home/airflow/.local/lib/python3.12/site-packages/airflow/example_dags/tutorial_taskflow_api.py
[2024-11-25T09:01:09.352+0000] {processor.py:914} INFO - Processing file /home/airflow/.local/lib/python3.12/site-packages/airflow/example_dags/tutorial_taskflow_api.py for tasks to queue
[2024-11-25T09:01:09.356+0000] {logging_mixin.py:190} INFO - [2024-11-25T09:01:09.355+0000] {dagbag.py:588} INFO - Filling up the DagBag from /home/airflow/.local/lib/python3.12/site-packages/airflow/example_dags/tutorial_taskflow_api.py
[2024-11-25T09:01:09.372+0000] {processor.py:925} INFO - DAG(s) 'tutorial_taskflow_api' retrieved from /home/airflow/.local/lib/python3.12/site-packages/airflow/example_dags/tutorial_taskflow_api.py
[2024-11-25T09:01:09.413+0000] {logging_mixin.py:190} INFO - [2024-11-25T09:01:09.413+0000] {dag.py:3239} INFO - Sync 1 DAGs
[2024-11-25T09:01:09.434+0000] {logging_mixin.py:190} INFO - [2024-11-25T09:01:09.434+0000] {dag.py:4180} INFO - Setting next_dagrun for tutorial_taskflow_api to None, run_after=None
[2024-11-25T09:01:09.456+0000] {processor.py:208} INFO - Processing /home/airflow/.local/lib/python3.12/site-packages/airflow/example_dags/tutorial_taskflow_api.py took 0.113 seconds
[2024-11-25T09:01:39.547+0000] {processor.py:186} INFO - Started process (PID=12095) to work on /home/airflow/.local/lib/python3.12/site-packages/airflow/example_dags/tutorial_taskflow_api.py
[2024-11-25T09:01:39.548+0000] {processor.py:914} INFO - Processing file /home/airflow/.local/lib/python3.12/site-packages/airflow/example_dags/tutorial_taskflow_api.py for tasks to queue
[2024-11-25T09:01:39.553+0000] {logging_mixin.py:190} INFO - [2024-11-25T09:01:39.552+0000] {dagbag.py:588} INFO - Filling up the DagBag from /home/airflow/.local/lib/python3.12/site-packages/airflow/example_dags/tutorial_taskflow_api.py
[2024-11-25T09:01:39.569+0000] {processor.py:925} INFO - DAG(s) 'tutorial_taskflow_api' retrieved from /home/airflow/.local/lib/python3.12/site-packages/airflow/example_dags/tutorial_taskflow_api.py
[2024-11-25T09:01:39.600+0000] {logging_mixin.py:190} INFO - [2024-11-25T09:01:39.599+0000] {dag.py:3239} INFO - Sync 1 DAGs
[2024-11-25T09:01:39.619+0000] {logging_mixin.py:190} INFO - [2024-11-25T09:01:39.618+0000] {dag.py:4180} INFO - Setting next_dagrun for tutorial_taskflow_api to None, run_after=None
[2024-11-25T09:01:39.641+0000] {processor.py:208} INFO - Processing /home/airflow/.local/lib/python3.12/site-packages/airflow/example_dags/tutorial_taskflow_api.py took 0.103 seconds
[2024-11-25T09:02:09.861+0000] {processor.py:186} INFO - Started process (PID=12397) to work on /home/airflow/.local/lib/python3.12/site-packages/airflow/example_dags/tutorial_taskflow_api.py
[2024-11-25T09:02:09.862+0000] {processor.py:914} INFO - Processing file /home/airflow/.local/lib/python3.12/site-packages/airflow/example_dags/tutorial_taskflow_api.py for tasks to queue
[2024-11-25T09:02:09.866+0000] {logging_mixin.py:190} INFO - [2024-11-25T09:02:09.866+0000] {dagbag.py:588} INFO - Filling up the DagBag from /home/airflow/.local/lib/python3.12/site-packages/airflow/example_dags/tutorial_taskflow_api.py
[2024-11-25T09:02:09.880+0000] {processor.py:925} INFO - DAG(s) 'tutorial_taskflow_api' retrieved from /home/airflow/.local/lib/python3.12/site-packages/airflow/example_dags/tutorial_taskflow_api.py
[2024-11-25T09:02:09.926+0000] {logging_mixin.py:190} INFO - [2024-11-25T09:02:09.925+0000] {dag.py:3239} INFO - Sync 1 DAGs
[2024-11-25T09:02:09.959+0000] {logging_mixin.py:190} INFO - [2024-11-25T09:02:09.958+0000] {dag.py:4180} INFO - Setting next_dagrun for tutorial_taskflow_api to None, run_after=None
[2024-11-25T09:02:10.003+0000] {processor.py:208} INFO - Processing /home/airflow/.local/lib/python3.12/site-packages/airflow/example_dags/tutorial_taskflow_api.py took 0.150 seconds
[2024-11-25T09:02:40.362+0000] {processor.py:186} INFO - Started process (PID=12701) to work on /home/airflow/.local/lib/python3.12/site-packages/airflow/example_dags/tutorial_taskflow_api.py
[2024-11-25T09:02:40.363+0000] {processor.py:914} INFO - Processing file /home/airflow/.local/lib/python3.12/site-packages/airflow/example_dags/tutorial_taskflow_api.py for tasks to queue
[2024-11-25T09:02:40.366+0000] {logging_mixin.py:190} INFO - [2024-11-25T09:02:40.365+0000] {dagbag.py:588} INFO - Filling up the DagBag from /home/airflow/.local/lib/python3.12/site-packages/airflow/example_dags/tutorial_taskflow_api.py
[2024-11-25T09:02:40.375+0000] {processor.py:925} INFO - DAG(s) 'tutorial_taskflow_api' retrieved from /home/airflow/.local/lib/python3.12/site-packages/airflow/example_dags/tutorial_taskflow_api.py
[2024-11-25T09:02:40.402+0000] {logging_mixin.py:190} INFO - [2024-11-25T09:02:40.401+0000] {dag.py:3239} INFO - Sync 1 DAGs
[2024-11-25T09:02:40.421+0000] {logging_mixin.py:190} INFO - [2024-11-25T09:02:40.421+0000] {dag.py:4180} INFO - Setting next_dagrun for tutorial_taskflow_api to None, run_after=None
[2024-11-25T09:02:40.449+0000] {processor.py:208} INFO - Processing /home/airflow/.local/lib/python3.12/site-packages/airflow/example_dags/tutorial_taskflow_api.py took 0.094 seconds
[2024-11-25T09:03:10.811+0000] {processor.py:186} INFO - Started process (PID=13003) to work on /home/airflow/.local/lib/python3.12/site-packages/airflow/example_dags/tutorial_taskflow_api.py
[2024-11-25T09:03:10.813+0000] {processor.py:914} INFO - Processing file /home/airflow/.local/lib/python3.12/site-packages/airflow/example_dags/tutorial_taskflow_api.py for tasks to queue
[2024-11-25T09:03:10.819+0000] {logging_mixin.py:190} INFO - [2024-11-25T09:03:10.818+0000] {dagbag.py:588} INFO - Filling up the DagBag from /home/airflow/.local/lib/python3.12/site-packages/airflow/example_dags/tutorial_taskflow_api.py
[2024-11-25T09:03:10.831+0000] {processor.py:925} INFO - DAG(s) 'tutorial_taskflow_api' retrieved from /home/airflow/.local/lib/python3.12/site-packages/airflow/example_dags/tutorial_taskflow_api.py
[2024-11-25T09:03:10.856+0000] {logging_mixin.py:190} INFO - [2024-11-25T09:03:10.856+0000] {dag.py:3239} INFO - Sync 1 DAGs
[2024-11-25T09:03:10.873+0000] {logging_mixin.py:190} INFO - [2024-11-25T09:03:10.872+0000] {dag.py:4180} INFO - Setting next_dagrun for tutorial_taskflow_api to None, run_after=None
[2024-11-25T09:03:10.896+0000] {processor.py:208} INFO - Processing /home/airflow/.local/lib/python3.12/site-packages/airflow/example_dags/tutorial_taskflow_api.py took 0.096 seconds
[2024-11-25T09:03:41.864+0000] {processor.py:186} INFO - Started process (PID=13304) to work on /home/airflow/.local/lib/python3.12/site-packages/airflow/example_dags/tutorial_taskflow_api.py
[2024-11-25T09:03:41.866+0000] {processor.py:914} INFO - Processing file /home/airflow/.local/lib/python3.12/site-packages/airflow/example_dags/tutorial_taskflow_api.py for tasks to queue
[2024-11-25T09:03:41.871+0000] {logging_mixin.py:190} INFO - [2024-11-25T09:03:41.870+0000] {dagbag.py:588} INFO - Filling up the DagBag from /home/airflow/.local/lib/python3.12/site-packages/airflow/example_dags/tutorial_taskflow_api.py
[2024-11-25T09:03:41.885+0000] {processor.py:925} INFO - DAG(s) 'tutorial_taskflow_api' retrieved from /home/airflow/.local/lib/python3.12/site-packages/airflow/example_dags/tutorial_taskflow_api.py
[2024-11-25T09:03:41.913+0000] {logging_mixin.py:190} INFO - [2024-11-25T09:03:41.912+0000] {dag.py:3239} INFO - Sync 1 DAGs
[2024-11-25T09:03:41.929+0000] {logging_mixin.py:190} INFO - [2024-11-25T09:03:41.929+0000] {dag.py:4180} INFO - Setting next_dagrun for tutorial_taskflow_api to None, run_after=None
[2024-11-25T09:03:41.956+0000] {processor.py:208} INFO - Processing /home/airflow/.local/lib/python3.12/site-packages/airflow/example_dags/tutorial_taskflow_api.py took 0.100 seconds
[2024-11-25T09:04:12.054+0000] {processor.py:186} INFO - Started process (PID=13602) to work on /home/airflow/.local/lib/python3.12/site-packages/airflow/example_dags/tutorial_taskflow_api.py
[2024-11-25T09:04:12.055+0000] {processor.py:914} INFO - Processing file /home/airflow/.local/lib/python3.12/site-packages/airflow/example_dags/tutorial_taskflow_api.py for tasks to queue
[2024-11-25T09:04:12.058+0000] {logging_mixin.py:190} INFO - [2024-11-25T09:04:12.058+0000] {dagbag.py:588} INFO - Filling up the DagBag from /home/airflow/.local/lib/python3.12/site-packages/airflow/example_dags/tutorial_taskflow_api.py
[2024-11-25T09:04:12.069+0000] {processor.py:925} INFO - DAG(s) 'tutorial_taskflow_api' retrieved from /home/airflow/.local/lib/python3.12/site-packages/airflow/example_dags/tutorial_taskflow_api.py
[2024-11-25T09:04:12.094+0000] {logging_mixin.py:190} INFO - [2024-11-25T09:04:12.093+0000] {dag.py:3239} INFO - Sync 1 DAGs
[2024-11-25T09:04:12.111+0000] {logging_mixin.py:190} INFO - [2024-11-25T09:04:12.111+0000] {dag.py:4180} INFO - Setting next_dagrun for tutorial_taskflow_api to None, run_after=None
[2024-11-25T09:04:12.139+0000] {processor.py:208} INFO - Processing /home/airflow/.local/lib/python3.12/site-packages/airflow/example_dags/tutorial_taskflow_api.py took 0.091 seconds
[2024-11-25T09:04:42.283+0000] {processor.py:186} INFO - Started process (PID=13903) to work on /home/airflow/.local/lib/python3.12/site-packages/airflow/example_dags/tutorial_taskflow_api.py
[2024-11-25T09:04:42.284+0000] {processor.py:914} INFO - Processing file /home/airflow/.local/lib/python3.12/site-packages/airflow/example_dags/tutorial_taskflow_api.py for tasks to queue
[2024-11-25T09:04:42.287+0000] {logging_mixin.py:190} INFO - [2024-11-25T09:04:42.286+0000] {dagbag.py:588} INFO - Filling up the DagBag from /home/airflow/.local/lib/python3.12/site-packages/airflow/example_dags/tutorial_taskflow_api.py
[2024-11-25T09:04:42.295+0000] {processor.py:925} INFO - DAG(s) 'tutorial_taskflow_api' retrieved from /home/airflow/.local/lib/python3.12/site-packages/airflow/example_dags/tutorial_taskflow_api.py
[2024-11-25T09:04:42.317+0000] {logging_mixin.py:190} INFO - [2024-11-25T09:04:42.317+0000] {dag.py:3239} INFO - Sync 1 DAGs
[2024-11-25T09:04:42.334+0000] {logging_mixin.py:190} INFO - [2024-11-25T09:04:42.333+0000] {dag.py:4180} INFO - Setting next_dagrun for tutorial_taskflow_api to None, run_after=None
[2024-11-25T09:04:42.353+0000] {processor.py:208} INFO - Processing /home/airflow/.local/lib/python3.12/site-packages/airflow/example_dags/tutorial_taskflow_api.py took 0.078 seconds
[2024-11-25T09:05:13.084+0000] {processor.py:186} INFO - Started process (PID=14202) to work on /home/airflow/.local/lib/python3.12/site-packages/airflow/example_dags/tutorial_taskflow_api.py
[2024-11-25T09:05:13.086+0000] {processor.py:914} INFO - Processing file /home/airflow/.local/lib/python3.12/site-packages/airflow/example_dags/tutorial_taskflow_api.py for tasks to queue
[2024-11-25T09:05:13.092+0000] {logging_mixin.py:190} INFO - [2024-11-25T09:05:13.090+0000] {dagbag.py:588} INFO - Filling up the DagBag from /home/airflow/.local/lib/python3.12/site-packages/airflow/example_dags/tutorial_taskflow_api.py
[2024-11-25T09:05:13.110+0000] {processor.py:925} INFO - DAG(s) 'tutorial_taskflow_api' retrieved from /home/airflow/.local/lib/python3.12/site-packages/airflow/example_dags/tutorial_taskflow_api.py
[2024-11-25T09:05:13.146+0000] {logging_mixin.py:190} INFO - [2024-11-25T09:05:13.146+0000] {dag.py:3239} INFO - Sync 1 DAGs
[2024-11-25T09:05:13.164+0000] {logging_mixin.py:190} INFO - [2024-11-25T09:05:13.164+0000] {dag.py:4180} INFO - Setting next_dagrun for tutorial_taskflow_api to None, run_after=None
[2024-11-25T09:05:13.184+0000] {processor.py:208} INFO - Processing /home/airflow/.local/lib/python3.12/site-packages/airflow/example_dags/tutorial_taskflow_api.py took 0.119 seconds
[2024-11-25T09:05:44.063+0000] {processor.py:186} INFO - Started process (PID=14503) to work on /home/airflow/.local/lib/python3.12/site-packages/airflow/example_dags/tutorial_taskflow_api.py
[2024-11-25T09:05:44.064+0000] {processor.py:914} INFO - Processing file /home/airflow/.local/lib/python3.12/site-packages/airflow/example_dags/tutorial_taskflow_api.py for tasks to queue
[2024-11-25T09:05:44.067+0000] {logging_mixin.py:190} INFO - [2024-11-25T09:05:44.067+0000] {dagbag.py:588} INFO - Filling up the DagBag from /home/airflow/.local/lib/python3.12/site-packages/airflow/example_dags/tutorial_taskflow_api.py
[2024-11-25T09:05:44.082+0000] {processor.py:925} INFO - DAG(s) 'tutorial_taskflow_api' retrieved from /home/airflow/.local/lib/python3.12/site-packages/airflow/example_dags/tutorial_taskflow_api.py
[2024-11-25T09:05:44.119+0000] {logging_mixin.py:190} INFO - [2024-11-25T09:05:44.118+0000] {dag.py:3239} INFO - Sync 1 DAGs
[2024-11-25T09:05:44.138+0000] {logging_mixin.py:190} INFO - [2024-11-25T09:05:44.137+0000] {dag.py:4180} INFO - Setting next_dagrun for tutorial_taskflow_api to None, run_after=None
[2024-11-25T09:05:44.168+0000] {processor.py:208} INFO - Processing /home/airflow/.local/lib/python3.12/site-packages/airflow/example_dags/tutorial_taskflow_api.py took 0.111 seconds
[2024-11-25T09:06:14.887+0000] {processor.py:186} INFO - Started process (PID=14805) to work on /home/airflow/.local/lib/python3.12/site-packages/airflow/example_dags/tutorial_taskflow_api.py
[2024-11-25T09:06:14.888+0000] {processor.py:914} INFO - Processing file /home/airflow/.local/lib/python3.12/site-packages/airflow/example_dags/tutorial_taskflow_api.py for tasks to queue
[2024-11-25T09:06:14.893+0000] {logging_mixin.py:190} INFO - [2024-11-25T09:06:14.893+0000] {dagbag.py:588} INFO - Filling up the DagBag from /home/airflow/.local/lib/python3.12/site-packages/airflow/example_dags/tutorial_taskflow_api.py
[2024-11-25T09:06:14.903+0000] {processor.py:925} INFO - DAG(s) 'tutorial_taskflow_api' retrieved from /home/airflow/.local/lib/python3.12/site-packages/airflow/example_dags/tutorial_taskflow_api.py
[2024-11-25T09:06:14.932+0000] {logging_mixin.py:190} INFO - [2024-11-25T09:06:14.932+0000] {dag.py:3239} INFO - Sync 1 DAGs
[2024-11-25T09:06:14.949+0000] {logging_mixin.py:190} INFO - [2024-11-25T09:06:14.949+0000] {dag.py:4180} INFO - Setting next_dagrun for tutorial_taskflow_api to None, run_after=None
[2024-11-25T09:06:14.971+0000] {processor.py:208} INFO - Processing /home/airflow/.local/lib/python3.12/site-packages/airflow/example_dags/tutorial_taskflow_api.py took 0.091 seconds
[2024-11-25T09:06:45.414+0000] {processor.py:186} INFO - Started process (PID=15106) to work on /home/airflow/.local/lib/python3.12/site-packages/airflow/example_dags/tutorial_taskflow_api.py
[2024-11-25T09:06:45.416+0000] {processor.py:914} INFO - Processing file /home/airflow/.local/lib/python3.12/site-packages/airflow/example_dags/tutorial_taskflow_api.py for tasks to queue
[2024-11-25T09:06:45.420+0000] {logging_mixin.py:190} INFO - [2024-11-25T09:06:45.419+0000] {dagbag.py:588} INFO - Filling up the DagBag from /home/airflow/.local/lib/python3.12/site-packages/airflow/example_dags/tutorial_taskflow_api.py
[2024-11-25T09:06:45.429+0000] {processor.py:925} INFO - DAG(s) 'tutorial_taskflow_api' retrieved from /home/airflow/.local/lib/python3.12/site-packages/airflow/example_dags/tutorial_taskflow_api.py
[2024-11-25T09:06:45.670+0000] {logging_mixin.py:190} INFO - [2024-11-25T09:06:45.670+0000] {dag.py:3239} INFO - Sync 1 DAGs
[2024-11-25T09:06:45.684+0000] {logging_mixin.py:190} INFO - [2024-11-25T09:06:45.684+0000] {dag.py:4180} INFO - Setting next_dagrun for tutorial_taskflow_api to None, run_after=None
[2024-11-25T09:06:45.704+0000] {processor.py:208} INFO - Processing /home/airflow/.local/lib/python3.12/site-packages/airflow/example_dags/tutorial_taskflow_api.py took 0.298 seconds
[2024-11-25T09:07:16.223+0000] {processor.py:186} INFO - Started process (PID=15407) to work on /home/airflow/.local/lib/python3.12/site-packages/airflow/example_dags/tutorial_taskflow_api.py
[2024-11-25T09:07:16.224+0000] {processor.py:914} INFO - Processing file /home/airflow/.local/lib/python3.12/site-packages/airflow/example_dags/tutorial_taskflow_api.py for tasks to queue
[2024-11-25T09:07:16.227+0000] {logging_mixin.py:190} INFO - [2024-11-25T09:07:16.226+0000] {dagbag.py:588} INFO - Filling up the DagBag from /home/airflow/.local/lib/python3.12/site-packages/airflow/example_dags/tutorial_taskflow_api.py
[2024-11-25T09:07:16.238+0000] {processor.py:925} INFO - DAG(s) 'tutorial_taskflow_api' retrieved from /home/airflow/.local/lib/python3.12/site-packages/airflow/example_dags/tutorial_taskflow_api.py
[2024-11-25T09:07:16.266+0000] {logging_mixin.py:190} INFO - [2024-11-25T09:07:16.266+0000] {dag.py:3239} INFO - Sync 1 DAGs
[2024-11-25T09:07:16.504+0000] {logging_mixin.py:190} INFO - [2024-11-25T09:07:16.503+0000] {dag.py:4180} INFO - Setting next_dagrun for tutorial_taskflow_api to None, run_after=None
[2024-11-25T09:07:16.539+0000] {processor.py:208} INFO - Processing /home/airflow/.local/lib/python3.12/site-packages/airflow/example_dags/tutorial_taskflow_api.py took 0.322 seconds
[2024-11-25T09:07:46.591+0000] {processor.py:186} INFO - Started process (PID=15716) to work on /home/airflow/.local/lib/python3.12/site-packages/airflow/example_dags/tutorial_taskflow_api.py
[2024-11-25T09:07:46.592+0000] {processor.py:914} INFO - Processing file /home/airflow/.local/lib/python3.12/site-packages/airflow/example_dags/tutorial_taskflow_api.py for tasks to queue
[2024-11-25T09:07:46.595+0000] {logging_mixin.py:190} INFO - [2024-11-25T09:07:46.594+0000] {dagbag.py:588} INFO - Filling up the DagBag from /home/airflow/.local/lib/python3.12/site-packages/airflow/example_dags/tutorial_taskflow_api.py
[2024-11-25T09:07:46.605+0000] {processor.py:925} INFO - DAG(s) 'tutorial_taskflow_api' retrieved from /home/airflow/.local/lib/python3.12/site-packages/airflow/example_dags/tutorial_taskflow_api.py
[2024-11-25T09:07:46.631+0000] {logging_mixin.py:190} INFO - [2024-11-25T09:07:46.630+0000] {dag.py:3239} INFO - Sync 1 DAGs
[2024-11-25T09:07:46.648+0000] {logging_mixin.py:190} INFO - [2024-11-25T09:07:46.648+0000] {dag.py:4180} INFO - Setting next_dagrun for tutorial_taskflow_api to None, run_after=None
[2024-11-25T09:07:46.673+0000] {processor.py:208} INFO - Processing /home/airflow/.local/lib/python3.12/site-packages/airflow/example_dags/tutorial_taskflow_api.py took 0.087 seconds
[2024-11-25T09:08:17.580+0000] {processor.py:186} INFO - Started process (PID=16015) to work on /home/airflow/.local/lib/python3.12/site-packages/airflow/example_dags/tutorial_taskflow_api.py
[2024-11-25T09:08:17.582+0000] {processor.py:914} INFO - Processing file /home/airflow/.local/lib/python3.12/site-packages/airflow/example_dags/tutorial_taskflow_api.py for tasks to queue
[2024-11-25T09:08:17.584+0000] {logging_mixin.py:190} INFO - [2024-11-25T09:08:17.584+0000] {dagbag.py:588} INFO - Filling up the DagBag from /home/airflow/.local/lib/python3.12/site-packages/airflow/example_dags/tutorial_taskflow_api.py
[2024-11-25T09:08:17.593+0000] {processor.py:925} INFO - DAG(s) 'tutorial_taskflow_api' retrieved from /home/airflow/.local/lib/python3.12/site-packages/airflow/example_dags/tutorial_taskflow_api.py
[2024-11-25T09:08:17.623+0000] {logging_mixin.py:190} INFO - [2024-11-25T09:08:17.623+0000] {dag.py:3239} INFO - Sync 1 DAGs
[2024-11-25T09:08:17.647+0000] {logging_mixin.py:190} INFO - [2024-11-25T09:08:17.647+0000] {dag.py:4180} INFO - Setting next_dagrun for tutorial_taskflow_api to None, run_after=None
[2024-11-25T09:08:17.674+0000] {processor.py:208} INFO - Processing /home/airflow/.local/lib/python3.12/site-packages/airflow/example_dags/tutorial_taskflow_api.py took 0.099 seconds
[2024-11-25T09:08:48.385+0000] {processor.py:186} INFO - Started process (PID=16316) to work on /home/airflow/.local/lib/python3.12/site-packages/airflow/example_dags/tutorial_taskflow_api.py
[2024-11-25T09:08:48.386+0000] {processor.py:914} INFO - Processing file /home/airflow/.local/lib/python3.12/site-packages/airflow/example_dags/tutorial_taskflow_api.py for tasks to queue
[2024-11-25T09:08:48.388+0000] {logging_mixin.py:190} INFO - [2024-11-25T09:08:48.388+0000] {dagbag.py:588} INFO - Filling up the DagBag from /home/airflow/.local/lib/python3.12/site-packages/airflow/example_dags/tutorial_taskflow_api.py
[2024-11-25T09:08:48.398+0000] {processor.py:925} INFO - DAG(s) 'tutorial_taskflow_api' retrieved from /home/airflow/.local/lib/python3.12/site-packages/airflow/example_dags/tutorial_taskflow_api.py
[2024-11-25T09:08:48.424+0000] {logging_mixin.py:190} INFO - [2024-11-25T09:08:48.424+0000] {dag.py:3239} INFO - Sync 1 DAGs
[2024-11-25T09:08:48.439+0000] {logging_mixin.py:190} INFO - [2024-11-25T09:08:48.439+0000] {dag.py:4180} INFO - Setting next_dagrun for tutorial_taskflow_api to None, run_after=None
[2024-11-25T09:08:48.462+0000] {processor.py:208} INFO - Processing /home/airflow/.local/lib/python3.12/site-packages/airflow/example_dags/tutorial_taskflow_api.py took 0.083 seconds
[2024-11-25T09:09:19.778+0000] {processor.py:186} INFO - Started process (PID=16617) to work on /home/airflow/.local/lib/python3.12/site-packages/airflow/example_dags/tutorial_taskflow_api.py
[2024-11-25T09:09:19.780+0000] {processor.py:914} INFO - Processing file /home/airflow/.local/lib/python3.12/site-packages/airflow/example_dags/tutorial_taskflow_api.py for tasks to queue
[2024-11-25T09:09:19.782+0000] {logging_mixin.py:190} INFO - [2024-11-25T09:09:19.782+0000] {dagbag.py:588} INFO - Filling up the DagBag from /home/airflow/.local/lib/python3.12/site-packages/airflow/example_dags/tutorial_taskflow_api.py
[2024-11-25T09:09:19.794+0000] {processor.py:925} INFO - DAG(s) 'tutorial_taskflow_api' retrieved from /home/airflow/.local/lib/python3.12/site-packages/airflow/example_dags/tutorial_taskflow_api.py
[2024-11-25T09:09:19.824+0000] {logging_mixin.py:190} INFO - [2024-11-25T09:09:19.823+0000] {dag.py:3239} INFO - Sync 1 DAGs
[2024-11-25T09:09:19.856+0000] {logging_mixin.py:190} INFO - [2024-11-25T09:09:19.856+0000] {dag.py:4180} INFO - Setting next_dagrun for tutorial_taskflow_api to None, run_after=None
[2024-11-25T09:09:19.902+0000] {processor.py:208} INFO - Processing /home/airflow/.local/lib/python3.12/site-packages/airflow/example_dags/tutorial_taskflow_api.py took 0.130 seconds
[2024-11-25T09:09:50.611+0000] {processor.py:186} INFO - Started process (PID=16918) to work on /home/airflow/.local/lib/python3.12/site-packages/airflow/example_dags/tutorial_taskflow_api.py
[2024-11-25T09:09:50.612+0000] {processor.py:914} INFO - Processing file /home/airflow/.local/lib/python3.12/site-packages/airflow/example_dags/tutorial_taskflow_api.py for tasks to queue
[2024-11-25T09:09:50.615+0000] {logging_mixin.py:190} INFO - [2024-11-25T09:09:50.615+0000] {dagbag.py:588} INFO - Filling up the DagBag from /home/airflow/.local/lib/python3.12/site-packages/airflow/example_dags/tutorial_taskflow_api.py
[2024-11-25T09:09:50.625+0000] {processor.py:925} INFO - DAG(s) 'tutorial_taskflow_api' retrieved from /home/airflow/.local/lib/python3.12/site-packages/airflow/example_dags/tutorial_taskflow_api.py
[2024-11-25T09:09:50.659+0000] {logging_mixin.py:190} INFO - [2024-11-25T09:09:50.658+0000] {dag.py:3239} INFO - Sync 1 DAGs
[2024-11-25T09:09:50.677+0000] {logging_mixin.py:190} INFO - [2024-11-25T09:09:50.676+0000] {dag.py:4180} INFO - Setting next_dagrun for tutorial_taskflow_api to None, run_after=None
[2024-11-25T09:09:50.709+0000] {processor.py:208} INFO - Processing /home/airflow/.local/lib/python3.12/site-packages/airflow/example_dags/tutorial_taskflow_api.py took 0.106 seconds
[2024-11-25T09:10:21.443+0000] {processor.py:186} INFO - Started process (PID=17219) to work on /home/airflow/.local/lib/python3.12/site-packages/airflow/example_dags/tutorial_taskflow_api.py
[2024-11-25T09:10:21.444+0000] {processor.py:914} INFO - Processing file /home/airflow/.local/lib/python3.12/site-packages/airflow/example_dags/tutorial_taskflow_api.py for tasks to queue
[2024-11-25T09:10:21.448+0000] {logging_mixin.py:190} INFO - [2024-11-25T09:10:21.447+0000] {dagbag.py:588} INFO - Filling up the DagBag from /home/airflow/.local/lib/python3.12/site-packages/airflow/example_dags/tutorial_taskflow_api.py
[2024-11-25T09:10:21.458+0000] {processor.py:925} INFO - DAG(s) 'tutorial_taskflow_api' retrieved from /home/airflow/.local/lib/python3.12/site-packages/airflow/example_dags/tutorial_taskflow_api.py
[2024-11-25T09:10:21.481+0000] {logging_mixin.py:190} INFO - [2024-11-25T09:10:21.481+0000] {dag.py:3239} INFO - Sync 1 DAGs
[2024-11-25T09:10:21.504+0000] {logging_mixin.py:190} INFO - [2024-11-25T09:10:21.504+0000] {dag.py:4180} INFO - Setting next_dagrun for tutorial_taskflow_api to None, run_after=None
[2024-11-25T09:10:21.532+0000] {processor.py:208} INFO - Processing /home/airflow/.local/lib/python3.12/site-packages/airflow/example_dags/tutorial_taskflow_api.py took 0.095 seconds
[2024-11-25T09:10:52.270+0000] {processor.py:186} INFO - Started process (PID=17520) to work on /home/airflow/.local/lib/python3.12/site-packages/airflow/example_dags/tutorial_taskflow_api.py
[2024-11-25T09:10:52.271+0000] {processor.py:914} INFO - Processing file /home/airflow/.local/lib/python3.12/site-packages/airflow/example_dags/tutorial_taskflow_api.py for tasks to queue
[2024-11-25T09:10:52.274+0000] {logging_mixin.py:190} INFO - [2024-11-25T09:10:52.274+0000] {dagbag.py:588} INFO - Filling up the DagBag from /home/airflow/.local/lib/python3.12/site-packages/airflow/example_dags/tutorial_taskflow_api.py
[2024-11-25T09:10:52.283+0000] {processor.py:925} INFO - DAG(s) 'tutorial_taskflow_api' retrieved from /home/airflow/.local/lib/python3.12/site-packages/airflow/example_dags/tutorial_taskflow_api.py
[2024-11-25T09:10:52.305+0000] {logging_mixin.py:190} INFO - [2024-11-25T09:10:52.305+0000] {dag.py:3239} INFO - Sync 1 DAGs
[2024-11-25T09:10:52.323+0000] {logging_mixin.py:190} INFO - [2024-11-25T09:10:52.323+0000] {dag.py:4180} INFO - Setting next_dagrun for tutorial_taskflow_api to None, run_after=None
[2024-11-25T09:10:52.344+0000] {processor.py:208} INFO - Processing /home/airflow/.local/lib/python3.12/site-packages/airflow/example_dags/tutorial_taskflow_api.py took 0.080 seconds
[2024-11-25T09:11:23.264+0000] {processor.py:186} INFO - Started process (PID=17822) to work on /home/airflow/.local/lib/python3.12/site-packages/airflow/example_dags/tutorial_taskflow_api.py
[2024-11-25T09:11:23.266+0000] {processor.py:914} INFO - Processing file /home/airflow/.local/lib/python3.12/site-packages/airflow/example_dags/tutorial_taskflow_api.py for tasks to queue
[2024-11-25T09:11:23.270+0000] {logging_mixin.py:190} INFO - [2024-11-25T09:11:23.269+0000] {dagbag.py:588} INFO - Filling up the DagBag from /home/airflow/.local/lib/python3.12/site-packages/airflow/example_dags/tutorial_taskflow_api.py
[2024-11-25T09:11:23.282+0000] {processor.py:925} INFO - DAG(s) 'tutorial_taskflow_api' retrieved from /home/airflow/.local/lib/python3.12/site-packages/airflow/example_dags/tutorial_taskflow_api.py
[2024-11-25T09:11:23.321+0000] {logging_mixin.py:190} INFO - [2024-11-25T09:11:23.320+0000] {dag.py:3239} INFO - Sync 1 DAGs
[2024-11-25T09:11:23.369+0000] {logging_mixin.py:190} INFO - [2024-11-25T09:11:23.367+0000] {dag.py:4180} INFO - Setting next_dagrun for tutorial_taskflow_api to None, run_after=None
[2024-11-25T09:11:23.419+0000] {processor.py:208} INFO - Processing /home/airflow/.local/lib/python3.12/site-packages/airflow/example_dags/tutorial_taskflow_api.py took 0.163 seconds
[2024-11-25T09:11:54.025+0000] {processor.py:186} INFO - Started process (PID=18123) to work on /home/airflow/.local/lib/python3.12/site-packages/airflow/example_dags/tutorial_taskflow_api.py
[2024-11-25T09:11:54.026+0000] {processor.py:914} INFO - Processing file /home/airflow/.local/lib/python3.12/site-packages/airflow/example_dags/tutorial_taskflow_api.py for tasks to queue
[2024-11-25T09:11:54.029+0000] {logging_mixin.py:190} INFO - [2024-11-25T09:11:54.028+0000] {dagbag.py:588} INFO - Filling up the DagBag from /home/airflow/.local/lib/python3.12/site-packages/airflow/example_dags/tutorial_taskflow_api.py
[2024-11-25T09:11:54.039+0000] {processor.py:925} INFO - DAG(s) 'tutorial_taskflow_api' retrieved from /home/airflow/.local/lib/python3.12/site-packages/airflow/example_dags/tutorial_taskflow_api.py
[2024-11-25T09:11:54.063+0000] {logging_mixin.py:190} INFO - [2024-11-25T09:11:54.063+0000] {dag.py:3239} INFO - Sync 1 DAGs
[2024-11-25T09:11:54.078+0000] {logging_mixin.py:190} INFO - [2024-11-25T09:11:54.078+0000] {dag.py:4180} INFO - Setting next_dagrun for tutorial_taskflow_api to None, run_after=None
[2024-11-25T09:11:54.100+0000] {processor.py:208} INFO - Processing /home/airflow/.local/lib/python3.12/site-packages/airflow/example_dags/tutorial_taskflow_api.py took 0.081 seconds
[2024-11-25T09:12:25.500+0000] {processor.py:186} INFO - Started process (PID=18425) to work on /home/airflow/.local/lib/python3.12/site-packages/airflow/example_dags/tutorial_taskflow_api.py
[2024-11-25T09:12:25.503+0000] {processor.py:914} INFO - Processing file /home/airflow/.local/lib/python3.12/site-packages/airflow/example_dags/tutorial_taskflow_api.py for tasks to queue
[2024-11-25T09:12:25.509+0000] {logging_mixin.py:190} INFO - [2024-11-25T09:12:25.509+0000] {dagbag.py:588} INFO - Filling up the DagBag from /home/airflow/.local/lib/python3.12/site-packages/airflow/example_dags/tutorial_taskflow_api.py
[2024-11-25T09:12:25.525+0000] {processor.py:925} INFO - DAG(s) 'tutorial_taskflow_api' retrieved from /home/airflow/.local/lib/python3.12/site-packages/airflow/example_dags/tutorial_taskflow_api.py
[2024-11-25T09:12:25.566+0000] {logging_mixin.py:190} INFO - [2024-11-25T09:12:25.565+0000] {dag.py:3239} INFO - Sync 1 DAGs
[2024-11-25T09:12:25.594+0000] {logging_mixin.py:190} INFO - [2024-11-25T09:12:25.594+0000] {dag.py:4180} INFO - Setting next_dagrun for tutorial_taskflow_api to None, run_after=None
[2024-11-25T09:12:25.629+0000] {processor.py:208} INFO - Processing /home/airflow/.local/lib/python3.12/site-packages/airflow/example_dags/tutorial_taskflow_api.py took 0.141 seconds
[2024-11-25T09:12:56.571+0000] {processor.py:186} INFO - Started process (PID=18726) to work on /home/airflow/.local/lib/python3.12/site-packages/airflow/example_dags/tutorial_taskflow_api.py
[2024-11-25T09:12:56.572+0000] {processor.py:914} INFO - Processing file /home/airflow/.local/lib/python3.12/site-packages/airflow/example_dags/tutorial_taskflow_api.py for tasks to queue
[2024-11-25T09:12:56.575+0000] {logging_mixin.py:190} INFO - [2024-11-25T09:12:56.575+0000] {dagbag.py:588} INFO - Filling up the DagBag from /home/airflow/.local/lib/python3.12/site-packages/airflow/example_dags/tutorial_taskflow_api.py
[2024-11-25T09:12:56.583+0000] {processor.py:925} INFO - DAG(s) 'tutorial_taskflow_api' retrieved from /home/airflow/.local/lib/python3.12/site-packages/airflow/example_dags/tutorial_taskflow_api.py
[2024-11-25T09:12:56.607+0000] {logging_mixin.py:190} INFO - [2024-11-25T09:12:56.607+0000] {dag.py:3239} INFO - Sync 1 DAGs
[2024-11-25T09:12:56.627+0000] {logging_mixin.py:190} INFO - [2024-11-25T09:12:56.626+0000] {dag.py:4180} INFO - Setting next_dagrun for tutorial_taskflow_api to None, run_after=None
[2024-11-25T09:12:56.654+0000] {processor.py:208} INFO - Processing /home/airflow/.local/lib/python3.12/site-packages/airflow/example_dags/tutorial_taskflow_api.py took 0.091 seconds
[2024-11-25T09:13:27.427+0000] {processor.py:186} INFO - Started process (PID=19027) to work on /home/airflow/.local/lib/python3.12/site-packages/airflow/example_dags/tutorial_taskflow_api.py
[2024-11-25T09:13:27.428+0000] {processor.py:914} INFO - Processing file /home/airflow/.local/lib/python3.12/site-packages/airflow/example_dags/tutorial_taskflow_api.py for tasks to queue
[2024-11-25T09:13:27.432+0000] {logging_mixin.py:190} INFO - [2024-11-25T09:13:27.432+0000] {dagbag.py:588} INFO - Filling up the DagBag from /home/airflow/.local/lib/python3.12/site-packages/airflow/example_dags/tutorial_taskflow_api.py
[2024-11-25T09:13:27.447+0000] {processor.py:925} INFO - DAG(s) 'tutorial_taskflow_api' retrieved from /home/airflow/.local/lib/python3.12/site-packages/airflow/example_dags/tutorial_taskflow_api.py
[2024-11-25T09:13:27.475+0000] {logging_mixin.py:190} INFO - [2024-11-25T09:13:27.475+0000] {dag.py:3239} INFO - Sync 1 DAGs
[2024-11-25T09:13:27.495+0000] {logging_mixin.py:190} INFO - [2024-11-25T09:13:27.495+0000] {dag.py:4180} INFO - Setting next_dagrun for tutorial_taskflow_api to None, run_after=None
[2024-11-25T09:13:27.521+0000] {processor.py:208} INFO - Processing /home/airflow/.local/lib/python3.12/site-packages/airflow/example_dags/tutorial_taskflow_api.py took 0.102 seconds
[2024-11-25T09:13:58.355+0000] {processor.py:186} INFO - Started process (PID=19328) to work on /home/airflow/.local/lib/python3.12/site-packages/airflow/example_dags/tutorial_taskflow_api.py
[2024-11-25T09:13:58.356+0000] {processor.py:914} INFO - Processing file /home/airflow/.local/lib/python3.12/site-packages/airflow/example_dags/tutorial_taskflow_api.py for tasks to queue
[2024-11-25T09:13:58.360+0000] {logging_mixin.py:190} INFO - [2024-11-25T09:13:58.360+0000] {dagbag.py:588} INFO - Filling up the DagBag from /home/airflow/.local/lib/python3.12/site-packages/airflow/example_dags/tutorial_taskflow_api.py
[2024-11-25T09:13:58.373+0000] {processor.py:925} INFO - DAG(s) 'tutorial_taskflow_api' retrieved from /home/airflow/.local/lib/python3.12/site-packages/airflow/example_dags/tutorial_taskflow_api.py
[2024-11-25T09:13:58.408+0000] {logging_mixin.py:190} INFO - [2024-11-25T09:13:58.408+0000] {dag.py:3239} INFO - Sync 1 DAGs
[2024-11-25T09:13:58.430+0000] {logging_mixin.py:190} INFO - [2024-11-25T09:13:58.430+0000] {dag.py:4180} INFO - Setting next_dagrun for tutorial_taskflow_api to None, run_after=None
[2024-11-25T09:13:58.454+0000] {processor.py:208} INFO - Processing /home/airflow/.local/lib/python3.12/site-packages/airflow/example_dags/tutorial_taskflow_api.py took 0.108 seconds
[2024-11-25T09:14:28.938+0000] {processor.py:186} INFO - Started process (PID=19629) to work on /home/airflow/.local/lib/python3.12/site-packages/airflow/example_dags/tutorial_taskflow_api.py
[2024-11-25T09:14:28.941+0000] {processor.py:914} INFO - Processing file /home/airflow/.local/lib/python3.12/site-packages/airflow/example_dags/tutorial_taskflow_api.py for tasks to queue
[2024-11-25T09:14:28.947+0000] {logging_mixin.py:190} INFO - [2024-11-25T09:14:28.946+0000] {dagbag.py:588} INFO - Filling up the DagBag from /home/airflow/.local/lib/python3.12/site-packages/airflow/example_dags/tutorial_taskflow_api.py
[2024-11-25T09:14:28.968+0000] {processor.py:925} INFO - DAG(s) 'tutorial_taskflow_api' retrieved from /home/airflow/.local/lib/python3.12/site-packages/airflow/example_dags/tutorial_taskflow_api.py
[2024-11-25T09:14:29.000+0000] {logging_mixin.py:190} INFO - [2024-11-25T09:14:29.000+0000] {dag.py:3239} INFO - Sync 1 DAGs
[2024-11-25T09:14:29.018+0000] {logging_mixin.py:190} INFO - [2024-11-25T09:14:29.018+0000] {dag.py:4180} INFO - Setting next_dagrun for tutorial_taskflow_api to None, run_after=None
[2024-11-25T09:14:29.046+0000] {processor.py:208} INFO - Processing /home/airflow/.local/lib/python3.12/site-packages/airflow/example_dags/tutorial_taskflow_api.py took 0.116 seconds
[2024-11-25T09:15:00.039+0000] {processor.py:186} INFO - Started process (PID=19930) to work on /home/airflow/.local/lib/python3.12/site-packages/airflow/example_dags/tutorial_taskflow_api.py
[2024-11-25T09:15:00.040+0000] {processor.py:914} INFO - Processing file /home/airflow/.local/lib/python3.12/site-packages/airflow/example_dags/tutorial_taskflow_api.py for tasks to queue
[2024-11-25T09:15:00.042+0000] {logging_mixin.py:190} INFO - [2024-11-25T09:15:00.042+0000] {dagbag.py:588} INFO - Filling up the DagBag from /home/airflow/.local/lib/python3.12/site-packages/airflow/example_dags/tutorial_taskflow_api.py
[2024-11-25T09:15:00.062+0000] {processor.py:925} INFO - DAG(s) 'tutorial_taskflow_api' retrieved from /home/airflow/.local/lib/python3.12/site-packages/airflow/example_dags/tutorial_taskflow_api.py
[2024-11-25T09:15:00.101+0000] {logging_mixin.py:190} INFO - [2024-11-25T09:15:00.100+0000] {dag.py:3239} INFO - Sync 1 DAGs
[2024-11-25T09:15:00.119+0000] {logging_mixin.py:190} INFO - [2024-11-25T09:15:00.119+0000] {dag.py:4180} INFO - Setting next_dagrun for tutorial_taskflow_api to None, run_after=None
[2024-11-25T09:15:00.156+0000] {processor.py:208} INFO - Processing /home/airflow/.local/lib/python3.12/site-packages/airflow/example_dags/tutorial_taskflow_api.py took 0.127 seconds
[2024-11-25T09:15:30.897+0000] {processor.py:186} INFO - Started process (PID=20231) to work on /home/airflow/.local/lib/python3.12/site-packages/airflow/example_dags/tutorial_taskflow_api.py
[2024-11-25T09:15:30.898+0000] {processor.py:914} INFO - Processing file /home/airflow/.local/lib/python3.12/site-packages/airflow/example_dags/tutorial_taskflow_api.py for tasks to queue
[2024-11-25T09:15:30.900+0000] {logging_mixin.py:190} INFO - [2024-11-25T09:15:30.900+0000] {dagbag.py:588} INFO - Filling up the DagBag from /home/airflow/.local/lib/python3.12/site-packages/airflow/example_dags/tutorial_taskflow_api.py
[2024-11-25T09:15:30.916+0000] {processor.py:925} INFO - DAG(s) 'tutorial_taskflow_api' retrieved from /home/airflow/.local/lib/python3.12/site-packages/airflow/example_dags/tutorial_taskflow_api.py
[2024-11-25T09:15:30.953+0000] {logging_mixin.py:190} INFO - [2024-11-25T09:15:30.953+0000] {dag.py:3239} INFO - Sync 1 DAGs
[2024-11-25T09:15:31.001+0000] {logging_mixin.py:190} INFO - [2024-11-25T09:15:31.001+0000] {dag.py:4180} INFO - Setting next_dagrun for tutorial_taskflow_api to None, run_after=None
[2024-11-25T09:15:31.035+0000] {processor.py:208} INFO - Processing /home/airflow/.local/lib/python3.12/site-packages/airflow/example_dags/tutorial_taskflow_api.py took 0.148 seconds
[2024-11-25T09:16:01.995+0000] {processor.py:186} INFO - Started process (PID=20532) to work on /home/airflow/.local/lib/python3.12/site-packages/airflow/example_dags/tutorial_taskflow_api.py
[2024-11-25T09:16:01.998+0000] {processor.py:914} INFO - Processing file /home/airflow/.local/lib/python3.12/site-packages/airflow/example_dags/tutorial_taskflow_api.py for tasks to queue
[2024-11-25T09:16:02.003+0000] {logging_mixin.py:190} INFO - [2024-11-25T09:16:02.002+0000] {dagbag.py:588} INFO - Filling up the DagBag from /home/airflow/.local/lib/python3.12/site-packages/airflow/example_dags/tutorial_taskflow_api.py
[2024-11-25T09:16:02.018+0000] {processor.py:925} INFO - DAG(s) 'tutorial_taskflow_api' retrieved from /home/airflow/.local/lib/python3.12/site-packages/airflow/example_dags/tutorial_taskflow_api.py
[2024-11-25T09:16:02.058+0000] {logging_mixin.py:190} INFO - [2024-11-25T09:16:02.058+0000] {dag.py:3239} INFO - Sync 1 DAGs
[2024-11-25T09:16:02.085+0000] {logging_mixin.py:190} INFO - [2024-11-25T09:16:02.085+0000] {dag.py:4180} INFO - Setting next_dagrun for tutorial_taskflow_api to None, run_after=None
[2024-11-25T09:16:02.124+0000] {processor.py:208} INFO - Processing /home/airflow/.local/lib/python3.12/site-packages/airflow/example_dags/tutorial_taskflow_api.py took 0.137 seconds
[2024-11-25T09:16:34.915+0000] {processor.py:186} INFO - Started process (PID=20835) to work on /home/airflow/.local/lib/python3.12/site-packages/airflow/example_dags/tutorial_taskflow_api.py
[2024-11-25T09:16:34.919+0000] {processor.py:914} INFO - Processing file /home/airflow/.local/lib/python3.12/site-packages/airflow/example_dags/tutorial_taskflow_api.py for tasks to queue
[2024-11-25T09:16:34.925+0000] {logging_mixin.py:190} INFO - [2024-11-25T09:16:34.925+0000] {dagbag.py:588} INFO - Filling up the DagBag from /home/airflow/.local/lib/python3.12/site-packages/airflow/example_dags/tutorial_taskflow_api.py
[2024-11-25T09:16:34.941+0000] {processor.py:925} INFO - DAG(s) 'tutorial_taskflow_api' retrieved from /home/airflow/.local/lib/python3.12/site-packages/airflow/example_dags/tutorial_taskflow_api.py
[2024-11-25T09:16:34.979+0000] {logging_mixin.py:190} INFO - [2024-11-25T09:16:34.979+0000] {dag.py:3239} INFO - Sync 1 DAGs
[2024-11-25T09:16:35.007+0000] {logging_mixin.py:190} INFO - [2024-11-25T09:16:35.006+0000] {dag.py:4180} INFO - Setting next_dagrun for tutorial_taskflow_api to None, run_after=None
[2024-11-25T09:16:35.063+0000] {processor.py:208} INFO - Processing /home/airflow/.local/lib/python3.12/site-packages/airflow/example_dags/tutorial_taskflow_api.py took 0.157 seconds
[2024-11-25T09:17:05.275+0000] {processor.py:186} INFO - Started process (PID=21134) to work on /home/airflow/.local/lib/python3.12/site-packages/airflow/example_dags/tutorial_taskflow_api.py
[2024-11-25T09:17:05.277+0000] {processor.py:914} INFO - Processing file /home/airflow/.local/lib/python3.12/site-packages/airflow/example_dags/tutorial_taskflow_api.py for tasks to queue
[2024-11-25T09:17:05.279+0000] {logging_mixin.py:190} INFO - [2024-11-25T09:17:05.279+0000] {dagbag.py:588} INFO - Filling up the DagBag from /home/airflow/.local/lib/python3.12/site-packages/airflow/example_dags/tutorial_taskflow_api.py
[2024-11-25T09:17:05.290+0000] {processor.py:925} INFO - DAG(s) 'tutorial_taskflow_api' retrieved from /home/airflow/.local/lib/python3.12/site-packages/airflow/example_dags/tutorial_taskflow_api.py
[2024-11-25T09:17:05.314+0000] {logging_mixin.py:190} INFO - [2024-11-25T09:17:05.314+0000] {dag.py:3239} INFO - Sync 1 DAGs
[2024-11-25T09:17:05.332+0000] {logging_mixin.py:190} INFO - [2024-11-25T09:17:05.332+0000] {dag.py:4180} INFO - Setting next_dagrun for tutorial_taskflow_api to None, run_after=None
[2024-11-25T09:17:05.351+0000] {processor.py:208} INFO - Processing /home/airflow/.local/lib/python3.12/site-packages/airflow/example_dags/tutorial_taskflow_api.py took 0.083 seconds
[2024-11-25T09:17:35.827+0000] {processor.py:186} INFO - Started process (PID=21435) to work on /home/airflow/.local/lib/python3.12/site-packages/airflow/example_dags/tutorial_taskflow_api.py
[2024-11-25T09:17:35.828+0000] {processor.py:914} INFO - Processing file /home/airflow/.local/lib/python3.12/site-packages/airflow/example_dags/tutorial_taskflow_api.py for tasks to queue
[2024-11-25T09:17:35.831+0000] {logging_mixin.py:190} INFO - [2024-11-25T09:17:35.830+0000] {dagbag.py:588} INFO - Filling up the DagBag from /home/airflow/.local/lib/python3.12/site-packages/airflow/example_dags/tutorial_taskflow_api.py
[2024-11-25T09:17:35.840+0000] {processor.py:925} INFO - DAG(s) 'tutorial_taskflow_api' retrieved from /home/airflow/.local/lib/python3.12/site-packages/airflow/example_dags/tutorial_taskflow_api.py
[2024-11-25T09:17:35.862+0000] {logging_mixin.py:190} INFO - [2024-11-25T09:17:35.862+0000] {dag.py:3239} INFO - Sync 1 DAGs
[2024-11-25T09:17:35.877+0000] {logging_mixin.py:190} INFO - [2024-11-25T09:17:35.876+0000] {dag.py:4180} INFO - Setting next_dagrun for tutorial_taskflow_api to None, run_after=None
[2024-11-25T09:17:35.901+0000] {processor.py:208} INFO - Processing /home/airflow/.local/lib/python3.12/site-packages/airflow/example_dags/tutorial_taskflow_api.py took 0.081 seconds
[2024-11-25T09:18:06.655+0000] {processor.py:186} INFO - Started process (PID=21736) to work on /home/airflow/.local/lib/python3.12/site-packages/airflow/example_dags/tutorial_taskflow_api.py
[2024-11-25T09:18:06.656+0000] {processor.py:914} INFO - Processing file /home/airflow/.local/lib/python3.12/site-packages/airflow/example_dags/tutorial_taskflow_api.py for tasks to queue
[2024-11-25T09:18:06.659+0000] {logging_mixin.py:190} INFO - [2024-11-25T09:18:06.659+0000] {dagbag.py:588} INFO - Filling up the DagBag from /home/airflow/.local/lib/python3.12/site-packages/airflow/example_dags/tutorial_taskflow_api.py
[2024-11-25T09:18:06.673+0000] {processor.py:925} INFO - DAG(s) 'tutorial_taskflow_api' retrieved from /home/airflow/.local/lib/python3.12/site-packages/airflow/example_dags/tutorial_taskflow_api.py
[2024-11-25T09:18:06.699+0000] {logging_mixin.py:190} INFO - [2024-11-25T09:18:06.699+0000] {dag.py:3239} INFO - Sync 1 DAGs
[2024-11-25T09:18:06.717+0000] {logging_mixin.py:190} INFO - [2024-11-25T09:18:06.716+0000] {dag.py:4180} INFO - Setting next_dagrun for tutorial_taskflow_api to None, run_after=None
[2024-11-25T09:18:06.739+0000] {processor.py:208} INFO - Processing /home/airflow/.local/lib/python3.12/site-packages/airflow/example_dags/tutorial_taskflow_api.py took 0.091 seconds
[2024-11-25T09:18:37.245+0000] {processor.py:186} INFO - Started process (PID=22037) to work on /home/airflow/.local/lib/python3.12/site-packages/airflow/example_dags/tutorial_taskflow_api.py
[2024-11-25T09:18:37.246+0000] {processor.py:914} INFO - Processing file /home/airflow/.local/lib/python3.12/site-packages/airflow/example_dags/tutorial_taskflow_api.py for tasks to queue
[2024-11-25T09:18:37.253+0000] {logging_mixin.py:190} INFO - [2024-11-25T09:18:37.252+0000] {dagbag.py:588} INFO - Filling up the DagBag from /home/airflow/.local/lib/python3.12/site-packages/airflow/example_dags/tutorial_taskflow_api.py
[2024-11-25T09:18:37.264+0000] {processor.py:925} INFO - DAG(s) 'tutorial_taskflow_api' retrieved from /home/airflow/.local/lib/python3.12/site-packages/airflow/example_dags/tutorial_taskflow_api.py
[2024-11-25T09:18:37.291+0000] {logging_mixin.py:190} INFO - [2024-11-25T09:18:37.291+0000] {dag.py:3239} INFO - Sync 1 DAGs
[2024-11-25T09:18:37.310+0000] {logging_mixin.py:190} INFO - [2024-11-25T09:18:37.309+0000] {dag.py:4180} INFO - Setting next_dagrun for tutorial_taskflow_api to None, run_after=None
[2024-11-25T09:18:37.336+0000] {processor.py:208} INFO - Processing /home/airflow/.local/lib/python3.12/site-packages/airflow/example_dags/tutorial_taskflow_api.py took 0.099 seconds
