[2024-11-25T08:41:39.805+0000] {processor.py:186} INFO - Started process (PID=407) to work on /home/airflow/.local/lib/python3.12/site-packages/airflow/example_dags/tutorial.py
[2024-11-25T08:41:39.807+0000] {processor.py:914} INFO - Processing file /home/airflow/.local/lib/python3.12/site-packages/airflow/example_dags/tutorial.py for tasks to queue
[2024-11-25T08:41:39.811+0000] {logging_mixin.py:190} INFO - [2024-11-25T08:41:39.811+0000] {dagbag.py:588} INFO - Filling up the DagBag from /home/airflow/.local/lib/python3.12/site-packages/airflow/example_dags/tutorial.py
[2024-11-25T08:41:39.828+0000] {processor.py:925} INFO - DAG(s) 'tutorial' retrieved from /home/airflow/.local/lib/python3.12/site-packages/airflow/example_dags/tutorial.py
[2024-11-25T08:41:40.055+0000] {logging_mixin.py:190} INFO - [2024-11-25T08:41:40.044+0000] {override.py:1911} INFO - Created Permission View: can edit on DAG:tutorial
[2024-11-25T08:41:40.076+0000] {logging_mixin.py:190} INFO - [2024-11-25T08:41:40.076+0000] {override.py:1911} INFO - Created Permission View: can delete on DAG:tutorial
[2024-11-25T08:41:40.094+0000] {logging_mixin.py:190} INFO - [2024-11-25T08:41:40.094+0000] {override.py:1911} INFO - Created Permission View: can read on DAG:tutorial
[2024-11-25T08:41:40.122+0000] {logging_mixin.py:190} INFO - [2024-11-25T08:41:40.122+0000] {override.py:1911} INFO - Created Permission View: can create on DAG Run:tutorial
[2024-11-25T08:41:40.137+0000] {logging_mixin.py:190} INFO - [2024-11-25T08:41:40.136+0000] {override.py:1911} INFO - Created Permission View: can delete on DAG Run:tutorial
[2024-11-25T08:41:40.148+0000] {logging_mixin.py:190} INFO - [2024-11-25T08:41:40.148+0000] {override.py:1911} INFO - Created Permission View: menu access on DAG Run:tutorial
[2024-11-25T08:41:40.157+0000] {logging_mixin.py:190} INFO - [2024-11-25T08:41:40.157+0000] {override.py:1911} INFO - Created Permission View: can read on DAG Run:tutorial
[2024-11-25T08:41:40.158+0000] {logging_mixin.py:190} INFO - [2024-11-25T08:41:40.158+0000] {dag.py:3239} INFO - Sync 1 DAGs
[2024-11-25T08:41:40.174+0000] {logging_mixin.py:190} INFO - [2024-11-25T08:41:40.174+0000] {dag.py:3262} INFO - Creating ORM DAG for tutorial
[2024-11-25T08:41:40.191+0000] {logging_mixin.py:190} INFO - [2024-11-25T08:41:40.191+0000] {dag.py:4180} INFO - Setting next_dagrun for tutorial to 2024-11-24 00:00:00+00:00, run_after=2024-11-25 00:00:00+00:00
[2024-11-25T08:41:40.219+0000] {processor.py:208} INFO - Processing /home/airflow/.local/lib/python3.12/site-packages/airflow/example_dags/tutorial.py took 0.427 seconds
[2024-11-25T08:42:11.121+0000] {processor.py:186} INFO - Started process (PID=711) to work on /home/airflow/.local/lib/python3.12/site-packages/airflow/example_dags/tutorial.py
[2024-11-25T08:42:11.125+0000] {processor.py:914} INFO - Processing file /home/airflow/.local/lib/python3.12/site-packages/airflow/example_dags/tutorial.py for tasks to queue
[2024-11-25T08:42:11.130+0000] {logging_mixin.py:190} INFO - [2024-11-25T08:42:11.129+0000] {dagbag.py:588} INFO - Filling up the DagBag from /home/airflow/.local/lib/python3.12/site-packages/airflow/example_dags/tutorial.py
[2024-11-25T08:42:11.140+0000] {processor.py:925} INFO - DAG(s) 'tutorial' retrieved from /home/airflow/.local/lib/python3.12/site-packages/airflow/example_dags/tutorial.py
[2024-11-25T08:42:11.167+0000] {logging_mixin.py:190} INFO - [2024-11-25T08:42:11.167+0000] {dag.py:3239} INFO - Sync 1 DAGs
[2024-11-25T08:42:11.193+0000] {logging_mixin.py:190} INFO - [2024-11-25T08:42:11.193+0000] {dag.py:4180} INFO - Setting next_dagrun for tutorial to 2024-11-24 00:00:00+00:00, run_after=2024-11-25 00:00:00+00:00
[2024-11-25T08:42:11.216+0000] {processor.py:208} INFO - Processing /home/airflow/.local/lib/python3.12/site-packages/airflow/example_dags/tutorial.py took 0.112 seconds
[2024-11-25T08:42:42.141+0000] {processor.py:186} INFO - Started process (PID=1013) to work on /home/airflow/.local/lib/python3.12/site-packages/airflow/example_dags/tutorial.py
[2024-11-25T08:42:42.156+0000] {processor.py:914} INFO - Processing file /home/airflow/.local/lib/python3.12/site-packages/airflow/example_dags/tutorial.py for tasks to queue
[2024-11-25T08:42:42.164+0000] {logging_mixin.py:190} INFO - [2024-11-25T08:42:42.162+0000] {dagbag.py:588} INFO - Filling up the DagBag from /home/airflow/.local/lib/python3.12/site-packages/airflow/example_dags/tutorial.py
[2024-11-25T08:42:42.224+0000] {processor.py:925} INFO - DAG(s) 'tutorial' retrieved from /home/airflow/.local/lib/python3.12/site-packages/airflow/example_dags/tutorial.py
[2024-11-25T08:42:42.338+0000] {logging_mixin.py:190} INFO - [2024-11-25T08:42:42.337+0000] {dag.py:3239} INFO - Sync 1 DAGs
[2024-11-25T08:42:42.425+0000] {logging_mixin.py:190} INFO - [2024-11-25T08:42:42.424+0000] {dag.py:4180} INFO - Setting next_dagrun for tutorial to 2024-11-24 00:00:00+00:00, run_after=2024-11-25 00:00:00+00:00
[2024-11-25T08:42:42.472+0000] {processor.py:208} INFO - Processing /home/airflow/.local/lib/python3.12/site-packages/airflow/example_dags/tutorial.py took 0.372 seconds
[2024-11-25T08:43:13.319+0000] {processor.py:186} INFO - Started process (PID=1318) to work on /home/airflow/.local/lib/python3.12/site-packages/airflow/example_dags/tutorial.py
[2024-11-25T08:43:13.320+0000] {processor.py:914} INFO - Processing file /home/airflow/.local/lib/python3.12/site-packages/airflow/example_dags/tutorial.py for tasks to queue
[2024-11-25T08:43:13.322+0000] {logging_mixin.py:190} INFO - [2024-11-25T08:43:13.322+0000] {dagbag.py:588} INFO - Filling up the DagBag from /home/airflow/.local/lib/python3.12/site-packages/airflow/example_dags/tutorial.py
[2024-11-25T08:43:13.329+0000] {processor.py:925} INFO - DAG(s) 'tutorial' retrieved from /home/airflow/.local/lib/python3.12/site-packages/airflow/example_dags/tutorial.py
[2024-11-25T08:43:13.353+0000] {logging_mixin.py:190} INFO - [2024-11-25T08:43:13.352+0000] {dag.py:3239} INFO - Sync 1 DAGs
[2024-11-25T08:43:13.376+0000] {logging_mixin.py:190} INFO - [2024-11-25T08:43:13.375+0000] {dag.py:4180} INFO - Setting next_dagrun for tutorial to 2024-11-24 00:00:00+00:00, run_after=2024-11-25 00:00:00+00:00
[2024-11-25T08:43:13.395+0000] {processor.py:208} INFO - Processing /home/airflow/.local/lib/python3.12/site-packages/airflow/example_dags/tutorial.py took 0.082 seconds
[2024-11-25T08:43:44.249+0000] {processor.py:186} INFO - Started process (PID=1619) to work on /home/airflow/.local/lib/python3.12/site-packages/airflow/example_dags/tutorial.py
[2024-11-25T08:43:44.250+0000] {processor.py:914} INFO - Processing file /home/airflow/.local/lib/python3.12/site-packages/airflow/example_dags/tutorial.py for tasks to queue
[2024-11-25T08:43:44.253+0000] {logging_mixin.py:190} INFO - [2024-11-25T08:43:44.252+0000] {dagbag.py:588} INFO - Filling up the DagBag from /home/airflow/.local/lib/python3.12/site-packages/airflow/example_dags/tutorial.py
[2024-11-25T08:43:44.260+0000] {processor.py:925} INFO - DAG(s) 'tutorial' retrieved from /home/airflow/.local/lib/python3.12/site-packages/airflow/example_dags/tutorial.py
[2024-11-25T08:43:44.284+0000] {logging_mixin.py:190} INFO - [2024-11-25T08:43:44.283+0000] {dag.py:3239} INFO - Sync 1 DAGs
[2024-11-25T08:43:44.315+0000] {logging_mixin.py:190} INFO - [2024-11-25T08:43:44.315+0000] {dag.py:4180} INFO - Setting next_dagrun for tutorial to 2024-11-24 00:00:00+00:00, run_after=2024-11-25 00:00:00+00:00
[2024-11-25T08:43:44.351+0000] {processor.py:208} INFO - Processing /home/airflow/.local/lib/python3.12/site-packages/airflow/example_dags/tutorial.py took 0.107 seconds
[2024-11-25T08:44:14.859+0000] {processor.py:186} INFO - Started process (PID=1921) to work on /home/airflow/.local/lib/python3.12/site-packages/airflow/example_dags/tutorial.py
[2024-11-25T08:44:14.861+0000] {processor.py:914} INFO - Processing file /home/airflow/.local/lib/python3.12/site-packages/airflow/example_dags/tutorial.py for tasks to queue
[2024-11-25T08:44:14.864+0000] {logging_mixin.py:190} INFO - [2024-11-25T08:44:14.864+0000] {dagbag.py:588} INFO - Filling up the DagBag from /home/airflow/.local/lib/python3.12/site-packages/airflow/example_dags/tutorial.py
[2024-11-25T08:44:14.874+0000] {processor.py:925} INFO - DAG(s) 'tutorial' retrieved from /home/airflow/.local/lib/python3.12/site-packages/airflow/example_dags/tutorial.py
[2024-11-25T08:44:14.904+0000] {logging_mixin.py:190} INFO - [2024-11-25T08:44:14.904+0000] {dag.py:3239} INFO - Sync 1 DAGs
[2024-11-25T08:44:14.941+0000] {logging_mixin.py:190} INFO - [2024-11-25T08:44:14.941+0000] {dag.py:4180} INFO - Setting next_dagrun for tutorial to 2024-11-24 00:00:00+00:00, run_after=2024-11-25 00:00:00+00:00
[2024-11-25T08:44:14.966+0000] {processor.py:208} INFO - Processing /home/airflow/.local/lib/python3.12/site-packages/airflow/example_dags/tutorial.py took 0.112 seconds
[2024-11-25T08:44:45.422+0000] {processor.py:186} INFO - Started process (PID=2222) to work on /home/airflow/.local/lib/python3.12/site-packages/airflow/example_dags/tutorial.py
[2024-11-25T08:44:45.423+0000] {processor.py:914} INFO - Processing file /home/airflow/.local/lib/python3.12/site-packages/airflow/example_dags/tutorial.py for tasks to queue
[2024-11-25T08:44:45.426+0000] {logging_mixin.py:190} INFO - [2024-11-25T08:44:45.426+0000] {dagbag.py:588} INFO - Filling up the DagBag from /home/airflow/.local/lib/python3.12/site-packages/airflow/example_dags/tutorial.py
[2024-11-25T08:44:45.437+0000] {processor.py:925} INFO - DAG(s) 'tutorial' retrieved from /home/airflow/.local/lib/python3.12/site-packages/airflow/example_dags/tutorial.py
[2024-11-25T08:44:45.469+0000] {logging_mixin.py:190} INFO - [2024-11-25T08:44:45.468+0000] {dag.py:3239} INFO - Sync 1 DAGs
[2024-11-25T08:44:45.513+0000] {logging_mixin.py:190} INFO - [2024-11-25T08:44:45.512+0000] {dag.py:4180} INFO - Setting next_dagrun for tutorial to 2024-11-24 00:00:00+00:00, run_after=2024-11-25 00:00:00+00:00
[2024-11-25T08:44:45.552+0000] {processor.py:208} INFO - Processing /home/airflow/.local/lib/python3.12/site-packages/airflow/example_dags/tutorial.py took 0.136 seconds
[2024-11-25T08:45:16.286+0000] {processor.py:186} INFO - Started process (PID=2523) to work on /home/airflow/.local/lib/python3.12/site-packages/airflow/example_dags/tutorial.py
[2024-11-25T08:45:16.288+0000] {processor.py:914} INFO - Processing file /home/airflow/.local/lib/python3.12/site-packages/airflow/example_dags/tutorial.py for tasks to queue
[2024-11-25T08:45:16.291+0000] {logging_mixin.py:190} INFO - [2024-11-25T08:45:16.290+0000] {dagbag.py:588} INFO - Filling up the DagBag from /home/airflow/.local/lib/python3.12/site-packages/airflow/example_dags/tutorial.py
[2024-11-25T08:45:16.301+0000] {processor.py:925} INFO - DAG(s) 'tutorial' retrieved from /home/airflow/.local/lib/python3.12/site-packages/airflow/example_dags/tutorial.py
[2024-11-25T08:45:16.341+0000] {logging_mixin.py:190} INFO - [2024-11-25T08:45:16.341+0000] {dag.py:3239} INFO - Sync 1 DAGs
[2024-11-25T08:45:16.371+0000] {logging_mixin.py:190} INFO - [2024-11-25T08:45:16.371+0000] {dag.py:4180} INFO - Setting next_dagrun for tutorial to 2024-11-24 00:00:00+00:00, run_after=2024-11-25 00:00:00+00:00
[2024-11-25T08:45:16.392+0000] {processor.py:208} INFO - Processing /home/airflow/.local/lib/python3.12/site-packages/airflow/example_dags/tutorial.py took 0.115 seconds
[2024-11-25T08:45:46.479+0000] {processor.py:186} INFO - Started process (PID=2825) to work on /home/airflow/.local/lib/python3.12/site-packages/airflow/example_dags/tutorial.py
[2024-11-25T08:45:46.480+0000] {processor.py:914} INFO - Processing file /home/airflow/.local/lib/python3.12/site-packages/airflow/example_dags/tutorial.py for tasks to queue
[2024-11-25T08:45:46.484+0000] {logging_mixin.py:190} INFO - [2024-11-25T08:45:46.483+0000] {dagbag.py:588} INFO - Filling up the DagBag from /home/airflow/.local/lib/python3.12/site-packages/airflow/example_dags/tutorial.py
[2024-11-25T08:45:46.501+0000] {processor.py:925} INFO - DAG(s) 'tutorial' retrieved from /home/airflow/.local/lib/python3.12/site-packages/airflow/example_dags/tutorial.py
[2024-11-25T08:45:46.533+0000] {logging_mixin.py:190} INFO - [2024-11-25T08:45:46.533+0000] {dag.py:3239} INFO - Sync 1 DAGs
[2024-11-25T08:45:46.567+0000] {logging_mixin.py:190} INFO - [2024-11-25T08:45:46.566+0000] {dag.py:4180} INFO - Setting next_dagrun for tutorial to 2024-11-24 00:00:00+00:00, run_after=2024-11-25 00:00:00+00:00
[2024-11-25T08:45:46.596+0000] {processor.py:208} INFO - Processing /home/airflow/.local/lib/python3.12/site-packages/airflow/example_dags/tutorial.py took 0.128 seconds
[2024-11-25T08:46:17.008+0000] {processor.py:186} INFO - Started process (PID=3126) to work on /home/airflow/.local/lib/python3.12/site-packages/airflow/example_dags/tutorial.py
[2024-11-25T08:46:17.011+0000] {processor.py:914} INFO - Processing file /home/airflow/.local/lib/python3.12/site-packages/airflow/example_dags/tutorial.py for tasks to queue
[2024-11-25T08:46:17.014+0000] {logging_mixin.py:190} INFO - [2024-11-25T08:46:17.014+0000] {dagbag.py:588} INFO - Filling up the DagBag from /home/airflow/.local/lib/python3.12/site-packages/airflow/example_dags/tutorial.py
[2024-11-25T08:46:17.029+0000] {processor.py:925} INFO - DAG(s) 'tutorial' retrieved from /home/airflow/.local/lib/python3.12/site-packages/airflow/example_dags/tutorial.py
[2024-11-25T08:46:17.061+0000] {logging_mixin.py:190} INFO - [2024-11-25T08:46:17.061+0000] {dag.py:3239} INFO - Sync 1 DAGs
[2024-11-25T08:46:17.090+0000] {logging_mixin.py:190} INFO - [2024-11-25T08:46:17.090+0000] {dag.py:4180} INFO - Setting next_dagrun for tutorial to 2024-11-24 00:00:00+00:00, run_after=2024-11-25 00:00:00+00:00
[2024-11-25T08:46:17.120+0000] {processor.py:208} INFO - Processing /home/airflow/.local/lib/python3.12/site-packages/airflow/example_dags/tutorial.py took 0.121 seconds
[2024-11-25T08:46:50.947+0000] {processor.py:186} INFO - Started process (PID=3428) to work on /home/airflow/.local/lib/python3.12/site-packages/airflow/example_dags/tutorial.py
[2024-11-25T08:46:50.949+0000] {processor.py:914} INFO - Processing file /home/airflow/.local/lib/python3.12/site-packages/airflow/example_dags/tutorial.py for tasks to queue
[2024-11-25T08:46:50.951+0000] {logging_mixin.py:190} INFO - [2024-11-25T08:46:50.951+0000] {dagbag.py:588} INFO - Filling up the DagBag from /home/airflow/.local/lib/python3.12/site-packages/airflow/example_dags/tutorial.py
[2024-11-25T08:46:50.962+0000] {processor.py:925} INFO - DAG(s) 'tutorial' retrieved from /home/airflow/.local/lib/python3.12/site-packages/airflow/example_dags/tutorial.py
[2024-11-25T08:46:50.987+0000] {logging_mixin.py:190} INFO - [2024-11-25T08:46:50.986+0000] {dag.py:3239} INFO - Sync 1 DAGs
[2024-11-25T08:46:51.016+0000] {logging_mixin.py:190} INFO - [2024-11-25T08:46:51.016+0000] {dag.py:4180} INFO - Setting next_dagrun for tutorial to 2024-11-24 00:00:00+00:00, run_after=2024-11-25 00:00:00+00:00
[2024-11-25T08:46:51.044+0000] {processor.py:208} INFO - Processing /home/airflow/.local/lib/python3.12/site-packages/airflow/example_dags/tutorial.py took 0.103 seconds
[2024-11-25T08:47:21.216+0000] {processor.py:186} INFO - Started process (PID=3729) to work on /home/airflow/.local/lib/python3.12/site-packages/airflow/example_dags/tutorial.py
[2024-11-25T08:47:21.217+0000] {processor.py:914} INFO - Processing file /home/airflow/.local/lib/python3.12/site-packages/airflow/example_dags/tutorial.py for tasks to queue
[2024-11-25T08:47:21.219+0000] {logging_mixin.py:190} INFO - [2024-11-25T08:47:21.219+0000] {dagbag.py:588} INFO - Filling up the DagBag from /home/airflow/.local/lib/python3.12/site-packages/airflow/example_dags/tutorial.py
[2024-11-25T08:47:21.227+0000] {processor.py:925} INFO - DAG(s) 'tutorial' retrieved from /home/airflow/.local/lib/python3.12/site-packages/airflow/example_dags/tutorial.py
[2024-11-25T08:47:21.253+0000] {logging_mixin.py:190} INFO - [2024-11-25T08:47:21.252+0000] {dag.py:3239} INFO - Sync 1 DAGs
[2024-11-25T08:47:21.277+0000] {logging_mixin.py:190} INFO - [2024-11-25T08:47:21.277+0000] {dag.py:4180} INFO - Setting next_dagrun for tutorial to 2024-11-24 00:00:00+00:00, run_after=2024-11-25 00:00:00+00:00
[2024-11-25T08:47:21.298+0000] {processor.py:208} INFO - Processing /home/airflow/.local/lib/python3.12/site-packages/airflow/example_dags/tutorial.py took 0.088 seconds
[2024-11-25T08:47:52.035+0000] {processor.py:186} INFO - Started process (PID=4030) to work on /home/airflow/.local/lib/python3.12/site-packages/airflow/example_dags/tutorial.py
[2024-11-25T08:47:52.037+0000] {processor.py:914} INFO - Processing file /home/airflow/.local/lib/python3.12/site-packages/airflow/example_dags/tutorial.py for tasks to queue
[2024-11-25T08:47:52.040+0000] {logging_mixin.py:190} INFO - [2024-11-25T08:47:52.040+0000] {dagbag.py:588} INFO - Filling up the DagBag from /home/airflow/.local/lib/python3.12/site-packages/airflow/example_dags/tutorial.py
[2024-11-25T08:47:52.048+0000] {processor.py:925} INFO - DAG(s) 'tutorial' retrieved from /home/airflow/.local/lib/python3.12/site-packages/airflow/example_dags/tutorial.py
[2024-11-25T08:47:52.072+0000] {logging_mixin.py:190} INFO - [2024-11-25T08:47:52.072+0000] {dag.py:3239} INFO - Sync 1 DAGs
[2024-11-25T08:47:52.096+0000] {logging_mixin.py:190} INFO - [2024-11-25T08:47:52.096+0000] {dag.py:4180} INFO - Setting next_dagrun for tutorial to 2024-11-24 00:00:00+00:00, run_after=2024-11-25 00:00:00+00:00
[2024-11-25T08:47:52.120+0000] {processor.py:208} INFO - Processing /home/airflow/.local/lib/python3.12/site-packages/airflow/example_dags/tutorial.py took 0.092 seconds
[2024-11-25T08:48:24.190+0000] {processor.py:186} INFO - Started process (PID=4331) to work on /home/airflow/.local/lib/python3.12/site-packages/airflow/example_dags/tutorial.py
[2024-11-25T08:48:24.195+0000] {processor.py:914} INFO - Processing file /home/airflow/.local/lib/python3.12/site-packages/airflow/example_dags/tutorial.py for tasks to queue
[2024-11-25T08:48:24.201+0000] {logging_mixin.py:190} INFO - [2024-11-25T08:48:24.199+0000] {dagbag.py:588} INFO - Filling up the DagBag from /home/airflow/.local/lib/python3.12/site-packages/airflow/example_dags/tutorial.py
[2024-11-25T08:48:24.239+0000] {processor.py:925} INFO - DAG(s) 'tutorial' retrieved from /home/airflow/.local/lib/python3.12/site-packages/airflow/example_dags/tutorial.py
[2024-11-25T08:48:24.287+0000] {logging_mixin.py:190} INFO - [2024-11-25T08:48:24.286+0000] {dag.py:3239} INFO - Sync 1 DAGs
[2024-11-25T08:48:24.333+0000] {logging_mixin.py:190} INFO - [2024-11-25T08:48:24.332+0000] {dag.py:4180} INFO - Setting next_dagrun for tutorial to 2024-11-24 00:00:00+00:00, run_after=2024-11-25 00:00:00+00:00
[2024-11-25T08:48:24.353+0000] {processor.py:208} INFO - Processing /home/airflow/.local/lib/python3.12/site-packages/airflow/example_dags/tutorial.py took 0.177 seconds
[2024-11-25T08:48:56.420+0000] {processor.py:186} INFO - Started process (PID=4632) to work on /home/airflow/.local/lib/python3.12/site-packages/airflow/example_dags/tutorial.py
[2024-11-25T08:48:56.421+0000] {processor.py:914} INFO - Processing file /home/airflow/.local/lib/python3.12/site-packages/airflow/example_dags/tutorial.py for tasks to queue
[2024-11-25T08:48:56.425+0000] {logging_mixin.py:190} INFO - [2024-11-25T08:48:56.424+0000] {dagbag.py:588} INFO - Filling up the DagBag from /home/airflow/.local/lib/python3.12/site-packages/airflow/example_dags/tutorial.py
[2024-11-25T08:48:56.441+0000] {processor.py:925} INFO - DAG(s) 'tutorial' retrieved from /home/airflow/.local/lib/python3.12/site-packages/airflow/example_dags/tutorial.py
[2024-11-25T08:48:56.503+0000] {logging_mixin.py:190} INFO - [2024-11-25T08:48:56.503+0000] {dag.py:3239} INFO - Sync 1 DAGs
[2024-11-25T08:48:56.565+0000] {logging_mixin.py:190} INFO - [2024-11-25T08:48:56.563+0000] {dag.py:4180} INFO - Setting next_dagrun for tutorial to 2024-11-24 00:00:00+00:00, run_after=2024-11-25 00:00:00+00:00
[2024-11-25T08:48:56.623+0000] {processor.py:208} INFO - Processing /home/airflow/.local/lib/python3.12/site-packages/airflow/example_dags/tutorial.py took 0.212 seconds
[2024-11-25T08:49:26.961+0000] {processor.py:186} INFO - Started process (PID=4933) to work on /home/airflow/.local/lib/python3.12/site-packages/airflow/example_dags/tutorial.py
[2024-11-25T08:49:26.962+0000] {processor.py:914} INFO - Processing file /home/airflow/.local/lib/python3.12/site-packages/airflow/example_dags/tutorial.py for tasks to queue
[2024-11-25T08:49:26.966+0000] {logging_mixin.py:190} INFO - [2024-11-25T08:49:26.965+0000] {dagbag.py:588} INFO - Filling up the DagBag from /home/airflow/.local/lib/python3.12/site-packages/airflow/example_dags/tutorial.py
[2024-11-25T08:49:26.974+0000] {processor.py:925} INFO - DAG(s) 'tutorial' retrieved from /home/airflow/.local/lib/python3.12/site-packages/airflow/example_dags/tutorial.py
[2024-11-25T08:49:27.002+0000] {logging_mixin.py:190} INFO - [2024-11-25T08:49:27.002+0000] {dag.py:3239} INFO - Sync 1 DAGs
[2024-11-25T08:49:27.029+0000] {logging_mixin.py:190} INFO - [2024-11-25T08:49:27.028+0000] {dag.py:4180} INFO - Setting next_dagrun for tutorial to 2024-11-24 00:00:00+00:00, run_after=2024-11-25 00:00:00+00:00
[2024-11-25T08:49:27.053+0000] {processor.py:208} INFO - Processing /home/airflow/.local/lib/python3.12/site-packages/airflow/example_dags/tutorial.py took 0.100 seconds
[2024-11-25T08:49:57.864+0000] {processor.py:186} INFO - Started process (PID=5229) to work on /home/airflow/.local/lib/python3.12/site-packages/airflow/example_dags/tutorial.py
[2024-11-25T08:49:57.865+0000] {processor.py:914} INFO - Processing file /home/airflow/.local/lib/python3.12/site-packages/airflow/example_dags/tutorial.py for tasks to queue
[2024-11-25T08:49:57.868+0000] {logging_mixin.py:190} INFO - [2024-11-25T08:49:57.868+0000] {dagbag.py:588} INFO - Filling up the DagBag from /home/airflow/.local/lib/python3.12/site-packages/airflow/example_dags/tutorial.py
[2024-11-25T08:49:57.877+0000] {processor.py:925} INFO - DAG(s) 'tutorial' retrieved from /home/airflow/.local/lib/python3.12/site-packages/airflow/example_dags/tutorial.py
[2024-11-25T08:49:57.904+0000] {logging_mixin.py:190} INFO - [2024-11-25T08:49:57.903+0000] {dag.py:3239} INFO - Sync 1 DAGs
[2024-11-25T08:49:57.941+0000] {logging_mixin.py:190} INFO - [2024-11-25T08:49:57.940+0000] {dag.py:4180} INFO - Setting next_dagrun for tutorial to 2024-11-24 00:00:00+00:00, run_after=2024-11-25 00:00:00+00:00
[2024-11-25T08:49:57.968+0000] {processor.py:208} INFO - Processing /home/airflow/.local/lib/python3.12/site-packages/airflow/example_dags/tutorial.py took 0.113 seconds
[2024-11-25T08:50:31.677+0000] {processor.py:186} INFO - Started process (PID=5530) to work on /home/airflow/.local/lib/python3.12/site-packages/airflow/example_dags/tutorial.py
[2024-11-25T08:50:31.685+0000] {processor.py:914} INFO - Processing file /home/airflow/.local/lib/python3.12/site-packages/airflow/example_dags/tutorial.py for tasks to queue
[2024-11-25T08:50:31.696+0000] {logging_mixin.py:190} INFO - [2024-11-25T08:50:31.695+0000] {dagbag.py:588} INFO - Filling up the DagBag from /home/airflow/.local/lib/python3.12/site-packages/airflow/example_dags/tutorial.py
[2024-11-25T08:50:31.739+0000] {processor.py:925} INFO - DAG(s) 'tutorial' retrieved from /home/airflow/.local/lib/python3.12/site-packages/airflow/example_dags/tutorial.py
[2024-11-25T08:50:31.826+0000] {logging_mixin.py:190} INFO - [2024-11-25T08:50:31.825+0000] {dag.py:3239} INFO - Sync 1 DAGs
[2024-11-25T08:50:31.896+0000] {logging_mixin.py:190} INFO - [2024-11-25T08:50:31.895+0000] {dag.py:4180} INFO - Setting next_dagrun for tutorial to 2024-11-24 00:00:00+00:00, run_after=2024-11-25 00:00:00+00:00
[2024-11-25T08:50:32.009+0000] {processor.py:208} INFO - Processing /home/airflow/.local/lib/python3.12/site-packages/airflow/example_dags/tutorial.py took 0.354 seconds
[2024-11-25T08:51:02.757+0000] {processor.py:186} INFO - Started process (PID=5831) to work on /home/airflow/.local/lib/python3.12/site-packages/airflow/example_dags/tutorial.py
[2024-11-25T08:51:02.759+0000] {processor.py:914} INFO - Processing file /home/airflow/.local/lib/python3.12/site-packages/airflow/example_dags/tutorial.py for tasks to queue
[2024-11-25T08:51:02.762+0000] {logging_mixin.py:190} INFO - [2024-11-25T08:51:02.761+0000] {dagbag.py:588} INFO - Filling up the DagBag from /home/airflow/.local/lib/python3.12/site-packages/airflow/example_dags/tutorial.py
[2024-11-25T08:51:02.771+0000] {processor.py:925} INFO - DAG(s) 'tutorial' retrieved from /home/airflow/.local/lib/python3.12/site-packages/airflow/example_dags/tutorial.py
[2024-11-25T08:51:02.811+0000] {logging_mixin.py:190} INFO - [2024-11-25T08:51:02.811+0000] {dag.py:3239} INFO - Sync 1 DAGs
[2024-11-25T08:51:02.866+0000] {logging_mixin.py:190} INFO - [2024-11-25T08:51:02.865+0000] {dag.py:4180} INFO - Setting next_dagrun for tutorial to 2024-11-24 00:00:00+00:00, run_after=2024-11-25 00:00:00+00:00
[2024-11-25T08:51:02.901+0000] {processor.py:208} INFO - Processing /home/airflow/.local/lib/python3.12/site-packages/airflow/example_dags/tutorial.py took 0.152 seconds
[2024-11-25T08:51:33.325+0000] {processor.py:186} INFO - Started process (PID=6138) to work on /home/airflow/.local/lib/python3.12/site-packages/airflow/example_dags/tutorial.py
[2024-11-25T08:51:33.328+0000] {processor.py:914} INFO - Processing file /home/airflow/.local/lib/python3.12/site-packages/airflow/example_dags/tutorial.py for tasks to queue
[2024-11-25T08:51:33.335+0000] {logging_mixin.py:190} INFO - [2024-11-25T08:51:33.334+0000] {dagbag.py:588} INFO - Filling up the DagBag from /home/airflow/.local/lib/python3.12/site-packages/airflow/example_dags/tutorial.py
[2024-11-25T08:51:33.356+0000] {processor.py:925} INFO - DAG(s) 'tutorial' retrieved from /home/airflow/.local/lib/python3.12/site-packages/airflow/example_dags/tutorial.py
[2024-11-25T08:51:33.403+0000] {logging_mixin.py:190} INFO - [2024-11-25T08:51:33.403+0000] {dag.py:3239} INFO - Sync 1 DAGs
[2024-11-25T08:51:33.435+0000] {logging_mixin.py:190} INFO - [2024-11-25T08:51:33.434+0000] {dag.py:4180} INFO - Setting next_dagrun for tutorial to 2024-11-24 00:00:00+00:00, run_after=2024-11-25 00:00:00+00:00
[2024-11-25T08:51:33.461+0000] {processor.py:208} INFO - Processing /home/airflow/.local/lib/python3.12/site-packages/airflow/example_dags/tutorial.py took 0.151 seconds
[2024-11-25T08:52:03.846+0000] {processor.py:186} INFO - Started process (PID=6437) to work on /home/airflow/.local/lib/python3.12/site-packages/airflow/example_dags/tutorial.py
[2024-11-25T08:52:03.847+0000] {processor.py:914} INFO - Processing file /home/airflow/.local/lib/python3.12/site-packages/airflow/example_dags/tutorial.py for tasks to queue
[2024-11-25T08:52:03.850+0000] {logging_mixin.py:190} INFO - [2024-11-25T08:52:03.849+0000] {dagbag.py:588} INFO - Filling up the DagBag from /home/airflow/.local/lib/python3.12/site-packages/airflow/example_dags/tutorial.py
[2024-11-25T08:52:03.860+0000] {processor.py:925} INFO - DAG(s) 'tutorial' retrieved from /home/airflow/.local/lib/python3.12/site-packages/airflow/example_dags/tutorial.py
[2024-11-25T08:52:03.891+0000] {logging_mixin.py:190} INFO - [2024-11-25T08:52:03.890+0000] {dag.py:3239} INFO - Sync 1 DAGs
[2024-11-25T08:52:03.919+0000] {logging_mixin.py:190} INFO - [2024-11-25T08:52:03.919+0000] {dag.py:4180} INFO - Setting next_dagrun for tutorial to 2024-11-24 00:00:00+00:00, run_after=2024-11-25 00:00:00+00:00
[2024-11-25T08:52:03.941+0000] {processor.py:208} INFO - Processing /home/airflow/.local/lib/python3.12/site-packages/airflow/example_dags/tutorial.py took 0.101 seconds
[2024-11-25T08:52:34.251+0000] {processor.py:186} INFO - Started process (PID=6735) to work on /home/airflow/.local/lib/python3.12/site-packages/airflow/example_dags/tutorial.py
[2024-11-25T08:52:34.252+0000] {processor.py:914} INFO - Processing file /home/airflow/.local/lib/python3.12/site-packages/airflow/example_dags/tutorial.py for tasks to queue
[2024-11-25T08:52:34.255+0000] {logging_mixin.py:190} INFO - [2024-11-25T08:52:34.255+0000] {dagbag.py:588} INFO - Filling up the DagBag from /home/airflow/.local/lib/python3.12/site-packages/airflow/example_dags/tutorial.py
[2024-11-25T08:52:34.269+0000] {processor.py:925} INFO - DAG(s) 'tutorial' retrieved from /home/airflow/.local/lib/python3.12/site-packages/airflow/example_dags/tutorial.py
[2024-11-25T08:52:34.307+0000] {logging_mixin.py:190} INFO - [2024-11-25T08:52:34.306+0000] {dag.py:3239} INFO - Sync 1 DAGs
[2024-11-25T08:52:34.348+0000] {logging_mixin.py:190} INFO - [2024-11-25T08:52:34.348+0000] {dag.py:4180} INFO - Setting next_dagrun for tutorial to 2024-11-24 00:00:00+00:00, run_after=2024-11-25 00:00:00+00:00
[2024-11-25T08:52:34.372+0000] {processor.py:208} INFO - Processing /home/airflow/.local/lib/python3.12/site-packages/airflow/example_dags/tutorial.py took 0.128 seconds
[2024-11-25T08:53:04.895+0000] {processor.py:186} INFO - Started process (PID=7036) to work on /home/airflow/.local/lib/python3.12/site-packages/airflow/example_dags/tutorial.py
[2024-11-25T08:53:04.897+0000] {processor.py:914} INFO - Processing file /home/airflow/.local/lib/python3.12/site-packages/airflow/example_dags/tutorial.py for tasks to queue
[2024-11-25T08:53:04.901+0000] {logging_mixin.py:190} INFO - [2024-11-25T08:53:04.900+0000] {dagbag.py:588} INFO - Filling up the DagBag from /home/airflow/.local/lib/python3.12/site-packages/airflow/example_dags/tutorial.py
[2024-11-25T08:53:04.911+0000] {processor.py:925} INFO - DAG(s) 'tutorial' retrieved from /home/airflow/.local/lib/python3.12/site-packages/airflow/example_dags/tutorial.py
[2024-11-25T08:53:04.943+0000] {logging_mixin.py:190} INFO - [2024-11-25T08:53:04.943+0000] {dag.py:3239} INFO - Sync 1 DAGs
[2024-11-25T08:53:04.972+0000] {logging_mixin.py:190} INFO - [2024-11-25T08:53:04.972+0000] {dag.py:4180} INFO - Setting next_dagrun for tutorial to 2024-11-24 00:00:00+00:00, run_after=2024-11-25 00:00:00+00:00
[2024-11-25T08:53:04.994+0000] {processor.py:208} INFO - Processing /home/airflow/.local/lib/python3.12/site-packages/airflow/example_dags/tutorial.py took 0.106 seconds
[2024-11-25T08:53:35.329+0000] {processor.py:186} INFO - Started process (PID=7337) to work on /home/airflow/.local/lib/python3.12/site-packages/airflow/example_dags/tutorial.py
[2024-11-25T08:53:35.330+0000] {processor.py:914} INFO - Processing file /home/airflow/.local/lib/python3.12/site-packages/airflow/example_dags/tutorial.py for tasks to queue
[2024-11-25T08:53:35.333+0000] {logging_mixin.py:190} INFO - [2024-11-25T08:53:35.333+0000] {dagbag.py:588} INFO - Filling up the DagBag from /home/airflow/.local/lib/python3.12/site-packages/airflow/example_dags/tutorial.py
[2024-11-25T08:53:35.342+0000] {processor.py:925} INFO - DAG(s) 'tutorial' retrieved from /home/airflow/.local/lib/python3.12/site-packages/airflow/example_dags/tutorial.py
[2024-11-25T08:53:35.366+0000] {logging_mixin.py:190} INFO - [2024-11-25T08:53:35.366+0000] {dag.py:3239} INFO - Sync 1 DAGs
[2024-11-25T08:53:35.389+0000] {logging_mixin.py:190} INFO - [2024-11-25T08:53:35.389+0000] {dag.py:4180} INFO - Setting next_dagrun for tutorial to 2024-11-24 00:00:00+00:00, run_after=2024-11-25 00:00:00+00:00
[2024-11-25T08:53:35.408+0000] {processor.py:208} INFO - Processing /home/airflow/.local/lib/python3.12/site-packages/airflow/example_dags/tutorial.py took 0.085 seconds
[2024-11-25T08:54:05.702+0000] {processor.py:186} INFO - Started process (PID=7638) to work on /home/airflow/.local/lib/python3.12/site-packages/airflow/example_dags/tutorial.py
[2024-11-25T08:54:05.703+0000] {processor.py:914} INFO - Processing file /home/airflow/.local/lib/python3.12/site-packages/airflow/example_dags/tutorial.py for tasks to queue
[2024-11-25T08:54:05.705+0000] {logging_mixin.py:190} INFO - [2024-11-25T08:54:05.705+0000] {dagbag.py:588} INFO - Filling up the DagBag from /home/airflow/.local/lib/python3.12/site-packages/airflow/example_dags/tutorial.py
[2024-11-25T08:54:05.714+0000] {processor.py:925} INFO - DAG(s) 'tutorial' retrieved from /home/airflow/.local/lib/python3.12/site-packages/airflow/example_dags/tutorial.py
[2024-11-25T08:54:05.740+0000] {logging_mixin.py:190} INFO - [2024-11-25T08:54:05.740+0000] {dag.py:3239} INFO - Sync 1 DAGs
[2024-11-25T08:54:05.765+0000] {logging_mixin.py:190} INFO - [2024-11-25T08:54:05.765+0000] {dag.py:4180} INFO - Setting next_dagrun for tutorial to 2024-11-24 00:00:00+00:00, run_after=2024-11-25 00:00:00+00:00
[2024-11-25T08:54:05.785+0000] {processor.py:208} INFO - Processing /home/airflow/.local/lib/python3.12/site-packages/airflow/example_dags/tutorial.py took 0.088 seconds
[2024-11-25T08:54:36.286+0000] {processor.py:186} INFO - Started process (PID=7939) to work on /home/airflow/.local/lib/python3.12/site-packages/airflow/example_dags/tutorial.py
[2024-11-25T08:54:36.288+0000] {processor.py:914} INFO - Processing file /home/airflow/.local/lib/python3.12/site-packages/airflow/example_dags/tutorial.py for tasks to queue
[2024-11-25T08:54:36.291+0000] {logging_mixin.py:190} INFO - [2024-11-25T08:54:36.291+0000] {dagbag.py:588} INFO - Filling up the DagBag from /home/airflow/.local/lib/python3.12/site-packages/airflow/example_dags/tutorial.py
[2024-11-25T08:54:36.302+0000] {processor.py:925} INFO - DAG(s) 'tutorial' retrieved from /home/airflow/.local/lib/python3.12/site-packages/airflow/example_dags/tutorial.py
[2024-11-25T08:54:36.343+0000] {logging_mixin.py:190} INFO - [2024-11-25T08:54:36.343+0000] {dag.py:3239} INFO - Sync 1 DAGs
[2024-11-25T08:54:36.387+0000] {logging_mixin.py:190} INFO - [2024-11-25T08:54:36.387+0000] {dag.py:4180} INFO - Setting next_dagrun for tutorial to 2024-11-24 00:00:00+00:00, run_after=2024-11-25 00:00:00+00:00
[2024-11-25T08:54:36.421+0000] {processor.py:208} INFO - Processing /home/airflow/.local/lib/python3.12/site-packages/airflow/example_dags/tutorial.py took 0.142 seconds
[2024-11-25T08:55:06.690+0000] {processor.py:186} INFO - Started process (PID=8240) to work on /home/airflow/.local/lib/python3.12/site-packages/airflow/example_dags/tutorial.py
[2024-11-25T08:55:06.693+0000] {processor.py:914} INFO - Processing file /home/airflow/.local/lib/python3.12/site-packages/airflow/example_dags/tutorial.py for tasks to queue
[2024-11-25T08:55:06.697+0000] {logging_mixin.py:190} INFO - [2024-11-25T08:55:06.696+0000] {dagbag.py:588} INFO - Filling up the DagBag from /home/airflow/.local/lib/python3.12/site-packages/airflow/example_dags/tutorial.py
[2024-11-25T08:55:06.712+0000] {processor.py:925} INFO - DAG(s) 'tutorial' retrieved from /home/airflow/.local/lib/python3.12/site-packages/airflow/example_dags/tutorial.py
[2024-11-25T08:55:06.764+0000] {logging_mixin.py:190} INFO - [2024-11-25T08:55:06.763+0000] {dag.py:3239} INFO - Sync 1 DAGs
[2024-11-25T08:55:06.822+0000] {logging_mixin.py:190} INFO - [2024-11-25T08:55:06.821+0000] {dag.py:4180} INFO - Setting next_dagrun for tutorial to 2024-11-24 00:00:00+00:00, run_after=2024-11-25 00:00:00+00:00
[2024-11-25T08:55:06.856+0000] {processor.py:208} INFO - Processing /home/airflow/.local/lib/python3.12/site-packages/airflow/example_dags/tutorial.py took 0.177 seconds
[2024-11-25T08:55:37.186+0000] {processor.py:186} INFO - Started process (PID=8542) to work on /home/airflow/.local/lib/python3.12/site-packages/airflow/example_dags/tutorial.py
[2024-11-25T08:55:37.187+0000] {processor.py:914} INFO - Processing file /home/airflow/.local/lib/python3.12/site-packages/airflow/example_dags/tutorial.py for tasks to queue
[2024-11-25T08:55:37.191+0000] {logging_mixin.py:190} INFO - [2024-11-25T08:55:37.190+0000] {dagbag.py:588} INFO - Filling up the DagBag from /home/airflow/.local/lib/python3.12/site-packages/airflow/example_dags/tutorial.py
[2024-11-25T08:55:37.200+0000] {processor.py:925} INFO - DAG(s) 'tutorial' retrieved from /home/airflow/.local/lib/python3.12/site-packages/airflow/example_dags/tutorial.py
[2024-11-25T08:55:37.232+0000] {logging_mixin.py:190} INFO - [2024-11-25T08:55:37.232+0000] {dag.py:3239} INFO - Sync 1 DAGs
[2024-11-25T08:55:37.259+0000] {logging_mixin.py:190} INFO - [2024-11-25T08:55:37.259+0000] {dag.py:4180} INFO - Setting next_dagrun for tutorial to 2024-11-24 00:00:00+00:00, run_after=2024-11-25 00:00:00+00:00
[2024-11-25T08:55:37.283+0000] {processor.py:208} INFO - Processing /home/airflow/.local/lib/python3.12/site-packages/airflow/example_dags/tutorial.py took 0.105 seconds
[2024-11-25T08:56:08.084+0000] {processor.py:186} INFO - Started process (PID=8844) to work on /home/airflow/.local/lib/python3.12/site-packages/airflow/example_dags/tutorial.py
[2024-11-25T08:56:08.085+0000] {processor.py:914} INFO - Processing file /home/airflow/.local/lib/python3.12/site-packages/airflow/example_dags/tutorial.py for tasks to queue
[2024-11-25T08:56:08.088+0000] {logging_mixin.py:190} INFO - [2024-11-25T08:56:08.088+0000] {dagbag.py:588} INFO - Filling up the DagBag from /home/airflow/.local/lib/python3.12/site-packages/airflow/example_dags/tutorial.py
[2024-11-25T08:56:08.098+0000] {processor.py:925} INFO - DAG(s) 'tutorial' retrieved from /home/airflow/.local/lib/python3.12/site-packages/airflow/example_dags/tutorial.py
[2024-11-25T08:56:08.122+0000] {logging_mixin.py:190} INFO - [2024-11-25T08:56:08.121+0000] {dag.py:3239} INFO - Sync 1 DAGs
[2024-11-25T08:56:08.144+0000] {logging_mixin.py:190} INFO - [2024-11-25T08:56:08.144+0000] {dag.py:4180} INFO - Setting next_dagrun for tutorial to 2024-11-24 00:00:00+00:00, run_after=2024-11-25 00:00:00+00:00
[2024-11-25T08:56:08.165+0000] {processor.py:208} INFO - Processing /home/airflow/.local/lib/python3.12/site-packages/airflow/example_dags/tutorial.py took 0.087 seconds
[2024-11-25T08:56:38.347+0000] {processor.py:186} INFO - Started process (PID=9145) to work on /home/airflow/.local/lib/python3.12/site-packages/airflow/example_dags/tutorial.py
[2024-11-25T08:56:38.349+0000] {processor.py:914} INFO - Processing file /home/airflow/.local/lib/python3.12/site-packages/airflow/example_dags/tutorial.py for tasks to queue
[2024-11-25T08:56:38.352+0000] {logging_mixin.py:190} INFO - [2024-11-25T08:56:38.352+0000] {dagbag.py:588} INFO - Filling up the DagBag from /home/airflow/.local/lib/python3.12/site-packages/airflow/example_dags/tutorial.py
[2024-11-25T08:56:38.360+0000] {processor.py:925} INFO - DAG(s) 'tutorial' retrieved from /home/airflow/.local/lib/python3.12/site-packages/airflow/example_dags/tutorial.py
[2024-11-25T08:56:38.387+0000] {logging_mixin.py:190} INFO - [2024-11-25T08:56:38.386+0000] {dag.py:3239} INFO - Sync 1 DAGs
[2024-11-25T08:56:38.416+0000] {logging_mixin.py:190} INFO - [2024-11-25T08:56:38.416+0000] {dag.py:4180} INFO - Setting next_dagrun for tutorial to 2024-11-24 00:00:00+00:00, run_after=2024-11-25 00:00:00+00:00
[2024-11-25T08:56:38.439+0000] {processor.py:208} INFO - Processing /home/airflow/.local/lib/python3.12/site-packages/airflow/example_dags/tutorial.py took 0.097 seconds
[2024-11-25T08:57:08.599+0000] {processor.py:186} INFO - Started process (PID=9446) to work on /home/airflow/.local/lib/python3.12/site-packages/airflow/example_dags/tutorial.py
[2024-11-25T08:57:08.600+0000] {processor.py:914} INFO - Processing file /home/airflow/.local/lib/python3.12/site-packages/airflow/example_dags/tutorial.py for tasks to queue
[2024-11-25T08:57:08.603+0000] {logging_mixin.py:190} INFO - [2024-11-25T08:57:08.602+0000] {dagbag.py:588} INFO - Filling up the DagBag from /home/airflow/.local/lib/python3.12/site-packages/airflow/example_dags/tutorial.py
[2024-11-25T08:57:08.611+0000] {processor.py:925} INFO - DAG(s) 'tutorial' retrieved from /home/airflow/.local/lib/python3.12/site-packages/airflow/example_dags/tutorial.py
[2024-11-25T08:57:08.634+0000] {logging_mixin.py:190} INFO - [2024-11-25T08:57:08.633+0000] {dag.py:3239} INFO - Sync 1 DAGs
[2024-11-25T08:57:08.663+0000] {logging_mixin.py:190} INFO - [2024-11-25T08:57:08.662+0000] {dag.py:4180} INFO - Setting next_dagrun for tutorial to 2024-11-24 00:00:00+00:00, run_after=2024-11-25 00:00:00+00:00
[2024-11-25T08:57:08.686+0000] {processor.py:208} INFO - Processing /home/airflow/.local/lib/python3.12/site-packages/airflow/example_dags/tutorial.py took 0.093 seconds
[2024-11-25T08:57:38.736+0000] {processor.py:186} INFO - Started process (PID=9747) to work on /home/airflow/.local/lib/python3.12/site-packages/airflow/example_dags/tutorial.py
[2024-11-25T08:57:38.736+0000] {processor.py:914} INFO - Processing file /home/airflow/.local/lib/python3.12/site-packages/airflow/example_dags/tutorial.py for tasks to queue
[2024-11-25T08:57:38.739+0000] {logging_mixin.py:190} INFO - [2024-11-25T08:57:38.738+0000] {dagbag.py:588} INFO - Filling up the DagBag from /home/airflow/.local/lib/python3.12/site-packages/airflow/example_dags/tutorial.py
[2024-11-25T08:57:38.746+0000] {processor.py:925} INFO - DAG(s) 'tutorial' retrieved from /home/airflow/.local/lib/python3.12/site-packages/airflow/example_dags/tutorial.py
[2024-11-25T08:57:38.771+0000] {logging_mixin.py:190} INFO - [2024-11-25T08:57:38.771+0000] {dag.py:3239} INFO - Sync 1 DAGs
[2024-11-25T08:57:38.795+0000] {logging_mixin.py:190} INFO - [2024-11-25T08:57:38.794+0000] {dag.py:4180} INFO - Setting next_dagrun for tutorial to 2024-11-24 00:00:00+00:00, run_after=2024-11-25 00:00:00+00:00
[2024-11-25T08:57:38.818+0000] {processor.py:208} INFO - Processing /home/airflow/.local/lib/python3.12/site-packages/airflow/example_dags/tutorial.py took 0.089 seconds
[2024-11-25T08:58:09.211+0000] {processor.py:186} INFO - Started process (PID=10046) to work on /home/airflow/.local/lib/python3.12/site-packages/airflow/example_dags/tutorial.py
[2024-11-25T08:58:09.213+0000] {processor.py:914} INFO - Processing file /home/airflow/.local/lib/python3.12/site-packages/airflow/example_dags/tutorial.py for tasks to queue
[2024-11-25T08:58:09.218+0000] {logging_mixin.py:190} INFO - [2024-11-25T08:58:09.218+0000] {dagbag.py:588} INFO - Filling up the DagBag from /home/airflow/.local/lib/python3.12/site-packages/airflow/example_dags/tutorial.py
[2024-11-25T08:58:09.231+0000] {processor.py:925} INFO - DAG(s) 'tutorial' retrieved from /home/airflow/.local/lib/python3.12/site-packages/airflow/example_dags/tutorial.py
[2024-11-25T08:58:09.269+0000] {logging_mixin.py:190} INFO - [2024-11-25T08:58:09.269+0000] {dag.py:3239} INFO - Sync 1 DAGs
[2024-11-25T08:58:09.309+0000] {logging_mixin.py:190} INFO - [2024-11-25T08:58:09.308+0000] {dag.py:4180} INFO - Setting next_dagrun for tutorial to 2024-11-24 00:00:00+00:00, run_after=2024-11-25 00:00:00+00:00
[2024-11-25T08:58:09.332+0000] {processor.py:208} INFO - Processing /home/airflow/.local/lib/python3.12/site-packages/airflow/example_dags/tutorial.py took 0.134 seconds
[2024-11-25T08:58:39.607+0000] {processor.py:186} INFO - Started process (PID=10347) to work on /home/airflow/.local/lib/python3.12/site-packages/airflow/example_dags/tutorial.py
[2024-11-25T08:58:39.608+0000] {processor.py:914} INFO - Processing file /home/airflow/.local/lib/python3.12/site-packages/airflow/example_dags/tutorial.py for tasks to queue
[2024-11-25T08:58:39.613+0000] {logging_mixin.py:190} INFO - [2024-11-25T08:58:39.612+0000] {dagbag.py:588} INFO - Filling up the DagBag from /home/airflow/.local/lib/python3.12/site-packages/airflow/example_dags/tutorial.py
[2024-11-25T08:58:39.622+0000] {processor.py:925} INFO - DAG(s) 'tutorial' retrieved from /home/airflow/.local/lib/python3.12/site-packages/airflow/example_dags/tutorial.py
[2024-11-25T08:58:39.658+0000] {logging_mixin.py:190} INFO - [2024-11-25T08:58:39.657+0000] {dag.py:3239} INFO - Sync 1 DAGs
[2024-11-25T08:58:39.686+0000] {logging_mixin.py:190} INFO - [2024-11-25T08:58:39.686+0000] {dag.py:4180} INFO - Setting next_dagrun for tutorial to 2024-11-24 00:00:00+00:00, run_after=2024-11-25 00:00:00+00:00
[2024-11-25T08:58:39.706+0000] {processor.py:208} INFO - Processing /home/airflow/.local/lib/python3.12/site-packages/airflow/example_dags/tutorial.py took 0.108 seconds
[2024-11-25T08:59:09.949+0000] {processor.py:186} INFO - Started process (PID=10648) to work on /home/airflow/.local/lib/python3.12/site-packages/airflow/example_dags/tutorial.py
[2024-11-25T08:59:09.950+0000] {processor.py:914} INFO - Processing file /home/airflow/.local/lib/python3.12/site-packages/airflow/example_dags/tutorial.py for tasks to queue
[2024-11-25T08:59:09.954+0000] {logging_mixin.py:190} INFO - [2024-11-25T08:59:09.953+0000] {dagbag.py:588} INFO - Filling up the DagBag from /home/airflow/.local/lib/python3.12/site-packages/airflow/example_dags/tutorial.py
[2024-11-25T08:59:09.968+0000] {processor.py:925} INFO - DAG(s) 'tutorial' retrieved from /home/airflow/.local/lib/python3.12/site-packages/airflow/example_dags/tutorial.py
[2024-11-25T08:59:09.999+0000] {logging_mixin.py:190} INFO - [2024-11-25T08:59:09.999+0000] {dag.py:3239} INFO - Sync 1 DAGs
[2024-11-25T08:59:10.030+0000] {logging_mixin.py:190} INFO - [2024-11-25T08:59:10.030+0000] {dag.py:4180} INFO - Setting next_dagrun for tutorial to 2024-11-24 00:00:00+00:00, run_after=2024-11-25 00:00:00+00:00
[2024-11-25T08:59:10.059+0000] {processor.py:208} INFO - Processing /home/airflow/.local/lib/python3.12/site-packages/airflow/example_dags/tutorial.py took 0.121 seconds
[2024-11-25T08:59:40.461+0000] {processor.py:186} INFO - Started process (PID=10949) to work on /home/airflow/.local/lib/python3.12/site-packages/airflow/example_dags/tutorial.py
[2024-11-25T08:59:40.464+0000] {processor.py:914} INFO - Processing file /home/airflow/.local/lib/python3.12/site-packages/airflow/example_dags/tutorial.py for tasks to queue
[2024-11-25T08:59:40.469+0000] {logging_mixin.py:190} INFO - [2024-11-25T08:59:40.468+0000] {dagbag.py:588} INFO - Filling up the DagBag from /home/airflow/.local/lib/python3.12/site-packages/airflow/example_dags/tutorial.py
[2024-11-25T08:59:40.487+0000] {processor.py:925} INFO - DAG(s) 'tutorial' retrieved from /home/airflow/.local/lib/python3.12/site-packages/airflow/example_dags/tutorial.py
[2024-11-25T08:59:40.547+0000] {logging_mixin.py:190} INFO - [2024-11-25T08:59:40.547+0000] {dag.py:3239} INFO - Sync 1 DAGs
[2024-11-25T08:59:40.603+0000] {logging_mixin.py:190} INFO - [2024-11-25T08:59:40.602+0000] {dag.py:4180} INFO - Setting next_dagrun for tutorial to 2024-11-24 00:00:00+00:00, run_after=2024-11-25 00:00:00+00:00
[2024-11-25T08:59:40.649+0000] {processor.py:208} INFO - Processing /home/airflow/.local/lib/python3.12/site-packages/airflow/example_dags/tutorial.py took 0.199 seconds
[2024-11-25T09:00:10.839+0000] {processor.py:186} INFO - Started process (PID=11252) to work on /home/airflow/.local/lib/python3.12/site-packages/airflow/example_dags/tutorial.py
[2024-11-25T09:00:10.840+0000] {processor.py:914} INFO - Processing file /home/airflow/.local/lib/python3.12/site-packages/airflow/example_dags/tutorial.py for tasks to queue
[2024-11-25T09:00:10.843+0000] {logging_mixin.py:190} INFO - [2024-11-25T09:00:10.843+0000] {dagbag.py:588} INFO - Filling up the DagBag from /home/airflow/.local/lib/python3.12/site-packages/airflow/example_dags/tutorial.py
[2024-11-25T09:00:10.852+0000] {processor.py:925} INFO - DAG(s) 'tutorial' retrieved from /home/airflow/.local/lib/python3.12/site-packages/airflow/example_dags/tutorial.py
[2024-11-25T09:00:10.875+0000] {logging_mixin.py:190} INFO - [2024-11-25T09:00:10.874+0000] {dag.py:3239} INFO - Sync 1 DAGs
[2024-11-25T09:00:10.901+0000] {logging_mixin.py:190} INFO - [2024-11-25T09:00:10.900+0000] {dag.py:4180} INFO - Setting next_dagrun for tutorial to 2024-11-24 00:00:00+00:00, run_after=2024-11-25 00:00:00+00:00
[2024-11-25T09:00:10.922+0000] {processor.py:208} INFO - Processing /home/airflow/.local/lib/python3.12/site-packages/airflow/example_dags/tutorial.py took 0.089 seconds
[2024-11-25T09:00:41.486+0000] {processor.py:186} INFO - Started process (PID=11551) to work on /home/airflow/.local/lib/python3.12/site-packages/airflow/example_dags/tutorial.py
[2024-11-25T09:00:41.489+0000] {processor.py:914} INFO - Processing file /home/airflow/.local/lib/python3.12/site-packages/airflow/example_dags/tutorial.py for tasks to queue
[2024-11-25T09:00:41.495+0000] {logging_mixin.py:190} INFO - [2024-11-25T09:00:41.494+0000] {dagbag.py:588} INFO - Filling up the DagBag from /home/airflow/.local/lib/python3.12/site-packages/airflow/example_dags/tutorial.py
[2024-11-25T09:00:41.508+0000] {processor.py:925} INFO - DAG(s) 'tutorial' retrieved from /home/airflow/.local/lib/python3.12/site-packages/airflow/example_dags/tutorial.py
[2024-11-25T09:00:41.552+0000] {logging_mixin.py:190} INFO - [2024-11-25T09:00:41.552+0000] {dag.py:3239} INFO - Sync 1 DAGs
[2024-11-25T09:00:41.589+0000] {logging_mixin.py:190} INFO - [2024-11-25T09:00:41.589+0000] {dag.py:4180} INFO - Setting next_dagrun for tutorial to 2024-11-24 00:00:00+00:00, run_after=2024-11-25 00:00:00+00:00
[2024-11-25T09:00:41.614+0000] {processor.py:208} INFO - Processing /home/airflow/.local/lib/python3.12/site-packages/airflow/example_dags/tutorial.py took 0.139 seconds
[2024-11-25T09:01:11.923+0000] {processor.py:186} INFO - Started process (PID=11852) to work on /home/airflow/.local/lib/python3.12/site-packages/airflow/example_dags/tutorial.py
[2024-11-25T09:01:11.925+0000] {processor.py:914} INFO - Processing file /home/airflow/.local/lib/python3.12/site-packages/airflow/example_dags/tutorial.py for tasks to queue
[2024-11-25T09:01:11.931+0000] {logging_mixin.py:190} INFO - [2024-11-25T09:01:11.930+0000] {dagbag.py:588} INFO - Filling up the DagBag from /home/airflow/.local/lib/python3.12/site-packages/airflow/example_dags/tutorial.py
[2024-11-25T09:01:11.944+0000] {processor.py:925} INFO - DAG(s) 'tutorial' retrieved from /home/airflow/.local/lib/python3.12/site-packages/airflow/example_dags/tutorial.py
[2024-11-25T09:01:11.977+0000] {logging_mixin.py:190} INFO - [2024-11-25T09:01:11.977+0000] {dag.py:3239} INFO - Sync 1 DAGs
[2024-11-25T09:01:12.019+0000] {logging_mixin.py:190} INFO - [2024-11-25T09:01:12.019+0000] {dag.py:4180} INFO - Setting next_dagrun for tutorial to 2024-11-24 00:00:00+00:00, run_after=2024-11-25 00:00:00+00:00
[2024-11-25T09:01:12.063+0000] {processor.py:208} INFO - Processing /home/airflow/.local/lib/python3.12/site-packages/airflow/example_dags/tutorial.py took 0.146 seconds
[2024-11-25T09:01:42.160+0000] {processor.py:186} INFO - Started process (PID=12153) to work on /home/airflow/.local/lib/python3.12/site-packages/airflow/example_dags/tutorial.py
[2024-11-25T09:01:42.161+0000] {processor.py:914} INFO - Processing file /home/airflow/.local/lib/python3.12/site-packages/airflow/example_dags/tutorial.py for tasks to queue
[2024-11-25T09:01:42.163+0000] {logging_mixin.py:190} INFO - [2024-11-25T09:01:42.163+0000] {dagbag.py:588} INFO - Filling up the DagBag from /home/airflow/.local/lib/python3.12/site-packages/airflow/example_dags/tutorial.py
[2024-11-25T09:01:42.172+0000] {processor.py:925} INFO - DAG(s) 'tutorial' retrieved from /home/airflow/.local/lib/python3.12/site-packages/airflow/example_dags/tutorial.py
[2024-11-25T09:01:42.196+0000] {logging_mixin.py:190} INFO - [2024-11-25T09:01:42.196+0000] {dag.py:3239} INFO - Sync 1 DAGs
[2024-11-25T09:01:42.225+0000] {logging_mixin.py:190} INFO - [2024-11-25T09:01:42.225+0000] {dag.py:4180} INFO - Setting next_dagrun for tutorial to 2024-11-24 00:00:00+00:00, run_after=2024-11-25 00:00:00+00:00
[2024-11-25T09:01:42.250+0000] {processor.py:208} INFO - Processing /home/airflow/.local/lib/python3.12/site-packages/airflow/example_dags/tutorial.py took 0.099 seconds
[2024-11-25T09:02:12.832+0000] {processor.py:186} INFO - Started process (PID=12450) to work on /home/airflow/.local/lib/python3.12/site-packages/airflow/example_dags/tutorial.py
[2024-11-25T09:02:12.835+0000] {processor.py:914} INFO - Processing file /home/airflow/.local/lib/python3.12/site-packages/airflow/example_dags/tutorial.py for tasks to queue
[2024-11-25T09:02:12.841+0000] {logging_mixin.py:190} INFO - [2024-11-25T09:02:12.841+0000] {dagbag.py:588} INFO - Filling up the DagBag from /home/airflow/.local/lib/python3.12/site-packages/airflow/example_dags/tutorial.py
[2024-11-25T09:02:12.859+0000] {processor.py:925} INFO - DAG(s) 'tutorial' retrieved from /home/airflow/.local/lib/python3.12/site-packages/airflow/example_dags/tutorial.py
[2024-11-25T09:02:12.894+0000] {logging_mixin.py:190} INFO - [2024-11-25T09:02:12.893+0000] {dag.py:3239} INFO - Sync 1 DAGs
[2024-11-25T09:02:12.924+0000] {logging_mixin.py:190} INFO - [2024-11-25T09:02:12.924+0000] {dag.py:4180} INFO - Setting next_dagrun for tutorial to 2024-11-24 00:00:00+00:00, run_after=2024-11-25 00:00:00+00:00
[2024-11-25T09:02:12.947+0000] {processor.py:208} INFO - Processing /home/airflow/.local/lib/python3.12/site-packages/airflow/example_dags/tutorial.py took 0.129 seconds
[2024-11-25T09:02:43.093+0000] {processor.py:186} INFO - Started process (PID=12751) to work on /home/airflow/.local/lib/python3.12/site-packages/airflow/example_dags/tutorial.py
[2024-11-25T09:02:43.094+0000] {processor.py:914} INFO - Processing file /home/airflow/.local/lib/python3.12/site-packages/airflow/example_dags/tutorial.py for tasks to queue
[2024-11-25T09:02:43.097+0000] {logging_mixin.py:190} INFO - [2024-11-25T09:02:43.096+0000] {dagbag.py:588} INFO - Filling up the DagBag from /home/airflow/.local/lib/python3.12/site-packages/airflow/example_dags/tutorial.py
[2024-11-25T09:02:43.106+0000] {processor.py:925} INFO - DAG(s) 'tutorial' retrieved from /home/airflow/.local/lib/python3.12/site-packages/airflow/example_dags/tutorial.py
[2024-11-25T09:02:43.134+0000] {logging_mixin.py:190} INFO - [2024-11-25T09:02:43.133+0000] {dag.py:3239} INFO - Sync 1 DAGs
[2024-11-25T09:02:43.162+0000] {logging_mixin.py:190} INFO - [2024-11-25T09:02:43.162+0000] {dag.py:4180} INFO - Setting next_dagrun for tutorial to 2024-11-24 00:00:00+00:00, run_after=2024-11-25 00:00:00+00:00
[2024-11-25T09:02:43.187+0000] {processor.py:208} INFO - Processing /home/airflow/.local/lib/python3.12/site-packages/airflow/example_dags/tutorial.py took 0.103 seconds
[2024-11-25T09:03:13.508+0000] {processor.py:186} INFO - Started process (PID=13053) to work on /home/airflow/.local/lib/python3.12/site-packages/airflow/example_dags/tutorial.py
[2024-11-25T09:03:13.509+0000] {processor.py:914} INFO - Processing file /home/airflow/.local/lib/python3.12/site-packages/airflow/example_dags/tutorial.py for tasks to queue
[2024-11-25T09:03:13.512+0000] {logging_mixin.py:190} INFO - [2024-11-25T09:03:13.512+0000] {dagbag.py:588} INFO - Filling up the DagBag from /home/airflow/.local/lib/python3.12/site-packages/airflow/example_dags/tutorial.py
[2024-11-25T09:03:13.520+0000] {processor.py:925} INFO - DAG(s) 'tutorial' retrieved from /home/airflow/.local/lib/python3.12/site-packages/airflow/example_dags/tutorial.py
[2024-11-25T09:03:13.546+0000] {logging_mixin.py:190} INFO - [2024-11-25T09:03:13.545+0000] {dag.py:3239} INFO - Sync 1 DAGs
[2024-11-25T09:03:13.572+0000] {logging_mixin.py:190} INFO - [2024-11-25T09:03:13.572+0000] {dag.py:4180} INFO - Setting next_dagrun for tutorial to 2024-11-24 00:00:00+00:00, run_after=2024-11-25 00:00:00+00:00
[2024-11-25T09:03:13.594+0000] {processor.py:208} INFO - Processing /home/airflow/.local/lib/python3.12/site-packages/airflow/example_dags/tutorial.py took 0.093 seconds
[2024-11-25T09:03:43.845+0000] {processor.py:186} INFO - Started process (PID=13354) to work on /home/airflow/.local/lib/python3.12/site-packages/airflow/example_dags/tutorial.py
[2024-11-25T09:03:43.846+0000] {processor.py:914} INFO - Processing file /home/airflow/.local/lib/python3.12/site-packages/airflow/example_dags/tutorial.py for tasks to queue
[2024-11-25T09:03:43.849+0000] {logging_mixin.py:190} INFO - [2024-11-25T09:03:43.848+0000] {dagbag.py:588} INFO - Filling up the DagBag from /home/airflow/.local/lib/python3.12/site-packages/airflow/example_dags/tutorial.py
[2024-11-25T09:03:43.857+0000] {processor.py:925} INFO - DAG(s) 'tutorial' retrieved from /home/airflow/.local/lib/python3.12/site-packages/airflow/example_dags/tutorial.py
[2024-11-25T09:03:43.885+0000] {logging_mixin.py:190} INFO - [2024-11-25T09:03:43.885+0000] {dag.py:3239} INFO - Sync 1 DAGs
[2024-11-25T09:03:43.911+0000] {logging_mixin.py:190} INFO - [2024-11-25T09:03:43.911+0000] {dag.py:4180} INFO - Setting next_dagrun for tutorial to 2024-11-24 00:00:00+00:00, run_after=2024-11-25 00:00:00+00:00
[2024-11-25T09:03:43.944+0000] {processor.py:208} INFO - Processing /home/airflow/.local/lib/python3.12/site-packages/airflow/example_dags/tutorial.py took 0.105 seconds
[2024-11-25T09:04:14.563+0000] {processor.py:186} INFO - Started process (PID=13655) to work on /home/airflow/.local/lib/python3.12/site-packages/airflow/example_dags/tutorial.py
[2024-11-25T09:04:14.565+0000] {processor.py:914} INFO - Processing file /home/airflow/.local/lib/python3.12/site-packages/airflow/example_dags/tutorial.py for tasks to queue
[2024-11-25T09:04:14.567+0000] {logging_mixin.py:190} INFO - [2024-11-25T09:04:14.567+0000] {dagbag.py:588} INFO - Filling up the DagBag from /home/airflow/.local/lib/python3.12/site-packages/airflow/example_dags/tutorial.py
[2024-11-25T09:04:14.578+0000] {processor.py:925} INFO - DAG(s) 'tutorial' retrieved from /home/airflow/.local/lib/python3.12/site-packages/airflow/example_dags/tutorial.py
[2024-11-25T09:04:14.608+0000] {logging_mixin.py:190} INFO - [2024-11-25T09:04:14.608+0000] {dag.py:3239} INFO - Sync 1 DAGs
[2024-11-25T09:04:14.641+0000] {logging_mixin.py:190} INFO - [2024-11-25T09:04:14.641+0000] {dag.py:4180} INFO - Setting next_dagrun for tutorial to 2024-11-24 00:00:00+00:00, run_after=2024-11-25 00:00:00+00:00
[2024-11-25T09:04:14.924+0000] {processor.py:208} INFO - Processing /home/airflow/.local/lib/python3.12/site-packages/airflow/example_dags/tutorial.py took 0.371 seconds
[2024-11-25T09:04:45.077+0000] {processor.py:186} INFO - Started process (PID=13963) to work on /home/airflow/.local/lib/python3.12/site-packages/airflow/example_dags/tutorial.py
[2024-11-25T09:04:45.078+0000] {processor.py:914} INFO - Processing file /home/airflow/.local/lib/python3.12/site-packages/airflow/example_dags/tutorial.py for tasks to queue
[2024-11-25T09:04:45.080+0000] {logging_mixin.py:190} INFO - [2024-11-25T09:04:45.080+0000] {dagbag.py:588} INFO - Filling up the DagBag from /home/airflow/.local/lib/python3.12/site-packages/airflow/example_dags/tutorial.py
[2024-11-25T09:04:45.088+0000] {processor.py:925} INFO - DAG(s) 'tutorial' retrieved from /home/airflow/.local/lib/python3.12/site-packages/airflow/example_dags/tutorial.py
[2024-11-25T09:04:45.110+0000] {logging_mixin.py:190} INFO - [2024-11-25T09:04:45.109+0000] {dag.py:3239} INFO - Sync 1 DAGs
[2024-11-25T09:04:45.132+0000] {logging_mixin.py:190} INFO - [2024-11-25T09:04:45.132+0000] {dag.py:4180} INFO - Setting next_dagrun for tutorial to 2024-11-24 00:00:00+00:00, run_after=2024-11-25 00:00:00+00:00
[2024-11-25T09:04:45.318+0000] {processor.py:208} INFO - Processing /home/airflow/.local/lib/python3.12/site-packages/airflow/example_dags/tutorial.py took 0.247 seconds
[2024-11-25T09:05:15.425+0000] {processor.py:186} INFO - Started process (PID=14262) to work on /home/airflow/.local/lib/python3.12/site-packages/airflow/example_dags/tutorial.py
[2024-11-25T09:05:15.427+0000] {processor.py:914} INFO - Processing file /home/airflow/.local/lib/python3.12/site-packages/airflow/example_dags/tutorial.py for tasks to queue
[2024-11-25T09:05:15.430+0000] {logging_mixin.py:190} INFO - [2024-11-25T09:05:15.430+0000] {dagbag.py:588} INFO - Filling up the DagBag from /home/airflow/.local/lib/python3.12/site-packages/airflow/example_dags/tutorial.py
[2024-11-25T09:05:15.448+0000] {processor.py:925} INFO - DAG(s) 'tutorial' retrieved from /home/airflow/.local/lib/python3.12/site-packages/airflow/example_dags/tutorial.py
[2024-11-25T09:05:15.499+0000] {logging_mixin.py:190} INFO - [2024-11-25T09:05:15.498+0000] {dag.py:3239} INFO - Sync 1 DAGs
[2024-11-25T09:05:15.586+0000] {logging_mixin.py:190} INFO - [2024-11-25T09:05:15.585+0000] {dag.py:4180} INFO - Setting next_dagrun for tutorial to 2024-11-24 00:00:00+00:00, run_after=2024-11-25 00:00:00+00:00
[2024-11-25T09:05:15.640+0000] {processor.py:208} INFO - Processing /home/airflow/.local/lib/python3.12/site-packages/airflow/example_dags/tutorial.py took 0.223 seconds
[2024-11-25T09:05:45.884+0000] {processor.py:186} INFO - Started process (PID=14558) to work on /home/airflow/.local/lib/python3.12/site-packages/airflow/example_dags/tutorial.py
[2024-11-25T09:05:45.885+0000] {processor.py:914} INFO - Processing file /home/airflow/.local/lib/python3.12/site-packages/airflow/example_dags/tutorial.py for tasks to queue
[2024-11-25T09:05:45.888+0000] {logging_mixin.py:190} INFO - [2024-11-25T09:05:45.888+0000] {dagbag.py:588} INFO - Filling up the DagBag from /home/airflow/.local/lib/python3.12/site-packages/airflow/example_dags/tutorial.py
[2024-11-25T09:05:45.898+0000] {processor.py:925} INFO - DAG(s) 'tutorial' retrieved from /home/airflow/.local/lib/python3.12/site-packages/airflow/example_dags/tutorial.py
[2024-11-25T09:05:45.918+0000] {logging_mixin.py:190} INFO - [2024-11-25T09:05:45.918+0000] {dag.py:3239} INFO - Sync 1 DAGs
[2024-11-25T09:05:45.940+0000] {logging_mixin.py:190} INFO - [2024-11-25T09:05:45.939+0000] {dag.py:4180} INFO - Setting next_dagrun for tutorial to 2024-11-24 00:00:00+00:00, run_after=2024-11-25 00:00:00+00:00
[2024-11-25T09:05:45.961+0000] {processor.py:208} INFO - Processing /home/airflow/.local/lib/python3.12/site-packages/airflow/example_dags/tutorial.py took 0.083 seconds
[2024-11-25T09:06:16.793+0000] {processor.py:186} INFO - Started process (PID=14861) to work on /home/airflow/.local/lib/python3.12/site-packages/airflow/example_dags/tutorial.py
[2024-11-25T09:06:16.797+0000] {processor.py:914} INFO - Processing file /home/airflow/.local/lib/python3.12/site-packages/airflow/example_dags/tutorial.py for tasks to queue
[2024-11-25T09:06:16.802+0000] {logging_mixin.py:190} INFO - [2024-11-25T09:06:16.801+0000] {dagbag.py:588} INFO - Filling up the DagBag from /home/airflow/.local/lib/python3.12/site-packages/airflow/example_dags/tutorial.py
[2024-11-25T09:06:16.814+0000] {processor.py:925} INFO - DAG(s) 'tutorial' retrieved from /home/airflow/.local/lib/python3.12/site-packages/airflow/example_dags/tutorial.py
[2024-11-25T09:06:16.842+0000] {logging_mixin.py:190} INFO - [2024-11-25T09:06:16.842+0000] {dag.py:3239} INFO - Sync 1 DAGs
[2024-11-25T09:06:16.874+0000] {logging_mixin.py:190} INFO - [2024-11-25T09:06:16.874+0000] {dag.py:4180} INFO - Setting next_dagrun for tutorial to 2024-11-24 00:00:00+00:00, run_after=2024-11-25 00:00:00+00:00
[2024-11-25T09:06:16.907+0000] {processor.py:208} INFO - Processing /home/airflow/.local/lib/python3.12/site-packages/airflow/example_dags/tutorial.py took 0.121 seconds
[2024-11-25T09:06:47.501+0000] {processor.py:186} INFO - Started process (PID=15162) to work on /home/airflow/.local/lib/python3.12/site-packages/airflow/example_dags/tutorial.py
[2024-11-25T09:06:47.503+0000] {processor.py:914} INFO - Processing file /home/airflow/.local/lib/python3.12/site-packages/airflow/example_dags/tutorial.py for tasks to queue
[2024-11-25T09:06:47.507+0000] {logging_mixin.py:190} INFO - [2024-11-25T09:06:47.506+0000] {dagbag.py:588} INFO - Filling up the DagBag from /home/airflow/.local/lib/python3.12/site-packages/airflow/example_dags/tutorial.py
[2024-11-25T09:06:47.516+0000] {processor.py:925} INFO - DAG(s) 'tutorial' retrieved from /home/airflow/.local/lib/python3.12/site-packages/airflow/example_dags/tutorial.py
[2024-11-25T09:06:47.547+0000] {logging_mixin.py:190} INFO - [2024-11-25T09:06:47.546+0000] {dag.py:3239} INFO - Sync 1 DAGs
[2024-11-25T09:06:47.580+0000] {logging_mixin.py:190} INFO - [2024-11-25T09:06:47.580+0000] {dag.py:4180} INFO - Setting next_dagrun for tutorial to 2024-11-24 00:00:00+00:00, run_after=2024-11-25 00:00:00+00:00
[2024-11-25T09:06:47.610+0000] {processor.py:208} INFO - Processing /home/airflow/.local/lib/python3.12/site-packages/airflow/example_dags/tutorial.py took 0.116 seconds
[2024-11-25T09:07:18.401+0000] {processor.py:186} INFO - Started process (PID=15463) to work on /home/airflow/.local/lib/python3.12/site-packages/airflow/example_dags/tutorial.py
[2024-11-25T09:07:18.403+0000] {processor.py:914} INFO - Processing file /home/airflow/.local/lib/python3.12/site-packages/airflow/example_dags/tutorial.py for tasks to queue
[2024-11-25T09:07:18.407+0000] {logging_mixin.py:190} INFO - [2024-11-25T09:07:18.407+0000] {dagbag.py:588} INFO - Filling up the DagBag from /home/airflow/.local/lib/python3.12/site-packages/airflow/example_dags/tutorial.py
[2024-11-25T09:07:18.426+0000] {processor.py:925} INFO - DAG(s) 'tutorial' retrieved from /home/airflow/.local/lib/python3.12/site-packages/airflow/example_dags/tutorial.py
[2024-11-25T09:07:18.758+0000] {logging_mixin.py:190} INFO - [2024-11-25T09:07:18.758+0000] {dag.py:3239} INFO - Sync 1 DAGs
[2024-11-25T09:07:18.803+0000] {logging_mixin.py:190} INFO - [2024-11-25T09:07:18.803+0000] {dag.py:4180} INFO - Setting next_dagrun for tutorial to 2024-11-24 00:00:00+00:00, run_after=2024-11-25 00:00:00+00:00
[2024-11-25T09:07:18.840+0000] {processor.py:208} INFO - Processing /home/airflow/.local/lib/python3.12/site-packages/airflow/example_dags/tutorial.py took 0.455 seconds
[2024-11-25T09:07:48.988+0000] {processor.py:186} INFO - Started process (PID=15766) to work on /home/airflow/.local/lib/python3.12/site-packages/airflow/example_dags/tutorial.py
[2024-11-25T09:07:48.989+0000] {processor.py:914} INFO - Processing file /home/airflow/.local/lib/python3.12/site-packages/airflow/example_dags/tutorial.py for tasks to queue
[2024-11-25T09:07:48.991+0000] {logging_mixin.py:190} INFO - [2024-11-25T09:07:48.991+0000] {dagbag.py:588} INFO - Filling up the DagBag from /home/airflow/.local/lib/python3.12/site-packages/airflow/example_dags/tutorial.py
[2024-11-25T09:07:49.000+0000] {processor.py:925} INFO - DAG(s) 'tutorial' retrieved from /home/airflow/.local/lib/python3.12/site-packages/airflow/example_dags/tutorial.py
[2024-11-25T09:07:49.027+0000] {logging_mixin.py:190} INFO - [2024-11-25T09:07:49.026+0000] {dag.py:3239} INFO - Sync 1 DAGs
[2024-11-25T09:07:49.054+0000] {logging_mixin.py:190} INFO - [2024-11-25T09:07:49.054+0000] {dag.py:4180} INFO - Setting next_dagrun for tutorial to 2024-11-24 00:00:00+00:00, run_after=2024-11-25 00:00:00+00:00
[2024-11-25T09:07:49.074+0000] {processor.py:208} INFO - Processing /home/airflow/.local/lib/python3.12/site-packages/airflow/example_dags/tutorial.py took 0.093 seconds
[2024-11-25T09:08:19.408+0000] {processor.py:186} INFO - Started process (PID=16067) to work on /home/airflow/.local/lib/python3.12/site-packages/airflow/example_dags/tutorial.py
[2024-11-25T09:08:19.409+0000] {processor.py:914} INFO - Processing file /home/airflow/.local/lib/python3.12/site-packages/airflow/example_dags/tutorial.py for tasks to queue
[2024-11-25T09:08:19.412+0000] {logging_mixin.py:190} INFO - [2024-11-25T09:08:19.411+0000] {dagbag.py:588} INFO - Filling up the DagBag from /home/airflow/.local/lib/python3.12/site-packages/airflow/example_dags/tutorial.py
[2024-11-25T09:08:19.419+0000] {processor.py:925} INFO - DAG(s) 'tutorial' retrieved from /home/airflow/.local/lib/python3.12/site-packages/airflow/example_dags/tutorial.py
[2024-11-25T09:08:19.442+0000] {logging_mixin.py:190} INFO - [2024-11-25T09:08:19.442+0000] {dag.py:3239} INFO - Sync 1 DAGs
[2024-11-25T09:08:19.465+0000] {logging_mixin.py:190} INFO - [2024-11-25T09:08:19.465+0000] {dag.py:4180} INFO - Setting next_dagrun for tutorial to 2024-11-24 00:00:00+00:00, run_after=2024-11-25 00:00:00+00:00
[2024-11-25T09:08:19.485+0000] {processor.py:208} INFO - Processing /home/airflow/.local/lib/python3.12/site-packages/airflow/example_dags/tutorial.py took 0.082 seconds
[2024-11-25T09:08:50.134+0000] {processor.py:186} INFO - Started process (PID=16368) to work on /home/airflow/.local/lib/python3.12/site-packages/airflow/example_dags/tutorial.py
[2024-11-25T09:08:50.135+0000] {processor.py:914} INFO - Processing file /home/airflow/.local/lib/python3.12/site-packages/airflow/example_dags/tutorial.py for tasks to queue
[2024-11-25T09:08:50.137+0000] {logging_mixin.py:190} INFO - [2024-11-25T09:08:50.136+0000] {dagbag.py:588} INFO - Filling up the DagBag from /home/airflow/.local/lib/python3.12/site-packages/airflow/example_dags/tutorial.py
[2024-11-25T09:08:50.144+0000] {processor.py:925} INFO - DAG(s) 'tutorial' retrieved from /home/airflow/.local/lib/python3.12/site-packages/airflow/example_dags/tutorial.py
[2024-11-25T09:08:50.168+0000] {logging_mixin.py:190} INFO - [2024-11-25T09:08:50.168+0000] {dag.py:3239} INFO - Sync 1 DAGs
[2024-11-25T09:08:50.193+0000] {logging_mixin.py:190} INFO - [2024-11-25T09:08:50.193+0000] {dag.py:4180} INFO - Setting next_dagrun for tutorial to 2024-11-24 00:00:00+00:00, run_after=2024-11-25 00:00:00+00:00
[2024-11-25T09:08:50.213+0000] {processor.py:208} INFO - Processing /home/airflow/.local/lib/python3.12/site-packages/airflow/example_dags/tutorial.py took 0.085 seconds
[2024-11-25T09:09:20.766+0000] {processor.py:186} INFO - Started process (PID=16667) to work on /home/airflow/.local/lib/python3.12/site-packages/airflow/example_dags/tutorial.py
[2024-11-25T09:09:20.767+0000] {processor.py:914} INFO - Processing file /home/airflow/.local/lib/python3.12/site-packages/airflow/example_dags/tutorial.py for tasks to queue
[2024-11-25T09:09:20.770+0000] {logging_mixin.py:190} INFO - [2024-11-25T09:09:20.770+0000] {dagbag.py:588} INFO - Filling up the DagBag from /home/airflow/.local/lib/python3.12/site-packages/airflow/example_dags/tutorial.py
[2024-11-25T09:09:20.785+0000] {processor.py:925} INFO - DAG(s) 'tutorial' retrieved from /home/airflow/.local/lib/python3.12/site-packages/airflow/example_dags/tutorial.py
[2024-11-25T09:09:20.819+0000] {logging_mixin.py:190} INFO - [2024-11-25T09:09:20.819+0000] {dag.py:3239} INFO - Sync 1 DAGs
[2024-11-25T09:09:20.848+0000] {logging_mixin.py:190} INFO - [2024-11-25T09:09:20.848+0000] {dag.py:4180} INFO - Setting next_dagrun for tutorial to 2024-11-24 00:00:00+00:00, run_after=2024-11-25 00:00:00+00:00
[2024-11-25T09:09:20.877+0000] {processor.py:208} INFO - Processing /home/airflow/.local/lib/python3.12/site-packages/airflow/example_dags/tutorial.py took 0.124 seconds
[2024-11-25T09:09:51.632+0000] {processor.py:186} INFO - Started process (PID=16970) to work on /home/airflow/.local/lib/python3.12/site-packages/airflow/example_dags/tutorial.py
[2024-11-25T09:09:51.633+0000] {processor.py:914} INFO - Processing file /home/airflow/.local/lib/python3.12/site-packages/airflow/example_dags/tutorial.py for tasks to queue
[2024-11-25T09:09:51.636+0000] {logging_mixin.py:190} INFO - [2024-11-25T09:09:51.635+0000] {dagbag.py:588} INFO - Filling up the DagBag from /home/airflow/.local/lib/python3.12/site-packages/airflow/example_dags/tutorial.py
[2024-11-25T09:09:51.645+0000] {processor.py:925} INFO - DAG(s) 'tutorial' retrieved from /home/airflow/.local/lib/python3.12/site-packages/airflow/example_dags/tutorial.py
[2024-11-25T09:09:51.671+0000] {logging_mixin.py:190} INFO - [2024-11-25T09:09:51.670+0000] {dag.py:3239} INFO - Sync 1 DAGs
[2024-11-25T09:09:51.697+0000] {logging_mixin.py:190} INFO - [2024-11-25T09:09:51.697+0000] {dag.py:4180} INFO - Setting next_dagrun for tutorial to 2024-11-24 00:00:00+00:00, run_after=2024-11-25 00:00:00+00:00
[2024-11-25T09:09:51.717+0000] {processor.py:208} INFO - Processing /home/airflow/.local/lib/python3.12/site-packages/airflow/example_dags/tutorial.py took 0.093 seconds
[2024-11-25T09:10:22.170+0000] {processor.py:186} INFO - Started process (PID=17269) to work on /home/airflow/.local/lib/python3.12/site-packages/airflow/example_dags/tutorial.py
[2024-11-25T09:10:22.171+0000] {processor.py:914} INFO - Processing file /home/airflow/.local/lib/python3.12/site-packages/airflow/example_dags/tutorial.py for tasks to queue
[2024-11-25T09:10:22.174+0000] {logging_mixin.py:190} INFO - [2024-11-25T09:10:22.174+0000] {dagbag.py:588} INFO - Filling up the DagBag from /home/airflow/.local/lib/python3.12/site-packages/airflow/example_dags/tutorial.py
[2024-11-25T09:10:22.183+0000] {processor.py:925} INFO - DAG(s) 'tutorial' retrieved from /home/airflow/.local/lib/python3.12/site-packages/airflow/example_dags/tutorial.py
[2024-11-25T09:10:22.205+0000] {logging_mixin.py:190} INFO - [2024-11-25T09:10:22.205+0000] {dag.py:3239} INFO - Sync 1 DAGs
[2024-11-25T09:10:22.228+0000] {logging_mixin.py:190} INFO - [2024-11-25T09:10:22.228+0000] {dag.py:4180} INFO - Setting next_dagrun for tutorial to 2024-11-24 00:00:00+00:00, run_after=2024-11-25 00:00:00+00:00
[2024-11-25T09:10:22.247+0000] {processor.py:208} INFO - Processing /home/airflow/.local/lib/python3.12/site-packages/airflow/example_dags/tutorial.py took 0.085 seconds
[2024-11-25T09:10:53.068+0000] {processor.py:186} INFO - Started process (PID=17570) to work on /home/airflow/.local/lib/python3.12/site-packages/airflow/example_dags/tutorial.py
[2024-11-25T09:10:53.069+0000] {processor.py:914} INFO - Processing file /home/airflow/.local/lib/python3.12/site-packages/airflow/example_dags/tutorial.py for tasks to queue
[2024-11-25T09:10:53.072+0000] {logging_mixin.py:190} INFO - [2024-11-25T09:10:53.071+0000] {dagbag.py:588} INFO - Filling up the DagBag from /home/airflow/.local/lib/python3.12/site-packages/airflow/example_dags/tutorial.py
[2024-11-25T09:10:53.083+0000] {processor.py:925} INFO - DAG(s) 'tutorial' retrieved from /home/airflow/.local/lib/python3.12/site-packages/airflow/example_dags/tutorial.py
[2024-11-25T09:10:53.111+0000] {logging_mixin.py:190} INFO - [2024-11-25T09:10:53.110+0000] {dag.py:3239} INFO - Sync 1 DAGs
[2024-11-25T09:10:53.137+0000] {logging_mixin.py:190} INFO - [2024-11-25T09:10:53.137+0000] {dag.py:4180} INFO - Setting next_dagrun for tutorial to 2024-11-24 00:00:00+00:00, run_after=2024-11-25 00:00:00+00:00
[2024-11-25T09:10:53.170+0000] {processor.py:208} INFO - Processing /home/airflow/.local/lib/python3.12/site-packages/airflow/example_dags/tutorial.py took 0.112 seconds
[2024-11-25T09:11:24.466+0000] {processor.py:186} INFO - Started process (PID=17874) to work on /home/airflow/.local/lib/python3.12/site-packages/airflow/example_dags/tutorial.py
[2024-11-25T09:11:24.468+0000] {processor.py:914} INFO - Processing file /home/airflow/.local/lib/python3.12/site-packages/airflow/example_dags/tutorial.py for tasks to queue
[2024-11-25T09:11:24.471+0000] {logging_mixin.py:190} INFO - [2024-11-25T09:11:24.471+0000] {dagbag.py:588} INFO - Filling up the DagBag from /home/airflow/.local/lib/python3.12/site-packages/airflow/example_dags/tutorial.py
[2024-11-25T09:11:24.480+0000] {processor.py:925} INFO - DAG(s) 'tutorial' retrieved from /home/airflow/.local/lib/python3.12/site-packages/airflow/example_dags/tutorial.py
[2024-11-25T09:11:24.503+0000] {logging_mixin.py:190} INFO - [2024-11-25T09:11:24.503+0000] {dag.py:3239} INFO - Sync 1 DAGs
[2024-11-25T09:11:24.526+0000] {logging_mixin.py:190} INFO - [2024-11-25T09:11:24.526+0000] {dag.py:4180} INFO - Setting next_dagrun for tutorial to 2024-11-24 00:00:00+00:00, run_after=2024-11-25 00:00:00+00:00
[2024-11-25T09:11:24.552+0000] {processor.py:208} INFO - Processing /home/airflow/.local/lib/python3.12/site-packages/airflow/example_dags/tutorial.py took 0.092 seconds
[2024-11-25T09:11:55.072+0000] {processor.py:186} INFO - Started process (PID=18175) to work on /home/airflow/.local/lib/python3.12/site-packages/airflow/example_dags/tutorial.py
[2024-11-25T09:11:55.074+0000] {processor.py:914} INFO - Processing file /home/airflow/.local/lib/python3.12/site-packages/airflow/example_dags/tutorial.py for tasks to queue
[2024-11-25T09:11:55.077+0000] {logging_mixin.py:190} INFO - [2024-11-25T09:11:55.076+0000] {dagbag.py:588} INFO - Filling up the DagBag from /home/airflow/.local/lib/python3.12/site-packages/airflow/example_dags/tutorial.py
[2024-11-25T09:11:55.090+0000] {processor.py:925} INFO - DAG(s) 'tutorial' retrieved from /home/airflow/.local/lib/python3.12/site-packages/airflow/example_dags/tutorial.py
[2024-11-25T09:11:55.125+0000] {logging_mixin.py:190} INFO - [2024-11-25T09:11:55.125+0000] {dag.py:3239} INFO - Sync 1 DAGs
[2024-11-25T09:11:55.161+0000] {logging_mixin.py:190} INFO - [2024-11-25T09:11:55.161+0000] {dag.py:4180} INFO - Setting next_dagrun for tutorial to 2024-11-24 00:00:00+00:00, run_after=2024-11-25 00:00:00+00:00
[2024-11-25T09:11:55.184+0000] {processor.py:208} INFO - Processing /home/airflow/.local/lib/python3.12/site-packages/airflow/example_dags/tutorial.py took 0.120 seconds
[2024-11-25T09:12:26.584+0000] {processor.py:186} INFO - Started process (PID=18477) to work on /home/airflow/.local/lib/python3.12/site-packages/airflow/example_dags/tutorial.py
[2024-11-25T09:12:26.585+0000] {processor.py:914} INFO - Processing file /home/airflow/.local/lib/python3.12/site-packages/airflow/example_dags/tutorial.py for tasks to queue
[2024-11-25T09:12:26.588+0000] {logging_mixin.py:190} INFO - [2024-11-25T09:12:26.587+0000] {dagbag.py:588} INFO - Filling up the DagBag from /home/airflow/.local/lib/python3.12/site-packages/airflow/example_dags/tutorial.py
[2024-11-25T09:12:26.597+0000] {processor.py:925} INFO - DAG(s) 'tutorial' retrieved from /home/airflow/.local/lib/python3.12/site-packages/airflow/example_dags/tutorial.py
[2024-11-25T09:12:26.625+0000] {logging_mixin.py:190} INFO - [2024-11-25T09:12:26.625+0000] {dag.py:3239} INFO - Sync 1 DAGs
[2024-11-25T09:12:26.652+0000] {logging_mixin.py:190} INFO - [2024-11-25T09:12:26.652+0000] {dag.py:4180} INFO - Setting next_dagrun for tutorial to 2024-11-24 00:00:00+00:00, run_after=2024-11-25 00:00:00+00:00
[2024-11-25T09:12:26.677+0000] {processor.py:208} INFO - Processing /home/airflow/.local/lib/python3.12/site-packages/airflow/example_dags/tutorial.py took 0.100 seconds
[2024-11-25T09:12:57.592+0000] {processor.py:186} INFO - Started process (PID=18776) to work on /home/airflow/.local/lib/python3.12/site-packages/airflow/example_dags/tutorial.py
[2024-11-25T09:12:57.594+0000] {processor.py:914} INFO - Processing file /home/airflow/.local/lib/python3.12/site-packages/airflow/example_dags/tutorial.py for tasks to queue
[2024-11-25T09:12:57.596+0000] {logging_mixin.py:190} INFO - [2024-11-25T09:12:57.596+0000] {dagbag.py:588} INFO - Filling up the DagBag from /home/airflow/.local/lib/python3.12/site-packages/airflow/example_dags/tutorial.py
[2024-11-25T09:12:57.605+0000] {processor.py:925} INFO - DAG(s) 'tutorial' retrieved from /home/airflow/.local/lib/python3.12/site-packages/airflow/example_dags/tutorial.py
[2024-11-25T09:12:57.637+0000] {logging_mixin.py:190} INFO - [2024-11-25T09:12:57.637+0000] {dag.py:3239} INFO - Sync 1 DAGs
[2024-11-25T09:12:57.671+0000] {logging_mixin.py:190} INFO - [2024-11-25T09:12:57.671+0000] {dag.py:4180} INFO - Setting next_dagrun for tutorial to 2024-11-24 00:00:00+00:00, run_after=2024-11-25 00:00:00+00:00
[2024-11-25T09:12:57.713+0000] {processor.py:208} INFO - Processing /home/airflow/.local/lib/python3.12/site-packages/airflow/example_dags/tutorial.py took 0.128 seconds
[2024-11-25T09:13:28.229+0000] {processor.py:186} INFO - Started process (PID=19077) to work on /home/airflow/.local/lib/python3.12/site-packages/airflow/example_dags/tutorial.py
[2024-11-25T09:13:28.231+0000] {processor.py:914} INFO - Processing file /home/airflow/.local/lib/python3.12/site-packages/airflow/example_dags/tutorial.py for tasks to queue
[2024-11-25T09:13:28.237+0000] {logging_mixin.py:190} INFO - [2024-11-25T09:13:28.237+0000] {dagbag.py:588} INFO - Filling up the DagBag from /home/airflow/.local/lib/python3.12/site-packages/airflow/example_dags/tutorial.py
[2024-11-25T09:13:28.252+0000] {processor.py:925} INFO - DAG(s) 'tutorial' retrieved from /home/airflow/.local/lib/python3.12/site-packages/airflow/example_dags/tutorial.py
[2024-11-25T09:13:28.288+0000] {logging_mixin.py:190} INFO - [2024-11-25T09:13:28.287+0000] {dag.py:3239} INFO - Sync 1 DAGs
[2024-11-25T09:13:28.328+0000] {logging_mixin.py:190} INFO - [2024-11-25T09:13:28.328+0000] {dag.py:4180} INFO - Setting next_dagrun for tutorial to 2024-11-24 00:00:00+00:00, run_after=2024-11-25 00:00:00+00:00
[2024-11-25T09:13:28.352+0000] {processor.py:208} INFO - Processing /home/airflow/.local/lib/python3.12/site-packages/airflow/example_dags/tutorial.py took 0.135 seconds
[2024-11-25T09:13:59.187+0000] {processor.py:186} INFO - Started process (PID=19378) to work on /home/airflow/.local/lib/python3.12/site-packages/airflow/example_dags/tutorial.py
[2024-11-25T09:13:59.189+0000] {processor.py:914} INFO - Processing file /home/airflow/.local/lib/python3.12/site-packages/airflow/example_dags/tutorial.py for tasks to queue
[2024-11-25T09:13:59.192+0000] {logging_mixin.py:190} INFO - [2024-11-25T09:13:59.191+0000] {dagbag.py:588} INFO - Filling up the DagBag from /home/airflow/.local/lib/python3.12/site-packages/airflow/example_dags/tutorial.py
[2024-11-25T09:13:59.205+0000] {processor.py:925} INFO - DAG(s) 'tutorial' retrieved from /home/airflow/.local/lib/python3.12/site-packages/airflow/example_dags/tutorial.py
[2024-11-25T09:13:59.237+0000] {logging_mixin.py:190} INFO - [2024-11-25T09:13:59.236+0000] {dag.py:3239} INFO - Sync 1 DAGs
[2024-11-25T09:13:59.277+0000] {logging_mixin.py:190} INFO - [2024-11-25T09:13:59.277+0000] {dag.py:4180} INFO - Setting next_dagrun for tutorial to 2024-11-24 00:00:00+00:00, run_after=2024-11-25 00:00:00+00:00
[2024-11-25T09:13:59.310+0000] {processor.py:208} INFO - Processing /home/airflow/.local/lib/python3.12/site-packages/airflow/example_dags/tutorial.py took 0.131 seconds
[2024-11-25T09:14:30.021+0000] {processor.py:186} INFO - Started process (PID=19679) to work on /home/airflow/.local/lib/python3.12/site-packages/airflow/example_dags/tutorial.py
[2024-11-25T09:14:30.024+0000] {processor.py:914} INFO - Processing file /home/airflow/.local/lib/python3.12/site-packages/airflow/example_dags/tutorial.py for tasks to queue
[2024-11-25T09:14:30.029+0000] {logging_mixin.py:190} INFO - [2024-11-25T09:14:30.028+0000] {dagbag.py:588} INFO - Filling up the DagBag from /home/airflow/.local/lib/python3.12/site-packages/airflow/example_dags/tutorial.py
[2024-11-25T09:14:30.044+0000] {processor.py:925} INFO - DAG(s) 'tutorial' retrieved from /home/airflow/.local/lib/python3.12/site-packages/airflow/example_dags/tutorial.py
[2024-11-25T09:14:30.077+0000] {logging_mixin.py:190} INFO - [2024-11-25T09:14:30.077+0000] {dag.py:3239} INFO - Sync 1 DAGs
[2024-11-25T09:14:30.119+0000] {logging_mixin.py:190} INFO - [2024-11-25T09:14:30.119+0000] {dag.py:4180} INFO - Setting next_dagrun for tutorial to 2024-11-24 00:00:00+00:00, run_after=2024-11-25 00:00:00+00:00
[2024-11-25T09:14:30.141+0000] {processor.py:208} INFO - Processing /home/airflow/.local/lib/python3.12/site-packages/airflow/example_dags/tutorial.py took 0.129 seconds
[2024-11-25T09:15:01.387+0000] {processor.py:186} INFO - Started process (PID=19982) to work on /home/airflow/.local/lib/python3.12/site-packages/airflow/example_dags/tutorial.py
[2024-11-25T09:15:01.389+0000] {processor.py:914} INFO - Processing file /home/airflow/.local/lib/python3.12/site-packages/airflow/example_dags/tutorial.py for tasks to queue
[2024-11-25T09:15:01.392+0000] {logging_mixin.py:190} INFO - [2024-11-25T09:15:01.392+0000] {dagbag.py:588} INFO - Filling up the DagBag from /home/airflow/.local/lib/python3.12/site-packages/airflow/example_dags/tutorial.py
[2024-11-25T09:15:01.400+0000] {processor.py:925} INFO - DAG(s) 'tutorial' retrieved from /home/airflow/.local/lib/python3.12/site-packages/airflow/example_dags/tutorial.py
[2024-11-25T09:15:01.426+0000] {logging_mixin.py:190} INFO - [2024-11-25T09:15:01.426+0000] {dag.py:3239} INFO - Sync 1 DAGs
[2024-11-25T09:15:01.455+0000] {logging_mixin.py:190} INFO - [2024-11-25T09:15:01.454+0000] {dag.py:4180} INFO - Setting next_dagrun for tutorial to 2024-11-24 00:00:00+00:00, run_after=2024-11-25 00:00:00+00:00
[2024-11-25T09:15:01.477+0000] {processor.py:208} INFO - Processing /home/airflow/.local/lib/python3.12/site-packages/airflow/example_dags/tutorial.py took 0.098 seconds
[2024-11-25T09:15:31.943+0000] {processor.py:186} INFO - Started process (PID=20283) to work on /home/airflow/.local/lib/python3.12/site-packages/airflow/example_dags/tutorial.py
[2024-11-25T09:15:31.944+0000] {processor.py:914} INFO - Processing file /home/airflow/.local/lib/python3.12/site-packages/airflow/example_dags/tutorial.py for tasks to queue
[2024-11-25T09:15:31.947+0000] {logging_mixin.py:190} INFO - [2024-11-25T09:15:31.946+0000] {dagbag.py:588} INFO - Filling up the DagBag from /home/airflow/.local/lib/python3.12/site-packages/airflow/example_dags/tutorial.py
[2024-11-25T09:15:31.955+0000] {processor.py:925} INFO - DAG(s) 'tutorial' retrieved from /home/airflow/.local/lib/python3.12/site-packages/airflow/example_dags/tutorial.py
[2024-11-25T09:15:31.983+0000] {logging_mixin.py:190} INFO - [2024-11-25T09:15:31.983+0000] {dag.py:3239} INFO - Sync 1 DAGs
[2024-11-25T09:15:32.012+0000] {logging_mixin.py:190} INFO - [2024-11-25T09:15:32.012+0000] {dag.py:4180} INFO - Setting next_dagrun for tutorial to 2024-11-24 00:00:00+00:00, run_after=2024-11-25 00:00:00+00:00
[2024-11-25T09:15:32.042+0000] {processor.py:208} INFO - Processing /home/airflow/.local/lib/python3.12/site-packages/airflow/example_dags/tutorial.py took 0.105 seconds
[2024-11-25T09:16:03.581+0000] {processor.py:186} INFO - Started process (PID=20594) to work on /home/airflow/.local/lib/python3.12/site-packages/airflow/example_dags/tutorial.py
[2024-11-25T09:16:03.582+0000] {processor.py:914} INFO - Processing file /home/airflow/.local/lib/python3.12/site-packages/airflow/example_dags/tutorial.py for tasks to queue
[2024-11-25T09:16:03.587+0000] {logging_mixin.py:190} INFO - [2024-11-25T09:16:03.586+0000] {dagbag.py:588} INFO - Filling up the DagBag from /home/airflow/.local/lib/python3.12/site-packages/airflow/example_dags/tutorial.py
[2024-11-25T09:16:03.607+0000] {processor.py:925} INFO - DAG(s) 'tutorial' retrieved from /home/airflow/.local/lib/python3.12/site-packages/airflow/example_dags/tutorial.py
[2024-11-25T09:16:03.652+0000] {logging_mixin.py:190} INFO - [2024-11-25T09:16:03.651+0000] {dag.py:3239} INFO - Sync 1 DAGs
[2024-11-25T09:16:03.684+0000] {logging_mixin.py:190} INFO - [2024-11-25T09:16:03.684+0000] {dag.py:4180} INFO - Setting next_dagrun for tutorial to 2024-11-24 00:00:00+00:00, run_after=2024-11-25 00:00:00+00:00
[2024-11-25T09:16:03.710+0000] {processor.py:208} INFO - Processing /home/airflow/.local/lib/python3.12/site-packages/airflow/example_dags/tutorial.py took 0.141 seconds
[2024-11-25T09:16:36.958+0000] {processor.py:186} INFO - Started process (PID=20918) to work on /home/airflow/.local/lib/python3.12/site-packages/airflow/example_dags/tutorial.py
[2024-11-25T09:16:36.959+0000] {processor.py:914} INFO - Processing file /home/airflow/.local/lib/python3.12/site-packages/airflow/example_dags/tutorial.py for tasks to queue
[2024-11-25T09:16:36.962+0000] {logging_mixin.py:190} INFO - [2024-11-25T09:16:36.962+0000] {dagbag.py:588} INFO - Filling up the DagBag from /home/airflow/.local/lib/python3.12/site-packages/airflow/example_dags/tutorial.py
[2024-11-25T09:16:36.972+0000] {processor.py:925} INFO - DAG(s) 'tutorial' retrieved from /home/airflow/.local/lib/python3.12/site-packages/airflow/example_dags/tutorial.py
[2024-11-25T09:16:37.003+0000] {logging_mixin.py:190} INFO - [2024-11-25T09:16:37.003+0000] {dag.py:3239} INFO - Sync 1 DAGs
[2024-11-25T09:16:37.067+0000] {logging_mixin.py:190} INFO - [2024-11-25T09:16:37.066+0000] {dag.py:4180} INFO - Setting next_dagrun for tutorial to 2024-11-24 00:00:00+00:00, run_after=2024-11-25 00:00:00+00:00
[2024-11-25T09:16:37.113+0000] {processor.py:208} INFO - Processing /home/airflow/.local/lib/python3.12/site-packages/airflow/example_dags/tutorial.py took 0.162 seconds
[2024-11-25T09:17:07.758+0000] {processor.py:186} INFO - Started process (PID=21219) to work on /home/airflow/.local/lib/python3.12/site-packages/airflow/example_dags/tutorial.py
[2024-11-25T09:17:07.759+0000] {processor.py:914} INFO - Processing file /home/airflow/.local/lib/python3.12/site-packages/airflow/example_dags/tutorial.py for tasks to queue
[2024-11-25T09:17:07.762+0000] {logging_mixin.py:190} INFO - [2024-11-25T09:17:07.761+0000] {dagbag.py:588} INFO - Filling up the DagBag from /home/airflow/.local/lib/python3.12/site-packages/airflow/example_dags/tutorial.py
[2024-11-25T09:17:07.770+0000] {processor.py:925} INFO - DAG(s) 'tutorial' retrieved from /home/airflow/.local/lib/python3.12/site-packages/airflow/example_dags/tutorial.py
[2024-11-25T09:17:07.795+0000] {logging_mixin.py:190} INFO - [2024-11-25T09:17:07.795+0000] {dag.py:3239} INFO - Sync 1 DAGs
[2024-11-25T09:17:07.829+0000] {logging_mixin.py:190} INFO - [2024-11-25T09:17:07.829+0000] {dag.py:4180} INFO - Setting next_dagrun for tutorial to 2024-11-24 00:00:00+00:00, run_after=2024-11-25 00:00:00+00:00
[2024-11-25T09:17:07.854+0000] {processor.py:208} INFO - Processing /home/airflow/.local/lib/python3.12/site-packages/airflow/example_dags/tutorial.py took 0.104 seconds
[2024-11-25T09:17:38.026+0000] {processor.py:186} INFO - Started process (PID=21520) to work on /home/airflow/.local/lib/python3.12/site-packages/airflow/example_dags/tutorial.py
[2024-11-25T09:17:38.027+0000] {processor.py:914} INFO - Processing file /home/airflow/.local/lib/python3.12/site-packages/airflow/example_dags/tutorial.py for tasks to queue
[2024-11-25T09:17:38.030+0000] {logging_mixin.py:190} INFO - [2024-11-25T09:17:38.030+0000] {dagbag.py:588} INFO - Filling up the DagBag from /home/airflow/.local/lib/python3.12/site-packages/airflow/example_dags/tutorial.py
[2024-11-25T09:17:38.041+0000] {processor.py:925} INFO - DAG(s) 'tutorial' retrieved from /home/airflow/.local/lib/python3.12/site-packages/airflow/example_dags/tutorial.py
[2024-11-25T09:17:38.067+0000] {logging_mixin.py:190} INFO - [2024-11-25T09:17:38.067+0000] {dag.py:3239} INFO - Sync 1 DAGs
[2024-11-25T09:17:38.095+0000] {logging_mixin.py:190} INFO - [2024-11-25T09:17:38.095+0000] {dag.py:4180} INFO - Setting next_dagrun for tutorial to 2024-11-24 00:00:00+00:00, run_after=2024-11-25 00:00:00+00:00
[2024-11-25T09:17:38.116+0000] {processor.py:208} INFO - Processing /home/airflow/.local/lib/python3.12/site-packages/airflow/example_dags/tutorial.py took 0.098 seconds
[2024-11-25T09:18:09.633+0000] {processor.py:186} INFO - Started process (PID=21833) to work on /home/airflow/.local/lib/python3.12/site-packages/airflow/example_dags/tutorial.py
[2024-11-25T09:18:09.634+0000] {processor.py:914} INFO - Processing file /home/airflow/.local/lib/python3.12/site-packages/airflow/example_dags/tutorial.py for tasks to queue
[2024-11-25T09:18:09.636+0000] {logging_mixin.py:190} INFO - [2024-11-25T09:18:09.636+0000] {dagbag.py:588} INFO - Filling up the DagBag from /home/airflow/.local/lib/python3.12/site-packages/airflow/example_dags/tutorial.py
[2024-11-25T09:18:09.646+0000] {processor.py:925} INFO - DAG(s) 'tutorial' retrieved from /home/airflow/.local/lib/python3.12/site-packages/airflow/example_dags/tutorial.py
[2024-11-25T09:18:09.672+0000] {logging_mixin.py:190} INFO - [2024-11-25T09:18:09.671+0000] {dag.py:3239} INFO - Sync 1 DAGs
[2024-11-25T09:18:09.696+0000] {logging_mixin.py:190} INFO - [2024-11-25T09:18:09.695+0000] {dag.py:4180} INFO - Setting next_dagrun for tutorial to 2024-11-24 00:00:00+00:00, run_after=2024-11-25 00:00:00+00:00
[2024-11-25T09:18:09.722+0000] {processor.py:208} INFO - Processing /home/airflow/.local/lib/python3.12/site-packages/airflow/example_dags/tutorial.py took 0.096 seconds
[2024-11-25T09:18:39.889+0000] {processor.py:186} INFO - Started process (PID=22134) to work on /home/airflow/.local/lib/python3.12/site-packages/airflow/example_dags/tutorial.py
[2024-11-25T09:18:39.890+0000] {processor.py:914} INFO - Processing file /home/airflow/.local/lib/python3.12/site-packages/airflow/example_dags/tutorial.py for tasks to queue
[2024-11-25T09:18:39.893+0000] {logging_mixin.py:190} INFO - [2024-11-25T09:18:39.892+0000] {dagbag.py:588} INFO - Filling up the DagBag from /home/airflow/.local/lib/python3.12/site-packages/airflow/example_dags/tutorial.py
[2024-11-25T09:18:39.902+0000] {processor.py:925} INFO - DAG(s) 'tutorial' retrieved from /home/airflow/.local/lib/python3.12/site-packages/airflow/example_dags/tutorial.py
[2024-11-25T09:18:39.930+0000] {logging_mixin.py:190} INFO - [2024-11-25T09:18:39.930+0000] {dag.py:3239} INFO - Sync 1 DAGs
[2024-11-25T09:18:39.958+0000] {logging_mixin.py:190} INFO - [2024-11-25T09:18:39.957+0000] {dag.py:4180} INFO - Setting next_dagrun for tutorial to 2024-11-24 00:00:00+00:00, run_after=2024-11-25 00:00:00+00:00
[2024-11-25T09:18:39.979+0000] {processor.py:208} INFO - Processing /home/airflow/.local/lib/python3.12/site-packages/airflow/example_dags/tutorial.py took 0.096 seconds
