[2024-11-25T08:41:44.132+0000] {processor.py:186} INFO - Started process (PID=457) to work on /home/airflow/.local/lib/python3.12/site-packages/airflow/example_dags/tutorial_dag.py
[2024-11-25T08:41:44.135+0000] {processor.py:914} INFO - Processing file /home/airflow/.local/lib/python3.12/site-packages/airflow/example_dags/tutorial_dag.py for tasks to queue
[2024-11-25T08:41:44.138+0000] {logging_mixin.py:190} INFO - [2024-11-25T08:41:44.138+0000] {dagbag.py:588} INFO - Filling up the DagBag from /home/airflow/.local/lib/python3.12/site-packages/airflow/example_dags/tutorial_dag.py
[2024-11-25T08:41:44.150+0000] {processor.py:925} INFO - DAG(s) 'tutorial_dag' retrieved from /home/airflow/.local/lib/python3.12/site-packages/airflow/example_dags/tutorial_dag.py
[2024-11-25T08:41:44.397+0000] {logging_mixin.py:190} INFO - [2024-11-25T08:41:44.395+0000] {override.py:1911} INFO - Created Permission View: can edit on DAG:tutorial_dag
[2024-11-25T08:41:44.422+0000] {logging_mixin.py:190} INFO - [2024-11-25T08:41:44.422+0000] {override.py:1911} INFO - Created Permission View: can delete on DAG:tutorial_dag
[2024-11-25T08:41:44.443+0000] {logging_mixin.py:190} INFO - [2024-11-25T08:41:44.442+0000] {override.py:1911} INFO - Created Permission View: can read on DAG:tutorial_dag
[2024-11-25T08:41:44.465+0000] {logging_mixin.py:190} INFO - [2024-11-25T08:41:44.464+0000] {override.py:1911} INFO - Created Permission View: can create on DAG Run:tutorial_dag
[2024-11-25T08:41:44.511+0000] {logging_mixin.py:190} INFO - [2024-11-25T08:41:44.510+0000] {override.py:1911} INFO - Created Permission View: can delete on DAG Run:tutorial_dag
[2024-11-25T08:41:44.539+0000] {logging_mixin.py:190} INFO - [2024-11-25T08:41:44.539+0000] {override.py:1911} INFO - Created Permission View: menu access on DAG Run:tutorial_dag
[2024-11-25T08:41:44.564+0000] {logging_mixin.py:190} INFO - [2024-11-25T08:41:44.564+0000] {override.py:1911} INFO - Created Permission View: can read on DAG Run:tutorial_dag
[2024-11-25T08:41:44.566+0000] {logging_mixin.py:190} INFO - [2024-11-25T08:41:44.565+0000] {dag.py:3239} INFO - Sync 1 DAGs
[2024-11-25T08:41:44.596+0000] {logging_mixin.py:190} INFO - [2024-11-25T08:41:44.596+0000] {dag.py:3262} INFO - Creating ORM DAG for tutorial_dag
[2024-11-25T08:41:44.598+0000] {logging_mixin.py:190} INFO - [2024-11-25T08:41:44.598+0000] {dag.py:4180} INFO - Setting next_dagrun for tutorial_dag to None, run_after=None
[2024-11-25T08:41:44.657+0000] {processor.py:208} INFO - Processing /home/airflow/.local/lib/python3.12/site-packages/airflow/example_dags/tutorial_dag.py took 0.536 seconds
[2024-11-25T08:42:14.952+0000] {processor.py:186} INFO - Started process (PID=761) to work on /home/airflow/.local/lib/python3.12/site-packages/airflow/example_dags/tutorial_dag.py
[2024-11-25T08:42:14.953+0000] {processor.py:914} INFO - Processing file /home/airflow/.local/lib/python3.12/site-packages/airflow/example_dags/tutorial_dag.py for tasks to queue
[2024-11-25T08:42:14.956+0000] {logging_mixin.py:190} INFO - [2024-11-25T08:42:14.955+0000] {dagbag.py:588} INFO - Filling up the DagBag from /home/airflow/.local/lib/python3.12/site-packages/airflow/example_dags/tutorial_dag.py
[2024-11-25T08:42:14.965+0000] {processor.py:925} INFO - DAG(s) 'tutorial_dag' retrieved from /home/airflow/.local/lib/python3.12/site-packages/airflow/example_dags/tutorial_dag.py
[2024-11-25T08:42:14.996+0000] {logging_mixin.py:190} INFO - [2024-11-25T08:42:14.995+0000] {dag.py:3239} INFO - Sync 1 DAGs
[2024-11-25T08:42:15.026+0000] {logging_mixin.py:190} INFO - [2024-11-25T08:42:15.025+0000] {dag.py:4180} INFO - Setting next_dagrun for tutorial_dag to None, run_after=None
[2024-11-25T08:42:15.061+0000] {processor.py:208} INFO - Processing /home/airflow/.local/lib/python3.12/site-packages/airflow/example_dags/tutorial_dag.py took 0.116 seconds
[2024-11-25T08:42:46.715+0000] {processor.py:186} INFO - Started process (PID=1073) to work on /home/airflow/.local/lib/python3.12/site-packages/airflow/example_dags/tutorial_dag.py
[2024-11-25T08:42:46.724+0000] {processor.py:914} INFO - Processing file /home/airflow/.local/lib/python3.12/site-packages/airflow/example_dags/tutorial_dag.py for tasks to queue
[2024-11-25T08:42:46.737+0000] {logging_mixin.py:190} INFO - [2024-11-25T08:42:46.736+0000] {dagbag.py:588} INFO - Filling up the DagBag from /home/airflow/.local/lib/python3.12/site-packages/airflow/example_dags/tutorial_dag.py
[2024-11-25T08:42:46.771+0000] {processor.py:925} INFO - DAG(s) 'tutorial_dag' retrieved from /home/airflow/.local/lib/python3.12/site-packages/airflow/example_dags/tutorial_dag.py
[2024-11-25T08:42:46.874+0000] {logging_mixin.py:190} INFO - [2024-11-25T08:42:46.869+0000] {dag.py:3239} INFO - Sync 1 DAGs
[2024-11-25T08:42:46.957+0000] {logging_mixin.py:190} INFO - [2024-11-25T08:42:46.949+0000] {dag.py:4180} INFO - Setting next_dagrun for tutorial_dag to None, run_after=None
[2024-11-25T08:42:47.051+0000] {processor.py:208} INFO - Processing /home/airflow/.local/lib/python3.12/site-packages/airflow/example_dags/tutorial_dag.py took 0.365 seconds
[2024-11-25T08:43:17.786+0000] {processor.py:186} INFO - Started process (PID=1371) to work on /home/airflow/.local/lib/python3.12/site-packages/airflow/example_dags/tutorial_dag.py
[2024-11-25T08:43:17.788+0000] {processor.py:914} INFO - Processing file /home/airflow/.local/lib/python3.12/site-packages/airflow/example_dags/tutorial_dag.py for tasks to queue
[2024-11-25T08:43:17.792+0000] {logging_mixin.py:190} INFO - [2024-11-25T08:43:17.792+0000] {dagbag.py:588} INFO - Filling up the DagBag from /home/airflow/.local/lib/python3.12/site-packages/airflow/example_dags/tutorial_dag.py
[2024-11-25T08:43:17.805+0000] {processor.py:925} INFO - DAG(s) 'tutorial_dag' retrieved from /home/airflow/.local/lib/python3.12/site-packages/airflow/example_dags/tutorial_dag.py
[2024-11-25T08:43:17.837+0000] {logging_mixin.py:190} INFO - [2024-11-25T08:43:17.837+0000] {dag.py:3239} INFO - Sync 1 DAGs
[2024-11-25T08:43:17.857+0000] {logging_mixin.py:190} INFO - [2024-11-25T08:43:17.857+0000] {dag.py:4180} INFO - Setting next_dagrun for tutorial_dag to None, run_after=None
[2024-11-25T08:43:17.900+0000] {processor.py:208} INFO - Processing /home/airflow/.local/lib/python3.12/site-packages/airflow/example_dags/tutorial_dag.py took 0.123 seconds
[2024-11-25T08:43:48.060+0000] {processor.py:186} INFO - Started process (PID=1673) to work on /home/airflow/.local/lib/python3.12/site-packages/airflow/example_dags/tutorial_dag.py
[2024-11-25T08:43:48.062+0000] {processor.py:914} INFO - Processing file /home/airflow/.local/lib/python3.12/site-packages/airflow/example_dags/tutorial_dag.py for tasks to queue
[2024-11-25T08:43:48.066+0000] {logging_mixin.py:190} INFO - [2024-11-25T08:43:48.065+0000] {dagbag.py:588} INFO - Filling up the DagBag from /home/airflow/.local/lib/python3.12/site-packages/airflow/example_dags/tutorial_dag.py
[2024-11-25T08:43:48.077+0000] {processor.py:925} INFO - DAG(s) 'tutorial_dag' retrieved from /home/airflow/.local/lib/python3.12/site-packages/airflow/example_dags/tutorial_dag.py
[2024-11-25T08:43:48.111+0000] {logging_mixin.py:190} INFO - [2024-11-25T08:43:48.110+0000] {dag.py:3239} INFO - Sync 1 DAGs
[2024-11-25T08:43:48.140+0000] {logging_mixin.py:190} INFO - [2024-11-25T08:43:48.140+0000] {dag.py:4180} INFO - Setting next_dagrun for tutorial_dag to None, run_after=None
[2024-11-25T08:43:48.167+0000] {processor.py:208} INFO - Processing /home/airflow/.local/lib/python3.12/site-packages/airflow/example_dags/tutorial_dag.py took 0.118 seconds
[2024-11-25T08:44:18.790+0000] {processor.py:186} INFO - Started process (PID=1974) to work on /home/airflow/.local/lib/python3.12/site-packages/airflow/example_dags/tutorial_dag.py
[2024-11-25T08:44:18.791+0000] {processor.py:914} INFO - Processing file /home/airflow/.local/lib/python3.12/site-packages/airflow/example_dags/tutorial_dag.py for tasks to queue
[2024-11-25T08:44:18.796+0000] {logging_mixin.py:190} INFO - [2024-11-25T08:44:18.796+0000] {dagbag.py:588} INFO - Filling up the DagBag from /home/airflow/.local/lib/python3.12/site-packages/airflow/example_dags/tutorial_dag.py
[2024-11-25T08:44:18.806+0000] {processor.py:925} INFO - DAG(s) 'tutorial_dag' retrieved from /home/airflow/.local/lib/python3.12/site-packages/airflow/example_dags/tutorial_dag.py
[2024-11-25T08:44:18.867+0000] {logging_mixin.py:190} INFO - [2024-11-25T08:44:18.866+0000] {dag.py:3239} INFO - Sync 1 DAGs
[2024-11-25T08:44:18.903+0000] {logging_mixin.py:190} INFO - [2024-11-25T08:44:18.903+0000] {dag.py:4180} INFO - Setting next_dagrun for tutorial_dag to None, run_after=None
[2024-11-25T08:44:18.941+0000] {processor.py:208} INFO - Processing /home/airflow/.local/lib/python3.12/site-packages/airflow/example_dags/tutorial_dag.py took 0.159 seconds
[2024-11-25T08:44:49.303+0000] {processor.py:186} INFO - Started process (PID=2275) to work on /home/airflow/.local/lib/python3.12/site-packages/airflow/example_dags/tutorial_dag.py
[2024-11-25T08:44:49.308+0000] {processor.py:914} INFO - Processing file /home/airflow/.local/lib/python3.12/site-packages/airflow/example_dags/tutorial_dag.py for tasks to queue
[2024-11-25T08:44:49.314+0000] {logging_mixin.py:190} INFO - [2024-11-25T08:44:49.314+0000] {dagbag.py:588} INFO - Filling up the DagBag from /home/airflow/.local/lib/python3.12/site-packages/airflow/example_dags/tutorial_dag.py
[2024-11-25T08:44:49.349+0000] {processor.py:925} INFO - DAG(s) 'tutorial_dag' retrieved from /home/airflow/.local/lib/python3.12/site-packages/airflow/example_dags/tutorial_dag.py
[2024-11-25T08:44:49.411+0000] {logging_mixin.py:190} INFO - [2024-11-25T08:44:49.411+0000] {dag.py:3239} INFO - Sync 1 DAGs
[2024-11-25T08:44:49.463+0000] {logging_mixin.py:190} INFO - [2024-11-25T08:44:49.462+0000] {dag.py:4180} INFO - Setting next_dagrun for tutorial_dag to None, run_after=None
[2024-11-25T08:44:49.528+0000] {processor.py:208} INFO - Processing /home/airflow/.local/lib/python3.12/site-packages/airflow/example_dags/tutorial_dag.py took 0.232 seconds
[2024-11-25T08:45:19.739+0000] {processor.py:186} INFO - Started process (PID=2576) to work on /home/airflow/.local/lib/python3.12/site-packages/airflow/example_dags/tutorial_dag.py
[2024-11-25T08:45:19.741+0000] {processor.py:914} INFO - Processing file /home/airflow/.local/lib/python3.12/site-packages/airflow/example_dags/tutorial_dag.py for tasks to queue
[2024-11-25T08:45:19.745+0000] {logging_mixin.py:190} INFO - [2024-11-25T08:45:19.745+0000] {dagbag.py:588} INFO - Filling up the DagBag from /home/airflow/.local/lib/python3.12/site-packages/airflow/example_dags/tutorial_dag.py
[2024-11-25T08:45:19.759+0000] {processor.py:925} INFO - DAG(s) 'tutorial_dag' retrieved from /home/airflow/.local/lib/python3.12/site-packages/airflow/example_dags/tutorial_dag.py
[2024-11-25T08:45:19.796+0000] {logging_mixin.py:190} INFO - [2024-11-25T08:45:19.796+0000] {dag.py:3239} INFO - Sync 1 DAGs
[2024-11-25T08:45:19.815+0000] {logging_mixin.py:190} INFO - [2024-11-25T08:45:19.814+0000] {dag.py:4180} INFO - Setting next_dagrun for tutorial_dag to None, run_after=None
[2024-11-25T08:45:19.842+0000] {processor.py:208} INFO - Processing /home/airflow/.local/lib/python3.12/site-packages/airflow/example_dags/tutorial_dag.py took 0.114 seconds
[2024-11-25T08:45:50.278+0000] {processor.py:186} INFO - Started process (PID=2877) to work on /home/airflow/.local/lib/python3.12/site-packages/airflow/example_dags/tutorial_dag.py
[2024-11-25T08:45:50.280+0000] {processor.py:914} INFO - Processing file /home/airflow/.local/lib/python3.12/site-packages/airflow/example_dags/tutorial_dag.py for tasks to queue
[2024-11-25T08:45:50.283+0000] {logging_mixin.py:190} INFO - [2024-11-25T08:45:50.283+0000] {dagbag.py:588} INFO - Filling up the DagBag from /home/airflow/.local/lib/python3.12/site-packages/airflow/example_dags/tutorial_dag.py
[2024-11-25T08:45:50.296+0000] {processor.py:925} INFO - DAG(s) 'tutorial_dag' retrieved from /home/airflow/.local/lib/python3.12/site-packages/airflow/example_dags/tutorial_dag.py
[2024-11-25T08:45:50.328+0000] {logging_mixin.py:190} INFO - [2024-11-25T08:45:50.327+0000] {dag.py:3239} INFO - Sync 1 DAGs
[2024-11-25T08:45:50.342+0000] {logging_mixin.py:190} INFO - [2024-11-25T08:45:50.342+0000] {dag.py:4180} INFO - Setting next_dagrun for tutorial_dag to None, run_after=None
[2024-11-25T08:45:50.360+0000] {processor.py:208} INFO - Processing /home/airflow/.local/lib/python3.12/site-packages/airflow/example_dags/tutorial_dag.py took 0.094 seconds
[2024-11-25T08:46:21.104+0000] {processor.py:186} INFO - Started process (PID=3178) to work on /home/airflow/.local/lib/python3.12/site-packages/airflow/example_dags/tutorial_dag.py
[2024-11-25T08:46:21.105+0000] {processor.py:914} INFO - Processing file /home/airflow/.local/lib/python3.12/site-packages/airflow/example_dags/tutorial_dag.py for tasks to queue
[2024-11-25T08:46:21.108+0000] {logging_mixin.py:190} INFO - [2024-11-25T08:46:21.107+0000] {dagbag.py:588} INFO - Filling up the DagBag from /home/airflow/.local/lib/python3.12/site-packages/airflow/example_dags/tutorial_dag.py
[2024-11-25T08:46:21.115+0000] {processor.py:925} INFO - DAG(s) 'tutorial_dag' retrieved from /home/airflow/.local/lib/python3.12/site-packages/airflow/example_dags/tutorial_dag.py
[2024-11-25T08:46:21.141+0000] {logging_mixin.py:190} INFO - [2024-11-25T08:46:21.140+0000] {dag.py:3239} INFO - Sync 1 DAGs
[2024-11-25T08:46:21.155+0000] {logging_mixin.py:190} INFO - [2024-11-25T08:46:21.155+0000] {dag.py:4180} INFO - Setting next_dagrun for tutorial_dag to None, run_after=None
[2024-11-25T08:46:21.174+0000] {processor.py:208} INFO - Processing /home/airflow/.local/lib/python3.12/site-packages/airflow/example_dags/tutorial_dag.py took 0.077 seconds
[2024-11-25T08:46:52.252+0000] {processor.py:186} INFO - Started process (PID=3478) to work on /home/airflow/.local/lib/python3.12/site-packages/airflow/example_dags/tutorial_dag.py
[2024-11-25T08:46:52.254+0000] {processor.py:914} INFO - Processing file /home/airflow/.local/lib/python3.12/site-packages/airflow/example_dags/tutorial_dag.py for tasks to queue
[2024-11-25T08:46:52.256+0000] {logging_mixin.py:190} INFO - [2024-11-25T08:46:52.256+0000] {dagbag.py:588} INFO - Filling up the DagBag from /home/airflow/.local/lib/python3.12/site-packages/airflow/example_dags/tutorial_dag.py
[2024-11-25T08:46:52.264+0000] {processor.py:925} INFO - DAG(s) 'tutorial_dag' retrieved from /home/airflow/.local/lib/python3.12/site-packages/airflow/example_dags/tutorial_dag.py
[2024-11-25T08:46:52.287+0000] {logging_mixin.py:190} INFO - [2024-11-25T08:46:52.287+0000] {dag.py:3239} INFO - Sync 1 DAGs
[2024-11-25T08:46:52.303+0000] {logging_mixin.py:190} INFO - [2024-11-25T08:46:52.303+0000] {dag.py:4180} INFO - Setting next_dagrun for tutorial_dag to None, run_after=None
[2024-11-25T08:46:52.328+0000] {processor.py:208} INFO - Processing /home/airflow/.local/lib/python3.12/site-packages/airflow/example_dags/tutorial_dag.py took 0.082 seconds
[2024-11-25T08:47:23.200+0000] {processor.py:186} INFO - Started process (PID=3779) to work on /home/airflow/.local/lib/python3.12/site-packages/airflow/example_dags/tutorial_dag.py
[2024-11-25T08:47:23.204+0000] {processor.py:914} INFO - Processing file /home/airflow/.local/lib/python3.12/site-packages/airflow/example_dags/tutorial_dag.py for tasks to queue
[2024-11-25T08:47:23.207+0000] {logging_mixin.py:190} INFO - [2024-11-25T08:47:23.207+0000] {dagbag.py:588} INFO - Filling up the DagBag from /home/airflow/.local/lib/python3.12/site-packages/airflow/example_dags/tutorial_dag.py
[2024-11-25T08:47:23.216+0000] {processor.py:925} INFO - DAG(s) 'tutorial_dag' retrieved from /home/airflow/.local/lib/python3.12/site-packages/airflow/example_dags/tutorial_dag.py
[2024-11-25T08:47:23.243+0000] {logging_mixin.py:190} INFO - [2024-11-25T08:47:23.242+0000] {dag.py:3239} INFO - Sync 1 DAGs
[2024-11-25T08:47:23.258+0000] {logging_mixin.py:190} INFO - [2024-11-25T08:47:23.257+0000] {dag.py:4180} INFO - Setting next_dagrun for tutorial_dag to None, run_after=None
[2024-11-25T08:47:23.281+0000] {processor.py:208} INFO - Processing /home/airflow/.local/lib/python3.12/site-packages/airflow/example_dags/tutorial_dag.py took 0.088 seconds
[2024-11-25T08:47:53.989+0000] {processor.py:186} INFO - Started process (PID=4080) to work on /home/airflow/.local/lib/python3.12/site-packages/airflow/example_dags/tutorial_dag.py
[2024-11-25T08:47:53.991+0000] {processor.py:914} INFO - Processing file /home/airflow/.local/lib/python3.12/site-packages/airflow/example_dags/tutorial_dag.py for tasks to queue
[2024-11-25T08:47:53.993+0000] {logging_mixin.py:190} INFO - [2024-11-25T08:47:53.993+0000] {dagbag.py:588} INFO - Filling up the DagBag from /home/airflow/.local/lib/python3.12/site-packages/airflow/example_dags/tutorial_dag.py
[2024-11-25T08:47:54.001+0000] {processor.py:925} INFO - DAG(s) 'tutorial_dag' retrieved from /home/airflow/.local/lib/python3.12/site-packages/airflow/example_dags/tutorial_dag.py
[2024-11-25T08:47:54.026+0000] {logging_mixin.py:190} INFO - [2024-11-25T08:47:54.026+0000] {dag.py:3239} INFO - Sync 1 DAGs
[2024-11-25T08:47:54.043+0000] {logging_mixin.py:190} INFO - [2024-11-25T08:47:54.043+0000] {dag.py:4180} INFO - Setting next_dagrun for tutorial_dag to None, run_after=None
[2024-11-25T08:47:54.068+0000] {processor.py:208} INFO - Processing /home/airflow/.local/lib/python3.12/site-packages/airflow/example_dags/tutorial_dag.py took 0.087 seconds
[2024-11-25T08:48:25.472+0000] {processor.py:186} INFO - Started process (PID=4381) to work on /home/airflow/.local/lib/python3.12/site-packages/airflow/example_dags/tutorial_dag.py
[2024-11-25T08:48:25.473+0000] {processor.py:914} INFO - Processing file /home/airflow/.local/lib/python3.12/site-packages/airflow/example_dags/tutorial_dag.py for tasks to queue
[2024-11-25T08:48:25.476+0000] {logging_mixin.py:190} INFO - [2024-11-25T08:48:25.475+0000] {dagbag.py:588} INFO - Filling up the DagBag from /home/airflow/.local/lib/python3.12/site-packages/airflow/example_dags/tutorial_dag.py
[2024-11-25T08:48:25.484+0000] {processor.py:925} INFO - DAG(s) 'tutorial_dag' retrieved from /home/airflow/.local/lib/python3.12/site-packages/airflow/example_dags/tutorial_dag.py
[2024-11-25T08:48:25.523+0000] {logging_mixin.py:190} INFO - [2024-11-25T08:48:25.523+0000] {dag.py:3239} INFO - Sync 1 DAGs
[2024-11-25T08:48:25.540+0000] {logging_mixin.py:190} INFO - [2024-11-25T08:48:25.540+0000] {dag.py:4180} INFO - Setting next_dagrun for tutorial_dag to None, run_after=None
[2024-11-25T08:48:25.562+0000] {processor.py:208} INFO - Processing /home/airflow/.local/lib/python3.12/site-packages/airflow/example_dags/tutorial_dag.py took 0.098 seconds
[2024-11-25T08:48:57.865+0000] {processor.py:186} INFO - Started process (PID=4682) to work on /home/airflow/.local/lib/python3.12/site-packages/airflow/example_dags/tutorial_dag.py
[2024-11-25T08:48:57.867+0000] {processor.py:914} INFO - Processing file /home/airflow/.local/lib/python3.12/site-packages/airflow/example_dags/tutorial_dag.py for tasks to queue
[2024-11-25T08:48:57.872+0000] {logging_mixin.py:190} INFO - [2024-11-25T08:48:57.872+0000] {dagbag.py:588} INFO - Filling up the DagBag from /home/airflow/.local/lib/python3.12/site-packages/airflow/example_dags/tutorial_dag.py
[2024-11-25T08:48:57.882+0000] {processor.py:925} INFO - DAG(s) 'tutorial_dag' retrieved from /home/airflow/.local/lib/python3.12/site-packages/airflow/example_dags/tutorial_dag.py
[2024-11-25T08:48:57.925+0000] {logging_mixin.py:190} INFO - [2024-11-25T08:48:57.925+0000] {dag.py:3239} INFO - Sync 1 DAGs
[2024-11-25T08:48:57.953+0000] {logging_mixin.py:190} INFO - [2024-11-25T08:48:57.952+0000] {dag.py:4180} INFO - Setting next_dagrun for tutorial_dag to None, run_after=None
[2024-11-25T08:48:58.014+0000] {processor.py:208} INFO - Processing /home/airflow/.local/lib/python3.12/site-packages/airflow/example_dags/tutorial_dag.py took 0.157 seconds
[2024-11-25T08:49:28.269+0000] {processor.py:186} INFO - Started process (PID=4978) to work on /home/airflow/.local/lib/python3.12/site-packages/airflow/example_dags/tutorial_dag.py
[2024-11-25T08:49:28.270+0000] {processor.py:914} INFO - Processing file /home/airflow/.local/lib/python3.12/site-packages/airflow/example_dags/tutorial_dag.py for tasks to queue
[2024-11-25T08:49:28.274+0000] {logging_mixin.py:190} INFO - [2024-11-25T08:49:28.274+0000] {dagbag.py:588} INFO - Filling up the DagBag from /home/airflow/.local/lib/python3.12/site-packages/airflow/example_dags/tutorial_dag.py
[2024-11-25T08:49:28.286+0000] {processor.py:925} INFO - DAG(s) 'tutorial_dag' retrieved from /home/airflow/.local/lib/python3.12/site-packages/airflow/example_dags/tutorial_dag.py
[2024-11-25T08:49:28.351+0000] {logging_mixin.py:190} INFO - [2024-11-25T08:49:28.351+0000] {dag.py:3239} INFO - Sync 1 DAGs
[2024-11-25T08:49:28.372+0000] {logging_mixin.py:190} INFO - [2024-11-25T08:49:28.372+0000] {dag.py:4180} INFO - Setting next_dagrun for tutorial_dag to None, run_after=None
[2024-11-25T08:49:28.396+0000] {processor.py:208} INFO - Processing /home/airflow/.local/lib/python3.12/site-packages/airflow/example_dags/tutorial_dag.py took 0.136 seconds
[2024-11-25T08:49:59.869+0000] {processor.py:186} INFO - Started process (PID=5279) to work on /home/airflow/.local/lib/python3.12/site-packages/airflow/example_dags/tutorial_dag.py
[2024-11-25T08:49:59.872+0000] {processor.py:914} INFO - Processing file /home/airflow/.local/lib/python3.12/site-packages/airflow/example_dags/tutorial_dag.py for tasks to queue
[2024-11-25T08:49:59.879+0000] {logging_mixin.py:190} INFO - [2024-11-25T08:49:59.878+0000] {dagbag.py:588} INFO - Filling up the DagBag from /home/airflow/.local/lib/python3.12/site-packages/airflow/example_dags/tutorial_dag.py
[2024-11-25T08:49:59.924+0000] {processor.py:925} INFO - DAG(s) 'tutorial_dag' retrieved from /home/airflow/.local/lib/python3.12/site-packages/airflow/example_dags/tutorial_dag.py
[2024-11-25T08:50:00.000+0000] {logging_mixin.py:190} INFO - [2024-11-25T08:50:00.000+0000] {dag.py:3239} INFO - Sync 1 DAGs
[2024-11-25T08:50:00.035+0000] {logging_mixin.py:190} INFO - [2024-11-25T08:50:00.035+0000] {dag.py:4180} INFO - Setting next_dagrun for tutorial_dag to None, run_after=None
[2024-11-25T08:50:00.068+0000] {processor.py:208} INFO - Processing /home/airflow/.local/lib/python3.12/site-packages/airflow/example_dags/tutorial_dag.py took 0.219 seconds
[2024-11-25T08:50:35.947+0000] {processor.py:186} INFO - Started process (PID=5587) to work on /home/airflow/.local/lib/python3.12/site-packages/airflow/example_dags/tutorial_dag.py
[2024-11-25T08:50:35.950+0000] {processor.py:914} INFO - Processing file /home/airflow/.local/lib/python3.12/site-packages/airflow/example_dags/tutorial_dag.py for tasks to queue
[2024-11-25T08:50:35.954+0000] {logging_mixin.py:190} INFO - [2024-11-25T08:50:35.954+0000] {dagbag.py:588} INFO - Filling up the DagBag from /home/airflow/.local/lib/python3.12/site-packages/airflow/example_dags/tutorial_dag.py
[2024-11-25T08:50:35.972+0000] {processor.py:925} INFO - DAG(s) 'tutorial_dag' retrieved from /home/airflow/.local/lib/python3.12/site-packages/airflow/example_dags/tutorial_dag.py
[2024-11-25T08:50:36.022+0000] {logging_mixin.py:190} INFO - [2024-11-25T08:50:36.021+0000] {dag.py:3239} INFO - Sync 1 DAGs
[2024-11-25T08:50:36.054+0000] {logging_mixin.py:190} INFO - [2024-11-25T08:50:36.053+0000] {dag.py:4180} INFO - Setting next_dagrun for tutorial_dag to None, run_after=None
[2024-11-25T08:50:36.087+0000] {processor.py:208} INFO - Processing /home/airflow/.local/lib/python3.12/site-packages/airflow/example_dags/tutorial_dag.py took 0.146 seconds
[2024-11-25T08:51:08.146+0000] {processor.py:186} INFO - Started process (PID=5914) to work on /home/airflow/.local/lib/python3.12/site-packages/airflow/example_dags/tutorial_dag.py
[2024-11-25T08:51:08.147+0000] {processor.py:914} INFO - Processing file /home/airflow/.local/lib/python3.12/site-packages/airflow/example_dags/tutorial_dag.py for tasks to queue
[2024-11-25T08:51:08.150+0000] {logging_mixin.py:190} INFO - [2024-11-25T08:51:08.149+0000] {dagbag.py:588} INFO - Filling up the DagBag from /home/airflow/.local/lib/python3.12/site-packages/airflow/example_dags/tutorial_dag.py
[2024-11-25T08:51:08.163+0000] {processor.py:925} INFO - DAG(s) 'tutorial_dag' retrieved from /home/airflow/.local/lib/python3.12/site-packages/airflow/example_dags/tutorial_dag.py
[2024-11-25T08:51:08.193+0000] {logging_mixin.py:190} INFO - [2024-11-25T08:51:08.193+0000] {dag.py:3239} INFO - Sync 1 DAGs
[2024-11-25T08:51:08.223+0000] {logging_mixin.py:190} INFO - [2024-11-25T08:51:08.222+0000] {dag.py:4180} INFO - Setting next_dagrun for tutorial_dag to None, run_after=None
[2024-11-25T08:51:08.249+0000] {processor.py:208} INFO - Processing /home/airflow/.local/lib/python3.12/site-packages/airflow/example_dags/tutorial_dag.py took 0.110 seconds
[2024-11-25T08:51:39.368+0000] {processor.py:186} INFO - Started process (PID=6221) to work on /home/airflow/.local/lib/python3.12/site-packages/airflow/example_dags/tutorial_dag.py
[2024-11-25T08:51:39.371+0000] {processor.py:914} INFO - Processing file /home/airflow/.local/lib/python3.12/site-packages/airflow/example_dags/tutorial_dag.py for tasks to queue
[2024-11-25T08:51:39.373+0000] {logging_mixin.py:190} INFO - [2024-11-25T08:51:39.373+0000] {dagbag.py:588} INFO - Filling up the DagBag from /home/airflow/.local/lib/python3.12/site-packages/airflow/example_dags/tutorial_dag.py
[2024-11-25T08:51:39.382+0000] {processor.py:925} INFO - DAG(s) 'tutorial_dag' retrieved from /home/airflow/.local/lib/python3.12/site-packages/airflow/example_dags/tutorial_dag.py
[2024-11-25T08:51:39.413+0000] {logging_mixin.py:190} INFO - [2024-11-25T08:51:39.412+0000] {dag.py:3239} INFO - Sync 1 DAGs
[2024-11-25T08:51:39.432+0000] {logging_mixin.py:190} INFO - [2024-11-25T08:51:39.432+0000] {dag.py:4180} INFO - Setting next_dagrun for tutorial_dag to None, run_after=None
[2024-11-25T08:51:39.455+0000] {processor.py:208} INFO - Processing /home/airflow/.local/lib/python3.12/site-packages/airflow/example_dags/tutorial_dag.py took 0.093 seconds
[2024-11-25T08:52:10.991+0000] {processor.py:186} INFO - Started process (PID=6544) to work on /home/airflow/.local/lib/python3.12/site-packages/airflow/example_dags/tutorial_dag.py
[2024-11-25T08:52:10.993+0000] {processor.py:914} INFO - Processing file /home/airflow/.local/lib/python3.12/site-packages/airflow/example_dags/tutorial_dag.py for tasks to queue
[2024-11-25T08:52:10.997+0000] {logging_mixin.py:190} INFO - [2024-11-25T08:52:10.996+0000] {dagbag.py:588} INFO - Filling up the DagBag from /home/airflow/.local/lib/python3.12/site-packages/airflow/example_dags/tutorial_dag.py
[2024-11-25T08:52:11.011+0000] {processor.py:925} INFO - DAG(s) 'tutorial_dag' retrieved from /home/airflow/.local/lib/python3.12/site-packages/airflow/example_dags/tutorial_dag.py
[2024-11-25T08:52:11.035+0000] {logging_mixin.py:190} INFO - [2024-11-25T08:52:11.034+0000] {dag.py:3239} INFO - Sync 1 DAGs
[2024-11-25T08:52:11.049+0000] {logging_mixin.py:190} INFO - [2024-11-25T08:52:11.049+0000] {dag.py:4180} INFO - Setting next_dagrun for tutorial_dag to None, run_after=None
[2024-11-25T08:52:11.069+0000] {processor.py:208} INFO - Processing /home/airflow/.local/lib/python3.12/site-packages/airflow/example_dags/tutorial_dag.py took 0.085 seconds
[2024-11-25T08:52:42.135+0000] {processor.py:186} INFO - Started process (PID=6843) to work on /home/airflow/.local/lib/python3.12/site-packages/airflow/example_dags/tutorial_dag.py
[2024-11-25T08:52:42.136+0000] {processor.py:914} INFO - Processing file /home/airflow/.local/lib/python3.12/site-packages/airflow/example_dags/tutorial_dag.py for tasks to queue
[2024-11-25T08:52:42.139+0000] {logging_mixin.py:190} INFO - [2024-11-25T08:52:42.138+0000] {dagbag.py:588} INFO - Filling up the DagBag from /home/airflow/.local/lib/python3.12/site-packages/airflow/example_dags/tutorial_dag.py
[2024-11-25T08:52:42.148+0000] {processor.py:925} INFO - DAG(s) 'tutorial_dag' retrieved from /home/airflow/.local/lib/python3.12/site-packages/airflow/example_dags/tutorial_dag.py
[2024-11-25T08:52:42.181+0000] {logging_mixin.py:190} INFO - [2024-11-25T08:52:42.181+0000] {dag.py:3239} INFO - Sync 1 DAGs
[2024-11-25T08:52:42.204+0000] {logging_mixin.py:190} INFO - [2024-11-25T08:52:42.204+0000] {dag.py:4180} INFO - Setting next_dagrun for tutorial_dag to None, run_after=None
[2024-11-25T08:52:42.226+0000] {processor.py:208} INFO - Processing /home/airflow/.local/lib/python3.12/site-packages/airflow/example_dags/tutorial_dag.py took 0.096 seconds
[2024-11-25T08:53:13.704+0000] {processor.py:186} INFO - Started process (PID=7144) to work on /home/airflow/.local/lib/python3.12/site-packages/airflow/example_dags/tutorial_dag.py
[2024-11-25T08:53:13.705+0000] {processor.py:914} INFO - Processing file /home/airflow/.local/lib/python3.12/site-packages/airflow/example_dags/tutorial_dag.py for tasks to queue
[2024-11-25T08:53:13.709+0000] {logging_mixin.py:190} INFO - [2024-11-25T08:53:13.709+0000] {dagbag.py:588} INFO - Filling up the DagBag from /home/airflow/.local/lib/python3.12/site-packages/airflow/example_dags/tutorial_dag.py
[2024-11-25T08:53:13.719+0000] {processor.py:925} INFO - DAG(s) 'tutorial_dag' retrieved from /home/airflow/.local/lib/python3.12/site-packages/airflow/example_dags/tutorial_dag.py
[2024-11-25T08:53:13.755+0000] {logging_mixin.py:190} INFO - [2024-11-25T08:53:13.755+0000] {dag.py:3239} INFO - Sync 1 DAGs
[2024-11-25T08:53:13.775+0000] {logging_mixin.py:190} INFO - [2024-11-25T08:53:13.775+0000] {dag.py:4180} INFO - Setting next_dagrun for tutorial_dag to None, run_after=None
[2024-11-25T08:53:13.798+0000] {processor.py:208} INFO - Processing /home/airflow/.local/lib/python3.12/site-packages/airflow/example_dags/tutorial_dag.py took 0.103 seconds
[2024-11-25T08:53:43.989+0000] {processor.py:186} INFO - Started process (PID=7440) to work on /home/airflow/.local/lib/python3.12/site-packages/airflow/example_dags/tutorial_dag.py
[2024-11-25T08:53:43.991+0000] {processor.py:914} INFO - Processing file /home/airflow/.local/lib/python3.12/site-packages/airflow/example_dags/tutorial_dag.py for tasks to queue
[2024-11-25T08:53:43.995+0000] {logging_mixin.py:190} INFO - [2024-11-25T08:53:43.994+0000] {dagbag.py:588} INFO - Filling up the DagBag from /home/airflow/.local/lib/python3.12/site-packages/airflow/example_dags/tutorial_dag.py
[2024-11-25T08:53:44.004+0000] {processor.py:925} INFO - DAG(s) 'tutorial_dag' retrieved from /home/airflow/.local/lib/python3.12/site-packages/airflow/example_dags/tutorial_dag.py
[2024-11-25T08:53:44.033+0000] {logging_mixin.py:190} INFO - [2024-11-25T08:53:44.033+0000] {dag.py:3239} INFO - Sync 1 DAGs
[2024-11-25T08:53:44.051+0000] {logging_mixin.py:190} INFO - [2024-11-25T08:53:44.051+0000] {dag.py:4180} INFO - Setting next_dagrun for tutorial_dag to None, run_after=None
[2024-11-25T08:53:44.073+0000] {processor.py:208} INFO - Processing /home/airflow/.local/lib/python3.12/site-packages/airflow/example_dags/tutorial_dag.py took 0.091 seconds
[2024-11-25T08:54:14.458+0000] {processor.py:186} INFO - Started process (PID=7738) to work on /home/airflow/.local/lib/python3.12/site-packages/airflow/example_dags/tutorial_dag.py
[2024-11-25T08:54:14.460+0000] {processor.py:914} INFO - Processing file /home/airflow/.local/lib/python3.12/site-packages/airflow/example_dags/tutorial_dag.py for tasks to queue
[2024-11-25T08:54:14.463+0000] {logging_mixin.py:190} INFO - [2024-11-25T08:54:14.463+0000] {dagbag.py:588} INFO - Filling up the DagBag from /home/airflow/.local/lib/python3.12/site-packages/airflow/example_dags/tutorial_dag.py
[2024-11-25T08:54:14.476+0000] {processor.py:925} INFO - DAG(s) 'tutorial_dag' retrieved from /home/airflow/.local/lib/python3.12/site-packages/airflow/example_dags/tutorial_dag.py
[2024-11-25T08:54:14.508+0000] {logging_mixin.py:190} INFO - [2024-11-25T08:54:14.508+0000] {dag.py:3239} INFO - Sync 1 DAGs
[2024-11-25T08:54:14.528+0000] {logging_mixin.py:190} INFO - [2024-11-25T08:54:14.528+0000] {dag.py:4180} INFO - Setting next_dagrun for tutorial_dag to None, run_after=None
[2024-11-25T08:54:14.553+0000] {processor.py:208} INFO - Processing /home/airflow/.local/lib/python3.12/site-packages/airflow/example_dags/tutorial_dag.py took 0.102 seconds
[2024-11-25T08:54:45.213+0000] {processor.py:186} INFO - Started process (PID=8044) to work on /home/airflow/.local/lib/python3.12/site-packages/airflow/example_dags/tutorial_dag.py
[2024-11-25T08:54:45.215+0000] {processor.py:914} INFO - Processing file /home/airflow/.local/lib/python3.12/site-packages/airflow/example_dags/tutorial_dag.py for tasks to queue
[2024-11-25T08:54:45.218+0000] {logging_mixin.py:190} INFO - [2024-11-25T08:54:45.217+0000] {dagbag.py:588} INFO - Filling up the DagBag from /home/airflow/.local/lib/python3.12/site-packages/airflow/example_dags/tutorial_dag.py
[2024-11-25T08:54:45.227+0000] {processor.py:925} INFO - DAG(s) 'tutorial_dag' retrieved from /home/airflow/.local/lib/python3.12/site-packages/airflow/example_dags/tutorial_dag.py
[2024-11-25T08:54:45.259+0000] {logging_mixin.py:190} INFO - [2024-11-25T08:54:45.259+0000] {dag.py:3239} INFO - Sync 1 DAGs
[2024-11-25T08:54:45.289+0000] {logging_mixin.py:190} INFO - [2024-11-25T08:54:45.289+0000] {dag.py:4180} INFO - Setting next_dagrun for tutorial_dag to None, run_after=None
[2024-11-25T08:54:45.326+0000] {processor.py:208} INFO - Processing /home/airflow/.local/lib/python3.12/site-packages/airflow/example_dags/tutorial_dag.py took 0.119 seconds
[2024-11-25T08:55:16.448+0000] {processor.py:186} INFO - Started process (PID=8345) to work on /home/airflow/.local/lib/python3.12/site-packages/airflow/example_dags/tutorial_dag.py
[2024-11-25T08:55:16.449+0000] {processor.py:914} INFO - Processing file /home/airflow/.local/lib/python3.12/site-packages/airflow/example_dags/tutorial_dag.py for tasks to queue
[2024-11-25T08:55:16.451+0000] {logging_mixin.py:190} INFO - [2024-11-25T08:55:16.451+0000] {dagbag.py:588} INFO - Filling up the DagBag from /home/airflow/.local/lib/python3.12/site-packages/airflow/example_dags/tutorial_dag.py
[2024-11-25T08:55:16.458+0000] {processor.py:925} INFO - DAG(s) 'tutorial_dag' retrieved from /home/airflow/.local/lib/python3.12/site-packages/airflow/example_dags/tutorial_dag.py
[2024-11-25T08:55:16.489+0000] {logging_mixin.py:190} INFO - [2024-11-25T08:55:16.489+0000] {dag.py:3239} INFO - Sync 1 DAGs
[2024-11-25T08:55:16.512+0000] {logging_mixin.py:190} INFO - [2024-11-25T08:55:16.512+0000] {dag.py:4180} INFO - Setting next_dagrun for tutorial_dag to None, run_after=None
[2024-11-25T08:55:16.536+0000] {processor.py:208} INFO - Processing /home/airflow/.local/lib/python3.12/site-packages/airflow/example_dags/tutorial_dag.py took 0.093 seconds
[2024-11-25T08:55:46.878+0000] {processor.py:186} INFO - Started process (PID=8652) to work on /home/airflow/.local/lib/python3.12/site-packages/airflow/example_dags/tutorial_dag.py
[2024-11-25T08:55:46.879+0000] {processor.py:914} INFO - Processing file /home/airflow/.local/lib/python3.12/site-packages/airflow/example_dags/tutorial_dag.py for tasks to queue
[2024-11-25T08:55:46.881+0000] {logging_mixin.py:190} INFO - [2024-11-25T08:55:46.881+0000] {dagbag.py:588} INFO - Filling up the DagBag from /home/airflow/.local/lib/python3.12/site-packages/airflow/example_dags/tutorial_dag.py
[2024-11-25T08:55:46.889+0000] {processor.py:925} INFO - DAG(s) 'tutorial_dag' retrieved from /home/airflow/.local/lib/python3.12/site-packages/airflow/example_dags/tutorial_dag.py
[2024-11-25T08:55:46.913+0000] {logging_mixin.py:190} INFO - [2024-11-25T08:55:46.913+0000] {dag.py:3239} INFO - Sync 1 DAGs
[2024-11-25T08:55:46.929+0000] {logging_mixin.py:190} INFO - [2024-11-25T08:55:46.928+0000] {dag.py:4180} INFO - Setting next_dagrun for tutorial_dag to None, run_after=None
[2024-11-25T08:55:46.962+0000] {processor.py:208} INFO - Processing /home/airflow/.local/lib/python3.12/site-packages/airflow/example_dags/tutorial_dag.py took 0.091 seconds
[2024-11-25T08:56:17.217+0000] {processor.py:186} INFO - Started process (PID=8950) to work on /home/airflow/.local/lib/python3.12/site-packages/airflow/example_dags/tutorial_dag.py
[2024-11-25T08:56:17.218+0000] {processor.py:914} INFO - Processing file /home/airflow/.local/lib/python3.12/site-packages/airflow/example_dags/tutorial_dag.py for tasks to queue
[2024-11-25T08:56:17.221+0000] {logging_mixin.py:190} INFO - [2024-11-25T08:56:17.220+0000] {dagbag.py:588} INFO - Filling up the DagBag from /home/airflow/.local/lib/python3.12/site-packages/airflow/example_dags/tutorial_dag.py
[2024-11-25T08:56:17.229+0000] {processor.py:925} INFO - DAG(s) 'tutorial_dag' retrieved from /home/airflow/.local/lib/python3.12/site-packages/airflow/example_dags/tutorial_dag.py
[2024-11-25T08:56:17.264+0000] {logging_mixin.py:190} INFO - [2024-11-25T08:56:17.263+0000] {dag.py:3239} INFO - Sync 1 DAGs
[2024-11-25T08:56:17.288+0000] {logging_mixin.py:190} INFO - [2024-11-25T08:56:17.287+0000] {dag.py:4180} INFO - Setting next_dagrun for tutorial_dag to None, run_after=None
[2024-11-25T08:56:17.325+0000] {processor.py:208} INFO - Processing /home/airflow/.local/lib/python3.12/site-packages/airflow/example_dags/tutorial_dag.py took 0.114 seconds
[2024-11-25T08:56:47.478+0000] {processor.py:186} INFO - Started process (PID=9251) to work on /home/airflow/.local/lib/python3.12/site-packages/airflow/example_dags/tutorial_dag.py
[2024-11-25T08:56:47.480+0000] {processor.py:914} INFO - Processing file /home/airflow/.local/lib/python3.12/site-packages/airflow/example_dags/tutorial_dag.py for tasks to queue
[2024-11-25T08:56:47.484+0000] {logging_mixin.py:190} INFO - [2024-11-25T08:56:47.484+0000] {dagbag.py:588} INFO - Filling up the DagBag from /home/airflow/.local/lib/python3.12/site-packages/airflow/example_dags/tutorial_dag.py
[2024-11-25T08:56:47.498+0000] {processor.py:925} INFO - DAG(s) 'tutorial_dag' retrieved from /home/airflow/.local/lib/python3.12/site-packages/airflow/example_dags/tutorial_dag.py
[2024-11-25T08:56:47.526+0000] {logging_mixin.py:190} INFO - [2024-11-25T08:56:47.526+0000] {dag.py:3239} INFO - Sync 1 DAGs
[2024-11-25T08:56:47.541+0000] {logging_mixin.py:190} INFO - [2024-11-25T08:56:47.541+0000] {dag.py:4180} INFO - Setting next_dagrun for tutorial_dag to None, run_after=None
[2024-11-25T08:56:47.561+0000] {processor.py:208} INFO - Processing /home/airflow/.local/lib/python3.12/site-packages/airflow/example_dags/tutorial_dag.py took 0.097 seconds
[2024-11-25T08:57:17.912+0000] {processor.py:186} INFO - Started process (PID=9555) to work on /home/airflow/.local/lib/python3.12/site-packages/airflow/example_dags/tutorial_dag.py
[2024-11-25T08:57:17.915+0000] {processor.py:914} INFO - Processing file /home/airflow/.local/lib/python3.12/site-packages/airflow/example_dags/tutorial_dag.py for tasks to queue
[2024-11-25T08:57:17.921+0000] {logging_mixin.py:190} INFO - [2024-11-25T08:57:17.920+0000] {dagbag.py:588} INFO - Filling up the DagBag from /home/airflow/.local/lib/python3.12/site-packages/airflow/example_dags/tutorial_dag.py
[2024-11-25T08:57:17.936+0000] {processor.py:925} INFO - DAG(s) 'tutorial_dag' retrieved from /home/airflow/.local/lib/python3.12/site-packages/airflow/example_dags/tutorial_dag.py
[2024-11-25T08:57:17.986+0000] {logging_mixin.py:190} INFO - [2024-11-25T08:57:17.985+0000] {dag.py:3239} INFO - Sync 1 DAGs
[2024-11-25T08:57:18.023+0000] {logging_mixin.py:190} INFO - [2024-11-25T08:57:18.022+0000] {dag.py:4180} INFO - Setting next_dagrun for tutorial_dag to None, run_after=None
[2024-11-25T08:57:18.083+0000] {processor.py:208} INFO - Processing /home/airflow/.local/lib/python3.12/site-packages/airflow/example_dags/tutorial_dag.py took 0.178 seconds
[2024-11-25T08:57:48.745+0000] {processor.py:186} INFO - Started process (PID=9861) to work on /home/airflow/.local/lib/python3.12/site-packages/airflow/example_dags/tutorial_dag.py
[2024-11-25T08:57:48.746+0000] {processor.py:914} INFO - Processing file /home/airflow/.local/lib/python3.12/site-packages/airflow/example_dags/tutorial_dag.py for tasks to queue
[2024-11-25T08:57:48.749+0000] {logging_mixin.py:190} INFO - [2024-11-25T08:57:48.748+0000] {dagbag.py:588} INFO - Filling up the DagBag from /home/airflow/.local/lib/python3.12/site-packages/airflow/example_dags/tutorial_dag.py
[2024-11-25T08:57:48.758+0000] {processor.py:925} INFO - DAG(s) 'tutorial_dag' retrieved from /home/airflow/.local/lib/python3.12/site-packages/airflow/example_dags/tutorial_dag.py
[2024-11-25T08:57:48.785+0000] {logging_mixin.py:190} INFO - [2024-11-25T08:57:48.784+0000] {dag.py:3239} INFO - Sync 1 DAGs
[2024-11-25T08:57:48.808+0000] {logging_mixin.py:190} INFO - [2024-11-25T08:57:48.808+0000] {dag.py:4180} INFO - Setting next_dagrun for tutorial_dag to None, run_after=None
[2024-11-25T08:57:48.829+0000] {processor.py:208} INFO - Processing /home/airflow/.local/lib/python3.12/site-packages/airflow/example_dags/tutorial_dag.py took 0.091 seconds
[2024-11-25T08:58:19.541+0000] {processor.py:186} INFO - Started process (PID=10167) to work on /home/airflow/.local/lib/python3.12/site-packages/airflow/example_dags/tutorial_dag.py
[2024-11-25T08:58:19.542+0000] {processor.py:914} INFO - Processing file /home/airflow/.local/lib/python3.12/site-packages/airflow/example_dags/tutorial_dag.py for tasks to queue
[2024-11-25T08:58:19.545+0000] {logging_mixin.py:190} INFO - [2024-11-25T08:58:19.544+0000] {dagbag.py:588} INFO - Filling up the DagBag from /home/airflow/.local/lib/python3.12/site-packages/airflow/example_dags/tutorial_dag.py
[2024-11-25T08:58:19.554+0000] {processor.py:925} INFO - DAG(s) 'tutorial_dag' retrieved from /home/airflow/.local/lib/python3.12/site-packages/airflow/example_dags/tutorial_dag.py
[2024-11-25T08:58:19.582+0000] {logging_mixin.py:190} INFO - [2024-11-25T08:58:19.582+0000] {dag.py:3239} INFO - Sync 1 DAGs
[2024-11-25T08:58:19.597+0000] {logging_mixin.py:190} INFO - [2024-11-25T08:58:19.597+0000] {dag.py:4180} INFO - Setting next_dagrun for tutorial_dag to None, run_after=None
[2024-11-25T08:58:19.620+0000] {processor.py:208} INFO - Processing /home/airflow/.local/lib/python3.12/site-packages/airflow/example_dags/tutorial_dag.py took 0.084 seconds
[2024-11-25T08:58:50.234+0000] {processor.py:186} INFO - Started process (PID=10468) to work on /home/airflow/.local/lib/python3.12/site-packages/airflow/example_dags/tutorial_dag.py
[2024-11-25T08:58:50.236+0000] {processor.py:914} INFO - Processing file /home/airflow/.local/lib/python3.12/site-packages/airflow/example_dags/tutorial_dag.py for tasks to queue
[2024-11-25T08:58:50.238+0000] {logging_mixin.py:190} INFO - [2024-11-25T08:58:50.238+0000] {dagbag.py:588} INFO - Filling up the DagBag from /home/airflow/.local/lib/python3.12/site-packages/airflow/example_dags/tutorial_dag.py
[2024-11-25T08:58:50.245+0000] {processor.py:925} INFO - DAG(s) 'tutorial_dag' retrieved from /home/airflow/.local/lib/python3.12/site-packages/airflow/example_dags/tutorial_dag.py
[2024-11-25T08:58:50.268+0000] {logging_mixin.py:190} INFO - [2024-11-25T08:58:50.268+0000] {dag.py:3239} INFO - Sync 1 DAGs
[2024-11-25T08:58:50.285+0000] {logging_mixin.py:190} INFO - [2024-11-25T08:58:50.285+0000] {dag.py:4180} INFO - Setting next_dagrun for tutorial_dag to None, run_after=None
[2024-11-25T08:58:50.307+0000] {processor.py:208} INFO - Processing /home/airflow/.local/lib/python3.12/site-packages/airflow/example_dags/tutorial_dag.py took 0.080 seconds
[2024-11-25T08:59:20.607+0000] {processor.py:186} INFO - Started process (PID=10764) to work on /home/airflow/.local/lib/python3.12/site-packages/airflow/example_dags/tutorial_dag.py
[2024-11-25T08:59:20.608+0000] {processor.py:914} INFO - Processing file /home/airflow/.local/lib/python3.12/site-packages/airflow/example_dags/tutorial_dag.py for tasks to queue
[2024-11-25T08:59:20.611+0000] {logging_mixin.py:190} INFO - [2024-11-25T08:59:20.610+0000] {dagbag.py:588} INFO - Filling up the DagBag from /home/airflow/.local/lib/python3.12/site-packages/airflow/example_dags/tutorial_dag.py
[2024-11-25T08:59:20.618+0000] {processor.py:925} INFO - DAG(s) 'tutorial_dag' retrieved from /home/airflow/.local/lib/python3.12/site-packages/airflow/example_dags/tutorial_dag.py
[2024-11-25T08:59:20.649+0000] {logging_mixin.py:190} INFO - [2024-11-25T08:59:20.649+0000] {dag.py:3239} INFO - Sync 1 DAGs
[2024-11-25T08:59:20.666+0000] {logging_mixin.py:190} INFO - [2024-11-25T08:59:20.666+0000] {dag.py:4180} INFO - Setting next_dagrun for tutorial_dag to None, run_after=None
[2024-11-25T08:59:20.692+0000] {processor.py:208} INFO - Processing /home/airflow/.local/lib/python3.12/site-packages/airflow/example_dags/tutorial_dag.py took 0.091 seconds
[2024-11-25T08:59:51.489+0000] {processor.py:186} INFO - Started process (PID=11065) to work on /home/airflow/.local/lib/python3.12/site-packages/airflow/example_dags/tutorial_dag.py
[2024-11-25T08:59:51.491+0000] {processor.py:914} INFO - Processing file /home/airflow/.local/lib/python3.12/site-packages/airflow/example_dags/tutorial_dag.py for tasks to queue
[2024-11-25T08:59:51.495+0000] {logging_mixin.py:190} INFO - [2024-11-25T08:59:51.494+0000] {dagbag.py:588} INFO - Filling up the DagBag from /home/airflow/.local/lib/python3.12/site-packages/airflow/example_dags/tutorial_dag.py
[2024-11-25T08:59:51.512+0000] {processor.py:925} INFO - DAG(s) 'tutorial_dag' retrieved from /home/airflow/.local/lib/python3.12/site-packages/airflow/example_dags/tutorial_dag.py
[2024-11-25T08:59:51.578+0000] {logging_mixin.py:190} INFO - [2024-11-25T08:59:51.577+0000] {dag.py:3239} INFO - Sync 1 DAGs
[2024-11-25T08:59:51.602+0000] {logging_mixin.py:190} INFO - [2024-11-25T08:59:51.601+0000] {dag.py:4180} INFO - Setting next_dagrun for tutorial_dag to None, run_after=None
[2024-11-25T08:59:51.629+0000] {processor.py:208} INFO - Processing /home/airflow/.local/lib/python3.12/site-packages/airflow/example_dags/tutorial_dag.py took 0.151 seconds
[2024-11-25T09:00:21.828+0000] {processor.py:186} INFO - Started process (PID=11368) to work on /home/airflow/.local/lib/python3.12/site-packages/airflow/example_dags/tutorial_dag.py
[2024-11-25T09:00:21.830+0000] {processor.py:914} INFO - Processing file /home/airflow/.local/lib/python3.12/site-packages/airflow/example_dags/tutorial_dag.py for tasks to queue
[2024-11-25T09:00:21.834+0000] {logging_mixin.py:190} INFO - [2024-11-25T09:00:21.833+0000] {dagbag.py:588} INFO - Filling up the DagBag from /home/airflow/.local/lib/python3.12/site-packages/airflow/example_dags/tutorial_dag.py
[2024-11-25T09:00:21.844+0000] {processor.py:925} INFO - DAG(s) 'tutorial_dag' retrieved from /home/airflow/.local/lib/python3.12/site-packages/airflow/example_dags/tutorial_dag.py
[2024-11-25T09:00:21.868+0000] {logging_mixin.py:190} INFO - [2024-11-25T09:00:21.868+0000] {dag.py:3239} INFO - Sync 1 DAGs
[2024-11-25T09:00:21.886+0000] {logging_mixin.py:190} INFO - [2024-11-25T09:00:21.886+0000] {dag.py:4180} INFO - Setting next_dagrun for tutorial_dag to None, run_after=None
[2024-11-25T09:00:21.910+0000] {processor.py:208} INFO - Processing /home/airflow/.local/lib/python3.12/site-packages/airflow/example_dags/tutorial_dag.py took 0.090 seconds
[2024-11-25T09:00:52.603+0000] {processor.py:186} INFO - Started process (PID=11667) to work on /home/airflow/.local/lib/python3.12/site-packages/airflow/example_dags/tutorial_dag.py
[2024-11-25T09:00:52.605+0000] {processor.py:914} INFO - Processing file /home/airflow/.local/lib/python3.12/site-packages/airflow/example_dags/tutorial_dag.py for tasks to queue
[2024-11-25T09:00:52.613+0000] {logging_mixin.py:190} INFO - [2024-11-25T09:00:52.612+0000] {dagbag.py:588} INFO - Filling up the DagBag from /home/airflow/.local/lib/python3.12/site-packages/airflow/example_dags/tutorial_dag.py
[2024-11-25T09:00:52.627+0000] {processor.py:925} INFO - DAG(s) 'tutorial_dag' retrieved from /home/airflow/.local/lib/python3.12/site-packages/airflow/example_dags/tutorial_dag.py
[2024-11-25T09:00:52.669+0000] {logging_mixin.py:190} INFO - [2024-11-25T09:00:52.669+0000] {dag.py:3239} INFO - Sync 1 DAGs
[2024-11-25T09:00:52.692+0000] {logging_mixin.py:190} INFO - [2024-11-25T09:00:52.692+0000] {dag.py:4180} INFO - Setting next_dagrun for tutorial_dag to None, run_after=None
[2024-11-25T09:00:52.720+0000] {processor.py:208} INFO - Processing /home/airflow/.local/lib/python3.12/site-packages/airflow/example_dags/tutorial_dag.py took 0.128 seconds
[2024-11-25T09:01:22.856+0000] {processor.py:186} INFO - Started process (PID=11968) to work on /home/airflow/.local/lib/python3.12/site-packages/airflow/example_dags/tutorial_dag.py
[2024-11-25T09:01:22.858+0000] {processor.py:914} INFO - Processing file /home/airflow/.local/lib/python3.12/site-packages/airflow/example_dags/tutorial_dag.py for tasks to queue
[2024-11-25T09:01:22.862+0000] {logging_mixin.py:190} INFO - [2024-11-25T09:01:22.861+0000] {dagbag.py:588} INFO - Filling up the DagBag from /home/airflow/.local/lib/python3.12/site-packages/airflow/example_dags/tutorial_dag.py
[2024-11-25T09:01:22.873+0000] {processor.py:925} INFO - DAG(s) 'tutorial_dag' retrieved from /home/airflow/.local/lib/python3.12/site-packages/airflow/example_dags/tutorial_dag.py
[2024-11-25T09:01:22.906+0000] {logging_mixin.py:190} INFO - [2024-11-25T09:01:22.906+0000] {dag.py:3239} INFO - Sync 1 DAGs
[2024-11-25T09:01:22.926+0000] {logging_mixin.py:190} INFO - [2024-11-25T09:01:22.926+0000] {dag.py:4180} INFO - Setting next_dagrun for tutorial_dag to None, run_after=None
[2024-11-25T09:01:22.961+0000] {processor.py:208} INFO - Processing /home/airflow/.local/lib/python3.12/site-packages/airflow/example_dags/tutorial_dag.py took 0.112 seconds
[2024-11-25T09:01:53.055+0000] {processor.py:186} INFO - Started process (PID=12270) to work on /home/airflow/.local/lib/python3.12/site-packages/airflow/example_dags/tutorial_dag.py
[2024-11-25T09:01:53.057+0000] {processor.py:914} INFO - Processing file /home/airflow/.local/lib/python3.12/site-packages/airflow/example_dags/tutorial_dag.py for tasks to queue
[2024-11-25T09:01:53.059+0000] {logging_mixin.py:190} INFO - [2024-11-25T09:01:53.059+0000] {dagbag.py:588} INFO - Filling up the DagBag from /home/airflow/.local/lib/python3.12/site-packages/airflow/example_dags/tutorial_dag.py
[2024-11-25T09:01:53.066+0000] {processor.py:925} INFO - DAG(s) 'tutorial_dag' retrieved from /home/airflow/.local/lib/python3.12/site-packages/airflow/example_dags/tutorial_dag.py
[2024-11-25T09:01:53.090+0000] {logging_mixin.py:190} INFO - [2024-11-25T09:01:53.090+0000] {dag.py:3239} INFO - Sync 1 DAGs
[2024-11-25T09:01:53.106+0000] {logging_mixin.py:190} INFO - [2024-11-25T09:01:53.106+0000] {dag.py:4180} INFO - Setting next_dagrun for tutorial_dag to None, run_after=None
[2024-11-25T09:01:53.129+0000] {processor.py:208} INFO - Processing /home/airflow/.local/lib/python3.12/site-packages/airflow/example_dags/tutorial_dag.py took 0.080 seconds
[2024-11-25T09:02:23.200+0000] {processor.py:186} INFO - Started process (PID=12571) to work on /home/airflow/.local/lib/python3.12/site-packages/airflow/example_dags/tutorial_dag.py
[2024-11-25T09:02:23.201+0000] {processor.py:914} INFO - Processing file /home/airflow/.local/lib/python3.12/site-packages/airflow/example_dags/tutorial_dag.py for tasks to queue
[2024-11-25T09:02:23.203+0000] {logging_mixin.py:190} INFO - [2024-11-25T09:02:23.203+0000] {dagbag.py:588} INFO - Filling up the DagBag from /home/airflow/.local/lib/python3.12/site-packages/airflow/example_dags/tutorial_dag.py
[2024-11-25T09:02:23.212+0000] {processor.py:925} INFO - DAG(s) 'tutorial_dag' retrieved from /home/airflow/.local/lib/python3.12/site-packages/airflow/example_dags/tutorial_dag.py
[2024-11-25T09:02:23.235+0000] {logging_mixin.py:190} INFO - [2024-11-25T09:02:23.235+0000] {dag.py:3239} INFO - Sync 1 DAGs
[2024-11-25T09:02:23.250+0000] {logging_mixin.py:190} INFO - [2024-11-25T09:02:23.250+0000] {dag.py:4180} INFO - Setting next_dagrun for tutorial_dag to None, run_after=None
[2024-11-25T09:02:23.274+0000] {processor.py:208} INFO - Processing /home/airflow/.local/lib/python3.12/site-packages/airflow/example_dags/tutorial_dag.py took 0.080 seconds
[2024-11-25T09:02:53.836+0000] {processor.py:186} INFO - Started process (PID=12873) to work on /home/airflow/.local/lib/python3.12/site-packages/airflow/example_dags/tutorial_dag.py
[2024-11-25T09:02:53.837+0000] {processor.py:914} INFO - Processing file /home/airflow/.local/lib/python3.12/site-packages/airflow/example_dags/tutorial_dag.py for tasks to queue
[2024-11-25T09:02:53.840+0000] {logging_mixin.py:190} INFO - [2024-11-25T09:02:53.840+0000] {dagbag.py:588} INFO - Filling up the DagBag from /home/airflow/.local/lib/python3.12/site-packages/airflow/example_dags/tutorial_dag.py
[2024-11-25T09:02:53.850+0000] {processor.py:925} INFO - DAG(s) 'tutorial_dag' retrieved from /home/airflow/.local/lib/python3.12/site-packages/airflow/example_dags/tutorial_dag.py
[2024-11-25T09:02:53.870+0000] {logging_mixin.py:190} INFO - [2024-11-25T09:02:53.870+0000] {dag.py:3239} INFO - Sync 1 DAGs
[2024-11-25T09:02:53.886+0000] {logging_mixin.py:190} INFO - [2024-11-25T09:02:53.886+0000] {dag.py:4180} INFO - Setting next_dagrun for tutorial_dag to None, run_after=None
[2024-11-25T09:02:53.903+0000] {processor.py:208} INFO - Processing /home/airflow/.local/lib/python3.12/site-packages/airflow/example_dags/tutorial_dag.py took 0.074 seconds
[2024-11-25T09:03:24.144+0000] {processor.py:186} INFO - Started process (PID=13176) to work on /home/airflow/.local/lib/python3.12/site-packages/airflow/example_dags/tutorial_dag.py
[2024-11-25T09:03:24.145+0000] {processor.py:914} INFO - Processing file /home/airflow/.local/lib/python3.12/site-packages/airflow/example_dags/tutorial_dag.py for tasks to queue
[2024-11-25T09:03:24.147+0000] {logging_mixin.py:190} INFO - [2024-11-25T09:03:24.147+0000] {dagbag.py:588} INFO - Filling up the DagBag from /home/airflow/.local/lib/python3.12/site-packages/airflow/example_dags/tutorial_dag.py
[2024-11-25T09:03:24.154+0000] {processor.py:925} INFO - DAG(s) 'tutorial_dag' retrieved from /home/airflow/.local/lib/python3.12/site-packages/airflow/example_dags/tutorial_dag.py
[2024-11-25T09:03:24.181+0000] {logging_mixin.py:190} INFO - [2024-11-25T09:03:24.181+0000] {dag.py:3239} INFO - Sync 1 DAGs
[2024-11-25T09:03:24.197+0000] {logging_mixin.py:190} INFO - [2024-11-25T09:03:24.197+0000] {dag.py:4180} INFO - Setting next_dagrun for tutorial_dag to None, run_after=None
[2024-11-25T09:03:24.217+0000] {processor.py:208} INFO - Processing /home/airflow/.local/lib/python3.12/site-packages/airflow/example_dags/tutorial_dag.py took 0.080 seconds
[2024-11-25T09:03:54.531+0000] {processor.py:186} INFO - Started process (PID=13475) to work on /home/airflow/.local/lib/python3.12/site-packages/airflow/example_dags/tutorial_dag.py
[2024-11-25T09:03:54.532+0000] {processor.py:914} INFO - Processing file /home/airflow/.local/lib/python3.12/site-packages/airflow/example_dags/tutorial_dag.py for tasks to queue
[2024-11-25T09:03:54.535+0000] {logging_mixin.py:190} INFO - [2024-11-25T09:03:54.535+0000] {dagbag.py:588} INFO - Filling up the DagBag from /home/airflow/.local/lib/python3.12/site-packages/airflow/example_dags/tutorial_dag.py
[2024-11-25T09:03:54.544+0000] {processor.py:925} INFO - DAG(s) 'tutorial_dag' retrieved from /home/airflow/.local/lib/python3.12/site-packages/airflow/example_dags/tutorial_dag.py
[2024-11-25T09:03:54.565+0000] {logging_mixin.py:190} INFO - [2024-11-25T09:03:54.565+0000] {dag.py:3239} INFO - Sync 1 DAGs
[2024-11-25T09:03:54.582+0000] {logging_mixin.py:190} INFO - [2024-11-25T09:03:54.582+0000] {dag.py:4180} INFO - Setting next_dagrun for tutorial_dag to None, run_after=None
[2024-11-25T09:03:54.601+0000] {processor.py:208} INFO - Processing /home/airflow/.local/lib/python3.12/site-packages/airflow/example_dags/tutorial_dag.py took 0.080 seconds
[2024-11-25T09:04:24.740+0000] {processor.py:186} INFO - Started process (PID=13778) to work on /home/airflow/.local/lib/python3.12/site-packages/airflow/example_dags/tutorial_dag.py
[2024-11-25T09:04:24.743+0000] {processor.py:914} INFO - Processing file /home/airflow/.local/lib/python3.12/site-packages/airflow/example_dags/tutorial_dag.py for tasks to queue
[2024-11-25T09:04:24.747+0000] {logging_mixin.py:190} INFO - [2024-11-25T09:04:24.746+0000] {dagbag.py:588} INFO - Filling up the DagBag from /home/airflow/.local/lib/python3.12/site-packages/airflow/example_dags/tutorial_dag.py
[2024-11-25T09:04:24.759+0000] {processor.py:925} INFO - DAG(s) 'tutorial_dag' retrieved from /home/airflow/.local/lib/python3.12/site-packages/airflow/example_dags/tutorial_dag.py
[2024-11-25T09:04:24.787+0000] {logging_mixin.py:190} INFO - [2024-11-25T09:04:24.787+0000] {dag.py:3239} INFO - Sync 1 DAGs
[2024-11-25T09:04:24.803+0000] {logging_mixin.py:190} INFO - [2024-11-25T09:04:24.803+0000] {dag.py:4180} INFO - Setting next_dagrun for tutorial_dag to None, run_after=None
[2024-11-25T09:04:24.827+0000] {processor.py:208} INFO - Processing /home/airflow/.local/lib/python3.12/site-packages/airflow/example_dags/tutorial_dag.py took 0.094 seconds
[2024-11-25T09:04:55.467+0000] {processor.py:186} INFO - Started process (PID=14077) to work on /home/airflow/.local/lib/python3.12/site-packages/airflow/example_dags/tutorial_dag.py
[2024-11-25T09:04:55.469+0000] {processor.py:914} INFO - Processing file /home/airflow/.local/lib/python3.12/site-packages/airflow/example_dags/tutorial_dag.py for tasks to queue
[2024-11-25T09:04:55.472+0000] {logging_mixin.py:190} INFO - [2024-11-25T09:04:55.471+0000] {dagbag.py:588} INFO - Filling up the DagBag from /home/airflow/.local/lib/python3.12/site-packages/airflow/example_dags/tutorial_dag.py
[2024-11-25T09:04:55.482+0000] {processor.py:925} INFO - DAG(s) 'tutorial_dag' retrieved from /home/airflow/.local/lib/python3.12/site-packages/airflow/example_dags/tutorial_dag.py
[2024-11-25T09:04:55.505+0000] {logging_mixin.py:190} INFO - [2024-11-25T09:04:55.505+0000] {dag.py:3239} INFO - Sync 1 DAGs
[2024-11-25T09:04:55.529+0000] {logging_mixin.py:190} INFO - [2024-11-25T09:04:55.528+0000] {dag.py:4180} INFO - Setting next_dagrun for tutorial_dag to None, run_after=None
[2024-11-25T09:04:55.556+0000] {processor.py:208} INFO - Processing /home/airflow/.local/lib/python3.12/site-packages/airflow/example_dags/tutorial_dag.py took 0.096 seconds
[2024-11-25T09:05:26.799+0000] {processor.py:186} INFO - Started process (PID=14378) to work on /home/airflow/.local/lib/python3.12/site-packages/airflow/example_dags/tutorial_dag.py
[2024-11-25T09:05:26.805+0000] {processor.py:914} INFO - Processing file /home/airflow/.local/lib/python3.12/site-packages/airflow/example_dags/tutorial_dag.py for tasks to queue
[2024-11-25T09:05:26.811+0000] {logging_mixin.py:190} INFO - [2024-11-25T09:05:26.810+0000] {dagbag.py:588} INFO - Filling up the DagBag from /home/airflow/.local/lib/python3.12/site-packages/airflow/example_dags/tutorial_dag.py
[2024-11-25T09:05:26.844+0000] {processor.py:925} INFO - DAG(s) 'tutorial_dag' retrieved from /home/airflow/.local/lib/python3.12/site-packages/airflow/example_dags/tutorial_dag.py
[2024-11-25T09:05:26.891+0000] {logging_mixin.py:190} INFO - [2024-11-25T09:05:26.890+0000] {dag.py:3239} INFO - Sync 1 DAGs
[2024-11-25T09:05:27.190+0000] {logging_mixin.py:190} INFO - [2024-11-25T09:05:27.189+0000] {dag.py:4180} INFO - Setting next_dagrun for tutorial_dag to None, run_after=None
[2024-11-25T09:05:27.269+0000] {processor.py:208} INFO - Processing /home/airflow/.local/lib/python3.12/site-packages/airflow/example_dags/tutorial_dag.py took 0.485 seconds
[2024-11-25T09:05:57.469+0000] {processor.py:186} INFO - Started process (PID=14682) to work on /home/airflow/.local/lib/python3.12/site-packages/airflow/example_dags/tutorial_dag.py
[2024-11-25T09:05:57.470+0000] {processor.py:914} INFO - Processing file /home/airflow/.local/lib/python3.12/site-packages/airflow/example_dags/tutorial_dag.py for tasks to queue
[2024-11-25T09:05:57.472+0000] {logging_mixin.py:190} INFO - [2024-11-25T09:05:57.472+0000] {dagbag.py:588} INFO - Filling up the DagBag from /home/airflow/.local/lib/python3.12/site-packages/airflow/example_dags/tutorial_dag.py
[2024-11-25T09:05:57.482+0000] {processor.py:925} INFO - DAG(s) 'tutorial_dag' retrieved from /home/airflow/.local/lib/python3.12/site-packages/airflow/example_dags/tutorial_dag.py
[2024-11-25T09:05:57.507+0000] {logging_mixin.py:190} INFO - [2024-11-25T09:05:57.507+0000] {dag.py:3239} INFO - Sync 1 DAGs
[2024-11-25T09:05:57.523+0000] {logging_mixin.py:190} INFO - [2024-11-25T09:05:57.523+0000] {dag.py:4180} INFO - Setting next_dagrun for tutorial_dag to None, run_after=None
[2024-11-25T09:05:57.729+0000] {processor.py:208} INFO - Processing /home/airflow/.local/lib/python3.12/site-packages/airflow/example_dags/tutorial_dag.py took 0.266 seconds
[2024-11-25T09:06:28.912+0000] {processor.py:186} INFO - Started process (PID=14986) to work on /home/airflow/.local/lib/python3.12/site-packages/airflow/example_dags/tutorial_dag.py
[2024-11-25T09:06:28.914+0000] {processor.py:914} INFO - Processing file /home/airflow/.local/lib/python3.12/site-packages/airflow/example_dags/tutorial_dag.py for tasks to queue
[2024-11-25T09:06:28.919+0000] {logging_mixin.py:190} INFO - [2024-11-25T09:06:28.918+0000] {dagbag.py:588} INFO - Filling up the DagBag from /home/airflow/.local/lib/python3.12/site-packages/airflow/example_dags/tutorial_dag.py
[2024-11-25T09:06:28.934+0000] {processor.py:925} INFO - DAG(s) 'tutorial_dag' retrieved from /home/airflow/.local/lib/python3.12/site-packages/airflow/example_dags/tutorial_dag.py
[2024-11-25T09:06:28.965+0000] {logging_mixin.py:190} INFO - [2024-11-25T09:06:28.965+0000] {dag.py:3239} INFO - Sync 1 DAGs
[2024-11-25T09:06:28.994+0000] {logging_mixin.py:190} INFO - [2024-11-25T09:06:28.993+0000] {dag.py:4180} INFO - Setting next_dagrun for tutorial_dag to None, run_after=None
[2024-11-25T09:06:29.115+0000] {processor.py:208} INFO - Processing /home/airflow/.local/lib/python3.12/site-packages/airflow/example_dags/tutorial_dag.py took 0.218 seconds
[2024-11-25T09:06:59.272+0000] {processor.py:186} INFO - Started process (PID=15289) to work on /home/airflow/.local/lib/python3.12/site-packages/airflow/example_dags/tutorial_dag.py
[2024-11-25T09:06:59.273+0000] {processor.py:914} INFO - Processing file /home/airflow/.local/lib/python3.12/site-packages/airflow/example_dags/tutorial_dag.py for tasks to queue
[2024-11-25T09:06:59.276+0000] {logging_mixin.py:190} INFO - [2024-11-25T09:06:59.275+0000] {dagbag.py:588} INFO - Filling up the DagBag from /home/airflow/.local/lib/python3.12/site-packages/airflow/example_dags/tutorial_dag.py
[2024-11-25T09:06:59.286+0000] {processor.py:925} INFO - DAG(s) 'tutorial_dag' retrieved from /home/airflow/.local/lib/python3.12/site-packages/airflow/example_dags/tutorial_dag.py
[2024-11-25T09:06:59.311+0000] {logging_mixin.py:190} INFO - [2024-11-25T09:06:59.311+0000] {dag.py:3239} INFO - Sync 1 DAGs
[2024-11-25T09:06:59.330+0000] {logging_mixin.py:190} INFO - [2024-11-25T09:06:59.329+0000] {dag.py:4180} INFO - Setting next_dagrun for tutorial_dag to None, run_after=None
[2024-11-25T09:06:59.349+0000] {processor.py:208} INFO - Processing /home/airflow/.local/lib/python3.12/site-packages/airflow/example_dags/tutorial_dag.py took 0.083 seconds
[2024-11-25T09:07:29.452+0000] {processor.py:186} INFO - Started process (PID=15588) to work on /home/airflow/.local/lib/python3.12/site-packages/airflow/example_dags/tutorial_dag.py
[2024-11-25T09:07:29.453+0000] {processor.py:914} INFO - Processing file /home/airflow/.local/lib/python3.12/site-packages/airflow/example_dags/tutorial_dag.py for tasks to queue
[2024-11-25T09:07:29.456+0000] {logging_mixin.py:190} INFO - [2024-11-25T09:07:29.455+0000] {dagbag.py:588} INFO - Filling up the DagBag from /home/airflow/.local/lib/python3.12/site-packages/airflow/example_dags/tutorial_dag.py
[2024-11-25T09:07:29.463+0000] {processor.py:925} INFO - DAG(s) 'tutorial_dag' retrieved from /home/airflow/.local/lib/python3.12/site-packages/airflow/example_dags/tutorial_dag.py
[2024-11-25T09:07:29.486+0000] {logging_mixin.py:190} INFO - [2024-11-25T09:07:29.486+0000] {dag.py:3239} INFO - Sync 1 DAGs
[2024-11-25T09:07:29.502+0000] {logging_mixin.py:190} INFO - [2024-11-25T09:07:29.501+0000] {dag.py:4180} INFO - Setting next_dagrun for tutorial_dag to None, run_after=None
[2024-11-25T09:07:29.527+0000] {processor.py:208} INFO - Processing /home/airflow/.local/lib/python3.12/site-packages/airflow/example_dags/tutorial_dag.py took 0.081 seconds
[2024-11-25T09:08:00.371+0000] {processor.py:186} INFO - Started process (PID=15889) to work on /home/airflow/.local/lib/python3.12/site-packages/airflow/example_dags/tutorial_dag.py
[2024-11-25T09:08:00.372+0000] {processor.py:914} INFO - Processing file /home/airflow/.local/lib/python3.12/site-packages/airflow/example_dags/tutorial_dag.py for tasks to queue
[2024-11-25T09:08:00.375+0000] {logging_mixin.py:190} INFO - [2024-11-25T09:08:00.375+0000] {dagbag.py:588} INFO - Filling up the DagBag from /home/airflow/.local/lib/python3.12/site-packages/airflow/example_dags/tutorial_dag.py
[2024-11-25T09:08:00.386+0000] {processor.py:925} INFO - DAG(s) 'tutorial_dag' retrieved from /home/airflow/.local/lib/python3.12/site-packages/airflow/example_dags/tutorial_dag.py
[2024-11-25T09:08:00.416+0000] {logging_mixin.py:190} INFO - [2024-11-25T09:08:00.416+0000] {dag.py:3239} INFO - Sync 1 DAGs
[2024-11-25T09:08:00.436+0000] {logging_mixin.py:190} INFO - [2024-11-25T09:08:00.436+0000] {dag.py:4180} INFO - Setting next_dagrun for tutorial_dag to None, run_after=None
[2024-11-25T09:08:00.464+0000] {processor.py:208} INFO - Processing /home/airflow/.local/lib/python3.12/site-packages/airflow/example_dags/tutorial_dag.py took 0.101 seconds
[2024-11-25T09:08:30.918+0000] {processor.py:186} INFO - Started process (PID=16190) to work on /home/airflow/.local/lib/python3.12/site-packages/airflow/example_dags/tutorial_dag.py
[2024-11-25T09:08:30.919+0000] {processor.py:914} INFO - Processing file /home/airflow/.local/lib/python3.12/site-packages/airflow/example_dags/tutorial_dag.py for tasks to queue
[2024-11-25T09:08:30.922+0000] {logging_mixin.py:190} INFO - [2024-11-25T09:08:30.922+0000] {dagbag.py:588} INFO - Filling up the DagBag from /home/airflow/.local/lib/python3.12/site-packages/airflow/example_dags/tutorial_dag.py
[2024-11-25T09:08:30.931+0000] {processor.py:925} INFO - DAG(s) 'tutorial_dag' retrieved from /home/airflow/.local/lib/python3.12/site-packages/airflow/example_dags/tutorial_dag.py
[2024-11-25T09:08:30.954+0000] {logging_mixin.py:190} INFO - [2024-11-25T09:08:30.953+0000] {dag.py:3239} INFO - Sync 1 DAGs
[2024-11-25T09:08:30.971+0000] {logging_mixin.py:190} INFO - [2024-11-25T09:08:30.970+0000] {dag.py:4180} INFO - Setting next_dagrun for tutorial_dag to None, run_after=None
[2024-11-25T09:08:30.995+0000] {processor.py:208} INFO - Processing /home/airflow/.local/lib/python3.12/site-packages/airflow/example_dags/tutorial_dag.py took 0.083 seconds
[2024-11-25T09:09:01.336+0000] {processor.py:186} INFO - Started process (PID=16491) to work on /home/airflow/.local/lib/python3.12/site-packages/airflow/example_dags/tutorial_dag.py
[2024-11-25T09:09:01.337+0000] {processor.py:914} INFO - Processing file /home/airflow/.local/lib/python3.12/site-packages/airflow/example_dags/tutorial_dag.py for tasks to queue
[2024-11-25T09:09:01.340+0000] {logging_mixin.py:190} INFO - [2024-11-25T09:09:01.339+0000] {dagbag.py:588} INFO - Filling up the DagBag from /home/airflow/.local/lib/python3.12/site-packages/airflow/example_dags/tutorial_dag.py
[2024-11-25T09:09:01.347+0000] {processor.py:925} INFO - DAG(s) 'tutorial_dag' retrieved from /home/airflow/.local/lib/python3.12/site-packages/airflow/example_dags/tutorial_dag.py
[2024-11-25T09:09:01.372+0000] {logging_mixin.py:190} INFO - [2024-11-25T09:09:01.371+0000] {dag.py:3239} INFO - Sync 1 DAGs
[2024-11-25T09:09:01.387+0000] {logging_mixin.py:190} INFO - [2024-11-25T09:09:01.387+0000] {dag.py:4180} INFO - Setting next_dagrun for tutorial_dag to None, run_after=None
[2024-11-25T09:09:01.409+0000] {processor.py:208} INFO - Processing /home/airflow/.local/lib/python3.12/site-packages/airflow/example_dags/tutorial_dag.py took 0.079 seconds
[2024-11-25T09:09:32.421+0000] {processor.py:186} INFO - Started process (PID=16792) to work on /home/airflow/.local/lib/python3.12/site-packages/airflow/example_dags/tutorial_dag.py
[2024-11-25T09:09:32.422+0000] {processor.py:914} INFO - Processing file /home/airflow/.local/lib/python3.12/site-packages/airflow/example_dags/tutorial_dag.py for tasks to queue
[2024-11-25T09:09:32.424+0000] {logging_mixin.py:190} INFO - [2024-11-25T09:09:32.424+0000] {dagbag.py:588} INFO - Filling up the DagBag from /home/airflow/.local/lib/python3.12/site-packages/airflow/example_dags/tutorial_dag.py
[2024-11-25T09:09:32.438+0000] {processor.py:925} INFO - DAG(s) 'tutorial_dag' retrieved from /home/airflow/.local/lib/python3.12/site-packages/airflow/example_dags/tutorial_dag.py
[2024-11-25T09:09:32.468+0000] {logging_mixin.py:190} INFO - [2024-11-25T09:09:32.468+0000] {dag.py:3239} INFO - Sync 1 DAGs
[2024-11-25T09:09:32.488+0000] {logging_mixin.py:190} INFO - [2024-11-25T09:09:32.487+0000] {dag.py:4180} INFO - Setting next_dagrun for tutorial_dag to None, run_after=None
[2024-11-25T09:09:32.524+0000] {processor.py:208} INFO - Processing /home/airflow/.local/lib/python3.12/site-packages/airflow/example_dags/tutorial_dag.py took 0.109 seconds
[2024-11-25T09:10:03.142+0000] {processor.py:186} INFO - Started process (PID=17093) to work on /home/airflow/.local/lib/python3.12/site-packages/airflow/example_dags/tutorial_dag.py
[2024-11-25T09:10:03.143+0000] {processor.py:914} INFO - Processing file /home/airflow/.local/lib/python3.12/site-packages/airflow/example_dags/tutorial_dag.py for tasks to queue
[2024-11-25T09:10:03.146+0000] {logging_mixin.py:190} INFO - [2024-11-25T09:10:03.145+0000] {dagbag.py:588} INFO - Filling up the DagBag from /home/airflow/.local/lib/python3.12/site-packages/airflow/example_dags/tutorial_dag.py
[2024-11-25T09:10:03.153+0000] {processor.py:925} INFO - DAG(s) 'tutorial_dag' retrieved from /home/airflow/.local/lib/python3.12/site-packages/airflow/example_dags/tutorial_dag.py
[2024-11-25T09:10:03.176+0000] {logging_mixin.py:190} INFO - [2024-11-25T09:10:03.175+0000] {dag.py:3239} INFO - Sync 1 DAGs
[2024-11-25T09:10:03.192+0000] {logging_mixin.py:190} INFO - [2024-11-25T09:10:03.191+0000] {dag.py:4180} INFO - Setting next_dagrun for tutorial_dag to None, run_after=None
[2024-11-25T09:10:03.211+0000] {processor.py:208} INFO - Processing /home/airflow/.local/lib/python3.12/site-packages/airflow/example_dags/tutorial_dag.py took 0.075 seconds
[2024-11-25T09:10:33.580+0000] {processor.py:186} INFO - Started process (PID=17394) to work on /home/airflow/.local/lib/python3.12/site-packages/airflow/example_dags/tutorial_dag.py
[2024-11-25T09:10:33.581+0000] {processor.py:914} INFO - Processing file /home/airflow/.local/lib/python3.12/site-packages/airflow/example_dags/tutorial_dag.py for tasks to queue
[2024-11-25T09:10:33.585+0000] {logging_mixin.py:190} INFO - [2024-11-25T09:10:33.584+0000] {dagbag.py:588} INFO - Filling up the DagBag from /home/airflow/.local/lib/python3.12/site-packages/airflow/example_dags/tutorial_dag.py
[2024-11-25T09:10:33.592+0000] {processor.py:925} INFO - DAG(s) 'tutorial_dag' retrieved from /home/airflow/.local/lib/python3.12/site-packages/airflow/example_dags/tutorial_dag.py
[2024-11-25T09:10:33.626+0000] {logging_mixin.py:190} INFO - [2024-11-25T09:10:33.626+0000] {dag.py:3239} INFO - Sync 1 DAGs
[2024-11-25T09:10:33.652+0000] {logging_mixin.py:190} INFO - [2024-11-25T09:10:33.652+0000] {dag.py:4180} INFO - Setting next_dagrun for tutorial_dag to None, run_after=None
[2024-11-25T09:10:33.675+0000] {processor.py:208} INFO - Processing /home/airflow/.local/lib/python3.12/site-packages/airflow/example_dags/tutorial_dag.py took 0.102 seconds
[2024-11-25T09:11:04.576+0000] {processor.py:186} INFO - Started process (PID=17695) to work on /home/airflow/.local/lib/python3.12/site-packages/airflow/example_dags/tutorial_dag.py
[2024-11-25T09:11:04.578+0000] {processor.py:914} INFO - Processing file /home/airflow/.local/lib/python3.12/site-packages/airflow/example_dags/tutorial_dag.py for tasks to queue
[2024-11-25T09:11:04.582+0000] {logging_mixin.py:190} INFO - [2024-11-25T09:11:04.581+0000] {dagbag.py:588} INFO - Filling up the DagBag from /home/airflow/.local/lib/python3.12/site-packages/airflow/example_dags/tutorial_dag.py
[2024-11-25T09:11:04.597+0000] {processor.py:925} INFO - DAG(s) 'tutorial_dag' retrieved from /home/airflow/.local/lib/python3.12/site-packages/airflow/example_dags/tutorial_dag.py
[2024-11-25T09:11:04.638+0000] {logging_mixin.py:190} INFO - [2024-11-25T09:11:04.637+0000] {dag.py:3239} INFO - Sync 1 DAGs
[2024-11-25T09:11:04.659+0000] {logging_mixin.py:190} INFO - [2024-11-25T09:11:04.659+0000] {dag.py:4180} INFO - Setting next_dagrun for tutorial_dag to None, run_after=None
[2024-11-25T09:11:04.682+0000] {processor.py:208} INFO - Processing /home/airflow/.local/lib/python3.12/site-packages/airflow/example_dags/tutorial_dag.py took 0.121 seconds
[2024-11-25T09:11:34.913+0000] {processor.py:186} INFO - Started process (PID=17997) to work on /home/airflow/.local/lib/python3.12/site-packages/airflow/example_dags/tutorial_dag.py
[2024-11-25T09:11:34.915+0000] {processor.py:914} INFO - Processing file /home/airflow/.local/lib/python3.12/site-packages/airflow/example_dags/tutorial_dag.py for tasks to queue
[2024-11-25T09:11:34.921+0000] {logging_mixin.py:190} INFO - [2024-11-25T09:11:34.921+0000] {dagbag.py:588} INFO - Filling up the DagBag from /home/airflow/.local/lib/python3.12/site-packages/airflow/example_dags/tutorial_dag.py
[2024-11-25T09:11:34.930+0000] {processor.py:925} INFO - DAG(s) 'tutorial_dag' retrieved from /home/airflow/.local/lib/python3.12/site-packages/airflow/example_dags/tutorial_dag.py
[2024-11-25T09:11:34.965+0000] {logging_mixin.py:190} INFO - [2024-11-25T09:11:34.964+0000] {dag.py:3239} INFO - Sync 1 DAGs
[2024-11-25T09:11:34.989+0000] {logging_mixin.py:190} INFO - [2024-11-25T09:11:34.988+0000] {dag.py:4180} INFO - Setting next_dagrun for tutorial_dag to None, run_after=None
[2024-11-25T09:11:35.015+0000] {processor.py:208} INFO - Processing /home/airflow/.local/lib/python3.12/site-packages/airflow/example_dags/tutorial_dag.py took 0.108 seconds
[2024-11-25T09:12:05.555+0000] {processor.py:186} INFO - Started process (PID=18298) to work on /home/airflow/.local/lib/python3.12/site-packages/airflow/example_dags/tutorial_dag.py
[2024-11-25T09:12:05.557+0000] {processor.py:914} INFO - Processing file /home/airflow/.local/lib/python3.12/site-packages/airflow/example_dags/tutorial_dag.py for tasks to queue
[2024-11-25T09:12:05.563+0000] {logging_mixin.py:190} INFO - [2024-11-25T09:12:05.562+0000] {dagbag.py:588} INFO - Filling up the DagBag from /home/airflow/.local/lib/python3.12/site-packages/airflow/example_dags/tutorial_dag.py
[2024-11-25T09:12:05.578+0000] {processor.py:925} INFO - DAG(s) 'tutorial_dag' retrieved from /home/airflow/.local/lib/python3.12/site-packages/airflow/example_dags/tutorial_dag.py
[2024-11-25T09:12:05.623+0000] {logging_mixin.py:190} INFO - [2024-11-25T09:12:05.622+0000] {dag.py:3239} INFO - Sync 1 DAGs
[2024-11-25T09:12:05.648+0000] {logging_mixin.py:190} INFO - [2024-11-25T09:12:05.647+0000] {dag.py:4180} INFO - Setting next_dagrun for tutorial_dag to None, run_after=None
[2024-11-25T09:12:05.700+0000] {processor.py:208} INFO - Processing /home/airflow/.local/lib/python3.12/site-packages/airflow/example_dags/tutorial_dag.py took 0.160 seconds
[2024-11-25T09:12:35.942+0000] {processor.py:186} INFO - Started process (PID=18595) to work on /home/airflow/.local/lib/python3.12/site-packages/airflow/example_dags/tutorial_dag.py
[2024-11-25T09:12:35.943+0000] {processor.py:914} INFO - Processing file /home/airflow/.local/lib/python3.12/site-packages/airflow/example_dags/tutorial_dag.py for tasks to queue
[2024-11-25T09:12:35.945+0000] {logging_mixin.py:190} INFO - [2024-11-25T09:12:35.945+0000] {dagbag.py:588} INFO - Filling up the DagBag from /home/airflow/.local/lib/python3.12/site-packages/airflow/example_dags/tutorial_dag.py
[2024-11-25T09:12:35.953+0000] {processor.py:925} INFO - DAG(s) 'tutorial_dag' retrieved from /home/airflow/.local/lib/python3.12/site-packages/airflow/example_dags/tutorial_dag.py
[2024-11-25T09:12:35.978+0000] {logging_mixin.py:190} INFO - [2024-11-25T09:12:35.977+0000] {dag.py:3239} INFO - Sync 1 DAGs
[2024-11-25T09:12:35.992+0000] {logging_mixin.py:190} INFO - [2024-11-25T09:12:35.992+0000] {dag.py:4180} INFO - Setting next_dagrun for tutorial_dag to None, run_after=None
[2024-11-25T09:12:36.011+0000] {processor.py:208} INFO - Processing /home/airflow/.local/lib/python3.12/site-packages/airflow/example_dags/tutorial_dag.py took 0.077 seconds
[2024-11-25T09:13:06.188+0000] {processor.py:186} INFO - Started process (PID=18896) to work on /home/airflow/.local/lib/python3.12/site-packages/airflow/example_dags/tutorial_dag.py
[2024-11-25T09:13:06.190+0000] {processor.py:914} INFO - Processing file /home/airflow/.local/lib/python3.12/site-packages/airflow/example_dags/tutorial_dag.py for tasks to queue
[2024-11-25T09:13:06.192+0000] {logging_mixin.py:190} INFO - [2024-11-25T09:13:06.192+0000] {dagbag.py:588} INFO - Filling up the DagBag from /home/airflow/.local/lib/python3.12/site-packages/airflow/example_dags/tutorial_dag.py
[2024-11-25T09:13:06.200+0000] {processor.py:925} INFO - DAG(s) 'tutorial_dag' retrieved from /home/airflow/.local/lib/python3.12/site-packages/airflow/example_dags/tutorial_dag.py
[2024-11-25T09:13:06.229+0000] {logging_mixin.py:190} INFO - [2024-11-25T09:13:06.228+0000] {dag.py:3239} INFO - Sync 1 DAGs
[2024-11-25T09:13:06.244+0000] {logging_mixin.py:190} INFO - [2024-11-25T09:13:06.244+0000] {dag.py:4180} INFO - Setting next_dagrun for tutorial_dag to None, run_after=None
[2024-11-25T09:13:06.267+0000] {processor.py:208} INFO - Processing /home/airflow/.local/lib/python3.12/site-packages/airflow/example_dags/tutorial_dag.py took 0.087 seconds
[2024-11-25T09:13:37.263+0000] {processor.py:186} INFO - Started process (PID=19197) to work on /home/airflow/.local/lib/python3.12/site-packages/airflow/example_dags/tutorial_dag.py
[2024-11-25T09:13:37.265+0000] {processor.py:914} INFO - Processing file /home/airflow/.local/lib/python3.12/site-packages/airflow/example_dags/tutorial_dag.py for tasks to queue
[2024-11-25T09:13:37.268+0000] {logging_mixin.py:190} INFO - [2024-11-25T09:13:37.267+0000] {dagbag.py:588} INFO - Filling up the DagBag from /home/airflow/.local/lib/python3.12/site-packages/airflow/example_dags/tutorial_dag.py
[2024-11-25T09:13:37.278+0000] {processor.py:925} INFO - DAG(s) 'tutorial_dag' retrieved from /home/airflow/.local/lib/python3.12/site-packages/airflow/example_dags/tutorial_dag.py
[2024-11-25T09:13:37.302+0000] {logging_mixin.py:190} INFO - [2024-11-25T09:13:37.302+0000] {dag.py:3239} INFO - Sync 1 DAGs
[2024-11-25T09:13:37.317+0000] {logging_mixin.py:190} INFO - [2024-11-25T09:13:37.317+0000] {dag.py:4180} INFO - Setting next_dagrun for tutorial_dag to None, run_after=None
[2024-11-25T09:13:37.338+0000] {processor.py:208} INFO - Processing /home/airflow/.local/lib/python3.12/site-packages/airflow/example_dags/tutorial_dag.py took 0.081 seconds
[2024-11-25T09:14:07.886+0000] {processor.py:186} INFO - Started process (PID=19503) to work on /home/airflow/.local/lib/python3.12/site-packages/airflow/example_dags/tutorial_dag.py
[2024-11-25T09:14:07.887+0000] {processor.py:914} INFO - Processing file /home/airflow/.local/lib/python3.12/site-packages/airflow/example_dags/tutorial_dag.py for tasks to queue
[2024-11-25T09:14:07.890+0000] {logging_mixin.py:190} INFO - [2024-11-25T09:14:07.890+0000] {dagbag.py:588} INFO - Filling up the DagBag from /home/airflow/.local/lib/python3.12/site-packages/airflow/example_dags/tutorial_dag.py
[2024-11-25T09:14:07.898+0000] {processor.py:925} INFO - DAG(s) 'tutorial_dag' retrieved from /home/airflow/.local/lib/python3.12/site-packages/airflow/example_dags/tutorial_dag.py
[2024-11-25T09:14:07.924+0000] {logging_mixin.py:190} INFO - [2024-11-25T09:14:07.923+0000] {dag.py:3239} INFO - Sync 1 DAGs
[2024-11-25T09:14:07.943+0000] {logging_mixin.py:190} INFO - [2024-11-25T09:14:07.943+0000] {dag.py:4180} INFO - Setting next_dagrun for tutorial_dag to None, run_after=None
[2024-11-25T09:14:07.967+0000] {processor.py:208} INFO - Processing /home/airflow/.local/lib/python3.12/site-packages/airflow/example_dags/tutorial_dag.py took 0.090 seconds
[2024-11-25T09:14:39.119+0000] {processor.py:186} INFO - Started process (PID=19799) to work on /home/airflow/.local/lib/python3.12/site-packages/airflow/example_dags/tutorial_dag.py
[2024-11-25T09:14:39.121+0000] {processor.py:914} INFO - Processing file /home/airflow/.local/lib/python3.12/site-packages/airflow/example_dags/tutorial_dag.py for tasks to queue
[2024-11-25T09:14:39.125+0000] {logging_mixin.py:190} INFO - [2024-11-25T09:14:39.124+0000] {dagbag.py:588} INFO - Filling up the DagBag from /home/airflow/.local/lib/python3.12/site-packages/airflow/example_dags/tutorial_dag.py
[2024-11-25T09:14:39.139+0000] {processor.py:925} INFO - DAG(s) 'tutorial_dag' retrieved from /home/airflow/.local/lib/python3.12/site-packages/airflow/example_dags/tutorial_dag.py
[2024-11-25T09:14:39.181+0000] {logging_mixin.py:190} INFO - [2024-11-25T09:14:39.179+0000] {dag.py:3239} INFO - Sync 1 DAGs
[2024-11-25T09:14:39.251+0000] {logging_mixin.py:190} INFO - [2024-11-25T09:14:39.251+0000] {dag.py:4180} INFO - Setting next_dagrun for tutorial_dag to None, run_after=None
[2024-11-25T09:14:39.297+0000] {processor.py:208} INFO - Processing /home/airflow/.local/lib/python3.12/site-packages/airflow/example_dags/tutorial_dag.py took 0.186 seconds
[2024-11-25T09:15:09.465+0000] {processor.py:186} INFO - Started process (PID=20100) to work on /home/airflow/.local/lib/python3.12/site-packages/airflow/example_dags/tutorial_dag.py
[2024-11-25T09:15:09.467+0000] {processor.py:914} INFO - Processing file /home/airflow/.local/lib/python3.12/site-packages/airflow/example_dags/tutorial_dag.py for tasks to queue
[2024-11-25T09:15:09.472+0000] {logging_mixin.py:190} INFO - [2024-11-25T09:15:09.471+0000] {dagbag.py:588} INFO - Filling up the DagBag from /home/airflow/.local/lib/python3.12/site-packages/airflow/example_dags/tutorial_dag.py
[2024-11-25T09:15:09.487+0000] {processor.py:925} INFO - DAG(s) 'tutorial_dag' retrieved from /home/airflow/.local/lib/python3.12/site-packages/airflow/example_dags/tutorial_dag.py
[2024-11-25T09:15:09.522+0000] {logging_mixin.py:190} INFO - [2024-11-25T09:15:09.521+0000] {dag.py:3239} INFO - Sync 1 DAGs
[2024-11-25T09:15:09.543+0000] {logging_mixin.py:190} INFO - [2024-11-25T09:15:09.543+0000] {dag.py:4180} INFO - Setting next_dagrun for tutorial_dag to None, run_after=None
[2024-11-25T09:15:09.566+0000] {processor.py:208} INFO - Processing /home/airflow/.local/lib/python3.12/site-packages/airflow/example_dags/tutorial_dag.py took 0.116 seconds
[2024-11-25T09:15:39.983+0000] {processor.py:186} INFO - Started process (PID=20401) to work on /home/airflow/.local/lib/python3.12/site-packages/airflow/example_dags/tutorial_dag.py
[2024-11-25T09:15:39.985+0000] {processor.py:914} INFO - Processing file /home/airflow/.local/lib/python3.12/site-packages/airflow/example_dags/tutorial_dag.py for tasks to queue
[2024-11-25T09:15:39.991+0000] {logging_mixin.py:190} INFO - [2024-11-25T09:15:39.990+0000] {dagbag.py:588} INFO - Filling up the DagBag from /home/airflow/.local/lib/python3.12/site-packages/airflow/example_dags/tutorial_dag.py
[2024-11-25T09:15:40.008+0000] {processor.py:925} INFO - DAG(s) 'tutorial_dag' retrieved from /home/airflow/.local/lib/python3.12/site-packages/airflow/example_dags/tutorial_dag.py
[2024-11-25T09:15:40.040+0000] {logging_mixin.py:190} INFO - [2024-11-25T09:15:40.040+0000] {dag.py:3239} INFO - Sync 1 DAGs
[2024-11-25T09:15:40.065+0000] {logging_mixin.py:190} INFO - [2024-11-25T09:15:40.065+0000] {dag.py:4180} INFO - Setting next_dagrun for tutorial_dag to None, run_after=None
[2024-11-25T09:15:40.091+0000] {processor.py:208} INFO - Processing /home/airflow/.local/lib/python3.12/site-packages/airflow/example_dags/tutorial_dag.py took 0.118 seconds
[2024-11-25T09:16:10.503+0000] {processor.py:186} INFO - Started process (PID=20702) to work on /home/airflow/.local/lib/python3.12/site-packages/airflow/example_dags/tutorial_dag.py
[2024-11-25T09:16:10.505+0000] {processor.py:914} INFO - Processing file /home/airflow/.local/lib/python3.12/site-packages/airflow/example_dags/tutorial_dag.py for tasks to queue
[2024-11-25T09:16:10.507+0000] {logging_mixin.py:190} INFO - [2024-11-25T09:16:10.507+0000] {dagbag.py:588} INFO - Filling up the DagBag from /home/airflow/.local/lib/python3.12/site-packages/airflow/example_dags/tutorial_dag.py
[2024-11-25T09:16:10.517+0000] {processor.py:925} INFO - DAG(s) 'tutorial_dag' retrieved from /home/airflow/.local/lib/python3.12/site-packages/airflow/example_dags/tutorial_dag.py
[2024-11-25T09:16:10.546+0000] {logging_mixin.py:190} INFO - [2024-11-25T09:16:10.546+0000] {dag.py:3239} INFO - Sync 1 DAGs
[2024-11-25T09:16:10.567+0000] {logging_mixin.py:190} INFO - [2024-11-25T09:16:10.566+0000] {dag.py:4180} INFO - Setting next_dagrun for tutorial_dag to None, run_after=None
[2024-11-25T09:16:10.599+0000] {processor.py:208} INFO - Processing /home/airflow/.local/lib/python3.12/site-packages/airflow/example_dags/tutorial_dag.py took 0.103 seconds
[2024-11-25T09:16:41.696+0000] {processor.py:186} INFO - Started process (PID=21003) to work on /home/airflow/.local/lib/python3.12/site-packages/airflow/example_dags/tutorial_dag.py
[2024-11-25T09:16:41.700+0000] {processor.py:914} INFO - Processing file /home/airflow/.local/lib/python3.12/site-packages/airflow/example_dags/tutorial_dag.py for tasks to queue
[2024-11-25T09:16:41.716+0000] {logging_mixin.py:190} INFO - [2024-11-25T09:16:41.715+0000] {dagbag.py:588} INFO - Filling up the DagBag from /home/airflow/.local/lib/python3.12/site-packages/airflow/example_dags/tutorial_dag.py
[2024-11-25T09:16:41.761+0000] {processor.py:925} INFO - DAG(s) 'tutorial_dag' retrieved from /home/airflow/.local/lib/python3.12/site-packages/airflow/example_dags/tutorial_dag.py
[2024-11-25T09:16:41.834+0000] {logging_mixin.py:190} INFO - [2024-11-25T09:16:41.833+0000] {dag.py:3239} INFO - Sync 1 DAGs
[2024-11-25T09:16:41.872+0000] {logging_mixin.py:190} INFO - [2024-11-25T09:16:41.872+0000] {dag.py:4180} INFO - Setting next_dagrun for tutorial_dag to None, run_after=None
[2024-11-25T09:16:41.932+0000] {processor.py:208} INFO - Processing /home/airflow/.local/lib/python3.12/site-packages/airflow/example_dags/tutorial_dag.py took 0.277 seconds
[2024-11-25T09:17:12.695+0000] {processor.py:186} INFO - Started process (PID=21306) to work on /home/airflow/.local/lib/python3.12/site-packages/airflow/example_dags/tutorial_dag.py
[2024-11-25T09:17:12.698+0000] {processor.py:914} INFO - Processing file /home/airflow/.local/lib/python3.12/site-packages/airflow/example_dags/tutorial_dag.py for tasks to queue
[2024-11-25T09:17:12.703+0000] {logging_mixin.py:190} INFO - [2024-11-25T09:17:12.702+0000] {dagbag.py:588} INFO - Filling up the DagBag from /home/airflow/.local/lib/python3.12/site-packages/airflow/example_dags/tutorial_dag.py
[2024-11-25T09:17:12.716+0000] {processor.py:925} INFO - DAG(s) 'tutorial_dag' retrieved from /home/airflow/.local/lib/python3.12/site-packages/airflow/example_dags/tutorial_dag.py
[2024-11-25T09:17:12.759+0000] {logging_mixin.py:190} INFO - [2024-11-25T09:17:12.759+0000] {dag.py:3239} INFO - Sync 1 DAGs
[2024-11-25T09:17:12.788+0000] {logging_mixin.py:190} INFO - [2024-11-25T09:17:12.787+0000] {dag.py:4180} INFO - Setting next_dagrun for tutorial_dag to None, run_after=None
[2024-11-25T09:17:12.818+0000] {processor.py:208} INFO - Processing /home/airflow/.local/lib/python3.12/site-packages/airflow/example_dags/tutorial_dag.py took 0.136 seconds
[2024-11-25T09:17:43.285+0000] {processor.py:186} INFO - Started process (PID=21607) to work on /home/airflow/.local/lib/python3.12/site-packages/airflow/example_dags/tutorial_dag.py
[2024-11-25T09:17:43.287+0000] {processor.py:914} INFO - Processing file /home/airflow/.local/lib/python3.12/site-packages/airflow/example_dags/tutorial_dag.py for tasks to queue
[2024-11-25T09:17:43.290+0000] {logging_mixin.py:190} INFO - [2024-11-25T09:17:43.289+0000] {dagbag.py:588} INFO - Filling up the DagBag from /home/airflow/.local/lib/python3.12/site-packages/airflow/example_dags/tutorial_dag.py
[2024-11-25T09:17:43.297+0000] {processor.py:925} INFO - DAG(s) 'tutorial_dag' retrieved from /home/airflow/.local/lib/python3.12/site-packages/airflow/example_dags/tutorial_dag.py
[2024-11-25T09:17:43.322+0000] {logging_mixin.py:190} INFO - [2024-11-25T09:17:43.321+0000] {dag.py:3239} INFO - Sync 1 DAGs
[2024-11-25T09:17:43.341+0000] {logging_mixin.py:190} INFO - [2024-11-25T09:17:43.341+0000] {dag.py:4180} INFO - Setting next_dagrun for tutorial_dag to None, run_after=None
[2024-11-25T09:17:43.361+0000] {processor.py:208} INFO - Processing /home/airflow/.local/lib/python3.12/site-packages/airflow/example_dags/tutorial_dag.py took 0.082 seconds
[2024-11-25T09:18:13.755+0000] {processor.py:186} INFO - Started process (PID=21908) to work on /home/airflow/.local/lib/python3.12/site-packages/airflow/example_dags/tutorial_dag.py
[2024-11-25T09:18:13.756+0000] {processor.py:914} INFO - Processing file /home/airflow/.local/lib/python3.12/site-packages/airflow/example_dags/tutorial_dag.py for tasks to queue
[2024-11-25T09:18:13.758+0000] {logging_mixin.py:190} INFO - [2024-11-25T09:18:13.758+0000] {dagbag.py:588} INFO - Filling up the DagBag from /home/airflow/.local/lib/python3.12/site-packages/airflow/example_dags/tutorial_dag.py
[2024-11-25T09:18:13.765+0000] {processor.py:925} INFO - DAG(s) 'tutorial_dag' retrieved from /home/airflow/.local/lib/python3.12/site-packages/airflow/example_dags/tutorial_dag.py
[2024-11-25T09:18:13.787+0000] {logging_mixin.py:190} INFO - [2024-11-25T09:18:13.787+0000] {dag.py:3239} INFO - Sync 1 DAGs
[2024-11-25T09:18:13.801+0000] {logging_mixin.py:190} INFO - [2024-11-25T09:18:13.801+0000] {dag.py:4180} INFO - Setting next_dagrun for tutorial_dag to None, run_after=None
[2024-11-25T09:18:13.824+0000] {processor.py:208} INFO - Processing /home/airflow/.local/lib/python3.12/site-packages/airflow/example_dags/tutorial_dag.py took 0.075 seconds
[2024-11-25T09:18:43.980+0000] {processor.py:186} INFO - Started process (PID=22209) to work on /home/airflow/.local/lib/python3.12/site-packages/airflow/example_dags/tutorial_dag.py
[2024-11-25T09:18:43.981+0000] {processor.py:914} INFO - Processing file /home/airflow/.local/lib/python3.12/site-packages/airflow/example_dags/tutorial_dag.py for tasks to queue
[2024-11-25T09:18:43.983+0000] {logging_mixin.py:190} INFO - [2024-11-25T09:18:43.983+0000] {dagbag.py:588} INFO - Filling up the DagBag from /home/airflow/.local/lib/python3.12/site-packages/airflow/example_dags/tutorial_dag.py
[2024-11-25T09:18:43.990+0000] {processor.py:925} INFO - DAG(s) 'tutorial_dag' retrieved from /home/airflow/.local/lib/python3.12/site-packages/airflow/example_dags/tutorial_dag.py
[2024-11-25T09:18:44.012+0000] {logging_mixin.py:190} INFO - [2024-11-25T09:18:44.012+0000] {dag.py:3239} INFO - Sync 1 DAGs
[2024-11-25T09:18:44.026+0000] {logging_mixin.py:190} INFO - [2024-11-25T09:18:44.026+0000] {dag.py:4180} INFO - Setting next_dagrun for tutorial_dag to None, run_after=None
[2024-11-25T09:18:44.047+0000] {processor.py:208} INFO - Processing /home/airflow/.local/lib/python3.12/site-packages/airflow/example_dags/tutorial_dag.py took 0.074 seconds
