[2024-11-24T04:26:56.287+0000] {local_task_job_runner.py:123} INFO - ::group::Pre task execution logs
[2024-11-24T04:26:56.311+0000] {taskinstance.py:2613} INFO - Dependencies all met for dep_context=non-requeueable deps ti=<TaskInstance: api_to_postgresql_2.load_attendance_data manual__2024-11-24T04:24:03.006951+00:00 [queued]>
[2024-11-24T04:26:56.319+0000] {taskinstance.py:2613} INFO - Dependencies all met for dep_context=requeueable deps ti=<TaskInstance: api_to_postgresql_2.load_attendance_data manual__2024-11-24T04:24:03.006951+00:00 [queued]>
[2024-11-24T04:26:56.320+0000] {taskinstance.py:2866} INFO - Starting attempt 1 of 3
[2024-11-24T04:26:56.333+0000] {taskinstance.py:2889} INFO - Executing <Task(_PythonDecoratedOperator): load_attendance_data> on 2024-11-24 04:24:03.006951+00:00
[2024-11-24T04:26:56.346+0000] {logging_mixin.py:190} WARNING - /home/***/.local/lib/python3.12/site-packages/***/task/task_runner/standard_task_runner.py:70 DeprecationWarning: This process (pid=30250) is multi-threaded, use of fork() may lead to deadlocks in the child.
[2024-11-24T04:26:56.346+0000] {standard_task_runner.py:104} INFO - Running: ['***', 'tasks', 'run', 'api_to_postgresql_2', 'load_attendance_data', 'manual__2024-11-24T04:24:03.006951+00:00', '--job-id', '43', '--raw', '--subdir', 'DAGS_FOLDER/api_to_pgdatabase.py', '--cfg-path', '/tmp/tmpgc544tz_']
[2024-11-24T04:26:56.347+0000] {standard_task_runner.py:72} INFO - Started process 30251 to run task
[2024-11-24T04:26:56.347+0000] {standard_task_runner.py:105} INFO - Job 43: Subtask load_attendance_data
[2024-11-24T04:26:56.418+0000] {task_command.py:467} INFO - Running <TaskInstance: api_to_postgresql_2.load_attendance_data manual__2024-11-24T04:24:03.006951+00:00 [running]> on host 91b3e7b0f6a8
[2024-11-24T04:26:56.579+0000] {taskinstance.py:3132} INFO - Exporting env vars: AIRFLOW_CTX_DAG_OWNER='***' AIRFLOW_CTX_DAG_ID='api_to_postgresql_2' AIRFLOW_CTX_TASK_ID='load_attendance_data' AIRFLOW_CTX_EXECUTION_DATE='2024-11-24T04:24:03.006951+00:00' AIRFLOW_CTX_TRY_NUMBER='1' AIRFLOW_CTX_DAG_RUN_ID='manual__2024-11-24T04:24:03.006951+00:00'
[2024-11-24T04:26:56.581+0000] {logging_mixin.py:190} INFO - Task instance is in running state
[2024-11-24T04:26:56.581+0000] {logging_mixin.py:190} INFO -  Previous state of the Task instance: queued
[2024-11-24T04:26:56.582+0000] {logging_mixin.py:190} INFO - Current task name:load_attendance_data state:running start_date:2024-11-24 04:26:56.312196+00:00
[2024-11-24T04:26:56.582+0000] {logging_mixin.py:190} INFO - Dag name:api_to_postgresql_2 and current dag run status:running
[2024-11-24T04:26:56.583+0000] {taskinstance.py:731} INFO - ::endgroup::
[2024-11-24T04:26:56.597+0000] {base.py:84} INFO - Retrieving connection 'postgres_default_2'
[2024-11-24T04:26:56.708+0000] {python.py:240} INFO - Done. Returned value was: None
[2024-11-24T04:26:56.721+0000] {taskinstance.py:340} INFO - ::group::Post task execution logs
[2024-11-24T04:26:56.722+0000] {taskinstance.py:352} INFO - Marking task as SUCCESS. dag_id=api_to_postgresql_2, task_id=load_attendance_data, run_id=manual__2024-11-24T04:24:03.006951+00:00, execution_date=20241124T042403, start_date=20241124T042656, end_date=20241124T042656
[2024-11-24T04:26:56.732+0000] {logging_mixin.py:190} INFO - Task instance in success state
[2024-11-24T04:26:56.734+0000] {logging_mixin.py:190} INFO -  Previous state of the Task instance: running
[2024-11-24T04:26:56.735+0000] {logging_mixin.py:190} INFO - Dag name:api_to_postgresql_2 queued_at:2024-11-24 04:24:03.130440+00:00
[2024-11-24T04:26:56.736+0000] {logging_mixin.py:190} INFO - Task hostname:91b3e7b0f6a8 operator:_PythonDecoratedOperator
[2024-11-24T04:26:56.770+0000] {local_task_job_runner.py:266} INFO - Task exited with return code 0
[2024-11-24T04:26:56.787+0000] {taskinstance.py:3895} INFO - 0 downstream tasks scheduled from follow-on schedule check
[2024-11-24T04:26:56.791+0000] {local_task_job_runner.py:245} INFO - ::endgroup::
