[2025-03-25T03:48:48.091+0000] {processor.py:186} INFO - Started process (PID=204) to work on /opt/airflow/dags/new_dag.py
[2025-03-25T03:48:48.097+0000] {processor.py:914} INFO - Processing file /opt/airflow/dags/new_dag.py for tasks to queue
[2025-03-25T03:48:48.115+0000] {logging_mixin.py:190} INFO - [2025-03-25T03:48:48.112+0000] {dagbag.py:588} INFO - Filling up the DagBag from /opt/airflow/dags/new_dag.py
[2025-03-25T03:48:48.241+0000] {processor.py:925} INFO - DAG(s) 'new_dag' retrieved from /opt/airflow/dags/new_dag.py
[2025-03-25T03:48:49.117+0000] {logging_mixin.py:190} INFO - [2025-03-25T03:48:49.115+0000] {override.py:1911} INFO - Created Permission View: can edit on DAG:new_dag
[2025-03-25T03:48:49.147+0000] {logging_mixin.py:190} INFO - [2025-03-25T03:48:49.146+0000] {override.py:1911} INFO - Created Permission View: can delete on DAG:new_dag
[2025-03-25T03:48:49.176+0000] {logging_mixin.py:190} INFO - [2025-03-25T03:48:49.175+0000] {override.py:1911} INFO - Created Permission View: can read on DAG:new_dag
[2025-03-25T03:48:49.220+0000] {logging_mixin.py:190} INFO - [2025-03-25T03:48:49.217+0000] {override.py:1911} INFO - Created Permission View: menu access on DAG Run:new_dag
[2025-03-25T03:48:49.281+0000] {logging_mixin.py:190} INFO - [2025-03-25T03:48:49.280+0000] {override.py:1911} INFO - Created Permission View: can delete on DAG Run:new_dag
[2025-03-25T03:48:49.304+0000] {logging_mixin.py:190} INFO - [2025-03-25T03:48:49.303+0000] {override.py:1911} INFO - Created Permission View: can read on DAG Run:new_dag
[2025-03-25T03:48:49.322+0000] {logging_mixin.py:190} INFO - [2025-03-25T03:48:49.321+0000] {override.py:1911} INFO - Created Permission View: can create on DAG Run:new_dag
[2025-03-25T03:48:49.323+0000] {logging_mixin.py:190} INFO - [2025-03-25T03:48:49.323+0000] {dag.py:3239} INFO - Sync 1 DAGs
[2025-03-25T03:48:49.345+0000] {logging_mixin.py:190} INFO - [2025-03-25T03:48:49.345+0000] {dag.py:3262} INFO - Creating ORM DAG for new_dag
[2025-03-25T03:48:49.362+0000] {logging_mixin.py:190} INFO - [2025-03-25T03:48:49.361+0000] {dag.py:4180} INFO - Setting next_dagrun for new_dag to 2024-11-22 00:00:00+00:00, run_after=2024-11-23 00:00:00+00:00
[2025-03-25T03:48:49.392+0000] {processor.py:208} INFO - Processing /opt/airflow/dags/new_dag.py took 1.334 seconds
[2025-03-25T03:49:20.060+0000] {processor.py:186} INFO - Started process (PID=506) to work on /opt/airflow/dags/new_dag.py
[2025-03-25T03:49:20.063+0000] {processor.py:914} INFO - Processing file /opt/airflow/dags/new_dag.py for tasks to queue
[2025-03-25T03:49:20.071+0000] {logging_mixin.py:190} INFO - [2025-03-25T03:49:20.070+0000] {dagbag.py:588} INFO - Filling up the DagBag from /opt/airflow/dags/new_dag.py
[2025-03-25T03:49:20.103+0000] {processor.py:925} INFO - DAG(s) 'new_dag' retrieved from /opt/airflow/dags/new_dag.py
[2025-03-25T03:49:20.138+0000] {logging_mixin.py:190} INFO - [2025-03-25T03:49:20.138+0000] {dag.py:3239} INFO - Sync 1 DAGs
[2025-03-25T03:49:20.195+0000] {logging_mixin.py:190} INFO - [2025-03-25T03:49:20.195+0000] {dag.py:4180} INFO - Setting next_dagrun for new_dag to 2024-11-22 00:00:00+00:00, run_after=2024-11-23 00:00:00+00:00
[2025-03-25T03:49:20.243+0000] {processor.py:208} INFO - Processing /opt/airflow/dags/new_dag.py took 0.199 seconds
[2025-03-25T03:49:51.205+0000] {processor.py:186} INFO - Started process (PID=807) to work on /opt/airflow/dags/new_dag.py
[2025-03-25T03:49:51.206+0000] {processor.py:914} INFO - Processing file /opt/airflow/dags/new_dag.py for tasks to queue
[2025-03-25T03:49:51.209+0000] {logging_mixin.py:190} INFO - [2025-03-25T03:49:51.209+0000] {dagbag.py:588} INFO - Filling up the DagBag from /opt/airflow/dags/new_dag.py
[2025-03-25T03:49:51.227+0000] {processor.py:925} INFO - DAG(s) 'new_dag' retrieved from /opt/airflow/dags/new_dag.py
[2025-03-25T03:49:51.249+0000] {logging_mixin.py:190} INFO - [2025-03-25T03:49:51.249+0000] {dag.py:3239} INFO - Sync 1 DAGs
[2025-03-25T03:49:51.275+0000] {logging_mixin.py:190} INFO - [2025-03-25T03:49:51.275+0000] {dag.py:4180} INFO - Setting next_dagrun for new_dag to 2024-11-22 00:00:00+00:00, run_after=2024-11-23 00:00:00+00:00
[2025-03-25T03:49:51.303+0000] {processor.py:208} INFO - Processing /opt/airflow/dags/new_dag.py took 0.104 seconds
[2025-03-25T03:50:22.011+0000] {processor.py:186} INFO - Started process (PID=1114) to work on /opt/airflow/dags/new_dag.py
[2025-03-25T03:50:22.014+0000] {processor.py:914} INFO - Processing file /opt/airflow/dags/new_dag.py for tasks to queue
[2025-03-25T03:50:22.022+0000] {logging_mixin.py:190} INFO - [2025-03-25T03:50:22.020+0000] {dagbag.py:588} INFO - Filling up the DagBag from /opt/airflow/dags/new_dag.py
[2025-03-25T03:50:22.072+0000] {processor.py:925} INFO - DAG(s) 'new_dag' retrieved from /opt/airflow/dags/new_dag.py
[2025-03-25T03:50:22.120+0000] {logging_mixin.py:190} INFO - [2025-03-25T03:50:22.120+0000] {dag.py:3239} INFO - Sync 1 DAGs
[2025-03-25T03:50:22.155+0000] {logging_mixin.py:190} INFO - [2025-03-25T03:50:22.154+0000] {dag.py:4180} INFO - Setting next_dagrun for new_dag to 2024-11-22 00:00:00+00:00, run_after=2024-11-23 00:00:00+00:00
[2025-03-25T03:50:22.179+0000] {processor.py:208} INFO - Processing /opt/airflow/dags/new_dag.py took 0.183 seconds
[2025-03-25T03:50:52.905+0000] {processor.py:186} INFO - Started process (PID=1413) to work on /opt/airflow/dags/new_dag.py
[2025-03-25T03:50:52.909+0000] {processor.py:914} INFO - Processing file /opt/airflow/dags/new_dag.py for tasks to queue
[2025-03-25T03:50:52.927+0000] {logging_mixin.py:190} INFO - [2025-03-25T03:50:52.926+0000] {dagbag.py:588} INFO - Filling up the DagBag from /opt/airflow/dags/new_dag.py
[2025-03-25T03:50:53.090+0000] {processor.py:925} INFO - DAG(s) 'new_dag' retrieved from /opt/airflow/dags/new_dag.py
[2025-03-25T03:50:53.197+0000] {logging_mixin.py:190} INFO - [2025-03-25T03:50:53.191+0000] {dag.py:3239} INFO - Sync 1 DAGs
[2025-03-25T03:50:53.377+0000] {logging_mixin.py:190} INFO - [2025-03-25T03:50:53.376+0000] {dag.py:4180} INFO - Setting next_dagrun for new_dag to 2024-11-22 00:00:00+00:00, run_after=2024-11-23 00:00:00+00:00
[2025-03-25T03:50:53.503+0000] {processor.py:208} INFO - Processing /opt/airflow/dags/new_dag.py took 0.641 seconds
[2025-03-25T03:51:23.781+0000] {processor.py:186} INFO - Started process (PID=1711) to work on /opt/airflow/dags/new_dag.py
[2025-03-25T03:51:23.782+0000] {processor.py:914} INFO - Processing file /opt/airflow/dags/new_dag.py for tasks to queue
[2025-03-25T03:51:23.785+0000] {logging_mixin.py:190} INFO - [2025-03-25T03:51:23.784+0000] {dagbag.py:588} INFO - Filling up the DagBag from /opt/airflow/dags/new_dag.py
[2025-03-25T03:51:23.804+0000] {processor.py:925} INFO - DAG(s) 'new_dag' retrieved from /opt/airflow/dags/new_dag.py
[2025-03-25T03:51:23.827+0000] {logging_mixin.py:190} INFO - [2025-03-25T03:51:23.826+0000] {dag.py:3239} INFO - Sync 1 DAGs
[2025-03-25T03:51:23.852+0000] {logging_mixin.py:190} INFO - [2025-03-25T03:51:23.851+0000] {dag.py:4180} INFO - Setting next_dagrun for new_dag to 2024-11-22 00:00:00+00:00, run_after=2024-11-23 00:00:00+00:00
[2025-03-25T03:51:23.875+0000] {processor.py:208} INFO - Processing /opt/airflow/dags/new_dag.py took 0.103 seconds
[2025-03-25T03:51:54.507+0000] {processor.py:186} INFO - Started process (PID=2012) to work on /opt/airflow/dags/new_dag.py
[2025-03-25T03:51:54.508+0000] {processor.py:914} INFO - Processing file /opt/airflow/dags/new_dag.py for tasks to queue
[2025-03-25T03:51:54.510+0000] {logging_mixin.py:190} INFO - [2025-03-25T03:51:54.510+0000] {dagbag.py:588} INFO - Filling up the DagBag from /opt/airflow/dags/new_dag.py
[2025-03-25T03:51:54.534+0000] {processor.py:925} INFO - DAG(s) 'new_dag' retrieved from /opt/airflow/dags/new_dag.py
[2025-03-25T03:51:54.573+0000] {logging_mixin.py:190} INFO - [2025-03-25T03:51:54.573+0000] {dag.py:3239} INFO - Sync 1 DAGs
[2025-03-25T03:51:54.616+0000] {logging_mixin.py:190} INFO - [2025-03-25T03:51:54.616+0000] {dag.py:4180} INFO - Setting next_dagrun for new_dag to 2024-11-22 00:00:00+00:00, run_after=2024-11-23 00:00:00+00:00
[2025-03-25T03:51:54.650+0000] {processor.py:208} INFO - Processing /opt/airflow/dags/new_dag.py took 0.149 seconds
[2025-03-25T03:52:25.163+0000] {processor.py:186} INFO - Started process (PID=2313) to work on /opt/airflow/dags/new_dag.py
[2025-03-25T03:52:25.164+0000] {processor.py:914} INFO - Processing file /opt/airflow/dags/new_dag.py for tasks to queue
[2025-03-25T03:52:25.167+0000] {logging_mixin.py:190} INFO - [2025-03-25T03:52:25.166+0000] {dagbag.py:588} INFO - Filling up the DagBag from /opt/airflow/dags/new_dag.py
[2025-03-25T03:52:25.186+0000] {processor.py:925} INFO - DAG(s) 'new_dag' retrieved from /opt/airflow/dags/new_dag.py
[2025-03-25T03:52:25.216+0000] {logging_mixin.py:190} INFO - [2025-03-25T03:52:25.216+0000] {dag.py:3239} INFO - Sync 1 DAGs
[2025-03-25T03:52:25.264+0000] {logging_mixin.py:190} INFO - [2025-03-25T03:52:25.264+0000] {dag.py:4180} INFO - Setting next_dagrun for new_dag to 2024-11-22 00:00:00+00:00, run_after=2024-11-23 00:00:00+00:00
[2025-03-25T03:52:25.299+0000] {processor.py:208} INFO - Processing /opt/airflow/dags/new_dag.py took 0.143 seconds
[2025-03-25T03:52:55.617+0000] {processor.py:186} INFO - Started process (PID=2609) to work on /opt/airflow/dags/new_dag.py
[2025-03-25T03:52:55.621+0000] {processor.py:914} INFO - Processing file /opt/airflow/dags/new_dag.py for tasks to queue
[2025-03-25T03:52:55.626+0000] {logging_mixin.py:190} INFO - [2025-03-25T03:52:55.626+0000] {dagbag.py:588} INFO - Filling up the DagBag from /opt/airflow/dags/new_dag.py
[2025-03-25T03:52:55.661+0000] {processor.py:925} INFO - DAG(s) 'new_dag' retrieved from /opt/airflow/dags/new_dag.py
[2025-03-25T03:52:55.706+0000] {logging_mixin.py:190} INFO - [2025-03-25T03:52:55.705+0000] {dag.py:3239} INFO - Sync 1 DAGs
[2025-03-25T03:52:55.747+0000] {logging_mixin.py:190} INFO - [2025-03-25T03:52:55.746+0000] {dag.py:4180} INFO - Setting next_dagrun for new_dag to 2024-11-22 00:00:00+00:00, run_after=2024-11-23 00:00:00+00:00
[2025-03-25T03:52:55.792+0000] {processor.py:208} INFO - Processing /opt/airflow/dags/new_dag.py took 0.190 seconds
[2025-03-25T03:53:26.021+0000] {processor.py:186} INFO - Started process (PID=2910) to work on /opt/airflow/dags/new_dag.py
[2025-03-25T03:53:26.024+0000] {processor.py:914} INFO - Processing file /opt/airflow/dags/new_dag.py for tasks to queue
[2025-03-25T03:53:26.033+0000] {logging_mixin.py:190} INFO - [2025-03-25T03:53:26.032+0000] {dagbag.py:588} INFO - Filling up the DagBag from /opt/airflow/dags/new_dag.py
[2025-03-25T03:53:26.147+0000] {processor.py:925} INFO - DAG(s) 'new_dag' retrieved from /opt/airflow/dags/new_dag.py
[2025-03-25T03:53:26.250+0000] {logging_mixin.py:190} INFO - [2025-03-25T03:53:26.250+0000] {dag.py:3239} INFO - Sync 1 DAGs
[2025-03-25T03:53:26.377+0000] {logging_mixin.py:190} INFO - [2025-03-25T03:53:26.376+0000] {dag.py:4180} INFO - Setting next_dagrun for new_dag to 2024-11-22 00:00:00+00:00, run_after=2024-11-23 00:00:00+00:00
[2025-03-25T03:53:26.511+0000] {processor.py:208} INFO - Processing /opt/airflow/dags/new_dag.py took 0.511 seconds
[2025-03-25T03:53:57.137+0000] {processor.py:186} INFO - Started process (PID=3211) to work on /opt/airflow/dags/new_dag.py
[2025-03-25T03:53:57.138+0000] {processor.py:914} INFO - Processing file /opt/airflow/dags/new_dag.py for tasks to queue
[2025-03-25T03:53:57.141+0000] {logging_mixin.py:190} INFO - [2025-03-25T03:53:57.140+0000] {dagbag.py:588} INFO - Filling up the DagBag from /opt/airflow/dags/new_dag.py
[2025-03-25T03:53:57.157+0000] {processor.py:925} INFO - DAG(s) 'new_dag' retrieved from /opt/airflow/dags/new_dag.py
[2025-03-25T03:53:57.181+0000] {logging_mixin.py:190} INFO - [2025-03-25T03:53:57.181+0000] {dag.py:3239} INFO - Sync 1 DAGs
[2025-03-25T03:53:57.211+0000] {logging_mixin.py:190} INFO - [2025-03-25T03:53:57.211+0000] {dag.py:4180} INFO - Setting next_dagrun for new_dag to 2024-11-22 00:00:00+00:00, run_after=2024-11-23 00:00:00+00:00
[2025-03-25T03:53:57.231+0000] {processor.py:208} INFO - Processing /opt/airflow/dags/new_dag.py took 0.100 seconds
[2025-03-25T03:54:27.302+0000] {processor.py:186} INFO - Started process (PID=3513) to work on /opt/airflow/dags/new_dag.py
[2025-03-25T03:54:27.303+0000] {processor.py:914} INFO - Processing file /opt/airflow/dags/new_dag.py for tasks to queue
[2025-03-25T03:54:27.305+0000] {logging_mixin.py:190} INFO - [2025-03-25T03:54:27.305+0000] {dagbag.py:588} INFO - Filling up the DagBag from /opt/airflow/dags/new_dag.py
[2025-03-25T03:54:27.324+0000] {processor.py:925} INFO - DAG(s) 'new_dag' retrieved from /opt/airflow/dags/new_dag.py
[2025-03-25T03:54:27.347+0000] {logging_mixin.py:190} INFO - [2025-03-25T03:54:27.347+0000] {dag.py:3239} INFO - Sync 1 DAGs
[2025-03-25T03:54:27.371+0000] {logging_mixin.py:190} INFO - [2025-03-25T03:54:27.371+0000] {dag.py:4180} INFO - Setting next_dagrun for new_dag to 2024-11-22 00:00:00+00:00, run_after=2024-11-23 00:00:00+00:00
[2025-03-25T03:54:27.392+0000] {processor.py:208} INFO - Processing /opt/airflow/dags/new_dag.py took 0.095 seconds
[2025-03-25T03:54:57.956+0000] {processor.py:186} INFO - Started process (PID=3810) to work on /opt/airflow/dags/new_dag.py
[2025-03-25T03:54:57.957+0000] {processor.py:914} INFO - Processing file /opt/airflow/dags/new_dag.py for tasks to queue
[2025-03-25T03:54:57.961+0000] {logging_mixin.py:190} INFO - [2025-03-25T03:54:57.960+0000] {dagbag.py:588} INFO - Filling up the DagBag from /opt/airflow/dags/new_dag.py
[2025-03-25T03:54:57.986+0000] {processor.py:925} INFO - DAG(s) 'new_dag' retrieved from /opt/airflow/dags/new_dag.py
[2025-03-25T03:54:58.014+0000] {logging_mixin.py:190} INFO - [2025-03-25T03:54:58.014+0000] {dag.py:3239} INFO - Sync 1 DAGs
[2025-03-25T03:54:58.042+0000] {logging_mixin.py:190} INFO - [2025-03-25T03:54:58.042+0000] {dag.py:4180} INFO - Setting next_dagrun for new_dag to 2024-11-22 00:00:00+00:00, run_after=2024-11-23 00:00:00+00:00
[2025-03-25T03:54:58.070+0000] {processor.py:208} INFO - Processing /opt/airflow/dags/new_dag.py took 0.124 seconds
[2025-03-25T03:55:28.147+0000] {processor.py:186} INFO - Started process (PID=4109) to work on /opt/airflow/dags/new_dag.py
[2025-03-25T03:55:28.148+0000] {processor.py:914} INFO - Processing file /opt/airflow/dags/new_dag.py for tasks to queue
[2025-03-25T03:55:28.151+0000] {logging_mixin.py:190} INFO - [2025-03-25T03:55:28.151+0000] {dagbag.py:588} INFO - Filling up the DagBag from /opt/airflow/dags/new_dag.py
[2025-03-25T03:55:28.175+0000] {processor.py:925} INFO - DAG(s) 'new_dag' retrieved from /opt/airflow/dags/new_dag.py
[2025-03-25T03:55:28.205+0000] {logging_mixin.py:190} INFO - [2025-03-25T03:55:28.205+0000] {dag.py:3239} INFO - Sync 1 DAGs
[2025-03-25T03:55:28.245+0000] {logging_mixin.py:190} INFO - [2025-03-25T03:55:28.244+0000] {dag.py:4180} INFO - Setting next_dagrun for new_dag to 2024-11-22 00:00:00+00:00, run_after=2024-11-23 00:00:00+00:00
[2025-03-25T03:55:28.285+0000] {processor.py:208} INFO - Processing /opt/airflow/dags/new_dag.py took 0.144 seconds
[2025-03-25T03:55:58.795+0000] {processor.py:186} INFO - Started process (PID=4407) to work on /opt/airflow/dags/new_dag.py
[2025-03-25T03:55:58.798+0000] {processor.py:914} INFO - Processing file /opt/airflow/dags/new_dag.py for tasks to queue
[2025-03-25T03:55:58.808+0000] {logging_mixin.py:190} INFO - [2025-03-25T03:55:58.804+0000] {dagbag.py:588} INFO - Filling up the DagBag from /opt/airflow/dags/new_dag.py
[2025-03-25T03:55:58.865+0000] {processor.py:925} INFO - DAG(s) 'new_dag' retrieved from /opt/airflow/dags/new_dag.py
[2025-03-25T03:55:58.904+0000] {logging_mixin.py:190} INFO - [2025-03-25T03:55:58.903+0000] {dag.py:3239} INFO - Sync 1 DAGs
[2025-03-25T03:55:58.952+0000] {logging_mixin.py:190} INFO - [2025-03-25T03:55:58.952+0000] {dag.py:4180} INFO - Setting next_dagrun for new_dag to 2024-11-22 00:00:00+00:00, run_after=2024-11-23 00:00:00+00:00
[2025-03-25T03:55:59.001+0000] {processor.py:208} INFO - Processing /opt/airflow/dags/new_dag.py took 0.226 seconds
[2025-03-25T03:56:32.019+0000] {processor.py:186} INFO - Started process (PID=4676) to work on /opt/airflow/dags/new_dag.py
[2025-03-25T03:56:32.023+0000] {processor.py:914} INFO - Processing file /opt/airflow/dags/new_dag.py for tasks to queue
[2025-03-25T03:56:32.032+0000] {logging_mixin.py:190} INFO - [2025-03-25T03:56:32.030+0000] {dagbag.py:588} INFO - Filling up the DagBag from /opt/airflow/dags/new_dag.py
[2025-03-25T03:56:32.093+0000] {processor.py:925} INFO - DAG(s) 'new_dag' retrieved from /opt/airflow/dags/new_dag.py
[2025-03-25T03:56:32.161+0000] {logging_mixin.py:190} INFO - [2025-03-25T03:56:32.161+0000] {dag.py:3239} INFO - Sync 1 DAGs
[2025-03-25T03:56:32.235+0000] {logging_mixin.py:190} INFO - [2025-03-25T03:56:32.234+0000] {dag.py:4180} INFO - Setting next_dagrun for new_dag to 2024-11-22 00:00:00+00:00, run_after=2024-11-23 00:00:00+00:00
[2025-03-25T03:56:32.289+0000] {processor.py:208} INFO - Processing /opt/airflow/dags/new_dag.py took 0.289 seconds
[2025-03-25T03:57:05.256+0000] {processor.py:186} INFO - Started process (PID=4937) to work on /opt/airflow/dags/new_dag.py
[2025-03-25T03:57:05.259+0000] {processor.py:914} INFO - Processing file /opt/airflow/dags/new_dag.py for tasks to queue
[2025-03-25T03:57:05.266+0000] {logging_mixin.py:190} INFO - [2025-03-25T03:57:05.265+0000] {dagbag.py:588} INFO - Filling up the DagBag from /opt/airflow/dags/new_dag.py
[2025-03-25T03:57:05.340+0000] {processor.py:925} INFO - DAG(s) 'new_dag' retrieved from /opt/airflow/dags/new_dag.py
[2025-03-25T03:57:05.421+0000] {logging_mixin.py:190} INFO - [2025-03-25T03:57:05.418+0000] {dag.py:3239} INFO - Sync 1 DAGs
[2025-03-25T03:57:05.542+0000] {logging_mixin.py:190} INFO - [2025-03-25T03:57:05.533+0000] {dag.py:4180} INFO - Setting next_dagrun for new_dag to 2024-11-22 00:00:00+00:00, run_after=2024-11-23 00:00:00+00:00
[2025-03-25T03:57:05.638+0000] {processor.py:208} INFO - Processing /opt/airflow/dags/new_dag.py took 0.397 seconds
[2025-03-25T03:57:35.998+0000] {processor.py:186} INFO - Started process (PID=5233) to work on /opt/airflow/dags/new_dag.py
[2025-03-25T03:57:36.000+0000] {processor.py:914} INFO - Processing file /opt/airflow/dags/new_dag.py for tasks to queue
[2025-03-25T03:57:36.006+0000] {logging_mixin.py:190} INFO - [2025-03-25T03:57:36.005+0000] {dagbag.py:588} INFO - Filling up the DagBag from /opt/airflow/dags/new_dag.py
[2025-03-25T03:57:36.040+0000] {processor.py:925} INFO - DAG(s) 'new_dag' retrieved from /opt/airflow/dags/new_dag.py
[2025-03-25T03:57:36.083+0000] {logging_mixin.py:190} INFO - [2025-03-25T03:57:36.082+0000] {dag.py:3239} INFO - Sync 1 DAGs
[2025-03-25T03:57:36.148+0000] {logging_mixin.py:190} INFO - [2025-03-25T03:57:36.147+0000] {dag.py:4180} INFO - Setting next_dagrun for new_dag to 2024-11-22 00:00:00+00:00, run_after=2024-11-23 00:00:00+00:00
[2025-03-25T03:57:36.186+0000] {processor.py:208} INFO - Processing /opt/airflow/dags/new_dag.py took 0.195 seconds
[2025-03-25T03:58:06.452+0000] {processor.py:186} INFO - Started process (PID=5531) to work on /opt/airflow/dags/new_dag.py
[2025-03-25T03:58:06.453+0000] {processor.py:914} INFO - Processing file /opt/airflow/dags/new_dag.py for tasks to queue
[2025-03-25T03:58:06.456+0000] {logging_mixin.py:190} INFO - [2025-03-25T03:58:06.455+0000] {dagbag.py:588} INFO - Filling up the DagBag from /opt/airflow/dags/new_dag.py
[2025-03-25T03:58:06.491+0000] {processor.py:925} INFO - DAG(s) 'new_dag' retrieved from /opt/airflow/dags/new_dag.py
[2025-03-25T03:58:06.534+0000] {logging_mixin.py:190} INFO - [2025-03-25T03:58:06.534+0000] {dag.py:3239} INFO - Sync 1 DAGs
[2025-03-25T03:58:06.605+0000] {logging_mixin.py:190} INFO - [2025-03-25T03:58:06.604+0000] {dag.py:4180} INFO - Setting next_dagrun for new_dag to 2024-11-22 00:00:00+00:00, run_after=2024-11-23 00:00:00+00:00
[2025-03-25T03:58:06.668+0000] {processor.py:208} INFO - Processing /opt/airflow/dags/new_dag.py took 0.225 seconds
[2025-03-25T03:58:36.984+0000] {processor.py:186} INFO - Started process (PID=5833) to work on /opt/airflow/dags/new_dag.py
[2025-03-25T03:58:36.985+0000] {processor.py:914} INFO - Processing file /opt/airflow/dags/new_dag.py for tasks to queue
[2025-03-25T03:58:36.989+0000] {logging_mixin.py:190} INFO - [2025-03-25T03:58:36.988+0000] {dagbag.py:588} INFO - Filling up the DagBag from /opt/airflow/dags/new_dag.py
[2025-03-25T03:58:37.024+0000] {processor.py:925} INFO - DAG(s) 'new_dag' retrieved from /opt/airflow/dags/new_dag.py
[2025-03-25T03:58:37.056+0000] {logging_mixin.py:190} INFO - [2025-03-25T03:58:37.055+0000] {dag.py:3239} INFO - Sync 1 DAGs
[2025-03-25T03:58:37.125+0000] {logging_mixin.py:190} INFO - [2025-03-25T03:58:37.124+0000] {dag.py:4180} INFO - Setting next_dagrun for new_dag to 2024-11-22 00:00:00+00:00, run_after=2024-11-23 00:00:00+00:00
[2025-03-25T03:58:37.226+0000] {processor.py:208} INFO - Processing /opt/airflow/dags/new_dag.py took 0.253 seconds
[2025-03-25T03:59:07.610+0000] {processor.py:186} INFO - Started process (PID=6124) to work on /opt/airflow/dags/new_dag.py
[2025-03-25T03:59:07.611+0000] {processor.py:914} INFO - Processing file /opt/airflow/dags/new_dag.py for tasks to queue
[2025-03-25T03:59:07.613+0000] {logging_mixin.py:190} INFO - [2025-03-25T03:59:07.613+0000] {dagbag.py:588} INFO - Filling up the DagBag from /opt/airflow/dags/new_dag.py
[2025-03-25T03:59:07.628+0000] {processor.py:925} INFO - DAG(s) 'new_dag' retrieved from /opt/airflow/dags/new_dag.py
[2025-03-25T03:59:07.650+0000] {logging_mixin.py:190} INFO - [2025-03-25T03:59:07.650+0000] {dag.py:3239} INFO - Sync 1 DAGs
[2025-03-25T03:59:07.674+0000] {logging_mixin.py:190} INFO - [2025-03-25T03:59:07.674+0000] {dag.py:4180} INFO - Setting next_dagrun for new_dag to 2024-11-22 00:00:00+00:00, run_after=2024-11-23 00:00:00+00:00
[2025-03-25T03:59:07.695+0000] {processor.py:208} INFO - Processing /opt/airflow/dags/new_dag.py took 0.090 seconds
[2025-03-25T03:59:37.868+0000] {processor.py:186} INFO - Started process (PID=6425) to work on /opt/airflow/dags/new_dag.py
[2025-03-25T03:59:37.870+0000] {processor.py:914} INFO - Processing file /opt/airflow/dags/new_dag.py for tasks to queue
[2025-03-25T03:59:37.872+0000] {logging_mixin.py:190} INFO - [2025-03-25T03:59:37.872+0000] {dagbag.py:588} INFO - Filling up the DagBag from /opt/airflow/dags/new_dag.py
[2025-03-25T03:59:37.892+0000] {processor.py:925} INFO - DAG(s) 'new_dag' retrieved from /opt/airflow/dags/new_dag.py
[2025-03-25T03:59:37.921+0000] {logging_mixin.py:190} INFO - [2025-03-25T03:59:37.921+0000] {dag.py:3239} INFO - Sync 1 DAGs
[2025-03-25T03:59:37.962+0000] {logging_mixin.py:190} INFO - [2025-03-25T03:59:37.962+0000] {dag.py:4180} INFO - Setting next_dagrun for new_dag to 2024-11-22 00:00:00+00:00, run_after=2024-11-23 00:00:00+00:00
[2025-03-25T03:59:37.992+0000] {processor.py:208} INFO - Processing /opt/airflow/dags/new_dag.py took 0.129 seconds
[2025-03-25T04:00:08.164+0000] {processor.py:186} INFO - Started process (PID=6726) to work on /opt/airflow/dags/new_dag.py
[2025-03-25T04:00:08.165+0000] {processor.py:914} INFO - Processing file /opt/airflow/dags/new_dag.py for tasks to queue
[2025-03-25T04:00:08.168+0000] {logging_mixin.py:190} INFO - [2025-03-25T04:00:08.167+0000] {dagbag.py:588} INFO - Filling up the DagBag from /opt/airflow/dags/new_dag.py
[2025-03-25T04:00:08.192+0000] {processor.py:925} INFO - DAG(s) 'new_dag' retrieved from /opt/airflow/dags/new_dag.py
[2025-03-25T04:00:08.217+0000] {logging_mixin.py:190} INFO - [2025-03-25T04:00:08.217+0000] {dag.py:3239} INFO - Sync 1 DAGs
[2025-03-25T04:00:08.248+0000] {logging_mixin.py:190} INFO - [2025-03-25T04:00:08.248+0000] {dag.py:4180} INFO - Setting next_dagrun for new_dag to 2024-11-22 00:00:00+00:00, run_after=2024-11-23 00:00:00+00:00
[2025-03-25T04:00:08.275+0000] {processor.py:208} INFO - Processing /opt/airflow/dags/new_dag.py took 0.119 seconds
[2025-03-25T04:00:38.522+0000] {processor.py:186} INFO - Started process (PID=7027) to work on /opt/airflow/dags/new_dag.py
[2025-03-25T04:00:38.523+0000] {processor.py:914} INFO - Processing file /opt/airflow/dags/new_dag.py for tasks to queue
[2025-03-25T04:00:38.527+0000] {logging_mixin.py:190} INFO - [2025-03-25T04:00:38.526+0000] {dagbag.py:588} INFO - Filling up the DagBag from /opt/airflow/dags/new_dag.py
[2025-03-25T04:00:38.550+0000] {processor.py:925} INFO - DAG(s) 'new_dag' retrieved from /opt/airflow/dags/new_dag.py
[2025-03-25T04:00:38.586+0000] {logging_mixin.py:190} INFO - [2025-03-25T04:00:38.585+0000] {dag.py:3239} INFO - Sync 1 DAGs
[2025-03-25T04:00:38.615+0000] {logging_mixin.py:190} INFO - [2025-03-25T04:00:38.615+0000] {dag.py:4180} INFO - Setting next_dagrun for new_dag to 2024-11-22 00:00:00+00:00, run_after=2024-11-23 00:00:00+00:00
[2025-03-25T04:00:38.645+0000] {processor.py:208} INFO - Processing /opt/airflow/dags/new_dag.py took 0.140 seconds
[2025-03-25T04:01:08.825+0000] {processor.py:186} INFO - Started process (PID=7328) to work on /opt/airflow/dags/new_dag.py
[2025-03-25T04:01:08.827+0000] {processor.py:914} INFO - Processing file /opt/airflow/dags/new_dag.py for tasks to queue
[2025-03-25T04:01:08.831+0000] {logging_mixin.py:190} INFO - [2025-03-25T04:01:08.830+0000] {dagbag.py:588} INFO - Filling up the DagBag from /opt/airflow/dags/new_dag.py
[2025-03-25T04:01:08.858+0000] {processor.py:925} INFO - DAG(s) 'new_dag' retrieved from /opt/airflow/dags/new_dag.py
[2025-03-25T04:01:08.881+0000] {logging_mixin.py:190} INFO - [2025-03-25T04:01:08.881+0000] {dag.py:3239} INFO - Sync 1 DAGs
[2025-03-25T04:01:08.912+0000] {logging_mixin.py:190} INFO - [2025-03-25T04:01:08.911+0000] {dag.py:4180} INFO - Setting next_dagrun for new_dag to 2024-11-22 00:00:00+00:00, run_after=2024-11-23 00:00:00+00:00
[2025-03-25T04:01:08.937+0000] {processor.py:208} INFO - Processing /opt/airflow/dags/new_dag.py took 0.122 seconds
[2025-03-25T04:01:39.083+0000] {processor.py:186} INFO - Started process (PID=7629) to work on /opt/airflow/dags/new_dag.py
[2025-03-25T04:01:39.084+0000] {processor.py:914} INFO - Processing file /opt/airflow/dags/new_dag.py for tasks to queue
[2025-03-25T04:01:39.088+0000] {logging_mixin.py:190} INFO - [2025-03-25T04:01:39.087+0000] {dagbag.py:588} INFO - Filling up the DagBag from /opt/airflow/dags/new_dag.py
[2025-03-25T04:01:39.108+0000] {processor.py:925} INFO - DAG(s) 'new_dag' retrieved from /opt/airflow/dags/new_dag.py
[2025-03-25T04:01:39.133+0000] {logging_mixin.py:190} INFO - [2025-03-25T04:01:39.133+0000] {dag.py:3239} INFO - Sync 1 DAGs
[2025-03-25T04:01:39.160+0000] {logging_mixin.py:190} INFO - [2025-03-25T04:01:39.160+0000] {dag.py:4180} INFO - Setting next_dagrun for new_dag to 2024-11-22 00:00:00+00:00, run_after=2024-11-23 00:00:00+00:00
[2025-03-25T04:01:39.189+0000] {processor.py:208} INFO - Processing /opt/airflow/dags/new_dag.py took 0.111 seconds
[2025-03-25T04:02:09.574+0000] {processor.py:186} INFO - Started process (PID=7930) to work on /opt/airflow/dags/new_dag.py
[2025-03-25T04:02:09.576+0000] {processor.py:914} INFO - Processing file /opt/airflow/dags/new_dag.py for tasks to queue
[2025-03-25T04:02:09.578+0000] {logging_mixin.py:190} INFO - [2025-03-25T04:02:09.578+0000] {dagbag.py:588} INFO - Filling up the DagBag from /opt/airflow/dags/new_dag.py
[2025-03-25T04:02:09.597+0000] {processor.py:925} INFO - DAG(s) 'new_dag' retrieved from /opt/airflow/dags/new_dag.py
[2025-03-25T04:02:09.621+0000] {logging_mixin.py:190} INFO - [2025-03-25T04:02:09.621+0000] {dag.py:3239} INFO - Sync 1 DAGs
[2025-03-25T04:02:09.649+0000] {logging_mixin.py:190} INFO - [2025-03-25T04:02:09.648+0000] {dag.py:4180} INFO - Setting next_dagrun for new_dag to 2024-11-22 00:00:00+00:00, run_after=2024-11-23 00:00:00+00:00
[2025-03-25T04:02:09.671+0000] {processor.py:208} INFO - Processing /opt/airflow/dags/new_dag.py took 0.107 seconds
[2025-03-25T04:02:39.886+0000] {processor.py:186} INFO - Started process (PID=8231) to work on /opt/airflow/dags/new_dag.py
[2025-03-25T04:02:39.887+0000] {processor.py:914} INFO - Processing file /opt/airflow/dags/new_dag.py for tasks to queue
[2025-03-25T04:02:39.893+0000] {logging_mixin.py:190} INFO - [2025-03-25T04:02:39.893+0000] {dagbag.py:588} INFO - Filling up the DagBag from /opt/airflow/dags/new_dag.py
[2025-03-25T04:02:39.939+0000] {processor.py:925} INFO - DAG(s) 'new_dag' retrieved from /opt/airflow/dags/new_dag.py
[2025-03-25T04:02:39.972+0000] {logging_mixin.py:190} INFO - [2025-03-25T04:02:39.972+0000] {dag.py:3239} INFO - Sync 1 DAGs
[2025-03-25T04:02:39.997+0000] {logging_mixin.py:190} INFO - [2025-03-25T04:02:39.997+0000] {dag.py:4180} INFO - Setting next_dagrun for new_dag to 2024-11-22 00:00:00+00:00, run_after=2024-11-23 00:00:00+00:00
[2025-03-25T04:02:40.022+0000] {processor.py:208} INFO - Processing /opt/airflow/dags/new_dag.py took 0.147 seconds
[2025-03-25T04:03:10.621+0000] {processor.py:186} INFO - Started process (PID=8533) to work on /opt/airflow/dags/new_dag.py
[2025-03-25T04:03:10.623+0000] {processor.py:914} INFO - Processing file /opt/airflow/dags/new_dag.py for tasks to queue
[2025-03-25T04:03:10.629+0000] {logging_mixin.py:190} INFO - [2025-03-25T04:03:10.629+0000] {dagbag.py:588} INFO - Filling up the DagBag from /opt/airflow/dags/new_dag.py
[2025-03-25T04:03:10.658+0000] {processor.py:925} INFO - DAG(s) 'new_dag' retrieved from /opt/airflow/dags/new_dag.py
[2025-03-25T04:03:10.700+0000] {logging_mixin.py:190} INFO - [2025-03-25T04:03:10.699+0000] {dag.py:3239} INFO - Sync 1 DAGs
[2025-03-25T04:03:10.739+0000] {logging_mixin.py:190} INFO - [2025-03-25T04:03:10.739+0000] {dag.py:4180} INFO - Setting next_dagrun for new_dag to 2024-11-22 00:00:00+00:00, run_after=2024-11-23 00:00:00+00:00
[2025-03-25T04:03:10.774+0000] {processor.py:208} INFO - Processing /opt/airflow/dags/new_dag.py took 0.167 seconds
[2025-03-25T04:03:40.872+0000] {processor.py:186} INFO - Started process (PID=8836) to work on /opt/airflow/dags/new_dag.py
[2025-03-25T04:03:40.874+0000] {processor.py:914} INFO - Processing file /opt/airflow/dags/new_dag.py for tasks to queue
[2025-03-25T04:03:40.877+0000] {logging_mixin.py:190} INFO - [2025-03-25T04:03:40.876+0000] {dagbag.py:588} INFO - Filling up the DagBag from /opt/airflow/dags/new_dag.py
[2025-03-25T04:03:40.904+0000] {processor.py:925} INFO - DAG(s) 'new_dag' retrieved from /opt/airflow/dags/new_dag.py
[2025-03-25T04:03:40.931+0000] {logging_mixin.py:190} INFO - [2025-03-25T04:03:40.930+0000] {dag.py:3239} INFO - Sync 1 DAGs
[2025-03-25T04:03:40.963+0000] {logging_mixin.py:190} INFO - [2025-03-25T04:03:40.963+0000] {dag.py:4180} INFO - Setting next_dagrun for new_dag to 2024-11-22 00:00:00+00:00, run_after=2024-11-23 00:00:00+00:00
[2025-03-25T04:03:40.990+0000] {processor.py:208} INFO - Processing /opt/airflow/dags/new_dag.py took 0.130 seconds
[2025-03-25T04:04:11.356+0000] {processor.py:186} INFO - Started process (PID=9137) to work on /opt/airflow/dags/new_dag.py
[2025-03-25T04:04:11.360+0000] {processor.py:914} INFO - Processing file /opt/airflow/dags/new_dag.py for tasks to queue
[2025-03-25T04:04:11.372+0000] {logging_mixin.py:190} INFO - [2025-03-25T04:04:11.372+0000] {dagbag.py:588} INFO - Filling up the DagBag from /opt/airflow/dags/new_dag.py
[2025-03-25T04:04:11.403+0000] {processor.py:925} INFO - DAG(s) 'new_dag' retrieved from /opt/airflow/dags/new_dag.py
[2025-03-25T04:04:11.439+0000] {logging_mixin.py:190} INFO - [2025-03-25T04:04:11.438+0000] {dag.py:3239} INFO - Sync 1 DAGs
[2025-03-25T04:04:11.474+0000] {logging_mixin.py:190} INFO - [2025-03-25T04:04:11.474+0000] {dag.py:4180} INFO - Setting next_dagrun for new_dag to 2024-11-22 00:00:00+00:00, run_after=2024-11-23 00:00:00+00:00
[2025-03-25T04:04:11.499+0000] {processor.py:208} INFO - Processing /opt/airflow/dags/new_dag.py took 0.168 seconds
[2025-03-25T04:04:41.961+0000] {processor.py:186} INFO - Started process (PID=9438) to work on /opt/airflow/dags/new_dag.py
[2025-03-25T04:04:41.963+0000] {processor.py:914} INFO - Processing file /opt/airflow/dags/new_dag.py for tasks to queue
[2025-03-25T04:04:41.971+0000] {logging_mixin.py:190} INFO - [2025-03-25T04:04:41.969+0000] {dagbag.py:588} INFO - Filling up the DagBag from /opt/airflow/dags/new_dag.py
[2025-03-25T04:04:42.023+0000] {processor.py:925} INFO - DAG(s) 'new_dag' retrieved from /opt/airflow/dags/new_dag.py
[2025-03-25T04:04:42.088+0000] {logging_mixin.py:190} INFO - [2025-03-25T04:04:42.088+0000] {dag.py:3239} INFO - Sync 1 DAGs
[2025-03-25T04:04:42.197+0000] {logging_mixin.py:190} INFO - [2025-03-25T04:04:42.196+0000] {dag.py:4180} INFO - Setting next_dagrun for new_dag to 2024-11-22 00:00:00+00:00, run_after=2024-11-23 00:00:00+00:00
[2025-03-25T04:04:42.270+0000] {processor.py:208} INFO - Processing /opt/airflow/dags/new_dag.py took 0.328 seconds
[2025-03-25T04:05:12.947+0000] {processor.py:186} INFO - Started process (PID=9743) to work on /opt/airflow/dags/new_dag.py
[2025-03-25T04:05:12.965+0000] {processor.py:914} INFO - Processing file /opt/airflow/dags/new_dag.py for tasks to queue
[2025-03-25T04:05:12.982+0000] {logging_mixin.py:190} INFO - [2025-03-25T04:05:12.981+0000] {dagbag.py:588} INFO - Filling up the DagBag from /opt/airflow/dags/new_dag.py
[2025-03-25T04:05:13.066+0000] {processor.py:925} INFO - DAG(s) 'new_dag' retrieved from /opt/airflow/dags/new_dag.py
[2025-03-25T04:05:13.152+0000] {logging_mixin.py:190} INFO - [2025-03-25T04:05:13.151+0000] {dag.py:3239} INFO - Sync 1 DAGs
[2025-03-25T04:05:13.248+0000] {logging_mixin.py:190} INFO - [2025-03-25T04:05:13.247+0000] {dag.py:4180} INFO - Setting next_dagrun for new_dag to 2024-11-22 00:00:00+00:00, run_after=2024-11-23 00:00:00+00:00
[2025-03-25T04:05:13.369+0000] {processor.py:208} INFO - Processing /opt/airflow/dags/new_dag.py took 0.472 seconds
[2025-03-25T04:05:44.131+0000] {processor.py:186} INFO - Started process (PID=10043) to work on /opt/airflow/dags/new_dag.py
[2025-03-25T04:05:44.132+0000] {processor.py:914} INFO - Processing file /opt/airflow/dags/new_dag.py for tasks to queue
[2025-03-25T04:05:44.138+0000] {logging_mixin.py:190} INFO - [2025-03-25T04:05:44.137+0000] {dagbag.py:588} INFO - Filling up the DagBag from /opt/airflow/dags/new_dag.py
[2025-03-25T04:05:44.167+0000] {processor.py:925} INFO - DAG(s) 'new_dag' retrieved from /opt/airflow/dags/new_dag.py
[2025-03-25T04:05:44.199+0000] {logging_mixin.py:190} INFO - [2025-03-25T04:05:44.199+0000] {dag.py:3239} INFO - Sync 1 DAGs
[2025-03-25T04:05:44.279+0000] {logging_mixin.py:190} INFO - [2025-03-25T04:05:44.279+0000] {dag.py:4180} INFO - Setting next_dagrun for new_dag to 2024-11-22 00:00:00+00:00, run_after=2024-11-23 00:00:00+00:00
[2025-03-25T04:05:44.323+0000] {processor.py:208} INFO - Processing /opt/airflow/dags/new_dag.py took 0.205 seconds
[2025-03-25T04:06:14.749+0000] {processor.py:186} INFO - Started process (PID=10338) to work on /opt/airflow/dags/new_dag.py
[2025-03-25T04:06:14.753+0000] {processor.py:914} INFO - Processing file /opt/airflow/dags/new_dag.py for tasks to queue
[2025-03-25T04:06:14.759+0000] {logging_mixin.py:190} INFO - [2025-03-25T04:06:14.758+0000] {dagbag.py:588} INFO - Filling up the DagBag from /opt/airflow/dags/new_dag.py
[2025-03-25T04:06:14.807+0000] {processor.py:925} INFO - DAG(s) 'new_dag' retrieved from /opt/airflow/dags/new_dag.py
[2025-03-25T04:06:14.847+0000] {logging_mixin.py:190} INFO - [2025-03-25T04:06:14.847+0000] {dag.py:3239} INFO - Sync 1 DAGs
[2025-03-25T04:06:14.882+0000] {logging_mixin.py:190} INFO - [2025-03-25T04:06:14.882+0000] {dag.py:4180} INFO - Setting next_dagrun for new_dag to 2024-11-22 00:00:00+00:00, run_after=2024-11-23 00:00:00+00:00
[2025-03-25T04:06:14.909+0000] {processor.py:208} INFO - Processing /opt/airflow/dags/new_dag.py took 0.169 seconds
[2025-03-25T04:06:45.467+0000] {processor.py:186} INFO - Started process (PID=10639) to work on /opt/airflow/dags/new_dag.py
[2025-03-25T04:06:45.469+0000] {processor.py:914} INFO - Processing file /opt/airflow/dags/new_dag.py for tasks to queue
[2025-03-25T04:06:45.474+0000] {logging_mixin.py:190} INFO - [2025-03-25T04:06:45.473+0000] {dagbag.py:588} INFO - Filling up the DagBag from /opt/airflow/dags/new_dag.py
[2025-03-25T04:06:45.509+0000] {processor.py:925} INFO - DAG(s) 'new_dag' retrieved from /opt/airflow/dags/new_dag.py
[2025-03-25T04:06:45.536+0000] {logging_mixin.py:190} INFO - [2025-03-25T04:06:45.535+0000] {dag.py:3239} INFO - Sync 1 DAGs
[2025-03-25T04:06:45.561+0000] {logging_mixin.py:190} INFO - [2025-03-25T04:06:45.560+0000] {dag.py:4180} INFO - Setting next_dagrun for new_dag to 2024-11-22 00:00:00+00:00, run_after=2024-11-23 00:00:00+00:00
[2025-03-25T04:06:45.589+0000] {processor.py:208} INFO - Processing /opt/airflow/dags/new_dag.py took 0.130 seconds
[2025-03-25T04:07:15.755+0000] {processor.py:186} INFO - Started process (PID=10940) to work on /opt/airflow/dags/new_dag.py
[2025-03-25T04:07:15.756+0000] {processor.py:914} INFO - Processing file /opt/airflow/dags/new_dag.py for tasks to queue
[2025-03-25T04:07:15.758+0000] {logging_mixin.py:190} INFO - [2025-03-25T04:07:15.758+0000] {dagbag.py:588} INFO - Filling up the DagBag from /opt/airflow/dags/new_dag.py
[2025-03-25T04:07:15.776+0000] {processor.py:925} INFO - DAG(s) 'new_dag' retrieved from /opt/airflow/dags/new_dag.py
[2025-03-25T04:07:15.806+0000] {logging_mixin.py:190} INFO - [2025-03-25T04:07:15.805+0000] {dag.py:3239} INFO - Sync 1 DAGs
[2025-03-25T04:07:15.828+0000] {logging_mixin.py:190} INFO - [2025-03-25T04:07:15.828+0000] {dag.py:4180} INFO - Setting next_dagrun for new_dag to 2024-11-22 00:00:00+00:00, run_after=2024-11-23 00:00:00+00:00
[2025-03-25T04:07:15.862+0000] {processor.py:208} INFO - Processing /opt/airflow/dags/new_dag.py took 0.112 seconds
[2025-03-25T04:07:48.376+0000] {processor.py:186} INFO - Started process (PID=11181) to work on /opt/airflow/dags/new_dag.py
[2025-03-25T04:07:48.381+0000] {processor.py:914} INFO - Processing file /opt/airflow/dags/new_dag.py for tasks to queue
[2025-03-25T04:07:48.391+0000] {logging_mixin.py:190} INFO - [2025-03-25T04:07:48.390+0000] {dagbag.py:588} INFO - Filling up the DagBag from /opt/airflow/dags/new_dag.py
[2025-03-25T04:07:48.522+0000] {processor.py:925} INFO - DAG(s) 'new_dag' retrieved from /opt/airflow/dags/new_dag.py
[2025-03-25T04:07:48.613+0000] {logging_mixin.py:190} INFO - [2025-03-25T04:07:48.612+0000] {dag.py:3239} INFO - Sync 1 DAGs
[2025-03-25T04:07:48.720+0000] {logging_mixin.py:190} INFO - [2025-03-25T04:07:48.719+0000] {dag.py:4180} INFO - Setting next_dagrun for new_dag to 2024-11-22 00:00:00+00:00, run_after=2024-11-23 00:00:00+00:00
[2025-03-25T04:07:48.833+0000] {processor.py:208} INFO - Processing /opt/airflow/dags/new_dag.py took 0.472 seconds
[2025-03-25T04:08:20.072+0000] {processor.py:186} INFO - Started process (PID=11474) to work on /opt/airflow/dags/new_dag.py
[2025-03-25T04:08:20.073+0000] {processor.py:914} INFO - Processing file /opt/airflow/dags/new_dag.py for tasks to queue
[2025-03-25T04:08:20.077+0000] {logging_mixin.py:190} INFO - [2025-03-25T04:08:20.076+0000] {dagbag.py:588} INFO - Filling up the DagBag from /opt/airflow/dags/new_dag.py
[2025-03-25T04:08:20.108+0000] {processor.py:925} INFO - DAG(s) 'new_dag' retrieved from /opt/airflow/dags/new_dag.py
[2025-03-25T04:08:20.156+0000] {logging_mixin.py:190} INFO - [2025-03-25T04:08:20.155+0000] {dag.py:3239} INFO - Sync 1 DAGs
[2025-03-25T04:08:20.243+0000] {logging_mixin.py:190} INFO - [2025-03-25T04:08:20.242+0000] {dag.py:4180} INFO - Setting next_dagrun for new_dag to 2024-11-22 00:00:00+00:00, run_after=2024-11-23 00:00:00+00:00
[2025-03-25T04:08:20.333+0000] {processor.py:208} INFO - Processing /opt/airflow/dags/new_dag.py took 0.270 seconds
[2025-03-25T04:08:53.357+0000] {processor.py:186} INFO - Started process (PID=11770) to work on /opt/airflow/dags/new_dag.py
[2025-03-25T04:08:53.364+0000] {processor.py:914} INFO - Processing file /opt/airflow/dags/new_dag.py for tasks to queue
[2025-03-25T04:08:53.388+0000] {logging_mixin.py:190} INFO - [2025-03-25T04:08:53.385+0000] {dagbag.py:588} INFO - Filling up the DagBag from /opt/airflow/dags/new_dag.py
[2025-03-25T04:08:53.553+0000] {processor.py:925} INFO - DAG(s) 'new_dag' retrieved from /opt/airflow/dags/new_dag.py
[2025-03-25T04:08:53.770+0000] {logging_mixin.py:190} INFO - [2025-03-25T04:08:53.769+0000] {dag.py:3239} INFO - Sync 1 DAGs
[2025-03-25T04:08:53.957+0000] {logging_mixin.py:190} INFO - [2025-03-25T04:08:53.956+0000] {dag.py:4180} INFO - Setting next_dagrun for new_dag to 2024-11-22 00:00:00+00:00, run_after=2024-11-23 00:00:00+00:00
[2025-03-25T04:08:54.129+0000] {processor.py:208} INFO - Processing /opt/airflow/dags/new_dag.py took 0.816 seconds
[2025-03-25T04:09:24.413+0000] {processor.py:186} INFO - Started process (PID=12074) to work on /opt/airflow/dags/new_dag.py
[2025-03-25T04:09:24.414+0000] {processor.py:914} INFO - Processing file /opt/airflow/dags/new_dag.py for tasks to queue
[2025-03-25T04:09:24.416+0000] {logging_mixin.py:190} INFO - [2025-03-25T04:09:24.416+0000] {dagbag.py:588} INFO - Filling up the DagBag from /opt/airflow/dags/new_dag.py
[2025-03-25T04:09:24.438+0000] {processor.py:925} INFO - DAG(s) 'new_dag' retrieved from /opt/airflow/dags/new_dag.py
[2025-03-25T04:09:24.490+0000] {logging_mixin.py:190} INFO - [2025-03-25T04:09:24.490+0000] {dag.py:3239} INFO - Sync 1 DAGs
[2025-03-25T04:09:24.606+0000] {logging_mixin.py:190} INFO - [2025-03-25T04:09:24.606+0000] {dag.py:4180} INFO - Setting next_dagrun for new_dag to 2024-11-22 00:00:00+00:00, run_after=2024-11-23 00:00:00+00:00
[2025-03-25T04:09:24.671+0000] {processor.py:208} INFO - Processing /opt/airflow/dags/new_dag.py took 0.266 seconds
[2025-03-25T04:09:56.014+0000] {processor.py:186} INFO - Started process (PID=12381) to work on /opt/airflow/dags/new_dag.py
[2025-03-25T04:09:56.016+0000] {processor.py:914} INFO - Processing file /opt/airflow/dags/new_dag.py for tasks to queue
[2025-03-25T04:09:56.019+0000] {logging_mixin.py:190} INFO - [2025-03-25T04:09:56.018+0000] {dagbag.py:588} INFO - Filling up the DagBag from /opt/airflow/dags/new_dag.py
[2025-03-25T04:09:56.049+0000] {processor.py:925} INFO - DAG(s) 'new_dag' retrieved from /opt/airflow/dags/new_dag.py
[2025-03-25T04:09:56.109+0000] {logging_mixin.py:190} INFO - [2025-03-25T04:09:56.108+0000] {dag.py:3239} INFO - Sync 1 DAGs
[2025-03-25T04:09:56.184+0000] {logging_mixin.py:190} INFO - [2025-03-25T04:09:56.183+0000] {dag.py:4180} INFO - Setting next_dagrun for new_dag to 2024-11-22 00:00:00+00:00, run_after=2024-11-23 00:00:00+00:00
[2025-03-25T04:09:56.225+0000] {processor.py:208} INFO - Processing /opt/airflow/dags/new_dag.py took 0.220 seconds
[2025-03-25T04:10:26.538+0000] {processor.py:186} INFO - Started process (PID=12666) to work on /opt/airflow/dags/new_dag.py
[2025-03-25T04:10:26.540+0000] {processor.py:914} INFO - Processing file /opt/airflow/dags/new_dag.py for tasks to queue
[2025-03-25T04:10:26.546+0000] {logging_mixin.py:190} INFO - [2025-03-25T04:10:26.545+0000] {dagbag.py:588} INFO - Filling up the DagBag from /opt/airflow/dags/new_dag.py
[2025-03-25T04:10:26.575+0000] {processor.py:925} INFO - DAG(s) 'new_dag' retrieved from /opt/airflow/dags/new_dag.py
[2025-03-25T04:10:26.620+0000] {logging_mixin.py:190} INFO - [2025-03-25T04:10:26.620+0000] {dag.py:3239} INFO - Sync 1 DAGs
[2025-03-25T04:10:26.698+0000] {logging_mixin.py:190} INFO - [2025-03-25T04:10:26.697+0000] {dag.py:4180} INFO - Setting next_dagrun for new_dag to 2024-11-22 00:00:00+00:00, run_after=2024-11-23 00:00:00+00:00
[2025-03-25T04:10:26.751+0000] {processor.py:208} INFO - Processing /opt/airflow/dags/new_dag.py took 0.227 seconds
[2025-03-25T04:10:57.349+0000] {processor.py:186} INFO - Started process (PID=12973) to work on /opt/airflow/dags/new_dag.py
[2025-03-25T04:10:57.351+0000] {processor.py:914} INFO - Processing file /opt/airflow/dags/new_dag.py for tasks to queue
[2025-03-25T04:10:57.354+0000] {logging_mixin.py:190} INFO - [2025-03-25T04:10:57.354+0000] {dagbag.py:588} INFO - Filling up the DagBag from /opt/airflow/dags/new_dag.py
[2025-03-25T04:10:57.383+0000] {processor.py:925} INFO - DAG(s) 'new_dag' retrieved from /opt/airflow/dags/new_dag.py
[2025-03-25T04:10:57.428+0000] {logging_mixin.py:190} INFO - [2025-03-25T04:10:57.428+0000] {dag.py:3239} INFO - Sync 1 DAGs
[2025-03-25T04:10:57.504+0000] {logging_mixin.py:190} INFO - [2025-03-25T04:10:57.503+0000] {dag.py:4180} INFO - Setting next_dagrun for new_dag to 2024-11-22 00:00:00+00:00, run_after=2024-11-23 00:00:00+00:00
[2025-03-25T04:10:57.541+0000] {processor.py:208} INFO - Processing /opt/airflow/dags/new_dag.py took 0.205 seconds
[2025-03-25T04:11:28.480+0000] {processor.py:186} INFO - Started process (PID=13268) to work on /opt/airflow/dags/new_dag.py
[2025-03-25T04:11:28.481+0000] {processor.py:914} INFO - Processing file /opt/airflow/dags/new_dag.py for tasks to queue
[2025-03-25T04:11:28.484+0000] {logging_mixin.py:190} INFO - [2025-03-25T04:11:28.484+0000] {dagbag.py:588} INFO - Filling up the DagBag from /opt/airflow/dags/new_dag.py
[2025-03-25T04:11:28.503+0000] {processor.py:925} INFO - DAG(s) 'new_dag' retrieved from /opt/airflow/dags/new_dag.py
[2025-03-25T04:11:28.525+0000] {logging_mixin.py:190} INFO - [2025-03-25T04:11:28.525+0000] {dag.py:3239} INFO - Sync 1 DAGs
[2025-03-25T04:11:28.555+0000] {logging_mixin.py:190} INFO - [2025-03-25T04:11:28.555+0000] {dag.py:4180} INFO - Setting next_dagrun for new_dag to 2024-11-22 00:00:00+00:00, run_after=2024-11-23 00:00:00+00:00
[2025-03-25T04:11:28.582+0000] {processor.py:208} INFO - Processing /opt/airflow/dags/new_dag.py took 0.109 seconds
[2025-03-25T04:11:59.284+0000] {processor.py:186} INFO - Started process (PID=13569) to work on /opt/airflow/dags/new_dag.py
[2025-03-25T04:11:59.285+0000] {processor.py:914} INFO - Processing file /opt/airflow/dags/new_dag.py for tasks to queue
[2025-03-25T04:11:59.289+0000] {logging_mixin.py:190} INFO - [2025-03-25T04:11:59.288+0000] {dagbag.py:588} INFO - Filling up the DagBag from /opt/airflow/dags/new_dag.py
[2025-03-25T04:11:59.312+0000] {processor.py:925} INFO - DAG(s) 'new_dag' retrieved from /opt/airflow/dags/new_dag.py
[2025-03-25T04:11:59.342+0000] {logging_mixin.py:190} INFO - [2025-03-25T04:11:59.342+0000] {dag.py:3239} INFO - Sync 1 DAGs
[2025-03-25T04:11:59.399+0000] {logging_mixin.py:190} INFO - [2025-03-25T04:11:59.399+0000] {dag.py:4180} INFO - Setting next_dagrun for new_dag to 2024-11-22 00:00:00+00:00, run_after=2024-11-23 00:00:00+00:00
[2025-03-25T04:11:59.446+0000] {processor.py:208} INFO - Processing /opt/airflow/dags/new_dag.py took 0.168 seconds
[2025-03-25T04:12:30.014+0000] {processor.py:186} INFO - Started process (PID=13873) to work on /opt/airflow/dags/new_dag.py
[2025-03-25T04:12:30.015+0000] {processor.py:914} INFO - Processing file /opt/airflow/dags/new_dag.py for tasks to queue
[2025-03-25T04:12:30.017+0000] {logging_mixin.py:190} INFO - [2025-03-25T04:12:30.017+0000] {dagbag.py:588} INFO - Filling up the DagBag from /opt/airflow/dags/new_dag.py
[2025-03-25T04:12:30.037+0000] {processor.py:925} INFO - DAG(s) 'new_dag' retrieved from /opt/airflow/dags/new_dag.py
[2025-03-25T04:12:30.066+0000] {logging_mixin.py:190} INFO - [2025-03-25T04:12:30.066+0000] {dag.py:3239} INFO - Sync 1 DAGs
[2025-03-25T04:12:30.094+0000] {logging_mixin.py:190} INFO - [2025-03-25T04:12:30.094+0000] {dag.py:4180} INFO - Setting next_dagrun for new_dag to 2024-11-22 00:00:00+00:00, run_after=2024-11-23 00:00:00+00:00
[2025-03-25T04:12:30.122+0000] {processor.py:208} INFO - Processing /opt/airflow/dags/new_dag.py took 0.115 seconds
[2025-03-25T04:13:00.460+0000] {processor.py:186} INFO - Started process (PID=14174) to work on /opt/airflow/dags/new_dag.py
[2025-03-25T04:13:00.461+0000] {processor.py:914} INFO - Processing file /opt/airflow/dags/new_dag.py for tasks to queue
[2025-03-25T04:13:00.464+0000] {logging_mixin.py:190} INFO - [2025-03-25T04:13:00.463+0000] {dagbag.py:588} INFO - Filling up the DagBag from /opt/airflow/dags/new_dag.py
[2025-03-25T04:13:00.483+0000] {processor.py:925} INFO - DAG(s) 'new_dag' retrieved from /opt/airflow/dags/new_dag.py
[2025-03-25T04:13:00.505+0000] {logging_mixin.py:190} INFO - [2025-03-25T04:13:00.504+0000] {dag.py:3239} INFO - Sync 1 DAGs
[2025-03-25T04:13:00.533+0000] {logging_mixin.py:190} INFO - [2025-03-25T04:13:00.533+0000] {dag.py:4180} INFO - Setting next_dagrun for new_dag to 2024-11-22 00:00:00+00:00, run_after=2024-11-23 00:00:00+00:00
[2025-03-25T04:13:00.552+0000] {processor.py:208} INFO - Processing /opt/airflow/dags/new_dag.py took 0.099 seconds
[2025-03-25T04:13:31.225+0000] {processor.py:186} INFO - Started process (PID=14475) to work on /opt/airflow/dags/new_dag.py
[2025-03-25T04:13:31.226+0000] {processor.py:914} INFO - Processing file /opt/airflow/dags/new_dag.py for tasks to queue
[2025-03-25T04:13:31.229+0000] {logging_mixin.py:190} INFO - [2025-03-25T04:13:31.228+0000] {dagbag.py:588} INFO - Filling up the DagBag from /opt/airflow/dags/new_dag.py
[2025-03-25T04:13:31.248+0000] {processor.py:925} INFO - DAG(s) 'new_dag' retrieved from /opt/airflow/dags/new_dag.py
[2025-03-25T04:13:31.269+0000] {logging_mixin.py:190} INFO - [2025-03-25T04:13:31.269+0000] {dag.py:3239} INFO - Sync 1 DAGs
[2025-03-25T04:13:31.298+0000] {logging_mixin.py:190} INFO - [2025-03-25T04:13:31.298+0000] {dag.py:4180} INFO - Setting next_dagrun for new_dag to 2024-11-22 00:00:00+00:00, run_after=2024-11-23 00:00:00+00:00
[2025-03-25T04:13:31.325+0000] {processor.py:208} INFO - Processing /opt/airflow/dags/new_dag.py took 0.105 seconds
[2025-03-25T04:14:02.148+0000] {processor.py:186} INFO - Started process (PID=14776) to work on /opt/airflow/dags/new_dag.py
[2025-03-25T04:14:02.150+0000] {processor.py:914} INFO - Processing file /opt/airflow/dags/new_dag.py for tasks to queue
[2025-03-25T04:14:02.155+0000] {logging_mixin.py:190} INFO - [2025-03-25T04:14:02.154+0000] {dagbag.py:588} INFO - Filling up the DagBag from /opt/airflow/dags/new_dag.py
[2025-03-25T04:14:02.175+0000] {processor.py:925} INFO - DAG(s) 'new_dag' retrieved from /opt/airflow/dags/new_dag.py
[2025-03-25T04:14:02.198+0000] {logging_mixin.py:190} INFO - [2025-03-25T04:14:02.198+0000] {dag.py:3239} INFO - Sync 1 DAGs
[2025-03-25T04:14:02.228+0000] {logging_mixin.py:190} INFO - [2025-03-25T04:14:02.228+0000] {dag.py:4180} INFO - Setting next_dagrun for new_dag to 2024-11-22 00:00:00+00:00, run_after=2024-11-23 00:00:00+00:00
[2025-03-25T04:14:02.262+0000] {processor.py:208} INFO - Processing /opt/airflow/dags/new_dag.py took 0.122 seconds
[2025-03-25T04:14:32.706+0000] {processor.py:186} INFO - Started process (PID=15078) to work on /opt/airflow/dags/new_dag.py
[2025-03-25T04:14:32.709+0000] {processor.py:914} INFO - Processing file /opt/airflow/dags/new_dag.py for tasks to queue
[2025-03-25T04:14:32.725+0000] {logging_mixin.py:190} INFO - [2025-03-25T04:14:32.724+0000] {dagbag.py:588} INFO - Filling up the DagBag from /opt/airflow/dags/new_dag.py
[2025-03-25T04:14:32.825+0000] {processor.py:925} INFO - DAG(s) 'new_dag' retrieved from /opt/airflow/dags/new_dag.py
[2025-03-25T04:14:32.888+0000] {logging_mixin.py:190} INFO - [2025-03-25T04:14:32.887+0000] {dag.py:3239} INFO - Sync 1 DAGs
[2025-03-25T04:14:32.945+0000] {logging_mixin.py:190} INFO - [2025-03-25T04:14:32.944+0000] {dag.py:4180} INFO - Setting next_dagrun for new_dag to 2024-11-22 00:00:00+00:00, run_after=2024-11-23 00:00:00+00:00
[2025-03-25T04:14:32.983+0000] {processor.py:208} INFO - Processing /opt/airflow/dags/new_dag.py took 0.299 seconds
[2025-03-25T04:15:03.785+0000] {processor.py:186} INFO - Started process (PID=15384) to work on /opt/airflow/dags/new_dag.py
[2025-03-25T04:15:03.787+0000] {processor.py:914} INFO - Processing file /opt/airflow/dags/new_dag.py for tasks to queue
[2025-03-25T04:15:03.793+0000] {logging_mixin.py:190} INFO - [2025-03-25T04:15:03.792+0000] {dagbag.py:588} INFO - Filling up the DagBag from /opt/airflow/dags/new_dag.py
[2025-03-25T04:15:03.837+0000] {processor.py:925} INFO - DAG(s) 'new_dag' retrieved from /opt/airflow/dags/new_dag.py
[2025-03-25T04:15:03.873+0000] {logging_mixin.py:190} INFO - [2025-03-25T04:15:03.872+0000] {dag.py:3239} INFO - Sync 1 DAGs
[2025-03-25T04:15:03.921+0000] {logging_mixin.py:190} INFO - [2025-03-25T04:15:03.921+0000] {dag.py:4180} INFO - Setting next_dagrun for new_dag to 2024-11-22 00:00:00+00:00, run_after=2024-11-23 00:00:00+00:00
[2025-03-25T04:15:04.224+0000] {processor.py:208} INFO - Processing /opt/airflow/dags/new_dag.py took 0.448 seconds
[2025-03-25T04:15:34.683+0000] {processor.py:186} INFO - Started process (PID=15685) to work on /opt/airflow/dags/new_dag.py
[2025-03-25T04:15:34.685+0000] {processor.py:914} INFO - Processing file /opt/airflow/dags/new_dag.py for tasks to queue
[2025-03-25T04:15:34.687+0000] {logging_mixin.py:190} INFO - [2025-03-25T04:15:34.687+0000] {dagbag.py:588} INFO - Filling up the DagBag from /opt/airflow/dags/new_dag.py
[2025-03-25T04:15:34.705+0000] {processor.py:925} INFO - DAG(s) 'new_dag' retrieved from /opt/airflow/dags/new_dag.py
[2025-03-25T04:15:34.728+0000] {logging_mixin.py:190} INFO - [2025-03-25T04:15:34.728+0000] {dag.py:3239} INFO - Sync 1 DAGs
[2025-03-25T04:15:34.752+0000] {logging_mixin.py:190} INFO - [2025-03-25T04:15:34.751+0000] {dag.py:4180} INFO - Setting next_dagrun for new_dag to 2024-11-22 00:00:00+00:00, run_after=2024-11-23 00:00:00+00:00
[2025-03-25T04:15:34.773+0000] {processor.py:208} INFO - Processing /opt/airflow/dags/new_dag.py took 0.099 seconds
[2025-03-25T04:16:05.619+0000] {processor.py:186} INFO - Started process (PID=15986) to work on /opt/airflow/dags/new_dag.py
[2025-03-25T04:16:05.620+0000] {processor.py:914} INFO - Processing file /opt/airflow/dags/new_dag.py for tasks to queue
[2025-03-25T04:16:05.627+0000] {logging_mixin.py:190} INFO - [2025-03-25T04:16:05.626+0000] {dagbag.py:588} INFO - Filling up the DagBag from /opt/airflow/dags/new_dag.py
[2025-03-25T04:16:05.694+0000] {processor.py:925} INFO - DAG(s) 'new_dag' retrieved from /opt/airflow/dags/new_dag.py
[2025-03-25T04:16:05.750+0000] {logging_mixin.py:190} INFO - [2025-03-25T04:16:05.748+0000] {dag.py:3239} INFO - Sync 1 DAGs
[2025-03-25T04:16:05.850+0000] {logging_mixin.py:190} INFO - [2025-03-25T04:16:05.849+0000] {dag.py:4180} INFO - Setting next_dagrun for new_dag to 2024-11-22 00:00:00+00:00, run_after=2024-11-23 00:00:00+00:00
[2025-03-25T04:16:05.955+0000] {processor.py:208} INFO - Processing /opt/airflow/dags/new_dag.py took 0.342 seconds
[2025-03-25T04:16:36.785+0000] {processor.py:186} INFO - Started process (PID=16287) to work on /opt/airflow/dags/new_dag.py
[2025-03-25T04:16:36.788+0000] {processor.py:914} INFO - Processing file /opt/airflow/dags/new_dag.py for tasks to queue
[2025-03-25T04:16:36.795+0000] {logging_mixin.py:190} INFO - [2025-03-25T04:16:36.794+0000] {dagbag.py:588} INFO - Filling up the DagBag from /opt/airflow/dags/new_dag.py
[2025-03-25T04:16:36.847+0000] {processor.py:925} INFO - DAG(s) 'new_dag' retrieved from /opt/airflow/dags/new_dag.py
[2025-03-25T04:16:37.223+0000] {logging_mixin.py:190} INFO - [2025-03-25T04:16:37.223+0000] {dag.py:3239} INFO - Sync 1 DAGs
[2025-03-25T04:16:37.251+0000] {logging_mixin.py:190} INFO - [2025-03-25T04:16:37.251+0000] {dag.py:4180} INFO - Setting next_dagrun for new_dag to 2024-11-22 00:00:00+00:00, run_after=2024-11-23 00:00:00+00:00
[2025-03-25T04:16:37.279+0000] {processor.py:208} INFO - Processing /opt/airflow/dags/new_dag.py took 0.518 seconds
[2025-03-25T04:17:07.482+0000] {processor.py:186} INFO - Started process (PID=16588) to work on /opt/airflow/dags/new_dag.py
[2025-03-25T04:17:07.483+0000] {processor.py:914} INFO - Processing file /opt/airflow/dags/new_dag.py for tasks to queue
[2025-03-25T04:17:07.487+0000] {logging_mixin.py:190} INFO - [2025-03-25T04:17:07.486+0000] {dagbag.py:588} INFO - Filling up the DagBag from /opt/airflow/dags/new_dag.py
[2025-03-25T04:17:07.518+0000] {processor.py:925} INFO - DAG(s) 'new_dag' retrieved from /opt/airflow/dags/new_dag.py
[2025-03-25T04:17:07.552+0000] {logging_mixin.py:190} INFO - [2025-03-25T04:17:07.551+0000] {dag.py:3239} INFO - Sync 1 DAGs
[2025-03-25T04:17:07.577+0000] {logging_mixin.py:190} INFO - [2025-03-25T04:17:07.577+0000] {dag.py:4180} INFO - Setting next_dagrun for new_dag to 2024-11-22 00:00:00+00:00, run_after=2024-11-23 00:00:00+00:00
[2025-03-25T04:17:07.605+0000] {processor.py:208} INFO - Processing /opt/airflow/dags/new_dag.py took 0.132 seconds
[2025-03-25T04:17:38.257+0000] {processor.py:186} INFO - Started process (PID=16889) to work on /opt/airflow/dags/new_dag.py
[2025-03-25T04:17:38.258+0000] {processor.py:914} INFO - Processing file /opt/airflow/dags/new_dag.py for tasks to queue
[2025-03-25T04:17:38.261+0000] {logging_mixin.py:190} INFO - [2025-03-25T04:17:38.260+0000] {dagbag.py:588} INFO - Filling up the DagBag from /opt/airflow/dags/new_dag.py
[2025-03-25T04:17:38.278+0000] {processor.py:925} INFO - DAG(s) 'new_dag' retrieved from /opt/airflow/dags/new_dag.py
[2025-03-25T04:17:38.301+0000] {logging_mixin.py:190} INFO - [2025-03-25T04:17:38.301+0000] {dag.py:3239} INFO - Sync 1 DAGs
[2025-03-25T04:17:38.336+0000] {logging_mixin.py:190} INFO - [2025-03-25T04:17:38.336+0000] {dag.py:4180} INFO - Setting next_dagrun for new_dag to 2024-11-22 00:00:00+00:00, run_after=2024-11-23 00:00:00+00:00
[2025-03-25T04:17:38.367+0000] {processor.py:208} INFO - Processing /opt/airflow/dags/new_dag.py took 0.116 seconds
[2025-03-25T04:18:08.838+0000] {processor.py:186} INFO - Started process (PID=17190) to work on /opt/airflow/dags/new_dag.py
[2025-03-25T04:18:08.839+0000] {processor.py:914} INFO - Processing file /opt/airflow/dags/new_dag.py for tasks to queue
[2025-03-25T04:18:08.844+0000] {logging_mixin.py:190} INFO - [2025-03-25T04:18:08.843+0000] {dagbag.py:588} INFO - Filling up the DagBag from /opt/airflow/dags/new_dag.py
[2025-03-25T04:18:08.873+0000] {processor.py:925} INFO - DAG(s) 'new_dag' retrieved from /opt/airflow/dags/new_dag.py
[2025-03-25T04:18:08.915+0000] {logging_mixin.py:190} INFO - [2025-03-25T04:18:08.914+0000] {dag.py:3239} INFO - Sync 1 DAGs
[2025-03-25T04:18:08.963+0000] {logging_mixin.py:190} INFO - [2025-03-25T04:18:08.963+0000] {dag.py:4180} INFO - Setting next_dagrun for new_dag to 2024-11-22 00:00:00+00:00, run_after=2024-11-23 00:00:00+00:00
[2025-03-25T04:18:08.998+0000] {processor.py:208} INFO - Processing /opt/airflow/dags/new_dag.py took 0.166 seconds
[2025-03-25T04:18:39.298+0000] {processor.py:186} INFO - Started process (PID=17491) to work on /opt/airflow/dags/new_dag.py
[2025-03-25T04:18:39.299+0000] {processor.py:914} INFO - Processing file /opt/airflow/dags/new_dag.py for tasks to queue
[2025-03-25T04:18:39.302+0000] {logging_mixin.py:190} INFO - [2025-03-25T04:18:39.301+0000] {dagbag.py:588} INFO - Filling up the DagBag from /opt/airflow/dags/new_dag.py
[2025-03-25T04:18:39.329+0000] {processor.py:925} INFO - DAG(s) 'new_dag' retrieved from /opt/airflow/dags/new_dag.py
[2025-03-25T04:18:39.361+0000] {logging_mixin.py:190} INFO - [2025-03-25T04:18:39.360+0000] {dag.py:3239} INFO - Sync 1 DAGs
[2025-03-25T04:18:39.396+0000] {logging_mixin.py:190} INFO - [2025-03-25T04:18:39.396+0000] {dag.py:4180} INFO - Setting next_dagrun for new_dag to 2024-11-22 00:00:00+00:00, run_after=2024-11-23 00:00:00+00:00
[2025-03-25T04:18:39.428+0000] {processor.py:208} INFO - Processing /opt/airflow/dags/new_dag.py took 0.137 seconds
[2025-03-25T04:19:10.411+0000] {processor.py:186} INFO - Started process (PID=17792) to work on /opt/airflow/dags/new_dag.py
[2025-03-25T04:19:10.413+0000] {processor.py:914} INFO - Processing file /opt/airflow/dags/new_dag.py for tasks to queue
[2025-03-25T04:19:10.415+0000] {logging_mixin.py:190} INFO - [2025-03-25T04:19:10.415+0000] {dagbag.py:588} INFO - Filling up the DagBag from /opt/airflow/dags/new_dag.py
[2025-03-25T04:19:10.437+0000] {processor.py:925} INFO - DAG(s) 'new_dag' retrieved from /opt/airflow/dags/new_dag.py
[2025-03-25T04:19:10.462+0000] {logging_mixin.py:190} INFO - [2025-03-25T04:19:10.461+0000] {dag.py:3239} INFO - Sync 1 DAGs
[2025-03-25T04:19:10.486+0000] {logging_mixin.py:190} INFO - [2025-03-25T04:19:10.485+0000] {dag.py:4180} INFO - Setting next_dagrun for new_dag to 2024-11-22 00:00:00+00:00, run_after=2024-11-23 00:00:00+00:00
[2025-03-25T04:19:10.506+0000] {processor.py:208} INFO - Processing /opt/airflow/dags/new_dag.py took 0.102 seconds
[2025-03-25T04:19:41.291+0000] {processor.py:186} INFO - Started process (PID=18083) to work on /opt/airflow/dags/new_dag.py
[2025-03-25T04:19:41.293+0000] {processor.py:914} INFO - Processing file /opt/airflow/dags/new_dag.py for tasks to queue
[2025-03-25T04:19:41.297+0000] {logging_mixin.py:190} INFO - [2025-03-25T04:19:41.297+0000] {dagbag.py:588} INFO - Filling up the DagBag from /opt/airflow/dags/new_dag.py
[2025-03-25T04:19:41.327+0000] {processor.py:925} INFO - DAG(s) 'new_dag' retrieved from /opt/airflow/dags/new_dag.py
[2025-03-25T04:19:41.360+0000] {logging_mixin.py:190} INFO - [2025-03-25T04:19:41.360+0000] {dag.py:3239} INFO - Sync 1 DAGs
[2025-03-25T04:19:41.384+0000] {logging_mixin.py:190} INFO - [2025-03-25T04:19:41.384+0000] {dag.py:4180} INFO - Setting next_dagrun for new_dag to 2024-11-22 00:00:00+00:00, run_after=2024-11-23 00:00:00+00:00
[2025-03-25T04:19:41.402+0000] {processor.py:208} INFO - Processing /opt/airflow/dags/new_dag.py took 0.120 seconds
[2025-03-25T04:20:12.308+0000] {processor.py:186} INFO - Started process (PID=18384) to work on /opt/airflow/dags/new_dag.py
[2025-03-25T04:20:12.309+0000] {processor.py:914} INFO - Processing file /opt/airflow/dags/new_dag.py for tasks to queue
[2025-03-25T04:20:12.311+0000] {logging_mixin.py:190} INFO - [2025-03-25T04:20:12.311+0000] {dagbag.py:588} INFO - Filling up the DagBag from /opt/airflow/dags/new_dag.py
[2025-03-25T04:20:12.330+0000] {processor.py:925} INFO - DAG(s) 'new_dag' retrieved from /opt/airflow/dags/new_dag.py
[2025-03-25T04:20:12.355+0000] {logging_mixin.py:190} INFO - [2025-03-25T04:20:12.355+0000] {dag.py:3239} INFO - Sync 1 DAGs
[2025-03-25T04:20:12.378+0000] {logging_mixin.py:190} INFO - [2025-03-25T04:20:12.378+0000] {dag.py:4180} INFO - Setting next_dagrun for new_dag to 2024-11-22 00:00:00+00:00, run_after=2024-11-23 00:00:00+00:00
[2025-03-25T04:20:12.398+0000] {processor.py:208} INFO - Processing /opt/airflow/dags/new_dag.py took 0.098 seconds
[2025-03-25T04:20:42.515+0000] {processor.py:186} INFO - Started process (PID=18645) to work on /opt/airflow/dags/new_dag.py
[2025-03-25T04:20:42.516+0000] {processor.py:914} INFO - Processing file /opt/airflow/dags/new_dag.py for tasks to queue
[2025-03-25T04:20:42.518+0000] {logging_mixin.py:190} INFO - [2025-03-25T04:20:42.518+0000] {dagbag.py:588} INFO - Filling up the DagBag from /opt/airflow/dags/new_dag.py
[2025-03-25T04:20:42.536+0000] {processor.py:925} INFO - DAG(s) 'new_dag' retrieved from /opt/airflow/dags/new_dag.py
[2025-03-25T04:20:42.561+0000] {logging_mixin.py:190} INFO - [2025-03-25T04:20:42.561+0000] {dag.py:3239} INFO - Sync 1 DAGs
[2025-03-25T04:20:42.586+0000] {logging_mixin.py:190} INFO - [2025-03-25T04:20:42.586+0000] {dag.py:4180} INFO - Setting next_dagrun for new_dag to 2024-11-22 00:00:00+00:00, run_after=2024-11-23 00:00:00+00:00
[2025-03-25T04:20:42.617+0000] {processor.py:208} INFO - Processing /opt/airflow/dags/new_dag.py took 0.109 seconds
[2025-03-25T04:21:13.905+0000] {processor.py:186} INFO - Started process (PID=18946) to work on /opt/airflow/dags/new_dag.py
[2025-03-25T04:21:13.906+0000] {processor.py:914} INFO - Processing file /opt/airflow/dags/new_dag.py for tasks to queue
[2025-03-25T04:21:13.909+0000] {logging_mixin.py:190} INFO - [2025-03-25T04:21:13.909+0000] {dagbag.py:588} INFO - Filling up the DagBag from /opt/airflow/dags/new_dag.py
[2025-03-25T04:21:13.944+0000] {processor.py:925} INFO - DAG(s) 'new_dag' retrieved from /opt/airflow/dags/new_dag.py
[2025-03-25T04:21:13.969+0000] {logging_mixin.py:190} INFO - [2025-03-25T04:21:13.968+0000] {dag.py:3239} INFO - Sync 1 DAGs
[2025-03-25T04:21:13.995+0000] {logging_mixin.py:190} INFO - [2025-03-25T04:21:13.995+0000] {dag.py:4180} INFO - Setting next_dagrun for new_dag to 2024-11-22 00:00:00+00:00, run_after=2024-11-23 00:00:00+00:00
[2025-03-25T04:21:14.014+0000] {processor.py:208} INFO - Processing /opt/airflow/dags/new_dag.py took 0.117 seconds
[2025-03-25T04:21:44.661+0000] {processor.py:186} INFO - Started process (PID=19247) to work on /opt/airflow/dags/new_dag.py
[2025-03-25T04:21:44.662+0000] {processor.py:914} INFO - Processing file /opt/airflow/dags/new_dag.py for tasks to queue
[2025-03-25T04:21:44.666+0000] {logging_mixin.py:190} INFO - [2025-03-25T04:21:44.665+0000] {dagbag.py:588} INFO - Filling up the DagBag from /opt/airflow/dags/new_dag.py
[2025-03-25T04:21:44.699+0000] {processor.py:925} INFO - DAG(s) 'new_dag' retrieved from /opt/airflow/dags/new_dag.py
[2025-03-25T04:21:44.746+0000] {logging_mixin.py:190} INFO - [2025-03-25T04:21:44.745+0000] {dag.py:3239} INFO - Sync 1 DAGs
[2025-03-25T04:21:44.792+0000] {logging_mixin.py:190} INFO - [2025-03-25T04:21:44.791+0000] {dag.py:4180} INFO - Setting next_dagrun for new_dag to 2024-11-22 00:00:00+00:00, run_after=2024-11-23 00:00:00+00:00
[2025-03-25T04:21:44.832+0000] {processor.py:208} INFO - Processing /opt/airflow/dags/new_dag.py took 0.182 seconds
[2025-03-25T04:22:15.458+0000] {processor.py:186} INFO - Started process (PID=19548) to work on /opt/airflow/dags/new_dag.py
[2025-03-25T04:22:15.463+0000] {processor.py:914} INFO - Processing file /opt/airflow/dags/new_dag.py for tasks to queue
[2025-03-25T04:22:15.484+0000] {logging_mixin.py:190} INFO - [2025-03-25T04:22:15.483+0000] {dagbag.py:588} INFO - Filling up the DagBag from /opt/airflow/dags/new_dag.py
[2025-03-25T04:22:15.514+0000] {processor.py:925} INFO - DAG(s) 'new_dag' retrieved from /opt/airflow/dags/new_dag.py
[2025-03-25T04:22:15.551+0000] {logging_mixin.py:190} INFO - [2025-03-25T04:22:15.550+0000] {dag.py:3239} INFO - Sync 1 DAGs
[2025-03-25T04:22:15.587+0000] {logging_mixin.py:190} INFO - [2025-03-25T04:22:15.586+0000] {dag.py:4180} INFO - Setting next_dagrun for new_dag to 2024-11-22 00:00:00+00:00, run_after=2024-11-23 00:00:00+00:00
[2025-03-25T04:22:15.613+0000] {processor.py:208} INFO - Processing /opt/airflow/dags/new_dag.py took 0.182 seconds
[2025-03-25T04:22:45.899+0000] {processor.py:186} INFO - Started process (PID=19849) to work on /opt/airflow/dags/new_dag.py
[2025-03-25T04:22:45.901+0000] {processor.py:914} INFO - Processing file /opt/airflow/dags/new_dag.py for tasks to queue
[2025-03-25T04:22:45.906+0000] {logging_mixin.py:190} INFO - [2025-03-25T04:22:45.906+0000] {dagbag.py:588} INFO - Filling up the DagBag from /opt/airflow/dags/new_dag.py
[2025-03-25T04:22:45.943+0000] {processor.py:925} INFO - DAG(s) 'new_dag' retrieved from /opt/airflow/dags/new_dag.py
[2025-03-25T04:22:45.980+0000] {logging_mixin.py:190} INFO - [2025-03-25T04:22:45.980+0000] {dag.py:3239} INFO - Sync 1 DAGs
[2025-03-25T04:22:46.029+0000] {logging_mixin.py:190} INFO - [2025-03-25T04:22:46.028+0000] {dag.py:4180} INFO - Setting next_dagrun for new_dag to 2024-11-22 00:00:00+00:00, run_after=2024-11-23 00:00:00+00:00
[2025-03-25T04:22:46.064+0000] {processor.py:208} INFO - Processing /opt/airflow/dags/new_dag.py took 0.174 seconds
[2025-03-25T04:23:17.459+0000] {processor.py:186} INFO - Started process (PID=20150) to work on /opt/airflow/dags/new_dag.py
[2025-03-25T04:23:17.460+0000] {processor.py:914} INFO - Processing file /opt/airflow/dags/new_dag.py for tasks to queue
[2025-03-25T04:23:17.463+0000] {logging_mixin.py:190} INFO - [2025-03-25T04:23:17.463+0000] {dagbag.py:588} INFO - Filling up the DagBag from /opt/airflow/dags/new_dag.py
[2025-03-25T04:23:17.485+0000] {processor.py:925} INFO - DAG(s) 'new_dag' retrieved from /opt/airflow/dags/new_dag.py
[2025-03-25T04:23:17.506+0000] {logging_mixin.py:190} INFO - [2025-03-25T04:23:17.506+0000] {dag.py:3239} INFO - Sync 1 DAGs
[2025-03-25T04:23:17.535+0000] {logging_mixin.py:190} INFO - [2025-03-25T04:23:17.535+0000] {dag.py:4180} INFO - Setting next_dagrun for new_dag to 2024-11-22 00:00:00+00:00, run_after=2024-11-23 00:00:00+00:00
[2025-03-25T04:23:17.558+0000] {processor.py:208} INFO - Processing /opt/airflow/dags/new_dag.py took 0.105 seconds
[2025-03-25T04:23:50.258+0000] {processor.py:186} INFO - Started process (PID=20451) to work on /opt/airflow/dags/new_dag.py
[2025-03-25T04:23:50.258+0000] {processor.py:914} INFO - Processing file /opt/airflow/dags/new_dag.py for tasks to queue
[2025-03-25T04:23:50.261+0000] {logging_mixin.py:190} INFO - [2025-03-25T04:23:50.260+0000] {dagbag.py:588} INFO - Filling up the DagBag from /opt/airflow/dags/new_dag.py
[2025-03-25T04:23:50.279+0000] {processor.py:925} INFO - DAG(s) 'new_dag' retrieved from /opt/airflow/dags/new_dag.py
[2025-03-25T04:23:50.306+0000] {logging_mixin.py:190} INFO - [2025-03-25T04:23:50.305+0000] {dag.py:3239} INFO - Sync 1 DAGs
[2025-03-25T04:23:50.333+0000] {logging_mixin.py:190} INFO - [2025-03-25T04:23:50.333+0000] {dag.py:4180} INFO - Setting next_dagrun for new_dag to 2024-11-22 00:00:00+00:00, run_after=2024-11-23 00:00:00+00:00
[2025-03-25T04:23:50.358+0000] {processor.py:208} INFO - Processing /opt/airflow/dags/new_dag.py took 0.108 seconds
[2025-03-25T04:24:21.487+0000] {processor.py:186} INFO - Started process (PID=20753) to work on /opt/airflow/dags/new_dag.py
[2025-03-25T04:24:21.488+0000] {processor.py:914} INFO - Processing file /opt/airflow/dags/new_dag.py for tasks to queue
[2025-03-25T04:24:21.491+0000] {logging_mixin.py:190} INFO - [2025-03-25T04:24:21.490+0000] {dagbag.py:588} INFO - Filling up the DagBag from /opt/airflow/dags/new_dag.py
[2025-03-25T04:24:21.507+0000] {processor.py:925} INFO - DAG(s) 'new_dag' retrieved from /opt/airflow/dags/new_dag.py
[2025-03-25T04:24:21.529+0000] {logging_mixin.py:190} INFO - [2025-03-25T04:24:21.528+0000] {dag.py:3239} INFO - Sync 1 DAGs
[2025-03-25T04:24:21.558+0000] {logging_mixin.py:190} INFO - [2025-03-25T04:24:21.558+0000] {dag.py:4180} INFO - Setting next_dagrun for new_dag to 2024-11-22 00:00:00+00:00, run_after=2024-11-23 00:00:00+00:00
[2025-03-25T04:24:21.587+0000] {processor.py:208} INFO - Processing /opt/airflow/dags/new_dag.py took 0.106 seconds
[2025-03-25T04:24:52.370+0000] {processor.py:186} INFO - Started process (PID=21054) to work on /opt/airflow/dags/new_dag.py
[2025-03-25T04:24:52.371+0000] {processor.py:914} INFO - Processing file /opt/airflow/dags/new_dag.py for tasks to queue
[2025-03-25T04:24:52.373+0000] {logging_mixin.py:190} INFO - [2025-03-25T04:24:52.373+0000] {dagbag.py:588} INFO - Filling up the DagBag from /opt/airflow/dags/new_dag.py
[2025-03-25T04:24:52.393+0000] {processor.py:925} INFO - DAG(s) 'new_dag' retrieved from /opt/airflow/dags/new_dag.py
[2025-03-25T04:24:52.417+0000] {logging_mixin.py:190} INFO - [2025-03-25T04:24:52.417+0000] {dag.py:3239} INFO - Sync 1 DAGs
[2025-03-25T04:24:52.446+0000] {logging_mixin.py:190} INFO - [2025-03-25T04:24:52.445+0000] {dag.py:4180} INFO - Setting next_dagrun for new_dag to 2024-11-22 00:00:00+00:00, run_after=2024-11-23 00:00:00+00:00
[2025-03-25T04:24:52.471+0000] {processor.py:208} INFO - Processing /opt/airflow/dags/new_dag.py took 0.109 seconds
[2025-03-25T04:25:22.785+0000] {processor.py:186} INFO - Started process (PID=21355) to work on /opt/airflow/dags/new_dag.py
[2025-03-25T04:25:22.787+0000] {processor.py:914} INFO - Processing file /opt/airflow/dags/new_dag.py for tasks to queue
[2025-03-25T04:25:22.796+0000] {logging_mixin.py:190} INFO - [2025-03-25T04:25:22.794+0000] {dagbag.py:588} INFO - Filling up the DagBag from /opt/airflow/dags/new_dag.py
[2025-03-25T04:25:22.820+0000] {processor.py:925} INFO - DAG(s) 'new_dag' retrieved from /opt/airflow/dags/new_dag.py
[2025-03-25T04:25:22.850+0000] {logging_mixin.py:190} INFO - [2025-03-25T04:25:22.850+0000] {dag.py:3239} INFO - Sync 1 DAGs
[2025-03-25T04:25:22.887+0000] {logging_mixin.py:190} INFO - [2025-03-25T04:25:22.886+0000] {dag.py:4180} INFO - Setting next_dagrun for new_dag to 2024-11-22 00:00:00+00:00, run_after=2024-11-23 00:00:00+00:00
[2025-03-25T04:25:22.916+0000] {processor.py:208} INFO - Processing /opt/airflow/dags/new_dag.py took 0.139 seconds
[2025-03-25T04:25:53.737+0000] {processor.py:186} INFO - Started process (PID=21660) to work on /opt/airflow/dags/new_dag.py
[2025-03-25T04:25:53.746+0000] {processor.py:914} INFO - Processing file /opt/airflow/dags/new_dag.py for tasks to queue
[2025-03-25T04:25:53.753+0000] {logging_mixin.py:190} INFO - [2025-03-25T04:25:53.752+0000] {dagbag.py:588} INFO - Filling up the DagBag from /opt/airflow/dags/new_dag.py
[2025-03-25T04:25:53.909+0000] {processor.py:925} INFO - DAG(s) 'new_dag' retrieved from /opt/airflow/dags/new_dag.py
[2025-03-25T04:25:54.150+0000] {logging_mixin.py:190} INFO - [2025-03-25T04:25:54.149+0000] {dag.py:3239} INFO - Sync 1 DAGs
[2025-03-25T04:25:54.314+0000] {logging_mixin.py:190} INFO - [2025-03-25T04:25:54.313+0000] {dag.py:4180} INFO - Setting next_dagrun for new_dag to 2024-11-22 00:00:00+00:00, run_after=2024-11-23 00:00:00+00:00
[2025-03-25T04:25:54.390+0000] {processor.py:208} INFO - Processing /opt/airflow/dags/new_dag.py took 0.665 seconds
[2025-03-25T04:26:25.531+0000] {processor.py:186} INFO - Started process (PID=21962) to work on /opt/airflow/dags/new_dag.py
[2025-03-25T04:26:25.533+0000] {processor.py:914} INFO - Processing file /opt/airflow/dags/new_dag.py for tasks to queue
[2025-03-25T04:26:25.538+0000] {logging_mixin.py:190} INFO - [2025-03-25T04:26:25.537+0000] {dagbag.py:588} INFO - Filling up the DagBag from /opt/airflow/dags/new_dag.py
[2025-03-25T04:26:25.562+0000] {processor.py:925} INFO - DAG(s) 'new_dag' retrieved from /opt/airflow/dags/new_dag.py
[2025-03-25T04:26:25.593+0000] {logging_mixin.py:190} INFO - [2025-03-25T04:26:25.592+0000] {dag.py:3239} INFO - Sync 1 DAGs
[2025-03-25T04:26:25.621+0000] {logging_mixin.py:190} INFO - [2025-03-25T04:26:25.621+0000] {dag.py:4180} INFO - Setting next_dagrun for new_dag to 2024-11-22 00:00:00+00:00, run_after=2024-11-23 00:00:00+00:00
[2025-03-25T04:26:25.661+0000] {processor.py:208} INFO - Processing /opt/airflow/dags/new_dag.py took 0.136 seconds
[2025-03-25T04:26:56.531+0000] {processor.py:186} INFO - Started process (PID=22263) to work on /opt/airflow/dags/new_dag.py
[2025-03-25T04:26:56.532+0000] {processor.py:914} INFO - Processing file /opt/airflow/dags/new_dag.py for tasks to queue
[2025-03-25T04:26:56.534+0000] {logging_mixin.py:190} INFO - [2025-03-25T04:26:56.534+0000] {dagbag.py:588} INFO - Filling up the DagBag from /opt/airflow/dags/new_dag.py
[2025-03-25T04:26:56.555+0000] {processor.py:925} INFO - DAG(s) 'new_dag' retrieved from /opt/airflow/dags/new_dag.py
[2025-03-25T04:26:56.578+0000] {logging_mixin.py:190} INFO - [2025-03-25T04:26:56.578+0000] {dag.py:3239} INFO - Sync 1 DAGs
[2025-03-25T04:26:56.607+0000] {logging_mixin.py:190} INFO - [2025-03-25T04:26:56.607+0000] {dag.py:4180} INFO - Setting next_dagrun for new_dag to 2024-11-22 00:00:00+00:00, run_after=2024-11-23 00:00:00+00:00
[2025-03-25T04:26:56.629+0000] {processor.py:208} INFO - Processing /opt/airflow/dags/new_dag.py took 0.104 seconds
[2025-03-25T04:27:27.548+0000] {processor.py:186} INFO - Started process (PID=22571) to work on /opt/airflow/dags/new_dag.py
[2025-03-25T04:27:27.549+0000] {processor.py:914} INFO - Processing file /opt/airflow/dags/new_dag.py for tasks to queue
[2025-03-25T04:27:27.554+0000] {logging_mixin.py:190} INFO - [2025-03-25T04:27:27.554+0000] {dagbag.py:588} INFO - Filling up the DagBag from /opt/airflow/dags/new_dag.py
[2025-03-25T04:27:27.578+0000] {processor.py:925} INFO - DAG(s) 'new_dag' retrieved from /opt/airflow/dags/new_dag.py
[2025-03-25T04:27:27.602+0000] {logging_mixin.py:190} INFO - [2025-03-25T04:27:27.602+0000] {dag.py:3239} INFO - Sync 1 DAGs
[2025-03-25T04:27:27.629+0000] {logging_mixin.py:190} INFO - [2025-03-25T04:27:27.629+0000] {dag.py:4180} INFO - Setting next_dagrun for new_dag to 2024-11-22 00:00:00+00:00, run_after=2024-11-23 00:00:00+00:00
[2025-03-25T04:27:27.651+0000] {processor.py:208} INFO - Processing /opt/airflow/dags/new_dag.py took 0.113 seconds
[2025-03-25T04:28:00.400+0000] {processor.py:186} INFO - Started process (PID=22882) to work on /opt/airflow/dags/new_dag.py
[2025-03-25T04:28:00.400+0000] {processor.py:914} INFO - Processing file /opt/airflow/dags/new_dag.py for tasks to queue
[2025-03-25T04:28:00.403+0000] {logging_mixin.py:190} INFO - [2025-03-25T04:28:00.402+0000] {dagbag.py:588} INFO - Filling up the DagBag from /opt/airflow/dags/new_dag.py
[2025-03-25T04:28:00.424+0000] {processor.py:925} INFO - DAG(s) 'new_dag' retrieved from /opt/airflow/dags/new_dag.py
[2025-03-25T04:28:00.457+0000] {logging_mixin.py:190} INFO - [2025-03-25T04:28:00.456+0000] {dag.py:3239} INFO - Sync 1 DAGs
[2025-03-25T04:28:00.486+0000] {logging_mixin.py:190} INFO - [2025-03-25T04:28:00.486+0000] {dag.py:4180} INFO - Setting next_dagrun for new_dag to 2024-11-22 00:00:00+00:00, run_after=2024-11-23 00:00:00+00:00
[2025-03-25T04:28:00.517+0000] {processor.py:208} INFO - Processing /opt/airflow/dags/new_dag.py took 0.123 seconds
[2025-03-25T04:28:30.735+0000] {processor.py:186} INFO - Started process (PID=23183) to work on /opt/airflow/dags/new_dag.py
[2025-03-25T04:28:30.737+0000] {processor.py:914} INFO - Processing file /opt/airflow/dags/new_dag.py for tasks to queue
[2025-03-25T04:28:30.742+0000] {logging_mixin.py:190} INFO - [2025-03-25T04:28:30.741+0000] {dagbag.py:588} INFO - Filling up the DagBag from /opt/airflow/dags/new_dag.py
[2025-03-25T04:28:30.776+0000] {processor.py:925} INFO - DAG(s) 'new_dag' retrieved from /opt/airflow/dags/new_dag.py
[2025-03-25T04:28:30.809+0000] {logging_mixin.py:190} INFO - [2025-03-25T04:28:30.809+0000] {dag.py:3239} INFO - Sync 1 DAGs
[2025-03-25T04:28:30.838+0000] {logging_mixin.py:190} INFO - [2025-03-25T04:28:30.838+0000] {dag.py:4180} INFO - Setting next_dagrun for new_dag to 2024-11-22 00:00:00+00:00, run_after=2024-11-23 00:00:00+00:00
[2025-03-25T04:28:30.862+0000] {processor.py:208} INFO - Processing /opt/airflow/dags/new_dag.py took 0.140 seconds
[2025-03-25T04:29:01.868+0000] {processor.py:186} INFO - Started process (PID=23484) to work on /opt/airflow/dags/new_dag.py
[2025-03-25T04:29:01.869+0000] {processor.py:914} INFO - Processing file /opt/airflow/dags/new_dag.py for tasks to queue
[2025-03-25T04:29:01.872+0000] {logging_mixin.py:190} INFO - [2025-03-25T04:29:01.871+0000] {dagbag.py:588} INFO - Filling up the DagBag from /opt/airflow/dags/new_dag.py
[2025-03-25T04:29:01.896+0000] {processor.py:925} INFO - DAG(s) 'new_dag' retrieved from /opt/airflow/dags/new_dag.py
[2025-03-25T04:29:01.926+0000] {logging_mixin.py:190} INFO - [2025-03-25T04:29:01.926+0000] {dag.py:3239} INFO - Sync 1 DAGs
[2025-03-25T04:29:01.955+0000] {logging_mixin.py:190} INFO - [2025-03-25T04:29:01.954+0000] {dag.py:4180} INFO - Setting next_dagrun for new_dag to 2024-11-22 00:00:00+00:00, run_after=2024-11-23 00:00:00+00:00
[2025-03-25T04:29:01.979+0000] {processor.py:208} INFO - Processing /opt/airflow/dags/new_dag.py took 0.117 seconds
[2025-03-25T04:29:32.387+0000] {processor.py:186} INFO - Started process (PID=23785) to work on /opt/airflow/dags/new_dag.py
[2025-03-25T04:29:32.388+0000] {processor.py:914} INFO - Processing file /opt/airflow/dags/new_dag.py for tasks to queue
[2025-03-25T04:29:32.392+0000] {logging_mixin.py:190} INFO - [2025-03-25T04:29:32.392+0000] {dagbag.py:588} INFO - Filling up the DagBag from /opt/airflow/dags/new_dag.py
[2025-03-25T04:29:32.421+0000] {processor.py:925} INFO - DAG(s) 'new_dag' retrieved from /opt/airflow/dags/new_dag.py
[2025-03-25T04:29:32.453+0000] {logging_mixin.py:190} INFO - [2025-03-25T04:29:32.453+0000] {dag.py:3239} INFO - Sync 1 DAGs
[2025-03-25T04:29:32.493+0000] {logging_mixin.py:190} INFO - [2025-03-25T04:29:32.492+0000] {dag.py:4180} INFO - Setting next_dagrun for new_dag to 2024-11-22 00:00:00+00:00, run_after=2024-11-23 00:00:00+00:00
[2025-03-25T04:29:32.530+0000] {processor.py:208} INFO - Processing /opt/airflow/dags/new_dag.py took 0.154 seconds
[2025-03-25T04:30:03.199+0000] {processor.py:186} INFO - Started process (PID=24086) to work on /opt/airflow/dags/new_dag.py
[2025-03-25T04:30:03.200+0000] {processor.py:914} INFO - Processing file /opt/airflow/dags/new_dag.py for tasks to queue
[2025-03-25T04:30:03.203+0000] {logging_mixin.py:190} INFO - [2025-03-25T04:30:03.203+0000] {dagbag.py:588} INFO - Filling up the DagBag from /opt/airflow/dags/new_dag.py
[2025-03-25T04:30:03.223+0000] {processor.py:925} INFO - DAG(s) 'new_dag' retrieved from /opt/airflow/dags/new_dag.py
[2025-03-25T04:30:03.250+0000] {logging_mixin.py:190} INFO - [2025-03-25T04:30:03.250+0000] {dag.py:3239} INFO - Sync 1 DAGs
[2025-03-25T04:30:03.277+0000] {logging_mixin.py:190} INFO - [2025-03-25T04:30:03.276+0000] {dag.py:4180} INFO - Setting next_dagrun for new_dag to 2024-11-22 00:00:00+00:00, run_after=2024-11-23 00:00:00+00:00
[2025-03-25T04:30:03.303+0000] {processor.py:208} INFO - Processing /opt/airflow/dags/new_dag.py took 0.110 seconds
[2025-03-25T04:30:34.248+0000] {processor.py:186} INFO - Started process (PID=24397) to work on /opt/airflow/dags/new_dag.py
[2025-03-25T04:30:34.259+0000] {processor.py:914} INFO - Processing file /opt/airflow/dags/new_dag.py for tasks to queue
[2025-03-25T04:30:34.268+0000] {logging_mixin.py:190} INFO - [2025-03-25T04:30:34.267+0000] {dagbag.py:588} INFO - Filling up the DagBag from /opt/airflow/dags/new_dag.py
[2025-03-25T04:30:34.369+0000] {processor.py:925} INFO - DAG(s) 'new_dag' retrieved from /opt/airflow/dags/new_dag.py
[2025-03-25T04:30:34.414+0000] {logging_mixin.py:190} INFO - [2025-03-25T04:30:34.413+0000] {dag.py:3239} INFO - Sync 1 DAGs
[2025-03-25T04:30:34.498+0000] {logging_mixin.py:190} INFO - [2025-03-25T04:30:34.497+0000] {dag.py:4180} INFO - Setting next_dagrun for new_dag to 2024-11-22 00:00:00+00:00, run_after=2024-11-23 00:00:00+00:00
[2025-03-25T04:30:34.586+0000] {processor.py:208} INFO - Processing /opt/airflow/dags/new_dag.py took 0.363 seconds
[2025-03-25T04:31:04.851+0000] {processor.py:186} INFO - Started process (PID=24703) to work on /opt/airflow/dags/new_dag.py
[2025-03-25T04:31:04.853+0000] {processor.py:914} INFO - Processing file /opt/airflow/dags/new_dag.py for tasks to queue
[2025-03-25T04:31:04.859+0000] {logging_mixin.py:190} INFO - [2025-03-25T04:31:04.858+0000] {dagbag.py:588} INFO - Filling up the DagBag from /opt/airflow/dags/new_dag.py
[2025-03-25T04:31:04.882+0000] {processor.py:925} INFO - DAG(s) 'new_dag' retrieved from /opt/airflow/dags/new_dag.py
[2025-03-25T04:31:04.918+0000] {logging_mixin.py:190} INFO - [2025-03-25T04:31:04.917+0000] {dag.py:3239} INFO - Sync 1 DAGs
[2025-03-25T04:31:04.954+0000] {logging_mixin.py:190} INFO - [2025-03-25T04:31:04.954+0000] {dag.py:4180} INFO - Setting next_dagrun for new_dag to 2024-11-22 00:00:00+00:00, run_after=2024-11-23 00:00:00+00:00
[2025-03-25T04:31:05.023+0000] {processor.py:208} INFO - Processing /opt/airflow/dags/new_dag.py took 0.181 seconds
[2025-03-25T04:31:35.333+0000] {processor.py:186} INFO - Started process (PID=25012) to work on /opt/airflow/dags/new_dag.py
[2025-03-25T04:31:35.334+0000] {processor.py:914} INFO - Processing file /opt/airflow/dags/new_dag.py for tasks to queue
[2025-03-25T04:31:35.339+0000] {logging_mixin.py:190} INFO - [2025-03-25T04:31:35.338+0000] {dagbag.py:588} INFO - Filling up the DagBag from /opt/airflow/dags/new_dag.py
[2025-03-25T04:31:35.366+0000] {processor.py:925} INFO - DAG(s) 'new_dag' retrieved from /opt/airflow/dags/new_dag.py
[2025-03-25T04:31:35.407+0000] {logging_mixin.py:190} INFO - [2025-03-25T04:31:35.407+0000] {dag.py:3239} INFO - Sync 1 DAGs
[2025-03-25T04:31:35.489+0000] {logging_mixin.py:190} INFO - [2025-03-25T04:31:35.488+0000] {dag.py:4180} INFO - Setting next_dagrun for new_dag to 2024-11-22 00:00:00+00:00, run_after=2024-11-23 00:00:00+00:00
[2025-03-25T04:31:35.590+0000] {processor.py:208} INFO - Processing /opt/airflow/dags/new_dag.py took 0.264 seconds
[2025-03-25T04:32:06.037+0000] {processor.py:186} INFO - Started process (PID=25305) to work on /opt/airflow/dags/new_dag.py
[2025-03-25T04:32:06.038+0000] {processor.py:914} INFO - Processing file /opt/airflow/dags/new_dag.py for tasks to queue
[2025-03-25T04:32:06.040+0000] {logging_mixin.py:190} INFO - [2025-03-25T04:32:06.040+0000] {dagbag.py:588} INFO - Filling up the DagBag from /opt/airflow/dags/new_dag.py
[2025-03-25T04:32:06.086+0000] {processor.py:925} INFO - DAG(s) 'new_dag' retrieved from /opt/airflow/dags/new_dag.py
[2025-03-25T04:32:06.132+0000] {logging_mixin.py:190} INFO - [2025-03-25T04:32:06.131+0000] {dag.py:3239} INFO - Sync 1 DAGs
[2025-03-25T04:32:06.174+0000] {logging_mixin.py:190} INFO - [2025-03-25T04:32:06.173+0000] {dag.py:4180} INFO - Setting next_dagrun for new_dag to 2024-11-22 00:00:00+00:00, run_after=2024-11-23 00:00:00+00:00
[2025-03-25T04:32:06.202+0000] {processor.py:208} INFO - Processing /opt/airflow/dags/new_dag.py took 0.175 seconds
[2025-03-25T04:32:37.225+0000] {processor.py:186} INFO - Started process (PID=25611) to work on /opt/airflow/dags/new_dag.py
[2025-03-25T04:32:37.227+0000] {processor.py:914} INFO - Processing file /opt/airflow/dags/new_dag.py for tasks to queue
[2025-03-25T04:32:37.231+0000] {logging_mixin.py:190} INFO - [2025-03-25T04:32:37.230+0000] {dagbag.py:588} INFO - Filling up the DagBag from /opt/airflow/dags/new_dag.py
[2025-03-25T04:32:37.261+0000] {processor.py:925} INFO - DAG(s) 'new_dag' retrieved from /opt/airflow/dags/new_dag.py
[2025-03-25T04:32:37.293+0000] {logging_mixin.py:190} INFO - [2025-03-25T04:32:37.293+0000] {dag.py:3239} INFO - Sync 1 DAGs
[2025-03-25T04:32:37.322+0000] {logging_mixin.py:190} INFO - [2025-03-25T04:32:37.322+0000] {dag.py:4180} INFO - Setting next_dagrun for new_dag to 2024-11-22 00:00:00+00:00, run_after=2024-11-23 00:00:00+00:00
[2025-03-25T04:32:37.363+0000] {processor.py:208} INFO - Processing /opt/airflow/dags/new_dag.py took 0.151 seconds
[2025-03-25T04:33:07.659+0000] {processor.py:186} INFO - Started process (PID=25918) to work on /opt/airflow/dags/new_dag.py
[2025-03-25T04:33:07.660+0000] {processor.py:914} INFO - Processing file /opt/airflow/dags/new_dag.py for tasks to queue
[2025-03-25T04:33:07.662+0000] {logging_mixin.py:190} INFO - [2025-03-25T04:33:07.662+0000] {dagbag.py:588} INFO - Filling up the DagBag from /opt/airflow/dags/new_dag.py
[2025-03-25T04:33:07.683+0000] {processor.py:925} INFO - DAG(s) 'new_dag' retrieved from /opt/airflow/dags/new_dag.py
[2025-03-25T04:33:07.707+0000] {logging_mixin.py:190} INFO - [2025-03-25T04:33:07.706+0000] {dag.py:3239} INFO - Sync 1 DAGs
[2025-03-25T04:33:07.729+0000] {logging_mixin.py:190} INFO - [2025-03-25T04:33:07.728+0000] {dag.py:4180} INFO - Setting next_dagrun for new_dag to 2024-11-22 00:00:00+00:00, run_after=2024-11-23 00:00:00+00:00
[2025-03-25T04:33:07.750+0000] {processor.py:208} INFO - Processing /opt/airflow/dags/new_dag.py took 0.097 seconds
[2025-03-25T04:33:39.681+0000] {processor.py:186} INFO - Started process (PID=26217) to work on /opt/airflow/dags/new_dag.py
[2025-03-25T04:33:39.683+0000] {processor.py:914} INFO - Processing file /opt/airflow/dags/new_dag.py for tasks to queue
[2025-03-25T04:33:39.688+0000] {logging_mixin.py:190} INFO - [2025-03-25T04:33:39.687+0000] {dagbag.py:588} INFO - Filling up the DagBag from /opt/airflow/dags/new_dag.py
[2025-03-25T04:33:39.776+0000] {processor.py:925} INFO - DAG(s) 'new_dag' retrieved from /opt/airflow/dags/new_dag.py
[2025-03-25T04:33:39.845+0000] {logging_mixin.py:190} INFO - [2025-03-25T04:33:39.843+0000] {dag.py:3239} INFO - Sync 1 DAGs
[2025-03-25T04:33:39.958+0000] {logging_mixin.py:190} INFO - [2025-03-25T04:33:39.954+0000] {dag.py:4180} INFO - Setting next_dagrun for new_dag to 2024-11-22 00:00:00+00:00, run_after=2024-11-23 00:00:00+00:00
[2025-03-25T04:33:40.005+0000] {processor.py:208} INFO - Processing /opt/airflow/dags/new_dag.py took 0.338 seconds
[2025-03-25T04:34:10.911+0000] {processor.py:186} INFO - Started process (PID=26521) to work on /opt/airflow/dags/new_dag.py
[2025-03-25T04:34:10.917+0000] {processor.py:914} INFO - Processing file /opt/airflow/dags/new_dag.py for tasks to queue
[2025-03-25T04:34:10.925+0000] {logging_mixin.py:190} INFO - [2025-03-25T04:34:10.925+0000] {dagbag.py:588} INFO - Filling up the DagBag from /opt/airflow/dags/new_dag.py
[2025-03-25T04:34:10.966+0000] {processor.py:925} INFO - DAG(s) 'new_dag' retrieved from /opt/airflow/dags/new_dag.py
[2025-03-25T04:34:11.040+0000] {logging_mixin.py:190} INFO - [2025-03-25T04:34:11.031+0000] {dag.py:3239} INFO - Sync 1 DAGs
[2025-03-25T04:34:11.199+0000] {logging_mixin.py:190} INFO - [2025-03-25T04:34:11.198+0000] {dag.py:4180} INFO - Setting next_dagrun for new_dag to 2024-11-22 00:00:00+00:00, run_after=2024-11-23 00:00:00+00:00
[2025-03-25T04:34:11.333+0000] {processor.py:208} INFO - Processing /opt/airflow/dags/new_dag.py took 0.436 seconds
[2025-03-25T04:34:41.448+0000] {processor.py:186} INFO - Started process (PID=26825) to work on /opt/airflow/dags/new_dag.py
[2025-03-25T04:34:41.449+0000] {processor.py:914} INFO - Processing file /opt/airflow/dags/new_dag.py for tasks to queue
[2025-03-25T04:34:41.455+0000] {logging_mixin.py:190} INFO - [2025-03-25T04:34:41.454+0000] {dagbag.py:588} INFO - Filling up the DagBag from /opt/airflow/dags/new_dag.py
[2025-03-25T04:34:41.507+0000] {processor.py:925} INFO - DAG(s) 'new_dag' retrieved from /opt/airflow/dags/new_dag.py
[2025-03-25T04:34:41.552+0000] {logging_mixin.py:190} INFO - [2025-03-25T04:34:41.551+0000] {dag.py:3239} INFO - Sync 1 DAGs
[2025-03-25T04:34:41.599+0000] {logging_mixin.py:190} INFO - [2025-03-25T04:34:41.598+0000] {dag.py:4180} INFO - Setting next_dagrun for new_dag to 2024-11-22 00:00:00+00:00, run_after=2024-11-23 00:00:00+00:00
[2025-03-25T04:34:41.637+0000] {processor.py:208} INFO - Processing /opt/airflow/dags/new_dag.py took 0.197 seconds
[2025-03-25T04:35:11.892+0000] {processor.py:186} INFO - Started process (PID=27161) to work on /opt/airflow/dags/new_dag.py
[2025-03-25T04:35:11.894+0000] {processor.py:914} INFO - Processing file /opt/airflow/dags/new_dag.py for tasks to queue
[2025-03-25T04:35:11.897+0000] {logging_mixin.py:190} INFO - [2025-03-25T04:35:11.896+0000] {dagbag.py:588} INFO - Filling up the DagBag from /opt/airflow/dags/new_dag.py
[2025-03-25T04:35:11.919+0000] {processor.py:925} INFO - DAG(s) 'new_dag' retrieved from /opt/airflow/dags/new_dag.py
[2025-03-25T04:35:11.969+0000] {logging_mixin.py:190} INFO - [2025-03-25T04:35:11.968+0000] {dag.py:3239} INFO - Sync 1 DAGs
[2025-03-25T04:35:12.028+0000] {logging_mixin.py:190} INFO - [2025-03-25T04:35:12.027+0000] {dag.py:4180} INFO - Setting next_dagrun for new_dag to 2024-11-22 00:00:00+00:00, run_after=2024-11-23 00:00:00+00:00
[2025-03-25T04:35:12.060+0000] {processor.py:208} INFO - Processing /opt/airflow/dags/new_dag.py took 0.175 seconds
[2025-03-25T04:35:42.702+0000] {processor.py:186} INFO - Started process (PID=27464) to work on /opt/airflow/dags/new_dag.py
[2025-03-25T04:35:42.703+0000] {processor.py:914} INFO - Processing file /opt/airflow/dags/new_dag.py for tasks to queue
[2025-03-25T04:35:42.708+0000] {logging_mixin.py:190} INFO - [2025-03-25T04:35:42.707+0000] {dagbag.py:588} INFO - Filling up the DagBag from /opt/airflow/dags/new_dag.py
[2025-03-25T04:35:42.746+0000] {processor.py:925} INFO - DAG(s) 'new_dag' retrieved from /opt/airflow/dags/new_dag.py
[2025-03-25T04:35:42.771+0000] {logging_mixin.py:190} INFO - [2025-03-25T04:35:42.771+0000] {dag.py:3239} INFO - Sync 1 DAGs
[2025-03-25T04:35:42.801+0000] {logging_mixin.py:190} INFO - [2025-03-25T04:35:42.801+0000] {dag.py:4180} INFO - Setting next_dagrun for new_dag to 2024-11-22 00:00:00+00:00, run_after=2024-11-23 00:00:00+00:00
[2025-03-25T04:35:42.828+0000] {processor.py:208} INFO - Processing /opt/airflow/dags/new_dag.py took 0.141 seconds
[2025-03-25T04:36:13.686+0000] {processor.py:186} INFO - Started process (PID=27765) to work on /opt/airflow/dags/new_dag.py
[2025-03-25T04:36:13.695+0000] {processor.py:914} INFO - Processing file /opt/airflow/dags/new_dag.py for tasks to queue
[2025-03-25T04:36:13.706+0000] {logging_mixin.py:190} INFO - [2025-03-25T04:36:13.705+0000] {dagbag.py:588} INFO - Filling up the DagBag from /opt/airflow/dags/new_dag.py
[2025-03-25T04:36:13.829+0000] {processor.py:925} INFO - DAG(s) 'new_dag' retrieved from /opt/airflow/dags/new_dag.py
[2025-03-25T04:36:13.894+0000] {logging_mixin.py:190} INFO - [2025-03-25T04:36:13.894+0000] {dag.py:3239} INFO - Sync 1 DAGs
[2025-03-25T04:36:14.034+0000] {logging_mixin.py:190} INFO - [2025-03-25T04:36:14.033+0000] {dag.py:4180} INFO - Setting next_dagrun for new_dag to 2024-11-22 00:00:00+00:00, run_after=2024-11-23 00:00:00+00:00
[2025-03-25T04:36:14.114+0000] {processor.py:208} INFO - Processing /opt/airflow/dags/new_dag.py took 0.460 seconds
[2025-03-25T04:36:44.621+0000] {processor.py:186} INFO - Started process (PID=28066) to work on /opt/airflow/dags/new_dag.py
[2025-03-25T04:36:44.622+0000] {processor.py:914} INFO - Processing file /opt/airflow/dags/new_dag.py for tasks to queue
[2025-03-25T04:36:44.627+0000] {logging_mixin.py:190} INFO - [2025-03-25T04:36:44.626+0000] {dagbag.py:588} INFO - Filling up the DagBag from /opt/airflow/dags/new_dag.py
[2025-03-25T04:36:44.651+0000] {processor.py:925} INFO - DAG(s) 'new_dag' retrieved from /opt/airflow/dags/new_dag.py
[2025-03-25T04:36:44.680+0000] {logging_mixin.py:190} INFO - [2025-03-25T04:36:44.680+0000] {dag.py:3239} INFO - Sync 1 DAGs
[2025-03-25T04:36:44.712+0000] {logging_mixin.py:190} INFO - [2025-03-25T04:36:44.711+0000] {dag.py:4180} INFO - Setting next_dagrun for new_dag to 2024-11-22 00:00:00+00:00, run_after=2024-11-23 00:00:00+00:00
[2025-03-25T04:36:44.744+0000] {processor.py:208} INFO - Processing /opt/airflow/dags/new_dag.py took 0.134 seconds
