[2024-11-24T04:29:42.877+0000] {local_task_job_runner.py:123} INFO - ::group::Pre task execution logs
[2024-11-24T04:29:42.906+0000] {taskinstance.py:2613} INFO - Dependencies all met for dep_context=non-requeueable deps ti=<TaskInstance: api_to_postgresql_2.load_attendance_data manual__2024-11-23T11:09:01.750747+00:00 [queued]>
[2024-11-24T04:29:42.915+0000] {taskinstance.py:2613} INFO - Dependencies all met for dep_context=requeueable deps ti=<TaskInstance: api_to_postgresql_2.load_attendance_data manual__2024-11-23T11:09:01.750747+00:00 [queued]>
[2024-11-24T04:29:42.916+0000] {taskinstance.py:2866} INFO - Starting attempt 2 of 4
[2024-11-24T04:29:42.930+0000] {taskinstance.py:2889} INFO - Executing <Task(_PythonDecoratedOperator): load_attendance_data> on 2024-11-23 11:09:01.750747+00:00
[2024-11-24T04:29:42.941+0000] {logging_mixin.py:190} WARNING - /home/***/.local/lib/python3.12/site-packages/***/task/task_runner/standard_task_runner.py:70 DeprecationWarning: This process (pid=31843) is multi-threaded, use of fork() may lead to deadlocks in the child.
[2024-11-24T04:29:42.941+0000] {standard_task_runner.py:104} INFO - Running: ['***', 'tasks', 'run', 'api_to_postgresql_2', 'load_attendance_data', 'manual__2024-11-23T11:09:01.750747+00:00', '--job-id', '45', '--raw', '--subdir', 'DAGS_FOLDER/api_to_pgdatabase.py', '--cfg-path', '/tmp/tmpddp8f8xt']
[2024-11-24T04:29:42.943+0000] {standard_task_runner.py:72} INFO - Started process 31844 to run task
[2024-11-24T04:29:42.943+0000] {standard_task_runner.py:105} INFO - Job 45: Subtask load_attendance_data
[2024-11-24T04:29:42.998+0000] {task_command.py:467} INFO - Running <TaskInstance: api_to_postgresql_2.load_attendance_data manual__2024-11-23T11:09:01.750747+00:00 [running]> on host 91b3e7b0f6a8
[2024-11-24T04:29:43.115+0000] {taskinstance.py:3132} INFO - Exporting env vars: AIRFLOW_CTX_DAG_OWNER='***' AIRFLOW_CTX_DAG_ID='api_to_postgresql_2' AIRFLOW_CTX_TASK_ID='load_attendance_data' AIRFLOW_CTX_EXECUTION_DATE='2024-11-23T11:09:01.750747+00:00' AIRFLOW_CTX_TRY_NUMBER='2' AIRFLOW_CTX_DAG_RUN_ID='manual__2024-11-23T11:09:01.750747+00:00'
[2024-11-24T04:29:43.116+0000] {logging_mixin.py:190} INFO - Task instance is in running state
[2024-11-24T04:29:43.117+0000] {logging_mixin.py:190} INFO -  Previous state of the Task instance: queued
[2024-11-24T04:29:43.118+0000] {logging_mixin.py:190} INFO - Current task name:load_attendance_data state:running start_date:2024-11-24 04:29:42.907328+00:00
[2024-11-24T04:29:43.118+0000] {logging_mixin.py:190} INFO - Dag name:api_to_postgresql_2 and current dag run status:running
[2024-11-24T04:29:43.118+0000] {taskinstance.py:731} INFO - ::endgroup::
[2024-11-24T04:29:43.132+0000] {base.py:84} INFO - Retrieving connection 'postgres_default_2'
[2024-11-24T04:29:43.255+0000] {python.py:240} INFO - Done. Returned value was: None
[2024-11-24T04:29:43.272+0000] {taskinstance.py:340} INFO - ::group::Post task execution logs
[2024-11-24T04:29:43.273+0000] {taskinstance.py:352} INFO - Marking task as SUCCESS. dag_id=api_to_postgresql_2, task_id=load_attendance_data, run_id=manual__2024-11-23T11:09:01.750747+00:00, execution_date=20241123T110901, start_date=20241124T042942, end_date=20241124T042943
[2024-11-24T04:29:43.287+0000] {logging_mixin.py:190} INFO - Task instance in success state
[2024-11-24T04:29:43.289+0000] {logging_mixin.py:190} INFO -  Previous state of the Task instance: running
[2024-11-24T04:29:43.291+0000] {logging_mixin.py:190} INFO - Dag name:api_to_postgresql_2 queued_at:2024-11-24 04:25:58.322245+00:00
[2024-11-24T04:29:43.293+0000] {logging_mixin.py:190} INFO - Task hostname:91b3e7b0f6a8 operator:_PythonDecoratedOperator
[2024-11-24T04:29:43.320+0000] {local_task_job_runner.py:266} INFO - Task exited with return code 0
[2024-11-24T04:29:43.343+0000] {taskinstance.py:3895} INFO - 0 downstream tasks scheduled from follow-on schedule check
[2024-11-24T04:29:43.347+0000] {local_task_job_runner.py:245} INFO - ::endgroup::
