[2024-11-23T05:32:57.513+0000] {local_task_job_runner.py:123} INFO - ::group::Pre task execution logs
[2024-11-23T05:32:57.529+0000] {taskinstance.py:2613} INFO - Dependencies all met for dep_context=non-requeueable deps ti=<TaskInstance: new_dag.task_2nd scheduled__2024-11-22T00:00:00+00:00 [queued]>
[2024-11-23T05:32:57.537+0000] {taskinstance.py:2613} INFO - Dependencies all met for dep_context=requeueable deps ti=<TaskInstance: new_dag.task_2nd scheduled__2024-11-22T00:00:00+00:00 [queued]>
[2024-11-23T05:32:57.538+0000] {taskinstance.py:2866} INFO - Starting attempt 1 of 1
[2024-11-23T05:32:57.550+0000] {taskinstance.py:2889} INFO - Executing <Task(BashOperator): task_2nd> on 2024-11-22 00:00:00+00:00
[2024-11-23T05:32:57.565+0000] {logging_mixin.py:190} WARNING - /home/***/.local/lib/python3.12/site-packages/***/task/task_runner/standard_task_runner.py:70 DeprecationWarning: This process (pid=56464) is multi-threaded, use of fork() may lead to deadlocks in the child.
[2024-11-23T05:32:57.565+0000] {standard_task_runner.py:104} INFO - Running: ['***', 'tasks', 'run', 'new_dag', 'task_2nd', 'scheduled__2024-11-22T00:00:00+00:00', '--job-id', '6', '--raw', '--subdir', 'DAGS_FOLDER/new_dag.py', '--cfg-path', '/tmp/tmpapd6fzp2']
[2024-11-23T05:32:57.568+0000] {standard_task_runner.py:72} INFO - Started process 56472 to run task
[2024-11-23T05:32:57.568+0000] {standard_task_runner.py:105} INFO - Job 6: Subtask task_2nd
[2024-11-23T05:32:57.676+0000] {task_command.py:467} INFO - Running <TaskInstance: new_dag.task_2nd scheduled__2024-11-22T00:00:00+00:00 [running]> on host 5da84200f99c
[2024-11-23T05:32:57.817+0000] {taskinstance.py:3132} INFO - Exporting env vars: AIRFLOW_CTX_DAG_OWNER='***' AIRFLOW_CTX_DAG_ID='new_dag' AIRFLOW_CTX_TASK_ID='task_2nd' AIRFLOW_CTX_EXECUTION_DATE='2024-11-22T00:00:00+00:00' AIRFLOW_CTX_TRY_NUMBER='1' AIRFLOW_CTX_DAG_RUN_ID='scheduled__2024-11-22T00:00:00+00:00'
[2024-11-23T05:32:57.820+0000] {logging_mixin.py:190} INFO - Task instance is in running state
[2024-11-23T05:32:57.820+0000] {logging_mixin.py:190} INFO -  Previous state of the Task instance: queued
[2024-11-23T05:32:57.821+0000] {logging_mixin.py:190} INFO - Current task name:task_2nd state:running start_date:2024-11-23 05:32:57.529765+00:00
[2024-11-23T05:32:57.821+0000] {logging_mixin.py:190} INFO - Dag name:new_dag and current dag run status:running
[2024-11-23T05:32:57.822+0000] {taskinstance.py:731} INFO - ::endgroup::
[2024-11-23T05:32:57.824+0000] {subprocess.py:78} INFO - Tmp dir root location: /tmp
[2024-11-23T05:32:57.826+0000] {subprocess.py:88} INFO - Running command: ['/usr/bin/bash', '-c', 'echo this is the second task for this dag']
[2024-11-23T05:32:57.850+0000] {subprocess.py:99} INFO - Output:
[2024-11-23T05:32:57.852+0000] {subprocess.py:106} INFO - this is the second task for this dag
[2024-11-23T05:32:57.853+0000] {subprocess.py:110} INFO - Command exited with return code 0
[2024-11-23T05:32:57.879+0000] {taskinstance.py:340} INFO - ::group::Post task execution logs
[2024-11-23T05:32:57.880+0000] {taskinstance.py:352} INFO - Marking task as SUCCESS. dag_id=new_dag, task_id=task_2nd, run_id=scheduled__2024-11-22T00:00:00+00:00, execution_date=20241122T000000, start_date=20241123T053257, end_date=20241123T053257
[2024-11-23T05:32:57.893+0000] {logging_mixin.py:190} INFO - Task instance in success state
[2024-11-23T05:32:57.894+0000] {logging_mixin.py:190} INFO -  Previous state of the Task instance: running
[2024-11-23T05:32:57.894+0000] {logging_mixin.py:190} INFO - Dag name:new_dag queued_at:2024-11-23 05:32:44.077055+00:00
[2024-11-23T05:32:57.895+0000] {logging_mixin.py:190} INFO - Task hostname:5da84200f99c operator:BashOperator
[2024-11-23T05:32:57.944+0000] {local_task_job_runner.py:266} INFO - Task exited with return code 0
[2024-11-23T05:32:57.975+0000] {taskinstance.py:3895} INFO - 0 downstream tasks scheduled from follow-on schedule check
[2024-11-23T05:32:57.978+0000] {local_task_job_runner.py:245} INFO - ::endgroup::
