[2024-11-23T05:32:55.379+0000] {local_task_job_runner.py:123} INFO - ::group::Pre task execution logs
[2024-11-23T05:32:55.398+0000] {taskinstance.py:2613} INFO - Dependencies all met for dep_context=non-requeueable deps ti=<TaskInstance: new_dag.task_1st manual__2024-11-23T05:32:43.280200+00:00 [queued]>
[2024-11-23T05:32:55.407+0000] {taskinstance.py:2613} INFO - Dependencies all met for dep_context=requeueable deps ti=<TaskInstance: new_dag.task_1st manual__2024-11-23T05:32:43.280200+00:00 [queued]>
[2024-11-23T05:32:55.408+0000] {taskinstance.py:2866} INFO - Starting attempt 1 of 1
[2024-11-23T05:32:55.424+0000] {taskinstance.py:2889} INFO - Executing <Task(BashOperator): task_1st> on 2024-11-23 05:32:43.280200+00:00
[2024-11-23T05:32:55.437+0000] {logging_mixin.py:190} WARNING - /home/***/.local/lib/python3.12/site-packages/***/task/task_runner/standard_task_runner.py:70 DeprecationWarning: This process (pid=56274) is multi-threaded, use of fork() may lead to deadlocks in the child.
[2024-11-23T05:32:55.437+0000] {standard_task_runner.py:104} INFO - Running: ['***', 'tasks', 'run', 'new_dag', 'task_1st', 'manual__2024-11-23T05:32:43.280200+00:00', '--job-id', '3', '--raw', '--subdir', 'DAGS_FOLDER/new_dag.py', '--cfg-path', '/tmp/tmp_57b71du']
[2024-11-23T05:32:55.438+0000] {standard_task_runner.py:72} INFO - Started process 56460 to run task
[2024-11-23T05:32:55.438+0000] {standard_task_runner.py:105} INFO - Job 3: Subtask task_1st
[2024-11-23T05:32:55.505+0000] {task_command.py:467} INFO - Running <TaskInstance: new_dag.task_1st manual__2024-11-23T05:32:43.280200+00:00 [running]> on host 5da84200f99c
[2024-11-23T05:32:55.583+0000] {taskinstance.py:3132} INFO - Exporting env vars: AIRFLOW_CTX_DAG_OWNER='***' AIRFLOW_CTX_DAG_ID='new_dag' AIRFLOW_CTX_TASK_ID='task_1st' AIRFLOW_CTX_EXECUTION_DATE='2024-11-23T05:32:43.280200+00:00' AIRFLOW_CTX_TRY_NUMBER='1' AIRFLOW_CTX_DAG_RUN_ID='manual__2024-11-23T05:32:43.280200+00:00'
[2024-11-23T05:32:55.584+0000] {logging_mixin.py:190} INFO - Task instance is in running state
[2024-11-23T05:32:55.585+0000] {logging_mixin.py:190} INFO -  Previous state of the Task instance: queued
[2024-11-23T05:32:55.585+0000] {logging_mixin.py:190} INFO - Current task name:task_1st state:running start_date:2024-11-23 05:32:55.398990+00:00
[2024-11-23T05:32:55.586+0000] {logging_mixin.py:190} INFO - Dag name:new_dag and current dag run status:running
[2024-11-23T05:32:55.586+0000] {taskinstance.py:731} INFO - ::endgroup::
[2024-11-23T05:32:55.587+0000] {subprocess.py:78} INFO - Tmp dir root location: /tmp
[2024-11-23T05:32:55.589+0000] {subprocess.py:88} INFO - Running command: ['/usr/bin/bash', '-c', 'echo this is the first task for this dag']
[2024-11-23T05:32:55.603+0000] {subprocess.py:99} INFO - Output:
[2024-11-23T05:32:55.607+0000] {subprocess.py:106} INFO - this is the first task for this dag
[2024-11-23T05:32:55.608+0000] {subprocess.py:110} INFO - Command exited with return code 0
[2024-11-23T05:32:55.638+0000] {taskinstance.py:340} INFO - ::group::Post task execution logs
[2024-11-23T05:32:55.638+0000] {taskinstance.py:352} INFO - Marking task as SUCCESS. dag_id=new_dag, task_id=task_1st, run_id=manual__2024-11-23T05:32:43.280200+00:00, execution_date=20241123T053243, start_date=20241123T053255, end_date=20241123T053255
[2024-11-23T05:32:55.656+0000] {logging_mixin.py:190} INFO - Task instance in success state
[2024-11-23T05:32:55.657+0000] {logging_mixin.py:190} INFO -  Previous state of the Task instance: running
[2024-11-23T05:32:55.658+0000] {logging_mixin.py:190} INFO - Dag name:new_dag queued_at:2024-11-23 05:32:43.399986+00:00
[2024-11-23T05:32:55.658+0000] {logging_mixin.py:190} INFO - Task hostname:5da84200f99c operator:BashOperator
[2024-11-23T05:32:55.694+0000] {local_task_job_runner.py:266} INFO - Task exited with return code 0
[2024-11-23T05:32:55.726+0000] {taskinstance.py:3895} INFO - 1 downstream tasks scheduled from follow-on schedule check
[2024-11-23T05:32:55.729+0000] {local_task_job_runner.py:245} INFO - ::endgroup::
